% Edges = 0.1
0 0.1 550165168.8411090374 41751
1 0.10000000149011611938 574809943.62305307388 39725
2 0.10000000149011611938 534456099.22561866045 39451
3 0.10000000149011611938 480997987.77388060093 39076
4 0.10000000149011611938 506553002.26076740026 38336
5 0.10000000149011611938 575956621.82161414623 43997
6 0.10000000149011611938 481127455.20905405283 40892
7 0.10000000149011611938 496398071.64014750719 38618
8 0.10000000149011611938 486665429.22952002287 38024
9 0.10000000149011611938 573054734.41854894161 37926
10 0.10000000149011611938 508445197.06455218792 37966
11 0.10000000149011611938 509750219.75334393978 38017
12 0.10000000149011611938 539723334.7038667202 42505
13 0.10000000149011611938 577696366.07189679146 41902
14 0.10000000149011611938 528450427.27642971277 41143
15 0.10000000149011611938 500167856.36665475368 41020
16 0.10000000149011611938 571167120.40240097046 40440
17 0.10000000149011611938 522640973.69291782379 40335
18 0.10000000149011611938 531721208.57729589939 39593
19 0.10000000149011611938 528149736.44664847851 40361
20 0.10000000149011611938 554478258.00189137459 40239
21 0.10000000149011611938 480136180.73887896538 39237
22 0.10000000149011611938 593662824.00588917732 39476
23 0.10000000149011611938 515316331.12457346916 38882
24 0.10000000149011611938 491139195.02730154991 39070
25 0.10000000149011611938 537669716.41188752651 38448
26 0.10000000149011611938 475853881.18158060312 38870
27 0.10000000149011611938 526169085.5728456974 44216
28 0.10000000149011611938 510414497.15434038639 44858
29 0.10000000149011611938 506892587.65635883808 44687
30 0.10000000149011611938 530600479.83729189634 41321
31 0.10000000149011611938 508668368.46420228481 39966
32 0.10000000149011611938 498268235.93232822418 39105
33 0.10000000149011611938 555616552.32089543343 39481
34 0.10000000149011611938 577298509.73237478733 39266
35 0.10000000149011611938 502711503.64497190714 39737
36 0.10000000149011611938 493218813.93460565805 39598
37 0.10000000149011611938 460034592.24096471071 39707
38 0.10000000149011611938 481812548.90072405338 39196
39 0.10000000149011611938 472208316.18386483192 39107
40 0.10000000149011611938 531536496.91092956066 39089
41 0.10000000149011611938 502239909.71461081505 38528
42 0.10000000149011611938 544011939.89702880383 38811
43 0.10000000149011611938 534233341.02971464396 38210
44 0.10000000149011611938 481588074.3200289607 39255
45 0.10000000149011611938 505407432.39615046978 37876
46 0.10000000149011611938 536425506.70700401068 37990
47 0.10000000149011611938 504529402.27115130424 39082
48 0.10000000149011611938 550182667.84108054638 39145
49 0.10000000149011611938 600577633.90874910355 38101
50 0.10000000149011611938 496873688.89983719587 37824
51 0.10000000149011611938 517862448.03347277641 37842
52 0.10000000149011611938 586480769.26713180542 38565
53 0.10000000149011611938 508800536.67579483986 37997
54 0.10000000149011611938 518129162.87020939589 37938
55 0.10000000149011611938 585318216.10790133476 41672
56 0.10000000149011611938 503177361.62274026871 37663
57 0.10000000149011611938 530609061.19701868296 37414
58 0.10000000149011611938 466764684.08286237717 38063
59 0.10000000149011611938 520318983.42346185446 38274
60 0.10000000149011611938 562422354.11033880711 38280
61 0.10000000149011611938 494953973.63572448492 38009
62 0.10000000149011611938 574373244.6267939806 37636
63 0.10000000149011611938 510118704.96123129129 37787
64 0.10000000149011611938 571510165.46249318123 37963
65 0.10000000149011611938 512455418.59985148907 37579
66 0.10000000149011611938 544299781.35042047501 37674
67 0.10000000149011611938 606723352.58792901039 37641
68 0.10000000149011611938 499144977.35816127062 37298
69 0.10000000149011611938 531451875.5296587348 41903
70 0.10000000149011611938 559491514.42167556286 41630
71 0.10000000149011611938 517849976.69055110216 37821
72 0.10000000149011611938 485078299.53531867266 38142
73 0.10000000149011611938 535139754.50934612751 37938
74 0.10000000149011611938 562900004.09924423695 38172
75 0.10000000149011611938 532911692.39137864113 37809
76 0.10000000149011611938 593398224.65196335316 37712
77 0.10000000149011611938 489726028.43593192101 37745
78 0.10000000149011611938 568233018.905559659 37983
79 0.10000000149011611938 567546605.85827827454 37707
80 0.10000000149011611938 520061273.87055009604 37695
81 0.10000000149011611938 543351466.52833425999 37845
82 0.10000000149011611938 527043591.71123158932 38014
83 0.10000000149011611938 555619824.28519666195 37715
84 0.10000000149011611938 565855781.95991837978 38150
85 0.10000000149011611938 550762443.47736632824 38477
86 0.10000000149011611938 493969738.11111080647 37896
87 0.10000000149011611938 518131768.66807067394 37755
88 0.10000000149011611938 545345939.32134461403 38027
89 0.10000000149011611938 478337795.78655707836 38047
90 0.10000000149011611938 511170837.55363947153 37914
91 0.10000000149011611938 528881603.22252690792 38231
92 0.10000000149011611938 545271460.89775383472 37786
93 0.10000000149011611938 542322135.9367275238 47603
94 0.10000000149011611938 499344079.31047183275 48452
95 0.10000000149011611938 516329565.7657968998 46870
96 0.10000000149011611938 524686920.91471529007 42670
97 0.10000000149011611938 522506641.66289180517 41876
98 0.10000000149011611938 569028838.41197180748 40849
99 0.10000000149011611938 535593399.74917721748 40748
% Edges = 0.25
0 0.25 503398754.223716259 106717
1 0.25 522799585.56538981199 102931
2 0.25 536775399.73239654303 100638
3 0.25 532863117.44840478897 99145
4 0.25 545028391.86992478371 96505
5 0.25 545517253.95898973942 99677
6 0.25 534670325.00373530388 96391
7 0.25 534221410.55966675282 100260
8 0.25 528797657.20817172527 96563
9 0.25 541675542.62808525562 96583
10 0.25 508103010.27517408133 95439
11 0.25 545106981.38985323906 94925
12 0.25 521715647.58153581619 94828
13 0.25 557688777.20372700691 96502
14 0.25 500782476.35241794586 102277
15 0.25 539033011.08722162247 95691
16 0.25 520539060.25560522079 96810
17 0.25 511931815.89521431923 97276
18 0.25 515205166.41671741009 97415
19 0.25 522585228.84823489189 98943
20 0.25 503422751.06618946791 98614
21 0.25 512740239.28417336941 98890
22 0.25 517902405.07121551037 101623
23 0.25 541877745.157797575 114942
24 0.25 525547097.99229115248 101181
25 0.25 544553178.89056789875 100153
26 0.25 495633088.81064575911 99540
27 0.25 515093701.90717160702 99556
28 0.25 527068632.2818903327 97466
29 0.25 496251722.85081201792 107264
30 0.25 562200512.06233346462 107173
31 0.25 527343575.56852966547 102013
32 0.25 487332789.24415367842 101145
33 0.25 498636243.14588862658 104910
34 0.25 522631957.86746066809 99993
35 0.25 474280242.34853976965 100040
36 0.25 503583702.82885110378 98378
37 0.25 514394177.28617364168 98528
38 0.25 579194583.70285058022 98865
39 0.25 490721678.75083488226 105777
40 0.25 508131063.99002844095 99024
41 0.25 562774612.88576161861 98596
42 0.25 532529271.39592915773 97905
43 0.25 530984405.27557349205 98096
44 0.25 529775491.4592821002 99558
45 0.25 495103520.93313622475 98919
46 0.25 531098337.27949786186 99807
47 0.25 521885418.12174361944 98461
48 0.25 494346512.60908645391 115893
49 0.25 474066286.83505982161 103446
50 0.25 528473310.26129198074 100897
51 0.25 554792352.31406199932 100381
52 0.25 516720972.66851896048 100266
53 0.25 541438912.59226226807 97762
54 0.25 587043304.98693835735 97726
55 0.25 507211532.82065939903 96384
56 0.25 515235307.72672313452 99084
57 0.25 512237428.49912595749 96291
58 0.25 495300025.12489551306 95361
59 0.25 536760672.9125238657 100753
60 0.25 569020296.40536212921 96943
61 0.25 481023006.17801678181 110504
62 0.25 530019823.92560720444 107498
63 0.25 533817823.16374307871 103330
64 0.25 526604897.52512538433 108601
65 0.25 533160325.68840652704 99954
66 0.25 507916378.85939502716 100199
67 0.25 465658903.2303172946 99150
68 0.25 558546815.04057705402 99707
69 0.25 529878133.15908396244 98736
70 0.25 546760313.32846045494 99641
71 0.25 539610602.37961280346 98566
72 0.25 538924834.50393009186 97574
73 0.25 530204288.06519287825 111052
74 0.25 525858332.86403727531 107093
75 0.25 505634431.86721384525 100882
76 0.25 568277291.87396669388 100069
77 0.25 497841774.83220982552 99755
78 0.25 515302066.86876028776 98395
79 0.25 520972783.42478561401 95786
80 0.25 517684716.34445047379 96422
81 0.25 557079436.35625290871 97667
82 0.25 517899638.26138240099 96184
83 0.25 484053454.64029669762 96207
84 0.25 518472611.21290302277 99790
85 0.25 501300139.9183807373 96233
86 0.25 517315330.44092690945 95930
87 0.25 537107828.34700298309 95610
88 0.25 515842159.8957349658 95546
89 0.25 544534627.35059440136 96212
90 0.25 506526096.63837718964 103523
91 0.25 491103433.84219533205 96050
92 0.25 466984490.70426696539 96166
93 0.25 487743945.52659767866 109270
94 0.25 509397059.64369392395 105242
95 0.25 504614730.43434637785 102123
96 0.25 563638513.35757684708 101325
97 0.25 504532109.98050272465 101154
98 0.25 575279076.44303488731 113423
99 0.25 530321548.46780413389 110087
% Edges = 0.5
0 0.5 533171370.00120157003 211418
1 0.5 538299372.24808442593 202904
2 0.5 522702755.55977845192 197008
3 0.5 502937058.99106776714 197573
4 0.5 495394944.31962817907 199506
5 0.5 515302634.1752640605 195879
6 0.5 502444272.06103587151 194285
7 0.5 530312715.95855295658 200794
8 0.5 517460303.5420486927 194253
9 0.5 515804354.02815669775 193034
10 0.5 521250129.76264572144 193219
11 0.5 493708106.48928469419 213027
12 0.5 533793808.47114819288 226574
13 0.5 528455421.46955960989 217880
14 0.5 498230696.69411075115 204696
15 0.5 546947425.72752547264 200294
16 0.5 504004512.80690801144 200585
17 0.5 519298122.55641829967 196022
18 0.5 540837497.68197000027 196094
19 0.5 535895645.53170710802 203443
20 0.5 527141861.78416925669 194906
21 0.5 525440152.03772157431 195393
22 0.5 506553823.90390592813 193656
23 0.5 539275794.88309121132 203156
24 0.5 513588816.73606282473 211431
25 0.5 541429519.90832257271 204460
26 0.5 519105466.43750786781 199507
27 0.5 513490958.8047363162 196015
28 0.5 502734230.44116145372 218965
29 0.5 535457691.65254116058 210547
30 0.5 547699127.10381126404 200783
31 0.5 524808286.01967954636 206387
32 0.5 536182250.74646824598 198040
33 0.5 508917497.64363604784 196223
34 0.5 526535774.01331561804 195979
35 0.5 507947819.26767230034 196405
36 0.5 506884522.39354610443 218107
37 0.5 554572978.47726392746 202309
38 0.5 489784961.77844953537 199172
39 0.5 545529628.36828947067 197189
40 0.5 509868286.51561295986 194894
41 0.5 533390123.18479460478 196870
42 0.5 543361206.42978966236 192204
43 0.5 526738051.60970181227 199056
44 0.5 530652212.71876877546 226281
45 0.5 529600918.59136116505 209206
46 0.5 508206971.52189749479 201382
47 0.5 515935880.0858514905 198603
48 0.5 518312499.03298097849 219294
49 0.5 517860609.47730565071 205056
50 0.5 506983261.16896873713 201748
51 0.5 509348208.26796704531 197994
52 0.5 531803467.4594425559 195048
53 0.5 545987676.21237099171 196211
54 0.5 516504202.7653080225 191559
55 0.5 555451861.60726964474 192005
56 0.5 513609774.53676062822 200207
57 0.5 555098070.64191007614 191550
58 0.5 515070526.78735893965 192077
59 0.5 559163530.25552499294 209121
60 0.5 539416463.13135159016 232044
61 0.5 512058260.28201705217 213862
62 0.5 546789901.39779937267 207570
63 0.5 508683258.02551311255 201778
64 0.5 518487604.97174745798 198213
65 0.5 517731947.49628162384 196474
66 0.5 514389640.10093402863 191198
67 0.5 525978808.56955903769 192942
68 0.5 546021171.26165688038 199526
69 0.5 530037379.81609606743 192160
70 0.5 526890952.6870714426 191799
71 0.5 509355963.29175496101 192099
72 0.5 528783755.45002913475 192671
73 0.5 513460814.38574111462 215629
74 0.5 519461757.89580124617 200453
75 0.5 551776390.73542582989 217737
76 0.5 539468894.3390083313 208475
77 0.5 519203625.98995292187 200100
78 0.5 502960000.77658778429 199182
79 0.5 541997378.51883399487 193094
80 0.5 508703585.06676399708 197861
81 0.5 536365342.05469971895 198472
82 0.5 539947422.33677697182 192532
83 0.5 532268299.68744343519 192664
84 0.5 507008729.70837903023 194007
85 0.5 501137616.30672210455 216765
86 0.5 528410260.71800392866 200444
87 0.5 514069821.90709555149 199890
88 0.5 560838644.14460468292 194569
89 0.5 519253328.59317368269 195607
90 0.5 518957814.38454163074 197722
91 0.5 513814517.45099192858 192643
92 0.5 510881408.08177310228 191150
93 0.5 532277970.76811301708 199196
94 0.5 566192834.91628980637 192684
95 0.5 535002807.10657966137 191721
96 0.5 543323726.87646186352 190874
97 0.5 499223114.36563879251 199704
98 0.5 515510467.75812870264 211677
99 0.5 533618928.37209683657 200763
% Edges = 0.75
0 0.75 511264242.91563618183 293294
1 0.75 504513063.72511416674 293119
2 0.75 496257177.97127884626 292919
3 0.75 519667346.59567117691 287311
4 0.75 513976792.96464914083 294419
5 0.75 534906831.57307082415 287324
6 0.75 530282982.34191608429 285400
7 0.75 530001131.55243378878 315177
8 0.75 529066452.95778822899 296286
9 0.75 520886844.65607845783 288506
10 0.75 528256071.07041835785 293608
11 0.75 528699754.92943030596 289535
12 0.75 522292519.07460165024 296557
13 0.75 530106949.01374590397 286814
14 0.75 535603015.52031838894 285562
15 0.75 497637968.23189550638 311374
16 0.75 535778642.93404448032 298920
17 0.75 531248766.29860562086 288389
18 0.75 519575587.50064408779 286756
19 0.75 518307694.9727512002 293973
20 0.75 536979593.21956205368 288745
21 0.75 550119166.82567214966 288935
22 0.75 519990386.41237717867 283382
23 0.75 497460151.84774023294 283606
24 0.75 520673834.76509988308 313284
25 0.75 545402292.13361918926 294546
26 0.75 521860542.89962953329 288234
27 0.75 517743679.201182127 290547
28 0.75 523059376.90278828144 286859
29 0.75 518269314.75218456984 292809
30 0.75 505383980.62262189388 286141
31 0.75 525865959.83505147696 286198
32 0.75 516019427.32005852461 307131
33 0.75 510744962.78142035007 301408
34 0.75 529764342.44513326883 293313
35 0.75 526451768.56399810314 285962
36 0.75 526049265.13976502419 292220
37 0.75 518870635.8863222599 289462
38 0.75 531517208.81212878227 293067
39 0.75 518186661.36504942179 285092
40 0.75 512129220.39104306698 287433
41 0.75 528522692.20297831297 311874
42 0.75 561794118.89693641663 296994
43 0.75 524562818.10323941708 287038
44 0.75 535683516.86781966686 286776
45 0.75 510082124.43712848425 293312
46 0.75 510857813.17880064249 288980
47 0.75 530699254.3062645793 292309
48 0.75 531811197.9309566617 286584
49 0.75 550318785.93985712528 283913
50 0.75 556822635.9553194046 312171
51 0.75 528942757.31709623337 297691
52 0.75 511633905.55139970779 287937
53 0.75 507935159.58475881815 290386
54 0.75 513608431.48914295435 290045
55 0.75 515488404.23934572935 297873
56 0.75 535077416.30164933205 284778
57 0.75 510399371.1105825901 282343
58 0.75 523298481.35632282495 288681
59 0.75 524206876.91965693235 313711
60 0.75 524854233.11619919538 297413
61 0.75 520876854.73213028908 289603
62 0.75 522609787.2759745717 290386
63 0.75 526667044.63704735041 289519
64 0.75 523691388.1598842144 294074
65 0.75 532954883.13305908442 285544
66 0.75 530184833.74450945854 284623
67 0.75 523336659.67449861765 308681
68 0.75 532077986.13140106201 300416
69 0.75 510451561.58641344309 292940
70 0.75 530370692.40617597103 288868
71 0.75 515486545.83062940836 288924
72 0.75 555368956.12651503086 288861
73 0.75 537123076.33768928051 294394
74 0.75 536316051.61543142796 286541
75 0.75 520871232.39464348555 285020
76 0.75 525913350.74511349201 314375
77 0.75 513908546.20527946949 296719
78 0.75 530073583.70500439405 287576
79 0.75 509500964.63869893551 288135
80 0.75 500736615.72247600555 286349
81 0.75 547738985.73156690598 296700
82 0.75 516948917.85007244349 288506
83 0.75 535870707.57573723793 285525
84 0.75 520105886.70968085527 311988
85 0.75 523750975.5236697793 298035
86 0.75 528033514.42838126421 289611
87 0.75 548685773.13365638256 287591
88 0.75 521139301.51462131739 288757
89 0.75 501462308.30478513241 285958
90 0.75 519757544.04563128948 297598
91 0.75 506577941.32212507725 286710
92 0.75 542489085.0632789135 289137
93 0.75 515571203.67129427195 311470
94 0.75 521791421.08836370707 294766
95 0.75 546632241.45870220661 287987
96 0.75 531382202.50180691481 291099
97 0.75 523385694.53321194649 286193
98 0.75 515502366.50064092875 298824
99 0.75 529605670.65972268581 286439
% Edges = 1
0 1 553307647.55437076092 391309
1 1 510923934.96316951513 424649
2 1 519821778.86883467436 395832
3 1 526917000.02067828178 396839
4 1 515473199.55811166763 388303
5 1 545782158.5510174036 399847
6 1 528950991.36330544949 390275
7 1 530904763.56009095907 417836
8 1 549974332.52071249485 400713
9 1 523023026.80025702715 395518
10 1 536245343.5998159647 387192
11 1 526813173.27514070272 395621
12 1 525182748.92420178652 410482
13 1 517198783.82984304428 426673
14 1 527742268.29490375519 408143
15 1 526341216.60790139437 399460
16 1 525949921.26128822565 398129
17 1 549508047.75563442707 413075
18 1 525791197.33015185595 411149
19 1 534442984.96381860971 428676
20 1 544906113.03173804283 408230
21 1 517718149.46600204706 397105
22 1 534009942.49101865292 403025
23 1 530609845.14080488682 425714
24 1 539610493.47838449478 410061
25 1 528199584.98083859682 431905
26 1 510245778.86899441481 409133
27 1 524642056.39715689421 395259
28 1 532251858.42528557777 429103
29 1 505909880.51056116819 420578
30 1 515477726.23506605625 404575
31 1 507282641.77503931522 429279
32 1 531214526.05480486155 409065
33 1 515405690.27906954288 419946
34 1 525026732.90317523479 418218
35 1 522549407.80166256428 408797
36 1 548414046.64563798904 397563
37 1 524240955.90058076382 425440
38 1 515761369.75401103497 424649
39 1 516787712.18110865355 420729
40 1 526848065.64842486382 405892
41 1 526012308.66454434395 406601
42 1 550304592.62689495087 399389
43 1 542123690.68584048748 428646
44 1 521688977.87591141462 440953
45 1 539447881.07887065411 411656
46 1 519053115.59808307886 406421
47 1 540362618.29097187519 405803
48 1 525952471.16559255123 392596
49 1 528965497.35806369781 457495
50 1 515451640.39391463995 428864
51 1 504296810.64636570215 406859
52 1 522051577.21452951431 405215
53 1 526657469.10767805576 404638
54 1 519455217.22499543428 417214
55 1 535589841.49634951353 411366
56 1 521971919.35996794701 432356
57 1 536984986.29978871346 407854
58 1 520137167.73969697952 399528
59 1 532322695.57725387812 406752
60 1 529010068.47177654505 418805
61 1 510178885.37591469288 403276
62 1 526882527.99007827044 429302
63 1 519835173.25444185734 403917
64 1 532237892.36174237728 409945
65 1 523465454.50911664963 418097
66 1 511086575.75250017643 410491
67 1 538048837.92064249516 400154
68 1 509535659.8391019702 424029
69 1 548216646.68723189831 406470
70 1 529757217.05495882034 428868
71 1 526917131.88964790106 411627
72 1 522953803.16819047928 407994
73 1 512082400.29985719919 394050
74 1 537408514.15937912464 423336
75 1 541101346.81852757931 432493
76 1 540606587.04069638252 417773
77 1 518644096.55982071161 407311
78 1 498502996.5817501545 407590
79 1 508504740.66734343767 393091
80 1 527811209.23239636421 435207
81 1 512696669.69400054216 438232
82 1 506563309.8959826231 407406
83 1 534901949.20320850611 401919
84 1 536522762.82252579927 403395
85 1 518150324.06157052517 397335
86 1 521800547.10339206457 459135
87 1 523944177.68311578035 420906
88 1 520617380.87696200609 401531
89 1 523619621.64707398415 398915
90 1 525109586.25204569101 398231
91 1 528557501.19384884834 431971
92 1 531886676.97489070892 432319
93 1 534287053.66089463234 415799
94 1 505786065.67140746117 400508
95 1 517414091.43447822332 395822
96 1 544108114.00230717659 433362
97 1 510282823.18890058994 419194
98 1 533900713.15917360783 426009
99 1 529090124.0621073842 410097
% Edges = 1.25
0 1.25 515171945.17528802156 498101
1 1.25 525677297.27573299408 528371
2 1.25 526791912.56052702665 504973
3 1.25 514212566.46016967297 521003
4 1.25 512984802.99344676733 504829
5 1.25 533442794.42926180363 497698
6 1.25 531067289.30194991827 497294
7 1.25 526746506.33534479141 487979
8 1.25 551410683.55408871174 513406
9 1.25 509742179.94958072901 504145
10 1.25 530956032.3171479702 495753
11 1.25 545901025.75376808643 493703
12 1.25 538530507.05335581303 486757
13 1.25 539730387.04898226261 511367
14 1.25 536119180.34390670061 523490
15 1.25 520028789.80848962069 514238
16 1.25 531390226.71147811413 502230
17 1.25 527815346.90963929892 491660
18 1.25 527207833.16381806135 539672
19 1.25 523975233.98672068119 504328
20 1.25 518985187.22393411398 501491
21 1.25 539932719.69895088673 499823
22 1.25 531524708.19123464823 500897
23 1.25 534152088.09342741966 537242
24 1.25 519817176.07210040092 504493
25 1.25 540187189.03022885323 490976
26 1.25 523207374.9616381526 501272
27 1.25 512164505.14464497566 518797
28 1.25 514221190.67947095633 531436
29 1.25 549024791.19354534149 504053
30 1.25 526369140.25177568197 496661
31 1.25 518549092.51289981604 529744
32 1.25 531656203.25201052427 500526
33 1.25 530209351.87482893467 528924
34 1.25 542263974.68591094017 495612
35 1.25 526245169.85914564133 519992
36 1.25 516136230.76450520754 519349
37 1.25 533761293.64138734341 498286
38 1.25 505798577.08349961042 527622
39 1.25 517860448.56944423914 515421
40 1.25 509534562.7893255353 521034
41 1.25 537247968.78871333599 510717
42 1.25 516378949.09761714935 493031
43 1.25 525673734.300165236 530069
44 1.25 525086258.12118375301 527285
45 1.25 530590411.82764017582 500828
46 1.25 523362137.23146021366 500142
47 1.25 529167328.40697437525 493240
48 1.25 524377622.96221917868 551274
49 1.25 537062890.91904592514 505840
50 1.25 522373818.0240329504 498172
51 1.25 514348332.00936150551 494233
52 1.25 537065316.20420026779 520254
53 1.25 518836490.1938380599 539984
54 1.25 509987922.41486173868 502343
55 1.25 535955328.56618410349 494710
56 1.25 518060032.9156358242 515760
57 1.25 518164968.52781397104 517655
58 1.25 526250461.240709126 536960
59 1.25 509808147.78810554743 498699
60 1.25 526235656.95950210094 506534
61 1.25 519877763.96673846245 527543
62 1.25 519642095.97062569857 521261
63 1.25 506700450.08754694462 525260
64 1.25 536012935.55306565762 492345
65 1.25 528545163.38110226393 535621
66 1.25 508250462.34485548735 511349
67 1.25 510721203.24239814281 520479
68 1.25 523930380.66042387486 509450
69 1.25 506581430.83453077078 531461
70 1.25 541730192.19625389576 517479
71 1.25 525306419.36627012491 497773
72 1.25 520398855.35584497452 519500
73 1.25 525109224.79581195116 543722
74 1.25 526243943.72074979544 519288
75 1.25 533885833.98291301727 510313
76 1.25 503501671.72693645954 492288
77 1.25 533735572.18287068605 539247
78 1.25 508074449.30354130268 540976
79 1.25 536480949.400218606 513225
80 1.25 503214793.04586154222 499666
81 1.25 515662119.59000217915 495790
82 1.25 535870034.79113793373 572200
83 1.25 513187608.52303653955 507738
84 1.25 514926282.28755486012 502296
85 1.25 533313758.50090801716 496289
86 1.25 524254105.3685683012 536353
87 1.25 535984023.63149994612 523065
88 1.25 521690427.55397129059 489250
89 1.25 533128598.18915611506 491418
90 1.25 545965795.94159281254 496274
91 1.25 533215694.18737953901 481412
92 1.25 523532357.72248578072 518212
93 1.25 518481926.15348166227 492465
94 1.25 535532070.13715326786 486302
95 1.25 519949399.11993920803 496207
96 1.25 527146608.15412330627 481672
97 1.25 533316478.82851374149 513585
98 1.25 524086163.49240738153 508127
99 1.25 517796309.54253232479 515611
% Edges = 1.5
0 1.5 534179303.39225065708 601707
1 1.5 529795851.94369864464 584400
2 1.5 517004120.02279478312 630782
3 1.5 513303117.47541600466 605682
4 1.5 521238549.14122867584 588682
5 1.5 532340275.35498976707 601607
6 1.5 515262750.87637686729 642178
7 1.5 527601889.64872896671 616118
8 1.5 518793097.92354989052 598522
9 1.5 523308904.3947327733 609641
10 1.5 536773672.61670619249 625933
11 1.5 531649906.94779074192 630555
12 1.5 511081653.95488113165 597076
13 1.5 516942345.43349707127 620992
14 1.5 544315347.18413126469 601450
15 1.5 529148396.49759161472 615971
16 1.5 525535323.07422298193 605921
17 1.5 536537384.06722795963 621458
18 1.5 531129226.70078766346 603030
19 1.5 514542020.71337068081 591251
20 1.5 514628739.78558236361 653436
21 1.5 535379288.48981058598 613326
22 1.5 529429799.55045509338 601563
23 1.5 526950850.26112771034 595107
24 1.5 538196543.45338404179 667720
25 1.5 528290078.54361772537 610711
26 1.5 516843029.70270502567 594351
27 1.5 523432488.49014514685 627477
28 1.5 534378573.64728415012 617968
29 1.5 537510756.76278340816 612396
30 1.5 529295061.80172914267 595774
31 1.5 518329205.25422650576 616398
32 1.5 522563883.63986724615 588647
33 1.5 512390164.92430669069 619549
34 1.5 537892844.73784708977 614699
35 1.5 515250625.38962882757 599066
36 1.5 534434173.34774714708 600650
37 1.5 504139834.23108035326 613371
38 1.5 511553420.20469069481 630844
39 1.5 516071317.16806191206 598965
40 1.5 535134901.47799289227 599743
41 1.5 540245140.86767435074 600736
42 1.5 520347496.58486819267 652478
43 1.5 512217190.18350738287 595485
44 1.5 522853067.07310694456 592856
45 1.5 525808786.65725058317 624530
46 1.5 533329861.07415449619 634825
47 1.5 537392661.80162262917 596382
48 1.5 535339444.25178766251 601539
49 1.5 515011961.68918669224 634444
50 1.5 508536108.55488741398 629635
51 1.5 542225147.36581540108 600717
52 1.5 536545639.01207214594 637616
53 1.5 511249077.79355883598 615527
54 1.5 549618447.72443950176 596338
55 1.5 532044968.72484946251 632110
56 1.5 518728472.16447526217 640871
57 1.5 539919816.85306513309 598331
58 1.5 532770317.6459518075 586411
59 1.5 512882738.73429113626 647971
60 1.5 519516281.65847593546 601817
61 1.5 525789174.95480149984 588183
62 1.5 526668044.14900618792 587837
63 1.5 505732850.89945292473 618588
64 1.5 541676771.31275486946 601876
65 1.5 522776958.25743180513 586378
66 1.5 530085543.40471416712 593994
67 1.5 534307898.11817771196 581555
68 1.5 535431988.54901725054 619705
69 1.5 526212129.16117936373 583876
70 1.5 516000820.2208173275 616517
71 1.5 504214134.37736964226 593308
72 1.5 541307346.19153535366 616552
73 1.5 539752139.64074575901 612870
74 1.5 534486085.93180543184 605654
75 1.5 512942962.05487602949 593149
76 1.5 515015851.79453796148 584544
77 1.5 523092148.79659485817 656879
78 1.5 509836023.55061626434 609250
79 1.5 527500112.25684994459 599048
80 1.5 524027255.82607746124 596744
81 1.5 523067272.2926068306 656979
82 1.5 523625045.74285101891 608796
83 1.5 510549385.17532593012 595470
84 1.5 546835251.65301322937 624713
85 1.5 536203513.5885027051 620372
86 1.5 523439505.72138208151 622310
87 1.5 524602163.60825061798 600124
88 1.5 516792182.30932712555 632006
89 1.5 535220873.66883343458 599272
90 1.5 524930255.83479326963 627912
91 1.5 526118821.35623925924 632940
92 1.5 540501525.80263316631 615591
93 1.5 525849682.33403551579 597434
94 1.5 524326943.92790085077 605728
95 1.5 504418510.14889770746 658904
96 1.5 523422791.84727299213 606839
97 1.5 527980522.14776659012 596007
98 1.5 520138200.96404188871 610349
99 1.5 505505913.48477900028 640537
% Edges = 1.75
0 1.75 525375196.37746351957 696071
1 1.75 518412015.67320561409 702861
2 1.75 519059636.19824057817 698540
3 1.75 537525568.18059873581 727858
4 1.75 530038760.90516597033 696828
5 1.75 518087377.44251930714 717812
6 1.75 534262120.53121089935 715575
7 1.75 527261870.42246347666 717922
8 1.75 529611365.93973070383 719851
9 1.75 521441290.93282586336 700889
10 1.75 522611853.90146487951 718564
11 1.75 529505017.71208894253 736938
12 1.75 530132072.17936438322 705125
13 1.75 521849491.31463074684 687917
14 1.75 522634772.38510107994 768283
15 1.75 531102435.52560508251 694183
16 1.75 519135857.4379093051 684574
17 1.75 541168513.46306014061 740501
18 1.75 525337603.40668231249 722149
19 1.75 530302144.9556415081 689746
20 1.75 531512010.69509422779 745690
21 1.75 509920493.97084468603 722772
22 1.75 527307370.91527211666 702401
23 1.75 527350277.01284152269 752474
24 1.75 522667459.8191100955 695453
25 1.75 519992880.13146704435 716723
26 1.75 524122215.26879483461 740458
27 1.75 518742667.07940483093 697075
28 1.75 544075409.05298268795 676409
29 1.75 506504816.31801557541 722060
30 1.75 532354370.13418895006 688153
31 1.75 525805175.01759552956 680323
32 1.75 523964701.5638692379 692221
33 1.75 537747603.87291538715 705179
34 1.75 514585967.07627803087 684088
35 1.75 530946486.68583035469 705227
36 1.75 531640263.76919001341 723386
37 1.75 522503841.75510895252 696856
38 1.75 522961121.8668820262 705596
39 1.75 536196081.05134707689 694776
40 1.75 525867331.14864915609 708470
41 1.75 531925240.99726444483 718041
42 1.75 523966370.9877768755 717527
43 1.75 527893000.2538087368 682280
44 1.75 515787355.9228528142 735757
45 1.75 525450343.47133654356 718147
46 1.75 524636153.99985349178 700525
47 1.75 535015874.19509702921 700513
48 1.75 531245651.73582589626 744755
49 1.75 546662893.27910733223 699639
50 1.75 503145520.25012934208 712692
51 1.75 510151514.32829070091 711892
52 1.75 507013128.86868923903 728966
53 1.75 517147565.76769292355 713686
54 1.75 530631730.85486894846 729199
55 1.75 532060935.79570186138 703018
56 1.75 520673793.73791354895 728144
57 1.75 527078623.12431955338 722170
58 1.75 528962003.06862396002 693026
59 1.75 532273370.66802841425 719934
60 1.75 535329943.97274452448 725795
61 1.75 515291569.87845516205 704224
62 1.75 519781316.21755689383 690280
63 1.75 512086437.43622523546 734310
64 1.75 531209652.12701624632 696085
65 1.75 527451488.84851354361 695138
66 1.75 534748036.18414419889 705977
67 1.75 532405996.93499952555 726135
68 1.75 523153313.30296754837 691003
69 1.75 523261773.2809817791 724064
70 1.75 513885592.63933539391 709934
71 1.75 542185682.35959768295 704401
72 1.75 518190082.78215962648 732566
73 1.75 527345078.2651168704 700985
74 1.75 521215217.34307146072 714745
75 1.75 529688253.82053613663 740947
76 1.75 516533690.22643893957 710250
77 1.75 533559780.15015166998 674707
78 1.75 523077158.86987799406 763659
79 1.75 523284782.81492620707 701133
80 1.75 517484320.20717722178 700340
81 1.75 525441337.87357717752 730684
82 1.75 534650844.34988695383 730014
83 1.75 546367735.64380645752 686865
84 1.75 523456384.57035422325 736870
85 1.75 526555929.17340976 723143
86 1.75 519937877.46018660069 695257
87 1.75 539097183.17976939678 719691
88 1.75 533574094.76284480095 702833
89 1.75 518085840.01552194357 709805
90 1.75 520032932.42528390884 688901
91 1.75 501021403.71030849218 689360
92 1.75 525943592.69013983011 677724
93 1.75 522119088.86701750755 713514
94 1.75 536354672.0762283206 682290
95 1.75 514465866.77888023853 681345
96 1.75 550723476.94166994095 696295
97 1.75 525811875.72511780262 737401
98 1.75 524946472.30485928059 695061
99 1.75 549616251.2944175005 700713
% Edges = 2
0 2 517335579.20630258322 853729
1 2 529045164.96908414364 831945
2 2 515794114.41704112291 866566
3 2 534434063.88726860285 849351
4 2 519461129.62031602859 878817
5 2 515857159.69407629967 881806
6 2 524082467.55242586136 859742
7 2 537891340.75367474556 903412
8 2 527801037.4751996398 851170
9 2 528076144.28509867191 862904
10 2 525639942.52555441856 901513
11 2 526416327.21734708548 836199
12 2 528353175.64969336987 873891
13 2 534609958.65292739868 873061
14 2 519537175.71604239941 850839
15 2 518406506.13216286898 875731
16 2 538660751.60967421532 862146
17 2 539877022.27462077141 866924
18 2 514541596.16042709351 839371
19 2 522774852.81257396936 867666
20 2 531117938.99615478516 856745
21 2 526751987.16639149189 837580
22 2 542017583.7313811779 890937
23 2 537852519.53627371788 850253
24 2 533229877.72766530514 857637
25 2 531440930.73615151644 904026
26 2 521148626.63098311424 853199
27 2 521801850.88160145283 873777
28 2 500297171.60871946812 879940
29 2 514182757.08878993988 859248
30 2 517758755.26445603371 875101
31 2 518192550.2987690568 861031
32 2 518468178.52969419956 893932
33 2 523576041.45196586847 851989
34 2 514376939.0321804285 846504
35 2 524284927.25794386864 904743
36 2 522760936.28185671568 846961
37 2 521247609.41540849209 878274
38 2 510703247.33302795887 875266
39 2 537116372.16370487213 844300
40 2 516643234.68372970819 864246
41 2 532959192.59629440308 871375
42 2 521453447.71715581417 831663
43 2 514984072.49854296446 834079
44 2 526329050.84252935648 867388
45 2 525771359.73335844278 855638
46 2 556051409.43358981609 841190
47 2 528773674.70971727371 895070
48 2 528933932.78165322542 846537
49 2 541388874.58782219887 831890
50 2 529593056.47564280033 893986
51 2 517249518.80023813248 847509
52 2 518645041.0186855793 862460
53 2 531689754.91117358208 891482
54 2 528459487.32123523951 848308
55 2 532723122.0274631381 890375
56 2 542521322.08513772488 871068
57 2 514903661.9552026391 868025
58 2 528984416.75145411491 856310
59 2 533347317.20671015978 833887
60 2 522899775.11390548944 903497
61 2 534000786.69284749031 846678
62 2 521935498.61691474915 854378
63 2 527380460.570525527 891464
64 2 512706424.12574404478 836649
65 2 520346238.00230318308 877234
66 2 509575103.02463507652 871923
67 2 532607209.6348387599 848369
68 2 541427883.37493884563 841815
69 2 540573372.5437079668 872066
70 2 525660262.15745389462 865604
71 2 545738724.9991902113 847311
72 2 532026977.82521128654 893502
73 2 516948070.24582725763 854250
74 2 532865546.00542068481 836212
75 2 530182073.00613343716 906098
76 2 532995851.00474131107 851703
77 2 527988824.56102156639 851135
78 2 539624602.78528130054 895620
79 2 517692856.26406031847 844040
80 2 529356637.50294196606 875089
81 2 531136076.53212809563 871914
82 2 530151640.35962152481 860034
83 2 511889756.69492661953 871949
84 2 518111206.50868082047 867016
85 2 535311792.10990852118 898004
86 2 533037363.36897236109 847726
87 2 516522459.62343794107 865186
88 2 531005107.7930830121 875307
89 2 532714763.97543424368 835736
90 2 518273893.93182712793 847628
91 2 535622077.29352623224 846919
92 2 526801490.81377452612 834597
93 2 527475336.92200875282 854207
94 2 529774730.28813815117 879188
95 2 521761577.76043945551 860058
96 2 516729643.08604359627 846029
97 2 542673056.47958993912 882750
98 2 523733481.41535949707 865463
99 2 516520419.92190468311 846289
% Edges = 2.25
0 2.25 525700759.13599401712 1009924
1 2.25 526001093.15783292055 944501
2 2.25 520802109.70743376017 958346
3 2.25 521863807.52661883831 998432
4 2.25 535938590.9491584897 957619
5 2.25 523298033.30193459988 993940
6 2.25 529993548.14912164211 964163
7 2.25 505453347.03597694635 987659
8 2.25 535392596.03790152073 965456
9 2.25 518521452.70606172085 988979
10 2.25 518511330.49839919806 944816
11 2.25 514371547.78400963545 993977
12 2.25 517519550.30529040098 957210
13 2.25 537186989.64207339287 946392
14 2.25 532102822.30721759796 990784
15 2.25 525926491.72838509083 941103
16 2.25 514764000.57015687227 966005
17 2.25 522298450.31576061249 973268
18 2.25 513785746.82616996765 967996
19 2.25 513768652.78305453062 963129
20 2.25 528148917.22530007362 976643
21 2.25 515390997.83935689926 961735
22 2.25 524214184.56977587938 973175
23 2.25 525072840.36237615347 974677
24 2.25 509613692.59458673 936955
25 2.25 523907665.94334471226 1009765
26 2.25 521755506.12273716927 942311
27 2.25 532791200.78962343931 983534
28 2.25 527748867.54629999399 964394
29 2.25 527437257.20099645853 976999
30 2.25 519942431.74304586649 993923
31 2.25 527798301.55303555727 949252
32 2.25 521594622.60444432497 957197
33 2.25 517459557.29292684793 962992
34 2.25 510753530.82035571337 925706
35 2.25 525644090.02614593506 921216
36 2.25 520022804.76415514946 986996
37 2.25 527237443.0697568655 947796
38 2.25 528913867.16605436802 944300
39 2.25 525555478.15101969242 988704
40 2.25 507726515.07873123884 943839
41 2.25 514562316.04764771461 992852
42 2.25 521937999.96030598879 962394
43 2.25 530727914.07684183121 983504
44 2.25 524683245.70247262716 975125
45 2.25 516974474.98422181606 988417
46 2.25 523397611.4087254405 950411
47 2.25 505777742.64134806395 999254
48 2.25 532938169.96970742941 959276
49 2.25 524058881.64368355274 942233
50 2.25 535361947.71485561132 1009880
51 2.25 515946981.36043894291 949512
52 2.25 536625729.57143259048 981502
53 2.25 528895694.45519292355 980409
54 2.25 521852179.40953284502 990481
55 2.25 522819512.05391037464 938260
56 2.25 533768620.32593148947 989120
57 2.25 521564725.12778300047 965783
58 2.25 515323414.39192533493 956464
59 2.25 534129171.30677896738 996909
60 2.25 531120735.27322167158 961314
61 2.25 531339267.19894230366 970805
62 2.25 532731569.80066025257 969316
63 2.25 522365725.01094424725 999148
64 2.25 524273876.21042919159 940061
65 2.25 518140654.05870819092 1000842
66 2.25 537171053.6275447607 967993
67 2.25 527064357.33233249187 954625
68 2.25 531412615.883893013 994219
69 2.25 519506749.07298642397 964395
70 2.25 521090246.52436006069 982683
71 2.25 518548767.41688328981 966140
72 2.25 530152779.8835273385 1010495
73 2.25 524408580.33353984356 935358
74 2.25 510548243.97951513529 1010017
75 2.25 522988579.89798432589 957371
76 2.25 524474537.34418660402 928123
77 2.25 510379645.34937644005 962020
78 2.25 519188488.1707380414 953494
79 2.25 524401683.0319340229 959213
80 2.25 529556448.28691196442 959141
81 2.25 524835957.58580952883 975652
82 2.25 516783757.92965811491 940567
83 2.25 536014987.25123894215 978837
84 2.25 518053392.92934668064 973763
85 2.25 530848437.3748499155 964463
86 2.25 523014776.30243086815 971006
87 2.25 529622238.42897933722 972506
88 2.25 521545140.84004247189 969142
89 2.25 522653810.45534557104 940338
90 2.25 534563885.56209719181 1016871
91 2.25 524329112.23961383104 947814
92 2.25 535061496.45398437977 966609
93 2.25 525566144.47385686636 991418
94 2.25 525139648.31990104914 964561
95 2.25 538078147.32806456089 957501
96 2.25 523866110.08151739836 997527
97 2.25 512600704.99026113749 958673
98 2.25 535103897.82647132874 930049
99 2.25 531270340.90375345945 1009323
% Edges = 2.5
0 2.5 524591806.91577243805 1033516
1 2.5 530990560.74337154627 1059056
2 2.5 535108705.71455276012 1093054
3 2.5 513388327.62078350782 1078584
4 2.5 520845183.43718612194 1065572
5 2.5 522098302.30504387617 1095343
6 2.5 539406892.98236894608 1033338
7 2.5 518500159.00933045149 1116421
8 2.5 525290954.4573367238 1052015
9 2.5 539233975.69686830044 1074170
10 2.5 524422805.29377943277 1092704
11 2.5 517481485.44295233488 1102068
12 2.5 527618133.2524009347 1046445
13 2.5 521569969.24564892054 1120304
14 2.5 524416099.95711040497 1040697
15 2.5 531159682.96897339821 1111195
16 2.5 519687366.99690371752 1055387
17 2.5 540848582.17129409313 1024017
18 2.5 540984674.63722527027 1072355
19 2.5 528753643.39393091202 1059513
20 2.5 529561097.69648128748 1033044
21 2.5 519993835.63209474087 1102734
22 2.5 530918156.8063300252 1057099
23 2.5 519265894.31153964996 1089883
24 2.5 533885713.82402944565 1078321
25 2.5 516631998.37581706047 1071830
26 2.5 528417995.35746204853 1091627
27 2.5 522412722.01691424847 1077675
28 2.5 523833559.63550037146 1048892
29 2.5 524755829.92568141222 1112997
30 2.5 519040347.09380042553 1055567
31 2.5 530345929.31793314219 1071088
32 2.5 504151754.19123053551 1110586
33 2.5 527518878.89393812418 1083654
34 2.5 531604842.30706107616 1074220
35 2.5 521682193.17613059282 1104022
36 2.5 531199892.71571135521 1046894
37 2.5 511965040.06547927856 1090397
38 2.5 516384396.82269757986 1056161
39 2.5 540178636.24982154369 1049244
40 2.5 530314769.18229979277 1092343
41 2.5 507992097.54114097357 1069895
42 2.5 514003192.00663232803 1052686
43 2.5 526943893.13726902008 1109513
44 2.5 526978081.67238837481 1056183
45 2.5 521464629.83852773905 1073353
46 2.5 517833214.124099195 1098588
47 2.5 529832328.50898754597 1062702
48 2.5 522919572.77804780006 1107565
49 2.5 534349688.04034173489 1078741
50 2.5 525546710.53422510624 1065943
51 2.5 529501623.30618005991 1111625
52 2.5 523905024.19622117281 1082654
53 2.5 525761631.99190294743 1039233
54 2.5 520993968.52590417862 1104223
55 2.5 523611673.90540319681 1035062
56 2.5 521984458.69638454914 1059295
57 2.5 522845326.31572550535 1053584
58 2.5 525518379.72903525829 1024611
59 2.5 529014679.13245660067 1080532
60 2.5 513226104.36429160833 1057108
61 2.5 523529690.73423576355 1042837
62 2.5 515141773.17778974771 1095615
63 2.5 519816086.15325027704 1062937
64 2.5 511801009.68992006779 1052457
65 2.5 537012951.86204242706 1119919
66 2.5 525134575.05973738432 1069748
67 2.5 538109565.04625785351 1098629
68 2.5 513713668.22573679686 1073019
69 2.5 532285563.35221123695 1066080
70 2.5 520847398.89624106884 1093820
71 2.5 519290833.67424482107 1093218
72 2.5 520088274.71693587303 1045990
73 2.5 522213148.37813180685 1123097
74 2.5 510089032.60877078772 1051253
75 2.5 527681360.98868983984 1080372
76 2.5 516152886.54463529587 1098208
77 2.5 511585926.71751469374 1070667
78 2.5 529877889.17000162601 1060354
79 2.5 521721611.07710134983 1113549
80 2.5 524978203.19237875938 1047318
81 2.5 528952679.86470752954 1120958
82 2.5 526937120.41297918558 1062525
83 2.5 543506635.59025490284 1088941
84 2.5 531905760.05714613199 1093180
85 2.5 525742082.77679246664 1103723
86 2.5 531761935.90945088863 1029845
87 2.5 520098401.8550619483 1136488
88 2.5 519258923.55329197645 1045409
89 2.5 528191032.25827652216 1138960
90 2.5 517553452.3504087925 1079636
91 2.5 529738234.68023878336 1093343
92 2.5 515782289.04592007399 1097597
93 2.5 532576561.07678329945 1058427
94 2.5 510522820.74291115999 1035430
95 2.5 523402410.29709386826 1076695
96 2.5 526318632.13412350416 1040297
97 2.5 522111968.30818629265 1068758
98 2.5 526146401.28877240419 1068498
99 2.5 518527409.73559397459 1044410
% Edges = 2.75
0 2.75 525582358.244371593 1206698
1 2.75 525818605.27250230312 1150441
2 2.75 515075144.29455852509 1163505
3 2.75 530983088.03192520142 1191371
4 2.75 521469603.19830584526 1169006
5 2.75 522709010.32426190376 1168733
6 2.75 529955870.40749174356 1173136
7 2.75 540654961.65354382992 1135247
8 2.75 523465758.63968789577 1205789
9 2.75 525881419.66337507963 1144540
10 2.75 523809690.25999820232 1171662
11 2.75 528546090.46288019419 1179659
12 2.75 522287548.51517444849 1131137
13 2.75 520536209.76836794615 1202912
14 2.75 518121664.19851243496 1129749
15 2.75 530014730.56453728676 1186622
16 2.75 523259616.12443417311 1168077
17 2.75 524644459.23044502735 1142031
18 2.75 517428161.52787345648 1209965
19 2.75 532480312.57943719625 1147826
20 2.75 523683095.72832477093 1191784
21 2.75 529266668.27074736357 1179255
22 2.75 516088343.95457202196 1183759
23 2.75 532094528.48705792427 1180988
24 2.75 523362493.97663730383 1175274
25 2.75 531588608.49497294426 1153324
26 2.75 525839772.53011107445 1186666
27 2.75 517582228.1704429388 1142411
28 2.75 533046535.57526379824 1171665
29 2.75 533445010.26000225544 1120270
30 2.75 521537478.75079143047 1107371
31 2.75 535398597.91427773237 1172899
32 2.75 532694763.993083179 1118409
33 2.75 516640137.546431005 1175122
34 2.75 519618776.93684762716 1118588
35 2.75 518874434.29796391726 1140208
36 2.75 515775752.94305753708 1179670
37 2.75 524498300.75140148401 1165313
38 2.75 515971454.25682836771 1171347
39 2.75 523581745.54039156437 1159232
40 2.75 510180541.39757984877 1138072
41 2.75 527317363.76505035162 1191616
42 2.75 525669157.06529229879 1155509
43 2.75 525617189.62503683567 1183235
44 2.75 521881349.76619637012 1173775
45 2.75 533496171.36023932695 1123153
46 2.75 523689432.18313920498 1209660
47 2.75 517280035.73266690969 1119838
48 2.75 517816008.47408866882 1170205
49 2.75 525419244.19750654697 1149554
50 2.75 511648683.6600497365 1159814
51 2.75 522851894.79508316517 1180981
52 2.75 533391312.6082894206 1150098
53 2.75 520865253.83269447088 1130121
54 2.75 518872428.79960638285 1215400
55 2.75 528017978.90021795034 1147764
56 2.75 528869128.55478614569 1189121
57 2.75 521051000.89024680853 1162554
58 2.75 528660068.90600240231 1125642
59 2.75 526609616.60488420725 1217851
60 2.75 515631871.83422791958 1118821
61 2.75 519969315.02722632885 1210625
62 2.75 519112241.72534894943 1116582
63 2.75 518312000.80865305662 1147608
64 2.75 518835741.79159659147 1160618
65 2.75 518125345.33949273825 1100977
66 2.75 527616574.13571798801 1140587
67 2.75 509770600.08557242155 1116454
68 2.75 524092460.60017961264 1101611
69 2.75 529705303.48607379198 1169658
70 2.75 516336193.04444813728 1125089
71 2.75 531954559.12058466673 1167078
72 2.75 512346040.69493716955 1160038
73 2.75 523057697.05952012539 1126891
74 2.75 519651691.73239409924 1182671
75 2.75 524176648.66820454597 1131680
76 2.75 528012276.17886602879 1167262
77 2.75 524649720.77229762077 1150023
78 2.75 533932454.86367970705 1148880
79 2.75 521573973.57536274195 1172423
80 2.75 531373652.46526831388 1166683
81 2.75 527039122.22956413031 1123704
82 2.75 521318733.14320135117 1203126
83 2.75 524333244.50671339035 1119374
84 2.75 523913910.75286257267 1177240
85 2.75 523497824.88723385334 1138597
86 2.75 522583961.67697393894 1126284
87 2.75 533023375.27912217379 1182531
88 2.75 525087590.19245451689 1132342
89 2.75 534046914.21077340841 1172605
90 2.75 514271074.59125548601 1161249
91 2.75 535690955.50499546528 1146629
92 2.75 515432464.29744315147 1173682
93 2.75 524442032.52061969042 1163619
94 2.75 517346489.69637668133 1135081
95 2.75 538446364.38980317116 1194043
96 2.75 533295289.85716205835 1104696
97 2.75 521385977.19059479237 1208911
98 2.75 509254838.08883744478 1126543
99 2.75 522681126.50251424313 1158027
% Edges = 3
0 3 521288828.71140813828 1245260
1 3 521392120.07520997524 1211612
2 3 519211307.55638313293 1260286
3 3 518948521.94627726078 1214034
4 3 529672230.01743930578 1282886
5 3 517626597.44649207592 1236318
6 3 527721701.0099273324 1301474
7 3 517784607.97370839119 1281351
8 3 517030036.18832331896 1264990
9 3 527007832.15567314625 1311470
10 3 527743978.46396678686 1238020
11 3 529027515.69012016058 1312109
12 3 530776414.80420827866 1248851
13 3 537009306.10375082493 1308248
14 3 519908172.88953870535 1296921
15 3 521622810.30993670225 1240373
16 3 517444888.90716099739 1308176
17 3 531841906.77705276012 1242823
18 3 526097328.95952963829 1298766
19 3 527047525.88846325874 1275973
20 3 522519712.50528228283 1250408
21 3 535698481.14123117924 1315178
22 3 536469432.34100240469 1240737
23 3 525604186.30889379978 1319465
24 3 522296861.83541977406 1251049
25 3 521644344.22724455595 1278092
26 3 522501101.55105471611 1324091
27 3 528818420.74818217754 1233985
28 3 524632549.72492980957 1328784
29 3 522950391.71819078922 1248527
30 3 536128664.90746414661 1285057
31 3 524603912.47103369236 1295918
32 3 520018054.85650724173 1225524
33 3 527075888.55831581354 1272549
34 3 537104955.58684277534 1215386
35 3 523933705.83386486769 1219127
36 3 518491906.8573500514 1265371
37 3 521025170.45736730099 1256697
38 3 524421368.40864557028 1324427
39 3 526085715.7123901248 1253849
40 3 519556907.93793046474 1325179
41 3 522549576.26413309574 1274435
42 3 520394292.96352535486 1288130
43 3 524943391.9340762496 1323816
44 3 509492106.83940058947 1247726
45 3 531820621.02042818069 1339917
46 3 516167930.52808392048 1256892
47 3 519601515.21589165926 1309264
48 3 525542757.4673101306 1295911
49 3 531253371.24772357941 1261182
50 3 518631442.22560656071 1316434
51 3 526230806.76399636269 1251861
52 3 523086546.850918293 1289246
53 3 515939634.16027492285 1319579
54 3 519606574.07805132866 1273563
55 3 537219168.78206777573 1334905
56 3 524121383.84288954735 1252673
57 3 510888325.62048864365 1342929
58 3 535528783.84392875433 1293027
59 3 531786885.23401856422 1276788
60 3 512166373.69038182497 1337686
61 3 523570563.48405277729 1254857
62 3 520848728.25750499964 1347101
63 3 520846176.76816213131 1261326
64 3 507979751.99621170759 1274027
65 3 527624847.26486116648 1263292
66 3 535475648.85617995262 1223531
67 3 519198236.44013994932 1272096
68 3 519170734.99141722918 1233908
69 3 533501994.45371639729 1267290
70 3 527849300.6968433857 1302849
71 3 525031570.01826310158 1237193
72 3 533432191.14567297697 1321379
73 3 528329077.93801635504 1241492
74 3 528441449.17988741398 1308627
75 3 526235128.52277112007 1272374
76 3 526995973.15377318859 1255586
77 3 526448015.68746805191 1330734
78 3 514323424.66810947657 1237916
79 3 537397670.2195391655 1342753
80 3 533692640.53969591856 1267447
81 3 525259913.43049389124 1270019
82 3 521419062.37671965361 1315219
83 3 521193045.76144862175 1247214
84 3 520118323.02527880669 1326728
85 3 516742131.70713025331 1253869
86 3 520585011.70193946362 1285218
87 3 531345277.23980027437 1313457
88 3 518607430.56590342522 1251301
89 3 528332915.86244398355 1336720
90 3 511061868.20270448923 1265745
91 3 518801395.87885832787 1306085
92 3 521322551.15825647116 1313687
93 3 520365957.53321629763 1256837
94 3 539032414.24058270454 1329105
95 3 522130894.17282223701 1238900
96 3 534629506.87149518728 1302858
97 3 521337917.10490638018 1232950
98 3 525924347.25677484274 1225292
99 3 519152281.52692753077 1272814
% Edges = 3.5
0 3.5 522502992.3355410099 1424242
1 3.5 530136457.38166093826 1475270
2 3.5 521456353.20129781961 1426349
3 3.5 527824422.50715696812 1499199
4 3.5 518837679.15139621496 1456162
5 3.5 525132406.62217074633 1530680
6 3.5 534885604.93860512972 1487428
7 3.5 527451072.2490837574 1518279
8 3.5 526534439.43851161003 1482406
9 3.5 524360034.27421408892 1529316
10 3.5 524752887.12647658587 1479381
11 3.5 528669421.89197969437 1505332
12 3.5 521476129.01633012295 1486064
13 3.5 525116342.50930184126 1485892
14 3.5 519488116.54606217146 1484234
15 3.5 535274836.36417740583 1483254
16 3.5 523506082.39392453432 1518761
17 3.5 517047390.26098811626 1481689
18 3.5 534481057.24932199717 1512192
19 3.5 521804306.00976908207 1495215
20 3.5 522195881.27197527885 1546559
21 3.5 525199668.54498314857 1465265
22 3.5 533072685.78431075811 1543559
23 3.5 519617596.45450013876 1500222
24 3.5 529717423.82979559898 1503081
25 3.5 519034754.58957755566 1446430
26 3.5 522878491.03823429346 1470331
27 3.5 524009019.33435916901 1418891
28 3.5 532192546.34414923191 1466105
29 3.5 515810329.26575571299 1425695
30 3.5 534258530.77032089233 1488251
31 3.5 517279088.74656528234 1451871
32 3.5 517495336.72840815783 1519710
33 3.5 518503128.69641876221 1493604
34 3.5 526529379.39588117599 1483266
35 3.5 519678211.03265333176 1505880
36 3.5 513422308.95216476917 1493056
37 3.5 529887998.47258234024 1495427
38 3.5 530158534.45458590984 1484445
39 3.5 514221697.13627654314 1502318
40 3.5 527944770.32360464334 1460681
41 3.5 527907280.01994305849 1500692
42 3.5 511444355.80740612745 1478763
43 3.5 523111788.35843646526 1519074
44 3.5 518765374.55439186096 1456854
45 3.5 526947735.83502918482 1532929
46 3.5 520065940.86312109232 1478272
47 3.5 532829987.74622946978 1509917
48 3.5 534963749.47724497318 1504558
49 3.5 518034760.77709144354 1522814
50 3.5 518075478.70386570692 1456063
51 3.5 534653187.95072168112 1535439
52 3.5 522215151.29679489136 1476579
53 3.5 529535815.44568818808 1477758
54 3.5 528201372.25631475449 1434331
55 3.5 518919682.00978314877 1439729
56 3.5 526019360.5640861392 1446851
57 3.5 514549711.63005673885 1414243
58 3.5 528693070.05218446255 1466839
59 3.5 515686731.69577509165 1431074
60 3.5 521774733.98964565992 1486210
61 3.5 524467686.79561161995 1477300
62 3.5 516347072.61705517769 1523913
63 3.5 531269414.8813008666 1451886
64 3.5 530027418.79315233231 1512697
65 3.5 519959570.36630743742 1492235
66 3.5 522315573.01691389084 1521027
67 3.5 525569521.49723529816 1468174
68 3.5 517396676.2850036025 1516763
69 3.5 528678952.38772112131 1476022
70 3.5 531392692.84152841568 1505171
71 3.5 521257555.45470154285 1464258
72 3.5 532782882.73992884159 1515481
73 3.5 521467893.2273132205 1462390
74 3.5 534448115.50470125675 1484540
75 3.5 519128214.04634094238 1513376
76 3.5 531192845.09135079384 1487064
77 3.5 517932269.80795419216 1486976
78 3.5 522251753.7369940877 1476270
79 3.5 526164324.24028104544 1525328
80 3.5 527770184.34791725874 1444638
81 3.5 525621372.66939795017 1506350
82 3.5 518195429.49408107996 1412330
83 3.5 531069123.6906504035 1467548
84 3.5 531845372.66617071629 1406189
85 3.5 521681074.84803825617 1472455
86 3.5 530064046.40512126684 1427407
87 3.5 529551382.72014600039 1475545
88 3.5 527414907.92396354675 1487986
89 3.5 524416931.47494214773 1510248
90 3.5 518070945.21125727892 1459566
91 3.5 533616688.08645164967 1528672
92 3.5 522038592.10725927353 1464780
93 3.5 520077078.99975377321 1473850
94 3.5 510297633.43586742878 1501744
95 3.5 532187646.59189677238 1489947
96 3.5 517475230.5324768424 1474169
97 3.5 524997371.0330503583 1443738
98 3.5 522226587.34399324656 1504204
99 3.5 525081193.28186297417 1458620
% Edges = 4
0 4 521366195.65850681067 1736503
1 4 534566458.12314808369 1741089
2 4 517428617.65670961142 1759351
3 4 530543213.73994624615 1727753
4 4 537794266.55823171139 1722160
5 4 525130486.76188868284 1757071
6 4 525380361.88928872347 1725933
7 4 517539651.01632559299 1754337
8 4 529390505.98517793417 1645278
9 4 526249232.14260387421 1687673
10 4 526727059.74477171898 1635743
11 4 523922146.05910772085 1694371
12 4 529886895.06974852085 1636947
13 4 538227336.46765851974 1682814
14 4 527450776.84837341309 1644510
15 4 523167647.48210680485 1675751
16 4 516883024.34191280603 1752110
17 4 520271457.01848548651 1701929
18 4 522336780.59616720676 1759502
19 4 525431472.78852140903 1674825
20 4 530313894.30568856001 1744871
21 4 519234228.6046307683 1707840
22 4 514048070.18329787254 1745530
23 4 531981181.9263343215 1672979
24 4 525774475.55064916611 1750647
25 4 518539731.63885807991 1688894
26 4 519751930.34497910738 1723896
27 4 527429787.47293120623 1743551
28 4 522465791.22883504629 1733187
29 4 516266900.57727831602 1742687
30 4 526549704.19033592939 1703020
31 4 533263760.0997838378 1735436
32 4 519769389.5630453825 1705296
33 4 522004342.79264360666 1736253
34 4 522779569.6873678565 1636377
35 4 522200616.51351970434 1686763
36 4 529777486.14256376028 1629446
37 4 523526739.78299182653 1679730
38 4 523079793.97746002674 1628445
39 4 525495586.81958442926 1683021
40 4 533870246.51745927334 1643239
41 4 525457678.28362101316 1735803
42 4 523529910.93778443336 1714093
43 4 518848576.56515830755 1738439
44 4 527172125.71159392595 1706172
45 4 522180167.29458928108 1745327
46 4 532900040.66672879457 1710771
47 4 521556580.04588663578 1706627
48 4 522009734.32451999187 1700196
49 4 527416350.61731028557 1718057
50 4 524299088.05614084005 1719937
51 4 536298822.42785465717 1691262
52 4 523074189.25515013933 1725034
53 4 517444494.09600740671 1726780
54 4 512571790.97581601143 1754740
55 4 523491466.63615959883 1708498
56 4 520882280.04465311766 1730973
57 4 518773994.1860691905 1686782
58 4 525993720.59571957588 1711802
59 4 514058277.43105638027 1633600
60 4 519984467.62993550301 1672964
61 4 516328362.30931776762 1631956
62 4 519649808.70049643517 1678885
63 4 519224189.14736878872 1619026
64 4 518565038.34980744123 1717281
65 4 524535968.17261499166 1704658
66 4 524682195.1216558814 1730881
67 4 528296367.13469773531 1700323
68 4 522496885.80581599474 1751688
69 4 520009517.6560331583 1689290
70 4 528731147.67659759521 1740510
71 4 525853804.17763626575 1658757
72 4 529025996.47175443172 1714813
73 4 524121726.36777275801 1666829
74 4 522590802.61540287733 1745539
75 4 514897296.71980053186 1676175
76 4 532310464.45626914501 1727254
77 4 522433511.62815225124 1701575
78 4 522673631.35752052069 1752849
79 4 522439085.27353358269 1684397
80 4 525382314.09763175249 1715596
81 4 516177086.08999282122 1685390
82 4 519182063.44798147678 1720325
83 4 525893532.80879461765 1647361
84 4 522818441.61082130671 1667788
85 4 525121784.30943667889 1631252
86 4 522730845.61367166042 1673696
87 4 517280566.5790553689 1637582
88 4 523313023.29178422689 1663607
89 4 523339968.42518937588 1649072
90 4 518423320.53193473816 1659734
91 4 519764770.64957118034 1680108
92 4 517100437.96081584692 1727071
93 4 519200230.04628998041 1726149
94 4 523255997.05880850554 1702468
95 4 533634003.41572636366 1734205
96 4 532582375.46833509207 1700659
97 4 526210037.55835533142 1725551
98 4 521544842.49446976185 1688972
99 4 533351851.84952127934 1727676
% Edges = 4.5
0 4.5 527642225.77099186182 1886865
1 4.5 520954468.30221796036 1939773
2 4.5 522452059.26387232542 1879399
3 4.5 532739007.54302370548 1946786
4 4.5 517463135.31589370966 1896567
5 4.5 522223486.76642876863 1934479
6 4.5 522169013.23889279366 1962926
7 4.5 526015228.91855460405 1872213
8 4.5 531845628.8268866539 1872579
9 4.5 520279147.48864752054 1801652
10 4.5 525357328.23354995251 1869994
11 4.5 531085819.64588922262 1835333
12 4.5 523890615.86317455769 1845959
13 4.5 521760187.28968387842 1850308
14 4.5 525903255.3462652564 1824749
15 4.5 514645901.83093297482 1923738
16 4.5 530326451.45500832796 1867088
17 4.5 528606482.79937750101 1943253
18 4.5 536249737.00084298849 1871811
19 4.5 519924335.44988197088 1930954
20 4.5 525369251.14638185501 1907403
21 4.5 525822359.13791161776 1876237
22 4.5 527757879.62025016546 1923440
23 4.5 533954387.40474241972 1853607
24 4.5 523264249.26427686214 1947340
25 4.5 539870898.16224491596 1899113
26 4.5 525465481.99185812473 1950226
27 4.5 515969333.37592691183 1962944
28 4.5 529768646.14629471302 1894227
29 4.5 526459823.37445777655 1914025
30 4.5 519839663.16108095646 1814030
31 4.5 528104386.79804646969 1870140
32 4.5 524086508.11927139759 1820629
33 4.5 531211603.81703060865 1861044
34 4.5 520131635.36633694172 1846123
35 4.5 518610594.27344721556 1813659
36 4.5 515498150.01648664474 1855863
37 4.5 530657417.79051172733 1848128
38 4.5 524470620.20922648907 1949767
39 4.5 530969696.75535023212 1887561
40 4.5 518394578.08662736416 1923721
41 4.5 521560905.90169745684 1918220
42 4.5 534028009.0649279952 1882612
43 4.5 521882390.61908018589 1919142
44 4.5 518505679.35909789801 1848610
45 4.5 522602631.91454309225 1921947
46 4.5 517100720.1107571125 1883815
47 4.5 524045826.21405178308 1923177
48 4.5 525365734.07629525661 1923499
49 4.5 533467929.68321710825 1901771
50 4.5 524864246.98897927999 1939828
51 4.5 533994369.44851022959 1839469
52 4.5 527191531.22165685892 1885198
53 4.5 522447947.9712254405 1806454
54 4.5 516570762.98748272657 1846616
55 4.5 525134617.516302526 1844170
56 4.5 526982695.04700678587 1819052
57 4.5 525045536.82840365171 1857923
58 4.5 515720559.39588040113 1796335
59 4.5 530772655.08541661501 1889352
60 4.5 525335554.79983973503 1844600
61 4.5 527664214.09602850676 1920836
62 4.5 525076824.89962619543 1861003
63 4.5 533238878.69801616669 1905459
64 4.5 520447728.23216992617 1915329
65 4.5 520036970.49425148964 1858078
66 4.5 520327306.36909782887 1915219
67 4.5 534724717.84510177374 1869591
68 4.5 525618637.22186619043 1923774
69 4.5 525235886.9743668437 1881681
70 4.5 527496878.03062206507 1932248
71 4.5 525736949.64966028929 1922607
72 4.5 518341755.27086514235 1891022
73 4.5 529565300.55836975574 1926038
74 4.5 529637640.47946989536 1842679
75 4.5 524883951.55466037989 1864926
76 4.5 530588003.72933834791 1793841
77 4.5 535587403.44271498919 1835443
78 4.5 525446257.57211512327 1842566
79 4.5 521142544.47956889868 1803913
80 4.5 519902523.08444356918 1859289
81 4.5 527175610.47475510836 1794408
82 4.5 528819301.76216077805 1915863
83 4.5 525512110.92040127516 1874390
84 4.5 521157806.53043878078 1920124
85 4.5 528036886.86509722471 1875217
86 4.5 522484307.27954739332 1903416
87 4.5 527552401.57763332129 1908338
88 4.5 512865178.10309755802 1837732
89 4.5 516913418.38671547174 1921918
90 4.5 530304159.33006072044 1868813
91 4.5 524621548.54949325323 1936126
92 4.5 517901033.54947692156 1877988
93 4.5 518506680.7976347208 1905045
94 4.5 515938049.62665468454 1890934
95 4.5 523780267.21769082546 1866183
96 4.5 520024374.43465000391 1902732
97 4.5 527810780.33113700151 1786928
98 4.5 519786734.62683838606 1851836
99 4.5 527134040.99058532715 1794389
% Edges = 5
0 5 526972845.13428586721 2034547
1 5 522900096.093139112 2030159
2 5 518831027.08261889219 1987806
3 5 525288352.1116732955 2069420
4 5 521993344.79999572039 2096927
5 5 528719868.44913184643 2080599
6 5 523918714.44926744699 2110005
7 5 525523805.22175854445 2036257
8 5 527112688.60980427265 2070143
9 5 522564579.25446373224 2099827
10 5 523842529.29976308346 2058307
11 5 529322644.27022850513 2111393
12 5 532360937.4104180336 2072628
13 5 526594464.57848083973 2082630
14 5 515027370.50770425797 2108805
15 5 524541608.37236267328 2052714
16 5 522416497.29882377386 2095446
17 5 518374552.79741239548 2011332
18 5 534035236.03386503458 2015391
19 5 518926557.24352055788 2025933
20 5 520276275.07078641653 1975507
21 5 518803884.37459391356 2025669
22 5 527503109.13262706995 1988121
23 5 529565140.37399303913 2017770
24 5 526097613.89804649353 2023619
25 5 522919659.85674118996 2030436
26 5 520205424.81779295206 2099978
27 5 528797286.8329538703 2055655
28 5 530936063.02114313841 2097999
29 5 524493510.75853127241 2055293
30 5 520668165.62799805403 2078245
31 5 527215751.61055618525 2092809
32 5 532836152.52640318871 2048962
33 5 531038644.8856728673 2109499
34 5 526249631.00012296438 2046606
35 5 531254106.54484051466 2102394
36 5 537023176.45364677906 2102103
37 5 523572152.92704576254 2055305
38 5 527650535.83303326368 2064329
39 5 525028796.50527477264 1978376
40 5 520808981.65891641378 2013914
41 5 517192435.51714086533 2025968
42 5 532521320.09819978476 1980172
43 5 529432269.14212810993 2016946
44 5 523185286.80350375175 1973789
45 5 540191507.81368505955 2029353
46 5 523933245.0654899478 2044985
47 5 523424591.53487688303 2078726
48 5 519927108.29433196783 2086839
49 5 529641367.00623881817 2044751
50 5 532275825.72026890516 2082292
51 5 528253402.059255898 2041389
52 5 521758004.97483426332 2084545
53 5 533859057.30866903067 2104328
54 5 518816548.70058763027 2054829
55 5 527369906.56863200665 2106996
56 5 522076769.05020934343 2058117
57 5 531527083.3042781949 2079709
58 5 521008537.56090724468 2078436
59 5 524378372.78291654587 1992609
60 5 519705206.3236438036 2025450
61 5 530032481.00367391109 1962130
62 5 525295669.78983044624 2018606
63 5 531756899.40659344196 1960733
64 5 522749826.10896962881 2008964
65 5 525264977.05739575624 2012346
66 5 519746059.40341943502 2011313
67 5 523011277.46116650105 2089489
68 5 537286240.32127892971 2073203
69 5 522105092.53923332691 2086404
70 5 528758442.52279824018 2078965
71 5 524680717.26890331507 2034289
72 5 515166876.58037382364 2091238
73 5 527697586.70491057634 2027067
74 5 517824182.69490736723 2097601
75 5 528230113.85276639462 2065606
76 5 529970130.32390236855 2074346
77 5 524405009.9280924201 2088944
78 5 516879938.47181779146 2016133
79 5 528123463.32179987431 2019983
80 5 527078705.35936278105 1968696
81 5 527323619.33261525631 1996909
82 5 520815961.45331847668 1993982
83 5 523929354.90429443121 1971623
84 5 515556175.15284729004 2016941
85 5 526240946.19619250298 1956231
86 5 520399794.10949724913 2009620
87 5 522889173.56303721666 1953614
88 5 524349309.08959710598 2032382
89 5 526321055.9469473362 2074944
90 5 524273788.01765960455 2051671
91 5 522143778.40485501289 2077701
92 5 532697330.16443532705 2019440
93 5 518356879.03017151356 2084040
94 5 521536975.18341815472 2036811
95 5 509860585.17947363853 2068984
96 5 534174704.81090533733 2086726
97 5 525614406.65311312675 2044202
98 5 524364771.15076124668 2091625
99 5 511325972.36302065849 2028535
% Edges = 5.5
0 5.5 518691498.46742171049 2247467
1 5.5 520914266.69106322527 2194893
2 5.5 534500466.02860701084 2157556
3 5.5 529287587.60501378775 2191203
4 5.5 533006048.26131170988 2190004
5 5.5 521363010.52299982309 2136121
6 5.5 523149991.48664522171 2186924
7 5.5 522697989.03065830469 2173797
8 5.5 524016713.00702875853 2206844
9 5.5 531012347.98727756739 2275660
10 5.5 516378866.72551655769 2218935
11 5.5 525913630.67994600534 2251687
12 5.5 525745446.95903682709 2257375
13 5.5 516101190.52662777901 2208450
14 5.5 526749520.63865703344 2273129
15 5.5 530956275.87893468142 2268395
16 5.5 520145724.01581448317 2240149
17 5.5 525529473.67448544502 2301168
18 5.5 517318298.93671566248 2258439
19 5.5 530399076.98227208853 2182513
20 5.5 522114095.76936846972 2187581
21 5.5 527566777.70818567276 2141843
22 5.5 531000336.32946890593 2189534
23 5.5 519459767.93431419134 2176318
24 5.5 530462485.2831004262 2128164
25 5.5 529979256.56726711988 2183535
26 5.5 523210663.05015909672 2179694
27 5.5 518117376.03765517473 2177247
28 5.5 521678139.08249014616 2251388
29 5.5 524076022.54889208078 2201281
30 5.5 525336661.84315723181 2246304
31 5.5 523660923.67544537783 2266357
32 5.5 519906397.2243475318 2200639
33 5.5 526196186.13496565819 2272297
34 5.5 520711500.42328977585 2275326
35 5.5 533339186.37185263634 2209487
36 5.5 527446414.14463096857 2279744
37 5.5 525521755.2387394309 2242548
38 5.5 517385553.7354169488 2161401
39 5.5 520362374.3114207387 2188750
40 5.5 526879834.55996334553 2134670
41 5.5 525225951.93928825855 2179875
42 5.5 524371424.34942525625 2172133
43 5.5 521733536.60080873966 2128319
44 5.5 522201832.25220882893 2166125
45 5.5 529994734.94722092152 2177975
46 5.5 513090874.73868554831 2151930
47 5.5 512778897.58571493626 2242027
48 5.5 528513057.82308083773 2188589
49 5.5 526912450.31617540121 2247324
50 5.5 522146643.13163745403 2255854
51 5.5 522329046.71791172028 2214071
52 5.5 522597284.58298975229 2267286
53 5.5 518141848.99826604128 2270748
54 5.5 513620563.11322855949 2224515
55 5.5 534011469.09925860167 2262289
56 5.5 525175568.30475330353 2233896
57 5.5 525295812.58472830057 2162868
58 5.5 530364598.63477891684 2183545
59 5.5 523140739.50256079435 2132361
60 5.5 536156526.75686883926 2171128
61 5.5 519354241.9690759182 2162928
62 5.5 524529187.27537339926 2098832
63 5.5 515738989.94143223763 2183936
64 5.5 527824274.97503906488 2166851
65 5.5 516921540.56353724003 2142076
66 5.5 532705449.00875258446 2225126
67 5.5 528635766.2853435874 2210743
68 5.5 517648943.14329493046 2220863
69 5.5 522050290.52862972021 2238283
70 5.5 525646477.30682510138 2206438
71 5.5 526597136.70130836964 2262350
72 5.5 532056930.77074676752 2264498
73 5.5 532004809.50126779079 2211274
74 5.5 528217926.46502417326 2260116
75 5.5 523941784.14521092176 2226180
76 5.5 529010194.06304687262 2167477
77 5.5 517408443.8610073328 2160072
78 5.5 523743930.80002444983 2120632
79 5.5 534512157.19034552574 2140361
80 5.5 527639310.46298259497 2161702
81 5.5 520989086.56360822916 2125087
82 5.5 518242132.0445573926 2151189
83 5.5 523877955.03783416748 2094086
84 5.5 525704996.14151620865 2158436
85 5.5 523654028.98355978727 2149984
86 5.5 523371379.26072251797 2231186
87 5.5 528358103.35714399815 2215663
88 5.5 518714675.11265361309 2200067
89 5.5 531518045.02596384287 2262050
90 5.5 520104815.03036272526 2242100
91 5.5 521212188.08037793636 2246830
92 5.5 525582769.63051664829 2243755
93 5.5 527144358.3063082695 2195632
94 5.5 524793654.17303794622 2251468
95 5.5 526839201.24990308285 2173378
96 5.5 521352712.62958055735 2150290
97 5.5 533779067.80526006222 2151699
98 5.5 525299547.1873831749 2108766
99 5.5 528910099.26598024368 2152438
% Edges = 6
0 6 531544141.10041344166 2295057
1 6 522306920.03030622005 2341701
2 6 524763664.25403702259 2342323
3 6 526056117.40962064266 2301208
4 6 530328717.97425013781 2377956
5 6 520391390.10722529888 2426312
6 6 527335407.09669107199 2381117
7 6 532410857.18493372202 2427717
8 6 529353498.51124238968 2456326
9 6 517685085.35488450527 2396762
10 6 519997175.18702930212 2430656
11 6 531107806.34106963873 2431074
12 6 514912619.68914741278 2379251
13 6 524334844.29738026857 2369914
14 6 524616979.71212369204 2331346
15 6 524402136.06531280279 2299873
16 6 536587690.38915628195 2340627
17 6 524486267.87715107203 2279669
18 6 523239326.18402314186 2317874
19 6 523323342.04699981213 2329820
20 6 521044486.87238395214 2286278
21 6 525397542.2958240509 2309837
22 6 539735122.02283573151 2385253
23 6 525726416.02141791582 2345343
24 6 528420662.40892362595 2391782
25 6 525724175.17165648937 2435029
26 6 526804075.41422444582 2371617
27 6 525820632.87408804893 2430686
28 6 530213704.98487240076 2393000
29 6 523885034.17777985334 2411784
30 6 529205294.39737153053 2390098
31 6 521526902.07325363159 2295824
32 6 524133898.0497776866 2331653
33 6 526717544.83303636312 2323518
34 6 522736716.81182903051 2282500
35 6 520782565.92111814022 2312863
36 6 530050655.39964193106 2324595
37 6 523265096.88163971901 2269756
38 6 523228482.53436410427 2322178
39 6 521518177.39276593924 2309592
40 6 527083885.40022921562 2334322
41 6 524280913.0446511507 2382087
42 6 513114356.62068718672 2359882
43 6 527883474.50127768517 2411608
44 6 521574374.23670208454 2412333
45 6 525812012.46283388138 2372231
46 6 532226641.90962803364 2399088
47 6 526702773.80714100599 2380719
48 6 526672485.22630149126 2333200
49 6 528561484.97519814968 2314474
50 6 520099931.78216338158 2326483
51 6 518741468.45603358746 2269431
52 6 528835682.61197263002 2306379
53 6 526365489.41850876808 2274198
54 6 527612913.81464380026 2310166
55 6 522734893.57262212038 2314277
56 6 518878943.067230165 2260942
57 6 527187110.89611876011 2329771
58 6 522589121.56948214769 2363176
59 6 525064134.82267647982 2335623
60 6 522345471.91427397728 2410979
61 6 531506127.25832629204 2401483
62 6 529636389.00429844856 2389836
63 6 519139504.98956501484 2399340
64 6 533236828.37638151646 2332840
65 6 523223442.93601000309 2375738
66 6 528159738.60069179535 2309668
67 6 519007464.12286382914 2271521
68 6 525029491.86264646053 2310905
69 6 528275173.73616319895 2311552
70 6 525761716.14821147919 2253856
71 6 528277680.23750734329 2310857
72 6 524225772.80672764778 2303305
73 6 523134107.45812731981 2285035
74 6 520208379.46383649111 2323853
75 6 521183819.89341849089 2328977
76 6 524698061.0643671155 2398284
77 6 519510248.56259155273 2396449
78 6 520072114.58108943701 2369678
79 6 529535869.91626226902 2414237
80 6 523397856.10682541132 2421845
81 6 523947401.2652848959 2341116
82 6 524108686.69414448738 2376634
83 6 518903643.46043324471 2303905
84 6 531551730.7165877223 2265524
85 6 519431202.14727473259 2315426
86 6 523405625.59348338842 2251997
87 6 529944921.46763563156 2300897
88 6 521037811.48078477383 2296904
89 6 520870389.67035019398 2262097
90 6 526134243.9895375371 2291680
91 6 524600017.26811182499 2290122
92 6 515895912.73123478889 2289824
93 6 516134236.41348654032 2381419
94 6 517466157.63197523355 2322063
95 6 517934270.33461463451 2373631
96 6 528532634.19810581207 2388032
97 6 524468742.89982837439 2346991
98 6 521707255.16084319353 2397226
99 6 527241178.11414563656 2382780
% Edges = 6.5
0 6.5 519107545.68245232105 2469549
1 6.5 522820320.58319854736 2491628
2 6.5 524054560.4575073123 2486717
3 6.5 516487695.37824100256 2437988
4 6.5 523402940.41394454241 2488620
5 6.5 518515181.42349499464 2479080
6 6.5 524985403.32485157251 2434486
7 6.5 521398930.6488301158 2478298
8 6.5 531567404.58011430502 2468387
9 6.5 527895514.26798945665 2433064
10 6.5 528419332.77106177807 2503450
11 6.5 524585188.57270133495 2533281
12 6.5 527146000.81338334084 2512331
13 6.5 529837454.27202677727 2556919
14 6.5 518379211.19956707954 2581849
15 6.5 520678638.50563138723 2571225
16 6.5 523268470.63227415085 2547486
17 6.5 524496055.7588237524 2542452
18 6.5 522965890.42647719383 2478967
19 6.5 526533693.0429071188 2418791
20 6.5 526251495.00885844231 2488491
21 6.5 522407884.16530060768 2483999
22 6.5 529379002.81921702623 2448302
23 6.5 522289649.87042880058 2466076
24 6.5 527125126.55445456505 2480799
25 6.5 531020064.1305847168 2666537
26 6.5 518231108.7954864502 3070102
27 6.5 520355189.76287698746 3509399
28 6.5 527135762.66037642956 3819281
29 6.5 523970383.27813243866 4052084
30 6.5 529043026.8427273035 3672469
31 6.5 530518506.83420115709 3346426
32 6.5 525045542.82365179062 2812967
33 6.5 523115349.41008669138 2906402
34 6.5 525516175.39072865248 2877428
35 6.5 516768805.51054447889 2593747
36 6.5 532269099.59792530537 3172357
37 6.5 527258528.20042109489 2864917
38 6.5 528664251.76828700304 2729438
39 6.5 522046673.56080842018 3668078
40 6.5 526371078.05318832397 3489226
41 6.5 522929893.73084235191 2533740
42 6.5 526944529.91984820366 2567214
43 6.5 516372355.01129478216 2557144
44 6.5 524253071.4353454113 2428407
45 6.5 522727869.01990544796 2348999
46 6.5 531418690.53645759821 2485390
47 6.5 526597966.59034574032 2422821
48 6.5 523604415.39606451988 2233304
49 6.5 519770770.8174418807 2204423
50 6.5 522608827.7663372159 2299692
51 6.5 523777591.407961905 2393970
52 6.5 527246710.53965544701 2404591
53 6.5 523172269.57072877884 2233633
54 6.5 522377949.7938195467 2254812
55 6.5 529408414.80138581991 2221648
56 6.5 527684227.29276269674 2198962
57 6.5 522418021.5559540987 2221945
58 6.5 519501068.24567878246 2311426
59 6.5 527827542.4302726984 2404001
60 6.5 523314054.97964143753 2337081
61 6.5 531622785.66812574863 2242189
62 6.5 528019992.97332811356 2196978
63 6.5 522021279.22641551495 2252939
64 6.5 530963947.59776979685 2207189
65 6.5 525428503.45475530624 2191945
66 6.5 522740575.36415117979 2193220
67 6.5 526006923.63082045317 2213938
68 6.5 530871381.31640809774 2234591
69 6.5 523790634.37750583887 2222568
70 6.5 518086833.58973067999 2263622
71 6.5 535610830.76902395487 2285631
72 6.5 519820934.83711290359 2344484
73 6.5 534236043.26686823368 2306315
74 6.5 524871715.70165449381 2266868
75 6.5 530898407.22488939762 2194088
76 6.5 530546267.89308834076 2226028
77 6.5 520728460.92831522226 2223328
78 6.5 517999178.44030171633 2187546
79 6.5 523409914.24607998133 2186773
80 6.5 530492577.77427977324 2187005
81 6.5 525437513.94033020735 2251054
82 6.5 528063496.1188390255 2192534
83 6.5 523967473.11693781614 2184359
84 6.5 524443884.78404921293 2185163
85 6.5 525321004.52590233088 2235183
86 6.5 531519378.03352230787 2281137
87 6.5 532920179.57909983397 2246459
88 6.5 521020361.87782895565 2249421
89 6.5 526994705.57882207632 2254015
90 6.5 527552032.68560230732 2247655
91 6.5 528335753.9958743453 2247787
92 6.5 528432037.70990788937 2229137
93 6.5 529483484.60277754068 2186933
94 6.5 519615817.23872947693 2183114
95 6.5 515924293.57592695951 2184517
96 6.5 519439077.67250865698 2183561
97 6.5 523807789.51976692677 2182879
98 6.5 524516774.7717500329 2183040
99 6.5 519913353.34204590321 2184204
% Edges = 7
0 7 523581547.35356068611 2348736
1 7 520308292.62164866924 2346929
2 7 515870735.18120384216 2348305
3 7 522342144.56997299194 2374640
4 7 518039365.17489522696 2403760
5 7 518409952.46328550577 2411907
6 7 526657673.10765564442 2423157
7 7 524278149.34277313948 2426828
8 7 521803092.9856415987 2421851
9 7 521821803.41848063469 2413737
10 7 528327406.19734632969 2359080
11 7 531256032.21037906408 2350018
12 7 525041405.33121097088 2347264
13 7 522394174.87818098068 2349949
14 7 531406763.64205783606 2346840
15 7 528298603.54506933689 2348665
16 7 520077182.97150909901 2348717
17 7 522822788.58693903685 2346888
18 7 525138755.36251544952 2347478
19 7 527926415.77572458982 2349467
20 7 526278723.00397008657 2349274
21 7 521156769.39955806732 2376146
22 7 531110665.88776469231 2424502
23 7 523153375.41161972284 2421581
24 7 516435306.42309248447 2430706
25 7 519896651.64803361893 2425606
26 7 531853033.32846713066 2418324
27 7 520986487.02059096098 2393864
28 7 522241859.80619031191 2350749
29 7 528123750.53355813026 2348613
30 7 531594644.55948579311 2349024
31 7 533088229.49698275328 2347806
32 7 520278672.08792287111 2347058
33 7 524350348.66718548536 2348703
34 7 518053237.48525947332 2346952
35 7 510010802.36192077398 2348059
36 7 520873139.26821541786 2348545
37 7 521587111.06347692013 2347825
38 7 520918957.36360037327 2363164
39 7 512527435.97719693184 2394607
40 7 528642386.47810554504 2421475
41 7 522744140.95313757658 2422042
42 7 516758343.34315991402 2417339
43 7 526971616.79710698128 2415033
44 7 530492689.81313204765 2413604
45 7 529186856.59910690784 2392035
46 7 520510285.08054190874 2350888
47 7 522426091.58174479008 2347903
48 7 516510657.06783634424 2348862
49 7 525852347.35195297003 2347462
50 7 522603004.77414435148 2347720
51 7 522329836.26271307468 2347270
52 7 531300092.03520536423 2344948
53 7 523197085.83943587542 2347286
54 7 529867230.81607663631 2347444
55 7 521461957.82700735331 2347677
56 7 517862210.84135901928 2382546
57 7 528548048.44972395897 2417322
58 7 525570430.65390610695 2420495
59 7 522180584.8156465888 2421460
60 7 518777012.29015403986 2432420
61 7 522506300.40619671345 2424571
62 7 528391845.83736491203 2397546
63 7 521067617.80413615704 2355002
64 7 520511472.97185492516 2348806
65 7 521211792.88325196505 2349353
66 7 530694841.80644106865 2348368
67 7 525973334.11683195829 2349562
68 7 534857010.02945911884 2346849
69 7 526454796.07415938377 2348623
70 7 522622967.32115036249 2347893
71 7 526390661.19630163908 2347894
72 7 526543674.82148051262 2348757
73 7 524548956.47335374355 2346065
74 7 526009246.05230456591 2354981
75 7 533581882.68918311596 2394284
76 7 525101031.1712616086 2414170
77 7 532249856.04716706276 2428575
78 7 521430478.69134509563 2422694
79 7 521797465.03099513054 2415294
80 7 522930118.29699909687 2413841
81 7 529670387.86221581697 2391159
82 7 521651325.6651160121 2350333
83 7 519864092.56916612387 2347652
84 7 520162114.71237009764 2350368
85 7 518442531.60299384594 2348402
86 7 526099064.71451807022 2349017
87 7 522579442.6374180913 2346459
88 7 525042152.02744692564 2346815
89 7 525212978.39461004734 2347658
90 7 522551234.36185753345 2349059
91 7 524144808.56012129784 2365363
92 7 521788102.48822510242 2400358
93 7 520869246.81580090523 2418665
94 7 518185970.3857358098 2422888
95 7 520965805.23646360636 2416492
96 7 525346745.51472944021 2412024
97 7 526267787.04796552658 2411619
98 7 522934747.81928914785 2389864
99 7 525375097.79353529215 2351910
% Edges = 7.5
0 7.5 520177902.61859869957 2510136
1 7.5 523685126.38341337442 2511923
2 7.5 527074242.21455687284 2511742
3 7.5 520944122.96723651886 2547266
4 7.5 524635817.47100782394 2558488
5 7.5 527961853.17484992743 2512417
6 7.5 523112170.92238521576 2509109
7 7.5 525652837.10905766487 2510475
8 7.5 530788345.84763485193 2522901
9 7.5 521056373.7055811286 2562859
10 7.5 523505913.92897593975 2586098
11 7.5 520995740.37863409519 2581371
12 7.5 523350095.00307685137 2576650
13 7.5 519578950.37870121002 2594839
14 7.5 517656557.80310571194 2581229
15 7.5 518267338.76141023636 2535973
16 7.5 513504532.31599110365 2512280
17 7.5 530764284.96940642595 2511306
18 7.5 527334488.33039164543 2509909
19 7.5 516480619.04596996307 2509849
20 7.5 520502690.86300039291 2511919
21 7.5 518240865.74326521158 2510638
22 7.5 523736614.60988533497 2511585
23 7.5 524155064.55520421267 2512724
24 7.5 523980098.00436967611 2509798
25 7.5 519385744.18703043461 2534934
26 7.5 531207382.46638989449 2566746
27 7.5 523799309.43525099754 2575496
28 7.5 521419443.28114289045 2607501
29 7.5 531539080.53504300117 2598087
30 7.5 520421814.70451456308 2584487
31 7.5 532363076.90970647335 2555256
32 7.5 517976255.0873773098 2513393
33 7.5 520876253.11392176151 2512162
34 7.5 522615457.01247477531 2510813
35 7.5 517732755.24117332697 2513836
36 7.5 523163668.22080290318 2511646
37 7.5 526221241.48932564259 2512194
38 7.5 529288839.15500342846 2512030
39 7.5 517922510.58425122499 2515433
40 7.5 522955746.5781686306 2511775
41 7.5 525749926.40034770966 2538968
42 7.5 528598644.24669545889 2588832
43 7.5 534289245.0843667984 2593357
44 7.5 528499237.47217017412 2600052
45 7.5 521637401.22323906422 2584261
46 7.5 523972518.55923217535 2578324
47 7.5 524359298.44942307472 2556264
48 7.5 521119821.04719406366 2514912
49 7.5 511435540.01460945606 2512083
50 7.5 513658945.09122467041 2513714
51 7.5 521750874.14477044344 2511445
52 7.5 525112687.33285725117 2511121
53 7.5 521938631.30616056919 2511579
54 7.5 527240707.19274157286 2513400
55 7.5 528206335.2163900733 2513636
56 7.5 521014737.97220522165 2510843
57 7.5 518290485.04298335314 2530836
58 7.5 522940345.25693511963 2570283
59 7.5 528941661.07524448633 2585053
60 7.5 519051155.53548949957 2580617
61 7.5 528763125.4432362318 2582221
62 7.5 529753638.6001688838 2604348
63 7.5 524389460.19219046831 2584914
64 7.5 522614287.83294415474 2523066
65 7.5 529372530.12245368958 2514476
66 7.5 523857867.19936788082 2512658
67 7.5 525408311.45729774237 2514563
68 7.5 531724160.96082699299 2510415
69 7.5 529722680.46016156673 2511266
70 7.5 523831300.62090557814 2509765
71 7.5 523836820.44133663177 2513203
72 7.5 523434765.18889909983 2509829
73 7.5 525771517.8954462409 2513134
74 7.5 525475077.04038798809 2540011
75 7.5 523714915.03540474176 2571137
76 7.5 524604232.16118276119 2597765
77 7.5 523334271.78674846888 2596242
78 7.5 527774724.32480996847 2595344
79 7.5 520472377.87110936642 2584277
80 7.5 530888250.32083314657 2555706
81 7.5 528400355.6526761651 2514605
82 7.5 525699365.45917934179 2512074
83 7.5 525363239.33618742228 2513429
84 7.5 524649812.37260818481 2512948
85 7.5 526780414.31990885735 2511024
86 7.5 524222305.67715156078 2514648
87 7.5 522972786.28386324644 2512485
88 7.5 529414330.12234699726 2511675
89 7.5 527083515.45197033882 2512780
90 7.5 532387362.3792746067 2553064
91 7.5 522311438.65854114294 2587196
92 7.5 525848843.30136656761 2598893
93 7.5 522086202.28092253208 2588154
94 7.5 527268180.84452450275 2581673
95 7.5 521170482.00634109974 2579198
96 7.5 520624135.76517677307 2551074
97 7.5 525710755.802688241 2512282
98 7.5 522079542.81052076817 2511733
99 7.5 525418228.99092417955 2511326
% Edges = 8
0 8 529747389.98249530792 2750984
1 8 528602090.88928407431 2760234
2 8 520832472.15355139971 2762830
3 8 531048811.00632041693 2762574
4 8 524794700.86389422417 2764049
5 8 535728189.48785817623 2762816
6 8 530143945.88993442059 2819620
7 8 519178032.52604031563 2841215
8 8 522736732.0769597888 2838309
9 8 527737986.03740441799 2853636
10 8 525719046.63924556971 2857787
11 8 520234146.90404355526 2817581
12 8 526886497.80716472864 2768334
13 8 514898041.13894593716 2763025
14 8 528845313.87908309698 2763957
15 8 520680572.00082701445 2761593
16 8 527147660.53801292181 2764917
17 8 529038309.80563801527 2761188
18 8 529098818.93463993073 2767144
19 8 531009434.79161673784 2763631
20 8 523646653.28124845028 2766429
21 8 533691061.02917146683 2808095
22 8 523243232.27520799637 2843639
23 8 520596366.13727527857 2845794
24 8 527258202.38041841984 2840355
25 8 529602041.82252776623 2856489
26 8 523416426.44819021225 2836112
27 8 514902238.99838423729 2767241
28 8 521294797.45405071974 2764178
29 8 514944924.44329726696 2763244
30 8 527396710.88073062897 2764185
31 8 530073763.05863946676 2762964
32 8 523556719.56672102213 2763455
33 8 525996662.99951738119 2761822
34 8 530206109.92341840267 2763096
35 8 526964372.71149736643 2763445
36 8 522183468.18186563253 2785644
37 8 527413072.21702432632 2819360
38 8 525539992.6389824152 2850735
39 8 516862840.54669231176 2851867
40 8 528510411.69765925407 2843133
41 8 535580929.38691371679 2829915
42 8 524918997.54010796547 2807437
43 8 523953788.56911993027 2765156
44 8 522025589.06083214283 2761393
45 8 528621543.83794903755 2762614
46 8 521189263.03756171465 2762841
47 8 517674458.56042104959 2762783
48 8 525668148.15798962116 2761079
49 8 515124819.36814659834 2762158
50 8 527695123.38435745239 2763082
51 8 523599105.58695489168 2761135
52 8 523169002.75519061089 2785669
53 8 523876617.86234760284 2822453
54 8 527724871.53368997574 2853032
55 8 521464253.91870456934 2854418
56 8 526558910.67842328548 2839508
57 8 520119432.6329767704 2840255
58 8 521451341.41390943527 2794919
59 8 521953296.44938308001 2764120
60 8 530860299.65216696262 2763201
61 8 528314736.70716375113 2762432
62 8 524543921.79062354565 2763271
63 8 525793631.5215318799 2762467
64 8 524644120.72645539045 2761250
65 8 521148226.76908522844 2762266
66 8 527124400.75163173676 2762167
67 8 522687698.13026022911 2780727
68 8 529465688.71158248186 2825333
69 8 520105158.8681755662 2841555
70 8 526356011.78355973959 2857429
71 8 525309820.85428375006 2849468
72 8 521300235.50681978464 2831603
73 8 523093710.62741911411 2805575
74 8 522290783.54355424643 2763872
75 8 526411373.59794682264 2762734
76 8 525069447.33868670464 2762242
77 8 527806137.55320608616 2760023
78 8 518498610.81471920013 2763057
79 8 525326083.87699788809 2760767
80 8 530489276.35953074694 2762546
81 8 531498019.67491132021 2761131
82 8 524741219.80542087555 2764010
83 8 525677127.56241101027 2786453
84 8 525618586.75717908144 2820029
85 8 518860122.20640343428 2859240
86 8 522553715.35841727257 2857764
87 8 527995823.3385182023 2834247
88 8 528283779.48970770836 2848942
89 8 514617071.01325160265 2786040
90 8 521412822.46104151011 2763080
91 8 518414996.90515595675 2762038
92 8 527576514.67815798521 2763261
93 8 527574081.57359170914 2763100
94 8 527998316.60030198097 2763114
95 8 531499247.40908545256 2763250
96 8 523393603.24781543016 2763978
97 8 518101462.46830254793 2764098
98 8 525526166.10923659801 2785718
99 8 522271416.99891763926 2819911
% Edges = 8.5
0 8.5 524305067.92812889814 3025133
1 8.5 524089673.33156591654 3019009
2 8.5 530964951.72669494152 3008527
3 8.5 522959916.81644409895 3017624
4 8.5 529231991.76147276163 2938803
5 8.5 526679450.73344713449 2929789
6 8.5 528926102.6311827898 2927364
7 8.5 522303753.02037131786 2927578
8 8.5 526101238.84890586138 2926303
9 8.5 522586598.82523584366 2927573
10 8.5 522054039.5226816535 2926173
11 8.5 529905436.35418963432 2927926
12 8.5 521658570.06786048412 2941696
13 8.5 526256920.12529039383 2990640
14 8.5 527150031.88280528784 2997544
15 8.5 523557260.22969639301 3033772
16 8.5 527616324.66146767139 3015709
17 8.5 523886660.68236625195 3010513
18 8.5 524493713.20917826891 2958659
19 8.5 521645970.2023794055 2931648
20 8.5 532630401.19278198481 2928055
21 8.5 520163748.65132838488 2927063
22 8.5 522732318.63420802355 2926249
23 8.5 520541116.50341576338 2926459
24 8.5 526644875.86285275221 2928433
25 8.5 523304679.71741890907 2927758
26 8.5 523910805.1861410141 2928449
27 8.5 527738632.9110480547 2988333
28 8.5 525427794.95548504591 3008795
29 8.5 520665966.25061964989 3006173
30 8.5 521441744.31679397821 3029140
31 8.5 524057277.73874098063 3010007
32 8.5 524069166.62574094534 2975141
33 8.5 520099788.42124342918 2929486
34 8.5 534383367.39104741812 2927130
35 8.5 528116265.79716211557 2926838
36 8.5 524387312.39569467306 2928738
37 8.5 524890367.62858569622 2928292
38 8.5 517583351.10059481859 2928430
39 8.5 523288758.64437305927 2928363
40 8.5 520599086.18384885788 2927185
41 8.5 521167833.71145880222 2955679
42 8.5 519714286.6251527071 3017454
43 8.5 521093232.68366229534 3018739
44 8.5 523514832.65490603447 3015422
45 8.5 526074865.93292695284 3028943
46 8.5 529719907.01233369112 2979079
47 8.5 526844643.89762687683 2930752
48 8.5 531589963.26547056437 2926909
49 8.5 520991418.73171031475 2928901
50 8.5 522095526.80718427896 2926384
51 8.5 525044159.82026702166 2927154
52 8.5 523062609.34699374437 2928043
53 8.5 529485928.37233692408 2929070
54 8.5 525590983.78503674269 2930286
55 8.5 526891419.70814698935 2948957
56 8.5 524047672.30210316181 2993218
57 8.5 530398327.65779930353 3030880
58 8.5 529794842.17949807644 3012691
59 8.5 528444458.626555264 3021546
60 8.5 526280354.92499172688 3005628
61 8.5 525497481.26763892174 2932951
62 8.5 519092195.35108435154 2929277
63 8.5 519716719.96131229401 2928741
64 8.5 522853342.29450625181 2926494
65 8.5 520309184.77683538198 2927776
66 8.5 531350893.46999430656 2926402
67 8.5 521607446.484146595 2926631
68 8.5 525339481.93570798635 2924255
69 8.5 522085159.56600385904 2927145
70 8.5 530653476.06403005123 2988459
71 8.5 521222656.83024299145 3009226
72 8.5 521074775.95070636272 2998245
73 8.5 528723057.73232257366 3028321
74 8.5 520498864.05191373825 3024850
75 8.5 530800130.64661830664 2974941
76 8.5 521995204.82784891129 2931166
77 8.5 525841499.82450330257 2925408
78 8.5 527304749.20400726795 2926451
79 8.5 529936883.99737125635 2928486
80 8.5 529330640.15555250645 2928171
81 8.5 523169601.35982549191 2928152
82 8.5 521002893.61648774147 2926800
83 8.5 522462595.17661195993 2928015
84 8.5 527765843.40981811285 2928351
85 8.5 524224185.66178715229 2974905
86 8.5 531384139.55353850126 3012286
87 8.5 520990248.5294905901 3006917
88 8.5 523138580.49774253368 3027222
89 8.5 525055534.02947843075 3022252
90 8.5 520652544.64580392838 2973663
91 8.5 530248231.00685060024 2929451
92 8.5 523883003.01718366146 2926485
93 8.5 522666149.95137256384 2927209
94 8.5 527939738.3404917717 2926304
95 8.5 523164900.41493827105 2929710
96 8.5 530453875.3294660449 2927043
97 8.5 520190884.4089769125 2927935
98 8.5 517063137.44903540611 2926971
99 8.5 529082273.7878857255 2954350
% Edges = 9
0 9 526182816.95442390442 3182000
1 9 517097969.69214057922 3184259
2 9 522128759.16411280632 3193134
3 9 525219897.78673887253 3193616
4 9 526448650.2382106781 3141916
5 9 519203717.53599798679 3095218
6 9 522673617.99323374033 3094916
7 9 532564422.63636100292 3091491
8 9 524726515.03012526035 3093696
9 9 528159115.16701006889 3093436
10 9 523886204.88580608368 3092748
11 9 524517015.36330169439 3094672
12 9 520902550.42393684387 3104712
13 9 525645626.68686908484 3158719
14 9 520875350.95586431026 3174596
15 9 526790856.57762390375 3204132
16 9 520189375.1455090642 3170980
17 9 522787828.85855048895 3191538
18 9 521356106.13277763128 3100834
19 9 522278285.26436215639 3095647
20 9 521709392.6087127924 3092940
21 9 521092860.781640172 3091787
22 9 526360377.59164053202 3092682
23 9 529496712.79133886099 3104424
24 9 523888336.65487068892 3094015
25 9 529299770.31667399406 3093164
26 9 522670572.95916122198 3120005
27 9 525254237.06488066912 3185868
28 9 524775766.82540100813 3182415
29 9 525394972.18638432026 3196801
30 9 520699698.23469024897 3190636
31 9 527905341.19294029474 3138517
32 9 519244934.91663593054 3095070
33 9 523679056.68427240849 3093401
34 9 524668723.36852228642 3093137
35 9 519503943.92665600777 3096691
36 9 522710651.20258647203 3091640
37 9 530184329.2303801775 3092818
38 9 527791946.6645463109 3090660
39 9 522833813.82099580765 3111421
40 9 522504212.70277327299 3156253
41 9 523143068.24262529612 3188220
42 9 529578958.59672808647 3191589
43 9 524672085.29487884045 3183184
44 9 516270993.683604002 3180287
45 9 519654329.55215263367 3101492
46 9 517960782.97931212187 3092070
47 9 521937965.10992872715 3094621
48 9 528432509.51930558681 3094981
49 9 519121150.12691372633 3092834
50 9 525653849.4623581171 3092631
51 9 534587694.54903483391 3093807
52 9 525074305.27275949717 3092912
53 9 520564467.57884383202 3112922
54 9 525059576.30235278606 3158817
55 9 532889312.57653301954 3204602
56 9 522194282.48747962713 3178421
57 9 523756931.38548022509 3213157
58 9 520782950.28152346611 3147856
59 9 527402360.01243126392 3094244
60 9 523542172.95372784138 3093164
61 9 523329592.52372890711 3092461
62 9 532061680.38981425762 3092655
63 9 523584789.85620856285 3092960
64 9 522822703.74248433113 3091539
65 9 519600409.68284869194 3092713
66 9 527089880.1225092411 3093337
67 9 528599694.06532073021 3162367
68 9 526071861.18108034134 3169915
69 9 526576985.00873422623 3206673
70 9 525242935.26646661758 3172360
71 9 523378105.20457863808 3186090
72 9 524040349.48733520508 3111112
73 9 521260005.3444750905 3095921
74 9 526258234.44624149799 3093007
75 9 524202203.99808949232 3093297
76 9 528835470.41826409101 3091899
77 9 522891141.86197513342 3092981
78 9 522160591.5390611887 3092105
79 9 518410150.98893392086 3095743
80 9 523925886.20399993658 3118796
81 9 521381668.94512659311 3182401
82 9 525600117.24526798725 3185405
83 9 530598033.11439573765 3197502
84 9 513537462.71235567331 3192243
85 9 525508121.22616285086 3141153
86 9 529247708.6096855402 3095361
87 9 521496242.20230770111 3095866
88 9 528238714.49756658077 3093995
89 9 522678714.40002655983 3094918
90 9 527191203.8851351738 3094306
91 9 524102001.17168349028 3095019
92 9 522076848.50877487659 3092285
93 9 521737425.1428887248 3107456
94 9 517093998.9190479517 3156796
95 9 530306303.46187329292 3179405
96 9 528027351.80510604382 3199138
97 9 520899976.52601104975 3175635
98 9 526484719.08074092865 3188995
99 9 521030898.99271601439 3104509
% Edges = 9.5
0 9.5 526589104.77305293083 3263990
1 9.5 524722154.12957233191 3262459
2 9.5 519005798.33947110176 3262204
3 9.5 527441463.02625256777 3263888
4 9.5 525013398.54812556505 3263330
5 9.5 526629518.45438218117 3262126
6 9.5 525634778.32759582996 3261524
7 9.5 519215505.89241123199 3314100
8 9.5 520558368.30258142948 3350620
9 9.5 528651574.9837320447 3360535
10 9.5 526761644.39760655165 3360608
11 9.5 524255205.45768433809 3346549
12 9.5 524100682.43106782436 3290329
13 9.5 516196093.46795934439 3265347
14 9.5 519262012.14429306984 3263069
15 9.5 525421127.25026339293 3260458
16 9.5 524242048.19750791788 3262316
17 9.5 529145437.54795521498 3262321
18 9.5 522767585.20854103565 3260654
19 9.5 523530227.63462668657 3260519
20 9.5 537008942.47670221329 3276531
21 9.5 523312684.18361473083 3325235
22 9.5 530056428.0721655488 3363858
23 9.5 527678348.046656847 3357364
24 9.5 519458292.71002209187 3377397
25 9.5 518207317.52146697044 3322039
26 9.5 525976162.09993594885 3264804
27 9.5 529744517.59613639116 3264358
28 9.5 527063059.93844771385 3260881
29 9.5 526942885.68015813828 3262948
30 9.5 525033296.09208959341 3263392
31 9.5 525965764.12889522314 3260401
32 9.5 525064316.04097020626 3262458
33 9.5 519028972.09330266714 3262714
34 9.5 524458643.04851222038 3335915
35 9.5 524933759.52801632881 3365720
36 9.5 527285057.67488473654 3360565
37 9.5 517722472.41539019346 3376168
38 9.5 524577937.12706071138 3327616
39 9.5 525565185.88261330128 3266195
40 9.5 523297277.0515768528 3262416
41 9.5 525603756.21145147085 3261029
42 9.5 526024569.97256606817 3262731
43 9.5 524118547.89593344927 3262034
44 9.5 524484784.36751109362 3260710
45 9.5 521924765.33061438799 3263393
46 9.5 521140348.76317232847 3261598
47 9.5 528402319.62487119436 3324655
48 9.5 531113640.30234837532 3350523
49 9.5 526677342.81468611956 3369316
50 9.5 522046614.2698802352 3353747
51 9.5 525051438.99080294371 3362444
52 9.5 525907998.73454332352 3273895
53 9.5 527017160.9529837966 3263022
54 9.5 524038944.43166470528 3261367
55 9.5 531459372.46883678436 3263844
56 9.5 525199498.86054050922 3261301
57 9.5 523108868.35515904427 3264380
58 9.5 527741560.23416668177 3261620
59 9.5 526205382.18569797277 3262454
60 9.5 519573446.60804527998 3284700
61 9.5 532513527.05505543947 3353061
62 9.5 530344499.02891099453 3357812
63 9.5 528745969.3491293788 3370109
64 9.5 525513134.07269716263 3357530
65 9.5 524166943.63207828999 3308049
66 9.5 524032025.84341901541 3266648
67 9.5 528482036.20500421524 3263124
68 9.5 525961706.01245629787 3261621
69 9.5 524000904.79194617271 3261697
70 9.5 523610802.0564956069 3261764
71 9.5 528684461.00633466244 3261108
72 9.5 521690275.91028881073 3261963
73 9.5 522659937.34859710932 3262839
74 9.5 522026690.2056235671 3314351
75 9.5 519632872.0588285327 3351056
76 9.5 521476035.70787829161 3361313
77 9.5 520352825.65300166607 3362293
78 9.5 515252203.56188583374 3348889
79 9.5 520660862.85222321749 3289565
80 9.5 527268290.71934348345 3263282
81 9.5 526613662.59503990412 3262480
82 9.5 518502794.76095926762 3261067
83 9.5 523358127.94931852818 3260353
84 9.5 529000080.8400002718 3264423
85 9.5 526598861.00558179617 3261043
86 9.5 525341103.81778252125 3261104
87 9.5 529601147.45630389452 3278734
88 9.5 532044127.13510656357 3327653
89 9.5 523927019.42384421825 3364869
90 9.5 526353689.97774285078 3358585
91 9.5 531625956.36964315176 3383536
92 9.5 517425295.80059254169 3316783
93 9.5 521986582.08049732447 3264817
94 9.5 523218248.79513436556 3264554
95 9.5 527583127.51891130209 3261137
96 9.5 521415234.87933236361 3261145
97 9.5 518286214.46369343996 3261904
98 9.5 526963763.93181496859 3260257
99 9.5 524442448.59229582548 3263320
% Edges = 10
0 10 528145560.5697799325 3427442
1 10 528412619.99147313833 3489654
2 10 524394778.10808730125 3515381
3 10 529744503.42889392376 3548552
4 10 527831028.47704404593 3529887
5 10 524327823.49051994085 3504088
6 10 525045275.15971040726 3429829
7 10 517377223.81978058815 3427095
8 10 528906411.17493402958 3424934
9 10 523460191.95515650511 3424202
10 10 519685572.20840167999 3425889
11 10 526567810.10582005978 3427006
12 10 525936644.35679244995 3428621
13 10 519904232.38694494963 3475322
14 10 521578981.22575843334 3523816
15 10 528858904.7508559823 3537363
16 10 527034372.96708345413 3519060
17 10 524929839.11424016953 3529727
18 10 518597256.13261693716 3434755
19 10 525889960.47446751595 3427649
20 10 528716984.15488266945 3428993
21 10 526535368.15105247498 3426954
22 10 528223283.51588106155 3425998
23 10 517651121.79527157545 3424711
24 10 529201162.79022371769 3425765
25 10 522419820.73837864399 3442562
26 10 519533137.30991709232 3495222
27 10 528341491.59065622091 3545521
28 10 524175371.61142671108 3540616
29 10 523204959.93888282776 3521976
30 10 521140583.81483697891 3471353
31 10 527486406.11627787352 3427976
32 10 526536410.09846138954 3428796
33 10 519243992.37225610018 3427055
34 10 519107640.10324817896 3427105
35 10 524679624.85841184855 3424023
36 10 521834653.00379770994 3428287
37 10 528018583.81037986279 3447994
38 10 529470809.48540174961 3493305
39 10 522523008.78277111053 3543662
40 10 522906559.38273745775 3531104
41 10 521087617.11791110039 3529532
42 10 527718384.11129611731 3474317
43 10 529168060.03037291765 3429692
44 10 519693071.83944261074 3427559
45 10 528854382.03921639919 3427406
46 10 523675409.68084651232 3427592
47 10 530073590.28665852547 3425579
48 10 518112732.52677214146 3427740
49 10 525333620.21568739414 3423999
50 10 528979292.85829353333 3435014
51 10 523442117.20628511906 3499405
52 10 528734631.48619145155 3540991
53 10 529213870.06973654032 3537374
54 10 520687999.47918367386 3535182
55 10 528466936.07021033764 3472155
56 10 526853988.40771239996 3426645
57 10 520542334.75652480125 3425824
58 10 527872438.99082970619 3427886
59 10 521149097.19216948748 3423442
60 10 524155688.97583431005 3426781
61 10 514346507.0480093956 3424996
62 10 524813783.56583452225 3436859
63 10 530428182.98252588511 3493895
64 10 517420709.2365526557 3528657
65 10 522597881.4957755208 3519901
66 10 521356127.74609261751 3550255
67 10 520186439.95277404785 3471970
68 10 525456540.12402963638 3426493
69 10 527331210.30710607767 3424534
70 10 525831506.83220148087 3424866
71 10 522454278.30454856157 3423862
72 10 527423610.18648082018 3425998
73 10 519340983.37146359682 3423034
74 10 522013070.65366959572 3425572
75 10 522408440.26914691925 3448341
76 10 528763901.69327747822 3509711
77 10 517896647.22139358521 3526415
78 10 533854637.11984038353 3532802
79 10 520768363.12815582752 3519474
80 10 527401808.03806579113 3467359
81 10 529516876.99965286255 3427415
82 10 529387360.86964303255 3427347
83 10 528132969.60996717215 3422915
84 10 522870696.88742256165 3427025
85 10 522604453.57316917181 3423925
86 10 529256353.55678057671 3424756
87 10 524326979.11106437445 3425203
88 10 518586311.5181722641 3450875
89 10 519464075.44632476568 3529837
90 10 528080508.16976690292 3529472
91 10 528462853.69307225943 3527614
92 10 519145007.11001741886 3517595
93 10 524803792.36827099323 3447032
94 10 533900988.02419275045 3426313
95 10 527353428.56661307812 3421972
96 10 520887942.63478320837 3424263
97 10 526708593.35899978876 3422822
98 10 522799639.92199623585 3424590
99 10 521985972.46874779463 3422737
