% Edges = 0.1
0 0.1 461299941.35169506073 38226
1 0.10000000149011611938 501366119.77097457647 36340
2 0.10000000149011611938 499301827.58177286386 35674
3 0.10000000149011611938 505911533.25516825914 35701
4 0.10000000149011611938 504031576.20347553492 35721
5 0.10000000149011611938 548970600.3848067522 36251
6 0.10000000149011611938 535125209.81271660328 35845
7 0.10000000149011611938 553667429.43833577633 35688
8 0.10000000149011611938 540985983.79048323631 35773
9 0.10000000149011611938 621133931.9705722332 35773
10 0.10000000149011611938 514934519.57866686583 35786
11 0.10000000149011611938 602714399.81570243835 35716
12 0.10000000149011611938 531913656.57633799314 35766
13 0.10000000149011611938 479314961.14493477345 35701
14 0.10000000149011611938 514533269.58944380283 35746
15 0.10000000149011611938 513015513.92663151026 35573
16 0.10000000149011611938 577383189.22923839092 35748
17 0.10000000149011611938 496831408.583532691 35758
18 0.10000000149011611938 505789111.3482286334 35672
19 0.10000000149011611938 498217408.48619300127 35700
20 0.10000000149011611938 520362742.96027731895 35749
21 0.10000000149011611938 551104641.44156765938 35713
22 0.10000000149011611938 516390462.81983464956 35743
23 0.10000000149011611938 516269396.19108980894 35811
24 0.10000000149011611938 514290517.56075489521 35759
25 0.10000000149011611938 487159281.24387151003 35658
26 0.10000000149011611938 516492244.28749024868 35675
27 0.10000000149011611938 565313803.8400799036 35664
28 0.10000000149011611938 432875027.1115911603 35714
29 0.10000000149011611938 548352574.34421753883 35702
30 0.10000000149011611938 499408745.22653359175 35750
31 0.10000000149011611938 592846602.16485488415 35758
32 0.10000000149011611938 546950834.14355611801 35722
33 0.10000000149011611938 499284844.09908294678 35698
34 0.10000000149011611938 489835065.13695412874 35708
35 0.10000000149011611938 605992887.73318064213 35785
36 0.10000000149011611938 481084954.46726471186 35770
37 0.10000000149011611938 486990355.57805991173 35672
38 0.10000000149011611938 571585881.616558671 35674
39 0.10000000149011611938 535347710.72017073631 35677
40 0.10000000149011611938 531642755.912304461 35691
41 0.10000000149011611938 508033922.60575097799 35639
42 0.10000000149011611938 479469608.05407905579 35794
43 0.10000000149011611938 567388702.9713228941 35647
44 0.10000000149011611938 505478144.0265571475 35723
45 0.10000000149011611938 493654849.39749372005 35670
46 0.10000000149011611938 527954109.01687055826 35741
47 0.10000000149011611938 542656925.00918245316 35665
48 0.10000000149011611938 471081207.141685009 35794
49 0.10000000149011611938 500985780.48675388098 35693
50 0.10000000149011611938 549210816.39196121693 35700
51 0.10000000149011611938 574355359.69414746761 35754
52 0.10000000149011611938 564733983.81777513027 35779
53 0.10000000149011611938 539578453.09508693218 35675
54 0.10000000149011611938 438572084.01004689932 35663
55 0.10000000149011611938 544074348.70878660679 35487
56 0.10000000149011611938 473269292.87866377831 34759
57 0.10000000149011611938 465726036.18876218796 34589
58 0.10000000149011611938 588496223.66992938519 34585
59 0.10000000149011611938 534692561.04070454836 34612
60 0.10000000149011611938 591618618.74726676941 34639
61 0.10000000149011611938 540526988.90688705444 34635
62 0.10000000149011611938 497407258.31404024363 34746
63 0.10000000149011611938 513460630.28003811836 34639
64 0.10000000149011611938 554752459.21783149242 34668
65 0.10000000149011611938 541135425.49850106239 34629
66 0.10000000149011611938 518445310.37885260582 34639
67 0.10000000149011611938 554786210.83578789234 34553
68 0.10000000149011611938 555271645.30491530895 34674
69 0.10000000149011611938 461018060.03790825605 34629
70 0.10000000149011611938 604728938.0985878706 34654
71 0.10000000149011611938 473892292.22223705053 34655
72 0.10000000149011611938 460164987.83293688297 34617
73 0.10000000149011611938 508432248.76000106335 34623
74 0.10000000149011611938 541510035.60087776184 34609
75 0.10000000149011611938 495231452.8344091177 34538
76 0.10000000149011611938 534505166.46517252922 34639
77 0.10000000149011611938 500544882.49785321951 34631
78 0.10000000149011611938 508278043.45413190126 34615
79 0.10000000149011611938 530783614.48344403505 34616
80 0.10000000149011611938 512298889.98680222034 34630
81 0.10000000149011611938 513199600.9914317131 34623
82 0.10000000149011611938 521116088.99597120285 34669
83 0.10000000149011611938 543911795.82209658623 34622
84 0.10000000149011611938 495701052.96735948324 34602
85 0.10000000149011611938 540800573.79662084579 34688
86 0.10000000149011611938 460775947.46881705523 34614
87 0.10000000149011611938 510333674.72730982304 34530
88 0.10000000149011611938 503066739.24999183416 34696
89 0.10000000149011611938 504283056.29144608974 34733
90 0.10000000149011611938 477760797.66184234619 34611
91 0.10000000149011611938 543569576.79334366322 34675
92 0.10000000149011611938 515734151.01658767462 34672
93 0.10000000149011611938 559095898.25958585739 34584
94 0.10000000149011611938 477175296.41716343164 34641
95 0.10000000149011611938 571565194.72241532803 34638
96 0.10000000149011611938 537423605.90377545357 34667
97 0.10000000149011611938 522587184.23231011629 34641
98 0.10000000149011611938 488863161.21453243494 34673
99 0.10000000149011611938 498500689.27611738443 34515
% Edges = 0.25
0 0.25 527133668.50194323063 92344
1 0.25 496542988.89517050982 89808
2 0.25 509777446.94738119841 89663
3 0.25 485144861.27745699883 89720
4 0.25 513047542.10112202168 89007
5 0.25 484045520.83988106251 89151
6 0.25 519775468.10492449999 89026
7 0.25 537560807.81812143326 88971
8 0.25 550612605.83832406998 88926
9 0.25 494653357.50077265501 88964
10 0.25 541470279.11865103245 88975
11 0.25 529233370.44748210907 88973
12 0.25 552522773.90789699554 88919
13 0.25 513058887.56209868193 89066
14 0.25 528800290.38375002146 89047
15 0.25 500560995.94550049305 88875
16 0.25 515082229.70278537273 89031
17 0.25 505405089.09598112106 89008
18 0.25 536246672.14684104919 88933
19 0.25 538824511.13728165627 88961
20 0.25 552442129.17076325417 90506
21 0.25 516674861.92964339256 89397
22 0.25 503229732.7695569396 89025
23 0.25 551900202.27618420124 88955
24 0.25 507350731.56861639023 88949
25 0.25 553637122.54654753208 88961
26 0.25 533666448.77344077826 88945
27 0.25 536961298.43164622784 88982
28 0.25 534767552.96652597189 88920
29 0.25 530107392.3073502183 88845
30 0.25 474712546.96648287773 88969
31 0.25 560753440.36836838722 89054
32 0.25 539894234.45055770874 88984
33 0.25 508251982.82972049713 88993
34 0.25 520933380.93894147873 88869
35 0.25 526699013.95526736975 88906
36 0.25 519414795.17889291048 89092
37 0.25 519214986.3001767993 89082
38 0.25 496174677.06079673767 89050
39 0.25 546167838.95348858833 89129
40 0.25 534430262.51445096731 89079
41 0.25 512199686.97783982754 88965
42 0.25 566623609.40497541428 89030
43 0.25 582268750.45665085316 89086
44 0.25 511512369.29385620356 89031
45 0.25 545388016.36436212063 88973
46 0.25 537592419.22529518604 89016
47 0.25 481400964.68438720703 89025
48 0.25 501243817.84936994314 89014
49 0.25 551991935.13582420349 89048
50 0.25 536175607.18934881687 89068
51 0.25 513420130.9538371563 88947
52 0.25 520036612.45862740278 88898
53 0.25 518092165.7131677866 88828
54 0.25 553607375.36882507801 89101
55 0.25 528062071.01788401604 89065
56 0.25 535119874.60922080278 89124
57 0.25 526233546.13584166765 89076
58 0.25 534622219.01907294989 89011
59 0.25 466936803.2256205678 89039
60 0.25 506363659.2515771389 88976
61 0.25 508862916.09439110756 89084
62 0.25 506756067.01817888021 89067
63 0.25 509413394.49800634384 88976
64 0.25 498625676.74162429571 89072
65 0.25 506471545.09535706043 88997
66 0.25 567707682.4373626709 89063
67 0.25 495286431.0817681551 88941
68 0.25 507724051.84394651651 90727
69 0.25 511526041.2727458477 95810
70 0.25 504726437.86876040697 94265
71 0.25 528549129.66137415171 93399
72 0.25 544518893.71501934528 92243
73 0.25 515339291.87755262852 91943
74 0.25 533464626.35359281301 91651
75 0.25 508379242.99244982004 91026
76 0.25 568414392.85600471497 90947
77 0.25 517655230.77812469006 90662
78 0.25 510309503.74408125877 90533
79 0.25 549443355.18645143509 90528
80 0.25 522842355.83907628059 89946
81 0.25 512827958.0006916523 90024
82 0.25 528896139.36500519514 89989
83 0.25 531651184.68955755234 89925
84 0.25 519943793.40315330029 89703
85 0.25 513353164.7253459692 89842
86 0.25 542405221.70886838436 89561
87 0.25 551453528.04896056652 89707
88 0.25 530443510.29261428118 89648
89 0.25 511602835.98322427273 89642
90 0.25 522410023.89847970009 89548
91 0.25 479178387.04952090979 89363
92 0.25 545949880.85184180737 92005
93 0.25 534080175.25094169378 95063
94 0.25 538041711.61267411709 93669
95 0.25 509444830.41430544853 93114
96 0.25 520083570.01921004057 91814
97 0.25 531345890.86999541521 91868
98 0.25 515498537.74975168705 91239
99 0.25 503030585.77309042215 90857
% Edges = 0.5
0 0.5 532153708.44895005226 184049
1 0.5 538909765.16091275215 183368
2 0.5 486410891.31575828791 182215
3 0.5 555750147.81749045849 181795
4 0.5 533330929.24289882183 180868
5 0.5 539727586.98511552811 181153
6 0.5 518708896.53145337105 180199
7 0.5 552693731.68641662598 180230
8 0.5 511039629.96299302578 192297
9 0.5 499284833.82773935795 192624
10 0.5 559770952.24998402596 188109
11 0.5 516190879.82157737017 185593
12 0.5 514135150.44160455465 182963
13 0.5 539452146.57364630699 182801
14 0.5 509768008.71722954512 181942
15 0.5 517517313.19820660353 182074
16 0.5 544411383.90610778332 181026
17 0.5 544485624.66162896156 181108
18 0.5 533295206.66869419813 180749
19 0.5 543143014.30239927769 182077
20 0.5 516859331.68542057276 199448
21 0.5 505749479.86321860552 191401
22 0.5 532093256.09494179487 195347
23 0.5 509575661.16268122196 191743
24 0.5 510314218.896225214 189913
25 0.5 524810954.50450313091 188579
26 0.5 494357307.08584260941 188069
27 0.5 543434348.70851862431 187502
28 0.5 547472637.55216574669 187070
29 0.5 513838710.14119517803 186705
30 0.5 489098133.18006134033 186638
31 0.5 510056457.33681803942 203235
32 0.5 554683152.18049824238 199980
33 0.5 504354795.84704512358 189730
34 0.5 509006169.67882287502 185270
35 0.5 549739880.45663940907 184035
36 0.5 512551357.60437226295 182871
37 0.5 563524542.26185011864 181759
38 0.5 532961173.92518937588 181206
39 0.5 533139850.88769048452 181002
40 0.5 532372715.48595160246 180899
41 0.5 537583555.78099262714 180702
42 0.5 520734434.10084468126 184620
43 0.5 538882735.88115894794 196260
44 0.5 540148302.3778488636 190114
45 0.5 518790821.52428174019 186264
46 0.5 532936994.737827003 184474
47 0.5 516633106.97751826048 183305
48 0.5 539853871.76655519009 182029
49 0.5 507345251.08939856291 181490
50 0.5 506678302.64464664459 181166
51 0.5 544721105.77382016182 180915
52 0.5 544166955.77393960953 180509
53 0.5 509580328.31619608402 180492
54 0.5 510972308.4543056488 193146
55 0.5 522420868.73410284519 195109
56 0.5 533525878.2118923068 189171
57 0.5 519840493.93417143822 185782
58 0.5 501098135.91070789099 183735
59 0.5 526967989.19263160229 182718
60 0.5 524729229.15813535452 181933
61 0.5 553427417.51974773407 181323
62 0.5 532309323.56724572182 181126
63 0.5 497476459.06304997206 180841
64 0.5 524360328.99527311325 180538
65 0.5 500032985.22065025568 180795
66 0.5 530071369.79151552916 203267
67 0.5 526687261.31691682339 193597
68 0.5 514250044.97872829437 188015
69 0.5 562681461.8128746748 184836
70 0.5 535342147.20375138521 183240
71 0.5 544305925.52278971672 182231
72 0.5 504641078.20474362373 181612
73 0.5 507747165.78847318888 180827
74 0.5 514182874.78460586071 180726
75 0.5 498717144.54811817408 180513
76 0.5 518504575.86121165752 190654
77 0.5 516647222.51638156176 197024
78 0.5 544687987.82615709305 200819
79 0.5 563812744.6708637476 194169
80 0.5 518500966.58569651842 190876
81 0.5 532713460.4502825141 188992
82 0.5 496342147.1078774333 187942
83 0.5 512682159.74430161715 187201
84 0.5 545566691.62790477276 186828
85 0.5 527266871.43103682995 186327
86 0.5 516474495.37196397781 186384
87 0.5 513220003.05156201124 180664
88 0.5 527719284.24248284101 180291
89 0.5 523592181.94113731384 195097
90 0.5 506028183.85490918159 187659
91 0.5 504779072.58961158991 184790
92 0.5 518381443.9818328023 183181
93 0.5 550644238.66308546066 182043
94 0.5 542584410.72708642483 181537
95 0.5 506713246.17639607191 181178
96 0.5 523964225.03125983477 181098
97 0.5 509434008.85445857048 180606
98 0.5 534179771.44058459997 180416
99 0.5 540671090.1604590416 180205
% Edges = 0.75
0 0.75 524958098.24702173471 281882
1 0.75 533396764.88559961319 281396
2 0.75 530644068.67805713415 274041
3 0.75 523990213.51783746481 271278
4 0.75 514711140.09466487169 269796
5 0.75 525964694.07276183367 269586
6 0.75 509995774.45991122723 268258
7 0.75 541642509.09394264221 267896
8 0.75 520565670.43297731876 286439
9 0.75 529641248.49957746267 282057
10 0.75 510432019.7124761939 275466
11 0.75 518516010.60723090172 272097
12 0.75 544972496.83813619614 270223
13 0.75 532711067.23144948483 268976
14 0.75 533479676.94209808111 268523
15 0.75 528595057.47489982843 267863
16 0.75 517139829.82209634781 291941
17 0.75 520588617.82040911913 281587
18 0.75 526277130.79595923424 274992
19 0.75 534335430.65544056892 271743
20 0.75 505301157.10842448473 284274
21 0.75 525606492.11332756281 277816
22 0.75 532116554.40948945284 277073
23 0.75 535306239.25314366817 282094
24 0.75 526296482.10150867701 306842
25 0.75 523843560.43956249952 289886
26 0.75 522201778.24111169577 282774
27 0.75 526789148.62598311901 274616
28 0.75 525355697.93630295992 269322
29 0.75 534094838.28469544649 268402
30 0.75 504287542.34862345457 267903
31 0.75 532519832.16010034084 280852
32 0.75 538244541.59809184074 293242
33 0.75 543054894.16498959064 278109
34 0.75 524125691.03181016445 271916
35 0.75 524414072.89840817451 269600
36 0.75 504084872.94999438524 268525
37 0.75 517085838.4768384099 267719
38 0.75 516527620.09793663025 267426
39 0.75 525240750.13988178968 288917
40 0.75 533044089.00152438879 289836
41 0.75 529394636.27877432108 275821
42 0.75 523267784.61350435019 271307
43 0.75 550628118.33313632011 268911
44 0.75 520703990.2474245429 268048
45 0.75 521822412.43836200237 267479
46 0.75 527855979.61563050747 267188
47 0.75 529191611.66781163216 296740
48 0.75 509231280.35643142462 285842
49 0.75 519416633.05723577738 274229
50 0.75 538879120.06703996658 270255
51 0.75 520973751.74467688799 268393
52 0.75 529349534.31574648619 267631
53 0.75 503426518.92905092239 266940
54 0.75 558013577.23296904564 267008
55 0.75 516798429.73302423954 293057
56 0.75 536061738.584882617 291917
57 0.75 519891109.37956911325 279554
58 0.75 542526822.02735507488 277145
59 0.75 487576495.62515878677 276005
60 0.75 536733950.93866050243 275585
61 0.75 546448994.09782516956 275151
62 0.75 556787615.98913276196 276981
63 0.75 547576376.24940049648 272259
64 0.75 545186821.53698265553 266443
65 0.75 536308221.41416692734 266316
66 0.75 522538053.725938797 266585
67 0.75 520157487.71037000418 266097
68 0.75 521432267.53406465054 266158
69 0.75 533024984.92769098282 266153
70 0.75 537250121.01243257523 270545
71 0.75 520930420.48724853992 277789
72 0.75 530997130.33281028271 272323
73 0.75 537379686.51654350758 270384
74 0.75 538928985.97898316383 269122
75 0.75 513448929.85411351919 267830
76 0.75 530462241.45437806845 267717
77 0.75 520161714.16341894865 267457
78 0.75 507741443.00868618488 274005
79 0.75 528503100.73692715168 277722
80 0.75 518971563.5177320838 272199
81 0.75 527126820.85783576965 270250
82 0.75 520240743.08351385593 269332
83 0.75 525350263.63293421268 268533
84 0.75 525557865.15167307854 268445
85 0.75 531763686.50600647926 267496
86 0.75 524019144.64699935913 277218
87 0.75 491219835.37179815769 283513
88 0.75 536736407.20433139801 276718
89 0.75 547087980.0729970932 272673
90 0.75 506448750.87655484676 270631
91 0.75 548916390.82619190216 269243
92 0.75 537825235.7785885334 268539
93 0.75 507641512.00725030899 281799
94 0.75 511495482.13614141941 295075
95 0.75 497674679.30822193623 295176
96 0.75 537701294.00280380249 285737
97 0.75 523718769.39590251446 281696
98 0.75 515650133.10625874996 279211
99 0.75 520407582.04113006592 278246
% Edges = 1
0 1 522762674.98223376274 369975
1 1 509505861.01196658611 383624
2 1 522814252.71443551779 382260
3 1 547040425.82566535473 372328
4 1 539085847.10307168961 366310
5 1 515846347.95167142153 365267
6 1 526147217.96433526278 363319
7 1 525986293.08518099785 386305
8 1 508272414.69891047478 376177
9 1 532626521.48215478659 369439
10 1 523375140.34982055426 365206
11 1 533794196.06662237644 364049
12 1 522707605.08627307415 363687
13 1 511188283.56567358971 394339
14 1 509006463.0365036726 374591
15 1 518772542.46153956652 367926
16 1 532988442.04161286354 364604
17 1 519847927.85739427805 364312
18 1 534444784.8097602725 368446
19 1 534434256.72935682535 393616
20 1 534430426.37585252523 374155
21 1 523404683.24734455347 380992
22 1 563323007.10356032848 375858
23 1 520945738.37456613779 374653
24 1 518516421.60073286295 394772
25 1 521792207.67176139355 390298
26 1 532784793.16403353214 379724
27 1 526056519.78838211298 364700
28 1 513091084.27584213018 363183
29 1 523352086.07698529959 363099
30 1 524398711.36208254099 381711
31 1 529221428.92145329714 371467
32 1 526134722.34511864185 365972
33 1 513982251.61533534527 365169
34 1 527730530.84139609337 363187
35 1 520038922.78460425138 362974
36 1 511380892.60706096888 388118
37 1 512345120.64969420433 371590
38 1 528043667.56628227234 366615
39 1 523015376.17900544405 364686
40 1 529222821.68871307373 363096
41 1 518889013.5286796689 370862
42 1 536693781.1655049324 387140
43 1 543370291.29158067703 372585
44 1 521447895.47690325975 366757
45 1 547313375.73028540611 364873
46 1 520444199.67413169146 363340
47 1 506651310.45068979263 377762
48 1 524416428.25717651844 402183
49 1 526062191.89553081989 384636
50 1 527093591.1703877449 378422
51 1 526487235.37002336979 376296
52 1 514002631.83671629429 374014
53 1 514717962.8202599287 401871
54 1 538363855.79436969757 378413
55 1 529497478.17188036442 368894
56 1 510845332.5154748559 364791
57 1 518742862.9389616847 363621
58 1 526159552.09860211611 362014
59 1 531381785.39118468761 402438
60 1 527612138.51746404171 372904
61 1 504473460.95281088352 366066
62 1 537361841.69144320488 363066
63 1 525822733.02507615089 362653
64 1 529818430.56297880411 370439
65 1 520116646.84429049492 397735
66 1 518692075.42949199677 372044
67 1 543895520.80907988548 366314
68 1 516881719.70777636766 362773
69 1 528070641.55961322784 362258
70 1 517752725.40829694271 386317
71 1 545703989.4617677927 387151
72 1 510294911.99272197485 368626
73 1 520197837.5214138031 363909
74 1 528944207.33482289314 362027
75 1 519674399.65600126982 375386
76 1 517578839.14466285706 404583
77 1 550633398.54857885838 384935
78 1 543884401.12370681763 375917
79 1 528811787.79151457548 373602
80 1 521025610.36199247837 365890
81 1 535276107.12782752514 361425
82 1 523814246.23194253445 360289
83 1 517178013.84463471174 360963
84 1 534790342.4555080533 360021
85 1 528348393.71385914087 360777
86 1 496060899.39159494638 359937
87 1 523743340.97149443626 362386
88 1 554578111.6630897522 360088
89 1 513457705.2832852602 360866
90 1 523935608.96459621191 359988
91 1 521658073.02694255114 360247
92 1 534137415.04477828741 360002
93 1 534235248.07671582699 363490
94 1 532170170.78531885147 369446
95 1 522520946.98005664349 365446
96 1 517933276.7306060791 362714
97 1 520508466.96057236195 362407
98 1 516898916.46328437328 361432
99 1 529706979.04341048002 368730
% Edges = 1.25
0 1.25 529404966.56272917986 463700
1 1.25 521916372.17560786009 455330
2 1.25 518120678.0408257246 472861
3 1.25 531641667.39954376221 464719
4 1.25 512352759.13181060553 486951
5 1.25 521070170.38768184185 483945
6 1.25 532587206.50345301628 460236
7 1.25 513292954.08409708738 453123
8 1.25 514862877.23795729876 451256
9 1.25 530093849.4867670536 483681
10 1.25 520366225.43793648481 462189
11 1.25 516032214.98269915581 455254
12 1.25 524917952.41397553682 451841
13 1.25 531935901.17782890797 463066
14 1.25 523028660.13156551123 474357
15 1.25 524428745.6011967659 459179
16 1.25 525373114.30481439829 452773
17 1.25 521888930.99136340618 451738
18 1.25 527013612.50346285105 474515
19 1.25 528580550.61765307188 465658
20 1.25 521506981.14017999172 455386
21 1.25 508893470.5680141449 452833
22 1.25 523303266.23291736841 451193
23 1.25 518815253.49949711561 490101
24 1.25 520465188.55517578125 459983
25 1.25 533713761.57742613554 453819
26 1.25 502229482.04835367203 450873
27 1.25 524709906.10281443596 466724
28 1.25 516319897.53698396683 477377
29 1.25 521699988.20953160524 458900
30 1.25 523328540.84780228138 452388
31 1.25 532838723.30153292418 450749
32 1.25 519308083.86075603962 474373
33 1.25 530323129.19444131851 461330
34 1.25 525086593.38509851694 453090
35 1.25 522896223.65769916773 450817
36 1.25 531098741.03476750851 451557
37 1.25 530471695.65944230556 472503
38 1.25 511033200.30797821283 456022
39 1.25 503024183.34085798264 452602
40 1.25 515302720.04824346304 450746
41 1.25 518382937.25541329384 465298
42 1.25 533699813.16197121143 466813
43 1.25 534541209.25893265009 455896
44 1.25 537225605.60092687607 452168
45 1.25 517437918.79546701908 466782
46 1.25 520291995.2252394557 493993
47 1.25 514308745.66310954094 480462
48 1.25 537081607.65890991688 469661
49 1.25 518342238.28705352545 460034
50 1.25 518557967.23471963406 455145
51 1.25 512919755.93251687288 482916
52 1.25 509024886.61572438478 460069
53 1.25 518138103.31882441044 453538
54 1.25 507504667.33199095726 451286
55 1.25 522225232.39672672749 470980
56 1.25 532431858.84392017126 473376
57 1.25 537548039.39363443851 457132
58 1.25 522591314.79997646809 452420
59 1.25 521577080.82234746218 450330
60 1.25 526123763.79723757505 487772
61 1.25 516295005.99248117208 463291
62 1.25 548179689.25406050682 452848
63 1.25 522131204.25974494219 450676
64 1.25 521488940.16134089231 455894
65 1.25 520273365.3386054039 490082
66 1.25 523261844.90787380934 463389
67 1.25 522887059.73804533482 465714
68 1.25 524107978.86164826155 463104
69 1.25 538410807.32125449181 500497
70 1.25 521704167.5009726882 487097
71 1.25 517882626.32783544064 455067
72 1.25 518955731.1535590291 449261
73 1.25 525914919.59348922968 448521
74 1.25 528036065.68019872904 483719
75 1.25 524014457.11334753036 455421
76 1.25 522851911.525406003 449452
77 1.25 501214734.19453018904 448256
78 1.25 515153779.01740473509 447713
79 1.25 502416042.03645908833 447739
80 1.25 530657275.1564014554 447536
81 1.25 515313087.88447034359 447526
82 1.25 524284557.04834336042 446974
83 1.25 518304366.59942895174 449447
84 1.25 531892398.90538656712 446855
85 1.25 545297993.57780313492 447335
86 1.25 523963557.61093568802 446785
87 1.25 519596868.84276866913 447395
88 1.25 535806527.91448712349 455551
89 1.25 534016741.13727831841 449127
90 1.25 530615486.37029290199 447817
91 1.25 517370796.41029572487 447661
92 1.25 543770757.98728322983 446836
93 1.25 529714167.09560585022 466943
94 1.25 516222161.18039488792 454595
95 1.25 525379721.31265521049 451147
96 1.25 510461507.91079819202 449403
97 1.25 526537589.06906402111 455348
98 1.25 520794643.54965698719 474242
99 1.25 525335053.905613482 458973
% Edges = 1.5
0 1.5 523266496.78926670551 541819
1 1.5 534401253.83041155338 539012
2 1.5 507065564.43692588806 572616
3 1.5 530803600.27352845669 550793
4 1.5 517681608.60459536314 540915
5 1.5 551106983.71296560764 542876
6 1.5 520125736.78375160694 569972
7 1.5 530776988.80535537004 546249
8 1.5 509573073.60463315248 544553
9 1.5 532856746.87389606237 562786
10 1.5 514853354.79102945328 587026
11 1.5 503436235.49214887619 563116
12 1.5 516025439.80139154196 546887
13 1.5 517250889.12380498648 553128
14 1.5 514250161.39653629065 563759
15 1.5 522459837.97466373444 544028
16 1.5 526789461.74682420492 539647
17 1.5 514731429.24149626493 560043
18 1.5 522895970.83170574903 562015
19 1.5 506124967.15568625927 543742
20 1.5 525361525.57954370975 538163
21 1.5 526979250.98401683569 559844
22 1.5 529299071.82367473841 550746
23 1.5 536306425.18307465315 540468
24 1.5 547175613.51278698444 537664
25 1.5 518213403.46076452732 558152
26 1.5 504503562.51000279188 546182
27 1.5 537896889.48854780197 564953
28 1.5 526456130.90280324221 554264
29 1.5 509270773.49254202843 585236
30 1.5 530135967.95899122953 556074
31 1.5 532200396.34464418888 540964
32 1.5 525846626.66496634483 537699
33 1.5 526928223.77759897709 570907
34 1.5 504131173.35765683651 548103
35 1.5 519469590.08345603943 540654
36 1.5 530435536.3155657053 537571
37 1.5 525705667.83857929707 575414
38 1.5 522091786.2749902606 547995
39 1.5 524642191.74903190136 540460
40 1.5 513085454.6735970974 539978
41 1.5 521433938.99406653643 578518
42 1.5 532599575.84040153027 545750
43 1.5 525510655.63984829187 539439
44 1.5 510919635.57212591171 547549
45 1.5 533007908.73855417967 602061
46 1.5 520007531.70360118151 561026
47 1.5 515174895.17672812939 554778
48 1.5 508917342.38645887375 569732
49 1.5 525322505.33326554298 564704
50 1.5 526102072.69403111935 540760
51 1.5 513842650.96223050356 537105
52 1.5 521968633.70880782604 567315
53 1.5 532666997.55512952805 560240
54 1.5 539362359.15950405598 539363
55 1.5 525946835.06685525179 535930
56 1.5 522539976.76857209206 564312
57 1.5 508450230.85300725698 547920
58 1.5 518320110.85895335674 537329
59 1.5 533616378.13805752993 535116
60 1.5 546949974.16285765171 533981
61 1.5 532488650.71723681688 534546
62 1.5 527298088.7520840168 533867
63 1.5 510327495.40173900127 551251
64 1.5 522492530.77716958523 552092
65 1.5 538181783.098077178 550409
66 1.5 524592319.99796777964 549201
67 1.5 516171461.13411009312 534240
68 1.5 515030180.94073802233 533916
69 1.5 515505502.15797924995 533875
70 1.5 514158779.57563602924 533422
71 1.5 532969115.26394230127 533895
72 1.5 525706903.06893414259 551172
73 1.5 522614469.54786890745 543414
74 1.5 516200374.63145625591 538240
75 1.5 530725734.08338212967 536772
76 1.5 530832409.32132273912 562931
77 1.5 524126115.77267587185 549710
78 1.5 522586125.01618891954 540658
79 1.5 512694548.94976490736 537897
80 1.5 530299242.57568478584 570122
81 1.5 541348504.5297100544 566753
82 1.5 542226068.26541388035 557394
83 1.5 528627872.42801505327 557323
84 1.5 533935613.22147101164 591321
85 1.5 522487405.05698138475 549157
86 1.5 526547196.59674739838 539084
87 1.5 530543098.90955734253 543110
88 1.5 529003833.64470458031 566049
89 1.5 518486879.92728257179 544925
90 1.5 529660842.03186237812 538453
91 1.5 523013386.42068463564 543757
92 1.5 526452628.54922628403 569267
93 1.5 499301060.5547888279 544637
94 1.5 507733657.59911769629 538162
95 1.5 517699663.05712902546 550810
96 1.5 514403030.81682759523 567937
97 1.5 519065254.68400138617 543968
98 1.5 529033215.34752076864 537836
99 1.5 529884159.39465922117 571484
% Edges = 1.75
0 1.75 513388571.90812712908 664565
1 1.75 519529091.59048712254 648391
2 1.75 521827484.48915404081 647008
3 1.75 519155026.45324844122 646791
4 1.75 525346208.30743128061 628895
5 1.75 531768882.78603887558 627312
6 1.75 520163065.637398839 652875
7 1.75 531871401.36176800728 634475
8 1.75 509667235.51515299082 626836
9 1.75 518816704.31219530106 644975
10 1.75 524262639.36044687033 647052
11 1.75 538093798.74980664253 630724
12 1.75 513983256.83206880093 625968
13 1.75 529608084.17644035816 666503
14 1.75 526220346.47915232182 633224
15 1.75 526629902.51586902142 649487
16 1.75 537814797.35404253006 684826
17 1.75 531584067.35585868359 661237
18 1.75 527151242.06765270233 633651
19 1.75 513263002.89913552999 652490
20 1.75 518996155.4065438509 648850
21 1.75 531222743.40593993664 628031
22 1.75 506409537.50494474173 626589
23 1.75 517043210.54650652409 672478
24 1.75 525791355.18944203854 629308
25 1.75 524667098.24834835529 624093
26 1.75 528987797.80049818754 668121
27 1.75 518312757.78198683262 636463
28 1.75 529363759.92232298851 623769
29 1.75 543897680.69172585011 643154
30 1.75 536054483.07134211063 652839
31 1.75 529942877.19018083811 644738
32 1.75 513202698.77956837416 641164
33 1.75 513419960.62621283531 641253
34 1.75 511671008.79893642664 620632
35 1.75 530853865.48223227262 621550
36 1.75 520854812.7548982501 622155
37 1.75 524094869.80411970615 621071
38 1.75 528140644.96784311533 620746
39 1.75 514967702.00085103512 621386
40 1.75 516524563.60776787996 620905
41 1.75 495273238.29589813948 621428
42 1.75 528585813.38120818138 620686
43 1.75 522524996.19121986628 637926
44 1.75 522756435.22521352768 629853
45 1.75 519903087.95671671629 626200
46 1.75 527193262.69741296768 653677
47 1.75 527966127.94884485006 670435
48 1.75 519175655.91007846594 650128
49 1.75 520865649.40879327059 642983
50 1.75 520601607.86814492941 660944
51 1.75 545334719.7282654047 633382
52 1.75 509730297.96681565046 625681
53 1.75 525748171.24265092611 655399
54 1.75 529965456.88182967901 637158
55 1.75 553621773.20358514786 627294
56 1.75 539263543.70568037033 639719
57 1.75 511450968.20093429089 648072
58 1.75 521049118.78944164515 629130
59 1.75 534791851.84341681004 625281
60 1.75 534092943.40167033672 663248
61 1.75 519420238.96784389019 631846
62 1.75 521815064.49071276188 647542
63 1.75 518237774.97806382179 684429
64 1.75 524605875.39646375179 660504
65 1.75 527568959.35040646791 632019
66 1.75 537277395.95544707775 641513
67 1.75 537505555.90597903728 642290
68 1.75 506430303.73742580414 626426
69 1.75 525166854.47600007057 623835
70 1.75 510336646.16430985928 650577
71 1.75 531443959.56258219481 629480
72 1.75 516700809.87275016308 623834
73 1.75 538872474.71029734612 650301
74 1.75 517895359.95580267906 634529
75 1.75 540112494.19977855682 626951
76 1.75 537543987.05271780491 636768
77 1.75 522968151.71127140522 661331
78 1.75 525040185.46430557966 649884
79 1.75 532621373.50135040283 645240
80 1.75 536197458.62386715412 688305
81 1.75 531647380.61037039757 633614
82 1.75 525348780.62970113754 625133
83 1.75 538297038.36816370487 658874
84 1.75 524521848.33806979656 638894
85 1.75 518133874.10081380606 626923
86 1.75 523899346.25970554352 640713
87 1.75 533254711.25722837448 656881
88 1.75 524267337.99160826206 627123
89 1.75 528855836.64622795582 623687
90 1.75 509587134.79804170132 671051
91 1.75 530248195.4140124917 630608
92 1.75 524484732.86681073904 622673
93 1.75 508374719.54065316916 686066
94 1.75 536347736.32919347286 661142
95 1.75 527689226.2251881361 644089
96 1.75 526763277.74089306593 648137
97 1.75 513705211.24961435795 643566
98 1.75 529778912.79763501883 623267
99 1.75 523445472.63562822342 621010
% Edges = 2
0 2 528790865.95979696512 738245
1 2 530251322.79525464773 746112
2 2 518464206.70780819654 758552
3 2 530893997.50337654352 757168
4 2 525774838.80491828918 757319
5 2 508398707.79207491875 756849
6 2 526655657.90831696987 757067
7 2 518312772.09758234024 773162
8 2 521032111.89131814241 790310
9 2 526399803.09818542004 790817
10 2 523076499.45066940784 764537
11 2 537223144.31775391102 787069
12 2 534194841.11880815029 772961
13 2 523673084.82494908571 762157
14 2 526342508.37876492739 798835
15 2 517652466.25039303303 769453
16 2 537931360.27440536022 770112
17 2 534465818.76588326693 792783
18 2 538509648.84744858742 765628
19 2 536537084.76031064987 779648
20 2 526705659.04278945923 804997
21 2 524624850.67621105909 789464
22 2 519889289.29274761677 824681
23 2 523375129.26230531931 771921
24 2 525078524.61891913414 761017
25 2 528241332.79732441902 804339
26 2 509825984.83883100748 767076
27 2 521951058.32636225224 769599
28 2 530638267.75037878752 786229
29 2 529150222.02505558729 762787
30 2 534140106.82283347845 777288
31 2 520571317.2148553133 771904
32 2 518712032.65568202734 763262
33 2 514321077.73538643122 818798
34 2 509724241.74377912283 796771
35 2 528185265.6983897686 779328
36 2 527288190.754350245 797270
37 2 520219615.18178200722 767145
38 2 512469602.32176470757 771062
39 2 513416625.71289384365 794845
40 2 533220450.25975453854 765897
41 2 517211659.94598722458 783253
42 2 521740232.09482800961 785171
43 2 517107852.87554681301 762650
44 2 528863502.69172412157 799571
45 2 516863821.27913987637 772333
46 2 527473457.68791234493 791601
47 2 516138468.82657188177 840025
48 2 521062739.75641936064 777004
49 2 524876171.3535271883 767956
50 2 512758177.73194414377 803155
51 2 517819638.30753076077 760773
52 2 518984435.47330719233 777361
53 2 534176187.22861754894 773732
54 2 504056004.7771500349 758191
55 2 540441316.26731133461 758013
56 2 529106581.88699358702 755394
57 2 526033924.3819501996 755462
58 2 537817998.06253445148 755461
59 2 524199748.43946313858 788155
60 2 521816977.31378358603 779628
61 2 525002555.61325180531 772257
62 2 523090608.93667298555 756871
63 2 521848703.98291581869 763267
64 2 535620931.63996756077 787049
65 2 523173422.20003521442 763712
66 2 525381495.48114389181 779264
67 2 521087535.91598045826 782455
68 2 523952442.72689652443 762894
69 2 516639030.11069339514 789400
70 2 533694165.34652936459 772011
71 2 533464611.81037980318 763699
72 2 530052540.75227320194 794048
73 2 520296009.44865387678 766146
74 2 522720619.11185181141 765528
75 2 529276790.28229475021 794255
76 2 520610560.00936383009 763259
77 2 527048058.47749578953 777835
78 2 525759389.66821706295 787955
79 2 513281214.90584641695 762126
80 2 523168221.38247418404 784638
81 2 515630094.62676411867 768599
82 2 539071930.15108597279 758594
83 2 517591049.00196790695 783897
84 2 522345056.52423876524 763585
85 2 520392000.18917709589 758566
86 2 532498956.27914875746 791666
87 2 513668976.34685522318 762541
88 2 525569197.53183847666 771843
89 2 507225720.85325223207 786922
90 2 503625367.62188082933 763617
91 2 509916463.60792446136 784028
92 2 534873051.31405097246 779503
93 2 531804775.99444830418 762479
94 2 515616063.95956206322 795812
95 2 513819347.20932996273 771679
96 2 513739350.66098475456 759275
97 2 538545919.1323261261 805886
98 2 524452350.08849996328 763683
99 2 523433727.74444794655 767117
% Edges = 2.25
0 2.25 508618684.38428759575 893727
1 2.25 522146520.48078584671 839066
2 2.25 519244976.43512248993 894187
3 2.25 518438591.86088222265 856374
4 2.25 522721206.429020226 854286
5 2.25 513897473.77878326178 874031
6 2.25 517060960.65933859348 846842
7 2.25 515597993.86496514082 846533
8 2.25 527437121.10236483812 845004
9 2.25 516319408.33232837915 843724
10 2.25 510663771.1115026474 843450
11 2.25 520580418.26407074928 844032
12 2.25 527812802.38507467508 846551
13 2.25 513434407.45852351189 844960
14 2.25 520927547.08768337965 848066
15 2.25 526636796.03431081772 880401
16 2.25 527624826.66126793623 857484
17 2.25 526672660.71994525194 878625
18 2.25 519575934.59489023685 863865
19 2.25 530311730.51558357477 857813
20 2.25 532167508.46452617645 881285
21 2.25 520451460.28039056063 852519
22 2.25 522632861.4523858428 879992
23 2.25 520111717.04217535257 858792
24 2.25 520061930.81350362301 858061
25 2.25 522758102.02844929695 882934
26 2.25 518295434.74080264568 851384
27 2.25 529355243.58516770601 887962
28 2.25 539542101.53385436535 860454
29 2.25 522801913.52719116211 859139
30 2.25 510160232.49064987898 873475
31 2.25 532974245.58797544241 849545
32 2.25 531615572.05173277855 872293
33 2.25 521570632.89014279842 854551
34 2.25 539676995.07652699947 862582
35 2.25 527125772.86496454477 870951
36 2.25 520397544.66276741028 851151
37 2.25 524487938.09273570776 882665
38 2.25 518709275.78520643711 859341
39 2.25 515589435.61509388685 861996
40 2.25 532151861.68141418695 883123
41 2.25 527993322.98268139362 852614
42 2.25 533912613.57312011719 889465
43 2.25 532114726.25239920616 858838
44 2.25 527634696.00638759136 864607
45 2.25 527372595.6091992259 884492
46 2.25 527893737.52432817221 849907
47 2.25 514744629.87520843744 896819
48 2.25 524839734.15660136938 854313
49 2.25 524202599.31872540712 870148
50 2.25 514610336.60413736105 880374
51 2.25 511320713.44266420603 847707
52 2.25 523901882.45322233438 880582
53 2.25 517774488.75502759218 848876
54 2.25 527848873.60986465216 846050
55 2.25 521234232.68113571405 843701
56 2.25 526285683.46626526117 843374
57 2.25 518249258.00000017881 843506
58 2.25 512935600.58259040117 843693
59 2.25 526284048.93681824207 844339
60 2.25 518866863.71880096197 846005
61 2.25 514505978.89000362158 843718
62 2.25 512543784.84368795156 877251
63 2.25 525734591.2736145854 856833
64 2.25 519334073.61032378674 859859
65 2.25 529277961.20510214567 881990
66 2.25 518862650.23265618086 852316
67 2.25 525699197.84021872282 884291
68 2.25 529484559.56096214056 856572
69 2.25 521088866.44106918573 863354
70 2.25 519524235.74228453636 873412
71 2.25 511971877.84622454643 850855
72 2.25 518022929.08185350895 887040
73 2.25 518964637.00996172428 855451
74 2.25 527714901.99063760042 867631
75 2.25 526153182.60157996416 878642
76 2.25 516046267.30521798134 850831
77 2.25 516918566.88441419601 881632
78 2.25 523965761.5846876502 852432
79 2.25 525418759.52558487654 865870
80 2.25 531188910.17929548025 860600
81 2.25 528458429.76605039835 849374
82 2.25 519567551.03210949898 882129
83 2.25 530822084.51771372557 853316
84 2.25 527813882.206633389 872049
85 2.25 524144282.74417233467 868439
86 2.25 525436870.87820392847 850930
87 2.25 524097674.7720117569 891507
88 2.25 518687963.80414617062 855452
89 2.25 523623285.73506230116 879634
90 2.25 515817261.34255164862 867038
91 2.25 514052873.45760345459 849181
92 2.25 526111424.32326704264 897795
93 2.25 542744531.32329952717 851125
94 2.25 519073901.5472728014 885809
95 2.25 532538678.93181163073 863009
96 2.25 516766839.11673504114 850840
97 2.25 517465588.32081711292 898571
98 2.25 520262793.74597764015 848796
99 2.25 518399834.95469391346 875543
% Edges = 2.5
0 2.5 530312875.71942067146 943873
1 2.5 516518959.85147696733 924794
2 2.5 532541599.17155587673 934064
3 2.5 528694839.60186904669 933549
4 2.5 527954541.52874881029 933920
5 2.5 541782545.7506633997 933680
6 2.5 521529721.54259800911 934304
7 2.5 530806619.28410285711 933047
8 2.5 518866677.67367511988 936229
9 2.5 519809397.83198851347 935077
10 2.5 531031349.3545743227 955725
11 2.5 514670475.78699964285 956774
12 2.5 525878638.50418192148 951376
13 2.5 521986053.69922751188 973033
14 2.5 516748952.1168332696 948555
15 2.5 516284908.74844187498 975361
16 2.5 526832688.27920913696 942546
17 2.5 530134612.47511178255 977607
18 2.5 525385492.59797245264 943294
19 2.5 528639797.15092104673 977980
20 2.5 528307427.254586339 945706
21 2.5 514874928.12722414732 978271
22 2.5 531665830.438839674 951308
23 2.5 515605007.31069093943 963633
24 2.5 510305525.83946472406 951092
25 2.5 535240378.69975847006 955426
26 2.5 512057347.96881961823 952553
27 2.5 512000489.35655766726 952182
28 2.5 524210573.1644269228 962904
29 2.5 533889954.87030512094 941260
30 2.5 515482025.67393696308 980839
31 2.5 518957732.13194334507 943444
32 2.5 520886451.50109857321 981835
33 2.5 534099792.31088298559 946248
34 2.5 523260760.87335944176 980107
35 2.5 525848214.50750482082 949489
36 2.5 529057100.379953444 978526
37 2.5 524927007.05155956745 953447
38 2.5 539268608.25080120564 967537
39 2.5 523722889.87437444925 963869
40 2.5 511127638.23316347599 949297
41 2.5 508970061.63936907053 982904
42 2.5 522939039.40423631668 940108
43 2.5 512951710.6707329154 968852
44 2.5 527775635.53509259224 936439
45 2.5 518153440.08247411251 935069
46 2.5 531255242.32983154058 933015
47 2.5 511520985.91885536909 934057
48 2.5 511941197.30484080315 934601
49 2.5 537285810.77602851391 934717
50 2.5 530795543.53874719143 935399
51 2.5 528552858.29900693893 934729
52 2.5 526761003.18618351221 973541
53 2.5 526657376.714153409 942326
54 2.5 516570549.67801296711 976184
55 2.5 531422468.22651332617 947993
56 2.5 530029011.32397127151 968939
57 2.5 530093035.10383719206 953686
58 2.5 517621951.55521869659 953077
59 2.5 526312874.31995141506 966204
60 2.5 527446032.92580676079 943129
61 2.5 527557860.08878773451 980743
62 2.5 511796713.72879344225 941520
63 2.5 521555052.00541442633 983843
64 2.5 528068168.98646008968 944372
65 2.5 524829559.87595415115 966109
66 2.5 523538190.3263373971 947079
67 2.5 528549208.65796864033 955769
68 2.5 511458468.96917045116 951839
69 2.5 532605777.79466772079 945976
70 2.5 531116572.26092594862 967643
71 2.5 529432285.79715287685 942064
72 2.5 516550507.11177450418 977836
73 2.5 529135226.39787864685 945083
74 2.5 525706489.60533833504 974488
75 2.5 522865458.77063989639 952174
76 2.5 523522344.69341427088 964808
77 2.5 523507880.94121235609 964202
78 2.5 545339207.54289650917 951184
79 2.5 528780347.3553892374 980224
80 2.5 531474944.60996359587 939451
81 2.5 524799256.66613203287 990244
82 2.5 530762168.15197855234 940843
83 2.5 508779665.18316495419 986748
84 2.5 530492073.78477519751 944591
85 2.5 540019454.53477978706 960136
86 2.5 516724578.70079696178 948558
87 2.5 516798124.18875646591 936641
88 2.5 521508447.66254037619 933784
89 2.5 532812055.39291512966 932975
90 2.5 528880314.34405010939 933207
91 2.5 526631475.30857938528 933396
92 2.5 521455132.00598543882 935335
93 2.5 521404244.78437137604 935273
94 2.5 526205437.4829120636 947951
95 2.5 528040197.94780480862 963380
96 2.5 523820719.31395882368 942780
97 2.5 516700084.52348190546 979394
98 2.5 530955282.00114303827 942835
99 2.5 527055873.20271229744 976475
% Edges = 2.75
0 2.75 525844032.87500977516 1036750
1 2.75 523896773.25593501329 1051427
2 2.75 525381073.27523845434 1022876
3 2.75 524367718.82294791937 1051978
4 2.75 524470672.33653765917 1025478
5 2.75 508602929.51868903637 1054488
6 2.75 535582669.75941389799 1028134
7 2.75 527739426.28763508797 1042117
8 2.75 526238867.58555090427 1025927
9 2.75 513071581.6927203536 1035696
10 2.75 531003317.82705098391 1025427
11 2.75 530001509.82224482298 1036441
12 2.75 522329172.13006877899 1031889
13 2.75 527209851.90276914835 1034935
14 2.75 513933053.3746086359 1042548
15 2.75 539314950.92125499249 1031508
16 2.75 533859798.36371362209 1050406
17 2.75 530186168.23404729366 1027366
18 2.75 519042018.74588376284 1056778
19 2.75 523678344.53994363546 1020368
20 2.75 527383458.20817363262 1064653
21 2.75 524079253.75604385138 1015229
22 2.75 528994365.07225728035 1068076
23 2.75 522156547.35123443604 1015179
24 2.75 526208648.89487475157 1067720
25 2.75 517163511.05096244812 1015016
26 2.75 519212212.31042253971 1047576
27 2.75 531363351.22860980034 1012844
28 2.75 529101695.85092502832 1011773
29 2.75 526175418.40808027983 1009622
30 2.75 533111871.14108717442 1009044
31 2.75 533321911.74100863934 1009222
32 2.75 519585337.50298446417 1011479
33 2.75 509314321.53552311659 1010824
34 2.75 532223622.72886431217 1032355
35 2.75 521331386.77410811186 1032680
36 2.75 520230505.55047094822 1035165
37 2.75 519492847.03119319677 1042891
38 2.75 528430801.38123810291 1031029
39 2.75 523288393.71186959743 1044795
40 2.75 528684001.09853696823 1027315
41 2.75 517322599.40645229816 1046427
42 2.75 520714920.36818695068 1024770
43 2.75 527374237.42643177509 1053323
44 2.75 525205195.23632001877 1020141
45 2.75 532582196.14434981346 1061849
46 2.75 529445438.07245135307 1017011
47 2.75 536337683.73538959026 1051036
48 2.75 518293864.73057639599 1015468
49 2.75 529162176.69258356094 1043896
50 2.75 529688026.60099750757 1016909
51 2.75 520916520.0435693264 1049319
52 2.75 518372883.23688733578 1019252
53 2.75 539739490.90409040451 1053392
54 2.75 523521563.52638357878 1022050
55 2.75 525426285.61554574966 1056590
56 2.75 533931913.93719804287 1024592
57 2.75 508948904.71759480238 1056402
58 2.75 539909362.75324702263 1026301
59 2.75 519117002.82613539696 1058179
60 2.75 533877414.747615695 1024662
61 2.75 524862251.97813826799 1055628
62 2.75 511059172.11581546068 1028484
63 2.75 527720663.63194686174 1053827
64 2.75 526190268.65123492479 1030675
65 2.75 521111095.82598346472 1034074
66 2.75 516528614.81450742483 1025925
67 2.75 529039813.35969156027 1013283
68 2.75 529405333.87852334976 1009746
69 2.75 525730660.97828865051 1008796
70 2.75 522725250.73943030834 1009078
71 2.75 520503612.5395706296 1009372
72 2.75 518379420.10725331306 1008844
73 2.75 525565852.24084860086 1009568
74 2.75 537172732.86948764324 1011448
75 2.75 517268435.30496019125 1014347
76 2.75 530595042.76822310686 1047765
77 2.75 527957381.71008229256 1022614
78 2.75 534343781.85490268469 1053809
79 2.75 539088433.94337165356 1025181
80 2.75 521482068.46018898487 1051683
81 2.75 513646719.00684595108 1024353
82 2.75 523082188.45510113239 1050071
83 2.75 531083866.88697820902 1022941
84 2.75 524312758.29284805059 1053690
85 2.75 535785776.02640789747 1023317
86 2.75 516530004.28003752232 1059149
87 2.75 521079784.63311648369 1024898
88 2.75 524654118.07679218054 1042403
89 2.75 524272477.21889662743 1025753
90 2.75 527372400.75030511618 1036563
91 2.75 531848079.04144734144 1027540
92 2.75 525834453.04740065336 1042110
93 2.75 524813502.28603672981 1026609
94 2.75 526743032.45224869251 1049983
95 2.75 523205090.27274209261 1027539
96 2.75 520455225.79578173161 1054138
97 2.75 518220499.6543969512 1028087
98 2.75 521888053.12697452307 1055789
99 2.75 529845501.22978043556 1029029
% Edges = 3
0 3 524988072.31957876682 1148635
1 3 522538231.98241102695 1148394
2 3 509265061.05625277758 1148189
3 3 520150659.27858734131 1165954
4 3 523483481.86232894659 1130486
5 3 530840218.79335933924 1153879
6 3 519508080.20112037659 1120032
7 3 545140183.97151684761 1117859
8 3 529371432.61271345615 1114677
9 3 531862426.4963222146 1115402
10 3 526345214.86488366127 1113375
11 3 521843671.55616205931 1118762
12 3 526567856.26292008162 1119789
13 3 523152566.32621598244 1153869
14 3 525333124.88958346844 1132483
15 3 523218380.11725854874 1157202
16 3 527062391.56927841902 1143594
17 3 535864948.63148206472 1144514
18 3 536894113.92066907883 1151226
19 3 522173410.78280305862 1136918
20 3 526667894.72373050451 1157977
21 3 526553543.14823925495 1131793
22 3 508554577.06737238169 1165607
23 3 541240697.72078108788 1127172
24 3 509097986.3157941699 1154899
25 3 539737026.62319970131 1123682
26 3 524034039.99020075798 1150101
27 3 527346387.24597650766 1132653
28 3 523413029.27669698 1148706
29 3 538747424.56230843067 1139853
30 3 525488617.67264592648 1150392
31 3 519472093.9829210639 1148747
32 3 527739558.90319496393 1145945
33 3 537897009.08900868893 1159180
34 3 523619717.1373206377 1136058
35 3 526001243.6767565608 1167983
36 3 524867475.34362721443 1127622
37 3 524507552.67609792948 1172143
38 3 514853821.68145751953 1122230
39 3 526213711.24069172144 1174853
40 3 521100656.58592373133 1119167
41 3 522346128.72231656313 1155014
42 3 521122304.77934366465 1117767
43 3 528738201.6632668972 1115176
44 3 522769241.66451710463 1114688
45 3 537342896.4199025631 1114994
46 3 522579959.91211390495 1113848
47 3 521096344.75633472204 1114832
48 3 529114481.41485804319 1116130
49 3 536473148.19294959307 1117246
50 3 530171672.1190533042 1150584
51 3 530925966.68524700403 1128912
52 3 519393160.39717513323 1163259
53 3 515519582.78416824341 1127741
54 3 528875634.82622981071 1161122
55 3 528742517.7309076786 1135030
56 3 538625589.04050433636 1151206
57 3 528117884.61489409208 1153184
58 3 522256009.04291856289 1138153
59 3 518441416.65793293715 1164999
60 3 518243304.38943344355 1129430
61 3 529889721.51774197817 1156217
62 3 532533111.89208042622 1122356
63 3 528130489.44556736946 1151505
64 3 513974099.80764508247 1138240
65 3 522208323.28364193439 1143577
66 3 522103127.11326646805 1148534
67 3 533505574.54884362221 1141146
68 3 513572348.57831174135 1160249
69 3 517570512.24797016382 1133779
70 3 518250870.09867584705 1167402
71 3 531918247.68754172325 1126964
72 3 519906120.64904022217 1173019
73 3 522292418.3568829298 1135690
74 3 524596416.35949361324 1161601
75 3 525387180.12882637978 1154504
76 3 531070404.30834782124 1142236
77 3 514321801.62845218182 1151043
78 3 515396867.396063447 1122703
79 3 530626718.38475227356 1119068
80 3 533690738.49406182766 1113894
81 3 524980563.83970624208 1115648
82 3 512504059.94936692715 1114095
83 3 522166740.03381985426 1118492
84 3 529311727.05255794525 1114364
85 3 534920775.53577625751 1158190
86 3 535297148.07984620333 1128099
87 3 521714297.71886879206 1161440
88 3 530997105.18247747421 1134575
89 3 516443430.22605359554 1153967
90 3 527326667.22963899374 1143620
91 3 515939062.22096592188 1142996
92 3 528329977.8691368103 1153485
93 3 522205204.36635661125 1136200
94 3 516566408.81008350849 1162564
95 3 534358512.46697843075 1130809
96 3 510542062.22644603252 1153601
97 3 530553851.69478464127 1125659
98 3 514234620.37343811989 1148435
99 3 525895265.55595874786 1123594
% Edges = 3.5
0 3.5 520227126.41918379068 1337913
1 3.5 526563303.51976430416 1330477
2 3.5 511692242.45594960451 1319255
3 3.5 522458428.86096847057 1348241
4 3.5 527745948.23085963726 1318200
5 3.5 522209410.47082638741 1340721
6 3.5 529547673.10076445341 1346969
7 3.5 521866008.13223725557 1307978
8 3.5 529262189.55901134014 1353452
9 3.5 525685534.49377298355 1327779
10 3.5 521451046.56095564365 1327077
11 3.5 538242716.47812521458 1333647
12 3.5 535315458.54808050394 1299085
13 3.5 528088796.64942926168 1294478
14 3.5 528972078.47093963623 1292454
15 3.5 508592491.79029667377 1293451
16 3.5 529285246.58422899246 1292642
17 3.5 526644001.89692103863 1295099
18 3.5 531869032.22464340925 1295828
19 3.5 526910316.00713407993 1332790
20 3.5 526116200.30248844624 1314082
21 3.5 516273253.32815259695 1342000
22 3.5 520825547.53191131353 1337516
23 3.5 516420145.14478349686 1310752
24 3.5 527139332.58345460892 1342464
25 3.5 518784267.67123603821 1334689
26 3.5 530410352.90683287382 1315726
27 3.5 516663658.57651233673 1351537
28 3.5 529431556.64015620947 1323424
29 3.5 518827347.79296803474 1316705
30 3.5 523570688.65863645077 1329533
31 3.5 523881157.94879835844 1321891
32 3.5 524259310.07344537973 1322058
33 3.5 527764646.73387402296 1340724
34 3.5 523442660.80036526918 1313123
35 3.5 511825553.60536158085 1347197
36 3.5 508657843.2842246294 1343223
37 3.5 519381348.38898605108 1312353
38 3.5 523625797.63743776083 1352814
39 3.5 514759990.87046647072 1339438
40 3.5 528610344.72519415617 1316468
41 3.5 527646942.97476792336 1355090
42 3.5 519962326.14193439484 1314091
43 3.5 530112148.44046825171 1316827
44 3.5 534088740.33855909109 1295906
45 3.5 525023950.14085638523 1293833
46 3.5 525678868.20972365141 1293544
47 3.5 523595166.02390986681 1295245
48 3.5 523071304.21827787161 1294443
49 3.5 526107705.26908171177 1335279
50 3.5 521933223.64541447163 1313474
51 3.5 521376022.38500577211 1339257
52 3.5 520143777.76274508238 1336889
53 3.5 517776581.89454728365 1311116
54 3.5 530097837.6680355072 1342283
55 3.5 523403271.63894873857 1321805
56 3.5 519732505.37327033281 1328670
57 3.5 524233400.99855649471 1348180
58 3.5 509570879.32021713257 1311667
59 3.5 521415989.63988238573 1332700
60 3.5 524661376.12214589119 1323362
61 3.5 516233198.86878162622 1308615
62 3.5 526316701.33198565245 1336203
63 3.5 528285450.45808660984 1321000
64 3.5 519908836.01776325703 1330559
65 3.5 530853681.90763419867 1344102
66 3.5 522076017.32763558626 1309652
67 3.5 523458376.802975595 1352276
68 3.5 527048273.22545295954 1336723
69 3.5 531638942.68562996387 1319072
70 3.5 523697376.45706051588 1352073
71 3.5 521923476.27431815863 1313302
72 3.5 536988541.3220757246 1343188
73 3.5 542016942.74594247341 1329102
74 3.5 521322898.42007786036 1299464
75 3.5 518198627.35691761971 1296171
76 3.5 529770370.44770288467 1293408
77 3.5 530386975.80439919233 1293383
78 3.5 527515172.28820550442 1296037
79 3.5 527587750.79765248299 1299299
80 3.5 530851377.31670731306 1338314
81 3.5 531134997.04830294847 1324929
82 3.5 517208147.76662689447 1325376
83 3.5 526979064.71791082621 1341217
84 3.5 530688623.82586157322 1312982
85 3.5 515378923.91352546215 1336276
86 3.5 526072174.09043985605 1335479
87 3.5 520971991.60771667957 1313580
88 3.5 516082761.43276172876 1351366
89 3.5 528970009.76752531528 1318879
90 3.5 529681095.41809874773 1321933
91 3.5 515915160.26166492701 1327945
92 3.5 526262946.51091766357 1303445
93 3.5 523855114.78479468822 1338210
94 3.5 524040755.40745449066 1330114
95 3.5 529792973.23505026102 1318183
96 3.5 514957151.82106429338 1346930
97 3.5 526277872.79426902533 1321635
98 3.5 522922163.03076636791 1336638
99 3.5 526486024.0795224905 1349195
% Edges = 4
0 4 515011634.15166670084 1536446
1 4 532049558.77005541325 1558870
2 4 531587309.73176890612 1567051
3 4 525152308.72280406952 1535989
4 4 526177132.89156347513 1525513
5 4 528829024.77810674906 1508855
6 4 522624160.60995596647 1507588
7 4 515965759.29376596212 1507392
8 4 525340714.85070043802 1509806
9 4 536235254.9622734189 1547506
10 4 518831674.94911473989 1538161
11 4 527217066.05451649427 1545466
12 4 523445909.69547373056 1559651
13 4 531054717.66397029161 1551206
14 4 524125636.02193206549 1533969
15 4 528783692.42770391703 1552307
16 4 526455522.80148756504 1564142
17 4 522472754.76093375683 1541902
18 4 522615785.49523574114 1527457
19 4 526961804.76635354757 1546116
20 4 534339291.08848392963 1549343
21 4 524525570.97265475988 1539133
22 4 517615748.77086371183 1545192
23 4 521578788.11119401455 1563224
24 4 530706364.30676722527 1553063
25 4 514761767.55220371485 1532742
26 4 523092148.36418372393 1567663
27 4 524033754.60318881273 1566368
28 4 525096324.65498161316 1535935
29 4 524499493.89602786303 1550803
30 4 523487505.775003016 1547659
31 4 511357686.51054680347 1510582
32 4 523416086.66969627142 1506555
33 4 539247654.7830196619 1507135
34 4 517744543.99669241905 1506198
35 4 529697687.25805902481 1507001
36 4 526263570.81919282675 1505631
37 4 525070182.23253023624 1510485
38 4 519007041.71575850248 1541563
39 4 521675883.13546645641 1537098
40 4 527478995.23034191132 1550588
41 4 534662784.6120377779 1559247
42 4 527295927.69235271215 1551172
43 4 524028333.21324819326 1537954
44 4 516851226.74309962988 1549763
45 4 526387605.8844384551 1565419
46 4 529418337.88663440943 1546797
47 4 524223146.18448740244 1537022
48 4 518314685.95495039225 1532415
49 4 520191489.42481082678 1553845
50 4 522590863.44825547934 1552284
51 4 533113985.67879283428 1542539
52 4 520132883.0151129365 1552330
53 4 524950298.50580072403 1566086
54 4 532798905.90925383568 1560384
55 4 530487011.88197565079 1539660
56 4 523346153.49092262983 1594064
57 4 515984910.98205035925 1600267
58 4 525541897.28387463093 1544055
59 4 526858242.4925467968 1515139
60 4 526931572.57237803936 1505510
61 4 522396766.71958982944 1507211
62 4 519247360.21229219437 1515827
63 4 526796760.50584900379 1552287
64 4 515603992.88452935219 1512808
65 4 523154845.43351954222 1540727
66 4 523024740.68551111221 1532083
67 4 537552487.79455280304 1549614
68 4 538479048.96333694458 1556586
69 4 511433124.49166494608 1587631
70 4 531854509.84453248978 1555586
71 4 524824254.33945316076 1559325
72 4 516459575.3192511797 1557874
73 4 518451706.69640702009 1532368
74 4 531364909.5480427742 1534809
75 4 526637221.56838035583 1543614
76 4 522206686.38610559702 1541711
77 4 528872455.85424166918 1529816
78 4 523913149.10644739866 1549773
79 4 532323037.311450243 1558304
80 4 524051673.89637696743 1541030
81 4 521506496.86221075058 1539796
82 4 521057509.49711209536 1611633
83 4 528435998.86860376596 1586057
84 4 520350574.31683385372 1530142
85 4 539587103.34064626694 1550777
86 4 537035480.49485504627 1543524
87 4 526265947.88793712854 1506858
88 4 520505194.78826832771 1523993
89 4 513795563.00271725655 1552024
90 4 527816760.57994449139 1504267
91 4 525445683.94450694323 1502304
92 4 518744660.61333692074 1501874
93 4 524551866.56863278151 1534485
94 4 512526486.24086087942 1531062
95 4 519173754.25983893871 1537520
96 4 533907631.92751455307 1555121
97 4 526296453.51210421324 1547440
98 4 522873983.06149184704 1530835
99 4 528506295.35348069668 1546647
% Edges = 4.5
0 4.5 531201949.40503948927 1743793
1 4.5 529669082.01549512148 1728050
2 4.5 533277233.37372362614 1717387
3 4.5 518334849.5753980279 1712090
4 4.5 518937523.09211885929 1724158
5 4.5 530957052.95295554399 1739344
6 4.5 528252255.02201408148 1740022
7 4.5 523680730.4393068552 1734691
8 4.5 520480750.6051274538 1723464
9 4.5 536085312.24265533686 1735997
10 4.5 523465532.45493221283 1746109
11 4.5 524885257.26637005806 1745037
12 4.5 522685533.9919398427 1718852
13 4.5 520380547.6390401125 1699527
14 4.5 529306832.57439637184 1685341
15 4.5 533499937.95156919956 1685126
16 4.5 519164722.48791468143 1684339
17 4.5 528091787.49359256029 1684433
18 4.5 522355038.09716409445 1684451
19 4.5 518330825.81900650263 1720784
20 4.5 523838485.69152855873 1736940
21 4.5 533578308.49793434143 1731935
22 4.5 521509138.27869349718 1723136
23 4.5 525410906.87759584188 1718358
24 4.5 518153981.18119430542 1738348
25 4.5 520534829.38252949715 1743519
26 4.5 527179711.31830859184 1729496
27 4.5 525064296.66969883442 1717978
28 4.5 527869806.59185248613 1712068
29 4.5 522824078.43236744404 1723363
30 4.5 520083520.71367073059 1738021
31 4.5 514748370.41027700901 1739955
32 4.5 525620845.21828263998 1732141
33 4.5 526470061.2129561305 1728620
34 4.5 526204208.60314327478 1732151
35 4.5 527036568.09965127707 1747589
36 4.5 531699089.80730438232 1745574
37 4.5 529080612.09030199051 1721006
38 4.5 525034487.04582738876 1697206
39 4.5 532080889.39244943857 1684858
40 4.5 525324935.99597942829 1684130
41 4.5 528728359.32811570168 1683449
42 4.5 517950779.65914452076 1683475
43 4.5 528590797.31198400259 1686072
44 4.5 529317542.83470988274 1718747
45 4.5 524334871.87381976843 1737574
46 4.5 521847021.08658587933 1733920
47 4.5 538805043.44745743275 1723298
48 4.5 528065373.83493167162 1718833
49 4.5 525835206.65537285805 1732828
50 4.5 521980361.33993381262 1743061
51 4.5 526590667.63569259644 1727489
52 4.5 530692495.19174778461 1717469
53 4.5 524121756.95690757036 1719070
54 4.5 518443002.31660193205 1717206
55 4.5 516650875.03759521246 1737846
56 4.5 520632679.74434030056 1741192
57 4.5 514481193.29275655746 1733730
58 4.5 522171623.01834022999 1730311
59 4.5 525925747.93882656097 1728631
60 4.5 520334192.50713175535 1746361
61 4.5 520848911.27132374048 1746296
62 4.5 527540006.42900341749 1723678
63 4.5 522954837.48075044155 1694146
64 4.5 519827531.90931427479 1683571
65 4.5 522952732.35163486004 1683538
66 4.5 530154183.38741070032 1683810
67 4.5 516799228.06712394953 1683030
68 4.5 523180923.37711489201 1689049
69 4.5 529048753.06593722105 1715282
70 4.5 528528546.00638371706 1737394
71 4.5 525167486.13034033775 1733513
72 4.5 529437100.2628762722 1724935
73 4.5 517715716.95890551805 1721249
74 4.5 532213284.41295212507 1728086
75 4.5 527157591.49938905239 1744457
76 4.5 518069343.22365635633 1728307
77 4.5 524191626.66854101419 1718648
78 4.5 527556666.06919831038 1720382
79 4.5 525801380.49792468548 1713876
80 4.5 522748154.98662191629 1739343
81 4.5 524121411.05081087351 1742264
82 4.5 522070171.54392939806 1737020
83 4.5 520375348.37635350227 1727839
84 4.5 524606478.92004328966 1726050
85 4.5 519437139.31185436249 1746009
86 4.5 534321784.93922966719 1745328
87 4.5 525863763.29870820045 1723018
88 4.5 525721055.337718606 1692729
89 4.5 536759169.8607956171 1682658
90 4.5 521424948.89460545778 1683823
91 4.5 523493802.80532896519 1683885
92 4.5 528601475.50732344389 1706877
93 4.5 523941790.72417318821 1715731
94 4.5 525887537.58661347628 1728091
95 4.5 533292238.14754503965 1737092
96 4.5 516981917.40470844507 1733235
97 4.5 519435101.35369133949 1731269
98 4.5 516844605.80230730772 1720187
99 4.5 520914401.00259977579 1730043
% Edges = 5
0 5 524115824.70745450258 1909633
1 5 529413469.13888221979 1903561
2 5 527366656.99047577381 1910848
3 5 521771076.85251313448 1915509
4 5 535568544.85739898682 1919271
5 5 526298775.70404464006 1919331
6 5 522852551.57350087166 1913941
7 5 526426473.60053342581 1917241
8 5 517060699.72289311886 1915751
9 5 536844314.75214129686 1926606
10 5 524715164.16759204865 1905371
11 5 532608527.59870630503 1864930
12 5 526082420.97322201729 1862500
13 5 522917468.6384177804 1861732
14 5 524581867.31022328138 1862330
15 5 524831546.75002276897 1878964
16 5 527617968.06235784292 1903210
17 5 533526901.08989727497 1916316
18 5 523777833.88241845369 1909052
19 5 532365904.81354564428 1913676
20 5 518465047.2892793417 1918855
21 5 527574528.85372298956 1923465
22 5 524838695.84376627207 1909526
23 5 535818541.9531737566 1901651
24 5 521984405.71809893847 1910048
25 5 527953912.705096066 1916128
26 5 523241664.81747472286 1921595
27 5 522325068.79665499926 1921892
28 5 531192780.88499605656 1921307
29 5 529732785.41479068995 1917659
30 5 528450555.72809761763 1921415
31 5 523805999.58865308762 1915132
32 5 526579367.25712931156 1900960
33 5 530171117.83012622595 1864780
34 5 520285111.81403911114 1862015
35 5 535570909.55660951138 1861748
36 5 523201401.45479434729 1890565
37 5 530255881.92270869017 1908567
38 5 526124943.013055861 1906470
39 5 521827008.59187167883 1911521
40 5 533011060.26060497761 1905036
41 5 525326577.63912469149 1919483
42 5 518457030.60830622911 1924108
43 5 525249753.72391504049 1908802
44 5 539102913.61369717121 1902075
45 5 518992540.74032026529 1907033
46 5 525560174.51603937149 1913410
47 5 518367571.08450037241 1910462
48 5 523826715.34823054075 1918175
49 5 530031371.32715559006 1909447
50 5 522498837.1460917592 1924355
51 5 528260192.94013810158 1925967
52 5 525283224.53137981892 1924651
53 5 520406153.28317445517 1903788
54 5 524022445.52137309313 1866879
55 5 525970823.56878101826 1862526
56 5 531252455.27142369747 1862485
57 5 531659551.38144487143 1862108
58 5 516073157.15354716778 1862599
59 5 519973832.0831758976 1861439
60 5 513664964.30228227377 1900152
61 5 527088517.43009108305 1916942
62 5 539426356.21477913857 1916761
63 5 521238650.85258245468 1914578
64 5 530028623.12022286654 1918056
65 5 517006265.80359786749 1921427
66 5 528827832.3576489687 1909429
67 5 515448711.71098619699 1903662
68 5 525002512.23371887207 1904109
69 5 520383333.76696395874 1911275
70 5 526026051.98265779018 1913876
71 5 523088558.3060016036 1910527
72 5 526634958.29883271456 1924926
73 5 517289846.92819714546 1923609
74 5 519983148.37602853775 1925542
75 5 522866665.85662698746 1924530
76 5 525950552.81253242493 1904478
77 5 522298092.02749454975 1865835
78 5 516304925.67383611202 1862747
79 5 527079897.1247048974 1861002
80 5 520914876.4292113781 1862429
81 5 526590302.71227544546 1874035
82 5 523396812.2482059598 1898873
83 5 532294103.522795856 1912290
84 5 524102801.98768597841 1917477
85 5 528467494.14193093777 1914870
86 5 522384250.66390579939 1918826
87 5 529602080.8019836545 1923314
88 5 518960326.34816753864 1910604
89 5 526019340.4002442956 1903158
90 5 524362977.76068270206 1907696
91 5 535055890.13685667515 1913887
92 5 523036501.9512334466 1917379
93 5 517113951.67806780338 1917091
94 5 528109713.88395035267 1925873
95 5 518164323.69708955288 1917021
96 5 534050767.17907130718 1913923
97 5 528588439.48614138365 1925021
98 5 523144814.05075848103 1902803
99 5 526468090.38326954842 1863770
% Edges = 5.5
0 5.5 522796673.09121870995 2041584
1 5.5 524416779.7533493042 2042105
2 5.5 524063687.45972424746 2076540
3 5.5 526842177.32930797338 2095841
4 5.5 526742177.01242703199 2099792
5 5.5 515036211.37083333731 2095421
6 5.5 517817109.2110658884 2099099
7 5.5 523379778.45125257969 2103973
8 5.5 527647151.08943492174 2090783
9 5.5 528996054.84082233906 2083227
10 5.5 522886671.71626836061 2089924
11 5.5 525230166.44040024281 2097661
12 5.5 517644056.57850265503 2101680
13 5.5 531512441.1471658349 2105572
14 5.5 521910581.33873724937 2107277
15 5.5 532025069.03074979782 2105618
16 5.5 519720340.28221589327 2104491
17 5.5 523069439.14626920223 2092318
18 5.5 517560652.98357242346 2061643
19 5.5 516981870.66083872318 2045715
20 5.5 525507042.42455327511 2041640
21 5.5 519635213.78305971622 2040602
22 5.5 521497511.01065564156 2040728
23 5.5 521315583.35101300478 2051608
24 5.5 529455175.89053726196 2086553
25 5.5 518906739.24595838785 2102197
26 5.5 523527490.26906579733 2099652
27 5.5 517883705.29417610168 2098453
28 5.5 526404494.02667790651 2103402
29 5.5 518573399.01383596659 2106633
30 5.5 525306784.28783208132 2094114
31 5.5 524926139.14225494862 2090090
32 5.5 522363469.64498543739 2095634
33 5.5 533511536.38046985865 2102418
34 5.5 526235730.58790278435 2107172
35 5.5 519166138.80195719004 2111205
36 5.5 518260146.12253671885 2106882
37 5.5 526509964.47706246376 2107617
38 5.5 525919745.25513720512 2101003
39 5.5 522697321.55899733305 2070568
40 5.5 529739668.085041821 2042905
41 5.5 530919839.05266481638 2040500
42 5.5 524085951.51916408539 2040427
43 5.5 527130040.07876574993 2046287
44 5.5 516993150.71699905396 2078854
45 5.5 527236231.61181473732 2096745
46 5.5 515053911.09990847111 2098374
47 5.5 521007250.14717364311 2095020
48 5.5 517404636.15414559841 2099433
49 5.5 521634819.40837967396 2104105
50 5.5 522450206.72996801138 2089115
51 5.5 522571817.43132531643 2082918
52 5.5 527756822.53574234247 2091026
53 5.5 511118941.87767010927 2099636
54 5.5 518622047.54455798864 2104869
55 5.5 531155460.26760876179 2104598
56 5.5 514671563.1791689992 2106200
57 5.5 531267640.46970039606 2105051
58 5.5 526466480.23839783669 2106312
59 5.5 520499920.3308442831 2084746
60 5.5 520527039.59563362598 2044339
61 5.5 527447074.16228061914 2041628
62 5.5 518196575.92574000359 2039630
63 5.5 524638735.37327158451 2041482
64 5.5 523015041.66185492277 2040189
65 5.5 516252879.81998795271 2073125
66 5.5 529839569.81239485741 2097255
67 5.5 514381090.73057276011 2097323
68 5.5 526076464.44435548782 2095981
69 5.5 533295047.95496988297 2100299
70 5.5 526758912.37600618601 2105608
71 5.5 528678148.62031364441 2090562
72 5.5 524180362.58507615328 2083428
73 5.5 522405171.98654991388 2091111
74 5.5 530243495.62122911215 2099634
75 5.5 526959476.71058619022 2105106
76 5.5 524959316.3108599782 2107213
77 5.5 524453791.50826728344 2105794
78 5.5 524247905.56046009064 2105194
79 5.5 525355445.36609858274 2106912
80 5.5 529622079.89575916529 2084181
81 5.5 522288972.878036201 2043954
82 5.5 521001984.64126646519 2040375
83 5.5 522580649.40660846233 2041365
84 5.5 517770358.29764556885 2075772
85 5.5 525776880.53247278929 2098140
86 5.5 523811689.8810634613 2096496
87 5.5 516329499.94794946909 2096198
88 5.5 527293183.91407364607 2099219
89 5.5 526101843.22625863552 2105939
90 5.5 519331176.1602692008 2089415
91 5.5 523365426.59138441086 2082029
92 5.5 524363788.07820892334 2091259
93 5.5 519863567.58229529858 2098907
94 5.5 528868400.08761483431 2104645
95 5.5 527768628.15348470211 2104929
96 5.5 527951299.15182858706 2105787
97 5.5 527784194.66105312109 2106171
98 5.5 518364294.93628424406 2105400
99 5.5 520763826.90742307901 2083834
% Edges = 6
0 6 522796761.81874400377 2226233
1 6 520189161.42004078627 2224120
2 6 522906419.53435987234 2224106
3 6 516612967.15861934423 2271489
4 6 518171555.96313768625 2289249
5 6 518769321.83845692873 2286694
6 6 524144352.32437968254 2286603
7 6 527133180.64757829905 2297317
8 6 522823865.77176183462 2284094
9 6 526176275.99433583021 2269770
10 6 521983808.28133511543 2273019
11 6 520131785.81467294693 2283198
12 6 513386029.87959629297 2288781
13 6 517113957.47131115198 2290645
14 6 523690896.07469457388 2289655
15 6 533792139.41047173738 2288301
16 6 521543116.86105751991 2286969
17 6 526899364.58658093214 2264138
18 6 529798084.22453999519 2224026
19 6 526960194.73869782686 2223397
20 6 525177819.16563993692 2230042
21 6 533557074.21042257547 2272455
22 6 524560432.26009690762 2285298
23 6 530685542.74474138021 2286909
24 6 528020771.67000317574 2289284
25 6 517863065.84508019686 2292679
26 6 525626889.91454172134 2280207
27 6 524715873.25645047426 2267658
28 6 524191887.58020967245 2274025
29 6 525175524.78044915199 2281630
30 6 525166054.42010819912 2287623
31 6 518761500.25335758924 2290129
32 6 519647823.67111110687 2289380
33 6 518386871.8901437521 2289142
34 6 519861477.59911751747 2288154
35 6 518754677.70495289564 2264773
36 6 519059398.50881808996 2224366
37 6 524877466.65119475126 2222312
38 6 523241087.50209718943 2223742
39 6 522675431.64813423157 2221683
40 6 529540692.6140576601 2299766
41 6 521358751.87639635801 2300697
42 6 529395518.89909929037 2284268
43 6 526250030.57048934698 2281550
44 6 517293051.31010454893 2318584
45 6 522874519.54231703281 2329627
46 6 517979215.72718542814 2280975
47 6 521747074.19066780806 2276239
48 6 529265714.04102271795 2277098
49 6 525144814.72786813974 2374831
50 6 524718140.20774978399 2294307
51 6 521942034.87649333477 2290106
52 6 523500046.07755845785 2288177
53 6 520863028.83887785673 2341559
54 6 523530684.42298692465 2282882
55 6 517721127.29862046242 2220788
56 6 520755774.0575158 2218369
57 6 519705980.35096365213 2225743
58 6 522229954.54232257605 2253134
59 6 530056031.74355107546 2282429
60 6 521068184.72757929564 2275360
61 6 520667816.66359525919 2287081
62 6 523925815.63260549307 2356523
63 6 525478439.04776823521 2285602
64 6 527050265.26524049044 2259793
65 6 532887504.74491536617 2267232
66 6 533448573.40637326241 2317625
67 6 518148606.88733917475 2316524
68 6 527566778.15423756838 2279118
69 6 523912517.10780382156 2280851
70 6 527156645.60363036394 2278112
71 6 518775206.33794718981 2351609
72 6 520437370.05116707087 2254834
73 6 521780203.74888694286 2216071
74 6 520979038.20489263535 2211749
75 6 521394948.09443724155 2260616
76 6 531971076.56638109684 2232192
77 6 521718511.80036836863 2219741
78 6 517871253.5424656868 2258786
79 6 520327641.44175845385 2287521
80 6 532716414.04082024097 2317349
81 6 527328657.98198729753 2270588
82 6 524853229.70359444618 2273739
83 6 530640119.10906040668 2259984
84 6 529361696.78434336185 2334632
85 6 530592922.8752527833 2283043
86 6 526706402.12297314405 2274334
87 6 526727804.26840800047 2290158
88 6 519961264.91246289015 2328693
89 6 523693404.24293011427 2311777
90 6 530864568.4428371191 2274096
91 6 525019139.56200474501 2253118
92 6 526395495.0134319663 2210181
93 6 523576848.46186858416 2212375
94 6 528958126.35800170898 2207291
95 6 527893287.65152913332 2213489
96 6 519892209.78605681658 2270262
97 6 524036787.51771819592 2317032
98 6 526599880.81537258625 2303564
99 6 521791397.43122506142 2277487
% Edges = 6.5
0 6.5 525802399.80571377277 2442043
1 6.5 519465092.23346310854 2468556
2 6.5 531182247.05335408449 2478383
3 6.5 530085970.48604285717 2465934
4 6.5 521943744.5366563797 2467309
5 6.5 521195700.549254179 2462526
6 6.5 530251767.2811062336 2451989
7 6.5 524878121.7776761651 2447727
8 6.5 524351968.30704861879 2422896
9 6.5 522181590.71779716015 2393087
10 6.5 531733500.67076730728 2425018
11 6.5 524525593.28928208351 2380236
12 6.5 528840310.94051635265 2378433
13 6.5 525878668.1927716732 2420554
14 6.5 518395402.89602071047 2520394
15 6.5 524257270.54725539684 2446446
16 6.5 516483336.03617626429 2459413
17 6.5 532315211.71383941174 2433749
18 6.5 532982702.03753268719 2499611
19 6.5 527380596.54626494646 2433925
20 6.5 518593947.70653760433 2457775
21 6.5 519856211.86929017305 2461487
22 6.5 516511223.52209484577 2456310
23 6.5 520633525.38829773664 2446320
24 6.5 521994903.11210215092 2441728
25 6.5 527197960.35968804359 2418007
26 6.5 521484596.96272414923 2377338
27 6.5 529404774.04956698418 2375947
28 6.5 524280093.62214839458 2375663
29 6.5 526608942.44447815418 2376620
30 6.5 520489450.84595519304 2408100
31 6.5 514868083.61589741707 2436114
32 6.5 522954343.27037233114 2446037
33 6.5 526898694.27141684294 2459809
34 6.5 519979520.59681653976 2440029
35 6.5 529285507.15289157629 2422908
36 6.5 534173601.11962938309 2429103
37 6.5 520373589.06244647503 2452358
38 6.5 521503318.03216999769 2454895
39 6.5 526334192.89903336763 2466419
40 6.5 527703439.05391544104 2449250
41 6.5 531533171.41514861584 2443779
42 6.5 523963387.51853168011 2419533
43 6.5 519585262.54694610834 2379075
44 6.5 520206350.28759479523 2375971
45 6.5 537910604.74996840954 2375671
46 6.5 515381392.84215003252 2401103
47 6.5 524306231.51953721046 2432746
48 6.5 525290715.10434055328 2432357
49 6.5 528770675.17273908854 2437169
50 6.5 526052722.0131944418 2441877
51 6.5 521541289.9054941535 2441451
52 6.5 521774462.58892935514 2430002
53 6.5 517269736.02420884371 2443991
54 6.5 528821301.89643901587 2447603
55 6.5 527279771.35689407587 2445597
56 6.5 520767070.62302589417 2445624
57 6.5 529569179.03641492128 2442440
58 6.5 525339062.15984839201 2450356
59 6.5 525504401.92415887117 2412986
60 6.5 525297900.91123282909 2378823
61 6.5 518811473.81804329157 2375417
62 6.5 531051813.94064897299 2376803
63 6.5 515011178.74120163918 2375540
64 6.5 519200206.25191062689 2375296
65 6.5 525419179.01019030809 2421168
66 6.5 523307833.2206607461 2441409
67 6.5 522121116.82887792587 2452489
68 6.5 521985646.79234027863 2446985
69 6.5 526034190.68315559626 2428801
70 6.5 525014560.9589356184 2420616
71 6.5 521673100.3636713028 2451919
72 6.5 527851416.75755757093 2451790
73 6.5 528728222.08133149147 2454791
74 6.5 526735140.41008669138 2447460
75 6.5 527470004.80965185165 2443436
76 6.5 523306144.48120677471 2448800
77 6.5 528896459.9644395113 2412848
78 6.5 526888305.13520956039 2377424
79 6.5 520803978.16413635015 2376615
80 6.5 531169035.27690756321 2376417
81 6.5 520248716.73336142302 2375627
82 6.5 520391637.43648529053 2410271
83 6.5 520982177.06790333986 2449081
84 6.5 530659683.32647162676 2449470
85 6.5 527479773.52068841457 2452940
86 6.5 530282361.9016572237 2428579
87 6.5 525843006.43648076057 2421659
88 6.5 530400610.25884872675 2438841
89 6.5 520227318.13605982065 2452139
90 6.5 521834363.2753328681 2459580
91 6.5 531029604.59896534681 2452903
92 6.5 522954593.78278529644 2448708
93 6.5 527091067.54896342754 2441482
94 6.5 527241006.11230230331 2417574
95 6.5 522783686.18186199665 2378589
96 6.5 521200139.05456680059 2376671
97 6.5 517786301.58938962221 2376832
98 6.5 528367060.26762735844 2373957
99 6.5 527163888.14845257998 2408655
% Edges = 7
0 7 532910419.77467149496 2627205
1 7 525590699.86969268322 2634435
2 7 527595554.60571819544 2631624
3 7 523082789.04597002268 2609057
4 7 520567831.0684543252 2626141
5 7 523840332.51558840275 2627532
6 7 522562344.55544775724 2627751
7 7 520736950.39320850372 2623616
8 7 530506186.39784145355 2652993
9 7 526490611.46773689985 2650632
10 7 518858771.06829786301 2605087
11 7 522215939.07297366858 2558454
12 7 519252447.79209858179 2554809
13 7 521939059.65421974659 2554909
14 7 522325094.60491389036 2586377
15 7 528062674.07927340269 2616115
16 7 525082502.92591130733 2631579
17 7 526259398.60986381769 2642863
18 7 521731725.05446964502 2610367
19 7 529418588.68652355671 2621548
20 7 524935158.10750049353 2626823
21 7 525805955.13473939896 2633983
22 7 525262513.88906627893 2627030
23 7 525472441.61318522692 2646862
24 7 514824220.33182573318 2650827
25 7 529382909.83432275057 2606509
26 7 526662357.12599986792 2560584
27 7 533419332.05751621723 2557101
28 7 521737030.15901559591 2554773
29 7 526642004.2394015193 2585928
30 7 522860882.32627421618 2612193
31 7 525124964.49199765921 2633522
32 7 520259121.1624340415 2643554
33 7 525784974.09914153814 2613474
34 7 517757671.67469787598 2604441
35 7 519342319.58098363876 2632675
36 7 523898734.94043838978 2639814
37 7 524246457.65417718887 2627920
38 7 529394704.45343273878 2638900
39 7 523743207.40978908539 2649856
40 7 525573847.93044447899 2615219
41 7 527482919.52080488205 2561855
42 7 516008463.78428375721 2555596
43 7 522541430.41637736559 2555684
44 7 519052654.38729685545 2554493
45 7 525446950.98661583662 2584454
46 7 523720736.18000262976 2610940
47 7 525452059.72979533672 2624177
48 7 525888766.29200583696 2635429
49 7 517080795.6241722703 2627070
50 7 519155150.36316251755 2603991
51 7 523222375.93719494343 2609254
52 7 529897935.72404259443 2640175
53 7 522791217.16847604513 2642735
54 7 522539898.90517568588 2633135
55 7 526154180.76981884241 2622916
56 7 518100610.32744413614 2631373
57 7 525352871.0114762187 2586447
58 7 526090987.37592482567 2557477
59 7 529234187.43939512968 2554336
60 7 522834736.01007211208 2554970
61 7 524269526.75943726301 2555052
62 7 526931739.02447474003 2580204
63 7 524117492.59982156754 2613688
64 7 520147123.06544750929 2612808
65 7 516102024.29871940613 2636237
66 7 518207505.27246171236 2636916
67 7 526804818.70891577005 2603191
68 7 515396155.1583968401 2619315
69 7 524639787.78493988514 2636943
70 7 522376748.36318928003 2642885
71 7 520895280.90376865864 2626863
72 7 524789634.38084280491 2641044
73 7 522393124.39604485035 2632864
74 7 523200703.80409824848 2565062
75 7 522660257.73962658644 2558155
76 7 521447566.81424260139 2555768
77 7 533383420.16821414232 2554992
78 7 522903628.81236714125 2583594
79 7 519417328.75044989586 2610658
80 7 526666163.61173731089 2624576
81 7 516391526.80368965864 2639992
82 7 525167277.64702349901 2619699
83 7 531104071.07523965836 2601355
84 7 521393622.43067014217 2632651
85 7 526792461.08684194088 2635816
86 7 522966485.87039017677 2630991
87 7 527494467.7817683816 2624873
88 7 520757759.41907721758 2647694
89 7 523129885.73319458961 2633209
90 7 518535427.12175244093 2562818
91 7 519862653.75795084238 2554930
92 7 519115847.81603950262 2554806
93 7 525935745.76526129246 2555029
94 7 523393569.61836534739 2586456
95 7 531532765.88786953688 2609720
96 7 519337787.55094349384 2631258
97 7 526947699.848744452 2643100
98 7 531999076.46635740995 2611684
99 7 527871716.22504884005 2612344
% Edges = 7.5
0 7.5 522559630.49557703733 2816192
1 7.5 532623892.40260958672 2815267
2 7.5 527579393.98203337193 2827512
3 7.5 526188684.3843318224 2834381
4 7.5 526227214.11799812317 2811079
5 7.5 519221524.01280552149 2778818
6 7.5 525820829.41916871071 2737083
7 7.5 522800297.10835617781 2734857
8 7.5 530485249.61947506666 2736674
9 7.5 519956133.84847390652 2759113
10 7.5 520835666.37605196238 2795718
11 7.5 515033777.04767632484 2814191
12 7.5 529634539.01898354292 2826291
13 7.5 523705392.325566113 2792126
14 7.5 521774350.85004132986 2809301
15 7.5 521972114.71145826578 2812268
16 7.5 513519173.13519901037 2808080
17 7.5 519133861.53825771809 2842615
18 7.5 521983333.60827022791 2823843
19 7.5 523451768.94070494175 2810294
20 7.5 523288248.12818861008 2772232
21 7.5 525961236.90380096436 2737492
22 7.5 531973851.90982854366 2736640
23 7.5 522926394.65213221312 2734843
24 7.5 524158720.0991948843 2766830
25 7.5 527352633.51691550016 2800995
26 7.5 529877799.30006217957 2820857
27 7.5 528916328.57251352072 2813908
28 7.5 526744728.16574048996 2806254
29 7.5 529762878.33311992884 2800183
30 7.5 525689023.17224735022 2804261
31 7.5 523891550.05591511726 2828733
32 7.5 520741429.16189557314 2832836
33 7.5 526146181.60284715891 2807481
34 7.5 531643274.62112569809 2820114
35 7.5 515234696.55105018616 2763050
36 7.5 519066680.15916651487 2738093
37 7.5 521978536.199413836 2733980
38 7.5 527921070.48013532162 2735641
39 7.5 523337714.36979657412 2768384
40 7.5 517499308.58957117796 2813533
41 7.5 532372677.25390803814 2819266
42 7.5 517225828.08098196983 2806545
43 7.5 526867941.34711754322 2809543
44 7.5 526083510.575976789 2799427
45 7.5 523284415.87606787682 2808039
46 7.5 527011330.05007880926 2834225
47 7.5 525042724.99108153582 2818839
48 7.5 519637107.96448653936 2823102
49 7.5 523738974.67698419094 2817175
50 7.5 525429101.36232751608 2746116
51 7.5 520881586.79821676016 2735595
52 7.5 526724482.86986374855 2734616
53 7.5 530308971.27760535479 2735524
54 7.5 532641264.56488847733 2784666
55 7.5 516225011.30859839916 2817417
56 7.5 526816050.48589992523 2805836
57 7.5 522544023.85692703724 2820436
58 7.5 526280611.14194232225 2801450
59 7.5 528512519.95260977745 2792590
60 7.5 525755576.56335139275 2826444
61 7.5 526053197.38609629869 2829816
62 7.5 518040487.71133488417 2808129
63 7.5 515225831.23361945152 2841554
64 7.5 525292568.17985665798 2804546
65 7.5 531186223.24900150299 2740940
66 7.5 516614219.12069827318 2737987
67 7.5 519813247.00336992741 2734883
68 7.5 521319874.7244977951 2734686
69 7.5 533437089.01075696945 2796731
70 7.5 520215468.75975364447 2810403
71 7.5 527514618.78739261627 2806102
72 7.5 513744724.44264781475 2827298
73 7.5 520785017.4993814826 2789046
74 7.5 524625747.93187201023 2811295
75 7.5 523778211.19238615036 2823299
76 7.5 524823857.26887178421 2813273
77 7.5 520691336.27188897133 2830881
78 7.5 522866606.92854070663 2834975
79 7.5 521811724.05066615343 2783247
80 7.5 514771901.58385372162 2738640
81 7.5 519434880.50212115049 2736362
82 7.5 526826011.44760382175 2735007
83 7.5 526729246.56085562706 2777954
84 7.5 520243340.80498659611 2815058
85 7.5 527733426.67096102238 2808873
86 7.5 525727832.51019233465 2806546
87 7.5 517289437.98764610291 2806899
88 7.5 526208701.81846427917 2800111
89 7.5 520989076.17754638195 2800071
90 7.5 517800260.33364856243 2829804
91 7.5 526057241.68383395672 2829759
92 7.5 526021922.11794638634 2809650
93 7.5 520012482.58224976063 2813886
94 7.5 521517519.75104063749 2768166
95 7.5 524947927.62679755688 2737685
96 7.5 525777804.35089766979 2734390
97 7.5 521308323.22961378098 2734464
98 7.5 519889166.24688977003 2734807
99 7.5 525383307.83787786961 2772964
% Edges = 8
0 8 520582759.06721031666 3080870
1 8 528360364.5411233902 3072664
2 8 526022513.29202264547 3099486
3 8 518007588.51807850599 3054688
4 8 522678909.68007749319 3094011
5 8 523220283.38099843264 3081323
6 8 523221247.45543658733 3115070
7 8 518353273.84229910374 3084432
8 8 523229789.56207370758 3098012
9 8 524001105.33374255896 3016359
10 8 515831149.84951645136 3003941
11 8 519575510.08861535788 3000052
12 8 518566464.54096543789 3015242
13 8 523501469.97903931141 3071183
14 8 523853824.17982447147 3082992
15 8 527853810.86963641644 3094652
16 8 525707885.99627578259 3076497
17 8 525700355.55147582293 3068786
18 8 522791399.08239233494 3088854
19 8 523776372.79866844416 3097954
20 8 523170479.30058169365 3097005
21 8 524233394.37868505716 3102262
22 8 527359034.93494993448 3049916
23 8 523656447.89195263386 3002836
24 8 526487511.01611942053 2999690
25 8 517276928.17864489555 3000990
26 8 527388020.88446760178 3034846
27 8 523250775.39631527662 3089048
28 8 524022199.27764266729 3077771
29 8 530637963.44889032841 3094868
30 8 517089996.95405185223 3062172
31 8 526741844.11476403475 3085984
32 8 524652303.74361974001 3088936
33 8 525528626.224578619 3105545
34 8 525265448.74468493462 3095973
35 8 527365012.86472648382 3090164
36 8 522388228.33407407999 3023198
37 8 527267797.8374055028 3003514
38 8 524059275.44534230232 3001541
39 8 525600199.43357485533 3010707
40 8 525074917.3527957201 3069818
41 8 524371233.35616064072 3077833
42 8 523062802.19107347727 3097866
43 8 528925737.70390218496 3075657
44 8 523765038.32477110624 3067579
45 8 523052941.72739958763 3082759
46 8 527904935.15354591608 3104617
47 8 526925777.70240139961 3090635
48 8 522040645.12460464239 3109600
49 8 521514041.64976543188 3051801
50 8 522658627.64611953497 3004280
51 8 519067279.67854738235 3000649
52 8 523951000.49177467823 3000205
53 8 522338249.82913583517 3033065
54 8 525395683.78959238529 3081891
55 8 518418966.81455898285 3084815
56 8 523097536.47712790966 3090504
57 8 525702333.66018801928 3065607
58 8 530003707.38252353668 3084887
59 8 526128988.96303409338 3087095
60 8 530060735.44153320789 3105284
61 8 523607271.31437468529 3095781
62 8 522818226.75156015158 3087874
63 8 529933323.88048356771 3025564
64 8 524478457.89675951004 3002103
65 8 529242574.02142989635 3000269
66 8 516373750.22900658846 3006127
67 8 530974221.47624665499 3069916
68 8 521638516.50350427628 3071587
69 8 525559942.68333679438 3100899
70 8 530962688.83950310946 3067792
71 8 517651171.166467309 3077944
72 8 526583910.63234847784 3072914
73 8 521379676.24582499266 3110870
74 8 531281282.0803758502 3082982
75 8 524331089.71483546495 3114438
76 8 525869277.27160525322 3060209
77 8 533738897.48801720142 3002287
78 8 525605404.74142295122 3001483
79 8 528906333.45069211721 2999087
80 8 516534111.78670340776 3030122
81 8 520310793.24673771858 3079342
82 8 519255386.61927866936 3086437
83 8 521474823.46685618162 3090567
84 8 518863036.1168949008 3066106
85 8 521949332.36055707932 3083094
86 8 521843147.31985938549 3091897
87 8 517297046.59430766106 3102612
88 8 522115480.6330640316 3098360
89 8 532079144.33213192225 3084782
90 8 519059383.0068949461 3028855
91 8 529106354.07089239359 3002601
92 8 527841195.26466685534 2999100
93 8 528919582.14814561605 2999446
94 8 525762292.63337659836 3069887
95 8 526051623.12180000544 3071370
96 8 520779002.67620003223 3099128
97 8 518823230.7954813838 3072024
98 8 528129673.52638691664 3077976
99 8 522295698.98358404636 3076508
% Edges = 8.5
0 8.5 516850176.57037377357 3291386
1 8.5 525073874.03052031994 3276533
2 8.5 527470000.18351280689 3295139
3 8.5 524537805.18995517492 3230773
4 8.5 522220409.06040883064 3183491
5 8.5 525864964.57256019115 3181178
6 8.5 521465049.63790297508 3179295
7 8.5 520907014.77112191916 3243633
8 8.5 521467149.91471725702 3259308
9 8.5 520517103.86376816034 3287316
10 8.5 521080906.86057031155 3260981
11 8.5 526792263.90991002321 3251723
12 8.5 526824546.36941295862 3277336
13 8.5 526708776.5657864809 3278974
14 8.5 525501489.60164117813 3296855
15 8.5 528520484.51495683193 3267405
16 8.5 525688744.34948784113 3219831
17 8.5 520259849.19597148895 3183929
18 8.5 524896563.8288974762 3180968
19 8.5 516773654.26573741436 3192643
20 8.5 517328338.0150167942 3252872
21 8.5 526375001.06240612268 3265663
22 8.5 527788345.47988510132 3275429
23 8.5 528241094.4693339467 3262588
24 8.5 527569416.58318829536 3252279
25 8.5 524616302.5586078167 3285777
26 8.5 525360698.68788820505 3285908
27 8.5 520216315.4645447135 3281704
28 8.5 528894423.8241507411 3270515
29 8.5 519100690.66449528933 3200176
30 8.5 522069101.17210412025 3180566
31 8.5 520840779.3599947691 3180612
32 8.5 524660437.98179024458 3204218
33 8.5 524722133.06744623184 3256039
34 8.5 528194058.99179172516 3272618
35 8.5 524140114.8374337554 3274546
36 8.5 527757980.51614034176 3247025
37 8.5 528628407.72454690933 3270948
38 8.5 523475629.80578237772 3266356
39 8.5 533809660.29758274555 3300659
40 8.5 533646997.21070986986 3277500
41 8.5 532287777.80478715897 3266297
42 8.5 525269385.11218941212 3185535
43 8.5 524627403.73189485073 3180389
44 8.5 525859428.89240604639 3179163
45 8.5 525857032.94354397058 3212257
46 8.5 519358931.52170956135 3270857
47 8.5 522683415.29601085186 3264480
48 8.5 528140339.15039038658 3279664
49 8.5 523238852.58066916466 3255496
50 8.5 530884346.47445100546 3260441
51 8.5 521836636.23844689131 3284914
52 8.5 517832535.25940829515 3276819
53 8.5 528150644.91999870539 3301799
54 8.5 524864553.88341075182 3236497
55 8.5 520266919.52467101812 3183254
56 8.5 525221758.35580646992 3179855
57 8.5 521332019.30454099178 3180251
58 8.5 521674666.33108925819 3238476
59 8.5 522232555.56126087904 3263790
60 8.5 531315249.65043473244 3282103
61 8.5 520541207.72687643766 3252074
62 8.5 532314910.80856388807 3263880
63 8.5 525594257.47725087404 3272000
64 8.5 537831188.69338214397 3281095
65 8.5 529523616.43830007315 3283897
66 8.5 522224623.1299777627 3280077
67 8.5 520769915.37380474806 3224972
68 8.5 520554735.81967163086 3181710
69 8.5 530620452.15809875727 3180494
70 8.5 524581270.56455761194 3184643
71 8.5 525748800.03079921007 3254362
72 8.5 527423007.02428632975 3264118
73 8.5 523430729.91973799467 3276628
74 8.5 517450658.7094425559 3260465
75 8.5 522101049.12179398537 3245259
76 8.5 527950411.61421251297 3287055
77 8.5 524702243.15430337191 3280325
78 8.5 524192290.62787389755 3288407
79 8.5 521209979.18053388596 3271752
80 8.5 519570969.67280977964 3205151
81 8.5 527366984.6582904458 3183043
82 8.5 528480055.48401123285 3179823
83 8.5 524237307.22774219513 3200259
84 8.5 520069086.01429146528 3246809
85 8.5 521194914.00045508146 3280361
86 8.5 527127516.7734156251 3272607
87 8.5 524792921.39785432816 3249404
88 8.5 523752095.11644554138 3266866
89 8.5 519162459.6967626214 3270075
90 8.5 526460379.0016977191 3294418
91 8.5 519966206.29568380117 3267440
92 8.5 522231435.64041918516 3278226
93 8.5 523943164.54259419441 3189176
94 8.5 525332806.7745179534 3180138
95 8.5 528696315.51776349545 3180315
96 8.5 521703483.96975880861 3210791
97 8.5 526341190.80884367228 3263295
98 8.5 517869163.5732446909 3267040
99 8.5 527858867.25034040213 3280426
% Edges = 9
0 9 527122844.24999988079 3439471
1 9 523676353.90437948704 3443821
2 9 527177399.92416906357 3477317
3 9 521806109.00039488077 3471296
4 9 519120410.92472648621 3464859
5 9 526330636.82150512934 3406501
6 9 524653328.99387794733 3363338
7 9 525760320.14032065868 3359659
8 9 527692062.70886075497 3376663
9 9 514192692.2931124568 3437136
10 9 515735895.93703871965 3459196
11 9 524525662.86654049158 3456523
12 9 516820264.84713250399 3435399
13 9 520581866.01122361422 3455018
14 9 524643856.61902481318 3466378
15 9 521804921.54892587662 3466332
16 9 522317344.65948206186 3478990
17 9 523000533.44359654188 3408446
18 9 522893249.32299929857 3361726
19 9 530159473.94777613878 3361447
20 9 525198698.24929010868 3359274
21 9 529624928.146017313 3389474
22 9 523910233.09103894234 3442754
23 9 519651467.70185166597 3446807
24 9 518898623.93713659048 3461627
25 9 526067370.1125921011 3433349
26 9 522615039.4464879632 3527086
27 9 526187482.30467152596 3463740
28 9 520808993.4479252696 3452836
29 9 526467354.4772003293 3579976
30 9 523618332.49433243275 3405930
31 9 522982400.55426806211 3358493
32 9 526323443.56437504292 3407573
33 9 528248292.52511358261 3354188
34 9 521731657.33890038729 3371534
35 9 520895522.5784548521 3501696
36 9 519555601.66422361135 3440664
37 9 529085439.34604042768 3448734
38 9 521446525.51937228441 3489505
39 9 522654201.69172185659 3437773
40 9 519860783.81623661518 3476641
41 9 524474613.42836177349 3515526
42 9 523770792.97609817982 3442045
43 9 525632577.55129295588 3408446
44 9 526955837.86490905285 3383510
45 9 519986441.91693919897 3344436
46 9 522021855.88902324438 3349894
47 9 529720452.12439793348 3417123
48 9 521623156.45909404755 3430125
49 9 526267586.3043795228 3501178
50 9 519433543.73679435253 3450644
51 9 521866555.01036405563 3420300
52 9 522231893.33999896049 3523601
53 9 523406116.93436276913 3468369
54 9 524630320.53469276428 3438302
55 9 525941556.45627427101 3451912
56 9 530219774.374992311 3347931
57 9 523124506.80154675245 3335143
58 9 527166554.76362204552 3336862
59 9 529308615.11599987745 3379663
60 9 513395689.05943286419 3430961
61 9 523801488.05637955666 3510802
62 9 527824130.06002789736 3399957
63 9 519620207.28209406137 3428188
64 9 521091758.93505448103 3515078
65 9 529297533.76180183887 3425915
66 9 531772258.12712562084 3453180
67 9 529866098.17069172859 3442375
68 9 523258707.68647670746 3328154
69 9 519997285.88604551554 3325673
70 9 522669828.59113138914 3375768
71 9 524403290.67439514399 3349205
72 9 530454205.22439134121 3414090
73 9 528076809.80256736279 3486325
74 9 524965490.42685765028 3394061
75 9 523733334.3823184371 3411448
76 9 527839853.42145895958 3485757
77 9 527534057.48590582609 3432571
78 9 522873612.95989209414 3434702
79 9 524034365.09092241526 3452320
80 9 520207030.61626017094 3318815
81 9 524920407.32254344225 3318774
82 9 527574307.39225226641 3314679
83 9 524197840.12462490797 3325821
84 9 525544945.29650807381 3391305
85 9 523970303.47611254454 3468934
86 9 535191517.49472874403 3393121
87 9 527540487.55875557661 3405784
88 9 523878317.89052349329 3468022
89 9 524868298.86170816422 3420500
90 9 521705975.21130681038 3451598
91 9 515442164.25838500261 3449824
92 9 520743981.96738177538 3314646
93 9 521548560.36739826202 3311262
94 9 521701503.85530233383 3303426
95 9 522560420.12423974276 3306714
96 9 520075099.44638413191 3402301
97 9 523484224.38986158371 3430647
98 9 521794840.48043131828 3389267
99 9 529578926.74843817949 3444236
% Edges = 9.5
0 9.5 526239299.57445758581 3607653
1 9.5 522048128.00986796618 3596161
2 9.5 528220372.19122964144 3674045
3 9.5 527436976.0805273056 3582878
4 9.5 523635537.09681868553 3488050
5 9.5 525684948.69950765371 3542452
6 9.5 529290016.58555436134 3476535
7 9.5 525736185.60902458429 3475347
8 9.5 516711840.55366683006 3549899
9 9.5 526547018.78903418779 3564566
10 9.5 526115079.14259082079 3576664
11 9.5 526669842.95301783085 3556897
12 9.5 524834396.68163359165 3572322
13 9.5 523714044.8073784709 3655837
14 9.5 521873416.00221157074 3601943
15 9.5 523025065.89605689049 3574849
16 9.5 522409622.40710020065 3476710
17 9.5 526684638.12853640318 3467731
18 9.5 522319710.55262970924 3465160
19 9.5 525469776.71552878618 3542416
20 9.5 531206532.0145663023 3515692
21 9.5 531360837.67823821306 3558412
22 9.5 520036786.94037151337 3606925
23 9.5 520724527.01529705524 3555009
24 9.5 524406105.12323635817 3570092
25 9.5 523188964.1112818718 3633877
26 9.5 523286659.61844605207 3582265
27 9.5 523917052.82068091631 3547331
28 9.5 527564129.70129972696 3492311
29 9.5 522508859.70650947094 3457145
30 9.5 525100124.47523438931 3508734
31 9.5 521004582.65394711494 3478228
32 9.5 523423435.38270366192 3515575
33 9.5 521121993.88234311342 3630432
34 9.5 525390743.01372349262 3540426
35 9.5 530251476.67113721371 3535086
36 9.5 526865216.16336846352 3648885
37 9.5 523999949.07464408875 3559132
38 9.5 525149974.87773394585 3551921
39 9.5 522678762.84851795435 3543297
40 9.5 526465466.50656527281 3449555
41 9.5 512874821.86992263794 3448047
42 9.5 528892948.34948629141 3504266
43 9.5 529238450.76303374767 3444508
44 9.5 522963999.10423892736 3539207
45 9.5 531277793.57034450769 3578041
46 9.5 521583611.73011487722 3528944
47 9.5 518726404.71803426743 3608638
48 9.5 528519475.35632026196 3568476
49 9.5 520085105.93268328905 3559592
50 9.5 523260645.09578490257 3617353
51 9.5 523037593.16256248951 3457394
52 9.5 532990298.98342740536 3440474
53 9.5 521014191.72614836693 3511046
54 9.5 524238857.70171606541 3436343
55 9.5 529680430.64436721802 3437069
56 9.5 526084449.63810861111 3530736
57 9.5 521799200.13763046265 3537074
58 9.5 524801959.18860661983 3515978
59 9.5 523724769.18721401691 3595832
60 9.5 525330029.22565436363 3539828
61 9.5 524310109.44851452112 3584939
62 9.5 525595267.40174973011 3576049
63 9.5 520765746.0574977994 3448292
64 9.5 526630634.84770107269 3482759
65 9.5 528919189.9652428031 3454941
66 9.5 522131074.27795302868 3425972
67 9.5 524493816.8957118988 3494262
68 9.5 525678760.99454307556 3521569
69 9.5 521680582.4738972187 3506736
70 9.5 519072668.52054786682 3599992
71 9.5 521010091.8537863493 3535997
72 9.5 521119958.72427034378 3525967
73 9.5 523720142.55817615986 3613361
74 9.5 527237599.62601703405 3467628
75 9.5 522585123.07252514362 3420773
76 9.5 522641409.04393023252 3471955
77 9.5 525213310.58025240898 3417005
78 9.5 522046959.75825172663 3415747
79 9.5 525069043.70266890526 3465885
80 9.5 529435659.18651425838 3479657
81 9.5 524327233.14979195595 3515156
82 9.5 527072517.43419343233 3549668
83 9.5 528658696.56113797426 3505008
84 9.5 525882610.29217559099 3586014
85 9.5 524676416.02650147676 3566063
86 9.5 524347326.54478400946 3460233
87 9.5 523618510.9816095233 3472421
88 9.5 525237153.62360316515 3421255
89 9.5 522333190.89240765572 3404573
90 9.5 531141026.22219336033 3475631
91 9.5 522704050.72765564919 3409934
92 9.5 531826223.25909239054 3479997
93 9.5 518012427.15421146154 3548800
94 9.5 529845768.3589348197 3498840
95 9.5 525155981.91776990891 3505266
96 9.5 526648128.47648018599 3572895
97 9.5 520163420.84560072422 3508788
98 9.5 526981608.1712821126 3442151
99 9.5 522210107.65396136045 3453945
% Edges = 10
0 10 522090419.59654957056 3564728
1 10 517522593.86269897223 3569696
2 10 524244574.04588621855 3560008
3 10 526481263.0498675108 3559802
4 10 523478321.28958648443 3564025
5 10 517758138.91838258505 3637705
6 10 520671136.5839125514 3643866
7 10 526716857.62451732159 3750794
8 10 526671119.61831092834 3684061
9 10 521895586.39534556866 3669357
10 10 533273799.97449713945 3702831
11 10 525349881.16796857119 3557437
12 10 522240828.09859454632 3561055
13 10 522075605.3799186945 3601681
14 10 523176584.30193036795 3552106
15 10 528116913.88879108429 3597910
16 10 521012221.28391736746 3633513
17 10 524926141.58800321817 3635403
18 10 520685773.4613853693 3634698
19 10 530108836.28611326218 3668958
20 10 526230908.84510433674 3668610
21 10 526220906.94682955742 3652436
22 10 525936186.16577535868 3575163
23 10 522351517.2589662075 3548576
24 10 523743890.50793623924 3548538
25 10 527394701.29415088892 3549327
26 10 524628829.78005540371 3549132
27 10 523646884.04307276011 3569321
28 10 519872682.12110424042 3624051
29 10 530542625.8489882946 3622540
30 10 520891808.25331896544 3657981
31 10 525616186.34428161383 3670763
32 10 528397399.311383605 3659695
33 10 527047452.08842819929 3624388
34 10 519485765.8602180481 3551818
35 10 523727469.55263245106 3547352
36 10 527581136.54705274105 3549302
37 10 524869963.21908634901 3550332
38 10 524336653.33448189497 3549992
39 10 522391302.88766938448 3560629
40 10 526498120.21445095539 3623834
41 10 524134111.01586657763 3622445
42 10 526186049.44635260105 3661996
43 10 525407377.72238993645 3662930
44 10 521954974.34363746643 3663825
45 10 517989891.89324057102 3636860
46 10 530634662.93431037664 3554486
47 10 520735582.29887807369 3549371
48 10 524544965.60768002272 3550715
49 10 522773242.28382331133 3547208
50 10 530592269.09116393328 3548225
51 10 532388665.65068268776 3594697
52 10 522791119.63675963879 3617472
53 10 530679756.2399096489 3650279
54 10 523527561.2162541151 3666432
55 10 518572631.05739659071 3664966
56 10 527120201.59160023928 3650176
57 10 522492161.2860750556 3588239
58 10 518854117.49044334888 3553508
59 10 522791273.8226621151 3548303
60 10 521808032.16114348173 3550307
61 10 526550463.83086824417 3547291
62 10 522263974.21542775631 3562229
63 10 522025458.87896406651 3623104
64 10 524536836.48970675468 3622926
65 10 526080587.46375983953 3660800
66 10 522572207.73216408491 3665404
67 10 523407067.71790671349 3659897
68 10 526867699.77456241846 3637964
69 10 531193566.72740077972 3550251
70 10 529214594.09149241447 3549776
71 10 523679866.90053522587 3547581
72 10 525443346.61134940386 3548869
73 10 520912348.92643046379 3549446
74 10 526178911.55643665791 3595055
75 10 526570620.7269371748 3616976
76 10 520198027.58591371775 3648971
77 10 519887431.3988866806 3664454
78 10 527598855.70092958212 3666573
79 10 531514841.95507973433 3651172
80 10 528117297.97978055477 3593054
81 10 525367424.07546472549 3552367
82 10 523157769.88687759638 3549887
83 10 521519152.87293154001 3546145
84 10 523949292.45131349564 3550298
85 10 523770962.80767762661 3560917
86 10 526390452.05185997486 3616392
87 10 524569244.49497318268 3630489
88 10 520490379.58881700039 3660207
89 10 521040858.95897036791 3665171
90 10 527806944.22869277 3651470
91 10 517488903.07829040289 3643193
92 10 526815517.66500598192 3552854
93 10 525841902.91794133186 3549048
94 10 531644636.2387804985 3547517
95 10 531024916.83504754305 3546946
96 10 525934361.55921113491 3546600
97 10 522323011.87372082472 3586509
98 10 528835404.73154699802 3618285
99 10 520919101.20854240656 3648095
