% Edges = 0.1
0 0.1 519165972.50604218245 5967
1 0.10000000149011611938 526585330.51348572969 5828
2 0.10000000149011611938 507740550.20299071074 5769
3 0.10000000149011611938 568675349.84818863869 5625
4 0.10000000149011611938 514941154.91237646341 5921
5 0.10000000149011611938 573682070.42665374279 5875
6 0.10000000149011611938 513213127.25461345911 5890
7 0.10000000149011611938 550733764.27863168716 5797
8 0.10000000149011611938 505675948.81626588106 5736
9 0.10000000149011611938 602954280.10656785965 5681
10 0.10000000149011611938 518656104.47375702858 5574
11 0.10000000149011611938 549794864.55874228477 5878
12 0.10000000149011611938 551965459.94726169109 5960
13 0.10000000149011611938 500356675.62055552006 5886
14 0.10000000149011611938 481732431.00770932436 5811
15 0.10000000149011611938 560119323.06565380096 5719
16 0.10000000149011611938 502054136.92146486044 5649
17 0.10000000149011611938 524506470.87041592598 5880
18 0.10000000149011611938 522635247.33221900463 5884
19 0.10000000149011611938 548193085.78553581238 5867
20 0.10000000149011611938 514835321.3397102952 5869
21 0.10000000149011611938 504855404.79257905483 5785
22 0.10000000149011611938 498438559.75774288177 5718
23 0.10000000149011611938 540469109.72599840164 5820
24 0.10000000149011611938 547254584.97558951378 5635
25 0.10000000149011611938 557379845.987403512 5892
26 0.10000000149011611938 512319121.54809653759 5738
27 0.10000000149011611938 547535472.11777806282 5662
28 0.10000000149011611938 532597772.27097594738 5628
29 0.10000000149011611938 575492127.39740002155 5846
30 0.10000000149011611938 468913548.94155961275 5856
31 0.10000000149011611938 416129251.11418545246 5869
32 0.10000000149011611938 512107904.28139930964 5829
33 0.10000000149011611938 556533088.06980824471 5737
34 0.10000000149011611938 522890542.73707252741 5669
35 0.10000000149011611938 545891705.86314749718 5574
36 0.10000000149011611938 534536796.20572215319 5890
37 0.10000000149011611938 535799005.56982702017 5864
38 0.10000000149011611938 489306132.7452173233 5873
39 0.10000000149011611938 519773429.21986067295 5789
40 0.10000000149011611938 552480420.7110145092 5756
41 0.10000000149011611938 570586888.1167320013 5654
42 0.10000000149011611938 538994523.60448420048 5568
43 0.10000000149011611938 551015227.68676376343 5844
44 0.10000000149011611938 513515026.09880566597 5845
45 0.10000000149011611938 501219158.79004377127 5816
46 0.10000000149011611938 436729041.45632737875 5758
47 0.10000000149011611938 516504550.12322181463 5691
48 0.10000000149011611938 539306487.35467016697 5624
49 0.10000000149011611938 528656442.35122209787 5577
50 0.10000000149011611938 504978379.64399445057 5820
51 0.10000000149011611938 515195064.19451332092 5861
52 0.10000000149011611938 627576357.83431518078 5834
53 0.10000000149011611938 509961099.98721790314 5731
54 0.10000000149011611938 570046911.50543487072 5691
55 0.10000000149011611938 484783595.55198401213 5635
56 0.10000000149011611938 524236429.90338873863 5844
57 0.10000000149011611938 496455447.90487009287 5803
58 0.10000000149011611938 501289663.34838652611 5849
59 0.10000000149011611938 488759779.02904236317 5822
60 0.10000000149011611938 453609422.57062262297 5766
61 0.10000000149011611938 452774350.02487260103 5693
62 0.10000000149011611938 521990870.85428953171 5625
63 0.10000000149011611938 498000673.99970072508 5843
64 0.10000000149011611938 488384397.81362134218 5816
65 0.10000000149011611938 598766589.53715324402 5849
66 0.10000000149011611938 567469449.79165971279 5839
67 0.10000000149011611938 530872544.1297172904 5727
68 0.10000000149011611938 529884553.09650063515 5652
69 0.10000000149011611938 486742098.74261522293 5603
70 0.10000000149011611938 475621101.14916747808 5842
71 0.10000000149011611938 577318722.29795742035 5835
72 0.10000000149011611938 472252301.03615015745 5834
73 0.10000000149011611938 513256814.94626235962 5801
74 0.10000000149011611938 546309023.59130120277 5790
75 0.10000000149011611938 505891177.56348150969 6835
76 0.10000000149011611938 540961773.28587949276 6222
77 0.10000000149011611938 499484846.93712103367 6298
78 0.10000000149011611938 587147697.41623771191 6285
79 0.10000000149011611938 517928013.51872754097 6251
80 0.10000000149011611938 558323072.40377795696 6268
81 0.10000000149011611938 579540969.09511137009 6062
82 0.10000000149011611938 531524944.32098895311 6032
83 0.10000000149011611938 541493848.80961608887 5973
84 0.10000000149011611938 544747631.95783686638 6205
85 0.10000000149011611938 492780357.74098694324 6197
86 0.10000000149011611938 467089736.63063466549 6149
87 0.10000000149011611938 486624756.21372234821 6114
88 0.10000000149011611938 473484597.23257309198 6060
89 0.10000000149011611938 574520889.82949447632 5936
90 0.10000000149011611938 533644811.19153445959 5885
91 0.10000000149011611938 550449942.39304172993 6114
92 0.10000000149011611938 579306966.56640839577 6137
93 0.10000000149011611938 485786181.31013971567 6106
94 0.10000000149011611938 498462299.1310839653 5733
95 0.10000000149011611938 477822257.81647902727 5869
96 0.10000000149011611938 538235150.85015690327 5844
97 0.10000000149011611938 472770531.1311352253 5857
98 0.10000000149011611938 513634215.34940177202 5781
99 0.10000000149011611938 528447993.9445835948 5809
% Edges = 0.25
0 0.25 504653009.68230110407 15331
1 0.25 516514018.64513731003 15459
2 0.25 560094691.13636243343 15419
3 0.25 518602479.81638556719 15342
4 0.25 530408895.86103826761 15580
5 0.25 521659210.32407033443 15449
6 0.25 527378365.00952392817 15351
7 0.25 512544584.56213158369 15309
8 0.25 516978326.75634777546 15263
9 0.25 483738897.80934369564 15358
10 0.25 514433368.23209154606 15307
11 0.25 475245581.48086154461 15376
12 0.25 518550574.68899589777 15300
13 0.25 525242323.78459882736 15249
14 0.25 543458072.32079935074 15226
15 0.25 571476132.31619346142 15212
16 0.25 554634443.41632342339 15246
17 0.25 515283006.48950499296 15388
18 0.25 541504778.84322869778 15268
19 0.25 498106288.80930775404 15209
20 0.25 531047521.80841046572 15176
21 0.25 571028766.35642039776 15101
22 0.25 496234450.11934202909 15172
23 0.25 537619546.10639929771 15142
24 0.25 522991545.22956973314 15112
25 0.25 518611725.82634580135 15348
26 0.25 541875677.90418100357 15173
27 0.25 479215480.77115857601 15092
28 0.25 537856841.72566831112 15088
29 0.25 541908252.55524885654 15234
30 0.25 521356458.23345285654 15098
31 0.25 526182379.80336886644 15069
32 0.25 528687944.83899837732 15117
33 0.25 569530583.6072010994 15036
34 0.25 521774661.41335618496 15066
35 0.25 497926776.78027439117 15057
36 0.25 524263096.74017125368 15167
37 0.25 509271194.07974368334 15056
38 0.25 539578241.70584440231 15024
39 0.25 549923770.21243810654 15054
40 0.25 525355963.21345895529 15010
41 0.25 503452147.50289058685 15056
42 0.25 543474122.42371487617 17079
43 0.25 533142764.74507135153 16155
44 0.25 497596940.47763025761 15919
45 0.25 520263032.33786529303 15815
46 0.25 520536496.5000282526 24661
47 0.25 546571794.39277458191 17013
48 0.25 506592477.8371039629 16982
49 0.25 498972378.644130826 16963
50 0.25 510023763.5559039712 16966
51 0.25 495425327.77598702908 16890
52 0.25 514160783.45012784004 16710
53 0.25 560600036.42850756645 16786
54 0.25 508591829.51461547613 16816
55 0.25 539592321.35798001289 16803
56 0.25 510820066.51955378056 16964
57 0.25 538915406.44325113297 16794
58 0.25 528217229.62576377392 16605
59 0.25 545333867.71011447906 16603
60 0.25 494538052.17242598534 16624
61 0.25 533376661.55264830589 16584
62 0.25 544018840.89304292202 16581
63 0.25 557630420.19886374474 16763
64 0.25 520284283.85549908876 16584
65 0.25 563370967.43859899044 16625
66 0.25 534387562.62367886305 16544
67 0.25 522939104.51197457314 16489
68 0.25 501409382.92770081758 16533
69 0.25 557843293.24779713154 16482
70 0.25 503883285.01022577286 16658
71 0.25 536609847.50293463469 16580
72 0.25 516665111.8347838521 16534
73 0.25 547748270.89344930649 16457
74 0.25 509051911.28077560663 16429
75 0.25 562884488.28812408447 16434
76 0.25 523753280.34255480766 16410
77 0.25 531775158.9421313405 16614
78 0.25 519893723.16646289825 16437
79 0.25 513533938.32072389126 16426
80 0.25 516046492.77994948626 16330
81 0.25 543471717.84967541695 16334
82 0.25 519797213.80750954151 16364
83 0.25 527564751.48433578014 16311
84 0.25 569101964.11708045006 16452
85 0.25 531681487.01665359735 16438
86 0.25 564369420.00184309483 16338
87 0.25 543152844.97231793404 16300
88 0.25 553424204.03007113934 16345
89 0.25 538498241.10289990902 18107
90 0.25 534004101.70203799009 17384
91 0.25 549628084.42799282074 17417
92 0.25 506238138.25998729467 17338
93 0.25 488981474.13504958153 17098
94 0.25 473066781.20620334148 17076
95 0.25 536505543.0331132412 17191
96 0.25 507221514.82707107067 16997
97 0.25 476758735.99092054367 17139
98 0.25 529781990.33894133568 16994
99 0.25 531089397.14483618736 16964
% Edges = 0.5
0 0.5 519485806.71868872643 35362
1 0.5 485818536.8292504549 35365
2 0.5 537679331.09281766415 35055
3 0.5 501865940.1205675602 35102
4 0.5 517920185.25246059895 35284
5 0.5 538184846.61308670044 34962
6 0.5 528046136.62655812502 34938
7 0.5 529652431.82399004698 34794
8 0.5 516410023.6848590374 34732
9 0.5 513475792.83512246609 34702
10 0.5 514200102.19043439627 34732
11 0.5 510551335.04071336985 34643
12 0.5 501475639.45941102505 34478
13 0.5 532810473.52502864599 34564
14 0.5 527907359.04682958126 34615
15 0.5 535845120.99288439751 34428
16 0.5 506211827.66629040241 34545
17 0.5 511646246.33057385683 36892
18 0.5 511170762.30191969872 36010
19 0.5 514247261.06154084206 35965
20 0.5 527618755.72756260633 35899
21 0.5 507394182.93240809441 35812
22 0.5 513783521.59325170517 35635
23 0.5 533350789.94341725111 35630
24 0.5 541523983.15022802353 35718
25 0.5 532968865.05308288336 35697
26 0.5 517176209.6676287055 35442
27 0.5 532440802.31610137224 35343
28 0.5 557988411.54924035072 35251
29 0.5 516782121.1098113656 35173
30 0.5 516281738.10586768389 35163
31 0.5 549534123.91912305355 33801
32 0.5 524719177.81640380621 32574
33 0.5 533716581.51911300421 32387
34 0.5 501727557.53090494871 32540
35 0.5 506856765.17150330544 32342
36 0.5 505815952.64877408743 32339
37 0.5 543235527.70399236679 32356
38 0.5 542986356.77983272076 32378
39 0.5 525776534.35828620195 32233
40 0.5 500623385.33079373837 35435
41 0.5 527252645.12374335527 34455
42 0.5 519988854.92765724659 33713
43 0.5 508185411.57724368572 33425
44 0.5 552887833.46686291695 33220
45 0.5 502295682.12857556343 33277
46 0.5 524370044.57137662172 32998
47 0.5 524093893.07548254728 32803
48 0.5 542822278.87825787067 32912
49 0.5 522782205.22234892845 32661
50 0.5 524854454.58717036247 32590
51 0.5 538357747.27841281891 32424
52 0.5 507398625.44228106737 32476
53 0.5 544726426.44978845119 32464
54 0.5 512989522.48141211271 32442
55 0.5 511993773.45969438553 32405
56 0.5 525511670.45502746105 32369
57 0.5 512941111.16351532936 32244
58 0.5 535562612.63783717155 32179
59 0.5 537454862.83746540546 32247
60 0.5 535858963.39823824167 32167
61 0.5 516972212.46377003193 32110
62 0.5 497971861.28649151325 32152
63 0.5 542708206.33691585064 31935
64 0.5 492522089.59123277664 35651
65 0.5 538155472.93173539639 35122
66 0.5 508990408.16998535395 34111
67 0.5 522448578.73005378246 33593
68 0.5 521799189.92119568586 33317
69 0.5 514478175.79880160093 33102
70 0.5 514961203.84584718943 32984
71 0.5 505570398.25179469585 32790
72 0.5 510513853.80235129595 32621
73 0.5 525472297.82597613335 32463
74 0.5 501948314.22014027834 32441
75 0.5 530568244.8928040266 32378
76 0.5 518662024.58255124092 32353
77 0.5 528930014.43859797716 32222
78 0.5 508238611.38616150618 32247
79 0.5 517962187.36230760813 32165
80 0.5 535840096.15325200558 32102
81 0.5 520282146.1699898839 32023
82 0.5 535332447.53015816212 32035
83 0.5 515518144.91678792238 31980
84 0.5 538960526.14613902569 31890
85 0.5 534577735.5394076705 31899
86 0.5 511514138.72545713186 31835
87 0.5 515487496.30397123098 31830
88 0.5 530352578.63917464018 34650
89 0.5 521528241.91616970301 35268
90 0.5 501013170.31883317232 34525
91 0.5 524869381.44742482901 33975
92 0.5 532801212.08068227768 33450
93 0.5 537975348.69036650658 33271
94 0.5 539460033.72216796875 33013
95 0.5 535101126.32353585958 32714
96 0.5 531493412.29347366095 32614
97 0.5 488342568.33634066582 32569
98 0.5 560504355.22324681282 32360
99 0.5 549483314.20330989361 32441
% Edges = 0.75
0 0.75 523920710.03485769033 50502
1 0.75 539430778.77303636074 49779
2 0.75 507557513.53140234947 49596
3 0.75 547817074.75856971741 49465
4 0.75 523823973.58400982618 49419
5 0.75 522396516.48560923338 49370
6 0.75 527855758.51230180264 49281
7 0.75 538883365.85810470581 49271
8 0.75 521878125.95360839367 54768
9 0.75 503870615.05824154615 52618
10 0.75 534304007.34285151958 51984
11 0.75 525994773.23277980089 51577
12 0.75 512050915.61009347439 51066
13 0.75 528361066.77305179834 50682
14 0.75 538702010.05539500713 50288
15 0.75 539909499.27493309975 50202
16 0.75 523055088.99202752113 50111
17 0.75 513270794.63007819653 49876
18 0.75 530844939.60779446363 49761
19 0.75 530894941.44753235579 49745
20 0.75 535283248.92689174414 49534
21 0.75 551604103.9356238842 49511
22 0.75 516408469.57966202497 49521
23 0.75 527087726.32426989079 50829
24 0.75 546268972.3975353241 53368
25 0.75 502995483.53984892368 52350
26 0.75 526584368.17401599884 51936
27 0.75 541090930.60527169704 51321
28 0.75 507929649.55420231819 51034
29 0.75 503459875.70552808046 50830
30 0.75 528501101.47564136982 50489
31 0.75 521317033.32504832745 50303
32 0.75 507044319.68656808138 50198
33 0.75 513229453.49652278423 50132
34 0.75 524925657.94337373972 50017
35 0.75 545159582.48753607273 49774
36 0.75 517659549.22080940008 49825
37 0.75 515373975.32962846756 49793
38 0.75 527376363.90804111958 49573
39 0.75 521190145.87198323011 53350
40 0.75 535178118.75082677603 52921
41 0.75 520316004.04608494043 52399
42 0.75 527593928.76095634699 51973
43 0.75 538561279.04716312885 51571
44 0.75 536549937.38915288448 51368
45 0.75 510481559.03796577454 51119
46 0.75 506214798.1452884078 50763
47 0.75 524191655.4472887516 50671
48 0.75 515029477.92835843563 50559
49 0.75 530563426.96611738205 50422
50 0.75 524010278.43427973986 50197
51 0.75 495218630.82889306545 50057
52 0.75 518562300.38714295626 50074
53 0.75 502582520.9672883749 49916
54 0.75 530107592.41065752506 51051
55 0.75 518851641.87602210045 54019
56 0.75 505139315.06530672312 53267
57 0.75 538541519.84789812565 52828
58 0.75 492994153.13479161263 52346
59 0.75 522211921.85280263424 52009
60 0.75 525863385.96656221151 51679
61 0.75 523920784.49825417995 51584
62 0.75 512063701.39185076952 51156
63 0.75 524703348.14187896252 50967
64 0.75 521066227.2055284977 50802
65 0.75 556919993.58642709255 50705
66 0.75 546091249.42361855507 50451
67 0.75 529643559.30886697769 50197
68 0.75 520958676.20344781876 50287
69 0.75 527488110.27657496929 50146
70 0.75 526054473.3314460516 54545
71 0.75 529248173.83909779787 53139
72 0.75 535578233.8030757308 52933
73 0.75 522049333.96876591444 52378
74 0.75 523921548.09912115335 51935
75 0.75 522254545.86844587326 51777
76 0.75 536623102.98544830084 51550
77 0.75 530506976.44980555773 51391
78 0.75 526784098.14076799154 51116
79 0.75 519872182.17301923037 50889
80 0.75 534158529.96845388412 50855
81 0.75 537233193.34801101685 50605
82 0.75 504530497.55474066734 50382
83 0.75 495882809.96901887655 50393
84 0.75 521339737.80039000511 50157
85 0.75 510142794.87021332979 52800
86 0.75 515918783.23263794184 53023
87 0.75 504774612.86794364452 52680
88 0.75 533429948.25851809978 52292
89 0.75 530277028.26250886917 52077
90 0.75 523090414.18726032972 51802
91 0.75 542428033.10558795929 51695
92 0.75 525492595.0725954771 51431
93 0.75 534498314.50740611553 51156
94 0.75 513236007.91366064548 51157
95 0.75 511537926.61984032393 50919
96 0.75 536610211.91113770008 50730
97 0.75 534923284.48318940401 50583
98 0.75 542529345.81225597858 50514
99 0.75 508869805.3107958436 50403
% Edges = 1
0 1 525760166.17884403467 72890
1 1 529584110.4355776906 72709
2 1 519499060.96436601877 69302
3 1 521378680.11015510559 69004
4 1 530616562.05565482378 68714
5 1 519101296.29385191202 68319
6 1 536764037.27405709028 68049
7 1 537329998.91596472263 67960
8 1 514485256.79387176037 67486
9 1 517985639.9539039135 73695
10 1 530837843.84742808342 71994
11 1 519287245.84883677959 71932
12 1 493342380.11087137461 71542
13 1 524090002.78666645288 71389
14 1 508614481.94680011272 71052
15 1 544933679.60043787956 70935
16 1 511878418.87626844645 71146
17 1 506792487.07526737452 70822
18 1 512221458.98315644264 70682
19 1 520313722.8529946208 70686
20 1 519905343.22502440214 70534
21 1 543587725.02570712566 70285
22 1 536366973.24677366018 70392
23 1 538218508.8869702816 70409
24 1 525622974.08275657892 70221
25 1 511771879.62062817812 70242
26 1 525284428.23472106457 70092
27 1 533176939.54129749537 69964
28 1 505087054.70090472698 69940
29 1 518538153.41135072708 69988
30 1 550230481.33315193653 69854
31 1 508596318.61920142174 69846
32 1 523613608.83579301834 69676
33 1 544629514.81560456753 69657
34 1 528650820.2862610817 69660
35 1 530200936.40834033489 69947
36 1 512946292.39538258314 69636
37 1 505337499.28147023916 67165
38 1 514446361.85320478678 65051
39 1 526087411.02919542789 65050
40 1 518264217.54734385014 64880
41 1 538412638.24856746197 64897
42 1 512763849.87796849012 64865
43 1 516726453.45925837755 64703
44 1 514779894.83738666773 64796
45 1 512372358.40541249514 64891
46 1 525476957.08089345694 64839
47 1 522103591.33297210932 64691
48 1 504742071.35655587912 64653
49 1 518116213.04202157259 64802
50 1 519878605.34146630764 64707
51 1 551127291.57566893101 64566
52 1 512566701.01974523067 64717
53 1 497293581.78424948454 64687
54 1 512268767.53457039595 64483
55 1 519673811.19354510307 64563
56 1 532563093.09825623035 64664
57 1 518388600.41039198637 64436
58 1 545535046.77812099457 64553
59 1 523252286.3995283246 64570
60 1 513751047.5091856122 64470
61 1 527883449.80344748497 64503
62 1 523111173.66708397865 64431
63 1 523629465.24064022303 64507
64 1 536478260.12947547436 64510
65 1 529245558.17463308573 64372
66 1 502453430.38730829954 64558
67 1 529659774.28145128489 64366
68 1 511777718.11361849308 64353
69 1 538412818.05074167252 64444
70 1 522571930.19609117508 64496
71 1 539977849.36007642746 64787
72 1 538232447.85080075264 64395
73 1 519832795.14087688923 64374
74 1 505794060.36121785641 64302
75 1 521946689.09116113186 64228
76 1 525981970.35190057755 64422
77 1 525591114.45505565405 64453
78 1 526687785.11806684732 64357
79 1 497378433.80933368206 64368
80 1 531526005.74979943037 64345
81 1 527743037.03721117973 64355
82 1 514329060.05669051409 64247
83 1 510137443.92169862986 64430
84 1 509673296.55101674795 64319
85 1 515386330.54146999121 64333
86 1 524270421.46895247698 64641
87 1 518990853.14688181877 64598
88 1 519479140.00506925583 64297
89 1 538479929.49058067799 64271
90 1 507569903.93874084949 64308
91 1 540258247.45805251598 64759
92 1 503289302.45563840866 64614
93 1 520750589.55224382877 64581
94 1 522428443.53445804119 64519
95 1 544440271.7860866785 64412
96 1 520684738.88093221188 64192
97 1 530305219.99184495211 64209
98 1 530452361.52458894253 64590
99 1 529072771.61395436525 64641
% Edges = 1.25
0 1.25 537243309.74517047405 83920
1 1.25 538174989.78429722786 90590
2 1.25 520612380.17983657122 90565
3 1.25 532582725.09487730265 90520
4 1.25 551607377.66954874992 90465
5 1.25 527727035.0095256567 90649
6 1.25 525172939.67151743174 90507
7 1.25 523221761.06022578478 90713
8 1.25 539128430.97228384018 90333
9 1.25 514551147.26272904873 90666
10 1.25 549411047.15209209919 90756
11 1.25 524331398.89138793945 90548
12 1.25 519620276.01210826635 90445
13 1.25 527192556.77689605951 90516
14 1.25 521110542.54371315241 90724
15 1.25 523780486.05545371771 90598
16 1.25 529718970.81750237942 90400
17 1.25 529762605.07767927647 90569
18 1.25 524181204.20093768835 90388
19 1.25 519319357.53325128555 90657
20 1.25 528065723.16480523348 90466
21 1.25 518545295.07260733843 90531
22 1.25 514980716.51253813505 90555
23 1.25 514788459.71947324276 90528
24 1.25 525459641.7202129364 90616
25 1.25 529618880.58576673269 90386
26 1.25 514616872.40038478374 90337
27 1.25 511804355.95005762577 90522
28 1.25 535265883.65858781338 90416
29 1.25 529871608.60378432274 90546
30 1.25 527802101.64403027296 90448
31 1.25 517653561.15709936619 90716
32 1.25 529333812.63000607491 90165
33 1.25 531330049.32659369707 90507
34 1.25 535134485.18565177917 90276
35 1.25 529510626.96765094995 90971
36 1.25 516232485.76452672482 90246
37 1.25 520531176.6259945631 90453
38 1.25 529874137.87883740664 90395
39 1.25 527672834.20214653015 90415
40 1.25 526722676.67454504967 90505
41 1.25 531727710.86232280731 90398
42 1.25 523811359.89570266008 90333
43 1.25 520978699.03132194281 98936
44 1.25 513800011.22997450829 96293
45 1.25 536077818.24977624416 96250
46 1.25 530259289.68371289968 96425
47 1.25 512271552.85665881634 96550
48 1.25 527385616.71018666029 96356
49 1.25 538554963.25449860096 96310
50 1.25 517490324.92736172676 96233
51 1.25 529681060.74147713184 96380
52 1.25 517772443.6886741519 96225
53 1.25 524528250.42396432161 96224
54 1.25 538822386.44015562534 96485
55 1.25 514627330.7246735096 96424
56 1.25 512781650.36146253347 96262
57 1.25 540208155.95262658596 96220
58 1.25 527635136.96479856968 96377
59 1.25 521813131.58553856611 96463
60 1.25 532485939.25169837475 96268
61 1.25 508974335.20505541563 96181
62 1.25 533594235.67214339972 96240
63 1.25 527160873.99633669853 96171
64 1.25 516739886.60183364153 90369
65 1.25 519802370.05532115698 90241
66 1.25 518934445.73922836781 90425
67 1.25 535778964.55414760113 90368
68 1.25 536914263.91242587566 90447
69 1.25 516801167.46276980639 90227
70 1.25 539237390.4796090126 90742
71 1.25 514396912.64174497128 90668
72 1.25 510662392.37625491619 90533
73 1.25 527648643.78666740656 90517
74 1.25 528541149.02197337151 90498
75 1.25 531546384.15383213758 90427
76 1.25 537094933.33855962753 90336
77 1.25 520116749.24302613735 90699
78 1.25 497459119.83806920052 90582
79 1.25 507287683.60658127069 90724
80 1.25 528384635.22164261341 90475
81 1.25 525231599.50196158886 90288
82 1.25 511011994.84912157059 90711
83 1.25 519239389.50217145681 90174
84 1.25 525279446.87797915936 90725
85 1.25 531591706.32773429155 90630
86 1.25 508386830.5480068922 90052
87 1.25 529368007.96418714523 90424
88 1.25 531300538.5953245759 89959
89 1.25 531642054.39361876249 90186
90 1.25 514645102.77648746967 90206
91 1.25 517358425.68047702312 90171
92 1.25 537682141.5016310215 90216
93 1.25 528746691.86659294367 90082
94 1.25 521506980.50829696655 90318
95 1.25 532054020.43919408321 90165
96 1.25 537033355.58285200596 90190
97 1.25 521996728.08900982141 90069
98 1.25 527190470.5072363615 90253
99 1.25 518928779.3729788065 90261
% Edges = 1.5
0 1.5 530627428.13690590858 109398
1 1.5 537859999.57013726234 106900
2 1.5 523399820.14654558897 107085
3 1.5 535793938.83436727524 106870
4 1.5 526114136.17971253395 106999
5 1.5 513201700.72849428654 106807
6 1.5 523586922.17798441648 107028
7 1.5 516386353.79155558348 106828
8 1.5 522842396.04333841801 106911
9 1.5 516220149.14615410566 106694
10 1.5 523111969.94728821516 106970
11 1.5 513750977.79925453663 106969
12 1.5 513530522.89579641819 107005
13 1.5 515410046.83548265696 106885
14 1.5 523944217.83055955172 107042
15 1.5 540879017.30033302307 106811
16 1.5 529323454.64190143347 107024
17 1.5 527407386.12554234266 106665
18 1.5 525223489.82274019718 106911
19 1.5 525780775.01427030563 106815
20 1.5 514549533.75421404839 106965
21 1.5 528948007.74261188507 106703
22 1.5 522981014.47091990709 106882
23 1.5 521795225.03075098991 106784
24 1.5 524264950.76141870022 106901
25 1.5 516592916.52765822411 106638
26 1.5 524432968.40831524134 106919
27 1.5 537650847.69375956059 107229
28 1.5 518543831.25752019882 106890
29 1.5 514499557.9631549716 106738
30 1.5 518858909.20614284277 106818
31 1.5 512867664.17276662588 106795
32 1.5 535234163.39384156466 106910
33 1.5 523238057.51954889297 106655
34 1.5 531611944.77509683371 106720
35 1.5 519132867.41022580862 107006
36 1.5 535901392.8564914465 107057
37 1.5 531316024.14307403564 106713
38 1.5 518569041.97165584564 106689
39 1.5 520936037.55818349123 106716
40 1.5 528317469.17293381691 106880
41 1.5 517676591.51561874151 106617
42 1.5 515403176.07517319918 106871
43 1.5 524591153.40183007717 106871
44 1.5 524106017.33941060305 119474
45 1.5 521183948.76299184561 113801
46 1.5 530347370.97333353758 114070
47 1.5 517318290.62146615982 113975
48 1.5 532638004.57950204611 113934
49 1.5 533572452.06019365788 113928
50 1.5 521243321.72806787491 114208
51 1.5 521361571.76503056288 114255
52 1.5 519072571.63735026121 114110
53 1.5 534885757.38064736128 114084
54 1.5 513428381.6502071619 114037
55 1.5 519677722.37874913216 113913
56 1.5 525455174.30049914122 114321
57 1.5 525852649.33403158188 114369
58 1.5 533362982.39188581705 114150
59 1.5 525440094.88363558054 114152
60 1.5 523574041.98064142466 114103
61 1.5 515934520.89766210318 111638
62 1.5 513698134.36921536922 106650
63 1.5 540511358.56383681297 107458
64 1.5 527989531.50063508749 107150
65 1.5 534957512.26358103752 107281
66 1.5 525750551.76309072971 106673
67 1.5 528117096.90638124943 106674
68 1.5 540326315.07663929462 106616
69 1.5 528242319.07317000628 106848
70 1.5 508456171.15348947048 106502
71 1.5 534997548.67657625675 106761
72 1.5 523018438.29943192005 106829
73 1.5 530825347.20933401585 106769
74 1.5 505721090.32039749622 106418
75 1.5 516873042.3664034009 106593
76 1.5 541167467.12518906593 106891
77 1.5 523767623.27943813801 106620
78 1.5 515876650.90868735313 106624
79 1.5 535878915.77681940794 106660
80 1.5 524324483.24139237404 106668
81 1.5 515276186.26991528273 106601
82 1.5 523518688.71224832535 106674
83 1.5 541526751.13481545448 106676
84 1.5 545654863.05748987198 106759
85 1.5 520194232.68603897095 106742
86 1.5 522418631.89134639502 106407
87 1.5 535052593.16161972284 106716
88 1.5 524588418.49523240328 106388
89 1.5 523476791.46736085415 106668
90 1.5 519767892.24550074339 106324
91 1.5 535115055.53406083584 106923
92 1.5 518844477.53530848026 106558
93 1.5 533760746.04352271557 106726
94 1.5 519945466.28709936142 106431
95 1.5 528105966.3253313303 106569
96 1.5 523139488.48624521494 106520
97 1.5 520466911.48529201746 106650
98 1.5 529768523.1290590167 106470
99 1.5 529174135.08211785555 106463
% Edges = 1.75
0 1.75 534116424.3005156517 125575
1 1.75 521446186.94834661484 124041
2 1.75 519653575.86332446337 124472
3 1.75 521542634.03342932463 124111
4 1.75 521736281.91766786575 124060
5 1.75 533420900.00882858038 123921
6 1.75 526825068.02498948574 124250
7 1.75 546577973.64374399185 124128
8 1.75 532919709.79900187254 124131
9 1.75 534699055.41194337606 124040
10 1.75 525774711.77315598726 124342
11 1.75 533069163.58906245232 124333
12 1.75 522979922.20191645622 124121
13 1.75 532057005.25229567289 124149
14 1.75 518742546.13095390797 124135
15 1.75 520459696.8376134038 124206
16 1.75 532279182.6488391161 124072
17 1.75 525800226.20195990801 123969
18 1.75 518294157.46140021086 123933
19 1.75 525265279.03202402592 124064
20 1.75 531587525.39832299948 124130
21 1.75 524225493.27380436659 124021
22 1.75 526245435.83457666636 124137
23 1.75 527476653.44731020927 124342
24 1.75 515003333.81853830814 124111
25 1.75 534147522.32167714834 123944
26 1.75 523140295.69415307045 124371
27 1.75 514501618.59749871492 124912
28 1.75 521385487.57678282261 124240
29 1.75 534699343.05261039734 124346
30 1.75 518244511.23691421747 124576
31 1.75 526895129.26720738411 130642
32 1.75 521169215.76284503937 132696
33 1.75 524022299.42131924629 132319
34 1.75 527763587.47467821836 132344
35 1.75 506566651.19816893339 132615
36 1.75 550024879.74813616276 132875
37 1.75 520938893.36687874794 132697
38 1.75 521288420.15498036146 132488
39 1.75 529092950.03304356337 132688
40 1.75 526784468.09125131369 132449
41 1.75 526011680.53642636538 132352
42 1.75 522237206.14406740665 132405
43 1.75 517955570.6528852582 132731
44 1.75 528107385.28849315643 132757
45 1.75 527111016.09527480602 132442
46 1.75 525852778.57405465841 128972
47 1.75 518235523.0776913166 123978
48 1.75 515836897.81149172783 124171
49 1.75 536069193.62993788719 123876
50 1.75 521864130.09385806322 124111
51 1.75 528095969.6313482523 124119
52 1.75 522047961.09723329544 124096
53 1.75 521272482.63158249855 123951
54 1.75 514996919.53765428066 124205
55 1.75 519487271.98840034008 124025
56 1.75 536586598.01370745897 124017
57 1.75 520098087.6339418292 123870
58 1.75 538026602.03188371658 124045
59 1.75 528219154.02213174105 124026
60 1.75 519950006.96373462677 123948
61 1.75 536262129.09611457586 124032
62 1.75 527286449.29571801424 123993
63 1.75 527656293.14964073896 124295
64 1.75 508509921.83031749725 124092
65 1.75 529953688.02278512716 123964
66 1.75 527138446.14526373148 124125
67 1.75 526690570.81149196625 123999
68 1.75 526848736.16918176413 124070
69 1.75 518091348.51372748613 123799
70 1.75 527656661.26131105423 124215
71 1.75 526221256.89687800407 124215
72 1.75 526143283.77146327496 124120
73 1.75 529458892.8468517065 123873
74 1.75 525408301.46681147814 124017
75 1.75 510827315.60472983122 124039
76 1.75 535075587.8631914258 124200
77 1.75 526963665.5481749177 123762
78 1.75 522509220.75999307632 124162
79 1.75 533571689.60808598995 123817
80 1.75 534346215.42476195097 124070
81 1.75 523422284.59893983603 123831
82 1.75 506264723.8393201828 124243
83 1.75 526073156.15374755859 124329
84 1.75 525075146.91586995125 124203
85 1.75 539214901.76906621456 123735
86 1.75 525496777.7591381073 124031
87 1.75 536312435.44024771452 124084
88 1.75 527871398.91329467297 124004
89 1.75 531122901.85800176859 123964
90 1.75 535895095.04861181974 124055
91 1.75 519295880.67089939117 124309
92 1.75 534280426.85052925348 123915
93 1.75 506058613.19851368666 123968
94 1.75 533228556.35983008146 124008
95 1.75 509400338.14307248592 124162
96 1.75 522361472.09561705589 124438
97 1.75 506533927.68104165792 123826
98 1.75 543134538.85507333279 123956
99 1.75 503015865.0846785903 124142
% Edges = 2
0 2 536971242.16242444515 144327
1 2 538424299.13265919685 141692
2 2 531286561.58468490839 144872
3 2 520298671.65115648508 143785
4 2 507201217.43788832426 143882
5 2 516343501.64583009481 144025
6 2 527736205.09235173464 144142
7 2 529944461.11238265038 144561
8 2 519228824.897744596 143916
9 2 528873037.34071773291 152516
10 2 528746686.35540378094 153506
11 2 528008502.54790532589 153797
12 2 533469284.1137586832 153436
13 2 522380261.02373427153 161582
14 2 496508831.71981596947 157357
15 2 523231321.40050822496 156209
16 2 516814966.82362377644 155648
17 2 512678708.0094717145 155955
18 2 517937145.97810184956 162813
19 2 539969345.34518015385 160338
20 2 513776101.84558230639 159114
21 2 537245943.25385272503 158245
22 2 543404385.37390911579 149321
23 2 544803718.9994623661 154249
24 2 523141299.23330205679 151695
25 2 517624537.8443774581 151203
26 2 510797811.06706476212 149745
27 2 520406061.81388968229 149754
28 2 524463288.07097679377 153865
29 2 527217639.54855650663 153098
30 2 517789244.09344738722 151252
31 2 531203036.16647017002 150540
32 2 527850333.98051381111 149415
33 2 542195701.94502747059 153024
34 2 515399498.48598831892 154156
35 2 530353596.62970972061 152335
36 2 529803791.93997842073 150731
37 2 519449419.01320725679 150234
38 2 521693338.85726076365 150398
39 2 535352351.58075487614 155616
40 2 520193186.50790780783 153008
41 2 531332294.21979761124 151881
42 2 527225567.48084878922 151023
43 2 528656027.90947639942 150358
44 2 533945185.64346849918 156821
45 2 527009597.83991444111 154207
46 2 527622777.36175858974 153032
47 2 514046764.17654883862 151933
48 2 525884365.92868751287 150893
49 2 523868807.90237808228 157522
50 2 520813929.40710449219 154548
51 2 519213405.01190859079 152817
52 2 525818983.20775514841 151310
53 2 537483563.71327006817 150482
54 2 529510311.13300019503 156742
55 2 528502164.98425120115 155545
56 2 530146170.44641852379 152154
57 2 513205730.13702517748 150793
58 2 534179010.16654270887 149753
59 2 522698510.71733027697 153170
60 2 532159306.40555477142 157851
61 2 531012788.19928449392 153186
62 2 529212509.31041401625 151156
63 2 524344397.30641853809 150207
64 2 502866313.18101662397 148825
65 2 516821799.85695272684 159570
66 2 531222018.50970649719 154027
67 2 518483550.76298594475 151914
68 2 520651338.8805051446 150259
69 2 533834521.05615711212 149837
70 2 528157823.09105932713 158116
71 2 517564014.53814309835 154736
72 2 530755997.67787754536 152739
73 2 521190911.99220484495 151373
74 2 526460684.04721105099 162577
75 2 515966676.98512411118 168856
76 2 516657155.04523086548 167089
77 2 511025760.11267435551 164716
78 2 532966361.7456471324 162971
79 2 532265612.06199491024 161777
80 2 528756084.12909770012 173520
81 2 529333789.26642227173 168193
82 2 525859191.95924198627 165965
83 2 525746163.55871868134 164326
84 2 536144839.74267804623 162506
85 2 526979140.78743523359 172171
86 2 526278567.02646756172 164186
87 2 544825816.04314756393 154841
88 2 540120628.46736776829 152975
89 2 526623714.19387227297 152156
90 2 525864625.3807964921 159952
91 2 527769706.83803355694 157062
92 2 530784366.46935945749 154870
93 2 535873288.59368801117 153595
94 2 533553611.15170860291 152653
95 2 534481772.31404620409 158083
96 2 520164476.79123544693 155363
97 2 518224064.12855237722 153229
98 2 529890261.8407599926 152212
99 2 524969726.50488734245 151967
% Edges = 2.25
0 2.25 530625723.38376289606 171714
1 2.25 537488664.53280293941 165467
2 2.25 510974541.74604272842 167223
3 2.25 515503632.52344566584 166507
4 2.25 515600869.18101167679 166126
5 2.25 530460082.10218590498 165892
6 2.25 537621103.47274076939 165480
7 2.25 532492005.59946918488 164713
8 2.25 519672542.53747755289 164593
9 2.25 519234186.68739068508 164576
10 2.25 526279082.05260193348 164410
11 2.25 528144473.02305495739 164401
12 2.25 521919679.18771451712 163558
13 2.25 518637216.75301378965 163940
14 2.25 529446749.71209317446 163442
15 2.25 524191827.68986445665 163175
16 2.25 519869172.80845063925 163234
17 2.25 516739661.12862920761 163151
18 2.25 526455310.18064558506 162767
19 2.25 533300705.83191472292 162613
20 2.25 548376895.23753774166 162859
21 2.25 542449713.46589064598 162698
22 2.25 536980299.93552815914 162547
23 2.25 526192694.49131071568 162345
24 2.25 527664041.04675257206 162324
25 2.25 524493201.15947705507 162620
26 2.25 530208227.7290930748 162349
27 2.25 518763185.33398288488 163038
28 2.25 533976744.32973277569 162088
29 2.25 502655926.4942188859 162122
30 2.25 521678534.37534445524 162161
31 2.25 535657725.66254079342 161821
32 2.25 510740643.65255105495 162147
33 2.25 522829350.10789787769 162002
34 2.25 530242489.73325932026 161580
35 2.25 507473448.31300938129 162010
36 2.25 513333979.82873225212 174205
37 2.25 523469707.46136546135 172238
38 2.25 550949052.02824676037 172146
39 2.25 528049008.98320734501 172062
40 2.25 525968509.00346755981 172052
41 2.25 530465063.51567488909 172158
42 2.25 517177401.03294444084 171861
43 2.25 527600185.04800546169 172113
44 2.25 532692020.61744523048 171757
45 2.25 504766965.66735124588 171835
46 2.25 526925446.35731428862 171869
47 2.25 515192686.55581378937 170237
48 2.25 521753700.89402288198 161145
49 2.25 527572173.51382428408 161403
50 2.25 537528518.63089156151 161254
51 2.25 515191189.37948185205 161382
52 2.25 540176758.72951829433 161240
53 2.25 520379675.56846165657 161071
54 2.25 529775843.12038016319 161536
55 2.25 534150298.23315113783 161201
56 2.25 531636895.49773848057 161096
57 2.25 528904558.38518381119 161079
58 2.25 517706003.71740549803 161071
59 2.25 527708901.34301406145 161382
60 2.25 528693721.02928268909 161045
61 2.25 535054398.46178281307 162153
62 2.25 531245023.21384233236 161220
63 2.25 521676610.05689132214 161417
64 2.25 528789967.76832318306 161061
65 2.25 524291680.8097268343 161155
66 2.25 522896053.1932862401 160986
67 2.25 512191852.55897408724 161106
68 2.25 515022801.24883252382 161441
69 2.25 528427721.07066625357 161128
70 2.25 526845397.22063577175 161726
71 2.25 532157866.58766895533 161515
72 2.25 520501775.16701054573 161518
73 2.25 531086915.30895626545 161581
74 2.25 518126642.67393177748 161120
75 2.25 524330980.44473153353 161426
76 2.25 516289892.80443900824 161074
77 2.25 526643130.9135311842 161918
78 2.25 521489885.84204375744 161498
79 2.25 517167241.4259262681 161410
80 2.25 515827209.72049635649 161219
81 2.25 519213855.96271699667 161449
82 2.25 521900152.57389122248 161253
83 2.25 523072061.60099762678 161274
84 2.25 521068503.17486613989 161440
85 2.25 524464762.57901626825 161454
86 2.25 530844157.69009596109 161599
87 2.25 529163300.48093396425 161289
88 2.25 520238283.19892567396 161098
89 2.25 530380177.97665470839 161116
90 2.25 524024250.95959109068 161190
91 2.25 510157991.89453428984 161747
92 2.25 530818826.11877077818 161215
93 2.25 530285519.76537466049 161324
94 2.25 534703513.76468265057 161327
95 2.25 531231987.61877268553 161250
96 2.25 537772720.65828502178 161016
97 2.25 531512402.25944387913 169644
98 2.25 518431131.94372218847 171763
99 2.25 523517649.6618642807 171372
% Edges = 2.5
0 2.5 518669034.8176882267 193457
1 2.5 524497556.64962697029 190618
2 2.5 528079162.7158010602 193406
3 2.5 522277116.46081542969 193161
4 2.5 516387884.4296605587 193133
5 2.5 530489459.35896575451 193238
6 2.5 525012274.80144864321 193147
7 2.5 528373578.71562182903 193152
8 2.5 514939701.56653851271 181718
9 2.5 527779649.15762639046 181360
10 2.5 532011612.72241991758 181898
11 2.5 518798162.73858755827 181503
12 2.5 522736994.3080021143 181443
13 2.5 526467518.89824277163 182747
14 2.5 523736903.68671774864 181443
15 2.5 529964917.62413781881 181565
16 2.5 528963222.53425228596 183335
17 2.5 533065727.51283603907 181557
18 2.5 530437626.08623951674 181721
19 2.5 527238607.28690141439 181216
20 2.5 520242174.81391012669 181485
21 2.5 525791358.86840307713 181392
22 2.5 526165771.30696099997 181459
23 2.5 524414004.32896178961 181535
24 2.5 519332425.55626255274 181750
25 2.5 524880089.32778400183 181469
26 2.5 518894972.03184974194 181785
27 2.5 532261695.50400972366 182153
28 2.5 533132041.58777457476 181714
29 2.5 523057846.70953041315 181764
30 2.5 533882212.86688172817 181257
31 2.5 533911295.51001214981 181574
32 2.5 515413951.19444429874 181717
33 2.5 521479609.00811690092 181477
34 2.5 534826150.45654344559 181671
35 2.5 527058134.36316126585 181918
36 2.5 514895192.31290721893 182023
37 2.5 529976537.35642051697 181972
38 2.5 525007465.85658717155 181669
39 2.5 521083304.12954062223 181661
40 2.5 523164185.1728233099 181946
41 2.5 522328791.69356912374 181640
42 2.5 518411588.4824873209 181753
43 2.5 531996150.09909778833 182070
44 2.5 515002970.67461884022 181715
45 2.5 518768877.86760121584 182053
46 2.5 521422230.67805206776 181843
47 2.5 521094545.23297739029 181713
48 2.5 528774534.12386888266 182022
49 2.5 527105813.71364855766 181570
50 2.5 531809888.90442198515 181997
51 2.5 523691818.28000158072 182108
52 2.5 528316076.75402444601 199353
53 2.5 522976259.70828288794 193538
54 2.5 516149640.32211834192 193721
55 2.5 521242949.74574702978 193469
56 2.5 528915150.0041564703 193569
57 2.5 530519066.12743377686 193871
58 2.5 517798809.22138619423 193601
59 2.5 523351792.65575176477 193648
60 2.5 526123001.54676687717 193653
61 2.5 519255321.73376590014 193658
62 2.5 522148197.89059877396 187677
63 2.5 536197215.40557461977 182354
64 2.5 531897154.69955444336 181923
65 2.5 528364920.09028768539 181740
66 2.5 523595273.14094126225 181564
67 2.5 519561395.43662524223 181806
68 2.5 534439803.10363382101 181495
69 2.5 531175006.23349457979 181587
70 2.5 536258743.1567645669 181536
71 2.5 540836945.81807971001 181569
72 2.5 513435306.71003329754 181400
73 2.5 535028166.36549705267 181395
74 2.5 526537908.24493503571 181492
75 2.5 515267269.9579834342 181238
76 2.5 512566573.32935982943 181406
77 2.5 517085702.45585674047 181648
78 2.5 522063365.54304534197 181634
79 2.5 521525082.82914048433 181572
80 2.5 510278483.80672544241 181456
81 2.5 530047765.23240071535 181546
82 2.5 522230098.85197395086 181540
83 2.5 514558971.59028530121 181730
84 2.5 528640330.85801327229 181387
85 2.5 517932442.11137354374 181417
86 2.5 540236725.6246598959 181242
87 2.5 511367788.06331992149 181504
88 2.5 524461489.82735353708 181423
89 2.5 521907547.53262716532 181424
90 2.5 509373771.78516644239 181332
91 2.5 535437773.55939543247 181805
92 2.5 520442459.48181945086 181391
93 2.5 526666744.93243432045 181597
94 2.5 525880176.12452024221 181494
95 2.5 524219692.42228484154 181231
96 2.5 524468128.2668633461 181281
97 2.5 532470468.20748126507 181638
98 2.5 526969550.12385380268 181273
99 2.5 516744855.56476247311 181527
% Edges = 2.75
0 2.75 520342791.81686627865 201884
1 2.75 525598368.54780352116 197514
2 2.75 521610902.33107572794 204816
3 2.75 532540539.25758332014 197362
4 2.75 529839477.25359100103 204335
5 2.75 526725830.66008973122 203379
6 2.75 519901164.998270154 218068
7 2.75 525338754.95866322517 210671
8 2.75 520184117.03430110216 217727
9 2.75 521336050.37518173456 209882
10 2.75 515712921.20640796423 217147
11 2.75 529408554.66870963573 210337
12 2.75 538085788.32427537441 218098
13 2.75 521248767.25712889433 210285
14 2.75 528284710.64678704739 217824
15 2.75 521162780.83020192385 199902
16 2.75 520352724.39913213253 205874
17 2.75 521827641.04151529074 197565
18 2.75 523699072.92027944326 204736
19 2.75 523178665.11412072182 198448
20 2.75 519927054.4572942853 204697
21 2.75 513060932.17754209042 197793
22 2.75 529279391.42053747177 204822
23 2.75 523912412.64203834534 197631
24 2.75 527325890.09627240896 204483
25 2.75 530720086.73123383522 197846
26 2.75 519109819.53718340397 204383
27 2.75 511583659.69030618668 204229
28 2.75 502222363.76228195429 208033
29 2.75 525339632.66024130583 200331
30 2.75 531181403.96398472786 207070
31 2.75 528966589.66478526592 208392
32 2.75 519154405.52219414711 212380
33 2.75 526612420.58192026615 203510
34 2.75 531287177.68881320953 210963
35 2.75 514797563.84571045637 209413
36 2.75 516894046.3765822649 214264
37 2.75 520164567.52893835306 205219
38 2.75 523548163.49929100275 216096
39 2.75 528367690.52984529734 210171
40 2.75 522901314.87399208546 214777
41 2.75 523858635.37675863504 205477
42 2.75 525983894.71572065353 219613
43 2.75 513644791.72177058458 209061
44 2.75 526110202.10246115923 214281
45 2.75 526997903.31091737747 205937
46 2.75 524926290.0958712697 221414
47 2.75 528182406.94444638491 209906
48 2.75 520759720.71415406466 214091
49 2.75 511318074.49727112055 209058
50 2.75 529732564.90793782473 219912
51 2.75 525701144.94662135839 210808
52 2.75 525151895.10063368082 215367
53 2.75 531389809.7215206027 230259
54 2.75 520183456.38781642914 232699
55 2.75 517760563.48447245359 222847
56 2.75 527159239.30636781454 230361
57 2.75 519391399.78370052576 231447
58 2.75 529573633.39753121138 230691
59 2.75 528824511.43476134539 221179
60 2.75 525284277.60367715359 239476
61 2.75 519546595.84987646341 225350
62 2.75 520619937.26900345087 216978
63 2.75 526766494.1005821228 205419
64 2.75 530579755.83190184832 225031
65 2.75 527587653.04407721758 209925
66 2.75 525831673.46158111095 214582
67 2.75 526050920.09064298868 206742
68 2.75 519320551.26981252432 223008
69 2.75 533182873.24913930893 210260
70 2.75 509891576.1139138341 214102
71 2.75 519364898.87342381477 213252
72 2.75 521586651.88470470905 221429
73 2.75 531844324.63082951307 210257
74 2.75 511305995.20894932747 214749
75 2.75 523520880.00062209368 220749
76 2.75 516556423.533639431 220983
77 2.75 529122979.80490607023 209889
78 2.75 536413942.56151074171 217189
79 2.75 519883155.21937173605 218563
80 2.75 537482497.48200142384 220264
81 2.75 533175264.77516883612 210381
82 2.75 522398917.18642091751 223068
83 2.75 519507553.72836512327 215361
84 2.75 514949992.8968001008 219596
85 2.75 528704586.56427407265 209678
86 2.75 532581806.84427273273 222995
87 2.75 518959973.25343507528 212504
88 2.75 528945757.1612970829 216041
89 2.75 516627598.69287717342 207475
90 2.75 530245918.05340617895 213053
91 2.75 542604356.92883324623 204979
92 2.75 526414603.10227864981 211309
93 2.75 527773623.89355796576 203322
94 2.75 529993361.35730516911 209900
95 2.75 527160154.89645606279 202650
96 2.75 525350952.39511793852 209042
97 2.75 524827745.34991425276 201145
98 2.75 520765738.67192870378 208727
99 2.75 517842617.96997761726 213918
% Edges = 3
0 3 527026545.03502362967 243682
1 3 527588323.39478349686 243322
2 3 518078732.89824801683 242889
3 3 526083541.9491751194 242346
4 3 524624447.94602614641 242871
5 3 534154784.72729837894 242639
6 3 526888269.63858109713 241902
7 3 512613239.60960769653 240097
8 3 530154877.67064529657 227122
9 3 525050448.89166396856 226781
10 3 525896410.44007444382 226701
11 3 525269254.72668790817 226427
12 3 528951279.73817276955 226262
13 3 545495382.94885444641 226135
14 3 526131147.72311371565 226348
15 3 528229291.70041769743 226027
16 3 521260237.27765887976 226544
17 3 525818749.21954971552 226150
18 3 527145678.6856045723 225787
19 3 524136688.55280560255 225655
20 3 521627979.30376905203 226152
21 3 521523084.80486029387 225724
22 3 524362336.37253218889 225595
23 3 529944232.83462148905 225504
24 3 507124674.57053130865 225822
25 3 524020797.56928265095 225869
26 3 521045553.53864818811 225581
27 3 524337709.40443056822 225593
28 3 512525820.40873914957 225459
29 3 518675375.12092411518 226050
30 3 529583831.85713195801 225543
31 3 523864372.8306658268 225239
32 3 527520354.87143015862 225529
33 3 523431513.91767579317 225369
34 3 523828960.94641470909 225510
35 3 514367120.5835775733 225198
36 3 519983821.87842804193 225246
37 3 519922750.27919483185 225052
38 3 537145864.04488503933 225470
39 3 540762634.8329603672 225159
40 3 519824545.77142846584 224942
41 3 517120391.26326411963 225047
42 3 523569449.51105183363 225185
43 3 523901416.23861789703 226976
44 3 518305831.10080075264 224909
45 3 520018370.65049463511 224960
46 3 523845238.10531800985 224855
47 3 514727993.81735426188 224591
48 3 529271602.77283018827 224788
49 3 523060303.9825694561 224791
50 3 524323149.7020894289 224587
51 3 530284497.68834298849 224928
52 3 515348992.92793256044 224782
53 3 529278070.38410878181 225059
54 3 525251630.11139988899 225019
55 3 525031493.34634512663 224297
56 3 520385640.94939488173 224711
57 3 512290380.79118078947 225557
58 3 523307982.33789730072 225266
59 3 520959016.57677900791 224487
60 3 519203830.00643146038 224930
61 3 517906440.87666326761 226094
62 3 522073846.8694857955 225071
63 3 518938541.52672594786 225195
64 3 520873469.91503405571 225174
65 3 531157901.69564956427 225006
66 3 533328631.33926224709 225164
67 3 523962478.56834053993 224491
68 3 517460747.15464931726 224805
69 3 523845140.19591730833 225108
70 3 523909416.25810104609 225255
71 3 525658556.06749075651 224447
72 3 534873450.60433137417 225098
73 3 520055698.74761712551 225046
74 3 513057507.06674075127 224606
75 3 519065092.90411424637 224865
76 3 528834912.39028161764 224675
77 3 512114257.60490471125 224928
78 3 517881000.94338238239 225198
79 3 524902088.65853452682 224604
80 3 530239283.49638497829 224971
81 3 523018923.84119820595 225288
82 3 518474180.77601599693 224669
83 3 522739293.63755995035 224376
84 3 528155959.4319884181 225087
85 3 523961519.48566108942 225410
86 3 515928683.35601580143 224779
87 3 532249920.90672796965 232784
88 3 528138794.9689848423 239227
89 3 520313781.65949052572 239257
90 3 530911741.5085722208 239081
91 3 523407220.63837051392 239377
92 3 523984058.69340920448 239328
93 3 528841982.31684678793 239617
94 3 522120425.59582716227 239290
95 3 537625099.9041005373 238760
96 3 534130421.95811212063 225023
97 3 532535864.78541761637 224768
98 3 528265341.41458642483 224338
99 3 515630145.19518476725 224795
% Edges = 3.5
0 3.5 521610376.87302446365 264086
1 3.5 527118367.08075433969 264495
2 3.5 520215719.27931439877 264084
3 3.5 526576698.61276710033 263751
4 3.5 526091970.96448862553 263839
5 3.5 527109584.39962893724 264087
6 3.5 517470174.31905162334 264325
7 3.5 516879293.62239789963 264202
8 3.5 519663763.93818306923 264206
9 3.5 522636489.27685785294 264079
10 3.5 528731313.71876472235 264538
11 3.5 522812080.9523011446 263999
12 3.5 510090867.6183899045 263815
13 3.5 518036504.46199852228 263946
14 3.5 522053639.24814289808 263821
15 3.5 528250708.75077182055 263997
16 3.5 528734754.40552794933 264110
17 3.5 529063601.87278842926 264261
18 3.5 515925617.83387637138 263706
19 3.5 514503360.29693508148 263768
20 3.5 517248621.51989561319 264398
21 3.5 515855972.45490646362 264544
22 3.5 518201684.34252381325 264522
23 3.5 536487719.69518524408 264285
24 3.5 522693048.48187577724 264509
25 3.5 525989822.18794298172 264385
26 3.5 520246460.61155259609 266430
27 3.5 526700312.31797409058 264436
28 3.5 519555904.8254635334 263886
29 3.5 518873430.40640121698 264572
30 3.5 518126811.67678385973 264318
31 3.5 521904704.34292125702 264274
32 3.5 522556392.15537762642 263893
33 3.5 523091827.8419393301 263825
34 3.5 524939528.21821922064 264242
35 3.5 524584776.74339944124 264285
36 3.5 517407464.23565769196 264864
37 3.5 516597071.80813890696 264548
38 3.5 533781555.09252911806 264551
39 3.5 515115297.84439408779 264564
40 3.5 523840057.36187422276 264171
41 3.5 532205072.85772836208 264163
42 3.5 529435219.30491304398 263881
43 3.5 524508404.83691042662 264620
44 3.5 525120349.40706086159 264378
45 3.5 531764700.94898962975 264087
46 3.5 532068216.80125176907 263907
47 3.5 520102359.63503301144 263970
48 3.5 517888102.07313126326 264187
49 3.5 519430303.66912776232 264518
50 3.5 526796531.41134786606 264464
51 3.5 523471895.69261711836 264325
52 3.5 530427223.48380810022 265228
53 3.5 519376499.48596227169 264329
54 3.5 532697862.65178376436 264029
55 3.5 522186792.60983115435 263987
56 3.5 534865649.47531408072 264151
57 3.5 533706025.88720303774 263990
58 3.5 518144661.91666984558 264142
59 3.5 521837607.07301437855 263857
60 3.5 532688562.4171115756 263521
61 3.5 525454926.51234215498 268284
62 3.5 524361053.76128852367 267252
63 3.5 525697709.83778226376 266985
64 3.5 519141296.77304124832 289746
65 3.5 528966712.79163187742 290049
66 3.5 523216044.17819237709 289885
67 3.5 531615039.06280314922 297930
68 3.5 516640426.93306034803 293226
69 3.5 527433361.40129268169 299184
70 3.5 529327397.69393330812 297380
71 3.5 520737786.73656761646 285868
72 3.5 522641736.67328763008 284263
73 3.5 526751178.19725185633 277698
74 3.5 533192787.93628394604 275133
75 3.5 517225117.46018981934 284411
76 3.5 515940643.75685214996 278981
77 3.5 521955784.01935976744 279671
78 3.5 532505032.40051311255 283726
79 3.5 518316689.30782437325 279935
80 3.5 527149824.20892596245 285730
81 3.5 522203047.12199407816 281861
82 3.5 516952367.74640870094 277538
83 3.5 529707006.28592699766 288829
84 3.5 516107553.42765671015 278601
85 3.5 521230263.64880621433 275385
86 3.5 524013222.05367588997 289885
87 3.5 516283152.31154847145 277806
88 3.5 516143986.65100711584 274235
89 3.5 516745999.65827691555 288307
90 3.5 532023423.2892858386 278755
91 3.5 526926933.74542099237 277079
92 3.5 519338408.1073153019 286754
93 3.5 534773337.84793847799 279592
94 3.5 520538980.29884386063 283460
95 3.5 535351075.06489545107 285183
96 3.5 522673703.38955938816 279563
97 3.5 536008129.81934702396 290221
98 3.5 529778344.64380794764 285164
99 3.5 519750279.51248186827 289188
% Edges = 4
0 4 524722873.70423400402 356644
1 4 529992371.69058454037 344486
2 4 523230011.05850404501 353015
3 4 521761651.6012904644 347298
4 4 526802254.07889097929 347517
5 4 527492395.30458432436 338414
6 4 520149106.35955917835 318715
7 4 529492059.35593360662 315944
8 4 530801059.05626899004 313059
9 4 521624135.6781257391 310790
10 4 520092407.05810558796 309874
11 4 525676160.13503789902 308886
12 4 522413274.69943517447 307959
13 4 518442701.5418587923 306986
14 4 518919802.61151063442 306485
15 4 536451785.99358326197 305460
16 4 520473546.32956314087 305561
17 4 521472411.94503456354 305268
18 4 525447838.49327450991 304871
19 4 521479588.24913328886 304675
20 4 510002906.66324687004 303409
21 4 521544472.48484742641 303346
22 4 522942794.71834152937 303704
23 4 535060021.74520426989 302930
24 4 525319690.03110438585 303120
25 4 519307444.58323842287 302617
26 4 519881892.52957564592 302509
27 4 523345228.1439909339 302338
28 4 528105591.18859583139 302103
29 4 513176868.24201673269 302317
30 4 523157531.48298090696 302089
31 4 518789486.13782173395 314054
32 4 518228336.07681649923 321375
33 4 526391763.80482244492 320693
34 4 531418953.0376278162 320330
35 4 530405272.5969504118 320962
36 4 523510283.56045472622 321003
37 4 521721589.12716692686 319407
38 4 522801409.4585133791 301492
39 4 522914804.45842456818 302081
40 4 528708241.96503812075 302005
41 4 529587618.12879478931 301036
42 4 523896711.5916570425 301811
43 4 517309574.43125474453 301497
44 4 524913894.33307564259 301571
45 4 518002774.79328268766 301538
46 4 534189475.98128181696 301183
47 4 530521729.39013236761 301368
48 4 524704743.78986561298 301108
49 4 526195121.31034886837 300950
50 4 514360610.94778889418 301258
51 4 525362089.55478674173 301231
52 4 519808896.37945234776 301026
53 4 511606737.45828908682 300786
54 4 528752827.20115941763 301022
55 4 522048760.86356824636 301376
56 4 523193506.87460446358 301002
57 4 520104586.24464809895 300824
58 4 525048203.50378984213 301286
59 4 522788294.54282981157 301584
60 4 528004220.59531491995 301352
61 4 514774639.81525593996 301176
62 4 533366640.01533001661 300866
63 4 520899846.60565119982 302002
64 4 522431134.5049880147 306926
65 4 527494719.7430690527 301455
66 4 530200012.9121171236 301289
67 4 528708526.66708093882 301272
68 4 519820006.96735155582 301775
69 4 521619506.84589266777 301029
70 4 527526523.61944532394 301470
71 4 520264714.36283582449 301533
72 4 521536100.60746401548 301439
73 4 523840642.68170386553 301128
74 4 520136624.51852315664 301081
75 4 525508773.69493061304 300904
76 4 528389370.77917987108 300963
77 4 525196937.20545697212 301253
78 4 528380045.03860926628 302431
79 4 530081394.42141604424 301281
80 4 529206465.1745557189 301108
81 4 531306368.32784432173 301093
82 4 511256246.08644348383 301018
83 4 517329748.09256404638 300742
84 4 522520453.44373095036 301526
85 4 529407222.39189499617 301229
86 4 510757985.87939560413 301216
87 4 517275834.90593105555 301151
88 4 530068419.83052402735 301397
89 4 530819076.38459038734 301011
90 4 525129679.74717992544 300940
91 4 522972736.59009850025 301398
92 4 522456254.05901372433 301668
93 4 519874253.20274841785 301086
94 4 530247981.48499244452 300942
95 4 527273265.1119197607 301536
96 4 520502856.94944483042 301351
97 4 524440491.40053170919 311256
98 4 528286215.48478680849 320262
99 4 521106392.32783865929 320160
% Edges = 4.5
0 4.5 522150384.75347673893 360966
1 4.5 523529078.88644522429 360482
2 4.5 521682364.84467607737 360374
3 4.5 520101006.06674200296 351176
4 4.5 517471588.39455193281 339535
5 4.5 528174409.51375806332 338735
6 4.5 529577357.15039151907 339886
7 4.5 522044710.90418082476 339684
8 4.5 512873951.62161177397 339591
9 4.5 519299684.01189774275 339352
10 4.5 526102648.53576236963 338535
11 4.5 522966325.87784725428 339735
12 4.5 528107708.245880723 339881
13 4.5 528263868.63679540157 339430
14 4.5 530057894.95666986704 339672
15 4.5 518244993.33192437887 339440
16 4.5 525141924.93378555775 339158
17 4.5 534119316.0976113677 339676
18 4.5 530214557.20060098171 339455
19 4.5 524657869.57710069418 340102
20 4.5 518987975.34157258272 339820
21 4.5 523514457.20292758942 339255
22 4.5 520378721.67505353689 339257
23 4.5 521255114.89862561226 339613
24 4.5 525642877.37287980318 339343
25 4.5 526016101.14305621386 339782
26 4.5 528605712.8399194479 344979
27 4.5 529607210.51346194744 339061
28 4.5 532853920.01102113724 339114
29 4.5 525814578.17387372255 340120
30 4.5 525750881.68771767616 339771
31 4.5 526553414.64783793688 340076
32 4.5 520824452.67691981792 339677
33 4.5 527587135.81492364407 339771
34 4.5 523855897.74668979645 338910
35 4.5 523913374.3149266839 339510
36 4.5 531869764.18402636051 353475
37 4.5 524902411.99461203814 348123
38 4.5 527390731.13162195683 358737
39 4.5 518313463.14866012335 352201
40 4.5 523279750.26240098476 359234
41 4.5 523569628.62726575136 355876
42 4.5 527119049.57740193605 358510
43 4.5 524060906.15784192085 358532
44 4.5 524125075.75183826685 357112
45 4.5 511220535.62732601166 361614
46 4.5 525224192.82205140591 355357
47 4.5 528049621.29926598072 365293
48 4.5 523818530.10391592979 358193
49 4.5 524410342.14713615179 367909
50 4.5 524516485.97374206781 357843
51 4.5 527964473.49015969038 368285
52 4.5 522194252.97198659182 356625
53 4.5 516206370.44413691759 365348
54 4.5 519556431.19788563251 358422
55 4.5 528826330.36063861847 380217
56 4.5 523096228.02506572008 385567
57 4.5 519661196.53819042444 383069
58 4.5 522362935.11296778917 388690
59 4.5 520385714.15360617638 383908
60 4.5 526729285.84840643406 380787
61 4.5 514295825.94169771671 357558
62 4.5 533090711.6534165144 374087
63 4.5 525281074.53166621923 361433
64 4.5 525967350.14344167709 374452
65 4.5 523294487.85624462366 362554
66 4.5 536408928.41415643692 372893
67 4.5 539914782.45512580872 363380
68 4.5 521337481.52178835869 367883
69 4.5 518783321.69002360106 361053
70 4.5 526227835.69510763884 356128
71 4.5 523198493.33335119486 352015
72 4.5 530760956.71470016241 349606
73 4.5 521392890.60788428783 348427
74 4.5 516723398.7144831419 347131
75 4.5 521532001.15033495426 345630
76 4.5 521666591.60854226351 345078
77 4.5 525057222.65619599819 344201
78 4.5 521919564.14779877663 343605
79 4.5 523606668.71323978901 343142
80 4.5 522555505.75694459677 342344
81 4.5 525765163.74217295647 342457
82 4.5 526547191.0131046176 341972
83 4.5 514701286.46984291077 369210
84 4.5 524879013.82354950905 363189
85 4.5 521815378.22827100754 362867
86 4.5 525958949.11281055212 363053
87 4.5 522987052.30346119404 362432
88 4.5 521926536.9788351059 354319
89 4.5 516208573.20987719297 341003
90 4.5 523773190.57608044147 340309
91 4.5 522131939.02058190107 341341
92 4.5 530628215.55704212189 340513
93 4.5 525730928.68344974518 340970
94 4.5 524922060.9142318964 340292
95 4.5 519434435.42063552141 340052
96 4.5 512218892.61174482107 340514
97 4.5 520216857.26376354694 340900
98 4.5 506696205.93030893803 340467
99 4.5 516633528.03123062849 340262
% Edges = 5
0 5 525187934.33521836996 381342
1 5 533562430.65732014179 380377
2 5 529500608.49624699354 379993
3 5 525482899.11425465345 379687
4 5 523552401.2334010005 380724
5 5 531421715.85692256689 380210
6 5 524751510.94457870722 380094
7 5 530619590.1491304636 379751
8 5 526380934.71683859825 380521
9 5 526906427.67559552193 379370
10 5 522927514.09871655703 388691
11 5 526565895.94329488277 403508
12 5 527560953.6086794734 404031
13 5 523668533.58250367641 403279
14 5 520909225.00463217497 402836
15 5 524683142.98649996519 396776
16 5 516912419.25854992867 378844
17 5 522446878.32692205906 379463
18 5 521296294.86065012217 379052
19 5 521733301.23637336493 378810
20 5 524972047.49662446976 379113
21 5 528118647.8663443923 379069
22 5 526018265.23298698664 379017
23 5 521672693.40487599373 379286
24 5 519828839.55628395081 379292
25 5 527821606.52471339703 378632
26 5 519853409.78956395388 379301
27 5 527790748.75670272112 379228
28 5 518802708.55370777845 379183
29 5 524197420.75141501427 379132
30 5 531957434.40658229589 378846
31 5 536539749.86066031456 378936
32 5 527391944.78385448456 379528
33 5 523960785.12626957893 378632
34 5 521613254.88529199362 378458
35 5 528318611.85779589415 379129
36 5 530398946.71619641781 383104
37 5 528981799.84853470325 379221
38 5 529997347.43663066626 379313
39 5 529887254.20912313461 379166
40 5 529470311.91524159908 378836
41 5 524314931.34543544054 378579
42 5 525822578.41543513536 380065
43 5 523918885.20373988152 378903
44 5 517393356.06424689293 378967
45 5 526461636.6795643568 379298
46 5 519870509.57068020105 379768
47 5 523433476.84244817495 379881
48 5 517039689.67015093565 379236
49 5 524771850.12274891138 379073
50 5 529696780.5620598793 379258
51 5 526734831.08300840855 379289
52 5 512493260.35023248196 379492
53 5 523953878.80680346489 378364
54 5 524960117.05897790194 379815
55 5 528851320.58822709322 378853
56 5 530894575.0439003706 378560
57 5 524273197.12804955244 379117
58 5 531912703.74808573723 379068
59 5 526987171.61310225725 379191
60 5 522157046.72280573845 379426
61 5 531163476.91122156382 378950
62 5 531648967.99073529243 379359
63 5 525580539.17502385378 379610
64 5 532380475.1017203331 379212
65 5 531884568.93352013826 379435
66 5 524831791.20359838009 378937
67 5 524860930.95699805021 379267
68 5 523843046.4507021904 378986
69 5 526600503.80396026373 378816
70 5 526736360.25834554434 380100
71 5 529053957.35592937469 379665
72 5 512629316.55669677258 378821
73 5 525637672.3635969758 380204
74 5 525413416.07294028997 379120
75 5 526159630.07011121511 379298
76 5 530434386.88024997711 378483
77 5 530313142.98031276464 379553
78 5 527591454.91962975264 379937
79 5 523971139.6772506237 384816
80 5 522661382.8825044632 388175
81 5 530055031.62847369909 392249
82 5 521157352.9904859066 395196
83 5 514150239.62794035673 397679
84 5 520409713.53953790665 397494
85 5 517647373.77539247274 401132
86 5 520275803.5380974412 397616
87 5 533425033.50675785542 402192
88 5 528668890.33015394211 400278
89 5 530889203.86261880398 436146
90 5 526122999.3989854455 427817
91 5 524316777.87457352877 436822
92 5 523012645.18647438288 424322
93 5 523474683.18550348282 431146
94 5 521856602.92279601097 396328
95 5 533296080.016251266 410673
96 5 523579294.80696845055 394856
97 5 526267116.08583456278 410138
98 5 530388574.40169513226 396373
99 5 523683760.28420937061 409607
% Edges = 5.5
0 5.5 518019539.50049519539 449804
1 5.5 531755488.94427549839 452045
2 5.5 526263388.59301620722 458246
3 5.5 524026648.64425802231 449951
4 5.5 527114062.56123423576 461907
5 5.5 530890260.07538336515 447964
6 5.5 531602735.95415824652 460221
7 5.5 526387884.65479123592 453214
8 5.5 529541870.23668009043 450177
9 5.5 527948488.79766505957 443618
10 5.5 523641850.5593727231 437709
11 5.5 519112344.71672236919 433795
12 5.5 519642444.96748536825 431935
13 5.5 532468090.75624233484 431273
14 5.5 521084557.96755832434 428727
15 5.5 533098434.92340451479 427371
16 5.5 523806324.6738678813 426716
17 5.5 524866112.74158412218 425780
18 5.5 525001813.95895171165 426603
19 5.5 525868680.90977144241 424621
20 5.5 529038704.28609579802 424614
21 5.5 521025077.33959567547 424045
22 5.5 525213938.28692531586 423829
23 5.5 532412959.73083108664 423709
24 5.5 527906715.13072299957 422584
25 5.5 530816840.45803445578 423003
26 5.5 528781015.06937122345 422611
27 5.5 515372991.54424881935 422917
28 5.5 518660879.27600592375 423272
29 5.5 522773979.68109327555 422645
30 5.5 525401384.98671710491 422743
31 5.5 526960706.73897695541 422141
32 5.5 525183878.13132244349 422302
33 5.5 515584593.4165199399 421977
34 5.5 520801514.20416617393 421693
35 5.5 522604086.33808648586 432670
36 5.5 527213883.53895187378 447877
37 5.5 525993501.37155413628 447124
38 5.5 524551864.62051892281 448391
39 5.5 517733970.47593665123 447626
40 5.5 521231632.62828618288 424800
41 5.5 525764985.35475200415 421158
42 5.5 529340301.49799412489 421609
43 5.5 530731479.29453748465 421971
44 5.5 523929682.50803458691 420780
45 5.5 520937802.2061009407 420888
46 5.5 532084251.91602790356 421591
47 5.5 522849447.329426229 421096
48 5.5 521377423.56357860565 421979
49 5.5 519445779.03848737478 420997
50 5.5 524713230.51948618889 421407
51 5.5 514768357.95935726166 420796
52 5.5 530783611.01132017374 421508
53 5.5 524769575.49388515949 421282
54 5.5 527099753.51592713594 420970
55 5.5 530737781.19612324238 420824
56 5.5 523133002.54729521275 421550
57 5.5 527553252.43527114391 421115
58 5.5 526887443.47191143036 421863
59 5.5 536824471.88429814577 421147
60 5.5 525691840.47684675455 420422
61 5.5 519848514.33227884769 420979
62 5.5 526610657.80488783121 420688
63 5.5 519129064.47679895163 420919
64 5.5 537203370.07698178291 421112
65 5.5 519998557.48529714346 420888
66 5.5 527190349.21183103323 420959
67 5.5 528846932.90495598316 421453
68 5.5 515743435.47319424152 420958
69 5.5 522923204.58309268951 420576
70 5.5 521724794.56317806244 420936
71 5.5 515699093.89371734858 421897
72 5.5 525894885.29101836681 420858
73 5.5 519743283.76640540361 420808
74 5.5 521201690.47845005989 420847
75 5.5 517165113.7147103548 421261
76 5.5 526417972.92805671692 420460
77 5.5 528587621.0495980978 421309
78 5.5 529631463.61211967468 421389
79 5.5 518290594.59116637707 420890
80 5.5 531410825.4451072216 420518
81 5.5 531958984.54193353653 421068
82 5.5 528572432.05202412605 422258
83 5.5 530879779.01458454132 420821
84 5.5 517421299.86546486616 421048
85 5.5 520465518.94449597597 420735
86 5.5 521551293.94023805857 421410
87 5.5 519631998.31052398682 420879
88 5.5 528699557.63283699751 420396
89 5.5 522874406.74367254972 420390
90 5.5 514145543.1617590189 420215
91 5.5 518600146.124763906 421062
92 5.5 524633359.26121157408 421282
93 5.5 523547960.20241266489 420725
94 5.5 514531696.11493057013 420887
95 5.5 516521023.97999799252 420547
96 5.5 533342037.81552368402 420353
97 5.5 521919848.13355082273 420594
98 5.5 518839790.5991731286 420782
99 5.5 512848406.38956797123 421858
% Edges = 6
0 6 521487212.10331720114 463297
1 6 524019778.01381260157 463021
2 6 527751825.94060206413 462125
3 6 522199271.301415205 461937
4 6 528404315.62712860107 462152
5 6 520140025.64654445648 462615
6 6 527302638.43694901466 503757
7 6 528431181.44603729248 495433
8 6 524465539.90083503723 513553
9 6 524858700.408896029 515435
10 6 524672339.16515535116 481475
11 6 527754392.82077747583 492265
12 6 524070096.11362838745 485266
13 6 523118215.81772404909 487827
14 6 520525577.55930304527 494851
15 6 530498189.58238017559 486450
16 6 515923171.9127535224 496152
17 6 524834468.37154436111 495207
18 6 524777343.44368416071 485918
19 6 519786848.38477504253 498770
20 6 526461818.78064310551 487721
21 6 529305439.40626966953 490516
22 6 521838135.52862733603 496835
23 6 530963477.52521008253 485610
24 6 517360281.37703883648 499722
25 6 525859776.72470217943 501790
26 6 520954988.02921521664 517701
27 6 520524182.59705305099 538876
28 6 532479417.85149526596 537086
29 6 531541981.82772016525 528363
30 6 526265644.66785299778 500569
31 6 525734908.03480768204 486749
32 6 518787341.11493718624 479857
33 6 533692742.31787919998 475802
34 6 532367087.28771346807 473513
35 6 533435681.71346259117 471305
36 6 529632046.86844623089 469844
37 6 521527554.02437973022 468296
38 6 524481981.40619510412 467213
39 6 514078024.26271384954 466880
40 6 522366316.63661724329 465751
41 6 524950124.50378417969 465079
42 6 521322504.07075840235 465394
43 6 519580619.34652000666 465593
44 6 530833556.10817378759 465290
45 6 525424826.94746887684 464668
46 6 522339208.75920343399 472671
47 6 517820573.07270717621 493233
48 6 527691705.34534007311 492573
49 6 519031383.7506275773 492223
50 6 527468412.01062065363 491953
51 6 529548833.13495206833 463638
52 6 522002717.34022158384 463199
53 6 524475624.3713748455 462463
54 6 522582439.7568847537 462027
55 6 523624039.31877732277 462735
56 6 526244578.29591155052 462823
57 6 524822544.94013160467 462809
58 6 516711381.76453590393 461945
59 6 521739609.84382170439 462230
60 6 518388564.03621947765 462164
61 6 525110648.19940727949 461535
62 6 517837021.06974446774 461755
63 6 525374338.38926327229 462224
64 6 517086841.08616369963 461978
65 6 523102132.44693249464 461721
66 6 526930154.25779336691 461751
67 6 530771879.11116302013 462362
68 6 527942129.30595225096 482325
69 6 523016980.95086538792 490456
70 6 526015057.74795562029 490539
71 6 525720774.12868010998 490886
72 6 521261823.22366786003 478503
73 6 526312167.59505850077 462353
74 6 522673795.06362605095 462072
75 6 528019423.81299030781 461598
76 6 523537377.29012149572 463973
77 6 523785071.56741523743 462697
78 6 525283670.27312970161 462934
79 6 520603644.82277154922 462505
80 6 517623802.97301614285 462319
81 6 520381831.47947430611 462504
82 6 528671945.33129751682 461345
83 6 527405051.83533591032 462251
84 6 519318318.29892474413 462706
85 6 524302941.62140667439 461866
86 6 521584571.021476686 461871
87 6 526966865.10491365194 462291
88 6 526515309.63322669268 461807
89 6 525484864.54471224546 473994
90 6 529840045.16571676731 490225
91 6 521364018.70221054554 491429
92 6 526877610.52656036615 490583
93 6 524908508.98342639208 485185
94 6 529360049.13145470619 462464
95 6 522130995.27047479153 461971
96 6 524341131.34151411057 461777
97 6 527457671.92220109701 461869
98 6 532133392.40824514627 461573
99 6 520811210.29197901487 462332
% Edges = 6.5
0 6.5 522171829.07996147871 499998
1 6.5 534296384.13102471828 498650
2 6.5 517632005.43203347921 498578
3 6.5 524174121.94555157423 498552
4 6.5 524746845.75890904665 498389
5 6.5 520509868.30964040756 498010
6 6.5 518943283.33587479591 499058
7 6.5 527596924.00066387653 499026
8 6.5 523609484.30655884743 499281
9 6.5 524173407.80193954706 499696
10 6.5 531464878.28422695398 500102
11 6.5 525369876.58340203762 500069
12 6.5 524612291.33269196749 500512
13 6.5 520750287.23909467459 499320
14 6.5 526972668.80324244499 499098
15 6.5 528636016.74129831791 500497
16 6.5 527546250.54914075136 499842
17 6.5 528637606.01407825947 500429
18 6.5 527488625.90949046612 512084
19 6.5 523936812.89314872026 513233
20 6.5 520414097.42687541246 525406
21 6.5 529924239.90413838625 524601
22 6.5 522192715.96678882837 519964
23 6.5 526602928.42402541637 531519
24 6.5 519591297.94221180677 530650
25 6.5 531454162.54279255867 526150
26 6.5 526103361.77821391821 535186
27 6.5 516191801.97817182541 535561
28 6.5 521990777.80508136749 521456
29 6.5 524981460.10414379835 555925
30 6.5 524127892.74988865852 571208
31 6.5 532366381.65911650658 560052
32 6.5 521182548.15011763573 568270
33 6.5 521164893.66938567162 546548
34 6.5 528961980.05761802197 536410
35 6.5 528158621.67205238342 535614
36 6.5 521582214.3245575428 545162
37 6.5 525491526.8517510891 539203
38 6.5 517697692.35821676254 534660
39 6.5 529573202.16553407907 539412
40 6.5 525544272.2074778676 524371
41 6.5 523924369.315497756 517486
42 6.5 518371778.1526877284 513184
43 6.5 521747409.16249752045 510622
44 6.5 527212042.92896765471 508008
45 6.5 517303719.89868575335 506546
46 6.5 532776218.78536975384 505564
47 6.5 522666266.28788602352 504199
48 6.5 528355240.08734452724 526617
49 6.5 530100318.56830865145 533993
50 6.5 528780744.06594103575 534513
51 6.5 521388675.26972973347 533160
52 6.5 533014698.23697328568 508052
53 6.5 527018609.93698704243 502438
54 6.5 530024255.54563528299 501660
55 6.5 523713465.14959800243 500656
56 6.5 531348305.80241394043 500647
57 6.5 517714250.89263260365 500689
58 6.5 521034899.62049400806 500274
59 6.5 529588241.89994382858 500337
60 6.5 532863827.01125943661 499790
61 6.5 519058714.81027400494 499801
62 6.5 518878089.21443867683 498993
63 6.5 525748561.31829822063 499004
64 6.5 524851804.63228160143 499461
65 6.5 521266901.54035913944 499373
66 6.5 523695531.49433982372 500058
67 6.5 531049785.9091359973 498907
68 6.5 523925839.39771437645 530821
69 6.5 522336605.57672178745 530779
70 6.5 523641253.33935970068 530313
71 6.5 530741981.16542476416 529248
72 6.5 521610305.37482410669 499309
73 6.5 523220914.16220569611 500027
74 6.5 529035399.91373044252 499106
75 6.5 518874303.92563402653 498575
76 6.5 526693147.15319824219 498440
77 6.5 532407292.12206429243 500081
78 6.5 519293947.23511278629 499212
79 6.5 532032918.40296453238 499187
80 6.5 522399795.31349265575 499516
81 6.5 531087205.62172418833 499662
82 6.5 516527536.80088180304 499164
83 6.5 518035714.68969416618 498288
84 6.5 518660190.88943070173 499695
85 6.5 523129380.09450900555 499715
86 6.5 518350061.25338464975 499096
87 6.5 523358663.51169091463 503055
88 6.5 527239363.58803480864 529017
89 6.5 520038060.18868792057 530616
90 6.5 530770917.16526699066 529119
91 6.5 524414544.58911728859 522941
92 6.5 530382403.72963809967 498053
93 6.5 522682478.53102016449 499542
94 6.5 524526538.44459736347 498209
95 6.5 529759554.75639396906 498516
96 6.5 528174374.61453580856 498834
97 6.5 514518429.56473445892 498559
98 6.5 527330827.14387696981 498227
99 6.5 526002606.55534547567 498157
% Edges = 7
0 7 532236292.46852278709 539894
1 7 525972610.91686779261 539793
2 7 523715034.45451265574 539102
3 7 522258378.23768025637 539480
4 7 519329255.20500797033 539787
5 7 521979316.94022381306 540533
6 7 518689101.38284432888 539462
7 7 531143605.76748454571 572725
8 7 525544943.98116028309 572355
9 7 519577336.94267380238 572663
10 7 522497498.91985607147 563872
11 7 528918319.67421007156 539289
12 7 519967724.50922602415 538783
13 7 528345172.50329035521 540250
14 7 522628516.48095417023 539700
15 7 531329752.20814359188 539075
16 7 516068346.7171279192 539146
17 7 519176887.25638860464 540003
18 7 525671549.91656464338 539748
19 7 526856821.26893424988 539849
20 7 528610389.49932265282 547666
21 7 524812126.4172617197 551010
22 7 517721194.09440457821 563772
23 7 527439757.74495345354 566740
24 7 522911630.94372361898 562924
25 7 523669694.88634508848 593222
26 7 524946506.71862208843 614231
27 7 520989666.39964091778 615517
28 7 529259184.64579033852 596832
29 7 532264099.88342630863 567684
30 7 530990507.00976985693 579455
31 7 527998052.7776427865 576411
32 7 529010665.92455172539 568977
33 7 522234833.13391661644 572998
34 7 525129290.16080129147 583662
35 7 525894879.97091948986 582970
36 7 520008786.02990615368 574670
37 7 521548198.03788608313 583785
38 7 530067660.80267244577 589009
39 7 533792226.51885658503 578569
40 7 524615162.43745911121 572210
41 7 530507035.09841990471 559681
42 7 521861935.64765316248 578949
43 7 529770502.46869695187 586418
44 7 521543383.90984970331 583083
45 7 524484451.41917979717 577746
46 7 528117981.11048257351 545646
47 7 523995944.97977554798 543346
48 7 523783307.32475608587 543535
49 7 521646027.68872869015 542542
50 7 520337163.2136862874 543451
51 7 519702028.4401037097 542057
52 7 519331939.11951971054 541493
53 7 517361696.3728954196 540638
54 7 526085178.99069064856 541228
55 7 518048682.00377476215 540338
56 7 527744087.31820517778 540633
57 7 526190376.35604780912 540462
58 7 526677296.31850719452 540944
59 7 529667944.00296783447 540276
60 7 525159499.05900913477 543079
61 7 527289461.00405275822 539171
62 7 530571901.67520284653 538812
63 7 529898189.67447155714 539745
64 7 525310535.45806413889 539149
65 7 534245746.71110785007 539641
66 7 527411041.39717006683 539699
67 7 523323296.83948791027 538779
68 7 522618078.77607399225 538635
69 7 523732882.3360517025 537350
70 7 522396404.94126605988 539225
71 7 521080410.87529146671 538790
72 7 530816938.99518573284 538870
73 7 526950219.13241904974 539187
74 7 514743206.20597624779 538353
75 7 517055948.69811403751 538494
76 7 524845452.90289515257 538126
77 7 523741791.47351890802 538344
78 7 523707563.6349298954 539010
79 7 527407084.37406778336 572712
80 7 521564193.01942425966 571927
81 7 525151973.35167038441 571848
82 7 521668346.51663279533 564081
83 7 525331442.74373555183 538799
84 7 530433869.40807801485 538619
85 7 522722940.54421317577 538833
86 7 523934810.11441469193 539001
87 7 524570901.14417570829 538533
88 7 530781168.24221438169 537195
89 7 518724091.16333454847 538550
90 7 525884480.92415499687 537455
91 7 521932205.77454143763 538747
92 7 529363477.8187571764 538075
93 7 526145678.50800639391 538635
94 7 524703237.11156696081 538309
95 7 530600610.06648170948 537832
96 7 528764398.58317178488 537552
97 7 526541719.99715876579 553496
98 7 524752075.81019645929 571908
99 7 529971635.67896610498 571181
% Edges = 7.5
0 7.5 528781494.81649506092 614420
1 7.5 535047371.25086098909 578806
2 7.5 526413368.13699638844 578196
3 7.5 522409493.16494059563 578634
4 7.5 529228454.08054918051 578709
5 7.5 522927737.21552801132 578819
6 7.5 516499768.95848351717 578262
7 7.5 519598546.54814904928 578960
8 7.5 528172150.74681425095 578942
9 7.5 526852316.69820702076 578137
10 7.5 528543427.72838664055 579006
11 7.5 528693670.16665661335 579835
12 7.5 519363921.09245830774 578726
13 7.5 524488629.36934942007 578907
14 7.5 520716713.99693983793 587516
15 7.5 521090445.7662833333 614332
16 7.5 531534001.89606690407 614240
17 7.5 525227306.46272081137 623700
18 7.5 525371238.29683446884 603414
19 7.5 522991280.06064420938 605225
20 7.5 525274156.96584683657 603965
21 7.5 521966995.54413896799 605905
22 7.5 524328315.83641207218 618389
23 7.5 528716511.70021671057 618640
24 7.5 523022654.01965421438 617346
25 7.5 523718884.14188748598 609323
26 7.5 525017859.25926709175 612318
27 7.5 524837197.76408851147 621108
28 7.5 527801837.68716734648 619570
29 7.5 521075243.58865004778 617357
30 7.5 527396429.95373475552 612311
31 7.5 524799977.29446649551 674346
32 7.5 518083002.32247674465 673323
33 7.5 533904583.42923277617 673030
34 7.5 520919488.36549794674 623027
35 7.5 527666050.02518004179 613737
36 7.5 525646730.76563817263 601566
37 7.5 523695978.80835753679 595433
38 7.5 528930306.38288998604 591795
39 7.5 526625376.05733394623 589047
40 7.5 527573904.0000488162 587427
41 7.5 525805644.54415541887 586543
42 7.5 528101905.19124561548 584995
43 7.5 523853937.56642091274 583450
44 7.5 523461960.12130498886 582460
45 7.5 523286910.38929140568 582365
46 7.5 517976241.08307832479 581203
47 7.5 518539128.42456454039 601285
48 7.5 520092710.8860938549 616357
49 7.5 524839847.26988226175 615626
50 7.5 521955918.53460842371 610852
51 7.5 517967359.44699090719 581722
52 7.5 529010174.40305882692 579409
53 7.5 525895032.99551141262 579243
54 7.5 533424202.46203762293 579431
55 7.5 527833707.59376990795 579292
56 7.5 525688004.83984333277 579907
57 7.5 522837107.90648019314 579445
58 7.5 523010307.48340076208 579975
59 7.5 522075007.80910480022 580260
60 7.5 524612108.06010299921 579496
61 7.5 525444856.42609250546 578476
62 7.5 530494561.26525264978 578836
63 7.5 518267683.39816194773 579397
64 7.5 518911055.31108379364 582926
65 7.5 521066216.49719023705 579249
66 7.5 523415480.20302653313 579103
67 7.5 527972463.22125828266 578276
68 7.5 519925138.61672288179 578876
69 7.5 519243949.52716672421 578878
70 7.5 526128798.63933998346 579005
71 7.5 526047344.90310096741 579274
72 7.5 527599152.35358500481 579481
73 7.5 523587792.15239459276 579486
74 7.5 527648463.26531869173 579222
75 7.5 526266564.19617599249 578327
76 7.5 532798534.73870074749 578238
77 7.5 531275190.80590885878 578296
78 7.5 523596299.67135006189 579005
79 7.5 527787358.36452913284 579627
80 7.5 519880679.74491417408 578883
81 7.5 525345958.91938853264 587019
82 7.5 515119838.93119591475 613801
83 7.5 522647033.94050896168 614240
84 7.5 520880581.60376548767 614451
85 7.5 530196369.41097998619 580965
86 7.5 521132102.40858393908 578764
87 7.5 524446823.04515844584 580269
88 7.5 524082755.45559233427 579299
89 7.5 520636541.2767007947 578129
90 7.5 523169501.90415394306 578871
91 7.5 522974302.66441428661 579290
92 7.5 524082653.43742465973 578845
93 7.5 524662710.33959311247 578385
94 7.5 522001112.45602267981 578000
95 7.5 523277984.92563694715 578850
96 7.5 516861369.22338229418 578154
97 7.5 521790791.39154070616 577733
98 7.5 530964786.67752629519 581933
99 7.5 517792633.06110107899 578973
% Edges = 8
0 8 522596479.60914373398 625849
1 8 528691408.11447638273 626140
2 8 523490892.98253303766 644118
3 8 524880454.71950668097 649554
4 8 529699078.48326468468 651730
5 8 530898677.40873175859 654150
6 8 521162910.6355676055 664948
7 8 525020500.07272833586 667149
8 8 532588004.98295819759 667814
9 8 527865005.37852460146 665577
10 8 532314540.2535187006 663217
11 8 522829456.62658667564 660166
12 8 528936830.84217655659 664965
13 8 521064474.0050662756 673439
14 8 526169198.22084343433 712937
15 8 518764821.8179282546 724431
16 8 518132309.42240047455 724312
17 8 522298484.32245129347 673586
18 8 530655657.55311787128 659533
19 8 528332807.93476831913 647981
20 8 528615186.00635480881 642063
21 8 526278547.71075773239 637544
22 8 522159871.0965039134 635640
23 8 524156036.95575469732 633203
24 8 522229340.73588323593 632865
25 8 520796690.33081883192 630504
26 8 523250374.21029812098 630201
27 8 517965700.18924385309 628590
28 8 519688766.00569540262 629467
29 8 525962888.80508226156 649311
30 8 516689268.4757899642 667248
31 8 530573058.910415411 666153
32 8 526149563.77398252487 653650
33 8 524397073.24039262533 626792
34 8 524177400.8358079195 626614
35 8 520457620.89000618458 627040
36 8 527747319.81739646196 627401
37 8 517068858.97450220585 626996
38 8 524014548.29408752918 626194
39 8 527238795.28811818361 625108
40 8 525057912.55147606134 626467
41 8 519634154.22710323334 626168
42 8 526704242.72881144285 625548
43 8 524905339.27159661055 625573
44 8 528702981.41648006439 626107
45 8 527426583.14654397964 655113
46 8 523147121.60965174437 664298
47 8 528361697.71973341703 664075
48 8 526671461.75862699747 646211
49 8 522382589.00289088488 624375
50 8 526723698.55879211426 625844
51 8 519220807.48834574223 625546
52 8 530287231.33151888847 626378
53 8 526572978.67555171251 625129
54 8 523670479.919534266 625246
55 8 520126205.4946898818 624611
56 8 525746904.50695085526 626349
57 8 524060925.45600163937 625182
58 8 523285812.03690737486 625248
59 8 523851574.73391181231 624699
60 8 528546859.35375398397 626290
61 8 525151565.35224056244 670560
62 8 524243385.96087485552 664211
63 8 525273250.60132175684 664820
64 8 519730769.75399619341 628934
65 8 533334522.20626217127 625361
66 8 520247337.91976749897 625754
67 8 523886605.3744764328 624652
68 8 524650566.67759758234 625168
69 8 529403247.78472173214 625726
70 8 521405353.5576107502 625631
71 8 521715624.49802798033 625144
72 8 526244631.12645512819 625828
73 8 530903198.95257031918 625327
74 8 531590750.83155918121 627818
75 8 528332070.39612424374 625587
76 8 521875820.97367548943 630639
77 8 520498740.28045123816 664255
78 8 523165626.62630957365 664447
79 8 521440204.91612046957 661225
80 8 530813823.34389030933 625433
81 8 520903691.08462125063 625131
82 8 523624738.46405130625 635673
83 8 528484962.15689909458 642220
84 8 528096338.1005423069 646199
85 8 527024958.56901276112 657302
86 8 522071654.64615356922 664356
87 8 521463813.95678478479 666106
88 8 520119328.41113704443 667062
89 8 521432531.88202118874 664523
90 8 528916695.88151669502 660487
91 8 517725483.26736921072 657486
92 8 529883080.54801511765 670002
93 8 519381772.8147881031 673421
94 8 520348051.33112567663 679204
95 8 522537542.64782601595 680099
96 8 518724982.61246615648 676015
97 8 518183960.14028310776 671983
98 8 526008502.06344538927 662356
99 8 519815187.83700364828 649334
% Edges = 8.5
0 8.5 530941052.35473114252 687691
1 8.5 529065922.25320976973 682085
2 8.5 521346727.85824871063 678708
3 8.5 524570971.75618010759 676415
4 8.5 525737168.19888591766 676864
5 8.5 522598298.56937146187 673890
6 8.5 530545953.57990294695 673092
7 8.5 524999637.83573681116 719258
8 8.5 518104970.93422031403 713660
9 8.5 524083602.18863260746 707065
10 8.5 530173069.27625918388 670969
11 8.5 530564043.19220614433 670352
12 8.5 527715622.19523888826 670584
13 8.5 523950141.61892187595 670504
14 8.5 526549594.11597716808 668779
15 8.5 522531191.09263151884 668054
16 8.5 525130875.50801479816 669047
17 8.5 520643800.10824537277 668648
18 8.5 527267375.33170181513 668445
19 8.5 525069078.20683711767 670233
20 8.5 520368309.17010456324 669119
21 8.5 525369333.17677360773 681476
22 8.5 530268314.92115104198 709904
23 8.5 528015901.75974935293 709529
24 8.5 532910052.42221695185 694966
25 8.5 522816437.24221944809 668199
26 8.5 523404782.52122610807 667735
27 8.5 525328677.60244351625 668918
28 8.5 521505236.27706187963 668261
29 8.5 525151406.11200672388 668528
30 8.5 526437235.71952414513 668091
31 8.5 524627085.38265001774 667713
32 8.5 523335681.24836307764 666970
33 8.5 522650445.67649310827 668700
34 8.5 527579464.12754869461 667916
35 8.5 523724923.54419982433 667039
36 8.5 523600171.42581146955 687394
37 8.5 522864083.91862213612 710217
38 8.5 523946594.06165456772 709748
39 8.5 528891980.7200756073 688041
40 8.5 523809927.6814198494 666892
41 8.5 526679283.91211920977 668593
42 8.5 523669379.81322485209 667121
43 8.5 527381680.33499264717 668059
44 8.5 523012979.80812001228 668413
45 8.5 528761383.08484947681 667108
46 8.5 527696038.99542576075 667558
47 8.5 528767544.39394402504 667860
48 8.5 522520263.64989721775 666806
49 8.5 526228225.50977844 667232
50 8.5 524545229.25739055872 668034
51 8.5 525575314.45684230328 671214
52 8.5 527463888.0860812068 667197
53 8.5 524381026.21093010902 667669
54 8.5 527349437.59176105261 667644
55 8.5 525324996.9273866415 667035
56 8.5 520456357.2843862772 677060
57 8.5 531183450.66807842255 692358
58 8.5 522796461.10110807419 700439
59 8.5 526009213.51455783844 703933
60 8.5 527936730.94398373365 706797
61 8.5 524062967.7768188715 709772
62 8.5 527034788.42310225964 706908
63 8.5 525148897.3276990056 704463
64 8.5 518199147.71174782515 703826
65 8.5 518699144.76238816977 724362
66 8.5 525687547.0808210969 764606
67 8.5 525063682.87609291077 772339
68 8.5 529644523.98383265734 747499
69 8.5 525096590.44244581461 724392
70 8.5 523462541.59140110016 716952
71 8.5 527674467.00630444288 697275
72 8.5 517621445.66263175011 687601
73 8.5 530727213.14940673113 682513
74 8.5 525119049.58787685633 678812
75 8.5 526064372.45889669657 676246
76 8.5 521190092.22514820099 674139
77 8.5 522574824.44071108103 673498
78 8.5 530302700.96588873863 672180
79 8.5 531075474.36006599665 670959
80 8.5 528361634.16251164675 717064
81 8.5 524182934.04069590569 711846
82 8.5 522938979.04914993048 705368
83 8.5 529167675.60298544168 669848
84 8.5 516252672.8937305212 668895
85 8.5 520564782.46288079023 669477
86 8.5 525461760.2528102994 670468
87 8.5 520101715.1907299757 668897
88 8.5 533025027.99779206514 668507
89 8.5 516195112.20258826017 668381
90 8.5 523704147.51778274775 668353
91 8.5 527727831.48426353931 667965
92 8.5 518810318.78914856911 668323
93 8.5 526232144.62754899263 669072
94 8.5 518551840.78304588795 678896
95 8.5 527251704.95737439394 708497
96 8.5 528293219.9953930378 708798
97 8.5 514297775.86520844698 695310
98 8.5 522225825.31646609306 667999
99 8.5 525513504.21892237663 667442
% Edges = 9
0 9 522200479.67841291428 707030
1 9 527318584.36318105459 707303
2 9 524189017.72910535336 706211
3 9 526663084.8707036972 706158
4 9 520705271.82823610306 706987
5 9 523762870.76848244667 708092
6 9 519620269.03192907572 705911
7 9 523122939.45229905844 707258
8 9 530942467.99767816067 706472
9 9 529112787.41805952787 756227
10 9 522506802.72281771898 749709
11 9 520805116.76569771767 741223
12 9 527761259.23602700233 708891
13 9 528578501.98365706205 730810
14 9 529310581.17604964972 739371
15 9 526317726.62071847916 746746
16 9 528059366.9015237689 749102
17 9 528826958.24431228638 749260
18 9 528420506.88963085413 750298
19 9 528830100.22922277451 752156
20 9 518386401.72847211361 751948
21 9 520577634.36582219601 756299
22 9 520992371.73807138205 795607
23 9 523974982.15291059017 816169
24 9 527665898.98297768831 812288
25 9 532186985.61945128441 757382
26 9 529882602.14456295967 735295
27 9 522742195.75786972046 726888
28 9 531749134.3513597846 720757
29 9 524906941.85639339685 717150
30 9 528908272.45275527239 715699
31 9 528809801.50549942255 713652
32 9 526903786.15193367004 710905
33 9 522789886.60671001673 710942
34 9 521289980.52591830492 711151
35 9 523259964.27630537748 709924
36 9 526426987.24783670902 758346
37 9 519897676.66056954861 751774
38 9 522483146.32648992538 740570
39 9 523540538.09019178152 707984
40 9 518301656.05474537611 706868
41 9 522593407.29440629482 706591
42 9 524699761.88785344362 707244
43 9 528428628.69195950031 708756
44 9 529402562.29312688112 706639
45 9 524519879.29735267162 706025
46 9 523206297.26222443581 706004
47 9 528918379.86249619722 705907
48 9 527287552.32411491871 705336
49 9 523821193.87571412325 712247
50 9 523683966.87727761269 748667
51 9 520825668.62893944979 748598
52 9 520257146.56412422657 735651
53 9 525677082.51647335291 705083
54 9 521524652.80423057079 704985
55 9 529145843.99894744158 705946
56 9 530865695.23269802332 704704
57 9 528783419.67402935028 705427
58 9 527387581.39804559946 705928
59 9 524489789.37360799313 705245
60 9 527171903.32742500305 705096
61 9 521197275.02001494169 704198
62 9 521174515.58086144924 705751
63 9 523938107.11093008518 709702
64 9 531692103.42772620916 748377
65 9 528906415.96410310268 749120
66 9 533091306.44557845592 737367
67 9 528967972.30647736788 706333
68 9 525379061.41605633497 704637
69 9 526400809.50647723675 705038
70 9 526058786.27363806963 705789
71 9 524782653.50677120686 705929
72 9 525118421.41976118088 716121
73 9 524221092.33807229996 727381
74 9 522477738.59263896942 735943
75 9 522358995.1519741416 743483
76 9 524253858.05128544569 741863
77 9 524878337.20831340551 765828
78 9 526862155.79728889465 797250
79 9 524836574.85715126991 800100
80 9 523301950.46131211519 765523
81 9 528494003.71204346418 755432
82 9 530280774.82690125704 762649
83 9 527775166.04459971189 761005
84 9 525309531.08811861277 761626
85 9 526992883.61780971289 753550
86 9 520569145.56571745872 735474
87 9 529901648.07798707485 725976
88 9 525237709.81402480602 719907
89 9 523983990.95919328928 716558
90 9 519766667.81707674265 713989
91 9 524105796.7892113924 763661
92 9 526184586.66750836372 755088
93 9 527213267.49409741163 741239
94 9 525226468.95091420412 709090
95 9 522709753.01422351599 708738
96 9 525681582.87806838751 707678
97 9 529970295.14236599207 707324
98 9 528481708.04090726376 707780
99 9 528206866.68615198135 707559
% Edges = 9.5
0 9.5 527410667.64152425528 747921
1 9.5 520055873.31048297882 747209
2 9.5 522453538.02385771275 748428
3 9.5 524464674.6108622551 747224
4 9.5 524078259.43934375048 764566
5 9.5 520303853.82459640503 792616
6 9.5 530072269.28164505959 792791
7 9.5 524719630.06701737642 759113
8 9.5 531240725.31504416466 746309
9 9.5 527801538.52714031935 747640
10 9.5 525373836.18895590305 747385
11 9.5 528428782.30653083324 746638
12 9.5 522655611.26686543226 747056
13 9.5 524702272.55776721239 745932
14 9.5 528651405.03222155571 745763
15 9.5 527937040.54992181063 745667
16 9.5 518722256.70787870884 746174
17 9.5 530994473.25545734167 748024
18 9.5 518256759.88471710682 747669
19 9.5 522711076.80730301142 747683
20 9.5 524595018.28068774939 745322
21 9.5 523494961.05228537321 746023
22 9.5 525568028.6960144043 747035
23 9.5 521076169.92206263542 747542
24 9.5 519590640.1764113903 745517
25 9.5 519248384.96908843517 746659
26 9.5 529466623.05119669437 744814
27 9.5 524011933.52292150259 744972
28 9.5 527714483.2154712677 745284
29 9.5 524348860.00375247002 745495
30 9.5 523283997.29860466719 745855
31 9.5 522750082.22164678574 797696
32 9.5 525372515.20180952549 825638
33 9.5 521120654.64760577679 826896
34 9.5 527101632.71656668186 790984
35 9.5 526155571.83001571894 790789
36 9.5 537640854.20217061043 791525
37 9.5 528354460.26836407185 791577
38 9.5 531463002.54259055853 795319
39 9.5 525705885.17714178562 802545
40 9.5 529124607.02171456814 805725
41 9.5 524973401.52367323637 805189
42 9.5 525290132.387999475 802127
43 9.5 523004408.47685867548 805504
44 9.5 523727645.82255297899 819329
45 9.5 521740546.31784158945 809949
46 9.5 521153227.08327066898 772175
47 9.5 529292111.09963148832 755770
48 9.5 519896550.33163696527 752950
49 9.5 520572810.72863328457 751220
50 9.5 519494976.19168806076 749881
51 9.5 517558570.56007391214 750602
52 9.5 523910943.13737779856 749556
53 9.5 527033160.94946169853 748159
54 9.5 525879746.50088590384 747309
55 9.5 526973005.95198822021 747015
56 9.5 525278744.7558183074 757191
57 9.5 522740996.38292950392 792217
58 9.5 531001350.33378958702 792537
59 9.5 530607843.21090859175 771456
60 9.5 526385470.35528540611 746067
61 9.5 527237560.9421710372 749245
62 9.5 527793448.02682870626 747910
63 9.5 523329125.88606017828 747742
64 9.5 519201137.53534370661 746049
65 9.5 526079479.143058002 745617
66 9.5 518647634.13107454777 746528
67 9.5 523485038.78579074144 745649
68 9.5 521379687.09008693695 746327
69 9.5 528718103.24359679222 745815
70 9.5 520309763.08479452133 798569
71 9.5 517906885.44874751568 792615
72 9.5 516770691.31925338507 779786
73 9.5 522356111.21763968468 746129
74 9.5 520440969.44421935081 746199
75 9.5 528487390.64309966564 749076
76 9.5 524885691.87745290995 745932
77 9.5 524753309.28318715096 745797
78 9.5 520016165.91375058889 746229
79 9.5 522801368.08206403255 746871
80 9.5 520938806.54931348562 744835
81 9.5 524059748.61298269033 754715
82 9.5 525303568.37462592125 771811
83 9.5 520707702.23821675777 816301
84 9.5 524521962.80104321241 837249
85 9.5 520683400.60248684883 825761
86 9.5 526310261.45586144924 788957
87 9.5 530725292.8666805625 790288
88 9.5 522261696.28721052408 791830
89 9.5 522359532.19283622503 796757
90 9.5 517875385.37458765507 802641
91 9.5 524383847.32544893026 805216
92 9.5 529731502.99280840158 804179
93 9.5 523206633.16656559706 797238
94 9.5 527677914.8292901516 774964
95 9.5 525449609.60935598612 786978
96 9.5 520918140.79106652737 807373
97 9.5 525705844.86637371778 802586
98 9.5 527824785.30357170105 766742
99 9.5 529286814.98390847445 753845
% Edges = 10
0 10 526841144.22271060944 790116
1 10 520691318.73997616768 789257
2 10 525936498.0410579443 787952
3 10 522352032.59242087603 788364
4 10 524028948.88766568899 787632
5 10 519221424.61536544561 787022
6 10 526469241.98258918524 785763
7 10 524195404.78497475386 787575
8 10 520681098.79387420416 814714
9 10 521985758.6063028574 833982
10 10 526286251.79348659515 827993
11 10 525942215.96496766806 786271
12 10 519591355.93215376139 785287
13 10 526181763.25782859325 784707
14 10 527753398.27276724577 783889
15 10 531352420.40413451195 785857
16 10 528174797.5586913228 784526
17 10 522557438.52407491207 785013
18 10 521941225.19120621681 784134
19 10 525541362.8765977025 785645
20 10 521030789.59951472282 784475
21 10 518988624.60875326395 838534
22 10 520796668.13329678774 832026
23 10 526473570.12458693981 810912
24 10 524847219.88683110476 783822
25 10 533709955.20802402496 784801
26 10 522894957.21748930216 784081
27 10 526483657.42715990543 784263
28 10 525074824.94838726521 783359
29 10 524408441.08263683319 784896
30 10 515386836.29077726603 783397
31 10 528061078.27749812603 784199
32 10 526106117.79951941967 784402
33 10 519653368.46825289726 803131
34 10 519579389.00394272804 831688
35 10 529714223.08413797617 832577
36 10 523112607.62481588125 785891
37 10 525928125.97067701817 784401
38 10 523615693.52672922611 783494
39 10 522715273.0159611702 786909
40 10 523058331.34794223309 811485
41 10 521270811.35783720016 826367
42 10 532468633.32404279709 830408
43 10 532733046.74258965254 831212
44 10 522444380.88074970245 830542
45 10 519422464.01716029644 845959
46 10 524731562.76492589712 894486
47 10 523336713.43094277382 903544
48 10 521364701.09990400076 852528
49 10 521446241.29514634609 844727
50 10 523468510.92209625244 836226
51 10 528158974.65077656507 813288
52 10 522266232.75996148586 803364
53 10 519813752.51717334986 798330
54 10 524001457.85029613972 794938
55 10 522070860.33761739731 791972
56 10 524105772.15820664167 790558
57 10 520837383.61112308502 789102
58 10 517703881.3927564621 787911
59 10 528263971.41185200214 787167
60 10 522870164.67654746771 786996
61 10 520669056.80374759436 785694
62 10 521898833.78219205141 786454
63 10 523761989.00796151161 785826
64 10 517361960.74495393038 785686
65 10 529472130.83719265461 785601
66 10 532150088.93112874031 785170
67 10 526070480.90022236109 784513
68 10 529366532.3971632123 785217
69 10 521918831.67392969131 785002
70 10 522158663.15221518278 785657
71 10 522855922.72162741423 784152
72 10 523287005.25050157309 785723
73 10 528747136.17606735229 785550
74 10 526570483.31426984072 785740
75 10 525933017.91927689314 783744
76 10 525603522.64986759424 784795
77 10 526051389.12053966522 785533
78 10 523496434.13977265358 784434
79 10 531976901.65240269899 783466
80 10 525011090.17101591825 784989
81 10 524815729.78314042091 809344
82 10 528043485.47649598122 821238
83 10 520919763.49122953415 823443
84 10 524130559.48899132013 825867
85 10 524724544.40165501833 830285
86 10 520883101.45320808887 834303
87 10 520839429.09541833401 836267
88 10 529010910.04447418451 843340
89 10 523915892.78466254473 846982
90 10 519531173.32519805431 847409
91 10 526725333.98456788063 840726
92 10 522331368.17469161749 818483
93 10 523504666.15464520454 806424
94 10 519748572.67207229137 799749
95 10 519353275.93624663353 795070
96 10 522238539.23119741678 792807
97 10 529502646.25758731365 791408
98 10 525816425.95223492384 791199
99 10 527559712.25721496344 788377
