% Edges = 0.1
0 0.1 229738651.6200273037 14768
1 0.10000000149011611938 198202760.06683462858 13583
2 0.10000000149011611938 205595234.90209674835 13417
3 0.10000000149011611938 181782211.07756486535 13437
4 0.10000000149011611938 204867191.03241455555 13437
5 0.10000000149011611938 256677797.60574713349 13500
6 0.10000000149011611938 200652016.15448626876 13354
7 0.10000000149011611938 232928628.52676549554 13414
8 0.10000000149011611938 219808442.65134674311 13389
9 0.10000000149011611938 220413231.72205683589 13400
10 0.10000000149011611938 249175469.24367815256 13368
11 0.10000000149011611938 208187881.18082398176 13451
12 0.10000000149011611938 203056364.2309564054 28925
13 0.10000000149011611938 217930314.75459957123 13669
14 0.10000000149011611938 230561530.41673207283 13417
15 0.10000000149011611938 235955988.00901892781 13614
16 0.10000000149011611938 203350813.60228958726 13577
17 0.10000000149011611938 219924591.60218441486 13567
18 0.10000000149011611938 210693602.60546991229 13438
19 0.10000000149011611938 223013421.7794804275 13566
20 0.10000000149011611938 177627042.17690655589 13598
21 0.10000000149011611938 203271617.89352852106 13521
22 0.10000000149011611938 205931736.5518155396 13417
23 0.10000000149011611938 214288670.10369721055 13406
24 0.10000000149011611938 226423772.66169816256 13595
25 0.10000000149011611938 229569453.45079597831 13500
26 0.10000000149011611938 194507212.68449658155 13453
27 0.10000000149011611938 194301249.31852090359 13295
28 0.10000000149011611938 203003512.70124536753 13358
29 0.10000000149011611938 237380397.0362855494 13477
30 0.10000000149011611938 214202685.85894951224 13529
31 0.10000000149011611938 231591652.08363041282 13345
32 0.10000000149011611938 228307478.31821903586 13358
33 0.10000000149011611938 262047955.79193463922 13418
34 0.10000000149011611938 223100726.01521065831 13528
35 0.10000000149011611938 215522175.92302039266 13358
36 0.10000000149011611938 221485967.96650868654 13719
37 0.10000000149011611938 205567326.58692392707 13687
38 0.10000000149011611938 216373906.09333640337 13455
39 0.10000000149011611938 210633873.836255759 13497
40 0.10000000149011611938 201001212.7392231822 13357
41 0.10000000149011611938 192696242.61040437222 13365
42 0.10000000149011611938 235442502.56226795912 13368
43 0.10000000149011611938 195182150.08795917034 13534
44 0.10000000149011611938 218975528.41789326072 13410
45 0.10000000149011611938 214482243.1420711875 13437
46 0.10000000149011611938 187566049.4017111659 13536
47 0.10000000149011611938 211039312.20063436031 13416
48 0.10000000149011611938 225681039.13762760162 13381
49 0.10000000149011611938 179404620.54312366247 13617
50 0.10000000149011611938 211939809.4825733304 13392
51 0.10000000149011611938 182551662.72838303447 13303
52 0.10000000149011611938 232186701.90621030331 13315
53 0.10000000149011611938 188028320.7749504447 27747
54 0.10000000149011611938 223753431.13360643387 13444
55 0.10000000149011611938 225650233.14873814583 13435
56 0.10000000149011611938 253683828.14760920405 13299
57 0.10000000149011611938 245521407.09541714191 13296
58 0.10000000149011611938 219187539.77177488804 13411
59 0.10000000149011611938 237070091.4713075459 13375
60 0.10000000149011611938 226382543.20600944757 13398
61 0.10000000149011611938 231628806.61151233315 13310
62 0.10000000149011611938 223487251.24387773871 13273
63 0.10000000149011611938 188078294.07071471214 13285
64 0.10000000149011611938 213237243.5205924511 13272
65 0.10000000149011611938 210353818.00722697377 13301
66 0.10000000149011611938 205877484.44026529789 13303
67 0.10000000149011611938 205623715.69552960992 13387
68 0.10000000149011611938 216911499.5333353281 13364
69 0.10000000149011611938 203254601.66606205702 13294
70 0.10000000149011611938 205660107.4037835598 13353
71 0.10000000149011611938 227116385.63757500052 13254
72 0.10000000149011611938 243601618.08825045824 13265
73 0.10000000149011611938 211041354.60101473331 13261
74 0.10000000149011611938 204760365.36455434561 13337
75 0.10000000149011611938 222472333.84952545166 13332
76 0.10000000149011611938 182135407.66280686855 13321
77 0.10000000149011611938 233391027.17692273855 13345
78 0.10000000149011611938 199669415.2344430387 13305
79 0.10000000149011611938 212161288.84622246027 13311
80 0.10000000149011611938 170097112.40311694145 13480
81 0.10000000149011611938 228844157.62983065844 13416
82 0.10000000149011611938 224804996.01460102201 13344
83 0.10000000149011611938 201909739.25836160779 13349
84 0.10000000149011611938 255441725.35413902998 13342
85 0.10000000149011611938 173136174.4737148881 13433
86 0.10000000149011611938 201081611.18807184696 13297
87 0.10000000149011611938 205876391.60375809669 13317
88 0.10000000149011611938 239746969.27758574486 13328
89 0.10000000149011611938 222555772.7089830935 13420
90 0.10000000149011611938 219034990.15814366937 13277
91 0.10000000149011611938 199649137.10544726253 13317
92 0.10000000149011611938 214988718.86805322766 13324
93 0.10000000149011611938 212502192.60884979367 24161
94 0.10000000149011611938 218236948.8052611351 13432
95 0.10000000149011611938 211748157.00161319971 13304
96 0.10000000149011611938 199521314.49631619453 13298
97 0.10000000149011611938 202260711.13798058033 13378
98 0.10000000149011611938 235235279.28491321206 13312
99 0.10000000149011611938 188399790.28458786011 13338
% Edges = 0.25
0 0.25 224350396.93186837435 37665
1 0.25 246930604.07853713632 38230
2 0.25 228217632.1938546896 38345
3 0.25 207585363.05831316113 38759
4 0.25 198261067.01150316 38456
5 0.25 206824460.32568788528 38455
6 0.25 197260580.30282232165 38203
7 0.25 208543687.40275174379 38452
8 0.25 206478020.84336704016 52282
9 0.25 197778581.07082208991 38298
10 0.25 199013659.00657907128 38243
11 0.25 199328169.81509253383 38318
12 0.25 227309594.62316769361 38364
13 0.25 223766130.02182072401 38457
14 0.25 207238218.34346392751 38435
15 0.25 240667611.89703008533 38196
16 0.25 217130916.8930952251 38225
17 0.25 224034034.62315827608 38267
18 0.25 214455499.59870615602 38352
19 0.25 224788819.4871724546 38402
20 0.25 203900640.83828836679 38350
21 0.25 210500286.65533792973 38279
22 0.25 225940027.88542166352 45980
23 0.25 226722886.37005853653 38336
24 0.25 194215818.56155991554 38298
25 0.25 204120734.36990320683 38348
26 0.25 221839590.41948664188 38292
27 0.25 199174189.03797104955 38350
28 0.25 241503840.66651016474 38307
29 0.25 216410453.72507423162 38224
30 0.25 208715600.19647407532 45938
31 0.25 226121466.52875185013 38474
32 0.25 219595689.54229837656 38398
33 0.25 213666691.59705477953 38523
34 0.25 219193064.9922786653 38399
35 0.25 198648705.97950989008 38460
36 0.25 211669404.63637042046 38456
37 0.25 218877143.08194068074 38339
38 0.25 212134883.06150457263 53368
39 0.25 223970407.19768324494 38498
40 0.25 208081371.71731194854 38259
41 0.25 199198695.95098993182 38496
42 0.25 202438695.16619285941 38222
43 0.25 214652542.16227084398 38333
44 0.25 204443229.89087808132 38273
45 0.25 218267176.49491462111 38325
46 0.25 196535961.98032343388 38337
47 0.25 197780419.29686030746 38285
48 0.25 226410304.84537154436 38254
49 0.25 204513218.85883828998 38411
50 0.25 217303462.69518849254 38531
51 0.25 209056855.88724502921 38281
52 0.25 214992831.93759307265 53206
53 0.25 225247321.12971973419 38430
54 0.25 220462994.62297067046 38448
55 0.25 211963466.33435031772 38253
56 0.25 221218690.97103643417 38238
57 0.25 197545104.6893748939 38385
58 0.25 224098825.7172049284 38282
59 0.25 212855979.54403483868 38465
60 0.25 204534050.33616006374 38300
61 0.25 203924558.67991104722 38395
62 0.25 208421294.78788349032 38379
63 0.25 208895227.62741327286 38223
64 0.25 217221588.81229957938 38523
65 0.25 228214546.66225004196 38235
66 0.25 215344737.15263053775 53368
67 0.25 224907625.42197144032 38283
68 0.25 201016910.48505660892 38278
69 0.25 199788715.02903178334 38300
70 0.25 207794342.83748084307 38338
71 0.25 194897118.73736855388 38315
72 0.25 217816360.50440600514 38344
73 0.25 189024678.76081451774 38336
74 0.25 201193071.64625895023 38197
75 0.25 209787048.58483508229 38201
76 0.25 204030449.10342383385 38225
77 0.25 234405131.3584100306 38230
78 0.25 207230482.90108543634 38259
79 0.25 207330464.97706788778 38625
80 0.25 190784657.38194340467 53407
81 0.25 220409651.43749338388 38411
82 0.25 212853655.99076151848 38338
83 0.25 210711807.38273778558 38320
84 0.25 223546921.79330658913 38494
85 0.25 217737842.62022340298 38220
86 0.25 238994837.70081532001 38443
87 0.25 219068676.47788095474 38302
88 0.25 217609600.54659613967 38416
89 0.25 193887865.70830446482 38349
90 0.25 176425181.98570683599 38282
91 0.25 218931886.39724433422 38514
92 0.25 217001851.18487471342 38239
93 0.25 219804981.92544901371 38254
94 0.25 209090901.99750339985 53443
95 0.25 214416644.2510356009 38431
96 0.25 212123662.29533880949 38361
97 0.25 214251582.58847928047 38227
98 0.25 219851998.17431911826 38356
99 0.25 225302578.84315538406 38294
% Edges = 0.5
0 0.5 205279574.21016058326 89950
1 0.5 220756161.5495351851 102015
2 0.5 239290520.80420929193 102669
3 0.5 206676497.44794678688 117550
4 0.5 221096656.86270028353 102574
5 0.5 217664458.07936137915 102544
6 0.5 207202882.00546485186 102796
7 0.5 215112139.02752381563 102623
8 0.5 200960278.41597646475 117942
9 0.5 213514887.13440772891 102980
10 0.5 216403401.86317169666 102856
11 0.5 221359399.10619658232 102528
12 0.5 207432391.49411395192 102700
13 0.5 217722576.30191573501 118551
14 0.5 222010631.69111391902 102588
15 0.5 212764089.47339352965 102567
16 0.5 209742886.8325727582 102543
17 0.5 209865944.06837892532 102882
18 0.5 218596762.40955394506 116560
19 0.5 215251155.83981350064 102312
20 0.5 224822024.28860202432 103263
21 0.5 216868557.31759566069 102496
22 0.5 215278321.05065253377 102435
23 0.5 229493476.04949781299 102752
24 0.5 216234929.28717458248 116545
25 0.5 207836575.35045108199 102285
26 0.5 210201257.84713792801 102638
27 0.5 216619257.72389122844 103100
28 0.5 226935672.99880453944 102643
29 0.5 223106596.01135987043 117387
30 0.5 205140450.06278923154 102502
31 0.5 195003338.34335193038 102682
32 0.5 203647882.689245224 102738
33 0.5 198857845.99373555183 102352
34 0.5 212100084.10559889674 115411
35 0.5 209155408.21254086494 103025
36 0.5 210203483.29667660594 102382
37 0.5 216714626.81292825937 102803
38 0.5 211907316.96354591846 107961
39 0.5 218242352.92350059748 102857
40 0.5 210727842.00364032388 102608
41 0.5 211707299.50372442603 115677
42 0.5 218068458.0140466392 102479
43 0.5 208606083.89091366529 102628
44 0.5 216438924.77903062105 102559
45 0.5 208670445.89506161213 102943
46 0.5 205880635.99737536907 116426
47 0.5 226564677.81955000758 102642
48 0.5 221581451.75631028414 103179
49 0.5 214874897.730153054 102527
50 0.5 222812927.57078501582 102593
51 0.5 211250253.96001386642 118223
52 0.5 214699285.21754324436 102470
53 0.5 215555843.23784902692 102956
54 0.5 220715675.36655631661 102696
55 0.5 206646102.91173440218 102770
56 0.5 204333931.1456952095 102444
57 0.5 214522127.18813031912 116416
58 0.5 213249076.78704929352 102774
59 0.5 214950163.44913268089 102236
60 0.5 207255302.63048353791 102701
61 0.5 213617030.7168764174 102427
62 0.5 221026526.33187866211 116463
63 0.5 222018277.95872575045 102603
64 0.5 219963955.13692721725 102215
65 0.5 225633827.23514035344 102473
66 0.5 211598132.71510323882 102658
67 0.5 235985762.89108905196 109329
68 0.5 216300475.26208275557 104466
69 0.5 214449324.48186030984 102836
70 0.5 217551465.94202506542 118054
71 0.5 202483758.28998014331 103658
72 0.5 207763468.15921992064 102432
73 0.5 214662832.70107713342 102434
74 0.5 213652786.01911091805 102366
75 0.5 212967324.01918685436 116763
76 0.5 206504917.7783382535 105783
77 0.5 210048009.81002953649 103342
78 0.5 188189663.88425821066 102603
79 0.5 205555283.6036183238 103492
80 0.5 227105593.90194004774 114103
81 0.5 203737822.62406843901 103149
82 0.5 209039926.03356146812 103719
83 0.5 203043839.76894316077 102631
84 0.5 210798458.23787549138 116536
85 0.5 193457172.17840749025 102599
86 0.5 215495877.8208168447 102844
87 0.5 198738283.56320768595 102515
88 0.5 227216022.6653111577 102885
89 0.5 209351070.09244608879 110236
90 0.5 208286112.32440891862 102473
91 0.5 204752492.14145693183 102663
92 0.5 213533085.14986971021 110801
93 0.5 229761943.97563973069 102471
94 0.5 227163578.47071963549 102493
95 0.5 218675122.15004786849 117518
96 0.5 219117557.88324975967 102496
97 0.5 209380718.77826574445 102280
98 0.5 194830489.68536946177 102864
99 0.5 199939052.39385676384 102850
% Edges = 0.75
0 0.75 206862459.70495641232 173978
1 0.75 222407810.72972160578 151787
2 0.75 222374189.00150480866 150893
3 0.75 217104802.5456392765 165315
4 0.75 223046283.59326389432 150979
5 0.75 212775531.15622270107 151065
6 0.75 200117326.07468575239 151236
7 0.75 198223688.83903348446 166893
8 0.75 220609540.22738209367 151025
9 0.75 208811045.38002249599 151606
10 0.75 206238857.93778777122 151063
11 0.75 210425706.16830465198 164709
12 0.75 206043475.07979428768 152086
13 0.75 213193123.35045823455 151991
14 0.75 211572880.7800244391 168135
15 0.75 220597168.74520733953 151237
16 0.75 203858905.87339311838 151561
17 0.75 220841714.40100464225 151297
18 0.75 209768657.31318852305 164556
19 0.75 189867460.26499593258 151333
20 0.75 219329869.44049662352 151299
21 0.75 212362379.26913839579 167101
22 0.75 205784735.09030124545 151377
23 0.75 209572980.35708469152 151128
24 0.75 212590070.36606431007 150838
25 0.75 207865069.02181652188 166346
26 0.75 212903740.04026564956 151154
27 0.75 220533444.9268321991 151496
28 0.75 206010016.00347545743 151006
29 0.75 210915037.80109575391 164815
30 0.75 225391735.29244151711 151510
31 0.75 221766309.18396905065 150900
32 0.75 213797548.1931232512 167116
33 0.75 213859426.56833994389 150716
34 0.75 211925727.10334956646 151250
35 0.75 223138133.46689224243 151555
36 0.75 204737965.93483915925 162528
37 0.75 209869754.56963184476 151507
38 0.75 220244335.08239689469 151069
39 0.75 219702105.2557143569 156272
40 0.75 214830178.88578870893 163877
41 0.75 221323190.44633108377 151495
42 0.75 210378648.74266627431 151008
43 0.75 219747311.87737452984 152244
44 0.75 214396676.1050131321 165846
45 0.75 202154906.13510641456 151152
46 0.75 223042528.62065979838 151134
47 0.75 210890087.8982180357 150906
48 0.75 204504329.89015543461 165864
49 0.75 205149977.60276991129 151092
50 0.75 215864909.30543151498 151678
51 0.75 230266626.44197303057 166781
52 0.75 213518860.73611792922 151252
53 0.75 203034899.77923414111 150857
54 0.75 212790967.63131770492 150978
55 0.75 225962817.65797841549 165083
56 0.75 219131332.85713073611 151205
57 0.75 203593395.5535801053 151132
58 0.75 211565857.96461743116 157356
59 0.75 209557776.61504101753 151374
60 0.75 223728118.60406529903 166381
61 0.75 201771547.18895626068 151137
62 0.75 220891066.59765955806 151043
63 0.75 215257239.45242980123 150968
64 0.75 211871420.37039002776 165908
65 0.75 209657501.8635456562 150924
66 0.75 213692220.65529036522 151637
67 0.75 204817020.58886560798 151386
68 0.75 222734811.77761468291 161770
69 0.75 212544724.25424087048 151085
70 0.75 217960067.01388135552 165068
71 0.75 212810054.68045330048 151104
72 0.75 212506454.75106570125 151154
73 0.75 221892474.22962167859 151250
74 0.75 215385927.33388316631 158797
75 0.75 220635418.19701170921 151128
76 0.75 209219508.98938626051 158807
77 0.75 214953289.03019630909 151422
78 0.75 209354754.40790870786 166083
79 0.75 204647668.05527180433 152108
80 0.75 214191522.88222044706 152332
81 0.75 210037736.9049038589 166602
82 0.75 216191373.76519879699 151318
83 0.75 207510539.38339459896 150992
84 0.75 214164540.81638252735 151469
85 0.75 211221787.20529711246 167835
86 0.75 205727632.67350250483 152152
87 0.75 213442105.12815770507 151707
88 0.75 219439001.89635810256 151846
89 0.75 209216731.73914763331 164921
90 0.75 217718412.16109827161 151703
91 0.75 218692445.32201814651 151457
92 0.75 217846487.33894875646 168274
93 0.75 210896558.6580375433 152327
94 0.75 211894590.65117970109 151671
95 0.75 208871811.91305452585 152279
96 0.75 207806305.29105186462 164501
97 0.75 214473759.92304122448 151756
98 0.75 207411768.16488113999 151376
99 0.75 223571194.34468111396 167298
% Edges = 1
0 1 211355492.54057741165 214464
1 1 200863492.8152038157 223734
2 1 212342765.14420458674 223768
3 1 217520816.21061748266 207667
4 1 213161287.2849176228 222385
5 1 219409578.95257723331 208348
6 1 207459618.74996310472 208212
7 1 210793559.49854570627 223780
8 1 216871710.65413349867 207696
9 1 214556482.32793483138 266628
10 1 209926121.43400666118 250534
11 1 212966246.00282540917 256159
12 1 220398779.52675256133 258083
13 1 209459142.89348074794 257963
14 1 219998073.78810551763 259644
15 1 203232124.89910304546 259859
16 1 209914682.05019563437 260377
17 1 204542258.71524509788 257645
18 1 206428595.0777464807 261402
19 1 220404209.01771828532 262706
20 1 218153904.7338527441 262033
21 1 214428782.26359194517 263081
22 1 220714153.03282663226 285000
23 1 213957606.47012516856 289273
24 1 212173222.93620344996 290095
25 1 216855157.44907358289 284251
26 1 218536800.30493611097 288879
27 1 222534170.14158344269 287058
28 1 204350354.33237043023 286814
29 1 217552161.36381810904 286859
30 1 219258619.10112440586 288200
31 1 213706819.51131626964 260788
32 1 209440381.72242948413 259158
33 1 202656676.23007759452 261128
34 1 218576693.84127652645 260837
35 1 216083944.22524860501 261566
36 1 208600600.30075231194 261649
37 1 202061690.07503983378 262277
38 1 214272223.42015701532 259683
39 1 217141534.79122272134 261142
40 1 211488609.42482981086 263601
41 1 226679240.0672943294 265341
42 1 207150001.24032992125 259067
43 1 219298122.8654884696 266795
44 1 215083498.37795570493 264250
45 1 216288937.70284220576 259549
46 1 209064086.46826717257 263083
47 1 214970017.47429409623 262206
48 1 208908021.58708655834 260408
49 1 199826670.95612302423 259118
50 1 216656336.34482946992 261017
51 1 202003499.79675930738 262597
52 1 208958535.16073933244 262705
53 1 208879770.68117702007 262575
54 1 208926272.80552482605 262066
55 1 207532253.31906202435 258617
56 1 199870906.5380140841 264006
57 1 204961245.20011615753 263465
58 1 212380940.12912642956 258784
59 1 206233842.97983282804 262919
60 1 207757099.65619617701 258865
61 1 208563282.52549025416 261703
62 1 205467508.96372643113 263698
63 1 215416850.01656186581 257520
64 1 210659674.27576062083 263312
65 1 213132065.34107741714 258186
66 1 211484109.06837597489 263306
67 1 214150894.41356030107 258715
68 1 212042229.31565093994 263367
69 1 212634377.69901546836 263950
70 1 205321862.06947293878 258394
71 1 213963700.75682765245 263687
72 1 216125884.58183833957 258209
73 1 204102807.9755320251 263618
74 1 222067701.17329394817 262780
75 1 219059880.26384305954 258592
76 1 217687817.55575379729 262788
77 1 210596166.92042720318 258527
78 1 211097363.15928918123 262439
79 1 217874349.63196510077 263208
80 1 210857686.76058533788 257329
81 1 218341747.23729211092 263737
82 1 222354767.10882559419 257221
83 1 213274839.41390582919 263947
84 1 216018503.04677185416 256661
85 1 216545563.50977861881 263521
86 1 212653387.49400752783 261938
87 1 223699075.8764745295 258026
88 1 219984310.7586620152 262088
89 1 203002276.09462967515 258364
90 1 217810791.20514196157 262184
91 1 217232600.17697638273 262952
92 1 201320656.06748577952 256607
93 1 223344623.39179334044 260596
94 1 212920427.46956348419 315247
95 1 209481903.00962603092 303067
96 1 209231546.79402169585 304259
97 1 207392401.47681844234 295887
98 1 204729616.61507210135 286473
99 1 215294769.11334493756 287301
% Edges = 1.25
0 1.25 210913389.55827561021 407831
1 1.25 211702212.11446651816 415134
2 1.25 211017318.37322571874 482086
3 1.25 215951375.64207908511 467139
4 1.25 212099001.5423156023 451853
5 1.25 220926613.46136167645 439919
6 1.25 218314838.4569118917 433001
7 1.25 215101250.78240180016 429895
8 1.25 211994204.3912281692 425755
9 1.25 212747270.61647546291 424319
10 1.25 205198403.39384752512 423576
11 1.25 210948967.44153434038 424811
12 1.25 211303202.4502709806 426251
13 1.25 212330756.22539392114 426055
14 1.25 213640617.35971000791 426706
15 1.25 219756951.03953015804 426975
16 1.25 209022317.54333716631 427925
17 1.25 213498401.73902386427 432555
18 1.25 215822564.57190009952 434998
19 1.25 212579628.46170037985 436785
20 1.25 224222221.58039751649 434177
21 1.25 216367759.95677348971 435998
22 1.25 217050333.78651362658 417606
23 1.25 212958383.0876339972 422315
24 1.25 212565385.70051974058 421591
25 1.25 209746152.4912314713 432564
26 1.25 211524292.09611314535 434934
27 1.25 200697992.62041768432 437613
28 1.25 213374384.52782985568 437526
29 1.25 216699358.42075094581 435169
30 1.25 213899323.4064475894 437943
31 1.25 208734589.88371664286 433667
32 1.25 216433799.19224280119 438617
33 1.25 218422275.04201382399 433509
34 1.25 212703759.92267370224 452862
35 1.25 210099464.8030013442 453099
36 1.25 212813072.56352704763 462203
37 1.25 213461997.49435260892 466354
38 1.25 214925094.16585740447 477600
39 1.25 214438260.50210905075 474129
40 1.25 218401773.32252576947 486945
41 1.25 215897820.07150834799 488992
42 1.25 207127483.2202912569 495549
43 1.25 212363538.58777374029 492281
44 1.25 214829054.60852211714 470121
45 1.25 219499295.17940154672 451549
46 1.25 207205076.15425825119 440403
47 1.25 211125511.20871499181 432031
48 1.25 212830610.27447244525 425083
49 1.25 203607383.54734522104 419710
50 1.25 215825582.9814376533 410879
51 1.25 224615124.20036450028 406995
52 1.25 208846395.38551431894 403061
53 1.25 215400287.54691120982 400607
54 1.25 222107983.67645308375 394075
55 1.25 218250236.26381552219 391567
56 1.25 217531937.81953427196 385998
57 1.25 197847952.81982040405 381219
58 1.25 214544966.2467803061 383991
59 1.25 213879682.79382798076 383128
60 1.25 216292854.98437166214 381670
61 1.25 222910767.28745478392 376273
62 1.25 211558143.65015855432 377502
63 1.25 209262365.64125329256 377340
64 1.25 207008742.05379778147 367487
65 1.25 212911244.94374501705 370434
66 1.25 218402874.4583607018 371891
67 1.25 207413862.80079644918 367669
68 1.25 218811012.56227147579 368479
69 1.25 207393483.55616277456 367052
70 1.25 212901729.83047926426 361082
71 1.25 214222359.30724939704 365470
72 1.25 214780093.61814194918 363535
73 1.25 215521220.2173384428 363458
74 1.25 220763289.8540045023 361666
75 1.25 200229440.5064265132 361434
76 1.25 206923189.16144612432 389773
77 1.25 213161814.73668670654 390460
78 1.25 214211577.35364815593 390344
79 1.25 210399732.42902097106 388144
80 1.25 210141321.76249751449 388049
81 1.25 223975752.90869942307 385733
82 1.25 219956197.32203787565 387306
83 1.25 211948963.81896984577 385072
84 1.25 217363501.89163061976 380098
85 1.25 208237234.3730981946 384409
86 1.25 215726133.05780446529 382967
87 1.25 205265061.96639481187 383193
88 1.25 221637383.08382448554 381041
89 1.25 211773165.24789512157 383081
90 1.25 210793637.80083703995 380150
91 1.25 216075430.36768737435 380948
92 1.25 212280290.61154124141 373320
93 1.25 216951921.05796584487 381751
94 1.25 216026004.6164855361 378320
95 1.25 213871338.8946044147 377747
96 1.25 211694756.49101537466 376046
97 1.25 215359184.85059830546 377676
98 1.25 208591020.4099047184 375358
99 1.25 213317596.08692392707 369429
% Edges = 1.5
0 1.5 215337076.18809580803 421348
1 1.5 215033542.73683592677 414020
2 1.5 217085341.28496837616 413651
3 1.5 210330255.35071468353 412295
4 1.5 209885847.38330620527 411703
5 1.5 206111339.41137549281 413213
6 1.5 221818832.71388542652 410833
7 1.5 200676403.79639109969 410623
8 1.5 217819098.29175654054 410513
9 1.5 214848542.59169891477 409507
10 1.5 218938624.57460176945 408047
11 1.5 216477200.37377515435 407558
12 1.5 214488643.59868499637 407369
13 1.5 213409148.00477337837 402092
14 1.5 209609753.23139384389 406390
15 1.5 220578573.2909745872 407258
16 1.5 207319774.71883332729 406207
17 1.5 217397962.76975849271 405997
18 1.5 207805420.48657494783 405927
19 1.5 212188990.73791226745 403422
20 1.5 211437631.0073337853 405541
21 1.5 214336835.11343622208 406524
22 1.5 209752988.39515250921 406048
23 1.5 210428864.07517623901 405422
24 1.5 210221790.43302589655 404812
25 1.5 206300446.14138060808 403940
26 1.5 207313563.08344170451 398855
27 1.5 206144360.50029465556 402597
28 1.5 213025296.6325930357 402569
29 1.5 218223084.56792008877 403129
30 1.5 214159752.92157557607 402520
31 1.5 218979960.00271740556 396029
32 1.5 213806913.96346855164 399100
33 1.5 215464562.68445760012 435340
34 1.5 208266745.33351144195 453685
35 1.5 215366771.67971080542 430461
36 1.5 205473988.44564062357 451901
37 1.5 207819294.76966786385 429558
38 1.5 208073252.19514244795 437362
39 1.5 213261073.91630887985 447130
40 1.5 213883121.9942497313 431402
41 1.5 214507547.51997965574 446969
42 1.5 207355169.03253638744 428310
43 1.5 208669034.46028631926 447299
44 1.5 214468379.7108938098 426922
45 1.5 203432682.76003363729 452752
46 1.5 211006338.46787878871 426813
47 1.5 213920959.14616122842 450570
48 1.5 217737986.68432334065 425761
49 1.5 213461911.63066869974 440872
50 1.5 214252775.62495651841 425517
51 1.5 212720902.73902508616 448848
52 1.5 216228349.4224050343 425023
53 1.5 224298252.17218458652 449631
54 1.5 208229249.31299322844 426689
55 1.5 215590225.42495524883 449708
56 1.5 220390992.06348359585 426289
57 1.5 210766934.57112273574 449488
58 1.5 213405053.38242185116 426422
59 1.5 223850311.02576640248 449449
60 1.5 212935012.86861950159 424646
61 1.5 220682729.80190810561 425494
62 1.5 207857171.48958954215 448304
63 1.5 211673346.7722568512 424474
64 1.5 213602463.04117587209 445141
65 1.5 216435445.22725355625 423852
66 1.5 209140213.93540400267 444129
67 1.5 209975218.06044235826 425054
68 1.5 208110323.37488380075 446047
69 1.5 221759198.94306755066 423290
70 1.5 215447998.20424619317 446192
71 1.5 213792659.63916903734 422756
72 1.5 215961822.64724719524 444117
73 1.5 215462867.63041424751 421960
74 1.5 206781534.9719684422 444986
75 1.5 219495848.25773817301 422926
76 1.5 213596976.00134831667 387242
77 1.5 219571286.01783007383 408047
78 1.5 218067958.98818296194 385573
79 1.5 208797459.94038829207 409869
80 1.5 214864914.99916130304 385779
81 1.5 213558495.23012328148 409091
82 1.5 212682951.92755877972 386480
83 1.5 212859414.40200865269 385043
84 1.5 209358520.3510530591 406360
85 1.5 213868940.07705497742 386030
86 1.5 211468758.63886463642 409062
87 1.5 214830899.12602889538 384526
88 1.5 216060165.32374757528 385736
89 1.5 206563716.38229042292 402479
90 1.5 217916790.16184106469 384917
91 1.5 208881017.64776134491 391252
92 1.5 207599442.24024635553 403527
93 1.5 213334363.57843744755 384047
94 1.5 215466353.39611455798 404964
95 1.5 224717981.11577823758 384354
96 1.5 210428315.02056333423 408069
97 1.5 216271052.61843660474 384244
98 1.5 211926538.256175071 407534
99 1.5 215808628.34792134166 383811
% Edges = 1.75
0 1.75 214142820.94902309775 449691
1 1.75 205320155.71647718549 470171
2 1.75 212684274.0387044549 448570
3 1.75 218777845.37745189667 459186
4 1.75 213052338.3566917479 472142
5 1.75 216852089.43181458116 447578
6 1.75 206060830.71725875139 471088
7 1.75 210639785.36273616552 447211
8 1.75 211921667.33678176999 470115
9 1.75 210464449.92167982459 448277
10 1.75 208257401.42233127356 470129
11 1.75 217105183.08960065246 446534
12 1.75 218155050.21788787842 469713
13 1.75 218216326.92478498816 447259
14 1.75 214933677.502502352 469664
15 1.75 199523976.10047703981 446979
16 1.75 213557766.8905147016 469507
17 1.75 213990970.09569975734 447052
18 1.75 207334821.9277549684 469604
19 1.75 212070537.71463894844 446309
20 1.75 213863537.16682815552 448056
21 1.75 208021210.22006875277 449066
22 1.75 211715879.08635610342 447468
23 1.75 205316922.13799217343 469288
24 1.75 216461059.28829413652 447436
25 1.75 206839318.74256581068 469399
26 1.75 210769482.6522346139 447250
27 1.75 216583870.99770987034 468920
28 1.75 216188372.80926525593 447074
29 1.75 213404910.89920800924 468067
30 1.75 211534426.3125077486 447689
31 1.75 202133231.90083235502 509456
32 1.75 208048668.01828315854 489496
33 1.75 212392459.38090735674 468608
34 1.75 216459746.95905521512 446679
35 1.75 219344743.41822481155 467709
36 1.75 210910121.36585378647 447810
37 1.75 214931521.58900007606 469595
38 1.75 215655131.11307415366 446246
39 1.75 213738366.17571869493 467103
40 1.75 219096414.73386842012 446251
41 1.75 207885514.65577575564 453006
42 1.75 216597795.32091119885 464520
43 1.75 215336782.91409903765 447412
44 1.75 207943984.94735696912 464926
45 1.75 211425671.2187050581 470298
46 1.75 212846165.28612524271 445546
47 1.75 209591239.49692377448 469497
48 1.75 208057417.88617506623 445194
49 1.75 216236573.27033260465 467770
50 1.75 213115618.59876856208 446602
51 1.75 208129988.84152466059 445244
52 1.75 212946885.74694681168 456093
53 1.75 218894012.50047835708 469283
54 1.75 213568596.37303769588 446253
55 1.75 206469880.85421645641 468530
56 1.75 208743793.96495166421 445963
57 1.75 217321722.31498515606 467698
58 1.75 208900791.20584002137 445050
59 1.75 203324371.12080916762 467788
60 1.75 217887072.99789616466 444684
61 1.75 210970926.7357224226 466981
62 1.75 210573142.85569500923 443628
63 1.75 209856404.07587444782 467070
64 1.75 213308170.85848358274 444284
65 1.75 208567238.41920852661 466834
66 1.75 218783893.85165411234 443521
67 1.75 207926342.93056109548 467218
68 1.75 218933181.61850181222 443584
69 1.75 212986858.86819607019 464813
70 1.75 219656366.58870336413 443193
71 1.75 210507263.42358443141 443491
72 1.75 212516025.74183151126 465304
73 1.75 206978537.41555264592 443760
74 1.75 212926373.74831157923 477557
75 1.75 203491063.14382794499 475363
76 1.75 220096423.31043684483 483236
77 1.75 213483769.69654747844 453440
78 1.75 202102898.18619704247 464152
79 1.75 219034898.60695284605 442371
80 1.75 210566900.71200749278 464528
81 1.75 210541174.08249258995 443474
82 1.75 213425793.61963549256 464824
83 1.75 213234213.88007199764 442366
84 1.75 217296607.78656506538 464918
85 1.75 222379697.00166609883 443506
86 1.75 216223027.32387650013 466265
87 1.75 211357218.66978389025 442934
88 1.75 220117536.71657419205 461324
89 1.75 211073328.67664912343 442467
90 1.75 210149632.813731879 449659
91 1.75 215656052.82254141569 461694
92 1.75 214006629.68985164165 442386
93 1.75 216818965.43047016859 462176
94 1.75 217494749.46346688271 442050
95 1.75 210975112.32135421038 464057
96 1.75 221281465.49645459652 441916
97 1.75 214904333.93982610106 463533
98 1.75 218503072.38831141591 441939
99 1.75 207605389.90036341548 463232
% Edges = 2
0 2 205649509.72877407074 506424
1 2 208364453.22812205553 515273
2 2 214431069.078353405 528388
3 2 214600210.5020493865 503348
4 2 215566089.9536588192 527969
5 2 210186406.04486635327 527057
6 2 215460914.32456356287 505352
7 2 212789675.82497549057 529447
8 2 216968879.37430250645 505059
9 2 213169649.96861162782 526962
10 2 210192367.33154717088 504445
11 2 212476320.39318573475 526507
12 2 211264048.87671765685 504785
13 2 210536265.05426609516 524817
14 2 215121728.98376387358 503671
15 2 210203426.93837165833 524939
16 2 199792174.1953035295 524811
17 2 209350251.80872350931 503476
18 2 210098517.87208148837 526540
19 2 215583120.15066555142 503721
20 2 218091013.53738328815 526359
21 2 216890678.00862339139 503127
22 2 219131284.73192539811 525788
23 2 212264486.00811704993 503006
24 2 210833128.29696944356 524290
25 2 209848835.37473332882 501898
26 2 210059153.65680977702 523510
27 2 215533313.56166726351 502436
28 2 210763615.89309105277 522673
29 2 213986831.45562177896 524463
30 2 214487970.73255550861 501620
31 2 216392092.60540923476 524334
32 2 212728594.18891984224 500469
33 2 217584403.02112877369 520115
34 2 215244822.19732907414 501525
35 2 212303774.09325560927 508350
36 2 210748342.71219852567 520712
37 2 216623946.0653346777 522630
38 2 206519698.11706358194 502073
39 2 214554747.90145373344 524452
40 2 211102799.9209459424 501069
41 2 208776947.19382819533 523797
42 2 213428497.69742780924 500712
43 2 216613076.83129420877 523009
44 2 215398681.72460538149 501216
45 2 207094664.43386894464 512366
46 2 220973426.66958323121 524328
47 2 211692264.72363051772 501151
48 2 215863988.22180655599 525197
49 2 215424922.47244399786 523776
50 2 212790679.12793660164 501997
51 2 219118201.56167981029 523991
52 2 212223281.73919206858 501035
53 2 205390450.28292405605 523897
54 2 213303551.13219490647 500486
55 2 211684281.67954513431 522843
56 2 205975185.22652316093 508693
57 2 206615958.40776580572 544975
58 2 211545909.32995864749 520936
59 2 212991687.26097324491 540524
60 2 208447066.92727464437 537678
61 2 209672241.9368635118 508153
62 2 213546868.97664478421 524399
63 2 212609990.88105744123 502482
64 2 211747454.12295645475 524510
65 2 206194189.57683229446 500143
66 2 207638899.30634278059 521171
67 2 212162495.03584271669 499549
68 2 215166188.2440879643 521467
69 2 207372051.73800361156 499475
70 2 222366196.67261168361 522122
71 2 216853474.3145929575 522693
72 2 216439886.12593451142 500907
73 2 216571616.95046496391 522660
74 2 210573011.09672966599 499197
75 2 207633823.01696109772 523564
76 2 208909257.36394941807 500371
77 2 213130422.2213409543 518526
78 2 213574647.64681169391 500436
79 2 215028908.82383388281 525220
80 2 216292752.75890547037 499359
81 2 214682440.99505838752 520454
82 2 204812861.89025601745 500264
83 2 213271261.97722631693 521246
84 2 216693133.55441197753 522546
85 2 215565662.20478248596 499719
86 2 213793649.36663925648 521803
87 2 223420314.39711862803 499170
88 2 212314940.53823512793 511784
89 2 219146899.76349693537 522974
90 2 212818788.94164320827 499216
91 2 212027819.8871012032 522484
92 2 215452989.22301593423 499491
93 2 214959840.38318327069 522841
94 2 214407828.779384166 499678
95 2 214474565.71480965614 523510
96 2 209280266.89989680052 499485
97 2 209085095.75658786297 522448
98 2 215391106.43788906932 500304
99 2 214211861.30464267731 522094
% Edges = 2.25
0 2.25 213302977.94942685962 592285
1 2.25 209706249.40928480029 566611
2 2.25 214642497.85587692261 588897
3 2.25 218819791.92839443684 566887
4 2.25 210852027.61695188284 586537
5 2.25 212330281.16119778156 589149
6 2.25 216219291.01958161592 566289
7 2.25 213966160.90779975057 588476
8 2.25 208766594.69262632728 587120
9 2.25 210057972.33193984628 565664
10 2.25 209355364.47455686331 589540
11 2.25 214994354.26624703407 565801
12 2.25 210618777.8788253963 586677
13 2.25 216452505.00512880087 589634
14 2.25 217039373.17652791739 565002
15 2.25 213453424.41336211562 589731
16 2.25 216412941.04020786285 565906
17 2.25 220917458.39794558287 586287
18 2.25 207358443.72680860758 585857
19 2.25 213309269.40514907241 564884
20 2.25 212255078.88850927353 571432
21 2.25 221583735.87591022253 564156
22 2.25 215997187.83651867509 585862
23 2.25 205750953.44934734702 564546
24 2.25 213736606.10558706522 586759
25 2.25 221403837.43638297915 587472
26 2.25 213784350.51922693849 563923
27 2.25 216181350.58537593484 587728
28 2.25 207650808.16709113121 563920
29 2.25 207815001.66708573699 575422
30 2.25 215322089.93712368608 588384
31 2.25 208566597.50068768859 588019
32 2.25 217741521.638846457 563711
33 2.25 214623024.12172016501 586641
34 2.25 212056009.74428531528 564328
35 2.25 219849908.91596218944 586341
36 2.25 213294098.84763872623 587366
37 2.25 219729437.66126209497 564425
38 2.25 212035412.48654875159 586896
39 2.25 209640116.74197852612 563483
40 2.25 210524681.41625320911 587056
41 2.25 204427291.33373180032 587352
42 2.25 202581240.69663700461 563350
43 2.25 210154941.4389410913 586212
44 2.25 208858129.2028785646 586637
45 2.25 209353199.37704631686 563996
46 2.25 205376339.22423455119 586960
47 2.25 211533779.98913004994 563504
48 2.25 215104261.5603403151 585007
49 2.25 213649918.47568887472 585821
50 2.25 213156011.32721707225 563305
51 2.25 209126603.49806818366 586636
52 2.25 211681600.99430656433 563265
53 2.25 217228540.58395856619 584572
54 2.25 216914774.08795964718 586277
55 2.25 215665577.89582943916 562812
56 2.25 211697236.78359299898 585606
57 2.25 212937632.93788301945 564202
58 2.25 209446414.30977508426 580013
59 2.25 212102282.5278994441 569707
60 2.25 213220760.01509961486 583192
61 2.25 204422941.10252943635 583402
62 2.25 213196614.87141546607 562979
63 2.25 209641017.86867761612 584033
64 2.25 216587170.5754828155 586446
65 2.25 210538136.88795113564 563269
66 2.25 209393276.94612497091 585790
67 2.25 212647167.46945694089 563642
68 2.25 212922893.13430911303 575042
69 2.25 218756807.96361914277 585639
70 2.25 210665888.62829449773 587925
71 2.25 223872961.14331230521 563165
72 2.25 212972475.76346033812 586256
73 2.25 218980679.5827409029 563093
74 2.25 214019422.13829663396 585578
75 2.25 207123742.91927692294 584330
76 2.25 217071842.88073703647 561582
77 2.25 208785029.16346925497 585254
78 2.25 219740565.47514203191 585273
79 2.25 214103069.15866464376 564031
80 2.25 210448786.75292664766 585756
81 2.25 212180779.49407753348 562650
82 2.25 213608239.20747584105 583671
83 2.25 212762461.3044859767 585268
84 2.25 219250966.68300500512 563955
85 2.25 212380475.03394633532 586210
86 2.25 214952087.72822129726 562096
87 2.25 204227344.66272810102 584375
88 2.25 212905757.03184118867 585351
89 2.25 217114003.51725003123 561939
90 2.25 218312211.50944754481 585507
91 2.25 212248261.63348820806 561383
92 2.25 218318481.8990072608 583895
93 2.25 201459528.99956572056 585607
94 2.25 214464777.36390793324 562589
95 2.25 213055886.67215707898 585052
96 2.25 216356250.25610506535 561698
97 2.25 218202564.81542271376 579073
98 2.25 212624713.78536072373 569080
99 2.25 219812908.91509759426 579957
% Edges = 2.5
0 2.5 213120052.85198679566 651903
1 2.5 211673122.44857206941 629179
2 2.5 209666547.11902722716 650647
3 2.5 214997822.59173327684 651842
4 2.5 210333892.0906573534 628644
5 2.5 207767992.51134100556 649006
6 2.5 210484489.28084543347 638275
7 2.5 214632151.14151906967 652115
8 2.5 211540491.03390920162 651394
9 2.5 210264038.65906998515 627403
10 2.5 213651266.24142241478 650641
11 2.5 212815220.71893250942 651585
12 2.5 209557159.09562531114 628070
13 2.5 206437098.28631386161 649629
14 2.5 208733218.88449019194 651107
15 2.5 208532681.57258188725 628141
16 2.5 216610919.65587881207 649780
17 2.5 207589436.57572340965 651854
18 2.5 211043261.71249064803 628900
19 2.5 213480417.51489931345 649618
20 2.5 213234068.33929017186 650994
21 2.5 214079541.36069750786 627708
22 2.5 218871965.29378604889 648972
23 2.5 209329075.84013730288 650547
24 2.5 213683251.16759553552 627091
25 2.5 208599379.16539889574 648318
26 2.5 211739939.55476862192 651417
27 2.5 208354941.69322511554 627982
28 2.5 213141981.1642973125 647372
29 2.5 214288812.4660436511 650199
30 2.5 212141924.36394369602 626331
31 2.5 219283246.54186227918 646872
32 2.5 211551483.16181764007 645477
33 2.5 213753603.68750837445 632313
34 2.5 212155476.4573982358 644870
35 2.5 213007564.50289207697 646293
36 2.5 211477476.20009770989 625395
37 2.5 217534806.54038333893 647047
38 2.5 215355306.74695158005 648575
39 2.5 212191316.66740345955 625236
40 2.5 207254036.52320483327 646771
41 2.5 212781279.41938015819 636888
42 2.5 207133797.92335411906 648808
43 2.5 207852781.76034849882 626429
44 2.5 214079535.1690120399 648203
45 2.5 223257487.05475604534 648215
46 2.5 216158340.42241901159 625748
47 2.5 213869023.41694757342 648391
48 2.5 216149163.68731477857 647502
49 2.5 211494742.78085893393 625837
50 2.5 207644534.58268737793 647971
51 2.5 211247374.36452490091 648918
52 2.5 211191757.78862529993 647534
53 2.5 213315699.96364554763 625478
54 2.5 217242681.14058309793 648740
55 2.5 219547693.22247374058 648455
56 2.5 214154853.48411554098 625807
57 2.5 215536963.36705479026 649593
58 2.5 203017619.58809047937 649948
59 2.5 214065637.31689068675 624055
60 2.5 213614721.11335766315 647438
61 2.5 215267247.86443650723 647685
62 2.5 214613148.40151870251 624497
63 2.5 212202144.86889880896 647259
64 2.5 214844510.25188395381 647920
65 2.5 212441934.81110417843 625178
66 2.5 214537006.76515191793 645790
67 2.5 208133700.07031196356 644709
68 2.5 221487833.75800165534 624671
69 2.5 214615397.85397034883 650577
70 2.5 214992833.72971913218 624081
71 2.5 219855470.57008880377 642583
72 2.5 212209772.11631155014 647638
73 2.5 206372920.98231872916 648627
74 2.5 205989509.83483809233 624769
75 2.5 222266335.91165551543 646507
76 2.5 217291450.62976798415 638822
77 2.5 209033349.91063243151 648427
78 2.5 204173959.77287176251 625265
79 2.5 218889826.11165210605 648436
80 2.5 214862290.24757790565 648215
81 2.5 218253379.31108084321 624751
82 2.5 213099647.67067185044 647858
83 2.5 211324983.16474702954 647278
84 2.5 209837545.60687410831 626078
85 2.5 220537100.55057930946 648601
86 2.5 212508977.85412421823 648203
87 2.5 216467468.21297073364 624405
88 2.5 216019236.48905271292 646633
89 2.5 212603372.27732744813 649451
90 2.5 214266052.84608587623 625686
91 2.5 207443940.21195372939 646235
92 2.5 210078761.94023960829 648008
93 2.5 211508931.87192344666 623753
94 2.5 213963029.70952823758 647854
95 2.5 211290637.93630215526 649970
96 2.5 215612542.29415932298 623980
97 2.5 210948796.49114832282 646260
98 2.5 220941739.72588062286 649016
99 2.5 210541113.53075054288 624704
% Edges = 2.75
0 2.75 210256024.4607822001 715521
1 2.75 214126330.17206215858 713786
2 2.75 217707655.42225721478 711597
3 2.75 208405898.15903428197 698317
4 2.75 209096720.45705258846 709499
5 2.75 206237606.76626515388 710767
6 2.75 216054971.87255772948 715001
7 2.75 207080610.73263701797 692643
8 2.75 222195129.02631238103 714451
9 2.75 215605813.71597331762 715054
10 2.75 214208515.93916660547 705477
11 2.75 212414149.47807681561 714256
12 2.75 212522928.42590811849 691840
13 2.75 212761815.84000712633 714740
14 2.75 210263184.28119415045 714910
15 2.75 216733906.57029646635 714719
16 2.75 211817425.73075029254 693064
17 2.75 218122050.54278251529 716488
18 2.75 215658811.19143590331 715290
19 2.75 214082908.25465798378 714494
20 2.75 212926718.75535824895 695951
21 2.75 210057279.72015553713 716020
22 2.75 212265006.9841426909 718221
23 2.75 211535846.2356749177 717294
24 2.75 217067728.25736540556 693800
25 2.75 216944999.29055890441 716072
26 2.75 215692116.21466246247 719233
27 2.75 215242218.06143471599 718312
28 2.75 213619666.01758757234 694728
29 2.75 208526753.64960706234 714617
30 2.75 210578432.00106415153 716833
31 2.75 210884854.46880564094 717598
32 2.75 216413103.37869164348 693532
33 2.75 214123245.3017205894 714981
34 2.75 205333796.42083576322 715544
35 2.75 212114110.12829512358 702322
36 2.75 216057766.91277143359 713647
37 2.75 215125536.62359017134 714836
38 2.75 210727375.2726995647 717996
39 2.75 215314628.13442549109 693994
40 2.75 209248324.54101425409 715715
41 2.75 209550487.13314923644 716013
42 2.75 218058201.84960213304 707630
43 2.75 210578342.1517470479 718547
44 2.75 210864748.58885484934 719054
45 2.75 222144173.62593913078 695776
46 2.75 217599159.34111988544 716853
47 2.75 210885133.82296648622 715031
48 2.75 212785658.56119185686 716642
49 2.75 215265738.08093827963 693734
50 2.75 211717287.52919778228 715478
51 2.75 213771954.31714716554 716843
52 2.75 214543138.91318079829 715976
53 2.75 210404426.09319722652 694247
54 2.75 219043658.39280840755 715977
55 2.75 209010719.99056652188 720298
56 2.75 215906074.43893253803 714658
57 2.75 210047038.15918761492 693756
58 2.75 209957325.52977538109 714922
59 2.75 214644911.48186549544 716238
60 2.75 214658718.83763149381 714435
61 2.75 214479280.21341016889 694339
62 2.75 210902245.90775761008 727557
63 2.75 208596486.96714833379 722486
64 2.75 208621229.09839805961 715451
65 2.75 216773831.4009360075 694953
66 2.75 215463084.26899114251 710996
67 2.75 212053342.82095625997 700512
68 2.75 211569423.12641191483 711597
69 2.75 211550659.3449935019 712228
70 2.75 212507633.69960486889 716748
71 2.75 212317530.1226157546 716586
72 2.75 206361536.53290686011 695320
73 2.75 211433302.37390783429 715844
74 2.75 219506736.29488286376 706393
75 2.75 216872756.16763415933 715858
76 2.75 214542732.57469457388 716796
77 2.75 212333478.65339648724 692921
78 2.75 211026008.29128819704 715760
79 2.75 209930079.32301992178 717039
80 2.75 213593613.78233867884 716058
81 2.75 217633094.5873478651 694408
82 2.75 216272103.5678512156 715521
83 2.75 209640268.10242053866 714908
84 2.75 217843873.86949130893 716029
85 2.75 210654389.90107440948 693879
86 2.75 217353465.99674609303 713618
87 2.75 218339608.23371261358 715883
88 2.75 208716582.80504059792 716314
89 2.75 209846569.47404247522 693628
90 2.75 215563867.33530667424 715377
91 2.75 211360270.22916212678 716905
92 2.75 216187594.71582522988 716673
93 2.75 208310581.96407535672 691829
94 2.75 221657897.42397400737 712599
95 2.75 210994312.81166067719 714871
96 2.75 213056019.97871679068 716132
97 2.75 212221369.35624033213 694403
98 2.75 216787344.5482544899 710259
99 2.75 212620166.60138961673 717532
% Edges = 3
0 3 209772442.49190992117 776323
1 3 219091417.74731421471 757218
2 3 217424287.92744332552 780086
3 3 217604514.00707775354 777846
4 3 211932388.78662964702 779756
5 3 209445647.52070042491 770511
6 3 213703431.43546503782 781140
7 3 218239470.9444386065 779944
8 3 214772904.52022892237 757658
9 3 221545326.69605147839 778388
10 3 211960310.27699637413 778309
11 3 214419812.14335849881 778483
12 3 212471467.75206682086 779221
13 3 214714469.27449202538 779380
14 3 213013901.08671930432 759393
15 3 211480869.17203044891 778111
16 3 206412388.09142675996 779728
17 3 213474897.93142855167 779954
18 3 210456170.45443317294 779033
19 3 210101555.91047975421 756888
20 3 210493527.45689630508 783299
21 3 214913935.56173613667 782337
22 3 212119415.82176098228 783463
23 3 207762755.55934762955 783347
24 3 212562798.10920360684 783031
25 3 212346213.08836263418 759785
26 3 212633731.06610164046 781205
27 3 213498298.61077696085 780921
28 3 215730561.05418661237 766847
29 3 212761094.2715575397 777707
30 3 211271779.04517072439 777970
31 3 214984588.7472153306 781086
32 3 213967392.32047235966 782350
33 3 213150324.27190670371 784108
34 3 209917169.41234049201 775578
35 3 209618056.06244322658 782915
36 3 210306539.43216404319 782794
37 3 207977211.95225676894 760309
38 3 208300956.73204287887 783193
39 3 209004503.63080969453 781932
40 3 206056801.49011653662 783816
41 3 212457926.72472888231 784012
42 3 213310879.45727059245 779465
43 3 211916464.88516098261 759944
44 3 217033720.04498705268 780551
45 3 208495671.14891088009 783806
46 3 212013471.90557402372 783786
47 3 208912213.11179208755 784406
48 3 211786771.43007051945 758812
49 3 207002024.36849191785 780953
50 3 216327735.35717603564 780738
51 3 213598586.0756393373 782374
52 3 208402454.23402413726 782999
53 3 209674973.81989598274 784569
54 3 218273698.54780271649 760894
55 3 207206834.85761794448 780490
56 3 209845461.11087635159 778133
57 3 214209792.67456805706 767132
58 3 214702712.16131058335 778305
59 3 210954229.54433941841 778977
60 3 212084659.95701137185 783245
61 3 214413308.95692372322 782905
62 3 214521376.64247313142 782111
63 3 215506658.6655934155 774020
64 3 218580268.49951431155 782581
65 3 219891064.73781237006 783330
66 3 214579501.79746070504 761116
67 3 215846742.21556341648 783169
68 3 218438711.9959923327 779447
69 3 217271813.06510517001 780415
70 3 209469106.37515479326 780899
71 3 212812717.41797366738 759341
72 3 213328527.76218059659 782582
73 3 214980934.42303237319 780843
74 3 211811214.21796905994 782760
75 3 204111429.58842799067 782304
76 3 212448660.43794795871 781954
77 3 213776768.96261611581 760096
78 3 209084162.00543266535 782377
79 3 209122398.30385705829 783593
80 3 215160381.55758556724 783182
81 3 208252665.99782261252 782611
82 3 209278649.22265434265 780937
83 3 212393553.35411530733 759138
84 3 215056154.43452116847 781435
85 3 212516763.54185119271 779249
86 3 210247246.15382909775 768598
87 3 207262158.70785179734 779604
88 3 217297792.55650737882 778831
89 3 218258025.7268178463 780463
90 3 208722850.4249779284 782495
91 3 209502764.4507573247 782164
92 3 216160942.57311365008 772698
93 3 214007350.72554284334 783775
94 3 209868781.05977100134 781291
95 3 213509358.61550709605 780862
96 3 219345142.58574435115 759044
97 3 215062525.20805871487 781447
98 3 208074461.84671726823 782549
99 3 204703579.78782895207 782555
% Edges = 3.5
0 3.5 211071832.84405636787 933808
1 3.5 213976545.8160751164 933761
2 3.5 211792812.11001235247 935730
3 3.5 218026892.61231592298 933526
4 3.5 209046264.86126926541 934739
5 3.5 210615025.69154214859 933973
6 3.5 214810923.36136439443 933509
7 3.5 210531421.7154430449 934523
8 3.5 209436512.85429102182 934779
9 3.5 211030738.99538376927 936265
10 3.5 208879789.08373564482 934154
11 3.5 213845935.37778970599 930277
12 3.5 212348363.4171038866 917735
13 3.5 211365188.73821306229 925915
14 3.5 213331953.89835989475 927667
15 3.5 213905829.6243159771 931013
16 3.5 217478093.37252017856 930878
17 3.5 210308755.33391755819 931608
18 3.5 215616277.50278297067 948419
19 3.5 216414413.53020223975 934479
20 3.5 212517709.65339696407 933377
21 3.5 211307389.20117858052 930869
22 3.5 212607192.76138305664 930304
23 3.5 210320701.82360848784 929685
24 3.5 214807572.76233330369 929693
25 3.5 210778902.17167645693 929235
26 3.5 210368964.9118757844 929195
27 3.5 211734029.46801450849 909230
28 3.5 212541844.36208578944 907869
29 3.5 212660490.91563871503 911459
30 3.5 210009495.64481708407 931093
31 3.5 213568437.35622501373 930537
32 3.5 207112193.93784117699 929100
33 3.5 213663898.58120262623 928024
34 3.5 215012952.83891913295 928496
35 3.5 215912529.55906093121 927927
36 3.5 208596995.34152171016 925934
37 3.5 216132185.06170746684 932911
38 3.5 218647005.54948878288 929836
39 3.5 211631348.84332284331 930733
40 3.5 209313444.73111316562 930668
41 3.5 215457747.46258658171 929508
42 3.5 213506347.30669015646 922214
43 3.5 208852820.18688860536 930453
44 3.5 210960335.06949627399 929652
45 3.5 210289851.10461628437 929376
46 3.5 217025501.28905835748 931040
47 3.5 208720524.71722841263 932557
48 3.5 210292960.78704154491 931054
49 3.5 210472201.14021718502 930954
50 3.5 209306222.44277369976 928003
51 3.5 210093871.17216491699 928339
52 3.5 211879572.29111853242 927954
53 3.5 206370030.85481923819 929129
54 3.5 216249273.05588358641 928306
55 3.5 213273406.56802865863 928733
56 3.5 210327164.94908162951 929391
57 3.5 209403581.4252845943 931515
58 3.5 212124885.24643701315 931705
59 3.5 216619921.45465517044 928828
60 3.5 215661056.03733500838 925733
61 3.5 219395879.69831961393 934430
62 3.5 214026428.53826296329 928057
63 3.5 214660582.87154608965 931482
64 3.5 217401789.48309266567 930714
65 3.5 214261979.10870036483 931640
66 3.5 210779158.79944297671 919342
67 3.5 209450959.62403857708 931345
68 3.5 221883453.70975354314 929803
69 3.5 213155846.15630397201 929795
70 3.5 212984060.76885297894 929935
71 3.5 212995717.82883822918 928696
72 3.5 214831209.63475719094 928526
73 3.5 210923406.52529880404 930256
74 3.5 212920723.94873839617 930164
75 3.5 209295794.79100203514 932722
76 3.5 214772431.70721340179 930672
77 3.5 215446877.70624569058 931906
78 3.5 210812202.326295048 930599
79 3.5 210648882.79081740975 929560
80 3.5 213557981.07210609317 930770
81 3.5 213186010.85697311163 930440
82 3.5 212492549.6138330996 930707
83 3.5 216522716.76172658801 929010
84 3.5 208914578.70707222819 930825
85 3.5 216248433.93997740746 916966
86 3.5 212621099.78721195459 946238
87 3.5 216847373.8191908896 931708
88 3.5 214419204.02239868045 931009
89 3.5 213225832.364218086 929464
90 3.5 213083644.46368044615 920360
91 3.5 217336716.01083362103 931153
92 3.5 205753767.1783888936 930776
93 3.5 212950619.62220019102 929182
94 3.5 212071902.6950135231 931445
95 3.5 213417460.48701962829 930063
96 3.5 210943728.22122973204 929834
97 3.5 216315519.73308396339 930068
98 3.5 213533906.40409114957 929534
99 3.5 211553163.95445033908 929299
% Edges = 4
0 4 211713307.87030425668 1067355
1 4 212450720.71254473925 1066267
2 4 209967517.98425969481 1066743
3 4 213637981.98528829217 1064531
4 4 217290846.25014644861 1065901
5 4 212569407.2344532311 1087328
6 4 213971686.34434181452 1066904
7 4 212799095.71616619825 1065315
8 4 207863008.23380401731 1070187
9 4 209397276.16172924638 1062573
10 4 212845125.28523632884 1067444
11 4 211757529.04511144757 1064449
12 4 207166319.49618545175 1066041
13 4 215758623.57152193785 1079954
14 4 213894140.38526654243 1069387
15 4 211010748.57494738698 1068864
16 4 215420389.14389562607 1067614
17 4 215709078.8610509932 1068058
18 4 216721885.57912039757 1068931
19 4 210099884.87203601003 1089528
20 4 217408373.82998469472 1070469
21 4 213533159.31485939026 1069938
22 4 213203900.5011664927 1067136
23 4 212549005.30235338211 1067421
24 4 209298167.25268405676 1066148
25 4 207702272.71348890662 1066313
26 4 208635163.74366980791 1064511
27 4 213606689.3469902873 1089402
28 4 211688148.29972720146 1063768
29 4 212902755.14038306475 1071386
30 4 214946504.31551137567 1066864
31 4 210643781.20929393172 1070026
32 4 218319451.52505344152 1069720
33 4 209382988.57683745027 1066375
34 4 207386749.00816184282 1077107
35 4 211441254.5555486083 1066042
36 4 207943223.42708012462 1066404
37 4 215735753.73345035315 1066023
38 4 214219452.93275722861 1065336
39 4 210383505.43241760135 1066239
40 4 212399553.82751247287 1089085
41 4 208945063.21415507793 1069275
42 4 205429648.75034940243 1070319
43 4 209918945.445828408 1069576
44 4 219152206.59522923827 1067423
45 4 216278093.23571842909 1065088
46 4 212631388.29235851765 1064756
47 4 214414716.51985391974 1087696
48 4 219810513.56357136369 1066864
49 4 216489166.89202782512 1065289
50 4 214869248.03473234177 1069440
51 4 212690404.73462700844 1063978
52 4 214064463.57578957081 1068483
53 4 212809095.66375941038 1068314
54 4 214685549.30835917592 1068875
55 4 212239257.14947172999 1081576
56 4 213965693.13140532374 1066793
57 4 210624834.67084035277 1067088
58 4 213210511.27352365851 1067121
59 4 210157262.74764102697 1065625
60 4 211632266.93219804764 1066420
61 4 210254061.82313382626 1087730
62 4 214875665.47061303258 1067489
63 4 208486442.28650480509 1068953
64 4 213996663.85365703702 1069541
65 4 210671396.99552553892 1067893
66 4 213796601.67595392466 1066551
67 4 207395095.17140710354 1064653
68 4 216676754.70702508092 1064857
69 4 209833578.80813145638 1088922
70 4 212573735.91457402706 1062240
71 4 210393904.09820854664 1068909
72 4 218596404.74399471283 1064447
73 4 213797339.70102408528 1067734
74 4 212452255.68562629819 1068653
75 4 206735368.2881065309 1068038
76 4 207517087.21864300966 1079544
77 4 216323754.86574178934 1066237
78 4 210736884.90052971244 1066218
79 4 208609200.40621590614 1065176
80 4 217229478.83186537027 1066736
81 4 213639558.02381753922 1065353
82 4 216538721.59523883462 1087012
83 4 212164717.9313365519 1066368
84 4 211544665.98885318637 1068219
85 4 213545526.52877679467 1069586
86 4 214499254.32188570499 1067982
87 4 213985286.96034216881 1066684
88 4 213336762.95776948333 1065017
89 4 210208742.614782691 1087786
90 4 208461463.16207811236 1065583
91 4 208051150.71133625507 1063738
92 4 213364586.7130099237 1068254
93 4 207419497.79942122102 1063851
94 4 213579852.98300465941 1066502
95 4 210380913.75040382147 1065769
96 4 210623669.93995979428 1066379
97 4 211632527.19896227121 1082162
98 4 208954558.54695779085 1067791
99 4 214865527.73796027899 1069254
% Edges = 4.5
0 4.5 215005319.18549889326 1204092
1 4.5 215393035.16745623946 1225767
2 4.5 210491454.03561100364 1204590
3 4.5 210819615.08505883813 1204692
4 4.5 214648792.7973472476 1202733
5 4.5 216443898.13894295692 1225989
6 4.5 212813081.34254750609 1205761
7 4.5 211650183.52377268672 1204354
8 4.5 210534822.30820843577 1223312
9 4.5 214246940.64706769586 1202885
10 4.5 213973962.30909362435 1205048
11 4.5 212390105.21922233701 1199327
12 4.5 212441035.24862548709 1206097
13 4.5 213118689.79937928915 1223812
14 4.5 214168405.2440058887 1203785
15 4.5 215225857.64715176821 1201739
16 4.5 211729508.02104818821 1216925
17 4.5 219016049.09406006336 1203090
18 4.5 212245287.2044993639 1203609
19 4.5 211519086.53555524349 1224753
20 4.5 212056029.25448518991 1201587
21 4.5 213023981.13795232773 1203312
22 4.5 212168136.80664294958 1201057
23 4.5 210841683.85056838393 1224709
24 4.5 210412334.49007114768 1204545
25 4.5 220870041.35082086921 1205988
26 4.5 207437516.84321403503 1226457
27 4.5 212980821.61326566339 1204104
28 4.5 219931018.22853657603 1204431
29 4.5 211790724.76789784431 1201022
30 4.5 213681767.03621602058 1208038
31 4.5 206230956.85277545452 1217112
32 4.5 211438425.84644055367 1203297
33 4.5 211691601.74083024263 1202181
34 4.5 214017398.18166840076 1216537
35 4.5 212700692.31436556578 1205914
36 4.5 215645111.33280837536 1227605
37 4.5 207531213.39403480291 1203088
38 4.5 211036906.77925992012 1204840
39 4.5 213705148.95123255253 1204641
40 4.5 213199876.34591418505 1227091
41 4.5 213594630.80126515031 1205481
42 4.5 210143987.06662559509 1203961
43 4.5 212469477.76021274924 1201888
44 4.5 209475761.92723098397 1226832
45 4.5 211190090.44245874882 1204597
46 4.5 214072084.50851997733 1203028
47 4.5 211109274.40907895565 1223114
48 4.5 220885570.22671920061 1199779
49 4.5 208934180.96727007627 1206703
50 4.5 212558980.56042358279 1202193
51 4.5 215028686.7433295548 1224917
52 4.5 210204043.19532495737 1207251
53 4.5 213243629.42225834727 1195384
54 4.5 210847423.58939108253 1231191
55 4.5 213589946.2772231102 1205103
56 4.5 216543519.93956008554 1203529
57 4.5 207782384.07242777944 1225393
58 4.5 214227748.9609131515 1204164
59 4.5 210169540.19365957379 1204430
60 4.5 213986896.67793419957 1201332
61 4.5 216052670.32442158461 1225869
62 4.5 214610849.45557141304 1203256
63 4.5 213561152.15527293086 1202852
64 4.5 213987925.95682042837 1223491
65 4.5 208761346.16521656513 1203940
66 4.5 211005133.46518063545 1205780
67 4.5 211200524.45507094264 1202908
68 4.5 211048298.74887233973 1200437
69 4.5 216607533.55139070749 1225609
70 4.5 211860084.06043201685 1206120
71 4.5 219879671.62455758452 1204170
72 4.5 209896274.97316735983 1217393
73 4.5 214247068.92386502028 1204687
74 4.5 209187292.75455507636 1202408
75 4.5 210881391.21579712629 1225223
76 4.5 217377020.0315875411 1203865
77 4.5 212421038.19756349921 1203380
78 4.5 209889378.28194004297 1201638
79 4.5 218921012.22890540957 1223951
80 4.5 218249304.63733673096 1204342
81 4.5 215685565.85661295056 1206482
82 4.5 212743773.7075817585 1204667
83 4.5 212861594.46297934651 1227116
84 4.5 216000685.48743790388 1205569
85 4.5 211126097.37178274989 1204518
86 4.5 208225328.28602173924 1207390
87 4.5 213984023.26239734888 1217205
88 4.5 213527013.3176689446 1203517
89 4.5 215732660.50758102536 1203306
90 4.5 215740843.81016239524 1214486
91 4.5 214766200.34344688058 1204004
92 4.5 212407902.77721133828 1202281
93 4.5 211224628.2579177916 1225455
94 4.5 213469399.13216713071 1202560
95 4.5 211528069.20056557655 1203293
96 4.5 208526809.35357528925 1224498
97 4.5 218347133.08165681362 1206277
98 4.5 211435766.58617776632 1205572
99 4.5 213991978.74779012799 1204785
% Edges = 5
0 5 210251729.06421867013 1363462
1 5 210366596.04916056991 1344026
2 5 217111917.94624423981 1363717
3 5 216172136.41829559207 1344187
4 5 212319418.47491115332 1346171
5 5 215491477.50013169646 1357180
6 5 213246770.36060330272 1343203
7 5 215645729.77697426081 1362311
8 5 211574091.72402197123 1332021
9 5 217518373.65590465069 1365727
10 5 213470343.22694191337 1340849
11 5 211883373.70858001709 1363318
12 5 208785529.0334803462 1338944
13 5 211528031.37909731269 1360496
14 5 214492351.77881473303 1341277
15 5 209891276.50399795175 1341994
16 5 212821393.04797670245 1364040
17 5 210780638.86543619633 1342204
18 5 212895641.9065528512 1362393
19 5 207543095.89070621133 1343221
20 5 215232798.99423250556 1363050
21 5 210837972.21382638812 1346028
22 5 209840560.68714135885 1339714
23 5 211924840.90960043669 1365967
24 5 214070870.83160787821 1341906
25 5 214226439.66390049458 1360011
26 5 213472697.16756081581 1342144
27 5 206998133.41023108363 1363503
28 5 211963500.22264307737 1339461
29 5 215713611.96034470201 1339301
30 5 211293581.96840813756 1362342
31 5 212373124.86670359969 1341244
32 5 212026306.09414121509 1361405
33 5 216054193.24256631732 1340117
34 5 215198105.55416616797 1362512
35 5 213133994.41106694937 1340182
36 5 210562101.28130307794 1341143
37 5 210180168.48417490721 1360172
38 5 213740669.02227374911 1346014
39 5 210222164.46597912908 1361349
40 5 212523406.56551703811 1343677
41 5 207580863.08948379755 1343720
42 5 204912399.49744206667 1357390
43 5 213063375.13084724545 1365822
44 5 218736350.81884464622 1342991
45 5 213999712.25277212262 1341030
46 5 219669531.00624236465 1365687
47 5 212154348.39219555259 1344254
48 5 212498361.15814611316 1363861
49 5 213843035.8034029007 1342216
50 5 211523014.92726665735 1362042
51 5 216721257.28194278479 1341637
52 5 209352917.37909922004 1339047
53 5 213216006.74592283368 1363897
54 5 218366491.62546494603 1337598
55 5 209637262.82493969798 1341595
56 5 214852013.3663379252 1359274
57 5 207550215.22737953067 1343577
58 5 214538282.72589483857 1357322
59 5 212817043.74508336186 1363970
60 5 214263285.67453536391 1340391
61 5 212282437.21783408523 1342500
62 5 216471190.20676085353 1364123
63 5 212061597.9427986443 1341603
64 5 212117202.29571253061 1363059
65 5 214154296.89710688591 1343667
66 5 213636142.88042291999 1361904
67 5 209115241.26301774383 1342067
68 5 210461996.65854266286 1343841
69 5 211938502.14493578672 1364908
70 5 211846388.37859284878 1344061
71 5 211778065.60634258389 1348379
72 5 211943267.375859797 1356759
73 5 214139903.83140769601 1364815
74 5 217266907.21777042747 1343537
75 5 211765004.11784633994 1335553
76 5 214644571.70448181033 1363624
77 5 214683674.87999024987 1340568
78 5 210651288.06710490584 1362155
79 5 213152497.51071536541 1341546
80 5 213831943.07750406861 1363143
81 5 211007460.11324003339 1340689
82 5 213510193.57285797596 1338824
83 5 217203246.32872983813 1362534
84 5 215096219.39623984694 1340519
85 5 211759327.80228587985 1362028
86 5 214761093.13220286369 1341177
87 5 208257812.27979430556 1360448
88 5 209223598.88374981284 1345572
89 5 211526505.6166690886 1339858
90 5 216076390.11943373084 1363966
91 5 212086672.04174306989 1341736
92 5 214701148.12725037336 1356104
93 5 215932870.95751425624 1345039
94 5 213174267.40956154466 1366782
95 5 209168343.81754988432 1344290
96 5 213218279.84897091985 1363944
97 5 215463359.48812541366 1341831
98 5 211465208.11536487937 1341451
99 5 209512629.74899286032 1342881
% Edges = 5.5
0 5.5 213076774.99294641614 1501746
1 5.5 215580502.97269174457 1481157
2 5.5 209383975.87235310674 1502834
3 5.5 210072992.18185251951 1484347
4 5.5 214243696.61646521091 1505154
5 5.5 216095469.47908732295 1479371
6 5.5 214135343.87886947393 1504462
7 5.5 213676629.663487643 1497692
8 5.5 217167352.32067897916 1482952
9 5.5 209068947.04003670812 1503691
10 5.5 210285931.57057574391 1480686
11 5.5 213216256.65857040882 1499486
12 5.5 210016985.3516138196 1500802
13 5.5 212173287.15027442575 1481464
14 5.5 210598885.32278138399 1500344
15 5.5 213030347.15673103929 1479815
16 5.5 214478984.64122188091 1503490
17 5.5 213774123.20084533095 1502834
18 5.5 213177625.72037324309 1482095
19 5.5 213722296.29528841376 1490522
20 5.5 216519358.7301222086 1495373
21 5.5 215891308.65688329935 1504595
22 5.5 207683673.4072495997 1483599
23 5.5 212585457.95807301998 1497484
24 5.5 216649344.80740118027 1503668
25 5.5 210560872.19276532531 1483107
26 5.5 209397204.94881123304 1501343
27 5.5 213610318.34478577971 1477094
28 5.5 216106979.54534575343 1501168
29 5.5 211058613.74771341681 1501227
30 5.5 214423418.50009047985 1480532
31 5.5 209272419.62450227141 1501491
32 5.5 210520807.59864833951 1479358
33 5.5 212389820.00547122955 1500085
34 5.5 215920281.83806419373 1479616
35 5.5 213145470.02878913283 1494007
36 5.5 211652875.18216878176 1480313
37 5.5 212068793.27806484699 1502112
38 5.5 217386986.84752362967 1497429
39 5.5 210654479.08045333624 1480931
40 5.5 209387805.8250490129 1501880
41 5.5 211024577.65656748414 1479907
42 5.5 216219190.78463155031 1500807
43 5.5 214834963.27539387345 1500838
44 5.5 216719780.45916885138 1479592
45 5.5 214390491.27727249265 1504344
46 5.5 213150965.53490805626 1481131
47 5.5 211323209.97083190084 1502655
48 5.5 216330931.94791066647 1500853
49 5.5 209954724.39223647118 1480161
50 5.5 209597802.74551469088 1483961
51 5.5 215698391.48643377423 1502401
52 5.5 211592664.42105281353 1504620
53 5.5 209762884.81014874578 1496890
54 5.5 214293947.94861292839 1484290
55 5.5 213187149.18636098504 1506049
56 5.5 213714258.98571041226 1482240
57 5.5 209864513.30722886324 1505126
58 5.5 212258045.68710175157 1480333
59 5.5 214773558.1270390451 1480715
60 5.5 215536292.97233593464 1501644
61 5.5 215984499.60979834199 1480517
62 5.5 217263210.292629987 1500351
63 5.5 215332930.54498580098 1480871
64 5.5 213084702.87920227647 1498651
65 5.5 215180269.45811343193 1483167
66 5.5 212977359.14887276292 1498666
67 5.5 212648452.88814783096 1500958
68 5.5 211317351.96349072456 1470530
69 5.5 211393297.73290368915 1504149
70 5.5 209514794.4485809505 1501701
71 5.5 211956752.90040740371 1478453
72 5.5 212255369.65940779448 1498884
73 5.5 212929024.73256641626 1479227
74 5.5 213734561.93040475249 1500268
75 5.5 213843797.80356937647 1480330
76 5.5 211678303.93034893274 1501973
77 5.5 214205244.82093447447 1501993
78 5.5 212851466.46647924185 1480312
79 5.5 213454629.18550729752 1499576
80 5.5 213470007.41006216407 1482968
81 5.5 216798328.97640350461 1498964
82 5.5 215327407.50536283851 1481061
83 5.5 213141601.01571196318 1493724
84 5.5 216087004.97723457217 1504035
85 5.5 210924767.44342064857 1483208
86 5.5 212772092.78906351328 1501612
87 5.5 213347431.00636458397 1501143
88 5.5 210458092.73725450039 1482802
89 5.5 213718238.11767378449 1502452
90 5.5 212431173.15727797151 1483185
91 5.5 211544603.23788848519 1503773
92 5.5 213040169.02229136229 1504423
93 5.5 213048765.46537935734 1482276
94 5.5 213534051.22549983859 1504900
95 5.5 213072856.9695212245 1486307
96 5.5 211116110.39652243257 1502921
97 5.5 218337874.99644893408 1484153
98 5.5 215991260.03348574042 1498474
99 5.5 213530397.90562552214 1503500
% Edges = 6
0 6 212825452.92545756698 1621889
1 6 209076598.08036932349 1622691
2 6 214870606.03164601326 1645626
3 6 214464068.64933690429 1641831
4 6 210946733.63656699657 1623079
5 6 213251585.56641614437 1643313
6 6 214783294.08353465796 1640729
7 6 210920451.37018203735 1643370
8 6 214542639.84531408548 1619958
9 6 210960085.91984465718 1641496
10 6 211492847.91034686565 1639756
11 6 210563893.8231857717 1620241
12 6 209282933.79465335608 1633388
13 6 213928977.43313917518 1644666
14 6 214249507.78021231294 1644186
15 6 213479278.70887517929 1643788
16 6 210387683.83998316526 1643065
17 6 209652668.82418119907 1624283
18 6 207872572.01770409942 1643997
19 6 215697729.2241332233 1643464
20 6 214442277.85871204734 1619226
21 6 212320415.25571799278 1643773
22 6 213365517.75468602777 1641613
23 6 212670600.45901840925 1622829
24 6 214382757.93620404601 1640065
25 6 215685477.03832051158 1641899
26 6 216371008.12409994006 1637421
27 6 213834658.95141550899 1645686
28 6 212362455.38570961356 1622274
29 6 208555257.43634310365 1645106
30 6 213240960.51995107532 1643418
31 6 211512385.973092556 1645184
32 6 210811395.72336390615 1647016
33 6 218372350.04193636775 1624936
34 6 210904596.12354457378 1645439
35 6 215059380.51926681399 1642261
36 6 210737892.32363688946 1624129
37 6 212107415.76660057902 1643182
38 6 214579794.82247713208 1644339
39 6 213410917.26819777489 1637841
40 6 210722056.96027445793 1624070
41 6 214009920.64335873723 1650105
42 6 211750018.82799214125 1644339
43 6 213348971.40453329682 1641537
44 6 209578896.66432997584 1643197
45 6 213277168.42870178819 1622524
46 6 214414245.45999950171 1642906
47 6 212834336.34427046776 1641967
48 6 214534745.19350668788 1621253
49 6 211015180.40558063984 1643118
50 6 212887759.48295456171 1644329
51 6 210807792.19446849823 1641227
52 6 215509129.91671949625 1622272
53 6 214150574.84716016054 1636735
54 6 215947876.6456925571 1643453
55 6 213368593.40165042877 1642218
56 6 209469979.77671399713 1639968
57 6 212520932.27106332779 1619315
58 6 213970295.94261029363 1643209
59 6 215101323.93790060282 1641522
60 6 213914574.34584307671 1622551
61 6 216760179.97535821795 1641501
62 6 211651132.53043758869 1639670
63 6 212495512.54434591532 1639831
64 6 212147130.78282600641 1624023
65 6 209341153.9871417582 1638922
66 6 210041060.68623438478 1641411
67 6 211829553.58198001981 1633729
68 6 211989735.03853428364 1622241
69 6 215139617.84161940217 1643151
70 6 211508373.96772509813 1640803
71 6 214527470.77121865749 1641699
72 6 217643616.56253585219 1642423
73 6 215379608.62346634269 1620669
74 6 207963303.54323408008 1641617
75 6 216384929.6028919518 1640719
76 6 210804609.83118724823 1620999
77 6 214260382.18658509851 1640804
78 6 212418469.799500525 1642756
79 6 210639889.72151294351 1643347
80 6 212339833.50401425362 1621867
81 6 208963142.24100089073 1638230
82 6 213783563.89447394013 1645415
83 6 218051392.36556458473 1642737
84 6 216691776.74220576882 1621095
85 6 213422627.2688728869 1640916
86 6 212642702.43620112538 1641566
87 6 211797829.95942729712 1642156
88 6 211989116.93909013271 1619933
89 6 212560308.19026899338 1642296
90 6 211281486.84104293585 1641639
91 6 212189697.98584553599 1626974
92 6 211543248.94497019053 1634756
93 6 211281460.95720756054 1642568
94 6 211957004.05997997522 1637315
95 6 209946661.55111938715 1644270
96 6 212940369.54211348295 1623745
97 6 212115644.74383714795 1642613
98 6 212933807.66751018167 1643665
99 6 206604696.93358710408 1640493
% Edges = 6.5
0 6.5 212917133.93597045541 1761932
1 6.5 211668826.94032815099 1782499
2 6.5 213638525.00214165449 1782034
3 6.5 217799389.75843301415 1779184
4 6.5 213230811.39236289263 1779024
5 6.5 211592852.18004459143 1785129
6 6.5 212428686.37728989124 1783006
7 6.5 212275354.00305446982 1763644
8 6.5 211469076.94152474403 1785612
9 6.5 214408764.3198004961 1786889
10 6.5 211486997.4914983809 1766113
11 6.5 211644533.09844911098 1785242
12 6.5 209096219.16013276577 1784358
13 6.5 215434754.29692801833 1784216
14 6.5 213899519.55744445324 1784421
15 6.5 217243851.15443584323 1781734
16 6.5 208146963.63832136989 1781080
17 6.5 211398072.00634729862 1766282
18 6.5 216476020.11668872833 1776554
19 6.5 215263884.10532325506 1781729
20 6.5 214771775.1128578186 1778351
21 6.5 212228445.08660697937 1788047
22 6.5 214511507.58519279957 1785676
23 6.5 214367575.5654438138 1787007
24 6.5 215699620.55553752184 1787651
25 6.5 209855830.7247595191 1786274
26 6.5 209533736.15617841482 1785605
27 6.5 215452476.69283476472 1783250
28 6.5 207910299.16107144952 1760564
29 6.5 213243559.45628288388 1782241
30 6.5 216277373.62057751417 1782591
31 6.5 212738557.20777457952 1783140
32 6.5 215615713.50322580338 1782505
33 6.5 213905835.23227506876 1778880
34 6.5 216641643.80719691515 1784597
35 6.5 211173884.77960559726 1785664
36 6.5 212730817.27529117465 1782177
37 6.5 215005731.46877932549 1783037
38 6.5 216523289.38134407997 1763815
39 6.5 214380464.29169094563 1782654
40 6.5 212929804.35335576534 1782444
41 6.5 212964144.21238234639 1777999
42 6.5 213840114.5373378098 1779723
43 6.5 209241568.23045268655 1784292
44 6.5 212660654.08990946412 1783462
45 6.5 208328412.1075527668 1778893
46 6.5 213972187.75947132707 1786535
47 6.5 214929662.20661699772 1783139
48 6.5 213966473.97629830241 1760889
49 6.5 213932438.0207285881 1783344
50 6.5 213161499.39534428716 1782300
51 6.5 216782307.158926934 1782714
52 6.5 214562903.42548546195 1782753
53 6.5 210019747.23162835836 1779670
54 6.5 214650824.39844429493 1781604
55 6.5 212380379.12613171339 1784371
56 6.5 210367575.20677468181 1781197
57 6.5 216524749.79883569479 1784418
58 6.5 213031403.56121215224 1775286
59 6.5 215393452.53720811009 1784237
60 6.5 214905313.41672536731 1783623
61 6.5 214636518.11523208022 1761319
62 6.5 209049675.09000638127 1781098
63 6.5 213860675.75965693593 1783039
64 6.5 217834137.1025300324 1780737
65 6.5 210616770.25677660108 1782148
66 6.5 208706485.27033236623 1778974
67 6.5 215521145.93658101559 1780802
68 6.5 212466710.98417615891 1780881
69 6.5 212846374.38421568274 1783269
70 6.5 212081825.08731818199 1778690
71 6.5 214740613.93994909525 1785989
72 6.5 213714696.76733699441 1782443
73 6.5 214282326.13882377744 1782949
74 6.5 214687677.37410366535 1781840
75 6.5 212761159.89678093791 1760012
76 6.5 210087900.6592913866 1780775
77 6.5 215103947.11955061555 1760807
78 6.5 208685872.86823964119 1802741
79 6.5 211894130.24389728904 1782769
80 6.5 215301690.88851156831 1764283
81 6.5 214889928.19578263164 1783523
82 6.5 213771362.79502022266 1782773
83 6.5 215527375.67651540041 1779535
84 6.5 212730245.53849464655 1782497
85 6.5 210850041.08046931028 1783250
86 6.5 215639373.34061333537 1782363
87 6.5 210132809.64616045356 1780180
88 6.5 210412240.12470835447 1781218
89 6.5 216020977.17421764135 1781568
90 6.5 213892251.4253847599 1783688
91 6.5 211299210.74454146624 1780504
92 6.5 214514458.15423455834 1765182
93 6.5 214312960.97178080678 1781477
94 6.5 211144956.10003712773 1782855
95 6.5 209331382.5858502388 1775822
96 6.5 212320240.12025460601 1785055
97 6.5 213500951.02999565005 1762568
98 6.5 209092338.80111810565 1783149
99 6.5 212775375.23647749424 1778619
% Edges = 7
0 7 212440952.05984076858 1943898
1 7 213989170.26155313849 1920372
2 7 217862984.83404865861 1919983
3 7 214428596.19153049588 1923900
4 7 216359697.70069161057 1927523
5 7 210142322.27928933501 1925301
6 7 213454699.8123049736 1927080
7 7 208134904.86977496743 1943859
8 7 213679416.94918364286 1928709
9 7 213305854.17949208617 1924566
10 7 212493523.095135957 1918648
11 7 216061760.96538698673 1922277
12 7 211064934.59389197826 1921864
13 7 213748145.99657219648 1919621
14 7 211759847.78384438157 1941024
15 7 213946953.87560865283 1912425
16 7 210252664.32542070746 1935270
17 7 208863045.32300794125 1926124
18 7 216108317.76356521249 1927017
19 7 213531406.10576719046 1928900
20 7 212091008.75681102276 1926405
21 7 212422823.08028817177 1921758
22 7 215083753.69892415404 1920898
23 7 214994630.2561416924 1920859
24 7 210378047.3739823103 1920141
25 7 215272061.61716663837 1919294
26 7 212020903.5763502419 1922174
27 7 216437241.46798220277 1903412
28 7 217751211.46148055792 1920250
29 7 212087859.7102099061 1920602
30 7 214319281.81730502844 1927938
31 7 212484552.64111870527 1924333
32 7 215299296.91383609176 1922964
33 7 213648541.92133653164 1922187
34 7 214326951.79759839177 1922889
35 7 212173851.37489798665 1922164
36 7 211258329.5197263062 1921703
37 7 209734480.66583773494 1940576
38 7 213041444.65322902799 1909797
39 7 213659706.10814607143 1932906
40 7 214759397.5506311059 1923413
41 7 210467950.08157506585 1923685
42 7 214285438.22493925691 1925247
43 7 209519661.70052462816 1924866
44 7 214177893.98422092199 1923035
45 7 214011510.93194997311 1924277
46 7 210701083.83230993152 1923853
47 7 212884086.13034594059 1925438
48 7 210020641.25946259499 1942088
49 7 209492721.23173797131 1922377
50 7 211260809.9155061841 1927291
51 7 212154083.10378947854 1925571
52 7 212819103.07502639294 1920742
53 7 213045278.93412947655 1928861
54 7 216339488.28167587519 1928580
55 7 216048877.17857518792 1926515
56 7 214523377.71588233113 1944471
57 7 211251654.67569664121 1926130
58 7 211027757.85492685437 1927233
59 7 211413156.04093888402 1923103
60 7 215707106.73548063636 1943410
61 7 212946413.80497908592 1928873
62 7 213759439.13860690594 1927461
63 7 214786962.56283307076 1922094
64 7 214704278.45113581419 1930220
65 7 212155814.26874560118 1929161
66 7 212991999.29145133495 1926316
67 7 213947926.15275552869 1926123
68 7 208340188.94242757559 1926635
69 7 211600564.42791044712 1945488
70 7 211816569.31206801534 1923319
71 7 213646700.46913024783 1944908
72 7 213154113.92528241873 1908007
73 7 213109647.05870750546 1941796
74 7 210223337.89398226142 1923344
75 7 213197081.40633186698 1925898
76 7 213618435.9710252583 1927839
77 7 213128985.1739332974 1923315
78 7 208628552.31499302387 1921156
79 7 210653102.99720981717 1921252
80 7 208839774.38078609109 1941508
81 7 215868424.47323790193 1920461
82 7 214343478.76497215033 1922765
83 7 213119748.96927884221 1907255
84 7 210801909.086917907 1940394
85 7 213702726.8539275527 1922345
86 7 214059904.11287584901 1925523
87 7 213328948.67807966471 1923830
88 7 215298947.34937343001 1921356
89 7 214161345.67035996914 1921145
90 7 211856235.37795680761 1922053
91 7 211460212.25277155638 1941748
92 7 214091886.9494510293 1923078
93 7 216585310.86924120784 1919120
94 7 210489632.26195040345 1927448
95 7 214201765.7961666286 1922511
96 7 213643931.23366552591 1923258
97 7 208374839.73942497373 1945600
98 7 213568315.62376236916 1925927
99 7 211322351.15256792307 1921889
% Edges = 7.5
0 7.5 213570757.34790271521 2060378
1 7.5 213264575.06097576022 2080742
2 7.5 211612909.39456433058 2062436
3 7.5 209689570.93676128983 2077631
4 7.5 211196873.6737600863 2060220
5 7.5 209884793.01441633701 2067044
6 7.5 216207062.26908496022 2064592
7 7.5 210407924.76950487494 2082162
8 7.5 214356904.82138866186 2070344
9 7.5 212228810.86837923527 2065084
10 7.5 212245893.47644293308 2081536
11 7.5 217393154.41548472643 2060187
12 7.5 212380437.27278408408 2081539
13 7.5 212430877.87226864696 2058346
14 7.5 211763537.91958084702 2082768
15 7.5 211441514.67076256871 2064888
16 7.5 214072248.04191038013 2061824
17 7.5 213330850.10783457756 2081691
18 7.5 217803685.4133964777 2068961
19 7.5 209832530.03351721168 2068230
20 7.5 216031274.46199181676 2084231
21 7.5 214015468.70948576927 2060294
22 7.5 210177860.65522533655 2080562
23 7.5 213438262.1682241559 2060847
24 7.5 212413324.09826663136 2079175
25 7.5 210745175.591185987 2065121
26 7.5 210620552.29000973701 2060345
27 7.5 214811382.68837246299 2076004
28 7.5 215093473.77264985442 2060846
29 7.5 209083191.48373267055 2064843
30 7.5 212903440.56326651573 2078476
31 7.5 213162969.59567955136 2059421
32 7.5 211874384.37831398845 2081206
33 7.5 214182174.07871729136 2059600
34 7.5 213070939.12663948536 2081544
35 7.5 209999340.13790202141 2064042
36 7.5 210803091.26702412963 2081120
37 7.5 213666717.74514326453 2056933
38 7.5 217081715.14481699467 2059450
39 7.5 212547486.43022993207 2084552
40 7.5 215688555.37967309356 2062057
41 7.5 209302898.0848621726 2060085
42 7.5 212348025.05525556207 2082182
43 7.5 209499347.20504933596 2059829
44 7.5 214091449.84752362967 2080265
45 7.5 209867265.81827604771 2067697
46 7.5 211247464.10275450349 2082666
47 7.5 214061929.83444434404 2057977
48 7.5 215510289.76970973611 2067256
49 7.5 216142730.3010982275 2065035
50 7.5 211987720.36716091633 2083342
51 7.5 215899712.86201441288 2061861
52 7.5 213496434.64473775029 2082929
53 7.5 212425037.08270278573 2062765
54 7.5 213023064.14322280884 2081319
55 7.5 214384085.95556339622 2069686
56 7.5 213264778.12569582462 2064742
57 7.5 212980558.40337461233 2080025
58 7.5 212947249.58960855007 2068184
59 7.5 212861515.25744882226 2069042
60 7.5 211651433.02893021703 2082203
61 7.5 212371946.53010612726 2063227
62 7.5 210834974.44986185431 2082917
63 7.5 211927993.35415291786 2060332
64 7.5 210851814.41304576397 2080380
65 7.5 211722476.11345851421 2065397
66 7.5 212359743.64443713427 2061529
67 7.5 211190000.82242926955 2082111
68 7.5 210330715.76726275682 2065052
69 7.5 205643373.70179855824 2059895
70 7.5 216628263.49350789189 2082685
71 7.5 214953151.03774100542 2060913
72 7.5 211920014.59627193213 2079998
73 7.5 214601002.10098150373 2059935
74 7.5 213662068.97440001369 2077812
75 7.5 212999661.6547844708 2063689
76 7.5 214844586.99002996087 2061069
77 7.5 214645140.42899164557 2076472
78 7.5 213794724.87744501233 2063980
79 7.5 207791714.42077860236 2060647
80 7.5 213780808.86377266049 2078740
81 7.5 214172717.50463932753 2059247
82 7.5 210111344.21738371253 2080330
83 7.5 213941624.44577857852 2057381
84 7.5 213337467.04393392801 2078333
85 7.5 212198737.46858224273 2064300
86 7.5 212677512.69700267911 2080940
87 7.5 214239474.00288289785 2060876
88 7.5 213656300.5746922791 2064444
89 7.5 211741685.73906645179 2062905
90 7.5 213003342.96230792999 2079970
91 7.5 213424375.71748203039 2058422
92 7.5 216648775.92219865322 2079423
93 7.5 214761062.32977932692 2056833
94 7.5 212660304.84931778908 2076487
95 7.5 212344527.27925550938 2066342
96 7.5 215131317.31849774718 2060797
97 7.5 211382252.86814153194 2075574
98 7.5 212843310.88623657823 2063970
99 7.5 213379074.5598064363 2063645
% Edges = 8
0 8 214366415.79992932081 2222091
1 8 211597753.13852491975 2223154
2 8 214091964.70903915167 2204899
3 8 214732069.66809225082 2221524
4 8 214678945.16621053219 2210229
5 8 213329266.2046482563 2217205
6 8 212000436.48903465271 2205057
7 8 210266556.75538367033 2225973
8 8 210192594.96900507808 2206118
9 8 212546672.14535203576 2222612
10 8 215926014.98100554943 2202935
11 8 213916383.87469011545 2221796
12 8 214035098.29338669777 2222101
13 8 210626347.25804117322 2205920
14 8 209734863.14355564117 2209990
15 8 213423243.54880070686 2221434
16 8 213043434.88493785262 2227253
17 8 215469439.16422465444 2207784
18 8 213490565.54075360298 2204184
19 8 215473323.58184483647 2221537
20 8 213153689.57446822524 2220757
21 8 211317709.87145280838 2202349
22 8 209698929.9456704855 2220626
23 8 213606726.9324144423 2208938
24 8 212904606.63779366016 2217608
25 8 215028821.69276568294 2219884
26 8 213074680.40232774615 2207243
27 8 214225082.90093395114 2230174
28 8 212576174.57997202873 2204421
29 8 214760255.72743883729 2220692
30 8 213230714.91790828109 2204044
31 8 212789847.86596882343 2222429
32 8 211046872.06102225184 2224368
33 8 217244606.19476085901 2208396
34 8 216362535.65141251683 2223329
35 8 213328512.19746026397 2211671
36 8 214499823.92830386758 2230874
37 8 209500798.13946673274 2208399
38 8 217657092.74473026395 2218624
39 8 215390366.45705834031 2204405
40 8 213510886.73649549484 2223716
41 8 213898793.608220011 2199238
42 8 214025546.00914058089 2226878
43 8 212824154.83642232418 2202159
44 8 215204825.97584331036 2227032
45 8 214878922.96177569032 2208809
46 8 210749087.06547787786 2226662
47 8 212245494.068790555 2200565
48 8 217125726.2684994936 2216819
49 8 216953315.10098829865 2220019
50 8 213374203.90658554435 2199105
51 8 215578184.07788383961 2219377
52 8 211265411.06384077668 2205809
53 8 210743821.49741688371 2217726
54 8 214419348.44745582342 2203732
55 8 211830179.59987923503 2225359
56 8 215001233.71271279454 2201943
57 8 216850809.48301202059 2217592
58 8 214304041.01098823547 2201168
59 8 210918087.64693045616 2220214
60 8 215270697.91487628222 2217639
61 8 212064057.43847081065 2205389
62 8 214434032.03367567062 2218711
63 8 212008533.61210721731 2205697
64 8 212300081.45596766472 2228497
65 8 208864727.91535902023 2205215
66 8 213586907.06504708529 2204545
67 8 208516872.24978920817 2222006
68 8 213679562.65902251005 2218209
69 8 214300047.00998976827 2200166
70 8 214290495.06530451775 2221515
71 8 215994841.65698316693 2225577
72 8 212841660.48243409395 2205572
73 8 214906559.59419858456 2230940
74 8 211145417.74119916558 2210227
75 8 211614284.84820351005 2208186
76 8 210553657.85179370642 2222598
77 8 210789558.57605990767 2222654
78 8 211523280.02864000201 2201896
79 8 208320661.32407444715 2221231
80 8 213630469.17207989097 2209426
81 8 213135762.13771045208 2223331
82 8 212577454.01623663306 2223417
83 8 212586476.03896290064 2208091
84 8 214227357.61776956916 2228069
85 8 213592533.826236099 2197422
86 8 215571543.98660096526 2218892
87 8 211998011.35015362501 2217790
88 8 211803959.28089314699 2198908
89 8 211176865.08787822723 2209031
90 8 214916145.59352061152 2214519
91 8 213484072.18755283952 2223087
92 8 212544440.74682110548 2206168
93 8 213622344.92037186027 2207203
94 8 210863826.00938743353 2223427
95 8 215822003.35239115357 2216944
96 8 210842234.56930980086 2202074
97 8 212637592.03961184621 2219647
98 8 214991189.44737353921 2217471
99 8 212953998.7655620873 2204534
% Edges = 8.5
0 8.5 213011697.46063309908 2360512
1 8.5 211865322.69141101837 2349068
2 8.5 212629825.3220487237 2371207
3 8.5 212592484.06164097786 2346679
4 8.5 209543153.22170519829 2359839
5 8.5 217587758.66238704324 2362310
6 8.5 212137610.39631736279 2359745
7 8.5 214206433.71219009161 2360469
8 8.5 214645653.03670707345 2347140
9 8.5 210469058.3503895998 2361732
10 8.5 212012111.07928371429 2362145
11 8.5 215716936.94925183058 2343906
12 8.5 210517053.13746109605 2362261
13 8.5 210461093.4087202847 2358918
14 8.5 211946602.17425343394 2365542
15 8.5 217351941.91167974472 2342585
16 8.5 213763298.54405421019 2363149
17 8.5 211339151.17468196154 2365488
18 8.5 213186383.44919851422 2363778
19 8.5 214042844.31021282077 2350249
20 8.5 216021063.00374376774 2369428
21 8.5 213302015.14781594276 2343076
22 8.5 216181466.88177806139 2359831
23 8.5 209929267.09540814161 2359015
24 8.5 213304457.8048824966 2358299
25 8.5 211314166.39257007837 2349984
26 8.5 208671790.34509161115 2354213
27 8.5 214109460.74887034297 2361991
28 8.5 212650527.24246788025 2345185
29 8.5 215714505.5949652493 2366138
30 8.5 212014702.50265967846 2342878
31 8.5 210980037.20265099406 2340912
32 8.5 212510229.6054238379 2359747
33 8.5 212978664.70198437572 2359243
34 8.5 213229675.21570396423 2347884
35 8.5 213481315.70600759983 2340754
36 8.5 210285689.28555849195 2362182
37 8.5 212145440.31669974327 2367098
38 8.5 211914619.6274587214 2347806
39 8.5 213758399.85502779484 2361704
40 8.5 215007479.21437498927 2361022
41 8.5 211018961.5609254837 2360375
42 8.5 211852579.84938514233 2359752
43 8.5 211369814.60875976086 2348610
44 8.5 213074075.62285295129 2363403
45 8.5 215862322.3169118464 2363894
46 8.5 212553431.67735278606 2348274
47 8.5 212956873.84321948886 2369176
48 8.5 214114422.93478196859 2342273
49 8.5 212591674.95268824697 2360457
50 8.5 212844386.31491044164 2362723
51 8.5 215415999.45838925242 2359739
52 8.5 215419854.1881930232 2347785
53 8.5 212505476.7831761539 2341588
54 8.5 214796978.83608868718 2365448
55 8.5 215324422.58063977957 2368438
56 8.5 212478850.47185245156 2344148
57 8.5 210960822.07055786252 2356773
58 8.5 212668472.60232874751 2359756
59 8.5 212750124.53428506851 2356078
60 8.5 215743813.69768986106 2338646
61 8.5 217707526.87996545434 2363552
62 8.5 211869610.99176028371 2360027
63 8.5 214136551.4913636148 2344435
64 8.5 210237125.50969335437 2373315
65 8.5 214915454.50561392307 2343089
66 8.5 214829205.51346921921 2357415
67 8.5 215522941.12461942434 2364372
68 8.5 213829765.98501995206 2360285
69 8.5 215451224.67788502574 2356091
70 8.5 211562604.30546748638 2346148
71 8.5 215320565.18931889534 2359869
72 8.5 212115057.73385575414 2364797
73 8.5 210791414.44553843141 2371078
74 8.5 213151295.39590847492 2343534
75 8.5 214610216.97014921904 2483543
76 8.5 214087270.86858433485 2395339
77 8.5 210326645.31001418829 2361930
78 8.5 214383339.07758235931 2353260
79 8.5 216100468.81500819325 2357395
80 8.5 214064732.94635534286 2366658
81 8.5 215581455.78019315004 2353183
82 8.5 215833079.861181885 2372248
83 8.5 211848751.44565942883 2364006
84 8.5 215859615.59439015388 2362585
85 8.5 213272421.11290454865 2341944
86 8.5 212999486.32984822989 2360431
87 8.5 213100455.88052073121 2365091
88 8.5 212473772.12715381384 2360860
89 8.5 215030009.74779105186 2365205
90 8.5 215281929.56568783522 2352987
91 8.5 216264757.45200645924 2366613
92 8.5 215338415.52161160111 2449294
93 8.5 211664911.47131222486 2413526
94 8.5 216699396.904445678 2375740
95 8.5 210304373.86571660638 2362493
96 8.5 214432325.91068631411 2363093
97 8.5 215885067.84847021103 2339164
98 8.5 208158011.05546441674 2365125
99 8.5 210570005.27565088868 2349071
% Edges = 9
0 9 214103641.58682149649 2510147
1 9 218222282.09993359447 2499530
2 9 214093455.57140529156 2503018
3 9 215214021.8574449718 2503851
4 9 209729079.54703816772 2503749
5 9 215154733.28853175044 2511900
6 9 213714714.35733130574 2504085
7 9 214138135.59232795238 2513132
8 9 210597961.42295706272 2489415
9 9 210577111.63670817018 2502839
10 9 210172864.03387671709 2501350
11 9 215354103.22301819921 2501003
12 9 211915730.86726900935 2499787
13 9 212792123.84593111277 2510576
14 9 215018281.24859446287 2506443
15 9 215311243.42382875085 2509170
16 9 210240622.3469671011 2511029
17 9 216911252.51678925753 2490557
18 9 211868956.22267952561 2507176
19 9 212899886.01879197359 2507453
20 9 216132106.59079015255 2504566
21 9 214106124.83540201187 2511552
22 9 214751515.64712101221 2506532
23 9 214389372.46261897683 2507314
24 9 212273251.44576460123 2515712
25 9 214114266.44261589646 2508654
26 9 214138673.54977780581 2503258
27 9 213596648.42155778408 2503007
28 9 214031682.39552277327 2498500
29 9 214589060.65525242686 2489113
30 9 211643147.75604498386 2501980
31 9 210597172.38785421848 2501869
32 9 215094945.89062407613 2509864
33 9 211014912.4626942873 2507914
34 9 214431766.00010970235 2501934
35 9 212300815.08982312679 2501088
36 9 209092685.72433155775 2497215
37 9 210420627.93901127577 2496600
38 9 215612113.74024528265 2490557
39 9 211545963.30773156881 2521130
40 9 214501437.7243411243 2490169
41 9 213614067.03428083658 2510127
42 9 214516775.53099772334 2502518
43 9 211585752.49796494842 2501735
44 9 213299182.14720347524 2504008
45 9 209606949.03199592233 2501341
46 9 209923453.07628408074 2510901
47 9 217052841.74977368116 2508012
48 9 213031155.85383912921 2493017
49 9 212654430.28361225128 2513512
50 9 216011646.98472103477 2512890
51 9 213345328.398940593 2502109
52 9 213194396.55014312267 2502967
53 9 210113203.18909186125 2497882
54 9 214686437.18456217647 2507369
55 9 213115308.19281759858 2503782
56 9 213180974.3098513782 2507267
57 9 215263541.91225326061 2510257
58 9 210410941.54903709888 2490204
59 9 213727633.24160793424 2516406
60 9 212026668.26408645511 2498068
61 9 213622326.12291643023 2498425
62 9 211692848.21021670103 2493557
63 9 215540976.99727547169 2502521
64 9 215224912.0314720571 2500280
65 9 216701242.36394578218 2511038
66 9 213054816.41858279705 2509168
67 9 213693010.30996283889 2500098
68 9 214768375.0907804966 2501610
69 9 212068562.93218025565 2498917
70 9 213565638.64669281244 2501332
71 9 213662210.13686650991 2509675
72 9 214511913.87686210871 2505237
73 9 212100320.68391409516 2515506
74 9 211209899.10578456521 2492672
75 9 213120146.59789341688 2506142
76 9 211926546.41147622466 2503214
77 9 217237238.78980153799 2518134
78 9 213432505.01308697462 2501148
79 9 213380452.89484852552 2492267
80 9 209522094.2100251615 2504325
81 9 213479946.61334887147 2504945
82 9 213083836.72260949016 2513054
83 9 213859504.68833458424 2500387
84 9 212217426.90339136124 2498602
85 9 216102713.96346896887 2496707
86 9 214242583.35462638736 2500479
87 9 212457222.08771288395 2507295
88 9 213201951.12422683835 2498722
89 9 215212402.38318389654 2505225
90 9 210881335.67421856523 2509864
91 9 214044411.8451217711 2499023
92 9 212449160.97941049933 2496821
93 9 215023190.6896866262 2497505
94 9 214331301.12114426494 2497494
95 9 211053099.65802529454 2508748
96 9 214168008.93671488762 2502404
97 9 213460510.62962701917 2511679
98 9 209848992.77133229375 2492768
99 9 213678397.80045467615 2506839
% Edges = 9.5
0 9.5 214813923.77069729567 2657495
1 9.5 213324948.03133124113 2643774
2 9.5 212435564.68511679769 2643877
3 9.5 210210789.06494119763 2653655
4 9.5 209347693.4541849494 2641434
5 9.5 213349551.12052154541 2647945
6 9.5 212383672.95341935754 2652114
7 9.5 215741594.13132536411 2654766
8 9.5 213771525.62439370155 2640507
9 9.5 212054216.61688551307 2644334
10 9.5 210531986.36026117206 2674452
11 9.5 212939677.42813074589 2662600
12 9.5 213208867.27219772339 2682214
13 9.5 213186363.75293391943 2653525
14 9.5 213495148.3052521944 2687395
15 9.5 215424431.22160160542 2680430
16 9.5 213700116.7200178504 2662786
17 9.5 212188124.02224811912 2673293
18 9.5 211382584.82975491881 2645124
19 9.5 214906407.38300037384 2636998
20 9.5 213980242.8693215549 2638854
21 9.5 216118676.50947353244 2643677
22 9.5 213168014.71015432477 2637891
23 9.5 212443507.13774415851 2646905
24 9.5 212654957.69629481435 2649212
25 9.5 212752571.71698245406 2640632
26 9.5 209810243.15240103006 2650844
27 9.5 212492485.98519572616 2629094
28 9.5 211893984.80663970113 2633425
29 9.5 215052922.05158701539 2651078
30 9.5 214249692.39666670561 2650670
31 9.5 212515290.44352066517 2647542
32 9.5 213221650.50858598948 2623564
33 9.5 215244382.88494005799 2652055
34 9.5 214772534.90164032578 2629269
35 9.5 211389654.04732102156 2639603
36 9.5 216877130.62090447545 2675162
37 9.5 211892988.33238816261 2675911
38 9.5 216519558.47532340884 2673411
39 9.5 215177130.6741425097 2670970
40 9.5 211492104.1907260716 2670194
41 9.5 212509411.03605940938 2665331
42 9.5 214724364.97611895204 2664308
43 9.5 213848173.33680182695 2674485
44 9.5 214910401.72992482781 2675181
45 9.5 213914686.68404382467 2678893
46 9.5 211777139.26687499881 2670109
47 9.5 214102450.2465326786 2673613
48 9.5 212657919.21488088369 2662337
49 9.5 213223588.20710888505 2660477
50 9.5 211535085.87127864361 2676189
51 9.5 209228051.45839065313 2675628
52 9.5 212762809.72904717922 2669783
53 9.5 213765307.36576706171 2675025
54 9.5 213070617.17058283091 2663241
55 9.5 212915736.33910027146 2677450
56 9.5 214111249.00117576122 2659840
57 9.5 213328865.03740486503 2674854
58 9.5 215813981.41155940294 2673825
59 9.5 212262511.29834619164 2665823
60 9.5 214681193.02743589878 2663549
61 9.5 211600217.12525013089 2679932
62 9.5 216568131.22154679894 2660975
63 9.5 214307138.76941782236 2660670
64 9.5 211192777.46989822388 2676201
65 9.5 212555868.06132563949 2673548
66 9.5 211505713.75006437302 2665806
67 9.5 211142278.41827759147 2679197
68 9.5 212125607.48423960805 2658710
69 9.5 209902826.52356821299 2661982
70 9.5 211624345.39113014936 2677570
71 9.5 209867009.13011232018 2673086
72 9.5 213914989.32529506087 2674176
73 9.5 216050648.82649889588 2671589
74 9.5 211576508.11927860975 2681419
75 9.5 212254907.61019900441 2680332
76 9.5 213388915.04461714625 2659792
77 9.5 213211560.89805322886 2689401
78 9.5 215245240.0595228374 2685315
79 9.5 213793659.94043105841 2675470
80 9.5 214243974.2380143404 2655935
81 9.5 212727401.04644760489 2674866
82 9.5 215317356.09826800227 2661891
83 9.5 212272227.20486882329 2676324
84 9.5 212070925.93604978919 2674980
85 9.5 210680437.36199918389 2674468
86 9.5 210644862.74611625075 2657822
87 9.5 214660436.25274944305 2670278
88 9.5 217406589.9701602757 2677463
89 9.5 212513084.30780106783 2661809
90 9.5 214288105.78675121069 2659041
91 9.5 213301863.32332700491 2677703
92 9.5 211442677.35088035464 2674456
93 9.5 215057797.79750311375 2671730
94 9.5 213592480.01776406169 2677492
95 9.5 215969885.37619623542 2665813
96 9.5 212246256.54366973042 2662270
97 9.5 212325987.55661606789 2679122
98 9.5 210200750.65001389384 2678270
99 9.5 210274322.80654194951 2674294
% Edges = 10
0 10 214706588.5259758234 2815532
1 10 211176778.14366543293 2812164
2 10 210730142.95089119673 2828791
3 10 217149627.93928852677 2807717
4 10 215544946.46035462618 2805572
5 10 210958383.03518566489 2838630
6 10 212492538.7422093451 2824162
7 10 209483987.9623709023 2833352
8 10 213545105.72984030843 2821439
9 10 211679266.28665474057 2807212
10 10 212250077.71623283625 2823667
11 10 214357851.77825820446 2821684
12 10 212006215.31752985716 2821449
13 10 210673893.16092315316 2813792
14 10 210357510.59350368381 2827334
15 10 214086102.83746233582 2843759
16 10 211249209.52636426687 2851576
17 10 214769467.00996673107 2820616
18 10 212056181.67533841729 2823333
19 10 213247927.7846814096 2821516
20 10 213285485.27080532908 2816375
21 10 211733420.01252856851 2825093
22 10 211365872.62691062689 2811067
23 10 210212246.56959545612 2834762
24 10 217757415.40265727043 2822965
25 10 213805532.34036940336 2823162
26 10 211319922.19269230962 2814220
27 10 212528165.35459673405 2828865
28 10 211293588.03485187888 2809502
29 10 210094583.62497612834 2824862
30 10 216578747.17113339901 2805281
31 10 214702116.27740955353 2837975
32 10 214704667.20046654344 2806108
33 10 211592252.73791030049 2821080
34 10 210896264.90561363101 2819857
35 10 213778092.1084189415 2826874
36 10 213177395.5998069942 2808449
37 10 214039947.96036058664 2821430
38 10 214837917.52239724994 2839739
39 10 215473423.64782807231 2814128
40 10 213600804.83020371199 2810277
41 10 213870631.55926218629 2826118
42 10 212659606.79209148884 2810371
43 10 211845335.06995293498 2823842
44 10 210858741.08409801126 2822840
45 10 211650395.46310541034 2821287
46 10 212192445.43842178583 2833596
47 10 211983585.7376844883 2820059
48 10 216738007.76303991675 2812053
49 10 213094782.67655080557 2825463
50 10 218074995.39583095908 2821210
51 10 215354204.67268937826 2822908
52 10 213182098.60843318701 2812831
53 10 214440300.57854142785 2827192
54 10 212628518.59356206656 2813831
55 10 210115928.76892697811 2826562
56 10 211282924.39030015469 2824917
57 10 213664197.85075688362 2825005
58 10 211774451.31053382158 2825312
59 10 212220314.82691979408 2824037
60 10 212970135.7258451879 2829038
61 10 210361714.45690050721 2812008
62 10 210945088.46496468782 2825465
63 10 214321442.26139768958 2825977
64 10 214308582.9259429872 2824492
65 10 210546906.61471155286 2818081
66 10 213920966.53810065985 2831155
67 10 213406661.72148025036 2816277
68 10 214370607.57941058278 2830959
69 10 211980356.30861231685 2810229
70 10 210622530.5671133399 2841280
71 10 217150072.39936891198 2825177
72 10 210589519.8567328155 2823549
73 10 211027217.68584731221 2822651
74 10 214689660.34550568461 2812424
75 10 214201079.5827152729 2830238
76 10 213044539.61702626944 2826872
77 10 211653652.47557467222 2829233
78 10 211377808.5802013576 2841045
79 10 210426075.5441300869 2814864
80 10 216128942.59081438184 2835430
81 10 213134227.9982880652 2817274
82 10 212613612.75150614977 2828777
83 10 213672405.77313151956 2829935
84 10 211688903.34673038125 2830246
85 10 210614839.96311372519 2826704
86 10 215205461.26126611233 2831867
87 10 214155110.5186715126 2831593
88 10 214565991.02941137552 2818306
89 10 212402187.01556816697 2827521
90 10 213388704.33186140656 2830549
91 10 211649061.02299520373 2844314
92 10 213394413.30912843347 2813348
93 10 213771851.14084285498 2832846
94 10 214604425.05424797535 2816784
95 10 213695939.17475098372 2841672
96 10 211881699.50710123777 2813419
97 10 213342478.07138687372 2830506
98 10 212543067.82714116573 2816253
99 10 213620618.1922750771 2826975
