% Edges = 0.1
0 0.1 0 12019
1 0.10000000149011611938 3740954484.3525557518 10582
2 0.10000000149011611938 0 10464
3 0.10000000149011611938 0 25109
4 0.10000000149011611938 0 11565
5 0.10000000149011611938 0 10591
6 0.10000000149011611938 0 10462
7 0.10000000149011611938 0 10339
8 0.10000000149011611938 0 10325
9 0.10000000149011611938 0 10218
10 0.10000000149011611938 0 10256
11 0.10000000149011611938 0 10244
12 0.10000000149011611938 0 10238
13 0.10000000149011611938 0 10239
14 0.10000000149011611938 1895938465.8415813446 10186
15 0.10000000149011611938 0 10219
16 0.10000000149011611938 0 10224
17 0.10000000149011611938 0 10174
18 0.10000000149011611938 2715224521.1641907692 10174
19 0.10000000149011611938 2534037518.921274662 10196
20 0.10000000149011611938 0 10244
21 0.10000000149011611938 0 10125
22 0.10000000149011611938 0 10186
23 0.10000000149011611938 0 10165
24 0.10000000149011611938 0 10110
25 0.10000000149011611938 0 10122
26 0.10000000149011611938 0 10176
27 0.10000000149011611938 5166204704.5973205566 10227
28 0.10000000149011611938 0 10193
29 0.10000000149011611938 0 10221
30 0.10000000149011611938 0 10246
31 0.10000000149011611938 0 10166
32 0.10000000149011611938 0 10210
33 0.10000000149011611938 2499757571.5326943398 10225
34 0.10000000149011611938 0 10151
35 0.10000000149011611938 0 10174
36 0.10000000149011611938 0 10182
37 0.10000000149011611938 0 10274
38 0.10000000149011611938 0 10185
39 0.10000000149011611938 0 10231
40 0.10000000149011611938 6983612190.7834558487 10222
41 0.10000000149011611938 0 10203
42 0.10000000149011611938 0 10197
43 0.10000000149011611938 0 10195
44 0.10000000149011611938 0 10153
45 0.10000000149011611938 0 10162
46 0.10000000149011611938 0 10170
47 0.10000000149011611938 0 10163
48 0.10000000149011611938 0 10104
49 0.10000000149011611938 0 10167
50 0.10000000149011611938 0 10181
51 0.10000000149011611938 2672885083.3713383675 10101
52 0.10000000149011611938 0 10210
53 0.10000000149011611938 1795233772.4169504642 10158
54 0.10000000149011611938 0 10161
55 0.10000000149011611938 0 10052
56 0.10000000149011611938 0 10173
57 0.10000000149011611938 0 10068
58 0.10000000149011611938 0 10038
59 0.10000000149011611938 0 10132
60 0.10000000149011611938 0 10138
61 0.10000000149011611938 0 10117
62 0.10000000149011611938 0 10087
63 0.10000000149011611938 0 10075
64 0.10000000149011611938 0 10088
65 0.10000000149011611938 0 10094
66 0.10000000149011611938 2840954095.927526474 10135
67 0.10000000149011611938 0 10154
68 0.10000000149011611938 0 10076
69 0.10000000149011611938 0 10187
70 0.10000000149011611938 0 24886
71 0.10000000149011611938 0 11423
72 0.10000000149011611938 0 10420
73 0.10000000149011611938 3417375378.7755908966 10324
74 0.10000000149011611938 6432383135.1788883209 10244
75 0.10000000149011611938 0 10271
76 0.10000000149011611938 0 10270
77 0.10000000149011611938 0 10201
78 0.10000000149011611938 0 10134
79 0.10000000149011611938 0 10079
80 0.10000000149011611938 0 10047
81 0.10000000149011611938 0 10200
82 0.10000000149011611938 2612960169.9532084465 10207
83 0.10000000149011611938 0 10216
84 0.10000000149011611938 0 10146
85 0.10000000149011611938 0 10099
86 0.10000000149011611938 0 10064
87 0.10000000149011611938 3097618907.7974715233 10102
88 0.10000000149011611938 0 10135
89 0.10000000149011611938 3022894363.9284644127 10153
90 0.10000000149011611938 1956680600.7610254288 10081
91 0.10000000149011611938 3362334623.8697667122 10106
92 0.10000000149011611938 2972971675.1430878639 10135
93 0.10000000149011611938 0 10051
94 0.10000000149011611938 0 10216
95 0.10000000149011611938 0 10069
96 0.10000000149011611938 3711163285.910217762 10081
97 0.10000000149011611938 0 10078
98 0.10000000149011611938 3496954957.159740448 10122
99 0.10000000149011611938 0 10139
% Edges = 0.25
0 0.25 1483623889.8778457642 29745
1 0.25 0 30506
2 0.25 2293045218.6487936974 30468
3 0.25 1242835762.6971325874 30492
4 0.25 0 30471
5 0.25 2176722695.8540611267 30564
6 0.25 0 30447
7 0.25 0 30716
8 0.25 1532542896.3577270508 30554
9 0.25 0 30498
10 0.25 1247118027.2359251976 30498
11 0.25 2312034250.3682818413 30497
12 0.25 0 45793
13 0.25 1209627465.7347102165 30748
14 0.25 0 30654
15 0.25 2245653521.0198845863 30628
16 0.25 1511168472.0917861462 30606
17 0.25 1233803770.8230717182 30616
18 0.25 0 30638
19 0.25 2809912565.9384655952 30478
20 0.25 1222181567.8422787189 30489
21 0.25 3588858682.5628089905 30416
22 0.25 1332860662.5937855244 30586
23 0.25 1032672961.0114777088 30649
24 0.25 0 30436
25 0.25 1074509419.358322382 30756
26 0.25 0 30470
27 0.25 1149353814.3618812561 30691
28 0.25 0 30541
29 0.25 0 30525
30 0.25 0 30593
31 0.25 1175185349.4758069515 30594
32 0.25 1328016586.1245856285 30546
33 0.25 0 30649
34 0.25 981054918.61030697823 43988
35 0.25 0 31019
36 0.25 0 30510
37 0.25 0 30486
38 0.25 3291968908.3448047638 30674
39 0.25 0 30518
40 0.25 0 30412
41 0.25 0 30580
42 0.25 0 30647
43 0.25 1083002278.1222138405 30637
44 0.25 0 30547
45 0.25 1359365943.6147742271 30397
46 0.25 0 30599
47 0.25 1373444348.6241703033 30563
48 0.25 0 30653
49 0.25 1040920166.3597998619 30583
50 0.25 2795990234.7128024101 30418
51 0.25 0 30541
52 0.25 0 30562
53 0.25 0 30546
54 0.25 0 30629
55 0.25 0 30462
56 0.25 1172536721.5428445339 30562
57 0.25 0 45025
58 0.25 1248456261.3545041084 30690
59 0.25 0 30654
60 0.25 1063248340.2016071081 30694
61 0.25 0 30507
62 0.25 0 30565
63 0.25 1192783570.5371277332 30478
64 0.25 0 30593
65 0.25 0 30427
66 0.25 0 30529
67 0.25 0 30384
68 0.25 1100417982.9036295414 30667
69 0.25 0 30585
70 0.25 0 30602
71 0.25 1180436390.3215389252 30516
72 0.25 2600058269.0186595917 30557
73 0.25 1095058662.3740551472 30636
74 0.25 1017722028.595506072 30730
75 0.25 2274506478.7052636147 30575
76 0.25 0 30438
77 0.25 1348630134.6568491459 30532
78 0.25 0 30630
79 0.25 1233367221.741215229 45788
80 0.25 2631826049.8216834068 30606
81 0.25 1006272977.7825191021 30579
82 0.25 0 30557
83 0.25 1136410954.2284862995 30534
84 0.25 1273615789.6157081127 30575
85 0.25 0 30493
86 0.25 1313887987.4395141602 30581
87 0.25 1980278541.3493211269 30536
88 0.25 922890434.20556259155 30490
89 0.25 0 30616
90 0.25 0 30681
91 0.25 0 30571
92 0.25 0 30591
93 0.25 0 30583
94 0.25 0 30515
95 0.25 2560878215.1394786835 30560
96 0.25 0 30564
97 0.25 2156817461.9008512497 30462
98 0.25 1123022866.6967749596 30421
99 0.25 0 30708
% Edges = 0.5
0 0.5 574802991.99060058594 92025
1 0.5 1909601957.6387934685 84707
2 0.5 0 84749
3 0.5 1823614797.1253764629 85131
4 0.5 1241464202.6095860004 85114
5 0.5 1179699386.9075698853 84942
6 0.5 646304922.63539946079 84857
7 0.5 0 84890
8 0.5 660800952.33985567093 100988
9 0.5 1873215843.0557906628 85007
10 0.5 603806557.83734989166 84930
11 0.5 1098225416.721932888 85032
12 0.5 638244753.14458751678 84997
13 0.5 594981176.26354694366 85154
14 0.5 642448791.66581726074 84808
15 0.5 635774883.93826639652 84990
16 0.5 620487965.72896194458 100570
17 0.5 620671690.0743418932 84802
18 0.5 1369999438.0857644081 84937
19 0.5 0 85179
20 0.5 573896763.64192140102 85036
21 0.5 1277095370.2858126163 84870
22 0.5 1112301548.8422691822 85275
23 0.5 1170555916.6036248207 84994
24 0.5 571663831.77621030807 99219
25 0.5 0 84957
26 0.5 633976308.41708731651 84993
27 0.5 1215097804.4549884796 84837
28 0.5 0 84762
29 0.5 652080096.88475811481 85105
30 0.5 0 85062
31 0.5 1136150095.7587821484 84806
32 0.5 0 89958
33 0.5 611712314.17840588093 85095
34 0.5 0 84727
35 0.5 1291602082.7437438965 84975
36 0.5 576379430.85180521011 84787
37 0.5 0 95315
38 0.5 0 84899
39 0.5 601537637.57904219627 84926
40 0.5 1645469184.077501297 84945
41 0.5 1759567618.0374155045 85190
42 0.5 1109392410.8015758991 85015
43 0.5 1601530506.2282066345 98508
44 0.5 632954215.57714033127 84734
45 0.5 0 85381
46 0.5 1154739519.7007920742 85144
47 0.5 0 85412
48 0.5 549881919.28760278225 84668
49 0.5 590272608.20364868641 84946
50 0.5 0 84717
51 0.5 0 100976
52 0.5 1208184902.9722969532 84966
53 0.5 1040914567.4946374893 84951
54 0.5 579565330.69035470486 84953
55 0.5 1601801455.2936093807 84902
56 0.5 660715722.35091567039 85097
57 0.5 0 85013
58 0.5 613119398.99396371841 84939
59 0.5 674102350.09661650658 101229
60 0.5 0 84982
61 0.5 0 85069
62 0.5 643052819.88719558716 85148
63 0.5 592840149.02622568607 84898
64 0.5 0 85068
65 0.5 582552822.22626340389 84707
66 0.5 686990279.38011193275 84992
67 0.5 600619744.15402090549 99839
68 0.5 1718993688.2784147263 85101
69 0.5 570840637.38605582714 84985
70 0.5 0 84982
71 0.5 572633515.5643427372 85085
72 0.5 1177525442.1907169819 84944
73 0.5 600350553.03613328934 84790
74 0.5 654657623.47938811779 85095
75 0.5 1078465491.7200603485 95357
76 0.5 625744332.33590483665 85262
77 0.5 1399015620.6254072189 84867
78 0.5 647322778.25498187542 84991
79 0.5 1257335875.9257500172 100098
80 0.5 0 84971
81 0.5 592529915.78788530827 84860
82 0.5 0 84690
83 0.5 1222117329.7766661644 84909
84 0.5 1075711322.638204813 85398
85 0.5 0 98101
86 0.5 725733341.62106704712 84835
87 0.5 547411879.55161869526 85142
88 0.5 728077230.74452340603 84994
89 0.5 2104973827.3539581299 84969
90 0.5 607697485.05952012539 94514
91 0.5 944460452.15704023838 84784
92 0.5 0 85154
93 0.5 654586249.67528915405 84929
94 0.5 0 97633
95 0.5 545994360.32340562344 85022
96 0.5 0 84785
97 0.5 0 84916
98 0.5 584390158.90957951546 85032
99 0.5 616919037.01714801788 85128
% Edges = 0.75
0 0.75 361541173.52398979664 142553
1 0.75 782717780.65846002102 134406
2 0.75 869396138.25555276871 126112
3 0.75 0 143525
4 0.75 430045651.19747453928 126600
5 0.75 0 123616
6 0.75 1099579319.8380248547 123369
7 0.75 368239847.48616790771 139347
8 0.75 0 123135
9 0.75 807462628.90398108959 123490
10 0.75 736606215.87197041512 123519
11 0.75 784430216.33036506176 137089
12 0.75 415496543.93317347765 123422
13 0.75 403839920.71688383818 123205
14 0.75 0 123274
15 0.75 0 136636
16 0.75 925776335.45007443428 123238
17 0.75 394898645.5451617837 123131
18 0.75 410834164.89374768734 123454
19 0.75 826091357.98310732841 136451
20 0.75 376902411.7745065093 123182
21 0.75 853339274.61942923069 123197
22 0.75 388833365.12681788206 123595
23 0.75 414062993.35870307684 136398
24 0.75 820119532.5826472044 123205
25 0.75 774727835.59660339355 123293
26 0.75 1508909290.1110424995 139281
27 0.75 1192659584.0009346008 123629
28 0.75 879634318.67272078991 123679
29 0.75 856174907.60525548458 123471
30 0.75 797443122.17961370945 139871
31 0.75 390004884.7242731452 123294
32 0.75 766365759.37359309196 123275
33 0.75 1314541884.4180538654 123550
34 0.75 889689158.12191569805 139325
35 0.75 0 123262
36 0.75 1670257498.7027561665 123315
37 0.75 1220518740.3439826965 123299
38 0.75 390293424.62669944763 138104
39 0.75 0 123780
40 0.75 374725540.07973474264 123504
41 0.75 0 123231
42 0.75 0 136660
43 0.75 787053682.30839776993 123189
44 0.75 1642454305.1591978073 123268
45 0.75 1351094459.3640084267 123307
46 0.75 1867457348.851578474 134187
47 0.75 401972863.20069605112 123444
48 0.75 358981674.64899176359 122997
49 0.75 379524009.70871025324 128805
50 0.75 0 136237
51 0.75 0 123331
52 0.75 378373161.39802604914 123286
53 0.75 870467498.69140434265 123591
54 0.75 0 137650
55 0.75 866283462.14807057381 123041
56 0.75 380719164.20580023527 123724
57 0.75 410150966.29540520906 123378
58 0.75 1676843335.4106223583 140086
59 0.75 1153784752.3531289101 123138
60 0.75 1143453636.2473855019 123552
61 0.75 787893745.37909018993 123414
62 0.75 1197006137.5605649948 138913
63 0.75 394471622.05234032869 123559
64 0.75 406203941.56774151325 123388
65 0.75 0 123290
66 0.75 1243900895.6962780952 137256
67 0.75 375770558.88745576143 123108
68 0.75 1547173803.0248584747 123441
69 0.75 1064774317.3391444683 123353
70 0.75 405232094.05486315489 130135
71 0.75 383986412.79774349928 123507
72 0.75 1455915207.9108738899 138562
73 0.75 817561320.43874800205 123388
74 0.75 434301751.71136391163 123269
75 0.75 755387791.65905809402 123434
76 0.75 0 123372
77 0.75 861010883.83353078365 136838
78 0.75 854198963.14467442036 123380
79 0.75 0 123284
80 0.75 0 123298
81 0.75 0 123267
82 0.75 413870006.7878151536 132646
83 0.75 0 123344
84 0.75 1355960453.7523863316 123258
85 0.75 0 136268
86 0.75 881149328.67039179802 123482
87 0.75 866859434.07780969143 123258
88 0.75 801761705.31097459793 123263
89 0.75 407162175.81258398294 123462
90 0.75 0 130889
91 0.75 832560362.65792107582 123194
92 0.75 410276662.19456928968 123384
93 0.75 399009250.30064094067 131867
94 0.75 386237186.14889520407 123685
95 0.75 1479196303.5319619179 137771
96 0.75 1451266296.181096077 123240
97 0.75 412357498.34944963455 123418
98 0.75 2030834674.9329857826 123213
99 0.75 1167478054.9159493446 123294
% Edges = 1
0 1 868634064.90646839142 188249
1 1 1225684162.5604245663 164917
2 1 2006010376.9781374931 169618
3 1 285100642.3036262989 185995
4 1 301492085.84300082922 169742
5 1 2135825901.1111090183 169745
6 1 1264551691.905039072 170048
7 1 289256466.09615683556 183527
8 1 594767826.73700010777 169900
9 1 856031565.66616415977 170194
10 1 577331110.31394612789 186827
11 1 316185385.63360118866 170138
12 1 322054063.44250440598 169710
13 1 823588540.9636234045 170277
14 1 867323756.42803382874 183782
15 1 572725368.15518808365 169846
16 1 0 169810
17 1 308981063.13637036085 185300
18 1 1354292701.1121361256 169687
19 1 307511370.57254827023 169725
20 1 613044366.8519743681 186401
21 1 314550532.07212680578 169785
22 1 2054166295.0183925629 170114
23 1 1231172820.5915715694 169677
24 1 292657798.81743580103 183499
25 1 587744665.90224218369 170282
26 1 0 170222
27 1 1178224126.3801567554 186670
28 1 620864413.99619114399 169955
29 1 325922715.74754267931 170155
30 1 0 169928
31 1 937478324.50848054886 183564
32 1 621572570.35820484161 169679
33 1 603900302.66449308395 169647
34 1 597388324.53015100956 181756
35 1 895476929.33555626869 169583
36 1 295369134.40735650063 169641
37 1 904731062.26480960846 174861
38 1 302641079.15451455116 169598
39 1 949099598.44310355186 182758
40 1 578138697.72952592373 170142
41 1 611299885.2027015686 169882
42 1 314356854.99777567387 183963
43 1 1393024289.9677686691 170162
44 1 641713026.47553646564 169844
45 1 1778853338.2169103622 186457
46 1 308581753.64756494761 169371
47 1 880504973.73237109184 170093
48 1 606360966.24967896938 169933
49 1 894956637.96097946167 183879
50 1 592479744.01441442966 169939
51 1 828277574.81253838539 169969
52 1 1203367124.0150957108 210204
53 1 899409654.36735248566 170996
54 1 1237353227.5938282013 170910
55 1 0 177269
56 1 602818748.67768633366 170933
57 1 979616333.23883914948 171492
58 1 910912836.63466894627 186039
59 1 969954672.253439188 171207
60 1 1571033953.4074516296 170563
61 1 295068639.28364306688 170288
62 1 1246424038.7738957405 183808
63 1 305095523.85048258305 170271
64 1 0 170677
65 1 0 170511
66 1 0 180010
67 1 295910909.27910012007 170349
68 1 0 170809
69 1 630656256.86268091202 183706
70 1 902936414.00315690041 171049
71 1 1186178701.3045244217 170533
72 1 543150660.73506331444 170693
73 1 571907337.65274643898 178575
74 1 1273980766.1226332188 171093
75 1 609486644.34553587437 170815
76 1 582986628.07304787636 178200
77 1 608700432.56875264645 170292
78 1 305608260.8973724246 187993
79 1 908517685.58425247669 170677
80 1 615027751.03994345665 170655
81 1 576230786.83452045918 170589
82 1 0 187539
83 1 585703357.36704850197 170774
84 1 644419466.72780716419 170614
85 1 0 170293
86 1 893579577.38406980038 187286
87 1 909397259.56138205528 170269
88 1 295464056.8374787569 170531
89 1 1180476668.0164241791 170733
90 1 926672169.06139540672 187527
91 1 701082045.20981693268 171102
92 1 922308654.33037018776 170615
93 1 300323531.93691986799 170856
94 1 574809648.36067974567 187511
95 1 296593477.45306622982 170833
96 1 1490635126.8201539516 170733
97 1 300232312.66205149889 170695
98 1 620815038.23560643196 187090
99 1 320607636.59487056732 170295
% Edges = 1.25
0 1.25 0 228396
1 1.25 715167344.70971548557 241868
2 1.25 1245646395.2508101463 256475
3 1.25 1001717457.7989382744 242003
4 1.25 1403314439.6377825737 258404
5 1.25 748917659.24121260643 242111
6 1.25 973296096.64686954021 241984
7 1.25 1231596460.0260269642 258541
8 1.25 496095526.192717731 241502
9 1.25 235203022.90564718843 242016
10 1.25 0 256684
11 1.25 1333366951.923593998 242075
12 1.25 731425860.26081871986 241934
13 1.25 965497750.66979539394 255752
14 1.25 1253282659.4146184921 241746
15 1.25 793215446.21071624756 242061
16 1.25 245082145.82616430521 253986
17 1.25 494797602.87719595432 241480
18 1.25 237526940.79829847813 246945
19 1.25 499943499.38417261839 242009
20 1.25 991710079.43642294407 254062
21 1.25 218101157.87095907331 241671
22 1.25 1249745972.7468202114 241324
23 1.25 988493881.42440593243 254812
24 1.25 777029802.96883964539 241163
25 1.25 704398410.51487314701 257779
26 1.25 226703021.35108453035 241358
27 1.25 512996642.51999396086 241578
28 1.25 987379634.17770075798 258663
29 1.25 478592007.48527050018 241764
30 1.25 710393808.05589365959 241361
31 1.25 471242507.67763274908 256053
32 1.25 743454040.62452983856 241549
33 1.25 463118427.61325412989 241660
34 1.25 1295746922.0879569054 248161
35 1.25 688324253.09941315651 241280
36 1.25 237145689.80946588516 241216
37 1.25 463820094.18977993727 256212
38 1.25 888196835.78642642498 241695
39 1.25 0 241996
40 1.25 494193733.88482475281 254730
41 1.25 748920240.70322358608 241571
42 1.25 942516933.36774492264 250848
43 1.25 478882915.9202311039 241279
44 1.25 245873663.13128319383 241526
45 1.25 500556709.90336757898 254126
46 1.25 242851240.06708905101 241449
47 1.25 737432230.28745138645 241716
48 1.25 739315460.31301808357 248958
49 1.25 485285257.46697574854 280039
50 1.25 729555495.70102596283 240965
51 1.25 764436940.04742968082 258008
52 1.25 250728773.22924226522 240923
53 1.25 237196539.24481633306 241305
54 1.25 480213096.35291481018 254750
55 1.25 1030964197.6676639318 240798
56 1.25 478139594.54264175892 240876
57 1.25 515803804.20793563128 255406
58 1.25 486973778.34556639194 241176
59 1.25 668994373.75654459 241045
60 1.25 1301308220.0110690594 255524
61 1.25 737262492.94239509106 241556
62 1.25 970366774.95853185654 257376
63 1.25 515378851.99626708031 241341
64 1.25 1219420554.5264382362 240844
65 1.25 239642083.6631475091 257739
66 1.25 721098818.81453275681 241364
67 1.25 538232553.87673640251 241369
68 1.25 473944129.83169072866 256774
69 1.25 481167155.34615504742 240865
70 1.25 1940324397.6230854988 240966
71 1.25 958304050.16395390034 254754
72 1.25 515410511.33030456305 241233
73 1.25 984813214.26073789597 241108
74 1.25 699668502.36484932899 255210
75 1.25 744576086.19615507126 241098
76 1.25 956658584.31644070148 256325
77 1.25 1015310154.0128958225 241115
78 1.25 983495014.59803962708 241029
79 1.25 1809172306.3211221695 257761
80 1.25 488728278.82278549671 241077
81 1.25 486731751.06797325611 241169
82 1.25 1038173959.8592283726 254005
83 1.25 500159218.67088133097 241750
84 1.25 1267387182.8077979088 246465
85 1.25 1447350686.2704057693 241044
86 1.25 530438208.65184259415 253733
87 1.25 1019235652.8621416092 241209
88 1.25 482886489.63192045689 241377
89 1.25 510366336.78782105446 254932
90 1.25 244426709.80159163475 241085
91 1.25 1514868808.9811387062 240919
92 1.25 691759033.66156208515 254609
93 1.25 488204212.82450634241 241081
94 1.25 724708300.98400199413 240986
95 1.25 216042090.3274743259 255839
96 1.25 238977939.94935902953 240940
97 1.25 494559457.79112303257 255271
98 1.25 735002653.4940623045 241408
99 1.25 647759739.75450515747 241036
% Edges = 1.5
0 1.5 411412374.12719291449 299716
1 1.5 0 287304
2 1.5 1425907705.4955794811 302623
3 1.5 0 287777
4 1.5 1169852499.6878547668 301104
5 1.5 993666847.8624830246 288131
6 1.5 1564163788.4050564766 297047
7 1.5 182678378.48343572021 287570
8 1.5 811903218.68496072292 300604
9 1.5 839158829.33187747002 287729
10 1.5 1220283694.5896935463 287657
11 1.5 1229028666.442456007 294949
12 1.5 742090292.17342150211 301433
13 1.5 404476199.03026103973 287724
14 1.5 938691880.78308081627 302629
15 1.5 392389911.2061471343 287788
16 1.5 798705082.17610752583 304053
17 1.5 602350444.76951313019 287640
18 1.5 212224104.9777957499 302840
19 1.5 944129566.56411027908 287458
20 1.5 390110446.64095413685 288915
21 1.5 579958704.75806474686 302584
22 1.5 606666052.55844843388 290239
23 1.5 1009286490.0141830444 305400
24 1.5 383366547.90353405476 289897
25 1.5 620487421.90278100967 302827
26 1.5 638359743.42790186405 315352
27 1.5 594486536.75995767117 290610
28 1.5 799835103.66224348545 305231
29 1.5 571157033.23281145096 290734
30 1.5 834698581.30989265442 307112
31 1.5 197643084.16357627511 290257
32 1.5 0 307391
33 1.5 212918117.29638379812 291037
34 1.5 615366408.26664829254 290711
35 1.5 1128945539.9592673779 304300
36 1.5 1066600259.5433807373 290803
37 1.5 1442349616.0844740868 306779
38 1.5 806956614.10809123516 290520
39 1.5 769359607.8678497076 303800
40 1.5 870546500.95521914959 290726
41 1.5 758387348.25954413414 296540
42 1.5 399157958.70500254631 292154
43 1.5 389737357.98061788082 303582
44 1.5 1371100967.0492067337 290431
45 1.5 560019405.18235325813 304550
46 1.5 658093036.5163949728 290675
47 1.5 209559042.84266519547 291041
48 1.5 211873295.6044152081 304807
49 1.5 614209488.5386505127 291379
50 1.5 636066125.06237232685 303977
51 1.5 431268755.51673108339 290447
52 1.5 400419781.98944401741 307284
53 1.5 1678155296.4768469334 290856
54 1.5 403398883.92298400402 290769
55 1.5 619236475.04943430424 297704
56 1.5 1439080244.108607769 291252
57 1.5 957220479.05784440041 306340
58 1.5 1004013286.4928035736 290293
59 1.5 633277344.63141155243 304341
60 1.5 739440593.83115017414 290411
61 1.5 650454300.93503046036 290365
62 1.5 407673088.92246931791 300315
63 1.5 848781112.89866185188 290839
64 1.5 1037498255.8532664776 303080
65 1.5 424356958.55009841919 290168
66 1.5 417997956.3273794055 299130
67 1.5 209244728.40186482668 290382
68 1.5 369377463.90698134899 298338
69 1.5 395600856.95628482103 307027
70 1.5 524349732.55516576767 290872
71 1.5 590834132.10401678085 307476
72 1.5 434275846.29634636641 291000
73 1.5 201281412.7057723105 291008
74 1.5 395095726.96578830481 305374
75 1.5 448059303.03446221352 291227
76 1.5 390471256.66540628672 307855
77 1.5 588422448.36119008064 291003
78 1.5 608392492.97198319435 307350
79 1.5 205946508.82075273991 291267
80 1.5 0 291807
81 1.5 1224026126.7885792255 304421
82 1.5 793625105.78294742107 291213
83 1.5 842578386.35851275921 307783
84 1.5 190643756.15742379427 291189
85 1.5 396158923.25803089142 307226
86 1.5 818284467.22518539429 291050
87 1.5 428523150.95319837332 291517
88 1.5 1007180045.3060321808 305209
89 1.5 722552983.2100148201 291822
90 1.5 810628745.02908539772 307374
91 1.5 794040512.18358898163 290870
92 1.5 401112134.64458429813 307637
93 1.5 398225067.59326666594 291097
94 1.5 1059608596.444589138 291481
95 1.5 427430876.22102183104 304435
96 1.5 811806070.40013325214 291829
97 1.5 560354977.21948552132 296175
98 1.5 199381685.70653319359 303841
99 1.5 835948854.45786643028 292171
% Edges = 1.75
0 1.75 875278717.91890633106 353448
1 1.75 504948135.00339728594 339330
2 1.75 343214547.09414237738 355894
3 1.75 666078423.61192309856 338931
4 1.75 567728569.67114078999 355233
5 1.75 167162183.73114290833 339628
6 1.75 849900351.58030688763 354691
7 1.75 343208833.55442029238 339062
8 1.75 1126679320.7119252682 345706
9 1.75 1141261347.9324777126 339266
10 1.75 802723494.29786896706 353884
11 1.75 956868156.2172768116 339251
12 1.75 157136805.64310368896 351751
13 1.75 884803174.13179731369 339328
14 1.75 998232506.83298277855 348020
15 1.75 330601681.07525736094 352081
16 1.75 875566712.1408829689 338647
17 1.75 366754803.16330325603 346600
18 1.75 854013797.59329259396 339210
19 1.75 712936370.8751540184 346539
20 1.75 178709116.79755169153 353473
21 1.75 688554946.29107701778 340587
22 1.75 347579457.24323540926 354680
23 1.75 974143538.89281654358 340606
24 1.75 1062903341.9720971584 353900
25 1.75 539982488.55426454544 343699
26 1.75 485947484.11852222681 354120
27 1.75 506272364.84618163109 340913
28 1.75 508427252.94334876537 354149
29 1.75 694004903.07270634174 341007
30 1.75 684609018.83356165886 354194
31 1.75 680769868.47791731358 340133
32 1.75 1087853783.506778717 354571
33 1.75 166810370.75706684589 340676
34 1.75 484911767.8470531702 354039
35 1.75 1077744393.7654047012 341241
36 1.75 504083402.07608282566 353931
37 1.75 541123636.91329884529 340763
38 1.75 1226778178.6633768082 353811
39 1.75 731081605.56344747543 341791
40 1.75 1104695257.1209177971 354074
41 1.75 860825739.35525512695 340552
42 1.75 653025753.90460383892 352038
43 1.75 492717539.32607710361 346100
44 1.75 500515797.93465149403 341168
45 1.75 728622414.07634520531 353391
46 1.75 185303070.4184705317 341551
47 1.75 472185064.79448992014 354304
48 1.75 511600557.77965718508 341404
49 1.75 1186658974.2849452496 355738
50 1.75 0 341216
51 1.75 731810759.99375665188 354707
52 1.75 670810355.2481174469 341264
53 1.75 1425239279.3140931129 355100
54 1.75 708829714.72974252701 341309
55 1.75 724858498.01499843597 348026
56 1.75 1074413755.1248807907 404583
57 1.75 167155368.63808074594 419595
58 1.75 346799939.48767262697 431894
59 1.75 1471374953.1407799721 443536
60 1.75 545245802.81386005878 453488
61 1.75 870602301.9841748476 469886
62 1.75 522367383.92338299751 503936
63 1.75 1023114449.3123728037 502305
64 1.75 1343285302.5562143326 534457
65 1.75 179830848.44446003437 598225
66 1.75 660654061.45206665993 608926
67 1.75 1352030526.0242857933 633953
68 1.75 1081580397.3248324394 716032
69 1.75 506523335.82053411007 809975
70 1.75 690171285.77047741413 770928
71 1.75 1159932628.431283474 685572
72 1.75 680718410.46266365051 642349
73 1.75 547770513.55324292183 607436
74 1.75 846366606.38007712364 591421
75 1.75 506415378.08236503601 571717
76 1.75 838033152.63812947273 563855
77 1.75 854169088.85563254356 544260
78 1.75 721674373.13781607151 535321
79 1.75 969806414.10596847534 527271
80 1.75 1065506228.7568371296 570858
81 1.75 1003052682.6042919159 559052
82 1.75 338435942.01843893528 559308
83 1.75 1568642466.1349954605 548481
84 1.75 518807775.7946177721 542256
85 1.75 328192271.5410361886 541658
86 1.75 1036168261.2568184137 533280
87 1.75 699895810.44376897812 532054
88 1.75 734975743.62729775906 528327
89 1.75 866719892.22588372231 530879
90 1.75 484521898.37443959713 524374
91 1.75 677498369.7181224823 519334
92 1.75 796670958.65249502659 519254
93 1.75 526003062.02702176571 515210
94 1.75 167148449.84852769971 519617
95 1.75 0 512477
96 1.75 860652853.74342226982 510412
97 1.75 653794487.69994997978 519173
98 1.75 1040902932.3088891506 513131
99 1.75 678332745.15310299397 516910
% Edges = 2
0 2 1090474431.3530511856 530300
1 2 627196151.75755524635 531938
2 2 147795087.56386700273 533692
3 2 783164426.26037335396 536807
4 2 754761965.05021119118 528288
5 2 771702810.41532373428 527266
6 2 1168302648.4123477936 525243
7 2 915866288.9706633091 529141
8 2 612432560.1676030159 523006
9 2 1065917803.0649679899 520289
10 2 1179535133.1212286949 518161
11 2 473363470.02571904659 515554
12 2 593559175.98514664173 518411
13 2 776800597.8573179245 517369
14 2 739579394.88579535484 523909
15 2 584474943.04994189739 523011
16 2 797548228.3829331398 516531
17 2 0 555433
18 2 938404500.86020421982 574952
19 2 916158574.29269528389 573726
20 2 1440043522.054776907 562779
21 2 0 570740
22 2 626754074.71002531052 566223
23 2 900998938.74099302292 562789
24 2 617430959.00365006924 569240
25 2 629611207.7865768671 671654
26 2 1053315959.2777113914 645306
27 2 1337128516.6127998829 676469
28 2 784616393.2455791235 698016
29 2 293408878.46907770634 626881
30 2 763594214.11739969254 597500
31 2 425264613.00286614895 565278
32 2 726724593.42757451534 579923
33 2 308707037.75833928585 571454
34 2 309399531.68854951859 567760
35 2 931712549.23249816895 540781
36 2 443515600.29627120495 559313
37 2 756538365.98001289368 556689
38 2 287441126.20408433676 560423
39 2 620822979.20582973957 553923
40 2 623636582.04138541222 531925
41 2 899231155.85591816902 552962
42 2 1103357396.4311690331 527548
43 2 895978170.28448414803 549142
44 2 158771994.74617794156 548256
45 2 1374583004.4586012363 523745
46 2 414173592.63986098766 544952
47 2 896376349.38647699356 545071
48 2 921094125.49792742729 523172
49 2 306165627.4339056015 541663
50 2 1235897315.9000580311 542923
51 2 742519412.23823213577 518665
52 2 613349959.46179234982 534672
53 2 626730583.61375677586 526617
54 2 459070335.78718066216 535094
55 2 153277260.15127110481 534177
56 2 295211875.65043622255 538263
57 2 1023774615.029130578 515473
58 2 940052765.63627195358 538014
59 2 454556121.61086082458 513365
60 2 300432885.71567070484 533349
61 2 450348289.30620551109 522639
62 2 151993857.59333622456 532668
63 2 295160960.08009636402 509345
64 2 762903157.82443380356 529464
65 2 154846017.81378763914 505495
66 2 637947409.11535179615 525573
67 2 304019543.04473537207 525123
68 2 426052225.43522620201 504293
69 2 631519478.29204666615 523739
70 2 149863691.67244434357 523487
71 2 147329282.79378014803 502440
72 2 915874145.00109696388 527636
73 2 771363714.74655127525 516397
74 2 459135241.40185904503 534105
75 2 151616573.17114287615 534445
76 2 899379039.11976385117 501856
77 2 585738378.39817857742 519622
78 2 613841926.68868732452 519988
79 2 774794711.80947959423 498676
80 2 1484447943.6967947483 474289
81 2 160322648.7722223103 452305
82 2 296458701.02293199301 471505
83 2 893927929.71580147743 451024
84 2 305166831.48505651951 472190
85 2 924785548.90576207638 451271
86 2 770213222.80714297295 474839
87 2 609141731.57544338703 451764
88 2 446812068.9914085865 476575
89 2 723625936.73246526718 452745
90 2 303137069.25764197111 476170
91 2 639577705.79560518265 451842
92 2 617451812.00788915157 470843
93 2 1184144756.501591444 451985
94 2 780853934.2816889286 458532
95 2 864920580.23757576942 469946
96 2 1216568752.4026703835 452134
97 2 439894072.95635408163 471882
98 2 785583228.80900907516 476167
99 2 289005685.55592262745 450282
% Edges = 2.25
0 2.25 419916768.13907843828 592448
1 2.25 806655485.64446604252 565409
2 2.25 575411049.35697627068 581955
3 2.25 641174116.04358267784 572781
4 2.25 1193601460.9032850266 585819
5 2.25 259796625.01098433137 562199
6 2.25 1371386900.3984136581 581237
7 2.25 538694941.6893851757 563708
8 2.25 389319841.95691585541 581750
9 2.25 266811044.75967103243 579487
10 2.25 798223375.27399671078 561054
11 2.25 1011875131.6643953323 584677
12 2.25 798440211.80952739716 579016
13 2.25 789460473.3654897213 561314
14 2.25 821047583.08286440372 580307
15 2.25 626324716.34589838982 582000
16 2.25 694560087.24014782906 558091
17 2.25 136169887.46864694357 541053
18 2.25 562555081.59454238415 527409
19 2.25 0 499250
20 2.25 759125407.90538597107 522832
21 2.25 634720751.93184089661 499715
22 2.25 938020496.95479607582 523006
23 2.25 561502168.24244344234 501022
24 2.25 544561741.84072816372 523480
25 2.25 779501989.54928946495 497231
26 2.25 274952879.63722109795 521856
27 2.25 912308351.41191625595 522914
28 2.25 1224323861.0868880749 501677
29 2.25 807559155.2358353138 524593
30 2.25 767575973.2917817831 499397
31 2.25 0 520058
32 2.25 551721508.10672271252 497976
33 2.25 518809147.3927719593 515143
34 2.25 700089237.17725610733 500543
35 2.25 669279277.43448710442 525871
36 2.25 765690871.46203958988 498070
37 2.25 591737908.19970631599 516173
38 2.25 802559769.61169576645 498018
39 2.25 645181971.57243537903 516414
40 2.25 270591059.83402609825 519884
41 2.25 648290487.45836234093 496159
42 2.25 1504572643.2108194828 519964
43 2.25 788188585.81528615952 495543
44 2.25 271175963.38201063871 507348
45 2.25 406242876.91883862019 519535
46 2.25 519717414.62811148167 497118
47 2.25 421231540.17824095488 515766
48 2.25 839705170.28607940674 496804
49 2.25 130282491.05722053349 516385
50 2.25 803207149.39092099667 496203
51 2.25 993925366.87372660637 515696
52 2.25 1411849404.6333148479 496439
53 2.25 975416015.82319414616 515510
54 2.25 134736409.25412034988 515506
55 2.25 574719465.48792254925 495040
56 2.25 653014440.32255959511 522159
57 2.25 403152437.33409976959 494459
58 2.25 836915140.11208927631 514107
59 2.25 684599009.55129551888 517335
60 2.25 534368869.19148749113 493843
61 2.25 1183242560.2308411598 516961
62 2.25 500604861.81946015358 494767
63 2.25 703837577.26894044876 516047
64 2.25 260085217.06178170443 493884
65 2.25 574365980.77950012684 516187
66 2.25 407468330.55272734165 514653
67 2.25 406341961.51611924171 495132
68 2.25 984844945.92093122005 518792
69 2.25 405244462.71410703659 493720
70 2.25 665928725.17410290241 520905
71 2.25 801529538.96341764927 495097
72 2.25 424685068.23762094975 519817
73 2.25 671162440.64983272552 494822
74 2.25 920651433.14564502239 515584
75 2.25 127749551.59666217864 493980
76 2.25 552514708.70999085903 510427
77 2.25 873001578.2234609127 500341
78 2.25 948243597.9952558279 509728
79 2.25 549957614.95105302334 493063
80 2.25 662458618.83717250824 513050
81 2.25 824461333.6111997366 492770
82 2.25 142030250.28913637996 513961
83 2.25 582149112.95919454098 516221
84 2.25 514723010.2872363925 494877
85 2.25 267219321.89237049222 517646
86 2.25 665664748.81227552891 492155
87 2.25 684576563.96166980267 503625
88 2.25 821105514.81445217133 513013
89 2.25 770805424.23327231407 494660
90 2.25 920158977.69223225117 511781
91 2.25 569856106.92851424217 491548
92 2.25 657416792.62220156193 511264
93 2.25 675300875.52170324326 491773
94 2.25 903822742.44757783413 510829
95 2.25 545579573.39232003689 491308
96 2.25 542296242.92831730843 525858
97 2.25 981275477.35884559155 507771
98 2.25 522507118.32988810539 486478
99 2.25 538892560.42734348774 509833
% Edges = 2.5
0 2.5 1164458584.6467111111 545107
1 2.5 116300738.76253762841 563270
2 2.5 762218596.18335866928 566158
3 2.5 380729386.56202858686 544320
4 2.5 460669131.23512542248 565764
5 2.5 624239610.86690509319 564567
6 2.5 722661723.15593349934 544408
7 2.5 735484404.73868882656 567737
8 2.5 1251522277.8093290329 543947
9 2.5 828257541.17918300629 565044
10 2.5 370427775.99400210381 543303
11 2.5 847183719.41131484509 565182
12 2.5 253787778.28371497989 566704
13 2.5 1105983065.9216916561 543445
14 2.5 489225606.56251233816 565649
15 2.5 1081856313.9085083008 544769
16 2.5 622575727.88141167164 563014
17 2.5 244680047.59912472963 561971
18 2.5 1043996371.2253789902 541621
19 2.5 742278618.1168782711 549815
20 2.5 735451670.6899317503 558897
21 2.5 671327978.9156627655 575230
22 2.5 493921753.68758487701 564457
23 2.5 464329960.94246381521 576857
24 2.5 727156359.62504315376 578706
25 2.5 349689055.34135890007 555128
26 2.5 1170629181.668639183 569411
27 2.5 779938053.42914867401 541078
28 2.5 582732476.15644884109 551471
29 2.5 479423234.38129258156 563677
30 2.5 496809835.13144630194 539946
31 2.5 617500284.24393057823 561389
32 2.5 363495414.22248929739 560178
33 2.5 371104732.73563706875 540615
34 2.5 568455583.6833562851 560200
35 2.5 1105418177.4334104061 539361
36 2.5 443482817.2546954155 559181
37 2.5 978965265.70081746578 558629
38 2.5 501612754.43807023764 540679
39 2.5 585506084.34227275848 558869
40 2.5 601010133.69272279739 561950
41 2.5 576228958.90805578232 538617
42 2.5 239455040.27621722221 558445
43 2.5 594828796.30527162552 562513
44 2.5 483456830.95728886127 539828
45 2.5 232552663.92531621456 560956
46 2.5 374626648.84017986059 538414
47 2.5 251524313.82646274567 561052
48 2.5 963188654.10172498226 561754
49 2.5 839892063.37625169754 539377
50 2.5 564069456.26380741596 562187
51 2.5 460927265.6283454895 539338
52 2.5 500125443.78863668442 559590
53 2.5 1066139857.4194699526 559171
54 2.5 501290155.14804816246 539443
55 2.5 499654631.35468757153 561680
56 2.5 605907278.28935015202 539880
57 2.5 854366892.50548565388 556300
58 2.5 924009197.99527144432 545923
59 2.5 572892009.88141572475 556747
60 2.5 867186808.84670138359 539440
61 2.5 928605013.51609385014 556636
62 2.5 632725330.83629560471 561918
63 2.5 862831077.92681610584 536437
64 2.5 478624007.77733725309 560031
65 2.5 709575539.86417329311 537833
66 2.5 1002776586.9520177841 559814
67 2.5 945323858.49942016602 547739
68 2.5 1329714964.7895326614 559210
69 2.5 964432357.04399490356 538362
70 2.5 485554120.05211395025 559690
71 2.5 694291370.96062529087 538913
72 2.5 703242045.07247567177 556798
73 2.5 487579663.06734716892 538004
74 2.5 626312699.62234830856 557843
75 2.5 1141140413.5792756081 556428
76 2.5 870624519.13211131096 538264
77 2.5 588434110.77718794346 556749
78 2.5 691552127.82947695255 559737
79 2.5 980068399.68270123005 535746
80 2.5 871807280.01559758186 556454
81 2.5 735303580.31471419334 559243
82 2.5 627883800.59742450714 537417
83 2.5 1041922515.2282800674 557141
84 2.5 960457321.28619396687 558249
85 2.5 1171818429.7611496449 538351
86 2.5 368182196.2949411869 561744
87 2.5 847949015.20097088814 537722
88 2.5 1295011313.2574796677 560096
89 2.5 1018839437.3366615772 536897
90 2.5 233966037.60838675499 558342
91 2.5 756028119.41140949726 560558
92 2.5 477422912.63539212942 537231
93 2.5 584115107.86686706543 561289
94 2.5 733091998.62293326855 537146
95 2.5 604407179.31673419476 585599
96 2.5 728419120.98210179806 592260
97 2.5 624903018.53521096706 557546
98 2.5 356823714.33368706703 555723
99 2.5 237328007.00286155939 553642
% Edges = 2.75
0 2.75 532706680.65046083927 614904
1 2.75 203640723.00715515018 617679
2 2.75 448149519.62760585546 593951
3 2.75 547118374.65980386734 618983
4 2.75 524211039.90953892469 594733
5 2.75 333365511.84265315533 615607
6 2.75 1169344424.9699161053 610203
7 2.75 340650350.68106865883 616025
8 2.75 686023610.75662398338 594451
9 2.75 110264369.79793669283 616158
10 2.75 763560899.65128529072 614440
11 2.75 763424612.38879823685 595757
12 2.75 696020110.62050366402 613718
13 2.75 312998884.47702527046 594303
14 2.75 630552761.43922638893 595002
15 2.75 750448607.16650509834 613231
16 2.75 339768368.11794734001 617308
17 2.75 740702866.47464334965 592635
18 2.75 327209378.5785908699 613847
19 2.75 934605769.86695075035 617039
20 2.75 433513165.53409343958 618771
21 2.75 878660895.01470625401 596417
22 2.75 204508402.82386124134 621010
23 2.75 563061108.14237499237 594565
24 2.75 444936383.12847208977 618849
25 2.75 340323003.90900617838 620772
26 2.75 882690346.98373675346 596586
27 2.75 658320758.4936747551 618438
28 2.75 663996975.75361669064 620268
29 2.75 736284247.49986720085 596662
30 2.75 459361023.9884981513 616963
31 2.75 747534481.11347568035 653625
32 2.75 435643729.99278199673 609219
33 2.75 771456283.38453125954 624589
34 2.75 929084051.3536670208 614983
35 2.75 665187152.37482607365 625467
36 2.75 1445891209.3301811218 625275
37 2.75 437449137.46496683359 629787
38 2.75 733107202.8260345459 606892
39 2.75 339522463.22367048264 629978
40 2.75 343563168.94924110174 629302
41 2.75 541832952.05849277973 606431
42 2.75 335031035.58997625113 622135
43 2.75 467927890.98625361919 629397
44 2.75 987500814.90031087399 607769
45 2.75 339339318.18348532915 629205
46 2.75 547639840.62426042557 627843
47 2.75 864779710.08504414558 606221
48 2.75 576823474.57700514793 625957
49 2.75 576857096.06053757668 628070
50 2.75 560214158.76442289352 606595
51 2.75 870710539.72729659081 625323
52 2.75 436023287.42619526386 627155
53 2.75 671535448.1449508667 630396
54 2.75 755889083.00046050549 607921
55 2.75 831891301.71858596802 627012
56 2.75 1157350968.3359472752 632744
57 2.75 768662638.89137399197 607312
58 2.75 577994111.10506665707 630004
59 2.75 1032534518.2330877781 631328
60 2.75 703305624.84873914719 606007
61 2.75 1223465937.9244935513 629139
62 2.75 618486738.92736172676 630294
63 2.75 1117074501.7583925724 606863
64 2.75 334378558.87993311882 628057
65 2.75 314208783.61945402622 630686
66 2.75 460830824.87147814035 606956
67 2.75 731071408.48265206814 627996
68 2.75 673733095.5258949995 625426
69 2.75 743617521.09863471985 606313
70 2.75 778253367.53730797768 632558
71 2.75 1451053768.2656078339 605895
72 2.75 360055523.05281841755 625264
73 2.75 452455297.57760810852 629522
74 2.75 676195897.43692541122 629824
75 2.75 574226130.0495339632 604795
76 2.75 454926088.25956439972 629811
77 2.75 768749020.19650363922 606995
78 2.75 555247134.49233698845 618817
79 2.75 322948665.88435959816 628518
80 2.75 841593506.46372044086 629684
81 2.75 553455516.56441736221 605051
82 2.75 426300027.0436835885 626732
83 2.75 1398201969.8137693405 627048
84 2.75 440177979.42050075531 606457
85 2.75 538944534.008507967 625692
86 2.75 544891634.20550262928 624964
87 2.75 664230814.57606887817 628958
88 2.75 467772692.21472322941 607174
89 2.75 784089509.40827715397 624805
90 2.75 529582621.9603664875 628874
91 2.75 552161930.83087527752 629681
92 2.75 224530735.5734860301 605961
93 2.75 773418490.68242943287 628446
94 2.75 864090361.31144917011 631832
95 2.75 555360134.82972550392 608020
96 2.75 222528707.97156864405 629922
97 2.75 444481962.34354400635 627841
98 2.75 970732544.5884475708 606517
99 2.75 552432247.77753257751 629101
% Edges = 3
0 3 1517945714.8601534367 686393
1 3 911549672.33719110489 660553
2 3 403557245.33412885666 681537
3 3 374335543.67772376537 680587
4 3 398652800.86529237032 660858
5 3 799961865.98847234249 669252
6 3 302773247.63746976852 669884
7 3 411302197.62663495541 651899
8 3 638433511.49845969677 673558
9 3 1253242576.5711526871 678482
10 3 413687211.49152851105 674212
11 3 682511709.0190885067 651259
12 3 818854111.42712390423 666912
13 3 1091605687.4783520699 674376
14 3 592489196.9223331213 673251
15 3 1048058316.4261565208 651061
16 3 604720657.37172758579 672556
17 3 614750045.13912427425 673241
18 3 203632286.90116307139 651433
19 3 434505548.46995490789 670570
20 3 603351553.41400456429 674061
21 3 929201396.57010388374 676562
22 3 678370909.5904737711 679030
23 3 723398209.0617620945 674867
24 3 901147647.64816498756 652830
25 3 418949618.48071712255 674869
26 3 821970957.47866988182 678875
27 3 1106757187.9364244938 671054
28 3 305302089.75353425741 671953
29 3 733854209.61661601067 673347
30 3 591281855.10921287537 671891
31 3 589376009.27477264404 649092
32 3 501894510.88883525133 672976
33 3 1020401888.5615729094 681038
34 3 1103232663.868575573 651345
35 3 822527893.48556053638 670280
36 3 321197324.32557731867 667715
37 3 605715498.53398442268 655150
38 3 1080634423.1107470989 668543
39 3 415307246.05070692301 667931
40 3 418346838.58278614283 671997
41 3 610992013.26478111744 650131
42 3 427375354.67429810762 670732
43 3 400767009.40819245577 671965
44 3 522660965.67748993635 650072
45 3 1129703322.814360857 663180
46 3 692387926.65293049812 672983
47 3 717620971.84272253513 672045
48 3 881368374.80191099644 649293
49 3 631811046.04691851139 668803
50 3 1314363464.0533525944 671021
51 3 387750237.49163269997 669321
52 3 612450618.61685121059 649146
53 3 507052616.5465272665 650442
54 3 1044351983.7278115749 671160
55 3 593939396.34700810909 671311
56 3 607078128.01040494442 672501
57 3 630611510.14167296886 648832
58 3 590585133.05794465542 669886
59 3 607189245.86805129051 673972
60 3 575519057.79097270966 669933
61 3 210087143.64413908124 648700
62 3 393521193.94147521257 671817
63 3 601574406.81886649132 673823
64 3 695745789.74149930477 650228
65 3 324686438.77735245228 671402
66 3 683551312.92702162266 674371
67 3 313916364.24206137657 648947
68 3 524215757.0154466629 671697
69 3 399988651.56345206499 669149
70 3 615790069.96157646179 659630
71 3 385517657.01960527897 671115
72 3 861072858.23972558975 670729
73 3 527327320.06846338511 674566
74 3 605236263.43367683887 651359
75 3 908354294.64589595795 671938
76 3 709169701.05312895775 672281
77 3 799301530.08138918877 649786
78 3 311860401.74580514431 662492
79 3 416140497.82448667288 670073
80 3 1136469138.1694631577 671127
81 3 808394948.87536776066 649302
82 3 677643453.97502160072 669378
83 3 1040896307.3844058514 669673
84 3 874199181.52228522301 671298
85 3 623373271.19950413704 669326
86 3 295453702.63166737556 652231
87 3 505309835.91587936878 667977
88 3 671010361.62604415417 669775
89 3 414878634.27873069048 671683
90 3 616127533.85884130001 672429
91 3 311301144.11061906815 649555
92 3 382914527.29799175262 670301
93 3 498322848.65428501368 673658
94 3 783372398.85811769962 649225
95 3 1064875323.1301763058 671246
96 3 610199889.32823479176 674467
97 3 965651772.91516244411 649031
98 3 750895024.94357120991 650500
99 3 718663039.94241499901 672853
% Edges = 3.5
0 3.5 589901724.14410340786 806833
1 3.5 706137803.29779577255 801082
2 3.5 788428946.95825445652 789270
3 3.5 935350097.89620780945 800350
4 3.5 516354632.37810176611 802177
5 3.5 527690440.70007658005 804995
6 3.5 734785654.82623159885 806829
7 3.5 1024808693.3011933565 806468
8 3.5 428170183.03915917873 782416
9 3.5 504045508.30713152885 814187
10 3.5 614791360.74956095219 803373
11 3.5 493741506.4979789257 782258
12 3.5 683232691.23013675213 802869
13 3.5 705010942.3772277832 802020
14 3.5 602296114.30116009712 801339
15 3.5 349968440.28594100475 801599
16 3.5 510834575.26869618893 802692
17 3.5 690400039.28731191158 803059
18 3.5 412654801.89204210043 804242
19 3.5 1021386512.4033312798 804987
20 3.5 360336992.95489507914 802488
21 3.5 854941151.60663437843 805285
22 3.5 787675885.76259493828 781179
23 3.5 265106813.31035283208 802709
24 3.5 584256733.30647003651 801091
25 3.5 616367774.90729761124 802243
26 3.5 868955654.39984917641 803574
27 3.5 629183484.10278046131 802791
28 3.5 932744630.2038756609 798382
29 3.5 169892823.6382149756 786337
30 3.5 509791839.69888067245 796359
31 3.5 437769085.25161659718 798395
32 3.5 409388741.4231299758 803037
33 3.5 351723745.0063830018 802463
34 3.5 843525571.62600708008 777120
35 3.5 878396952.42714989185 799916
36 3.5 1066215750.1962692738 792778
37 3.5 606104945.10895061493 800274
38 3.5 351721266.70967411995 800372
39 3.5 626904907.9948592186 799075
40 3.5 459759227.12474226952 798861
41 3.5 537728915.2209624052 799719
42 3.5 808637329.6417324543 798135
43 3.5 616004748.40520524979 802277
44 3.5 89734858.863296926022 801274
45 3.5 609457222.82241463661 800745
46 3.5 597861010.6113576889 804743
47 3.5 487712800.29485785961 780510
48 3.5 828015138.23947095871 800659
49 3.5 525470502.70851624012 800548
50 3.5 751055686.43194961548 802175
51 3.5 1060180854.6377048492 802884
52 3.5 758990991.117364645 802715
53 3.5 679374004.24246895313 779311
54 3.5 913234151.35141253471 802504
55 3.5 601621302.14775133133 799028
56 3.5 261077367.45956283808 797656
57 3.5 423147751.53176116943 803445
58 3.5 991085600.072016716 778623
59 3.5 784882523.59003198147 795958
60 3.5 345843619.15812337399 799922
61 3.5 825191894.46468818188 800949
62 3.5 1040717652.5830996037 801234
63 3.5 447163671.52549886703 794158
64 3.5 601507525.47638726234 802305
65 3.5 499990532.04705369473 799020
66 3.5 696705388.59618616104 799050
67 3.5 515461134.08550417423 779072
68 3.5 174400201.00474271178 798793
69 3.5 1076878261.5178921223 797924
70 3.5 728799528.35213828087 798321
71 3.5 799708113.56562936306 801250
72 3.5 605328611.72911155224 800336
73 3.5 441718997.84949356318 800234
74 3.5 1062325707.8916285038 800284
75 3.5 516534911.3629899025 798689
76 3.5 680602380.57905423641 802186
77 3.5 762745723.92682504654 801702
78 3.5 792812793.71231555939 803616
79 3.5 939210001.06765508652 780955
80 3.5 255636221.73445010185 801861
81 3.5 269871982.70228850842 801588
82 3.5 609542237.90132570267 800876
83 3.5 505177811.18354189396 797099
84 3.5 599684832.40021085739 786151
85 3.5 799718722.44050693512 797129
86 3.5 350986594.0052537322 799444
87 3.5 774401874.00090885162 801750
88 3.5 610223692.65322113037 803864
89 3.5 584879170.5346531868 802378
90 3.5 964583119.69305300713 789199
91 3.5 935394986.9541476965 799922
92 3.5 540630709.56567573547 800940
93 3.5 340468082.09249728918 798959
94 3.5 422985486.07758831978 780139
95 3.5 706106721.92566895485 798859
96 3.5 415389256.48707336187 799121
97 3.5 929210352.6972130537 798175
98 3.5 425069036.48365789652 798888
99 3.5 682615350.31252086163 798947
% Edges = 4
0 4 468853583.04322981834 917071
1 4 470930727.36264061928 917953
2 4 752094066.43569648266 918323
3 4 956810707.85734093189 917670
4 4 920348272.70176041126 918954
5 4 618122799.79002654552 922257
6 4 521368954.1713847518 922074
7 4 1151701228.8170931339 920677
8 4 1427448298.6627550125 919579
9 4 725491635.13996839523 914148
10 4 670493921.44403672218 924477
11 4 454309544.06511485577 917563
12 4 606759010.85350763798 920117
13 4 586076976.82323551178 920237
14 4 760093898.80212533474 919294
15 4 1100936389.8466277122 910539
16 4 731393563.52939462662 919674
17 4 599475836.89479017258 918377
18 4 722900534.40573346615 917392
19 4 530466717.4776981473 915909
20 4 541550658.57695233822 917483
21 4 679500843.02294671535 944737
22 4 894209578.27383649349 900354
23 4 623664534.44787395 940004
24 4 531266971.99787431955 919120
25 4 527739702.46523803473 920969
26 4 696776835.26520490646 921269
27 4 685325419.42419815063 921488
28 4 469437327.55242693424 920433
29 4 614338517.17580997944 921109
30 4 1037914247.2160336971 921921
31 4 750304884.09532499313 899398
32 4 619423826.27374267578 915828
33 4 1025751443.6093845367 903298
34 4 452784694.57365757227 915631
35 4 620283578.69677007198 915316
36 4 887728390.3681704998 918916
37 4 361164232.54916870594 917642
38 4 593255727.56932651997 918971
39 4 749408341.17761433125 928686
40 4 442092681.50892567635 917492
41 4 388256315.31813275814 917717
42 4 632514011.48728978634 918889
43 4 833004254.78208684921 917391
44 4 988310642.08516526222 917423
45 4 821298736.97631728649 919079
46 4 800859212.23015737534 916214
47 4 382183409.42354774475 918267
48 4 849119214.43424320221 918674
49 4 520119689.24432229996 920485
50 4 653544366.38922333717 918823
51 4 453748988.83804047108 919330
52 4 681887346.25551152229 916516
53 4 775954865.51470780373 917369
54 4 383394852.37737149 919476
55 4 1037601213.3977298737 917807
56 4 882446074.10871648788 915445
57 4 379812213.95700228214 920750
58 4 834786698.51781666279 914602
59 4 680203747.92843067646 921042
60 4 922407888.97061872482 921776
61 4 753061200.93070292473 918374
62 4 446701851.41021901369 913558
63 4 904937761.92901349068 918012
64 4 604118708.3447984457 917464
65 4 514285532.71431481838 916276
66 4 641970310.70348799229 916342
67 4 377729914.81210386753 916209
68 4 661671748.76302480698 915465
69 4 656819976.71781659126 917509
70 4 370721258.73308491707 940456
71 4 671484153.71878600121 919689
72 4 877911636.98996448517 920966
73 4 682032143.49806809425 920293
74 4 469655452.63283252716 919195
75 4 1087966445.062277317 920921
76 4 367103592.19338029623 919641
77 4 916498327.47103714943 917681
78 4 675577441.72611403465 897025
79 4 973460803.58883690834 917109
80 4 632754037.6751036644 923031
81 4 525983554.3128489852 916272
82 4 760799825.25359928608 917148
83 4 834370486.56530070305 917555
84 4 388314979.18798565865 918387
85 4 464027767.88374423981 917087
86 4 745551092.97373199463 910071
87 4 447768379.83401298523 917942
88 4 879684435.04668164253 917846
89 4 455557546.51330375671 917269
90 4 527717811.48432725668 937393
91 4 672241092.09240472317 916724
92 4 459764472.11177098751 919882
93 4 544353491.3036595583 919966
94 4 630774855.89307200909 921932
95 4 532596322.12945467234 920191
96 4 606552815.63094270229 926376
97 4 599620079.19773423672 920846
98 4 527944802.80557012558 922029
99 4 615303061.26079416275 921851
% Edges = 4.5
0 4.5 673646387.77024519444 1041164
1 4.5 407871327.47102272511 1038675
2 4.5 418993028.50789821148 1038190
3 4.5 659891742.34372663498 1042408
4 4.5 726192238.91185891628 1035111
5 4.5 403882259.26070308685 1056440
6 4.5 392953719.32840484381 1041326
7 4.5 610752193.0911450386 1039857
8 4.5 677157225.08853447437 1032895
9 4.5 720877193.20491373539 1039504
10 4.5 823205382.16403913498 1037915
11 4.5 689463018.02397239208 1056645
12 4.5 535925998.51146233082 1035423
13 4.5 975706915.06805408001 1037474
14 4.5 469526640.47340166569 1037561
15 4.5 670276301.58942556381 1059511
16 4.5 844938588.36715769768 1041238
17 4.5 805444084.47698628902 1040164
18 4.5 1058070295.1497850418 1040705
19 4.5 655556705.23831403255 1036907
20 4.5 1270940521.039134264 1037714
21 4.5 513458922.75528407097 1040167
22 4.5 1095899943.7574980259 1060129
23 4.5 671640057.05327653885 1038083
24 4.5 812240455.88119733334 1025958
25 4.5 816688738.03242301941 1054544
26 4.5 766235114.59650337696 1038954
27 4.5 659248822.90541148186 1039333
28 4.5 584645238.79111683369 1038251
29 4.5 1137086133.6951301098 1029037
30 4.5 942705921.9003623724 1059876
31 4.5 284017108.07697415352 1037030
32 4.5 1136709868.0943944454 1037876
33 4.5 587516718.12392175198 1036419
34 4.5 465843678.72539138794 1035981
35 4.5 800524771.627140522 1056321
36 4.5 402187385.33837008476 1037798
37 4.5 960995475.02548897266 1036757
38 4.5 750395160.00650775433 1036788
39 4.5 629009258.59790420532 1034826
40 4.5 809970065.5513856411 1039950
41 4.5 764764583.87389755249 1060547
42 4.5 907900454.99481678009 1038184
43 4.5 861555982.35705041885 1037442
44 4.5 599060576.62423431873 1032095
45 4.5 719251694.05106413364 1040613
46 4.5 530815430.54315418005 1038139
47 4.5 745646464.7513667345 1038990
48 4.5 601594708.74483585358 1039077
49 4.5 411947304.11345118284 1039117
50 4.5 669602301.19272840023 1047063
51 4.5 775493173.49852263927 1036624
52 4.5 493235766.64747703075 1035725
53 4.5 790683107.76502740383 1033407
54 4.5 551774106.65851008892 1055301
55 4.5 623608451.2612735033 1039825
56 4.5 268808421.29429250956 1039133
57 4.5 527233748.07065367699 1037623
58 4.5 601318181.09494078159 1058318
59 4.5 622555095.38264524937 1039354
60 4.5 594605310.32191765308 1037892
61 4.5 901633454.75421285629 1038320
62 4.5 558279418.66872274876 1037877
63 4.5 520826034.90376955271 1040474
64 4.5 422078947.37157535553 1038432
65 4.5 604661252.38529717922 1035496
66 4.5 1258076811.2950444221 1039330
67 4.5 407665938.02838242054 1035772
68 4.5 462288358.69482630491 1035946
69 4.5 754291736.57663559914 1059133
70 4.5 1092418654.0928244591 1028199
71 4.5 671731480.55322241783 1039004
72 4.5 556939358.46755862236 1036324
73 4.5 754925842.0752543211 1036226
74 4.5 732976731.18604803085 1055968
75 4.5 667745178.57492589951 1034149
76 4.5 409906328.60378569365 1037744
77 4.5 714867199.51386868954 1035364
78 4.5 811353070.61654877663 1057810
79 4.5 1181220454.4079551697 1038171
80 4.5 678766847.839407444 1038108
81 4.5 758080821.03955054283 1038389
82 4.5 688490576.52507305145 1038068
83 4.5 522606266.27458024025 1036499
84 4.5 466299091.201343894 1034744
85 4.5 1048929831.0130386353 1034960
86 4.5 773644694.91949319839 1039850
87 4.5 797614732.34931135178 1030009
88 4.5 412237438.9382519722 1055735
89 4.5 912643588.10682868958 1036637
90 4.5 861814728.89427697659 1037370
91 4.5 582145863.16026127338 1027279
92 4.5 546399633.84546005726 1037291
93 4.5 470136416.03638327122 1034589
94 4.5 138513531.72339424491 1055296
95 4.5 538988781.63637006283 1034346
96 4.5 795673170.64593207836 1033139
97 4.5 731023660.58273184299 1034700
98 4.5 537736084.07050812244 1073187
99 4.5 405342716.98274052143 1038534
% Edges = 5
0 5 799587544.48530244827 1158704
1 5 911960331.19820928574 1156470
2 5 469356274.94837415218 1182256
3 5 429288530.79798549414 1158299
4 5 504468973.90042382479 1156694
5 5 972179451.11233580112 1155370
6 5 776421006.54040336609 1159665
7 5 834527301.08312106133 1203881
8 5 951569685.57494688034 1170268
9 5 482541603.37268745899 1174447
10 5 795949912.17581546307 1184249
11 5 948075790.86382043362 1188597
12 5 425943250.23624271154 1168177
13 5 821876057.1203930378 1186261
14 5 384192573.81554013491 1166885
15 5 792078233.21806716919 1166844
16 5 864901768.05154287815 1190098
17 5 303312652.27009391785 1171879
18 5 548338304.8200545311 1196055
19 5 603143445.96770823002 1172766
20 5 491797073.39731830359 1173265
21 5 723029287.85784518719 1169580
22 5 537677400.39656662941 1192951
23 5 504909382.75731980801 1169791
24 5 426841384.90563237667 1163577
25 5 817492137.11891579628 1173336
26 5 370523656.29085183144 1167016
27 5 755519708.49930143356 1192963
28 5 823108565.44856107235 1172048
29 5 679982022.31189799309 1164174
30 5 419700002.40365666151 1191145
31 5 483731007.46697366238 1167969
32 5 554437926.10220301151 1169903
33 5 546452883.29719901085 1186251
34 5 821420029.47154641151 1170079
35 5 370231670.42337346077 1188574
36 5 618271591.65942811966 1170185
37 5 461683591.34251111746 1169541
38 5 921911713.60370111465 1194085
39 5 620769950.45392203331 1174996
40 5 864932801.22342705727 1173611
41 5 640166153.70013070107 1170207
42 5 674848499.14591562748 1187422
43 5 632521700.69166004658 1155234
44 5 365759045.64557778835 1181786
45 5 726592898.7129689455 1169184
46 5 894420473.96169400215 1168581
47 5 740294317.75778472424 1186110
48 5 1195748831.1198587418 1171352
49 5 845436759.05956363678 1171089
50 5 427325973.10749274492 1187890
51 5 575008365.93040788174 1168226
52 5 362913770.00870943069 1188044
53 5 574264655.58539736271 1168048
54 5 782886414.50943517685 1188318
55 5 1038335794.3219279051 1169261
56 5 1147751322.25715518 1171198
57 5 937044298.70720207691 1155794
58 5 1121453742.2933199406 1177807
59 5 989120991.78234171867 1163098
60 5 623566326.12062478065 1159293
61 5 505004511.99675905704 1157463
62 5 647968731.94449412823 1157958
63 5 669098263.76709938049 1172938
64 5 542290169.68394517899 1155572
65 5 422210826.5635946393 1155521
66 5 963874189.15182518959 1172170
67 5 692317119.57153534889 1154917
68 5 793085319.30375182629 1156298
69 5 680821998.49324440956 1154173
70 5 722266222.34987318516 1154506
71 5 716058572.95287299156 1157566
72 5 438313959.99679023027 1176595
73 5 657723124.77247703075 1156383
74 5 495044310.9622592926 1155577
75 5 605302755.07301437855 1180824
76 5 316720679.43135100603 1160817
77 5 1140874513.0959324837 1160380
78 5 611080888.84050965309 1159641
79 5 611031446.37950515747 1158198
80 5 618696940.93714511395 1163825
81 5 605210521.65972459316 1167809
82 5 557465839.96044206619 1157371
83 5 809252613.84955012798 1157046
84 5 760857373.64598846436 1172600
85 5 757143422.99630451202 1155553
86 5 497016705.77025777102 1152885
87 5 359918803.71507149935 1173421
88 5 958951504.07961595058 1153669
89 5 802735836.32229661942 1175009
90 5 789707446.78516054153 1157319
91 5 752542644.61468791962 1152506
92 5 767784043.82598268986 1179092
93 5 907165754.03623819351 1156681
94 5 1290284928.4869475365 1157516
95 5 468235727.40543961525 1156222
96 5 1024940831.734063983 1179558
97 5 992074922.24532401562 1155249
98 5 298522731.92343717813 1154814
99 5 731492826.553378582 1193685
% Edges = 5.5
0 5.5 708504365.27514159679 1305173
1 5.5 511128551.89937025309 1287990
2 5.5 653666495.41146683693 1287160
3 5.5 1002500318.0298403502 1302940
4 5.5 717435990.5409526825 1284178
5 5.5 434172214.34958565235 1304536
6 5.5 654698758.36861133575 1304918
7 5.5 821909157.88442265987 1286982
8 5.5 547649066.33821129799 1307880
9 5.5 800637541.56254661083 1290850
10 5.5 640432705.30638217926 1311555
11 5.5 445667060.7102933526 1311746
12 5.5 644613046.5919123888 1291302
13 5.5 545041134.11350536346 1311091
14 5.5 731493632.2049716711 1289498
15 5.5 504598195.97242724895 1294465
16 5.5 690301294.4388384819 1300007
17 5.5 811638611.16934847832 1286468
18 5.5 681095284.66189515591 1310609
19 5.5 548068218.19142603874 1281758
20 5.5 855922004.8169901371 1287417
21 5.5 539616154.45228302479 1309631
22 5.5 662443087.13708233833 1286848
23 5.5 495989815.07715386152 1307778
24 5.5 496238651.29424035549 1308920
25 5.5 618684887.32987785339 1291771
26 5.5 498030357.66537636518 1311534
27 5.5 504050118.25480663776 1295533
28 5.5 662340519.81930375099 1289605
29 5.5 392087061.36096030474 1310247
30 5.5 702616617.04355835915 1292100
31 5.5 525372477.0107409358 1306950
32 5.5 845493528.51781630516 1273168
33 5.5 596840379.49037075043 1299069
34 5.5 719400498.25171363354 1309282
35 5.5 547537306.12814950943 1287370
36 5.5 818985461.90320420265 1284310
37 5.5 535702646.68770456314 1311107
38 5.5 495203360.30055487156 1288318
39 5.5 903968429.65012764931 1304686
40 5.5 666486963.96179461479 1285921
41 5.5 650323736.37524795532 1306693
42 5.5 557054943.49652147293 1308416
43 5.5 616676981.77845287323 1286283
44 5.5 475800747.39740175009 1285271
45 5.5 793340039.51511228085 1309683
46 5.5 442456680.81601113081 1286441
47 5.5 537117542.34400618076 1285406
48 5.5 493702164.83522164822 1308611
49 5.5 783451352.13928925991 1291587
50 5.5 1011480786.2867875099 1306093
51 5.5 714497543.39801931381 1290773
52 5.5 764959228.72980749607 1290547
53 5.5 162461948.45966663957 1304521
54 5.5 943136724.38409340382 1286755
55 5.5 757918213.99507522583 1306480
56 5.5 722146838.25818812847 1284750
57 5.5 946633863.50936889648 1332630
58 5.5 486750040.81651902199 1288620
59 5.5 822720093.74838066101 1311662
60 5.5 967140940.19377529621 1270477
61 5.5 613124070.03588247299 1293161
62 5.5 784491388.5448539257 1273839
63 5.5 495918756.97952073812 1273133
64 5.5 827703276.04545080662 1295869
65 5.5 495638503.63833665848 1271291
66 5.5 602317358.90739262104 1275498
67 5.5 723162965.65834152699 1292404
68 5.5 748670690.69924211502 1274192
69 5.5 613755640.8514560461 1271650
70 5.5 812189390.15089654922 1286120
71 5.5 677447171.00294208527 1271651
72 5.5 1174091737.4584333897 1290629
73 5.5 952356521.09445893764 1270763
74 5.5 491510139.59822869301 1291236
75 5.5 833448073.37831366062 1290380
76 5.5 1193802737.7414703369 1271804
77 5.5 631239633.52191638947 1290712
78 5.5 749321656.71912360191 1273405
79 5.5 496431036.43955308199 1268858
80 5.5 594445986.28205513954 1292327
81 5.5 492200964.97604089975 1270673
82 5.5 879599215.76891279221 1268770
83 5.5 277346412.41604351997 1273502
84 5.5 645558261.15117692947 1289604
85 5.5 647151926.99224615097 1269854
86 5.5 885919947.1362760067 1284392
87 5.5 391246470.33072626591 1270554
88 5.5 798743014.38954627514 1290245
89 5.5 272860693.90465497971 1272334
90 5.5 764500519.08933615685 1289747
91 5.5 420170175.28722912073 1271689
92 5.5 738882205.74668979645 1293716
93 5.5 801984834.01992619038 1272840
94 5.5 1013741279.0389137268 1294600
95 5.5 996658014.27642154694 1273948
96 5.5 759130910.88317108154 1270768
97 5.5 766022160.29030299187 1294304
98 5.5 867596442.37527453899 1271076
99 5.5 738961434.58922040462 1276877
% Edges = 6
0 6 556491436.29363822937 1404185
1 6 405671354.65765446424 1388853
2 6 907124536.46229875088 1411560
3 6 599688987.36917388439 1409898
4 6 644332420.3545435667 1389349
5 6 885142883.63597679138 1409760
6 6 351132548.6914871335 1389274
7 6 651136374.02399396896 1420557
8 6 1055058551.2153036594 1410659
9 6 541658457.6262639761 1392659
10 6 665334272.63895082474 1417203
11 6 666522798.74083971977 1393985
12 6 901226249.86305320263 1416191
13 6 793035661.56735610962 1394457
14 6 603559380.70126271248 1412187
15 6 924710708.56856238842 1395241
16 6 819446531.36054670811 1410693
17 6 805382660.27300667763 1391224
18 6 801130285.90764284134 1404991
19 6 607152535.61685919762 1411821
20 6 607995407.04113721848 1389780
21 6 652581049.89571464062 1408532
22 6 650367862.91286087036 1408600
23 6 650124359.78053367138 1389110
24 6 910006852.92121970654 1392875
25 6 689674201.25220620632 1413197
26 6 611481470.79054713249 1392603
27 6 301496579.63108843565 1413846
28 6 870748878.16083717346 1392368
29 6 1167117766.0921347141 1408835
30 6 929345393.85644316673 1394044
31 6 501000700.5059005022 1391494
32 6 658697200.06126403809 1413188
33 6 775690336.09824669361 1393592
34 6 1029560867.6399798393 1406291
35 6 781730130.99770319462 1412435
36 6 246310442.71278715134 1393547
37 6 680984666.37894701958 1411478
38 6 1103163823.4677944183 1412731
39 6 788349996.24445009232 1416837
40 6 858104706.71328890324 1394369
41 6 664574386.52303671837 1391215
42 6 400917886.54012137651 1416061
43 6 438291762.10341876745 1390882
44 6 559048927.42987990379 1412658
45 6 753087395.26555132866 1392621
46 6 550440067.92617487907 1411002
47 6 881752351.99928379059 1391090
48 6 815100127.1261895895 1412860
49 6 408039847.53917860985 1387276
50 6 648450708.53015065193 1411846
51 6 466147213.50452983379 1389701
52 6 408043324.11528629065 1410063
53 6 548232462.39282143116 1409762
54 6 668382688.65119075775 1410430
55 6 807007143.26596045494 1390871
56 6 730081781.32835459709 1413647
57 6 454859568.94155478477 1424575
58 6 888186528.20036530495 1420335
59 6 620115520.00133657455 1396480
60 6 882559882.513890028 1416189
61 6 396390382.90107280016 1399966
62 6 758694236.29013907909 1416190
63 6 576279115.78879785538 1398166
64 6 809312130.70367252827 1410844
65 6 715530589.51850271225 1395565
66 6 657649962.67270970345 1414896
67 6 944400190.87368345261 1412084
68 6 766639069.41053760052 1394112
69 6 818660588.97260189056 1413464
70 6 530796933.30898368359 1414522
71 6 573844356.05676198006 1398304
72 6 254018495.80576872826 1419463
73 6 443999539.79535090923 1397691
74 6 754073022.06441628933 1420368
75 6 398053557.16517186165 1396424
76 6 668424004.20125997066 1417582
77 6 818643959.12726688385 1391077
78 6 608017770.27972412109 1395177
79 6 689852781.89513850212 1394565
80 6 650764007.1403721571 1411773
81 6 646837700.02618408203 1414664
82 6 597089823.68010687828 1393096
83 6 415220991.76272416115 1412665
84 6 618220054.65686094761 1413806
85 6 971290262.97052943707 1396338
86 6 751011258.57505655289 1415217
87 6 945963657.46847605705 1418522
88 6 556137675.09244263172 1399040
89 6 567640529.41457796097 1417820
90 6 729816400.45240783691 1400173
91 6 941595117.6941665411 1405333
92 6 710042799.65653550625 1410792
93 6 702628011.39389777184 1396102
94 6 807288544.86991608143 1417796
95 6 309570395.72609072924 1412044
96 6 993578161.2250739336 1394760
97 6 453313055.71577119827 1413059
98 6 625586790.01604092121 1392910
99 6 611865232.47249078751 1412748
% Edges = 6.5
0 6.5 865182054.79181206226 1536013
1 6.5 879893789.13150072098 1537533
2 6.5 426932521.54813057184 1518646
3 6.5 541136610.44038879871 1537187
4 6.5 995001156.41235148907 1556986
5 6.5 717557723.87932133675 1516538
6 6.5 800612859.55073404312 1536296
7 6.5 1136854062.3331959248 1512983
8 6.5 651354921.11422801018 1533870
9 6.5 804309247.26770973206 1530213
10 6.5 726424850.66325342655 1534409
11 6.5 1016571099.8038846254 1515286
12 6.5 776735658.80870723724 1534017
13 6.5 568475786.08729195595 1534947
14 6.5 236313388.72218286991 1535059
15 6.5 463342684.8031873107 1540261
16 6.5 579295607.68612098694 1516252
17 6.5 736245683.18624413013 1534499
18 6.5 514025769.30108958483 1515995
19 6.5 414075431.9955919981 1537261
20 6.5 880416242.42230272293 1518826
21 6.5 372848149.18055009842 1535923
22 6.5 609568158.33592307568 1573388
23 6.5 653981219.23318910599 1556773
24 6.5 851353244.48484563828 1520413
25 6.5 896315080.89829576015 1533770
26 6.5 632557978.33381843567 1531693
27 6.5 830385852.16955530643 1528746
28 6.5 418151970.00094437599 1533090
29 6.5 659393790.42293584347 1513639
30 6.5 516112881.10397076607 1535914
31 6.5 824004983.50258731842 1534272
32 6.5 749795437.55677270889 1513551
33 6.5 972193772.76978194714 1533164
34 6.5 719117957.74516105652 1521308
35 6.5 667342498.41696500778 1525947
36 6.5 579558180.66359090805 1535539
37 6.5 760161097.05386507511 1529602
38 6.5 885694623.01943290234 1513035
39 6.5 536965530.32313275337 1532368
40 6.5 1166632237.4652571678 1529022
41 6.5 972830840.93363320827 1532338
42 6.5 730888793.58160960674 1532309
43 6.5 659174814.32722961903 1513308
44 6.5 850656697.03938484192 1515657
45 6.5 668654238.4972358942 1535218
46 6.5 599682261.61149597168 1514071
47 6.5 366079702.56094396114 1532348
48 6.5 548219362.4936195612 1518766
49 6.5 749541154.88787305355 1528347
50 6.5 718169589.71110069752 1536756
51 6.5 854659318.71669566631 1516757
52 6.5 949555737.78263020515 1527713
53 6.5 623767162.12928938866 1530877
54 6.5 781342031.29996168613 1532033
55 6.5 364317875.50063478947 1511854
56 6.5 814591814.30567657948 1532285
57 6.5 774562257.83732283115 1535958
58 6.5 422991984.23630565405 1538277
59 6.5 837930900.68848025799 1516627
60 6.5 553968729.91807055473 1541074
61 6.5 600447608.51808834076 1540547
62 6.5 767109099.59356069565 1516028
63 6.5 615427314.87937927246 1537827
64 6.5 535443592.91976374388 1520140
65 6.5 758671326.22182881832 1539452
66 6.5 407755352.23283547163 1533083
67 6.5 674107272.72968065739 1516833
68 6.5 467067954.15805804729 1533313
69 6.5 785760587.93236613274 1534991
70 6.5 726405038.40095639229 1535285
71 6.5 458107418.77559989691 1537395
72 6.5 912849248.76502537727 1517193
73 6.5 665355043.03892850876 1539673
74 6.5 796253647.96088957787 1537424
75 6.5 509210584.97797191143 1514715
76 6.5 465784136.44306057692 1535223
77 6.5 567890616.46417224407 1515226
78 6.5 565505497.66965150833 1535561
79 6.5 845959066.55611312389 1536194
80 6.5 926104442.36659121513 1529997
81 6.5 587454776.87280070782 1514258
82 6.5 705319680.23090350628 1532956
83 6.5 638622007.57829165459 1530565
84 6.5 857308067.86142122746 1536964
85 6.5 914286640.07456660271 1537944
86 6.5 902626199.94363248348 1540747
87 6.5 446186446.5721693635 1518759
88 6.5 546870491.66198325157 1539681
89 6.5 761963737.71841943264 1518852
90 6.5 862973509.3870190382 1514467
91 6.5 632601666.72297525406 1536287
92 6.5 572899577.27961134911 1514544
93 6.5 344330364.05406445265 1536821
94 6.5 468130929.59190702438 1531415
95 6.5 720390216.57327067852 1514809
96 6.5 547584910.07955789566 1532642
97 6.5 875563003.01074028015 1529390
98 6.5 508433397.05108642578 1532370
99 6.5 661471797.00476932526 1535410
% Edges = 7
0 7 635061331.06048846245 1658864
1 7 720184683.69179284573 1638953
2 7 754582731.43729901314 1658985
3 7 641359237.79713666439 1660959
4 7 996312595.39495837688 1643469
5 7 769705358.23689424992 1680762
6 7 920559392.17537426949 1638469
7 7 648008124.11065757275 1651543
8 7 555120291.49465036392 1657009
9 7 600485022.5952912569 1655460
10 7 666636219.17641758919 1653590
11 7 835952480.15729534626 1655603
12 7 740580993.50862681866 1654673
13 7 574794543.85973322392 1656427
14 7 385910921.154250741 1656551
15 7 601691194.95852231979 1635944
16 7 390963572.5539008975 1657233
17 7 848073979.32952797413 1657689
18 7 622302569.85925221443 1654568
19 7 461695555.34748733044 1638641
20 7 711364769.94086611271 1652285
21 7 541244387.33594357967 1677661
22 7 570755550.74107718468 1655275
23 7 794871407.23207843304 1652769
24 7 519126208.56881213188 1653206
25 7 783969661.43402957916 1655677
26 7 620353796.55585992336 1655493
27 7 841137704.20558714867 1657705
28 7 553746041.21344923973 1638012
29 7 838059331.8639947176 1656676
30 7 733150305.1440782547 1657634
31 7 751092738.14286708832 1652054
32 7 786143778.58875107765 1653148
33 7 1173760684.6252985001 1654744
34 7 937940147.05452251434 1653766
35 7 351750223.51288259029 1654024
36 7 727797942.65510392189 1657836
37 7 772235182.5663394928 1655156
38 7 781357087.28634774685 1657080
39 7 686194627.77601504326 1636960
40 7 397666670.43541443348 1657970
41 7 573635649.16729176044 1666773
42 7 653510423.35687279701 1655878
43 7 560646735.63529992104 1638525
44 7 696084227.55537903309 1652286
45 7 875254511.36247742176 1656711
46 7 707562994.16298258305 1656068
47 7 352951738.19491505623 1654319
48 7 733173082.59503591061 1652158
49 7 525202146.10822367668 1653716
50 7 690169226.14068257809 1653211
51 7 682723898.37986373901 1655021
52 7 860947738.10955095291 1657026
53 7 799176492.05177092552 1634423
54 7 702959838.85535252094 1659881
55 7 1066286460.0343683958 1654559
56 7 646851085.23330974579 1639384
57 7 969610006.77680802345 1654754
58 7 1044127754.2672356367 1657986
59 7 571312720.8100785017 1651897
60 7 606859535.38929975033 1655098
61 7 629590728.73582386971 1653444
62 7 773237559.85647404194 1658147
63 7 677994322.48846340179 1656791
64 7 854622119.6772646904 1659527
65 7 678726123.06118118763 1654454
66 7 760059925.54419922829 1638863
67 7 834650800.25941419601 1659221
68 7 863852681.99668157101 1656232
69 7 386957916.39048027992 1640556
70 7 686899286.83621954918 1652321
71 7 829723237.56444823742 1657068
72 7 479831042.11062777042 1653475
73 7 738609115.79400599003 1654622
74 7 738215224.81986117363 1651303
75 7 763042262.32662332058 1653185
76 7 803910034.64076447487 1655060
77 7 753530714.7310539484 1663999
78 7 648908347.28287780285 1676439
79 7 458431104.25242447853 1638006
80 7 622212636.50364077091 1659970
81 7 559724236.32484722137 1658881
82 7 816344225.43681538105 1659393
83 7 604322118.28898477554 1642298
84 7 647109006.15833628178 1657681
85 7 614669322.80964171886 1652570
86 7 723537911.64369511604 1654059
87 7 812510473.20898962021 1653025
88 7 634364767.99661314487 1650137
89 7 380851648.46616464853 1652943
90 7 599928639.29030704498 1655647
91 7 726931093.45365011692 1658365
92 7 563232889.09667944908 1638554
93 7 820008437.4115319252 1658713
94 7 602113546.16672670841 1659120
95 7 648371651.83920419216 1658774
96 7 688184171.17876291275 1639800
97 7 500817607.78088515997 1658922
98 7 516464227.87934756279 1656709
99 7 472669753.78266876936 1653522
% Edges = 7.5
0 7.5 484346418.63447386026 1772496
1 7.5 705674497.1560652256 1770541
2 7.5 474510926.33866691589 1775925
3 7.5 818907445.55414819717 1756930
4 7.5 558154049.73318934441 1777565
5 7.5 691254643.35253047943 1777521
6 7.5 724865434.03507602215 1777076
7 7.5 454000499.46439558268 1765462
8 7.5 760343722.9543428421 1799071
9 7.5 404630437.42833757401 1779454
10 7.5 969477770.15335285664 1772885
11 7.5 876053368.36466431618 1773554
12 7.5 628213848.06536340714 1777801
13 7.5 665173834.6761828661 1797208
14 7.5 611937096.74155986309 1774945
15 7.5 488939371.15146481991 1774919
16 7.5 558961604.05850183964 1776467
17 7.5 1024411812.098277688 1776702
18 7.5 635438215.45363032818 1778285
19 7.5 495427414.71367746592 1761600
20 7.5 573735742.13908684254 1789727
21 7.5 780129895.42352485657 1775012
22 7.5 765899881.09013855457 1771862
23 7.5 518842471.0086786747 1776427
24 7.5 666806988.97045636177 1771273
25 7.5 851618126.91785633564 1772117
26 7.5 612758579.68981599808 1772858
27 7.5 462658139.37472224236 1776376
28 7.5 430279132.33998292685 1777915
29 7.5 643594392.18443393707 1779403
30 7.5 659277862.49967741966 1774506
31 7.5 778303351.32052659988 1776345
32 7.5 538610673.91365802288 1774117
33 7.5 561806151.60554563999 1777176
34 7.5 730077574.69161295891 1772137
35 7.5 532647943.86551707983 1774902
36 7.5 635392492.65217983723 1773325
37 7.5 573832476.48245847225 1773204
38 7.5 894257998.40671336651 1774220
39 7.5 776318982.04749321938 1776039
40 7.5 573288381.08613657951 1776522
41 7.5 660476419.66304576397 1778528
42 7.5 855102604.68083584309 1776904
43 7.5 724611091.96219539642 1762449
44 7.5 1036753758.8001857996 1790059
45 7.5 291845368.30740743876 1777086
46 7.5 525642336.868303895 1772066
47 7.5 692218257.94928777218 1774791
48 7.5 1064383419.7222673893 1774411
49 7.5 853878487.62238442898 1772529
50 7.5 443221920.18331259489 1774607
51 7.5 708361608.71413600445 1778320
52 7.5 534674461.00452554226 1779044
53 7.5 1038779532.4166955948 1777604
54 7.5 895068568.3606159687 1777856
55 7.5 450988201.89923918247 1761106
56 7.5 626339165.61548519135 1790343
57 7.5 638220744.72296273708 1753699
58 7.5 1129196903.8106799126 1772121
59 7.5 755232547.59031701088 1774889
60 7.5 980898158.31626486778 1792610
61 7.5 485908604.19551622868 1771848
62 7.5 751997477.01519906521 1770502
63 7.5 1004827064.8082926273 1778007
64 7.5 605975289.76106357574 1776517
65 7.5 683317280.65806901455 1779188
66 7.5 703228666.11248266697 1777592
67 7.5 600412547.8553467989 1762973
68 7.5 524392970.45210874081 1789273
69 7.5 741899350.14940154552 1755380
70 7.5 786104574.46897876263 1772253
71 7.5 709286987.49659669399 1774919
72 7.5 592513035.11522400379 1799593
73 7.5 1122565735.394359827 1773536
74 7.5 801699883.55521762371 1774730
75 7.5 630646769.58257961273 1775576
76 7.5 786583688.39941298962 1778768
77 7.5 573554063.07310390472 1782292
78 7.5 678457011.184851408 1780608
79 7.5 611617452.46095299721 1763213
80 7.5 543765022.27680242062 1775366
81 7.5 855605324.82381141186 1777342
82 7.5 506865380.32185202837 1772129
83 7.5 723707426.12856471539 1774530
84 7.5 751927010.15839350224 1773306
85 7.5 554619483.09507870674 1794367
86 7.5 617044389.49064183235 1774993
87 7.5 424926907.63507431746 1775629
88 7.5 974545404.08633458614 1779022
89 7.5 819723642.48109102249 1780335
90 7.5 736933281.27858614922 1781272
91 7.5 716376304.36338353157 1806758
92 7.5 730871881.2930546999 1775669
93 7.5 361663612.47222089767 1781855
94 7.5 694137111.91635203362 1778661
95 7.5 492944637.20199108124 1779208
96 7.5 623361268.43336129189 1778465
97 7.5 556345679.39064264297 1796970
98 7.5 709608417.29044449329 1778358
99 7.5 718324887.25269663334 1780504
% Edges = 8
0 8 1135210678.8382747173 1906338
1 8 401621576.09409677982 1905604
2 8 536404301.36277914047 1906512
3 8 341376249.14301735163 1889873
4 8 380800282.39702641964 1918266
5 8 582757508.68113207817 1928362
6 8 635488799.52595090866 1900198
7 8 760183619.02203369141 1905361
8 8 842193859.44516813755 1919017
9 8 597285381.61719214916 1899309
10 8 498048994.28758579493 1901034
11 8 708921855.62590289116 1901960
12 8 549880361.32794058323 1914974
13 8 696283178.03569149971 1931780
14 8 489274745.57114923 1893241
15 8 717402630.71207582951 1894772
16 8 659688521.74235808849 1900643
17 8 674112707.79402422905 1905772
18 8 780194601.60254704952 1903216
19 8 603212695.61540055275 1899699
20 8 383828995.33423727751 1899513
21 8 689347102.26796388626 1923143
22 8 757687368.43886351585 1901595
23 8 719130602.2891805172 1906342
24 8 583129479.61673402786 1906124
25 8 452358070.64625096321 1905616
26 8 810232513.8371232748 1901330
27 8 537941119.7209072113 1904248
28 8 640551906.44328904152 1902150
29 8 595214548.6296826601 1906198
30 8 525320993.95753353834 1921855
31 8 532154765.23634207249 1900863
32 8 802973089.30200779438 1903403
33 8 568515760.21179997921 1905535
34 8 783942385.36238491535 1888624
35 8 661633671.4824398756 1909273
36 8 524904862.24196499586 1908203
37 8 737434314.92455160618 1906677
38 8 642794477.32254016399 1923387
39 8 731849981.59298586845 1908508
40 8 569438148.59039795399 1905586
41 8 540621133.53067696095 1904599
42 8 763246469.90994501114 1903787
43 8 643772117.47664165497 1924200
44 8 644644310.81716942787 1905330
45 8 639788606.04971861839 1908367
46 8 579096553.56891453266 1906385
47 8 881706511.84395217896 1909311
48 8 615111123.38266170025 1907145
49 8 678470875.46714067459 1905273
50 8 811468112.36221837997 1906849
51 8 718578076.82757151127 1899801
52 8 1007209960.420204401 1921610
53 8 300232861.02274245024 1900207
54 8 617595813.78002715111 1899346
55 8 717815389.09025478363 1924959
56 8 658690138.27073860168 1907051
57 8 506701601.57722473145 1905374
58 8 463922433.42282021046 1906953
59 8 790008082.98373413086 1891131
60 8 486612745.17729300261 1916506
61 8 755556884.39367127419 1903287
62 8 848572479.41947984695 1905600
63 8 637255501.65732502937 1903640
64 8 642788300.79249870777 1922784
65 8 633744485.56603574753 1899305
66 8 685340507.16106188297 1903485
67 8 768958661.97995722294 1904084
68 8 832351449.61756181717 1904752
69 8 751637795.81052076817 1906683
70 8 994160628.41014814377 1903199
71 8 717732500.79153168201 1904736
72 8 640856134.28199660778 1900543
73 8 609806744.75937950611 1903102
74 8 447752653.93472957611 1921636
75 8 728752328.06262159348 1903696
76 8 714916139.30689406395 1901104
77 8 966787982.6906015873 1920743
78 8 485286259.62968575954 1903491
79 8 608410471.10478317738 1904823
80 8 757004255.59127950668 1907123
81 8 223538678.9775916934 1904116
82 8 791286133.02744936943 1904104
83 8 736412618.08791661263 1906420
84 8 639185336.5081704855 1902217
85 8 789428317.92843616009 1905396
86 8 864928044.06607663631 1919611
87 8 590238090.9241617918 1898701
88 8 599178947.6430221796 1897882
89 8 602490233.6617487669 1900004
90 8 880605015.96951460838 1903363
91 8 673133834.61897110939 1905926
92 8 673527869.39853167534 1906360
93 8 805236073.85695004463 1906353
94 8 592758836.51371455193 1921722
95 8 598743518.723305583 1906765
96 8 589708031.77222955227 1905864
97 8 558558825.93572831154 1900790
98 8 570117445.7763812542 1901780
99 8 567492248.85280990601 1919341
% Edges = 8.5
0 8.5 581654279.50966346264 2025443
1 8.5 1027714177.026940465 2025232
2 8.5 529816749.28459578753 2028384
3 8.5 541500773.43183839321 2044986
4 8.5 526646893.20939087868 2021821
5 8.5 527454447.4669110775 2022213
6 8.5 745678276.02555000782 2027863
7 8.5 837866643.94319951534 2044529
8 8.5 740075918.70587491989 2021169
9 8.5 458495314.64125370979 2039011
10 8.5 889980074.58010852337 2024676
11 8.5 430147203.31193733215 2025370
12 8.5 712296002.16304993629 2050893
13 8.5 915670952.72335541248 2023425
14 8.5 467452063.1187505722 2025729
15 8.5 866588870.54317498207 2019287
16 8.5 392821888.35504484177 2019644
17 8.5 456643956.90710908175 2041878
18 8.5 603592383.22267007828 2023090
19 8.5 684306673.78488838673 2041105
20 8.5 684058064.23903596401 2022856
21 8.5 632238973.32310664654 2045393
22 8.5 540813667.21426177025 2027771
23 8.5 656247892.87309610844 2027465
24 8.5 768175572.87901520729 2022899
25 8.5 837530716.52094316483 2026027
26 8.5 621980231.99106740952 2022198
27 8.5 649352219.11232995987 2048508
28 8.5 805945569.2893140316 2027449
29 8.5 508215087.52488297224 2043896
30 8.5 563542143.09358513355 2022708
31 8.5 730548397.95029604435 2044162
32 8.5 458783718.97567629814 2031651
33 8.5 546888486.3294018507 2032023
34 8.5 611844477.74579048157 2027873
35 8.5 844604028.48005402088 2039845
36 8.5 545853606.125618577 2044657
37 8.5 467877371.98757040501 2027726
38 8.5 809592726.88050782681 2039616
39 8.5 992748920.54239654541 2044116
40 8.5 532614493.92876392603 2027126
41 8.5 733430902.61233210564 2043487
42 8.5 902378963.94419133663 2028832
43 8.5 595149552.68359994888 2027835
44 8.5 965902527.53374171257 2024082
45 8.5 385114725.19540411234 2030663
46 8.5 853503757.87678265572 2034220
47 8.5 583351874.400791049 2023988
48 8.5 490577849.44433879852 2045936
49 8.5 741512568.42368912697 2021935
50 8.5 640818340.87207186222 2038808
51 8.5 724202696.55703163147 2019309
52 8.5 550494947.43612658978 2023619
53 8.5 936433730.10112309456 2049788
54 8.5 618015430.25159358978 2025228
55 8.5 572721264.62328088284 2021630
56 8.5 903024459.75415611267 2024248
57 8.5 907995887.41656064987 2020139
58 8.5 543760515.42606282234 2044546
59 8.5 954527447.75794219971 2023174
60 8.5 773141173.19282197952 2043187
61 8.5 685533729.18999743462 2021306
62 8.5 793918838.5706230402 2020787
63 8.5 562369580.30776333809 2048090
64 8.5 685968975.88922059536 2028021
65 8.5 683239859.09983050823 2023734
66 8.5 679602066.34180688858 2024196
67 8.5 782584260.49907803535 2019909
68 8.5 637655846.53807544708 2021337
69 8.5 538722025.17070233822 2026639
70 8.5 721493076.06122982502 2042326
71 8.5 532014589.2668158412 2018628
72 8.5 548276956.15681195259 2040218
73 8.5 663377932.90624403954 2026107
74 8.5 635490658.3759560585 2023915
75 8.5 661754755.62128686905 2022481
76 8.5 792893944.41355872154 2032731
77 8.5 753852225.48268961906 2033824
78 8.5 651984474.43524110317 2024039
79 8.5 778343858.86155581474 2048502
80 8.5 534988721.41137993336 2024925
81 8.5 424139834.41246306896 2042619
82 8.5 392981207.20658361912 2022889
83 8.5 724257061.13010299206 2026490
84 8.5 701613753.05853772163 2047411
85 8.5 789170856.3069037199 2027729
86 8.5 526105326.20624160767 2021756
87 8.5 488186399.95607000589 2023726
88 8.5 602270338.4041466713 2041757
89 8.5 613815064.26130819321 2021646
90 8.5 674101183.00276911259 2042994
91 8.5 656244950.67529070377 2020807
92 8.5 574424170.66505646706 2040762
93 8.5 794763161.5238275528 2026185
94 8.5 490911564.32684874535 2066989
95 8.5 767072938.34725856781 2026710
96 8.5 688946703.89908599854 2025374
97 8.5 508315298.43455696106 2023993
98 8.5 448208973.08279085159 2043753
99 8.5 628946480.41625618935 2022555
% Edges = 9
0 9 781906625.84637284279 2165363
1 9 511305300.11657381058 2143116
2 9 749701438.0139080286 2158899
3 9 443199669.83160895109 2166108
4 9 841399197.65879058838 2148418
5 9 472958383.64531952143 2148584
6 9 1013764430.6429520845 2152059
7 9 775085895.74388575554 2159772
8 9 674479415.48590004444 2162774
9 9 432789498.50354224443 2150788
10 9 652279989.89423334599 2166427
11 9 658455011.56352627277 2164689
12 9 735625776.67944598198 2144594
13 9 725446982.43728947639 2168912
14 9 627014683.72412908077 2149993
15 9 601375027.63933825493 2168472
16 9 583111018.43701827526 2152736
17 9 513893467.43215823174 2151667
18 9 909290404.87652719021 2167211
19 9 539174914.87112760544 2168645
20 9 756289607.50259149075 2147754
21 9 663581120.25487089157 2161376
22 9 875321528.84421801567 2184997
23 9 646236606.90645360947 2153383
24 9 537819242.57606065273 2172985
25 9 402658374.95676672459 2133851
26 9 476213973.81593537331 2163980
27 9 760989570.01161670685 2162632
28 9 634295734.80886244774 2148895
29 9 675860686.59628796577 2166269
30 9 706277812.52455687523 2163102
31 9 798025481.39976930618 2143749
32 9 611012338.1285135746 2166695
33 9 541267254.54001235962 2148242
34 9 597999208.32555437088 2165750
35 9 520180946.37827676535 2147728
36 9 882319997.98918497562 2163864
37 9 706213406.4230479002 2143087
38 9 909541357.50102829933 2166539
39 9 727584711.67633712292 2144786
40 9 726621540.84176504612 2159977
41 9 647809915.61465060711 2164923
42 9 722863533.68387281895 2147867
43 9 473600324.69532072544 2148939
44 9 501057399.71362519264 2150631
45 9 600594703.0901055336 2159630
46 9 829963777.45237934589 2160812
47 9 609586522.09774184227 2148228
48 9 640344905.46848726273 2167709
49 9 519897059.65467941761 2165644
50 9 664896933.38372850418 2149403
51 9 740431067.56350588799 2168705
52 9 634978502.64293050766 2150202
53 9 818600480.84117567539 2168547
54 9 667175885.32085192204 2152398
55 9 872288224.29177093506 2167124
56 9 792539868.4182472229 2143869
57 9 549624747.09540498257 2168312
58 9 703917989.32908403873 2166482
59 9 703696620.52526640892 2145846
60 9 597077304.90265667439 2170447
61 9 596313270.12738454342 2170479
62 9 1124957837.1578171253 2150720
63 9 721315156.28873682022 2169560
64 9 674140227.19205987453 2148185
65 9 372578626.85412859917 2165207
66 9 971203794.2480083704 2146856
67 9 853400846.24723994732 2163895
68 9 572557220.15917265415 2144817
69 9 501173431.80343544483 2162883
70 9 433374059.63916683197 2167943
71 9 971397303.76079797745 2147023
72 9 588118305.24908471107 2153539
73 9 881473702.71484911442 2156521
74 9 403502843.49573808908 2164479
75 9 630771278.44706904888 2145825
76 9 913551346.07862305641 2163417
77 9 594177882.0065754652 2174146
78 9 540482626.92394900322 2143671
79 9 584203600.35258793831 2165233
80 9 645205995.37573361397 2167080
81 9 575445365.1334053278 2146243
82 9 584422096.52708351612 2147850
83 9 700804608.22230899334 2163311
84 9 437327246.47236514091 2148660
85 9 605135144.12063550949 2167717
86 9 668126055.80073332787 2169820
87 9 616146786.65232956409 2146709
88 9 502000881.87571275234 2163989
89 9 495549816.19024026394 2151819
90 9 791648887.71442937851 2167077
91 9 694220979.10243046284 2146398
92 9 818183728.08226692677 2161713
93 9 436692141.33627659082 2166188
94 9 584197350.03859758377 2144429
95 9 704875689.5151540041 2164312
96 9 684082774.23958432674 2143069
97 9 1055605821.6585704088 2163377
98 9 668839242.49430036545 2169558
99 9 563737510.2699034214 2150448
% Edges = 9.5
0 9.5 573759320.63974690437 2299547
1 9.5 819504860.30974042416 2301934
2 9.5 666619325.36221969128 2271674
3 9.5 921801965.03779459 2294372
4 9.5 606102502.2960858345 2296132
5 9.5 570214884.23061215878 2292388
6 9.5 606695016.98754930496 2270774
7 9.5 690387377.92200815678 2293116
8 9.5 455598739.01991778612 2293009
9 9.5 537461163.90649497509 2276330
10 9.5 822049596.24442219734 2292168
11 9.5 727176103.46847069263 2294924
12 9.5 643337904.35543000698 2293357
13 9.5 644769318.46960294247 2287317
14 9.5 885612643.04296219349 2269246
15 9.5 1085345444.2652964592 2290196
16 9.5 635032877.31806659698 2293069
17 9.5 638007148.21410369873 2292698
18 9.5 554858607.59155714512 2276392
19 9.5 728170261.90310978889 2292762
20 9.5 734943623.70202875137 2275269
21 9.5 507442601.2602558136 2291081
22 9.5 723269433.17574524879 2289067
23 9.5 717002631.51228404045 2289598
24 9.5 446335642.01447629929 2293148
25 9.5 546866670.30558955669 2277616
26 9.5 532118439.70513355732 2295040
27 9.5 678113670.93080854416 2297003
28 9.5 772652992.98444581032 2277887
29 9.5 663766212.95935344696 2299777
30 9.5 760812978.14934206009 2299241
31 9.5 825669761.38926053047 2281626
32 9.5 608883503.32311582565 2292535
33 9.5 886038594.17549288273 2296504
34 9.5 672607391.78897476196 2298837
35 9.5 418988546.61962938309 2285159
36 9.5 573201071.89455890656 2290619
37 9.5 565437833.84982538223 2295649
38 9.5 659776948.74876844883 2277644
39 9.5 531998681.32490032911 2294611
40 9.5 653801193.61158359051 2292067
41 9.5 1070498838.233558774 2289188
42 9.5 963995169.72861003876 2275210
43 9.5 551642974.3626563549 2294089
44 9.5 698253805.38668036461 2294591
45 9.5 599428119.21193897724 2271855
46 9.5 347809237.76497775316 2287040
47 9.5 842807351.94436466694 2295457
48 9.5 755583476.81479740143 2297586
49 9.5 658291952.03333878517 2284602
50 9.5 660765311.16561555862 2274172
51 9.5 849866986.4871186018 2294798
52 9.5 546371348.09395039082 2302825
53 9.5 621159687.97568011284 2321498
54 9.5 704204529.70198237896 2290300
55 9.5 670140098.73801338673 2296584
56 9.5 770934775.7920948267 2277137
57 9.5 582087012.00290834904 2297699
58 9.5 830448475.47804105282 2285652
59 9.5 564045434.33210372925 2306739
60 9.5 853618172.64796924591 2363155
61 9.5 820885599.41033709049 2292699
62 9.5 479699484.21483391523 2278825
63 9.5 570921098.30814790726 2293783
64 9.5 684410565.38717925549 2295135
65 9.5 603510928.30446279049 2279752
66 9.5 761493074.44986367226 2293682
67 9.5 469460312.78362369537 2302839
68 9.5 667385206.24409794807 2299874
69 9.5 495869699.65266394615 2316035
70 9.5 509048237.37821388245 2292526
71 9.5 640994309.55062043667 2283874
72 9.5 589943855.39979398251 2295220
73 9.5 785808076.40827250481 2295530
74 9.5 980142422.78980350494 2271185
75 9.5 678119308.88683986664 2288456
76 9.5 795996375.29661166668 2288561
77 9.5 681744332.86251461506 2339156
78 9.5 649057475.88865661621 2393423
79 9.5 748840830.06643784046 2277331
80 9.5 428400829.79441517591 2289338
81 9.5 479301757.83719319105 2288352
82 9.5 699986177.88889229298 2295756
83 9.5 980681282.31331980228 2307834
84 9.5 689153010.54729914665 2287955
85 9.5 612047338.25195634365 2290229
86 9.5 579398906.16735136509 2302927
87 9.5 604014314.24814796448 2288494
88 9.5 668063193.74190866947 2279752
89 9.5 768416066.94654870033 2291524
90 9.5 708212272.31881189346 2296431
91 9.5 668597614.60721158981 2276121
92 9.5 745844964.05865609646 2273478
93 9.5 608009930.77587914467 2289846
94 9.5 542463088.896920681 2287389
95 9.5 725527537.88283646107 2301309
96 9.5 899793741.27487611771 2273402
97 9.5 659048878.23598945141 2292542
98 9.5 547674024.18428611755 2293610
99 9.5 668337435.83616840839 2277460
% Edges = 10
0 10 739771830.67770457268 2417374
1 10 875959434.81619572639 2415032
2 10 684436873.10792124271 2413443
3 10 691370878.39524757862 2418919
4 10 599486532.11907935143 2422137
5 10 608896190.48925471306 2402393
6 10 720616052.19557952881 2417037
7 10 481796678.86211109161 2417846
8 10 670961860.26197886467 2429482
9 10 576433694.03731846809 2417970
10 10 652622849.80188643932 2412550
11 10 654039936.3268020153 2413497
12 10 688786460.48388457298 2419323
13 10 550644381.32925224304 2405912
14 10 972936648.09505712986 2426852
15 10 421818066.17612248659 2398788
16 10 700391651.44557571411 2423119
17 10 685092725.92339992523 2452616
18 10 867652831.21795976162 2427286
19 10 772935051.9593436718 2412939
20 10 805877612.14971971512 2397477
21 10 673706264.87887275219 2413547
22 10 569925779.59999525547 2421393
23 10 696175548.74905133247 2411340
24 10 616783958.57751107216 2416802
25 10 652323303.55055129528 2414046
26 10 797661780.62448883057 2408399
27 10 638096489.05103337765 2413745
28 10 667198866.59446048737 2415333
29 10 786166533.43361401558 2414678
30 10 552225366.01265466213 2399329
31 10 633373955.68522727489 2413978
32 10 692283696.36842536926 2422150
33 10 680485096.63782095909 2444179
34 10 615526336.01937913895 2417908
35 10 672246373.22697341442 2414691
36 10 569250337.96100842953 2416614
37 10 403722637.03629630804 2420455
38 10 794701343.37246215343 2403983
39 10 726998890.56880331039 2412692
40 10 563679694.07417821884 2417205
41 10 773770480.34824931622 2418476
42 10 633289649.42110109329 2418229
43 10 746389596.55420553684 2413134
44 10 612904955.74165856838 2416228
45 10 662183707.30721151829 2414041
46 10 899136875.29921400547 2414878
47 10 522950692.67842900753 2412027
48 10 658430479.21771538258 2421444
49 10 579084759.12738013268 2398967
50 10 632175513.42610168457 2419829
51 10 691428157.84004306793 2425025
52 10 765016380.95017004013 2413134
53 10 752053786.61150050163 2416057
54 10 659686028.49596118927 2394967
55 10 557951866.02235662937 2409374
56 10 489737759.04575639963 2411802
57 10 647088843.11865353584 2422890
58 10 735331762.73257124424 2423107
59 10 673616560.49870347977 2411934
60 10 733680323.58844947815 2416834
61 10 424487875.9456962347 2417873
62 10 556158731.65868222713 2414129
63 10 552215840.90738475323 2404397
64 10 645243492.98917937279 2414290
65 10 566456007.45451664925 2422988
66 10 588879143.26393353939 2416876
67 10 548925620.42863690853 2415139
68 10 708923102.67539083958 2415319
69 10 464717035.75909018517 2417521
70 10 771079195.2752468586 2417501
71 10 577107782.1939675808 2412333
72 10 699131782.96022248268 2394665
73 10 550532885.5713340044 2413076
74 10 524261059.92025381327 2415468
75 10 494231440.42364346981 2411629
76 10 576465268.64430046082 2404383
77 10 736335466.27170288563 2416463
78 10 560165594.92430269718 2428838
79 10 721967584.60814321041 2414382
80 10 794788509.17758786678 2426519
81 10 861301765.22944498062 2418366
82 10 788787308.63285338879 2403850
83 10 692468151.76874184608 2417449
84 10 547939419.42122852802 2424708
85 10 623134966.35397028923 2413502
86 10 798819550.51039326191 2416499
87 10 479213604.60100662708 2397399
88 10 580419883.10261142254 2411680
89 10 652959935.61090326309 2412108
90 10 658831116.75297665596 2419573
91 10 640433715.63911008835 2420773
92 10 872048073.87270605564 2412381
93 10 695149268.73470830917 2416289
94 10 536174047.71946543455 2420622
95 10 870787625.11207318306 2413210
96 10 723034186.69630229473 2400585
97 10 631668982.22432601452 2409220
98 10 667339644.53968679905 2415970
99 10 770200216.15280747414 2415907
