% Edges = 0.1
0 0.1 0 103222
1 0.10000000149011611938 0 96614
2 0.10000000149011611938 0 94460
3 0.10000000149011611938 3287416140.0393118858 94118
4 0.10000000149011611938 0 94083
5 0.10000000149011611938 0 94064
6 0.10000000149011611938 0 93911
7 0.10000000149011611938 0 94254
8 0.10000000149011611938 0 94169
9 0.10000000149011611938 2992386983.9881658554 103321
10 0.10000000149011611938 0 95871
11 0.10000000149011611938 0 97212
12 0.10000000149011611938 0 101741
13 0.10000000149011611938 0 100548
14 0.10000000149011611938 0 100592
15 0.10000000149011611938 0 100977
16 0.10000000149011611938 0 100263
17 0.10000000149011611938 0 95189
18 0.10000000149011611938 0 93744
19 0.10000000149011611938 0 94312
20 0.10000000149011611938 0 100137
21 0.10000000149011611938 0 94563
22 0.10000000149011611938 0 94463
23 0.10000000149011611938 0 93939
24 0.10000000149011611938 0 94104
25 0.10000000149011611938 2959097221.718398571 97520
26 0.10000000149011611938 0 94604
27 0.10000000149011611938 0 94000
28 0.10000000149011611938 0 94393
29 0.10000000149011611938 0 109764
30 0.10000000149011611938 0 94577
31 0.10000000149011611938 0 94746
32 0.10000000149011611938 0 94230
33 0.10000000149011611938 4077887590.6437745094 95261
34 0.10000000149011611938 0 96734
35 0.10000000149011611938 0 94135
36 0.10000000149011611938 0 93908
37 0.10000000149011611938 0 94242
38 0.10000000149011611938 0 93996
39 0.10000000149011611938 0 93866
40 0.10000000149011611938 5673498880.2204418182 94447
41 0.10000000149011611938 0 111123
42 0.10000000149011611938 2874431047.4929189682 93551
43 0.10000000149011611938 0 94125
44 0.10000000149011611938 3017208001.4356446266 94141
45 0.10000000149011611938 0 94283
46 0.10000000149011611938 0 105684
47 0.10000000149011611938 0 100932
48 0.10000000149011611938 0 100863
49 0.10000000149011611938 0 100662
50 0.10000000149011611938 0 100458
51 0.10000000149011611938 0 95359
52 0.10000000149011611938 0 94116
53 0.10000000149011611938 0 93704
54 0.10000000149011611938 2775388363.4603319168 94053
55 0.10000000149011611938 3045455433.0584416389 100574
56 0.10000000149011611938 2502564675.2173042297 94284
57 0.10000000149011611938 0 94245
58 0.10000000149011611938 0 94517
59 0.10000000149011611938 0 97037
60 0.10000000149011611938 0 94638
61 0.10000000149011611938 0 94336
62 0.10000000149011611938 0 94241
63 0.10000000149011611938 0 94289
64 0.10000000149011611938 0 110643
65 0.10000000149011611938 0 94186
66 0.10000000149011611938 0 94117
67 0.10000000149011611938 0 95548
68 0.10000000149011611938 0 96528
69 0.10000000149011611938 0 94398
70 0.10000000149011611938 0 94089
71 0.10000000149011611938 3175410778.6316099167 93974
72 0.10000000149011611938 0 94313
73 0.10000000149011611938 0 94220
74 0.10000000149011611938 0 94393
75 0.10000000149011611938 3332610364.031879425 94089
76 0.10000000149011611938 0 107492
77 0.10000000149011611938 0 95254
78 0.10000000149011611938 0 94447
79 0.10000000149011611938 2473611962.1799783707 94376
80 0.10000000149011611938 0 95738
81 0.10000000149011611938 0 100205
82 0.10000000149011611938 0 101765
83 0.10000000149011611938 0 100820
84 0.10000000149011611938 6588537128.2292423248 100160
85 0.10000000149011611938 0 101047
86 0.10000000149011611938 0 98498
87 0.10000000149011611938 3073809957.6432256699 94207
88 0.10000000149011611938 0 106445
89 0.10000000149011611938 3309111944.6884155273 94295
90 0.10000000149011611938 2365147371.4951782227 95527
91 0.10000000149011611938 0 94507
92 0.10000000149011611938 0 94563
93 0.10000000149011611938 0 94188
94 0.10000000149011611938 0 96126
95 0.10000000149011611938 0 95010
96 0.10000000149011611938 0 94337
97 0.10000000149011611938 3163594834.1785936356 94435
98 0.10000000149011611938 3698712231.4403195381 94622
99 0.10000000149011611938 0 108485
% Edges = 0.25
0 0.25 0 250951
1 0.25 0 248346
2 0.25 0 241078
3 0.25 0 240477
4 0.25 0 251946
5 0.25 0 239442
6 0.25 1020874116.7216311693 252383
7 0.25 0 255919
8 0.25 0 258350
9 0.25 0 239502
10 0.25 0 240826
11 0.25 1125125192.3483347893 242560
12 0.25 0 239738
13 0.25 2422783081.3362846375 245772
14 0.25 0 240227
15 0.25 1095494778.0410735607 243574
16 0.25 3262290213.9590740204 251191
17 0.25 1259906143.3811838627 240277
18 0.25 0 239275
19 0.25 0 240319
20 0.25 1275157966.1381893158 254057
21 0.25 1017144055.5522868633 272240
22 0.25 1226290988.4611618519 244850
23 0.25 0 240648
24 0.25 0 239601
25 0.25 0 254259
26 0.25 0 239410
27 0.25 2385188617.8464970589 239892
28 0.25 0 239810
29 0.25 0 243872
30 0.25 1058743161.6645549536 255569
31 0.25 1186816639.762237072 239446
32 0.25 0 239579
33 0.25 0 240071
34 0.25 0 269526
35 0.25 0 256124
36 0.25 0 243156
37 0.25 0 240143
38 0.25 0 239342
39 0.25 0 256082
40 0.25 0 239670
41 0.25 0 239759
42 0.25 0 241904
43 0.25 0 240203
44 0.25 0 254612
45 0.25 1050760161.80445683 239415
46 0.25 0 239317
47 0.25 0 239942
48 0.25 0 257870
49 0.25 2096174235.6181592941 268339
50 0.25 0 240236
51 0.25 0 240767
52 0.25 0 239465
53 0.25 0 255657
54 0.25 1369518716.3155694008 239683
55 0.25 0 239514
56 0.25 0 241052
57 0.25 0 247099
58 0.25 0 239242
59 0.25 0 239757
60 0.25 0 239682
61 0.25 1120965126.211602211 253743
62 0.25 1151342039.7242488861 259260
63 0.25 0 255299
64 0.25 0 239282
65 0.25 1392033977.6549236774 257015
66 0.25 0 239983
67 0.25 1169199568.5784404278 243462
68 0.25 1194566759.3820102215 239631
69 0.25 2120468567.8776154518 240128
70 0.25 1248171923.2374849319 255110
71 0.25 1384826845.9454004765 240172
72 0.25 0 239735
73 0.25 1366266266.4337615967 239479
74 0.25 0 255841
75 0.25 0 243922
76 0.25 0 258232
77 0.25 0 253670
78 0.25 0 238806
79 0.25 1121636009.6630842686 254893
80 0.25 1372142896.000841856 239632
81 0.25 0 243001
82 0.25 0 239866
83 0.25 0 240137
84 0.25 1278642695.7507247925 256546
85 0.25 1088673813.7576918602 239604
86 0.25 0 239221
87 0.25 1267508015.9786467552 239385
88 0.25 0 254233
89 0.25 1180401752.2300801277 245643
90 0.25 0 257484
91 0.25 1307389576.8514578342 253081
92 0.25 0 238978
93 0.25 0 253041
94 0.25 0 240460
95 0.25 1138776594.8344292641 242359
96 0.25 2413589772.4115796089 239381
97 0.25 0 251199
98 0.25 2358634414.1957983971 245713
99 0.25 0 239565
% Edges = 0.5
0 0.5 556629082.7756177187 495747
1 0.5 1246956702.4693512917 492316
2 0.5 1122689600.6043760777 523454
3 0.5 0 481613
4 0.5 641889989.95342063904 496466
5 0.5 713115555.62953698635 475785
6 0.5 0 480233
7 0.5 1245529455.8724095821 487266
8 0.5 0 489706
9 0.5 0 505775
10 0.5 0 494900
11 0.5 589677329.81168961525 480157
12 0.5 545787042.95978856087 476351
13 0.5 1221181837.7009093761 497368
14 0.5 1185746768.7712283134 481539
15 0.5 0 508964
16 0.5 1186804356.0670838356 508500
17 0.5 647209973.14415550232 493494
18 0.5 618194175.17257356644 480454
19 0.5 0 478085
20 0.5 596495116.12956750393 490275
21 0.5 1659583155.0293912888 476148
22 0.5 656898483.65356600285 505714
23 0.5 1666446177.7380115986 502325
24 0.5 0 484479
25 0.5 607862679.49979639053 479951
26 0.5 1272689987.415286541 490752
27 0.5 0 476255
28 0.5 614672027.48215603828 491985
29 0.5 658213771.44575595856 498734
30 0.5 626218340.58888709545 496846
31 0.5 1225955166.2416441441 489127
32 0.5 584247529.11092913151 479767
33 0.5 671792876.85752952099 496698
34 0.5 1215823140.9742686749 476353
35 0.5 0 490135
36 0.5 0 479950
37 0.5 651647033.16752958298 528979
38 0.5 589402745.45583605766 476108
39 0.5 2103014010.2358198166 478748
40 0.5 0 491890
41 0.5 1059668904.311930418 482534
42 0.5 0 488100
43 0.5 561712061.05387926102 476380
44 0.5 641574249.92241466045 510587
45 0.5 2929625693.1551189423 501670
46 0.5 1104377544.3480052948 477431
47 0.5 989829444.16899800301 485754
48 0.5 0 489778
49 0.5 1097700298.3720526695 476116
50 0.5 626392023.22587358952 476159
51 0.5 0 492191
52 0.5 673938900.91036200523 516347
53 0.5 1188734022.033015728 489085
54 0.5 0 479602
55 0.5 659763954.80067324638 476341
56 0.5 1160027017.3049175739 482315
57 0.5 1196557300.3976411819 492156
58 0.5 1141594963.980017662 475796
59 0.5 0 507222
60 0.5 591600533.76810491085 505393
61 0.5 609998329.94875311852 489710
62 0.5 0 480336
63 0.5 630630839.66532039642 476356
64 0.5 1210694868.1631109715 494055
65 0.5 605060099.31755304337 476463
66 0.5 0 490472
67 0.5 0 514417
68 0.5 0 497644
69 0.5 0 477507
70 0.5 0 483348
71 0.5 0 481759
72 0.5 1279695770.9647433758 489058
73 0.5 618295130.25657474995 477094
74 0.5 1244551151.8245449066 506690
75 0.5 1156282273.2627921104 509098
76 0.5 0 477122
77 0.5 1160902886.3391060829 492771
78 0.5 0 475421
79 0.5 0 480929
80 0.5 619139531.08042383194 492873
81 0.5 0 476537
82 0.5 578628324.13597881794 509697
83 0.5 669077032.70289289951 503211
84 0.5 554156741.2965939045 477843
85 0.5 665107273.91602039337 491998
86 0.5 631517958.50847935677 480800
87 0.5 0 490731
88 0.5 0 475809
89 0.5 0 482073
90 0.5 1351952048.0398113728 525843
91 0.5 0 476795
92 0.5 2039637596.0858540535 494105
93 0.5 2007757011.1088528633 477730
94 0.5 1841037542.0713691711 488175
95 0.5 0 477366
96 0.5 696226111.47567296028 488741
97 0.5 560743431.28761339188 505922
98 0.5 1257167570.8123788834 511634
99 0.5 0 477820
% Edges = 0.75
0 0.75 844165152.99147510529 723780
1 0.75 426944776.84320032597 712346
2 0.75 773476993.49382507801 707361
3 0.75 0 774342
4 0.75 1198972739.0068902969 725625
5 0.75 0 710629
6 0.75 375197220.96114182472 725483
7 0.75 414082092.05478638411 722194
8 0.75 884817593.25539493561 753912
9 0.75 0 725235
10 0.75 1616598351.8187091351 725033
11 0.75 1258829931.796333313 712381
12 0.75 904366837.823351264 714125
13 0.75 1115332359.3314428329 759206
14 0.75 393021901.93652880192 732512
15 0.75 401107358.78218591213 712556
16 0.75 375939441.37213158607 725892
17 0.75 418701196.40394628048 708580
18 0.75 1184829359.1077182293 742361
19 0.75 394955777.43983960152 699519
20 0.75 833895017.40410721302 673445
21 0.75 804342952.39481246471 661317
22 0.75 1803634257.8278808594 674785
23 0.75 755461610.79552328587 660911
24 0.75 1599014178.1887159348 674240
25 0.75 825274266.53021204472 676858
26 0.75 0 661100
27 0.75 862391070.05661463737 679069
28 0.75 1262377664.0091707706 666370
29 0.75 439669412.68950515985 659204
30 0.75 419309851.61914753914 672638
31 0.75 860509766.25060760975 674330
32 0.75 0 658727
33 0.75 407350312.74302184582 669208
34 0.75 796988116.81261014938 657894
35 0.75 848050261.80218982697 661629
36 0.75 0 673081
37 0.75 1263615603.2497375011 665894
38 0.75 0 715150
39 0.75 1549648633.3589653969 710987
40 0.75 869058851.83249080181 696857
41 0.75 488164388.25534111261 739163
42 0.75 771235934.89061284065 742433
43 0.75 383476119.50105053186 704721
44 0.75 0 714909
45 0.75 807206077.1177175045 714229
46 0.75 384488468.35388863087 702119
47 0.75 1050806247.024189949 729140
48 0.75 765054221.23258471489 755668
49 0.75 2272747529.5949196815 709466
50 0.75 829979847.86236798763 718089
51 0.75 811945387.42503452301 709700
52 0.75 793399706.92442893982 720026
53 0.75 787392637.3646351099 748576
54 0.75 381750160.88483291864 728303
55 0.75 409935272.2079654336 721823
56 0.75 409270360.40044367313 710779
57 0.75 0 720411
58 0.75 0 717055
59 0.75 1142009584.3192634583 752137
60 0.75 0 725377
61 0.75 884160127.65545034409 713086
62 0.75 832736387.60513210297 705438
63 0.75 1644473154.5757017136 718919
64 0.75 772392096.54435217381 778073
65 0.75 1675665119.8089382648 709838
66 0.75 794093676.8670746088 716991
67 0.75 788517647.17907726765 710250
68 0.75 808234418.38979160786 722254
69 0.75 0 756979
70 0.75 406081512.39637047052 721306
71 0.75 842834973.85280609131 723649
72 0.75 406050918.46708709002 711747
73 0.75 0 721893
74 0.75 388927678.40811347961 757260
75 0.75 1581476554.2441287041 717399
76 0.75 1428637283.0079951286 723724
77 0.75 399407855.69480645657 719005
78 0.75 826401305.487231493 706980
79 0.75 0 746381
80 0.75 1757460710.1511228085 743707
81 0.75 819623533.67140674591 710289
82 0.75 769504137.23561012745 724467
83 0.75 0 708937
84 0.75 0 741849
85 0.75 372952333.40762108564 729235
86 0.75 439719147.57658731937 721372
87 0.75 1186344335.0497090816 708718
88 0.75 1185972278.9927206039 715656
89 0.75 412554471.9749532938 727996
90 0.75 685862954.87744379044 739486
91 0.75 410689956.39940851927 721651
92 0.75 1174353192.5309958458 717999
93 0.75 387014323.00692015886 704240
94 0.75 768545883.9961335659 713188
95 0.75 1664040796.8182008266 761140
96 0.75 0 725446
97 0.75 1203405467.9471855164 706302
98 0.75 413217669.57945507765 714937
99 0.75 805564278.1710460186 704990
% Edges = 1
0 1 322740264.75223308802 1088275
1 1 871274485.4749186039 1082230
2 1 0 1081335
3 1 598938992.23965442181 1115995
4 1 554072134.91526937485 1082815
5 1 1260642262.054775238 1086340
6 1 0 1083281
7 1 1559370460.3813481331 1108764
8 1 649284864.28699123859 1086220
9 1 1140929923.5638105869 1079358
10 1 855548821.92693066597 1111822
11 1 0 1087817
12 1 603653009.89164042473 1083803
13 1 864093096.39701867104 1104140
14 1 945317053.84225523472 1096147
15 1 331590005.63748413324 1088217
16 1 941404101.47644042969 1086221
17 1 319330230.9836191535 1117234
18 1 297585369.84222513437 1081149
19 1 903039005.11047101021 1083549
20 1 1452154060.1000523567 1119458
21 1 1212556363.8590304852 1070242
22 1 647720859.4473515749 1088192
23 1 323689593.34875130653 1092474
24 1 297295929.11479848623 1104498
25 1 903062593.59253692627 1088091
26 1 1247876180.8434150219 1078497
27 1 328197209.59362447262 1123158
28 1 612476515.93802320957 1090187
29 1 838954848.5535954237 1069693
30 1 1210515894.2317769527 1107241
31 1 296826982.69471740723 1089221
32 1 1555307733.427274704 1090352
33 1 0 1071686
34 1 286076998.60567563772 1118259
35 1 924916559.44605827332 1084933
36 1 895013529.84499239922 1080719
37 1 305483827.87981456518 1123803
38 1 289064711.62948673964 1089519
39 1 1255311929.5227253437 1080734
40 1 314921412.7444652319 1102518
41 1 0 1101542
42 1 294678159.01432192326 1089444
43 1 299765303.61438149214 1081460
44 1 0 1127319
45 1 277201170.25671470165 1084751
46 1 1139129346.8574934006 1080403
47 1 926377982.70403826237 1112118
48 1 898533955.5967297554 1077809
49 1 270925736.29501461983 1084607
50 1 2132270708.628005743 1092782
51 1 673209360.44519746304 1104731
52 1 847320404.41592431068 1090223
53 1 633099046.1395304203 1079756
54 1 898100430.74386954308 1122839
55 1 1794024957.2125902176 1088300
56 1 896983956.46853637695 1082158
57 1 890930790.60175788403 1106798
58 1 551460091.17946398258 1083672
59 1 315103616.30562192202 1086618
60 1 573189867.13841366768 1089090
61 1 543371402.81462204456 1119383
62 1 0 1074434
63 1 554615822.48799610138 1084721
64 1 816052732.8723757267 1123235
65 1 1412664008.7009761333 1084988
66 1 869569459.608086586 1084555
67 1 1764195076.5136985779 1100703
68 1 866519977.31040537357 1101942
69 1 1542429488.7579360008 1079401
70 1 623304795.64137804508 1079552
71 1 900483147.44135665894 1128187
72 1 619780523.72664558887 1083266
73 1 549626000.34492278099 1069533
74 1 560901376.71343791485 1117770
75 1 0 1081952
76 1 891679214.91280996799 1085715
77 1 303523797.45484411716 1091389
78 1 617696772.16101312637 1104483
79 1 0 1085143
80 1 290278323.44694525003 1084801
81 1 0 1125339
82 1 0 1084437
83 1 596148413.51106548309 1071126
84 1 927051492.96268081665 1112186
85 1 321505656.89939373732 1091044
86 1 802487088.40265631676 1087534
87 1 550074255.66727018356 1088087
88 1 886728905.02991461754 1113101
89 1 0 1084749
90 1 910212206.76895356178 1086567
91 1 1876881699.7930390835 1124265
92 1 964617769.51154255867 1086602
93 1 2148288526.653175354 1070764
94 1 576064676.12467038631 1106071
95 1 317351663.60565650463 1097130
96 1 314331389.53030663729 1083069
97 1 2040394369.596788168 1083762
98 1 633668937.81024563313 1123977
99 1 292160614.97984981537 1082504
% Edges = 1.25
0 1.25 949348685.49241781235 1339939
1 1.25 500121217.76248568296 1378084
2 1.25 929896711.72527039051 1339515
3 1.25 480711640.54295480251 1348757
4 1.25 479645092.97004890442 1360163
5 1.25 0 1338201
6 1.25 914789512.37975907326 1376455
7 1.25 1288099948.2996325493 1347743
8 1.25 253292077.35539853573 1331139
9 1.25 537418281.09615278244 1377706
10 1.25 758583332.35446941853 1357286
11 1.25 263513212.01101446152 1338001
12 1.25 718096850.72553706169 1386367
13 1.25 779511184.21394705772 1341781
14 1.25 727065087.66424560547 1350684
15 1.25 1196363299.2805228233 1367312
16 1.25 506775630.55479294062 1334031
17 1.25 964848511.48197519779 1371474
18 1.25 486513355.85873347521 1339459
19 1.25 465423458.39119762182 1352935
20 1.25 971396440.08809053898 1382086
21 1.25 818033121.85103464127 1337046
22 1.25 696395211.59545779228 1339869
23 1.25 743261932.98139500618 1371748
24 1.25 882422401.29278957844 1342899
25 1.25 737376693.69570684433 1361346
26 1.25 246033316.50636863708 1349025
27 1.25 481940834.66316014528 1338677
28 1.25 247605602.08131745458 1394241
29 1.25 515292424.17267024517 1340195
30 1.25 484628538.78899669647 1337036
31 1.25 767982331.37433457375 1375718
32 1.25 247056127.71141043305 1346455
33 1.25 475351714.42448502779 1343359
34 1.25 1011730696.7630537748 1365786
35 1.25 779554417.27052664757 1340380
36 1.25 500314580.30556946993 1376505
37 1.25 235163118.16468203068 1339197
38 1.25 965239369.77566862106 1337173
39 1.25 1163322766.0809836388 1382290
40 1.25 1084069206.7753458023 1353106
41 1.25 507494924.80606549978 1328937
42 1.25 489570600.47148633003 1377068
43 1.25 738203961.67182159424 1355303
44 1.25 506853471.48166245222 1350662
45 1.25 0 1356351
46 1.25 870341264.27711391449 1341283
47 1.25 745007376.01061141491 1374054
48 1.25 1198985241.7667768002 1337567
49 1.25 894732732.9339376688 1340764
50 1.25 740158942.24325096607 1376305
51 1.25 522502944.07540816069 1337071
52 1.25 757718567.23001873493 1336598
53 1.25 506824652.34816509485 1380748
54 1.25 214735888.6999001801 1340858
55 1.25 460608883.93933749199 1360926
56 1.25 241849865.09090319276 1363048
57 1.25 699558141.11212849617 1338987
58 1.25 487685948.7854270339 1373492
59 1.25 240209051.04434105754 1351575
60 1.25 746847904.44637513161 1336773
61 1.25 0 1379282
62 1.25 1336347790.3198480606 1342306
63 1.25 493761696.42791497707 1346459
64 1.25 1437403726.4175920486 1363159
65 1.25 727859677.01660323143 1350757
66 1.25 245839067.82103788853 1367602
67 1.25 688786028.31473302841 1336887
68 1.25 495744670.84470933676 1351621
69 1.25 514007915.17673546076 1386086
70 1.25 466382939.21543174982 1343608
71 1.25 675601058.18221378326 1333596
72 1.25 1426345718.4726645947 1378998
73 1.25 1169093489.4404306412 1349494
74 1.25 1272660132.1535346508 1341673
75 1.25 1150038356.3066909313 1355485
76 1.25 1378202981.1424922943 1357028
77 1.25 487107577.21267259121 1374744
78 1.25 1383696499.9906365871 1339386
79 1.25 243271309.59704533219 1336948
80 1.25 1420963827.4541733265 1381199
81 1.25 555316786.80020618439 1348527
82 1.25 964841551.46398818493 1332076
83 1.25 483448188.41895341873 1373429
84 1.25 1013533255.366366744 1339026
85 1.25 1021162288.8340281248 1380016
86 1.25 243302974.96905532479 1348046
87 1.25 1200815562.0416383743 1340398
88 1.25 1147210137.7080636024 1382557
89 1.25 543357829.37396216393 1339629
90 1.25 491998997.47505396605 1340234
91 1.25 710569486.77216386795 1377973
92 1.25 1152300048.9042103291 1341369
93 1.25 500757516.25100380182 1359335
94 1.25 734297870.19943666458 1358387
95 1.25 653689806.61264562607 1339662
96 1.25 508234032.28848791122 1377296
97 1.25 730799022.98662292957 1338125
98 1.25 671945278.56321167946 1342613
99 1.25 241380808.56460338831 1378460
% Edges = 1.5
0 1.5 826517641.78097999096 1596041
1 1.5 854593152.28792607784 1635049
2 1.5 609816543.55721306801 1591731
3 1.5 0 1599187
4 1.5 384617918.02183836699 1624634
5 1.5 602361232.67446935177 1590279
6 1.5 0 1626251
7 1.5 1787691419.7909049988 1602106
8 1.5 204753292.32055070996 1617367
9 1.5 815812543.39335167408 1585957
10 1.5 851768415.92224287987 1604331
11 1.5 1407740192.1026358604 1609176
12 1.5 800809315.13002514839 1590562
13 1.5 1241326427.4474711418 1635366
14 1.5 400052283.27379691601 1583251
15 1.5 0 1637410
16 1.5 811033738.42946994305 1580608
17 1.5 790472750.72926187515 1575567
18 1.5 580338968.52786707878 1641082
19 1.5 609349652.5979527235 1579235
20 1.5 1243193290.6465191841 1590420
21 1.5 419635474.39253681898 1621383
22 1.5 1003214015.5288666487 1594261
23 1.5 370382339.47927635908 1612064
24 1.5 228432111.18119454384 1609000
25 1.5 630129618.69825196266 1575953
26 1.5 785952891.65358030796 1633596
27 1.5 645007996.20001482964 1582008
28 1.5 379330353.44138985872 1591263
29 1.5 1018203308.0778439045 1634512
30 1.5 1629809411.942346096 1582558
31 1.5 608172192.68169128895 1597249
32 1.5 827618230.6282491684 2186690
33 1.5 366851471.15014499426 4206319
34 1.5 379239153.0605931282 3419319
35 1.5 805963343.06115496159 2935561
36 1.5 422444814.23874336481 2734990
37 1.5 608452117.99977588654 2636961
38 1.5 781763580.31267023087 4194939
39 1.5 786634525.9513938427 2467458
40 1.5 1022574133.3246921301 2597683
41 1.5 402149996.18783682585 3222507
42 1.5 1033034653.2137448788 2904209
43 1.5 1288067240.4426970482 2577228
44 1.5 193202260.84955725074 2621011
45 1.5 790221195.59827232361 2500570
46 1.5 1288611477.8703401089 2398169
47 1.5 596952293.14115297794 2180428
48 1.5 829571743.68902111053 2128262
49 1.5 194448021.14777117968 2772409
50 1.5 399705874.81104260683 2475372
51 1.5 408077489.06972378492 2475654
52 1.5 1205944018.1317887306 2526352
53 1.5 1106843157.0805327892 2833949
54 1.5 1695537616.439183712 2551385
55 1.5 549134279.50863111019 2417886
56 1.5 1085140107.4388008118 2492643
57 1.5 987202346.66240739822 3340038
58 1.5 410983580.73306524754 2762996
59 1.5 398986223.09316796064 2183370
60 1.5 423515539.18234419823 2290925
61 1.5 612841267.35200703144 2783795
62 1.5 1534040872.9949331284 2398278
63 1.5 558928999.42539215088 2009778
64 1.5 614228657.12891840935 1819303
65 1.5 748908303.47406327724 1719956
66 1.5 619509532.63198494911 1746795
67 1.5 578417936.30310070515 1682140
68 1.5 0 1650355
69 1.5 858207624.05728936195 1701151
70 1.5 391206929.33927458525 1645956
71 1.5 992598194.76494920254 1682661
72 1.5 202560569.37460112572 1657863
73 1.5 415345021.43908399343 1616963
74 1.5 584805599.61489975452 1663013
75 1.5 1216491526.6263110638 1606970
76 1.5 585151595.20959174633 1596921
77 1.5 983750174.26711821556 1654645
78 1.5 0 1600838
79 1.5 667958428.19000566006 1610032
80 1.5 790465315.35001134872 1636040
81 1.5 942986900.54895615578 1602919
82 1.5 845770067.61234557629 1628333
83 1.5 1823925562.3172547817 1603037
84 1.5 201324730.85769635439 1598007
85 1.5 1048794426.3384245634 1645935
86 1.5 410388076.98774129152 1587783
87 1.5 600996776.48442959785 1580247
88 1.5 1038525380.7338875532 1620567
89 1.5 202758897.34727045894 1576666
90 1.5 395493625.50761824846 1577584
91 1.5 986085322.340503335 1637696
92 1.5 404725897.16961842775 1573254
93 1.5 957695589.69156002998 1598163
94 1.5 386309767.11292213202 1594620
95 1.5 1168957942.6400737762 1568453
96 1.5 1413108203.5228238106 1611873
97 1.5 799931245.42225015163 1575296
98 1.5 840017687.71313929558 1565529
99 1.5 1501236050.5493621826 1624909
% Edges = 1.75
0 1.75 868908530.89784014225 1888178
1 1.75 330970653.52469158173 1908889
2 1.75 1024332394.9311397076 1918827
3 1.75 533782550.65661931038 1893979
4 1.75 1004697729.7357633114 1940447
5 1.75 526431258.52753579617 1879407
6 1.75 742073765.10537219048 1933720
7 1.75 355112176.67034226656 1882955
8 1.75 1052571921.9069683552 1903284
9 1.75 171990886.17475551367 1921856
10 1.75 169502029.23066177964 1904368
11 1.75 713454271.19855725765 1948322
12 1.75 178729412.18481868505 1877674
13 1.75 1034757901.3231012821 1925151
14 1.75 537398301.86283779144 1882204
15 1.75 693896805.88055121899 1896363
16 1.75 169574384.3928360641 1917582
17 1.75 337596804.76973581314 1878851
18 1.75 1348394583.1953775883 1948549
19 1.75 524297413.5317543745 1878639
20 1.75 853238227.7662872076 1935081
21 1.75 544322756.85738289356 1882966
22 1.75 531347253.05935299397 1898024
23 1.75 883875990.68682289124 1926903
24 1.75 696212930.27330243587 1882379
25 1.75 180903915.01023361087 1938844
26 1.75 693448755.95925354958 1894190
27 1.75 698011444.38889026642 1944617
28 1.75 366257857.57747197151 1883384
29 1.75 682741784.17208230495 1890761
30 1.75 515214353.24512928724 1923363
31 1.75 708157221.06427562237 1872910
32 1.75 1143228358.0783846378 1940191
33 1.75 551541927.12338900566 1880487
34 1.75 532414696.47080278397 1916352
35 1.75 537112444.5407897234 1889193
36 1.75 508965224.49404609203 1883204
37 1.75 901407545.84760093689 1937078
38 1.75 653013750.33410608768 1876746
39 1.75 1359751534.1001944542 1937395
40 1.75 720275554.90208351612 1882168
41 1.75 1347721777.8114221096 1915651
42 1.75 850539186.44569635391 1883300
43 1.75 708408270.77938759327 1879960
44 1.75 1024696884.4097306728 1955284
45 1.75 1205923745.7179751396 1885617
46 1.75 683209751.48776686192 1940610
47 1.75 716229012.28430664539 1883904
48 1.75 916836149.00559473038 1905529
49 1.75 336085829.83632528782 1893419
50 1.75 169720396.43201884627 1874261
51 1.75 1023486716.9202196598 1941631
52 1.75 177901825.83277052641 1874462
53 1.75 1023748850.1756258011 1930475
54 1.75 866205875.52077007294 1895212
55 1.75 655371283.25666105747 1900103
56 1.75 864176126.80837535858 1908474
57 1.75 1047377185.7147680521 1878179
58 1.75 706384486.31728553772 1950552
59 1.75 338130998.44092553854 1907742
60 1.75 524821492.28812122345 1925441
61 1.75 671729432.68734657764 1882867
62 1.75 514852693.35394048691 1894935
63 1.75 1096650073.7985627651 1911138
64 1.75 1009230030.5408667326 1879889
65 1.75 699557479.51835381985 1932031
66 1.75 338391388.64539754391 1889684
67 1.75 982122318.56898665428 1914281
68 1.75 686275077.87924957275 1893486
69 1.75 356650855.70792585611 1896846
70 1.75 852267942.37217497826 1934684
71 1.75 550013161.31855046749 1888499
72 1.75 510364386.25950992107 1954726
73 1.75 552659354.34996438026 1881915
74 1.75 901186594.79495286942 1911899
75 1.75 532710518.11886882782 1883270
76 1.75 341507411.80095297098 1885017
77 1.75 334114920.92336326838 1948578
78 1.75 668372839.5212495327 1886711
79 1.75 515902538.78054392338 1955849
80 1.75 909562836.07144713402 1894090
81 1.75 166498551.47806960344 1929003
82 1.75 527383620.05197566748 1891734
83 1.75 1021534860.3358609676 1876207
84 1.75 519921056.8003283143 1935179
85 1.75 352099688.42117315531 1891740
86 1.75 1075002499.983538866 1961080
87 1.75 329829302.39752584696 1907491
88 1.75 370202380.09131985903 1918987
89 1.75 515093380.88633519411 1922615
90 1.75 704729388.28392231464 1881146
91 1.75 169672810.39741382003 1938121
92 1.75 322623269.86310750246 1873583
93 1.75 526966820.47527658939 1942594
94 1.75 900443853.61996674538 1899876
95 1.75 690055784.80132699013 1907829
96 1.75 570688710.95240843296 1909612
97 1.75 619180272.5950678587 1891429
98 1.75 493234760.5875992775 1941315
99 1.75 721563305.20370483398 1884514
% Edges = 2
0 2 934353837.27183628082 2185777
1 2 298115480.66904526949 2148689
2 2 635588229.7982738018 2193339
3 2 971897037.59526479244 2159553
4 2 462671302.95078861713 2201972
5 2 865157649.74426150322 2155993
6 2 156391732.29953959584 2184676
7 2 600875390.6500184536 2171592
8 2 579593728.36833572388 2186836
9 2 620274092.20596075058 2153593
10 2 608067303.26032936573 2173375
11 2 1090989527.2668473721 2164000
12 2 599164321.92912852764 2162058
13 2 614907547.1487621069 2193757
14 2 574065984.83015811443 2158270
15 2 552902738.93028712273 2210116
16 2 1066330608.284173131 2148288
17 2 751439309.00052380562 2195455
18 2 627135403.42973732948 2166509
19 2 152536030.22051525116 2199189
20 2 614119073.30292916298 2163504
21 2 1351036928.3684473038 2210615
22 2 709909642.33260917664 2155344
23 2 433991410.13538318872 2214578
24 2 440410269.57186716795 2162697
25 2 893103894.46992325783 2214535
26 2 313782127.07989388704 2151879
27 2 1194581660.2341899872 2220094
28 2 1019662929.5396219492 2140582
29 2 462051941.5594907999 2217401
30 2 1082255512.2235088348 2153975
31 2 790002886.55051779747 2218144
32 2 649802621.96148633957 2156862
33 2 295074251.14701217413 2209601
34 2 761578274.42581284046 2166605
35 2 1089113858.5662925243 2194984
36 2 598012669.54460728168 2157281
37 2 286861293.0212213397 2216440
38 2 297317745.77807325125 2168133
39 2 760498362.44293558598 2167522
40 2 743449214.77437949181 2192674
41 2 581293512.51151847839 2150669
42 2 588606253.68038010597 2207353
43 2 462134127.79083871841 2153386
44 2 437003485.36512082815 2218256
45 2 621664053.82943439484 2167696
46 2 823062897.72725403309 2173947
47 2 604393312.40555930138 2195446
48 2 303499575.52844727039 2139637
49 2 600380707.90385496616 2204997
50 2 618317743.95712053776 2152285
51 2 446506276.19836038351 2222648
52 2 0 2149585
53 2 870386412.62375771999 2172773
54 2 453741350.0767519474 2189298
55 2 945776866.85583591461 2160182
56 2 1085635830.1718533039 2215117
57 2 590394280.07779240608 2163492
58 2 782451916.4746325016 2220575
59 2 597558079.47545421124 2162860
60 2 485125717.75473582745 2179215
61 2 581152956.59004557133 2202326
62 2 472520367.67101770639 2155001
63 2 606325782.55213844776 2226938
64 2 634338470.47586405277 2160681
65 2 649156562.69140315056 2212608
66 2 438625552.76101988554 2159973
67 2 1226000079.5843439102 2169116
68 2 1048562297.2313687801 2204647
69 2 1202058062.2424948215 2166806
70 2 607865993.78204298019 2227460
71 2 778807644.05987071991 2166598
72 2 729355642.18265163898 2220451
73 2 918197593.17629063129 2169798
74 2 1145007158.3243222237 2168101
75 2 150850216.91299760342 2209949
76 2 299055619.25873547792 2167919
77 2 481334509.13288229704 2213513
78 2 1216537355.2744510174 2160548
79 2 918018130.53505349159 2220085
80 2 472128975.43320024014 2153345
81 2 463975716.37424182892 2176977
82 2 461204722.64237809181 2196753
83 2 619892026.44275128841 2168641
84 2 463949875.47989290953 2226656
85 2 1054855099.9865415096 2155482
86 2 435475615.01271224022 2217634
87 2 312156727.65622037649 2158658
88 2 453078127.40380561352 2174937
89 2 861971789.51998066902 2190716
90 2 451996569.15094202757 2166714
91 2 1046000578.2918879986 2206776
92 2 785820192.43581366539 2164347
93 2 631677166.43165898323 2216703
94 2 309621502.32458716631 2175768
95 2 621569907.16336488724 2171195
96 2 449964041.12345284224 2189768
97 2 606856469.38103151321 2165719
98 2 1103932209.390496254 2218954
99 2 1145355615.1539723873 2164111
% Edges = 2.25
0 2.25 793034323.14850926399 2481429
1 2.25 851596553.59317195415 2415308
2 2.25 948083908.74951159954 2477739
3 2.25 804778153.66717660427 2420375
4 2.25 1304468134.7762746811 2466508
5 2.25 900127557.12347018719 2422265
6 2.25 824876152.99903559685 2467403
7 2.25 543951779.46346318722 2422919
8 2.25 390102128.36286211014 2458030
9 2.25 964680453.40894341469 2418475
10 2.25 0 2444072
11 2.25 666777833.16447651386 2449128
12 2.25 805748520.39910292625 2434739
13 2.25 936705690.77496016026 2450423
14 2.25 389670359.61286127567 2414192
15 2.25 552630226.13483285904 2478119
16 2.25 874208111.46027636528 2417874
17 2.25 793041597.29558420181 2480157
18 2.25 843635351.26550078392 2426236
19 2.25 669796933.89714801311 2466804
20 2.25 668844051.65784788132 2418294
21 2.25 816390932.50014185905 2476790
22 2.25 1311917558.0469381809 2419304
23 2.25 637175434.30651092529 2491273
24 2.25 404636293.06628656387 2418790
25 2.25 531710526.84330326319 2475766
26 2.25 756731982.88392567635 2417436
27 2.25 532337134.16522079706 2474596
28 2.25 1517789570.2430033684 2415406
29 2.25 805515703.1329767704 2478156
30 2.25 406668197.29640740156 2433953
31 2.25 527465110.32706272602 2476279
32 2.25 527458388.237157166 2409100
33 2.25 664539231.55679035187 2463114
34 2.25 1084618184.9430704117 2413471
35 2.25 838345164.03577744961 2454739
36 2.25 270076968.53067880869 2434192
37 2.25 523410355.27515971661 2425804
38 2.25 536366668.91361635923 2446715
39 2.25 675957804.10132479668 2433082
40 2.25 660856186.52149498463 2459181
41 2.25 531467806.52988624573 2431978
42 2.25 396806602.52899944782 2460723
43 2.25 548228187.6396586895 2415471
44 2.25 984540879.1020488739 2478928
45 2.25 682601785.33180832863 2418461
46 2.25 927675186.93761789799 2479695
47 2.25 1201161584.4264802933 2420615
48 2.25 765625035.81387722492 2480662
49 2.25 270573946.26655399799 2414803
50 2.25 1157853802.6477758884 2492008
51 2.25 986064726.94715332985 2406765
52 2.25 831759146.76584863663 2474058
53 2.25 652811728.59710693359 2418364
54 2.25 663046410.58923864365 2470774
55 2.25 935030869.34238445759 2414428
56 2.25 500287837.86273729801 2481646
57 2.25 429723095.08014786243 2409527
58 2.25 1096686960.3233864307 2493119
59 2.25 1101328522.5423254967 2416145
60 2.25 662168511.73571455479 2459454
61 2.25 801622143.06807518005 2422905
62 2.25 1144485299.419511795 2466526
63 2.25 411699070.54987156391 2411886
64 2.25 550300113.5417290926 2449557
65 2.25 1054098853.1931806803 2428379
66 2.25 530433715.4864936471 2444613
67 2.25 555621996.72731673717 2441336
68 2.25 1405528939.3361065388 2439574
69 2.25 1046249947.7182606459 2450596
70 2.25 947863492.8127874136 2415755
71 2.25 1123336492.918792963 2463894
72 2.25 653897682.91504216194 2425790
73 2.25 699677014.58810317516 2485243
74 2.25 796545676.69814217091 2419618
75 2.25 522872230.7635551095 2480106
76 2.25 914728592.90672969818 2423989
77 2.25 820093427.32261705399 2476002
78 2.25 408549174.55918896198 2411380
79 2.25 534021916.45604962111 2480045
80 2.25 398864295.0725158453 2419587
81 2.25 1072459323.5172872543 2483541
82 2.25 279821231.50663608313 2411226
83 2.25 801132204.17753100395 2484589
84 2.25 830219361.8772444725 2405113
85 2.25 758922242.86402988434 2494300
86 2.25 959004363.96122431755 2420422
87 2.25 507273143.69971370697 2459079
88 2.25 562044609.46182322502 2417216
89 2.25 268556726.49195510149 2472216
90 2.25 1181394035.9559180737 2416729
91 2.25 811675136.54400265217 2470278
92 2.25 1214898594.6126732826 2423000
93 2.25 273106759.49112230539 2452040
94 2.25 708580241.50397062302 2438204
95 2.25 854093949.34454846382 2437250
96 2.25 532406269.82278823853 2442598
97 2.25 1043877305.8582725525 2447526
98 2.25 1014552681.3925794363 2461999
99 2.25 839100592.5238083601 2425141
% Edges = 2.5
0 2.5 752265557.90818238258 2710998
1 2.5 979236274.23342859745 2690016
2 2.5 1092560094.4764823914 2689869
3 2.5 498705158.13442850113 2734055
4 2.5 1065412848.9406346083 2675167
5 2.5 474702240.44176214933 2728321
6 2.5 239417290.61642849445 2682913
7 2.5 352912550.16236054897 2768329
8 2.5 370278601.00887811184 2688119
9 2.5 580480207.60759222507 2743405
10 2.5 481053080.53038388491 2667573
11 2.5 1225499505.1721503735 2732882
12 2.5 670648929.98849153519 2689780
13 2.5 737812840.93143606186 2736670
14 2.5 816468559.61158835888 2688309
15 2.5 1388156746.4188601971 2718273
16 2.5 613167617.98547577858 2704386
17 2.5 965642939.96051549911 2692729
18 2.5 738150463.31743526459 2711683
19 2.5 779045480.07822978497 2681180
20 2.5 699017698.38805150986 2724538
21 2.5 837073317.99109816551 2688271
22 2.5 846538369.42067992687 2736282
23 2.5 353839230.51370865107 2672704
24 2.5 882220674.55029773712 2733448
25 2.5 506770796.26347047091 2681084
26 2.5 495699158.38598716259 2754018
27 2.5 609829219.17781209946 2680633
28 2.5 488731239.18952822685 2727452
29 2.5 597199782.58637285233 2715602
30 2.5 964171109.6075271368 2681871
31 2.5 509864693.15807586908 2734246
32 2.5 597476596.73244428635 2673011
33 2.5 1216721010.2654027939 2734997
34 2.5 382170495.07669728994 2676758
35 2.5 477462260.0501434803 2733588
36 2.5 497745716.67796516418 2679973
37 2.5 858218224.69594955444 2733492
38 2.5 247613723.98023176193 2680376
39 2.5 914626896.29300367832 2736053
40 2.5 347550055.08707410097 2697318
41 2.5 941930745.86735892296 2709258
42 2.5 497114290.3198056221 2715807
43 2.5 609761192.23546159267 2682123
44 2.5 607660881.04306650162 2732938
45 2.5 489076677.11748421192 2676473
46 2.5 238577816.25078549981 2732622
47 2.5 600483011.13192379475 2691563
48 2.5 1004405443.5742912292 2737376
49 2.5 957688192.29939889908 2677439
50 2.5 700198633.05923891068 2733726
51 2.5 226844701.53713971376 2676428
52 2.5 644516952.42665100098 2723475
53 2.5 496817530.60640567541 2672709
54 2.5 971716389.29065513611 2715889
55 2.5 949136887.96108865738 2686527
56 2.5 370454994.22390621901 2689816
57 2.5 1596963625.531812191 2720172
58 2.5 602172430.24631977081 2681345
59 2.5 244388465.60076016188 2730306
60 2.5 837043818.07880246639 2679198
61 2.5 480759706.7593947053 2730376
62 2.5 256306358.0005274713 2678128
63 2.5 248820261.79599651694 2739708
64 2.5 1085639707.0143165588 2675668
65 2.5 245659115.77766916156 2756714
66 2.5 729943432.38838779926 2669787
67 2.5 611162384.74791264534 2749981
68 2.5 724949064.87476563454 2678107
69 2.5 957454602.21714615822 2735319
70 2.5 795043568.08668255806 2672519
71 2.5 1162229207.2696664333 2741091
72 2.5 459681431.18460685015 2668360
73 2.5 576393215.76307225227 2738351
74 2.5 252611989.48667961359 2676723
75 2.5 589132460.27353084087 2739448
76 2.5 489135923.84296411276 2671889
77 2.5 730560119.86633098125 2738325
78 2.5 471223306.23670375347 2676477
79 2.5 449065764.1669267416 2733674
80 2.5 837306391.79349172115 2672101
81 2.5 719476792.60921776295 2712819
82 2.5 491895156.48668223619 2701996
83 2.5 1276719375.9901785851 2695169
84 2.5 740692475.92865312099 2705840
85 2.5 844052754.38844513893 2673086
86 2.5 897572030.75880527496 2738232
87 2.5 586920349.68430864811 2682897
88 2.5 839791085.26678740978 2727397
89 2.5 464620585.32049453259 2683718
90 2.5 1447351123.2491810322 2731396
91 2.5 510716161.92404729128 2689764
92 2.5 480391286.3488522768 2744299
93 2.5 1150690936.5111956596 2680915
94 2.5 497009570.38150513172 2742352
95 2.5 484095030.44869595766 2676490
96 2.5 354816239.60857224464 2738505
97 2.5 596870657.22754907608 2667935
98 2.5 358282939.74060404301 2754472
99 2.5 248511251.53734090924 2654089
% Edges = 2.75
0 2.75 564512904.03647863865 3007326
1 2.75 562825219.33931982517 2945886
2 2.75 338761574.05571621656 2988799
3 2.75 113306733.93626774848 2940006
4 2.75 1719034292.6206851006 3002141
5 2.75 335350764.73819118738 2931225
6 2.75 1108729777.7206466198 3004776
7 2.75 658176694.40933060646 2935615
8 2.75 327407817.28183317184 3008278
9 2.75 458285894.43151831627 2954388
10 2.75 524267654.61521035433 2966643
11 2.75 705020458.57592177391 2983273
12 2.75 637245361.60951793194 2937997
13 2.75 428392948.44907474518 3000355
14 2.75 527085516.15903884172 2936584
15 2.75 885629722.62195205688 3005267
16 2.75 990888220.63029372692 2943083
17 2.75 109804538.14615276456 3013537
18 2.75 437132708.01033860445 2919641
19 2.75 873092660.32128822803 2989702
20 2.75 676208350.76389670372 2948062
21 2.75 999977962.83002448082 2998154
22 2.75 645018144.07221984863 2938962
23 2.75 220400549.90817177296 3015075
24 2.75 895695920.51115846634 2932138
25 2.75 1270014780.95566535 3010247
26 2.75 450211662.85723674297 2958504
27 2.75 781808271.06914043427 2968108
28 2.75 521669118.48489934206 2969717
29 2.75 450758357.97798353434 2958920
30 2.75 424744668.07570153475 2987122
31 2.75 446404562.60823047161 2912233
32 2.75 238347437.45659461617 3023030
33 2.75 943018235.49691212177 2948224
34 2.75 341428389.85601365566 2979021
35 2.75 1241221771.2052083015 2938753
36 2.75 731527741.44197320938 2999738
37 2.75 1046020967.0989975929 2933723
38 2.75 999223464.1089091301 2996715
39 2.75 535150810.18594753742 2929139
40 2.75 519019653.98657983541 3018520
41 2.75 1014708775.8628866673 2962473
42 2.75 797478387.47611904144 3032830
43 2.75 739056856.20575726032 2975631
44 2.75 867126494.6460057497 2977906
45 2.75 885944595.08764135838 2973865
46 2.75 1117802542.6564953327 2939032
47 2.75 664673144.83605599403 2979236
48 2.75 213705780.16115897894 2945058
49 2.75 909000891.21817457676 2998940
50 2.75 644183747.33449852467 2936732
51 2.75 564940568.70722079277 2996276
52 2.75 759135380.01316094398 2949535
53 2.75 678346913.44873893261 3001476
54 2.75 444253138.49807083607 2937863
55 2.75 638445641.29048442841 3062632
56 2.75 846625877.06775379181 2951005
57 2.75 551150703.72381663322 3017748
58 2.75 553210989.84763407707 2934966
59 2.75 874351108.09861719608 2998097
60 2.75 552532939.61840605736 2947424
61 2.75 235953093.08736303449 2995651
62 2.75 457841145.88642859459 2941346
63 2.75 319616755.81642895937 2970390
64 2.75 666773152.32901835442 2982031
65 2.75 890633281.86153781414 2935373
66 2.75 461790633.31987005472 2996976
67 2.75 749712182.19962275028 2950202
68 2.75 929576160.5399068594 3006051
69 2.75 662408702.32266139984 2949295
70 2.75 1211608221.7532873154 3003225
71 2.75 730260918.65795218945 2932650
72 2.75 1028069270.4108438492 2995195
73 2.75 222861582.36308431625 2947514
74 2.75 216692966.73854392767 2994781
75 2.75 663984488.77925229073 2943206
76 2.75 323850207.67904943228 2996003
77 2.75 228944459.20316970348 2945433
78 2.75 439630283.98988229036 2995977
79 2.75 806985232.23545026779 2971435
80 2.75 653832905.63508188725 2960035
81 2.75 446863593.77131778002 2992841
82 2.75 1358489251.1313054562 2937526
83 2.75 641236516.37952458858 2988064
84 2.75 795360767.82731676102 2934196
85 2.75 886480730.53399765491 3022494
86 2.75 439249436.36526441574 2920653
87 2.75 438410107.81689023972 3017187
88 2.75 741616549.52037417889 2939548
89 2.75 1095332383.8542766571 2996786
90 2.75 548765551.32892465591 2938319
91 2.75 334320378.83303493261 3017419
92 2.75 1096197150.3777842522 2932431
93 2.75 1158728990.7579140663 3012164
94 2.75 757858424.94017970562 2943754
95 2.75 651048883.71868920326 2986725
96 2.75 666556364.97536587715 2969061
97 2.75 1109380656.8519005775 2959240
98 2.75 1122120342.1923472881 2978490
99 2.75 352965642.29478138685 2946737
% Edges = 3
0 3 397070507.80860555172 3259941
1 3 705829583.78947114944 3193844
2 3 517375923.27646815777 3263103
3 3 1323331534.0971744061 3192620
4 3 402028417.71253037453 3271845
5 3 609256008.49481022358 3218593
6 3 499201464.05944561958 3215911
7 3 821092391.74558734894 3263193
8 3 809146890.2713996172 3204908
9 3 907004504.97127377987 3258387
10 3 603021502.27666771412 3206825
11 3 301206107.20810949802 3252677
12 3 512678837.07800716162 3250891
13 3 713298912.31816959381 3186678
14 3 631333699.40728414059 3271841
15 3 752376175.59496963024 3204869
16 3 376268849.62646704912 3260246
17 3 735278673.28108143806 3207125
18 3 311508398.54576838017 3241204
19 3 710254277.80517303944 3251815
20 3 686891977.71657061577 3187088
21 3 697458394.50492978096 3271318
22 3 1067946483.2171423435 3188568
23 3 1156097506.4672031403 3263586
24 3 511216148.83733439445 3214578
25 3 776865820.7706836462 3240363
26 3 827839417.80747485161 3257237
27 3 901087316.22102963924 3191212
28 3 991358932.67015385628 3268608
29 3 718291397.1817073822 3185749
30 3 594919248.83691513538 3264452
31 3 523870948.83590072393 3218578
32 3 795435710.68395924568 3217506
33 3 687107340.07709550858 3269514
34 3 603083206.01605975628 3187343
35 3 575484996.06137037277 3265518
36 3 280454453.1831227541 3189709
37 3 1013721592.2556231022 3267121
38 3 614503119.11010599136 3197112
39 3 598108570.76216626167 3268386
40 3 494456234.1892490387 3211843
41 3 729736410.789021492 3236510
42 3 663621903.96289587021 3219633
43 3 411657340.29617869854 3216118
44 3 581005289.87586581707 3259715
45 3 598753813.09235775471 3199293
46 3 1252431718.477571249 3261998
47 3 931491362.74896025658 3203893
48 3 307415777.53062450886 3250883
49 3 704176856.56701171398 3193371
50 3 682017518.3984348774 3280139
51 3 1293570049.99650383 3187044
52 3 795206531.65952348709 3277434
53 3 616688045.37847793102 3197726
54 3 605695148.53544223309 3265811
55 3 999306729.28463590145 3204645
56 3 398646580.59574955702 3262949
57 3 210853298.57726258039 3183490
58 3 421320598.27515178919 3262863
59 3 910587167.99544465542 3199006
60 3 400248091.34411644936 3262748
61 3 576467667.77060973644 3197256
62 3 104289091.94120208919 3260878
63 3 1058343027.975992918 3211239
64 3 1043367189.848507762 3267232
65 3 725482656.96800327301 3200666
66 3 515044740.03023886681 3260044
67 3 694034432.98947715759 3216239
68 3 826335937.91468214989 3235981
69 3 908731447.52190959454 3209797
70 3 932150373.00460791588 3225538
71 3 1134536070.6012227535 3238457
72 3 595704225.62134289742 3204876
73 3 719429065.93740105629 3244832
74 3 827086363.5320507288 3202381
75 3 286234804.31898331642 3256420
76 3 212255153.15630844235 3201229
77 3 674625166.6943346262 3277148
78 3 422392635.15369808674 3194699
79 3 1048407827.9950290918 3278159
80 3 504406858.64755994081 3189918
81 3 709026928.51479554176 3281951
82 3 589624586.76354789734 3195429
83 3 386575117.33593767881 3272225
84 3 403168190.02715694904 3205020
85 3 776734121.65819633007 3260775
86 3 1245545821.6243491173 3197966
87 3 292377879.86213767529 3263398
88 3 590875074.69673788548 3197338
89 3 809662181.3820592165 3262072
90 3 699745151.50992023945 3204991
91 3 295374482.41085118055 3269352
92 3 598723631.70872569084 3203981
93 3 491056611.08404684067 3243341
94 3 790791404.83505165577 3209996
95 3 421529795.93302643299 3232231
96 3 1153031213.7118878365 3230110
97 3 1418570491.8321382999 3209547
98 3 309935505.357183218 3240981
99 3 598079989.18016350269 3178547
% Edges = 3.5
0 3.5 508860009.93432378769 3942905
1 3.5 608161818.76821053028 3872175
2 3.5 673979042.5527806282 3954384
3 3.5 684712052.99703776836 3918638
4 3.5 717260985.2106192112 3876968
5 3.5 443468588.6834898591 3951996
6 3.5 641382899.16661500931 3892871
7 3.5 932157326.57235717773 3927734
8 3.5 533106797.06458103657 3960732
9 3.5 839040283.74076414108 3883398
10 3.5 176542812.87931767106 3949283
11 3.5 506699090.5500728488 3929582
12 3.5 1006469281.9365303516 3870967
13 3.5 413101301.54142028093 3966869
14 3.5 598531841.83428061008 3904009
15 3.5 352817607.8014627099 3911663
16 3.5 1102890705.5262801647 3960077
17 3.5 736904688.47269201279 3876246
18 3.5 737946393.73657345772 3940512
19 3.5 255133754.66061502695 3953969
20 3.5 600171179.78380036354 3884592
21 3.5 672792889.55497896671 3942748
22 3.5 893280602.6109405756 3928769
23 3.5 788486859.13500189781 3883545
24 3.5 439468153.76335704327 3961858
25 3.5 743713816.33389699459 3893232
26 3.5 1189553224.9423964024 3932766
27 3.5 513797646.80259144306 3940822
28 3.5 702455829.11356341839 3888480
29 3.5 786661280.95983159542 3954809
30 3.5 413784515.37166726589 3932306
31 3.5 694935017.02962005138 3888023
32 3.5 789872039.33733296394 3955298
33 3.5 868014128.22650015354 3895400
34 3.5 686150192.52877306938 3929432
35 3.5 714244866.16883957386 3960112
36 3.5 798071955.74402046204 3963292
37 3.5 402852213.53082066774 4020150
38 3.5 1063527512.9155540466 4010007
39 3.5 862579890.04740834236 3947721
40 3.5 769323188.28011190891 4028359
41 3.5 521292735.71149253845 3984237
42 3.5 707117819.11488413811 3953235
43 3.5 1107656964.9088761806 4024080
44 3.5 737642992.50716710091 3974008
45 3.5 607123079.59465956688 3979515
46 3.5 587305702.02206754684 4027091
47 3.5 416160401.39642125368 3960050
48 3.5 763066657.57408046722 3993362
49 3.5 844475899.91247904301 4035816
50 3.5 780527114.32353448868 3950111
51 3.5 446038771.6787994504 4027100
52 3.5 860257196.57198858261 4003757
53 3.5 624298482.78669834137 3956148
54 3.5 790089635.16480123997 4027957
55 3.5 709546177.64440703392 3991087
56 3.5 648663510.6654638052 3950168
57 3.5 610236146.41360580921 4015551
58 3.5 522400471.75940656662 3983008
59 3.5 446917044.93441730738 3981419
60 3.5 717412286.00094723701 4030526
61 3.5 696657260.02666211128 3950864
62 3.5 715353985.69154977798 4005466
63 3.5 932172608.29906344414 4009672
64 3.5 594640673.2421888113 3956453
65 3.5 880872058.11164748669 4022101
66 3.5 452741112.49272555113 3996133
67 3.5 1011873415.0835069418 3949406
68 3.5 772504199.53625762463 4026421
69 3.5 882530232.10379076004 3976226
70 3.5 673205411.01440119743 3969147
71 3.5 616573417.31794345379 4029813
72 3.5 264850688.72070068121 3977075
73 3.5 568470275.85389018059 3989445
74 3.5 493217584.44423669577 4030013
75 3.5 510393954.1854660511 3955664
76 3.5 503647462.67988598347 4022831
77 3.5 447194599.30678606033 4012855
78 3.5 520085415.50628966093 3946143
79 3.5 684427858.16015172005 4034287
80 3.5 876076419.02513384819 3985221
81 3.5 513229041.32611781359 3943731
82 3.5 355003515.96647584438 4033984
83 3.5 617423036.30812251568 3973155
84 3.5 524131662.84049612284 3972246
85 3.5 516049742.68773972988 4032083
86 3.5 845995132.14494717121 3966130
87 3.5 523194617.54768764973 3989546
88 3.5 1087203420.9194984436 4041697
89 3.5 760527820.25666964054 3951035
90 3.5 89838939.875200480223 4012137
91 3.5 436024528.89142858982 4021115
92 3.5 629504838.53749251366 3952855
93 3.5 263345287.04438996315 4053836
94 3.5 612611343.60180318356 3983751
95 3.5 773682179.38946902752 3951724
96 3.5 430287824.86368471384 4017677
97 3.5 671272293.15447282791 3983048
98 3.5 589072180.81408309937 3970455
99 3.5 528413149.80670750141 4031613
% Edges = 4
0 4 946993315.00575113297 4521820
1 4 506321715.87865376472 4501981
2 4 304672832.53361839056 4579648
3 4 464955721.46179175377 4549194
4 4 682268020.78154683113 4499098
5 4 368484106.04917579889 4553294
6 4 617281484.93172323704 4568774
7 4 975631220.47641289234 4490777
8 4 769229310.72614967823 4552146
9 4 688246319.93750154972 4558279
10 4 236287247.27722913027 4501891
11 4 649521678.59038746357 4552572
12 4 594878775.97037529945 4558063
13 4 527987798.85908716917 4508200
14 4 600347012.07808339596 4537215
15 4 1002245000.7307696342 4569496
16 4 750473876.66654157639 4511664
17 4 997731754.05408883095 4538455
18 4 824246629.32254385948 4570824
19 4 230078071.18029364944 4492706
20 4 722148364.55336773396 4557651
21 4 653788618.72029614449 4568645
22 4 615727701.07667279243 4493408
23 4 516670118.77093267441 4558702
24 4 656708387.29793584347 4553102
25 4 679044375.1339546442 4508873
26 4 471589965.29003453255 4557833
27 4 608768499.86420929432 4556838
28 4 834808004.6290794611 4499098
29 4 438216398.55886149406 4543469
30 4 557496105.40765953064 4571543
31 4 811191785.63159763813 4496140
32 4 545196053.08654296398 4561740
33 4 370709809.14060288668 4566252
34 4 375671604.11802762747 4490398
35 4 370319091.07344597578 4548160
36 4 399473324.49192965031 4551032
37 4 834595923.60418772697 4488502
38 4 911755765.50390124321 4558780
39 4 949472611.69014108181 4567976
40 4 735426517.48997783661 4484098
41 4 595772803.41444802284 4567868
42 4 701275918.92321050167 4555962
43 4 905527288.34942150116 4501168
44 4 1034777164.4078204632 4554259
45 4 386496380.40317869186 4584889
46 4 757946392.86477851868 4481954
47 4 1109465189.078663826 4570910
48 4 902331877.19268417358 4554055
49 4 599276146.64378654957 4483838
50 4 394575400.97634255886 4560928
51 4 748395011.04117882252 4563543
52 4 658580466.09313380718 4480568
53 4 453594853.09669929743 4574567
54 4 778859506.33495497704 4550796
55 4 774907037.57043015957 4499292
56 4 461240621.81091731787 4561624
57 4 708336796.07217085361 4571066
58 4 828584257.84971356392 4500004
59 4 609369265.0092664957 4574588
60 4 386761515.31213617325 4568204
61 4 605681830.33225333691 4481083
62 4 540625165.84677910805 4560185
63 4 822888762.67523574829 4559189
64 4 615346512.96418106556 4491501
65 4 368784939.5458406806 4576184
66 4 681544322.27686965466 4552187
67 4 656770576.91232311726 4493245
68 4 1062585048.2025425434 4557787
69 4 609031947.23982048035 4548470
70 4 966286714.08647167683 4480546
71 4 668597879.87211966515 4560048
72 4 816027146.77221894264 4567233
73 4 781190278.49249589443 4497036
74 4 618279110.99890089035 4557777
75 4 635391758.38308262825 4557605
76 4 458626454.68976986408 4487854
77 4 912995476.09353208542 4563086
78 4 680901322.97873806953 4556960
79 4 842971683.76454031467 4478213
80 4 765941117.40526735783 4559424
81 4 590595377.72953903675 4557101
82 4 299294565.44584625959 4496869
83 4 316158553.02318525314 4555552
84 4 924142127.91358661652 4569996
85 4 1069552658.570807457 4486650
86 4 531871124.46611720324 4588136
87 4 794395997.00768947601 4554098
88 4 750481080.28983879089 4493149
89 4 674822651.5407217741 4570515
90 4 612179228.34657096863 4545860
91 4 774098347.87070322037 4498297
92 4 1080674351.9831008911 4564928
93 4 765584751.37203395367 4554435
94 4 666736893.36658275127 4500279
95 4 614360462.30024135113 4563994
96 4 453530757.42844998837 4560233
97 4 367293051.4501760006 4496665
98 4 680305526.82088339329 4574636
99 4 634493937.08056950569 4561561
% Edges = 4.5
0 4.5 468016973.58390003443 5002585
1 4.5 535239683.69331252575 5116806
2 4.5 1185462860.586681366 5091541
3 4.5 821938086.49684071541 5071325
4 4.5 738174717.32045006752 5015298
5 4.5 673346659.28741276264 5102292
6 4.5 883893829.40431261063 5097426
7 4.5 463126286.24599999189 4991237
8 4.5 625473630.61243164539 4959183
9 4.5 664020729.15947782993 5051034
10 4.5 676919530.78844380379 5049081
11 4.5 994124326.2337937355 5004210
12 4.5 718490079.79057812691 5003442
13 4.5 687716960.05556929111 5042134
14 4.5 412782725.51312744617 5044092
15 4.5 897900595.03134524822 4990855
16 4.5 818900895.49939334393 5025231
17 4.5 554257162.75043201447 5069751
18 4.5 482987017.45177996159 5039070
19 4.5 675501167.94994723797 4971326
20 4.5 727951129.84726548195 5048768
21 4.5 531538966.77721744776 5064548
22 4.5 728132323.24812090397 5034457
23 4.5 625757811.79966902733 4960838
24 4.5 408488735.02859711647 5047710
25 4.5 917981690.68939232826 5052126
26 4.5 567189376.49981629848 5013427
27 4.5 667458649.53962659836 4980408
28 4.5 490425295.53379666805 5043330
29 4.5 987199631.20387995243 5045090
30 4.5 1037799360.9155778885 5004000
31 4.5 935482960.68561983109 5003368
32 4.5 1010792109.8273887634 5062774
33 4.5 816687862.92144560814 5052525
34 4.5 475374491.9159579277 4983718
35 4.5 754011185.00457823277 5025158
36 4.5 753191886.34718596935 5061971
37 4.5 521766043.69902849197 5060377
38 4.5 566555752.56184124947 4969188
39 4.5 1049735693.7968310118 5042665
40 4.5 666773928.4897185564 5062771
41 4.5 996203965.68180346489 5035651
42 4.5 335615878.24126833677 4977130
43 4.5 861038672.4548664093 5046466
44 4.5 1092609993.9475932121 5043221
45 4.5 837090160.55609607697 5022315
46 4.5 677589231.57856881618 4975100
47 4.5 483730943.06576359272 5044691
48 4.5 837743579.07986390591 5069405
49 4.5 491515243.80571049452 4998006
50 4.5 606299089.64913678169 4985674
51 4.5 602761731.38135647774 5038809
52 4.5 692070439.4478867054 4979965
53 4.5 576201078.19336044788 4967537
54 4.5 478275498.51056718826 5046720
55 4.5 857450152.77456259727 4968232
56 4.5 658269276.43122684956 4946720
57 4.5 789922426.99072468281 5057909
58 4.5 417739110.13981938362 4998748
59 4.5 958804009.97409415245 4936818
60 4.5 416263457.22508370876 5052942
61 4.5 412635394.41801416874 4979023
62 4.5 1140434586.3168065548 4945821
63 4.5 281263334.86072510481 5035034
64 4.5 662913818.95967340469 5003260
65 4.5 742455093.84606599808 4947935
66 4.5 1019402878.8580129147 5039195
67 4.5 710280387.47869551182 4988999
68 4.5 344734207.49713075161 4936859
69 4.5 620628755.18024778366 5039107
70 4.5 748099115.69743788242 5009072
71 4.5 541228787.04360044003 4929854
72 4.5 907628170.90937387943 5052111
73 4.5 976570835.73563528061 4998061
74 4.5 484393514.94367754459 4946205
75 4.5 638098354.1880313158 5036261
76 4.5 615643111.73855924606 5020568
77 4.5 734880227.79515457153 4951611
78 4.5 658189178.13918042183 5016632
79 4.5 785786704.85491013527 5046711
80 4.5 549005845.60399413109 4935748
81 4.5 859979028.47923481464 5065340
82 4.5 397468871.73029398918 5034275
83 4.5 892345466.77037239075 4937908
84 4.5 655866587.21031022072 5028667
85 4.5 346021613.56350636482 5073124
86 4.5 545641823.57057607174 4959613
87 4.5 560497410.38492977619 5050164
88 4.5 854309768.50787329674 5057988
89 4.5 673876258.82767057419 4976976
90 4.5 995732493.10275781155 5059951
91 4.5 613696059.78966808319 5046612
92 4.5 822092602.62254905701 4984822
93 4.5 669603780.77011477947 5047778
94 4.5 597854598.1404531002 5058348
95 4.5 454347628.36457723379 5003503
96 4.5 136322565.37147146463 5010015
97 4.5 845610273.84521377087 5055789
98 4.5 344432563.51145416498 5004422
99 4.5 486728328.49919241667 5009094
% Edges = 5
0 5 546604269.26268100739 5606255
1 5 906194310.81332409382 5591410
2 5 621655532.34301042557 5499425
3 5 595264020.55469679832 5594153
4 5 252179844.92143693566 5610799
5 5 676312789.67880415916 5593866
6 5 503552183.85885667801 5523334
7 5 849103682.37556123734 5582256
8 5 554410244.2386701107 5622392
9 5 499924991.54441726208 5583077
10 5 353397596.50463473797 5518475
11 5 597582244.90634548664 5587012
12 5 790337415.04591321945 5620884
13 5 353705904.65659451485 5607127
14 5 429969102.66618686914 5540407
15 5 481673922.25715374947 5584611
16 5 551284032.36483502388 5604914
17 5 543954564.5384863615 5609995
18 5 732693117.44740200043 5536706
19 5 373728500.53204542398 5573112
20 5 470217683.76442968845 5603410
21 5 733402716.81795692444 5611215
22 5 644975344.13883721828 5538620
23 5 429930123.94613564014 5560450
24 5 963438991.86655807495 5611030
25 5 480602602.2561802268 5619204
26 5 972196677.19049036503 5515282
27 5 772026038.35603296757 5563081
28 5 676198619.99199450016 5608625
29 5 1038044646.1004930735 5615333
30 5 666708955.82637095451 5530290
31 5 575665211.5953745842 5573253
32 5 848837390.14749777317 5604308
33 5 476070319.9701833725 5604128
34 5 428951676.47468727827 5538696
35 5 870908477.98308694363 5564698
36 5 766097132.38932013512 5601228
37 5 540725807.63877081871 5614348
38 5 641870731.20636379719 5543774
39 5 608036853.57287740707 5565111
40 5 358743426.45004940033 5598681
41 5 498664435.94245278835 5611506
42 5 365285609.14921724796 5552230
43 5 605497851.86694014072 5575598
44 5 479205370.69274806976 5599869
45 5 606861987.63274598122 5617363
46 5 302187462.43374419212 5572238
47 5 930261794.66921794415 5549719
48 5 551517135.92731630802 5634970
49 5 350149614.14001107216 5610204
50 5 666091820.04937279224 5607701
51 5 846011747.61592400074 5548192
52 5 684124853.6611096859 5611859
53 5 798888585.24516654015 5606084
54 5 646904598.60443091393 5548550
55 5 443042548.22658199072 5549018
56 5 496966637.28201973438 5611462
57 5 763131251.53517901897 5602643
58 5 670492001.49216473103 5547352
59 5 690553585.57619690895 5552461
60 5 1084641636.6817421913 5588440
61 5 542689225.59929966927 5601155
62 5 623804734.63187730312 5545653
63 5 804831547.24268317223 5548292
64 5 412901451.84169578552 5606088
65 5 733282077.10600244999 5605474
66 5 601826737.1794205904 5542885
67 5 482001239.59356218576 5528630
68 5 650605163.9599378109 5604194
69 5 596881803.65941393375 5606478
70 5 177321061.28898841143 5547367
71 5 557725703.7446719408 5550409
72 5 713624529.74181604385 5606710
73 5 680516469.29160344601 5604596
74 5 693682151.7932690382 5542361
75 5 593549277.13402962685 5534267
76 5 760264297.06568932533 5565404
77 5 724763134.01453065872 5551024
78 5 919404123.63811278343 5502044
79 5 826539781.90751338005 5492240
80 5 652111011.1709446907 5575393
81 5 540680305.27325773239 5561766
82 5 974216236.46340274811 5493802
83 5 363591897.63859969378 5505427
84 5 616273913.59160041809 5552501
85 5 718099959.74384689331 5556305
86 5 710815139.16006040573 5483355
87 5 789760711.59138011932 5529003
88 5 499345319.72131824493 5545586
89 5 863525089.80931162834 5528121
90 5 528327082.2776209116 5462414
91 5 610452521.35866832733 5599823
92 5 663962056.70629858971 5526782
93 5 653918327.29419720173 5463149
94 5 851588990.81356883049 5578643
95 5 741779014.41920375824 5505824
96 5 1006046105.9923876524 5465733
97 5 668593345.11645567417 5572224
98 5 820512048.57681715488 5517493
99 5 673199941.58248078823 5465928
% Edges = 5.5
0 5.5 873954228.11233723164 6087623
1 5.5 718186462.13931035995 6072776
2 5.5 390993390.89551997185 5998429
3 5.5 704290982.88838458061 6076839
4 5.5 977620138.84413921833 6089339
5 5.5 543728784.08232796192 6032436
6 5.5 593290428.75048160553 5993344
7 5.5 754170308.9567990303 6090097
8 5.5 452762390.01260477304 6092139
9 5.5 583741177.83851695061 6007456
10 5.5 427039118.00549596548 6046075
11 5.5 565333974.55294275284 6089496
12 5.5 1156306068.6557152271 6070054
13 5.5 573917028.45666873455 5989160
14 5.5 730632893.01134312153 6077331
15 5.5 558407460.15681195259 6086906
16 5.5 699586376.53163564205 6034977
17 5.5 1040458176.6730661392 5991316
18 5.5 904866289.94205379486 6097746
19 5.5 708593199.56059539318 6087512
20 5.5 721775287.7391731739 6012380
21 5.5 933812692.58277118206 6051036
22 5.5 723849841.64158201218 6083741
23 5.5 728820980.81255292892 6066400
24 5.5 732882499.16933524609 5995643
25 5.5 826428613.92704546452 6074116
26 5.5 498391960.45250290632 6092358
27 5.5 499517885.10817623138 6026866
28 5.5 811254374.22489571571 5994871
29 5.5 931077667.95196163654 6086541
30 5.5 615784898.16006112099 6092013
31 5.5 489856851.97923785448 6003013
32 5.5 701401391.3146417141 6049802
33 5.5 667973609.52434504032 6075736
34 5.5 665352423.58982503414 6062490
35 5.5 587547024.60587835312 5988759
36 5.5 774719195.87264227867 6123198
37 5.5 812074602.49559175968 6092951
38 5.5 849670789.75500249863 6040572
39 5.5 556945101.12229955196 5995409
40 5.5 599098520.21353459358 6099439
41 5.5 388227118.68692934513 6107110
42 5.5 493181284.05752837658 6011185
43 5.5 860505586.55831336975 6049482
44 5.5 967395454.73047268391 6084057
45 5.5 451697446.02819961309 6055076
46 5.5 550039317.37769079208 6003531
47 5.5 592491310.6560536623 6075668
48 5.5 781579620.89452600479 6091342
49 5.5 609089308.60813426971 6026854
50 5.5 446416341.60029345751 5996491
51 5.5 771877276.99217271805 6088214
52 5.5 559405568.44682455063 6109849
53 5.5 964006412.61189138889 6006510
54 5.5 814354359.97390198708 6062023
55 5.5 1092212192.3673048019 6085059
56 5.5 941742909.50845503807 6080168
57 5.5 500221925.30482530594 5995841
58 5.5 563087170.44908261299 6081625
59 5.5 844256146.03272008896 6083714
60 5.5 750439237.87672281265 6030724
61 5.5 550251482.52140843868 6004942
62 5.5 735762860.76742839813 6096281
63 5.5 479123411.11195194721 6095661
64 5.5 581736424.86292433739 6007928
65 5.5 694188830.71504199505 6048929
66 5.5 737967490.33061242104 6088104
67 5.5 451471698.2587120533 6054433
68 5.5 493075332.03871411085 5991935
69 5.5 326946318.62543129921 6072961
70 5.5 325753198.76174414158 6090723
71 5.5 658592085.08403706551 6047560
72 5.5 657424581.50426113605 6004779
73 5.5 777840847.70246040821 6092538
74 5.5 392250665.2388882637 6100477
75 5.5 436303270.80172848701 6006383
76 5.5 735604571.72010576725 6059115
77 5.5 1087079321.8575165272 6081882
78 5.5 390795362.41897064447 6058899
79 5.5 691938893.62716448307 5987008
80 5.5 377526651.13951039314 6083027
81 5.5 598431529.24113798141 6084025
82 5.5 287416230.19630998373 6039973
83 5.5 267031735.14826831222 6001350
84 5.5 822950035.51293981075 6095894
85 5.5 998672823.52311015129 6093258
86 5.5 669444722.26848590374 6011010
87 5.5 662977756.47153174877 6052801
88 5.5 780042057.41740047932 6085424
89 5.5 811983884.40898871422 6053038
90 5.5 450558250.71898245811 5984554
91 5.5 642246220.77654588223 6072160
92 5.5 549092058.15995287895 6083587
93 5.5 1043863331.6135485172 6015281
94 5.5 700646072.50896513462 6003614
95 5.5 379914675.34885591269 6084108
96 5.5 1033768225.4378553629 6092027
97 5.5 535201413.48529982567 5990661
98 5.5 813702267.94355022907 6057343
99 5.5 696441679.64492547512 6065383
% Edges = 6
0 6 538189852.1529712677 6607177
1 6 734626499.24885571003 6548676
2 6 608641426.35239911079 6560775
3 6 358277387.82059592009 6602915
4 6 551598225.51470899582 6614777
5 6 514315179.13109606504 6572492
6 6 405089417.00752365589 6515899
7 6 205283135.3131634295 6596865
8 6 630489057.66558778286 6621637
9 6 566144595.93629992008 6620947
10 6 987537434.3348069191 6559691
11 6 644139122.44332146645 6526293
12 6 684867386.10187578201 6587936
13 6 261255944.50486588478 6633872
14 6 457612332.45006775856 6606547
15 6 760182583.88920962811 6579685
16 6 437336494.53243535757 6509367
17 6 674323915.99387443066 6623444
18 6 903964623.69286131859 6595788
19 6 456998779.23608797789 6643743
20 6 537129621.55049145222 6539915
21 6 547813772.04618811607 6554157
22 6 796985949.7923169136 6606840
23 6 404830005.38796448708 6612233
24 6 859312400.18003869057 6568576
25 6 779004573.35080087185 6519723
26 6 528371886.08553910255 6607976
27 6 548709314.43561196327 6617772
28 6 755126239.99651813507 6589584
29 6 599438276.11515891552 6508476
30 6 449433871.19340980053 6620258
31 6 899759100.75156462193 6624942
32 6 851463466.34475600719 6571351
33 6 501589538.32878756523 6532760
34 6 490278747.39280533791 6613118
35 6 903045273.70019686222 6638325
36 6 855811878.31201505661 6560898
37 6 577775098.42399382591 6548295
38 6 664512706.55482196808 6630056
39 6 883752647.42151665688 6624716
40 6 557410338.39746618271 6540937
41 6 821849544.76676309109 6582875
42 6 1051452961.5302826166 6610181
43 6 584921123.30637383461 6626900
44 6 605869928.93900990486 6500928
45 6 457288312.83203715086 6619810
46 6 707014774.82660460472 6621781
47 6 880520941.8078353405 6601394
48 6 555677758.10411214828 6503453
49 6 892092991.57495808601 6618911
50 6 834767255.69536399841 6601324
51 6 633646821.02824902534 6579053
52 6 563898871.41451931 6499892
53 6 652889153.99428904057 6616798
54 6 682036020.27463364601 6625049
55 6 711626886.99607527256 6560805
56 6 511360053.72435802221 6517282
57 6 1046844671.6693412066 6630594
58 6 620480057.86175298691 6615050
59 6 402725900.31456065178 6555968
60 6 543993127.15948736668 6552565
61 6 681140331.95208334923 6627579
62 6 457822860.4849806428 6615885
63 6 696168825.72428035736 6529641
64 6 698296481.4110969305 6581292
65 6 544396628.18726587296 6629046
66 6 994561663.78714060783 6597905
67 6 743547507.50127196312 6515913
68 6 853768865.56270074844 6609009
69 6 407636459.70458900928 6607583
70 6 401863609.48403978348 6586123
71 6 445327127.3455914259 6507030
72 6 617247601.61135399342 6629504
73 6 679180262.67446422577 6626371
74 6 508335257.03277337551 6570679
75 6 836443478.79651391506 6509072
76 6 873695211.26432240009 6624875
77 6 947913448.96983003616 6622189
78 6 591053464.26661682129 6562393
79 6 744930510.80535936356 6539707
80 6 637575766.44196105003 6637016
81 6 571555642.10915005207 6607112
82 6 649055173.03492856026 6545633
83 6 931505435.51423811913 6566921
84 6 258638791.36617124081 6621788
85 6 911144007.7261133194 6623779
86 6 505893481.69847488403 6513806
87 6 686384199.23879158497 6607268
88 6 500986794.92012268305 6606989
89 6 504331762.41355448961 6600883
90 6 735155497.59650874138 6504497
91 6 453865485.00125128031 6628336
92 6 746364107.47576212883 6631709
93 6 658398647.1363440752 6571266
94 6 639850376.39760279655 6501639
95 6 455917591.69622814655 6610695
96 6 794847898.5988701582 6634301
97 6 1307384536.7134141922 6564490
98 6 702789629.41293406487 6530922
99 6 547390570.62434852123 6618910
% Edges = 6.5
0 6.5 613674465.41542887688 7459582
1 6.5 808171323.33641290665 9133691
2 6.5 1008195831.9302456379 7728153
3 6.5 724942967.67910158634 7416912
4 6.5 659325078.16342818737 7379994
5 6.5 639492761.86805593967 7369039
6 6.5 605911125.43238580227 7418422
7 6.5 904524227.15707993507 7351238
8 6.5 727809785.64861357212 7388270
9 6.5 554249751.55012273788 7061935
10 6.5 690255086.9992082119 7476866
11 6.5 1064428032.0996584892 7433042
12 6.5 410217258.63561397791 7422734
13 6.5 762194605.02211332321 7532555
14 6.5 1023369463.1524156332 7449558
15 6.5 622172485.80599200726 7421400
16 6.5 598655704.51623678207 7477747
17 6.5 840889084.35593724251 7468151
18 6.5 965368547.91128444672 7405863
19 6.5 649092905.74169230461 7361674
20 6.5 608487011.7817350626 7401153
21 6.5 927183598.24741721153 7397158
22 6.5 918730571.63923728466 7437655
23 6.5 742149884.10236513615 7421564
24 6.5 1157365615.7812280655 7438515
25 6.5 859764611.026699543 7419504
26 6.5 694949918.09016013145 7375123
27 6.5 932905710.95030927658 7378238
28 6.5 1042184180.2245769501 7359328
29 6.5 543018641.74626326561 7398886
30 6.5 568472407.00014448166 7426527
31 6.5 556746865.7257655859 7413939
32 6.5 496116837.26563060284 7424445
33 6.5 750600986.65422654152 7450893
34 6.5 726400779.88116359711 7390119
35 6.5 967708033.89823865891 7400058
36 6.5 322230606.8269405365 7350525
37 6.5 760735080.92800104618 7371116
38 6.5 749023998.03586053848 7412427
39 6.5 698056869.80918765068 7426843
40 6.5 589407469.4175003767 7417249
41 6.5 815770125.72030436993 7413439
42 6.5 629367641.068100214 7423416
43 6.5 531655419.03049099445 7370017
44 6.5 780302560.9859443903 7359516
45 6.5 568877698.7139942646 7357264
46 6.5 464701850.24011528492 7417595
47 6.5 978688460.35247850418 7415190
48 6.5 710171891.12635815144 7409749
49 6.5 732882942.95353937149 7430541
50 6.5 806739158.43801605701 7427745
51 6.5 584976715.52245211601 7374587
52 6.5 828125239.0767377615 7361558
53 6.5 589411047.11645483971 7371830
54 6.5 811570310.57637262344 7377687
55 6.5 920027309.69504547119 7416657
56 6.5 817732401.23264467716 7419015
57 6.5 448343923.28341752291 7429540
58 6.5 763332827.61570775509 7425660
59 6.5 609105114.36652874947 7402552
60 6.5 1043431717.1134320498 7357286
61 6.5 549348864.82188487053 7361217
62 6.5 617577889.8352098465 7372307
63 6.5 1014273979.7462846041 7410394
64 6.5 472144322.85292738676 7429947
65 6.5 788988955.05887973309 7446302
66 6.5 758774006.11821675301 7433211
67 6.5 706066186.78482651711 9284909
68 6.5 603699502.58117437363 7796500
69 6.5 677837212.98930549622 7622724
70 6.5 715728747.81476724148 7509428
71 6.5 639131307.29007160664 7464043
72 6.5 797469465.99220943451 7411439
73 6.5 924171381.85958576202 7545250
74 6.5 964733015.0504488945 7471526
75 6.5 823256176.01690518856 7463622
76 6.5 635700110.33248138428 7483995
77 6.5 568895656.7341401577 7477038
78 6.5 661204013.23745524883 7501246
79 6.5 460035699.80061912537 7419227
80 6.5 996213284.52797973156 7410125
81 6.5 963358637.23468863964 7414794
82 6.5 843501847.07419681549 7411919
83 6.5 642755154.07440853119 7461237
84 6.5 649489456.94232678413 7466171
85 6.5 596465965.79062080383 7454446
86 6.5 792795754.90727603436 7489698
87 6.5 609578423.22999668121 7443341
88 6.5 986997398.52251553535 7405930
89 6.5 647580703.10978937149 7397826
90 6.5 510736326.57115995884 7380415
91 6.5 636496977.25491213799 7450158
92 6.5 910798498.44059765339 7465014
93 6.5 1076771893.4739141464 7458517
94 6.5 712038120.24117720127 7456136
95 6.5 424336909.74024647474 7467003
96 6.5 849287038.84364748001 7449994
97 6.5 860893932.1524579525 7402121
98 6.5 744131669.16242444515 7387694
99 6.5 639371639.24069416523 7399957
% Edges = 7
0 7 644943959.42163467407 7977073
1 7 730827149.73809361458 7988546
2 7 264129199.85455232859 7960935
3 7 602273407.05097031593 7980458
4 7 834677727.92953848839 7995320
5 7 767575862.24436402321 7981540
6 7 516733473.9423853755 7978898
7 7 596302769.54943156242 7989928
8 7 827960068.96491026878 7992037
9 7 895981069.31341135502 7974494
10 7 679075831.54537165165 7955919
11 7 681183459.51802349091 7910190
12 7 756179384.47808885574 7921315
13 7 440015325.99464523792 7969261
14 7 721237463.6307901144 7974603
15 7 874794223.96511411667 7983374
16 7 776276743.05336773396 7993336
17 7 677057448.2497177124 7974318
18 7 483598603.09282720089 7943668
19 7 307917119.49544012547 7908136
20 7 512901058.42450672388 7899074
21 7 726582910.49687182903 7973172
22 7 469978872.82613915205 7967710
23 7 710439872.05835950375 7988789
24 7 648741127.78467667103 7985932
25 7 885003402.4082403183 7974322
26 7 773460842.18855822086 7970199
27 7 606720360.59372603893 7941209
28 7 615414464.75414824486 7918267
29 7 427914642.72357451916 7935405
30 7 461019991.78999137878 7965490
31 7 479732821.25757759809 7973106
32 7 679805875.29298591614 8006114
33 7 725255528.69347560406 7983788
34 7 707486141.34574270248 7984439
35 7 718190112.67659711838 7956653
36 7 848001011.36652219296 7910165
37 7 654448037.46107637882 7903319
38 7 560311689.85832941532 7962801
39 7 390060985.21052151918 7980969
40 7 803439465.11814510822 7993640
41 7 602435372.26614689827 7972087
42 7 731212090.41209340096 7995499
43 7 309421482.22310084105 7963185
44 7 647526935.49374175072 7933193
45 7 594872215.46824860573 7912207
46 7 750215400.55837905407 7938531
47 7 788356098.22699141502 7956738
48 7 523000764.12622106075 7992317
49 7 821950684.99690032005 7991618
50 7 975869908.09406936169 7998396
51 7 509071971.45105969906 7988171
52 7 515279096.44399213791 7923577
53 7 567726389.93321216106 7926095
54 7 690979081.33456325531 7919159
55 7 661931942.76153445244 7944453
56 7 883072387.94786918163 7984570
57 7 623651017.82443940639 7990445
58 7 483344373.11603224277 7982609
59 7 346364606.02749681473 7981527
60 7 464857071.88902550936 7959864
61 7 477927055.1285571456 7943235
62 7 1090064302.5188758373 7922630
63 7 603183660.42228007317 7915095
64 7 648765120.04123711586 7976352
65 7 735014695.04911983013 8009150
66 7 673460520.52014803886 7973206
67 7 813377157.28144681454 7972019
68 7 869924654.88230407238 7990123
69 7 562695547.32971048355 7918749
70 7 648289722.37247812748 7925294
71 7 1092444466.6837809086 7901205
72 7 665335925.39356160164 7949215
73 7 562581838.11199557781 7994313
74 7 1011864855.527061224 7974837
75 7 476507169.50718545914 7992923
76 7 253752140.73775351048 8013860
77 7 511800553.5398696661 7950788
78 7 763611268.63375532627 7925973
79 7 552760175.13379490376 7934799
80 7 767383126.75024902821 7920564
81 7 715548433.13111209869 7965121
82 7 804094003.01448190212 7979940
83 7 709364210.61289489269 7986085
84 7 818838703.61193156242 7993923
85 7 758690070.65786421299 7945536
86 7 527208862.08440959454 7927994
87 7 839150055.9139162302 7917396
88 7 714998362.85814738274 7894967
89 7 504355205.69915103912 7965643
90 7 617928433.57120943069 7972890
91 7 612389094.12618851662 7986909
92 7 825084046.48860526085 7997348
93 7 743098487.94793021679 7982647
94 7 640496986.35843729973 7962488
95 7 637073822.21027863026 7968698
96 7 700004122.88474714756 7903357
97 7 941216062.03565239906 7935217
98 7 892765366.20613086224 7978859
99 7 395595851.83152621984 7997805
% Edges = 7.5
0 7.5 792119689.23601043224 8501242
1 7.5 739723902.5080960989 8521508
2 7.5 508949327.95377576351 8526213
3 7.5 763510097.8302012682 8525792
4 7.5 711561356.83758497238 8496949
5 7.5 418287477.07663595676 8496570
6 7.5 362345303.0107396841 8471126
7 7.5 874181737.13475060463 8470788
8 7.5 789125071.19233953953 8459890
9 7.5 756208731.32268750668 8456324
10 7.5 687061367.6776676178 8457159
11 7.5 600758149.53101658821 8471691
12 7.5 525106970.83814460039 8510363
13 7.5 605910537.52365064621 8504096
14 7.5 711504818.29765963554 8506850
15 7.5 707903994.80528247356 8513920
16 7.5 638496902.33201038837 8512919
17 7.5 468445436.23172867298 8509403
18 7.5 884335334.99275994301 8533471
19 7.5 568848245.66202807426 8520870
20 7.5 604364632.98353767395 8510378
21 7.5 766610504.65509092808 8508241
22 7.5 868661453.12860834599 8468465
23 7.5 790005324.35106480122 8442419
24 7.5 516587014.44548594952 8465238
25 7.5 757122177.36271238327 8527277
26 7.5 675608403.51652944088 8536856
27 7.5 689467074.56129741669 8542317
28 7.5 329982218.88320326805 8537931
29 7.5 888391616.99045860767 8509390
30 7.5 649191433.41915881634 8472396
31 7.5 245098979.55435574055 8475105
32 7.5 650050343.09142291546 12557642
33 7.5 1022465177.0260746479 10558333
34 7.5 569741584.83785486221 9695821
35 7.5 455809720.5883936882 8609030
36 7.5 901466419.30426573753 8622642
37 7.5 701118268.5746254921 8528105
38 7.5 647096621.38300120831 8507366
39 7.5 801651772.50461173058 8492289
40 7.5 809605167.02725946903 8564991
41 7.5 577435755.33916473389 8589254
42 7.5 439407903.29976058006 8581935
43 7.5 433675862.01814699173 8596878
44 7.5 663667435.25340616703 8580049
45 7.5 426286764.50879716873 8548590
46 7.5 801694985.4410636425 8549907
47 7.5 648722426.47249960899 8498266
48 7.5 883102224.28945302963 8464355
49 7.5 982409994.91392230988 8574402
50 7.5 406752948.55819928646 8575019
51 7.5 883659396.38368451595 8578762
52 7.5 606233493.45871329308 8602249
53 7.5 671381548.94920492172 8572066
54 7.5 636531636.76519274712 8550458
55 7.5 963308484.66848695278 8525986
56 7.5 490392859.67104464769 8495699
57 7.5 693036202.1862590313 8481623
58 7.5 691755015.48559236526 8579759
59 7.5 595681881.3287409544 8563272
60 7.5 904681308.74839365482 8585824
61 7.5 898567351.0575710535 8581127
62 7.5 447921384.28711855412 8567321
63 7.5 634397639.92962670326 8535713
64 7.5 408776243.90540570021 8523696
65 7.5 557073780.04542350769 8474426
66 7.5 406315633.37613618374 8505151
67 7.5 724098272.95910739899 8573205
68 7.5 522436418.30861157179 8564171
69 7.5 740140978.58678686619 8569113
70 7.5 1007710993.5453014374 8607780
71 7.5 730124399.30887758732 8551918
72 7.5 534754089.46206527948 8532310
73 7.5 451801279.08759325743 8484176
74 7.5 556220141.38819122314 8470389
75 7.5 689509698.28530716896 8508447
76 7.5 955766800.45080006123 8566718
77 7.5 541895927.63220059872 8579447
78 7.5 1062980630.3201674223 8566377
79 7.5 711994710.78756475449 8586414
80 7.5 732716000.38332855701 8583431
81 7.5 610630498.2917996645 8526652
82 7.5 597547870.36906433105 8485347
83 7.5 479974985.00619274378 8479977
84 7.5 657139641.91244971752 8535588
85 7.5 941673638.57281446457 8554171
86 7.5 566877963.53641724586 8572172
87 7.5 755864376.12925100327 8601582
88 7.5 372193026.21730089188 8600331
89 7.5 525573214.41116762161 8590836
90 7.5 439241124.08901941776 8537573
91 7.5 699344682.47251033783 8471497
92 7.5 447926408.41046816111 8482718
93 7.5 634780467.0636947155 8550960
94 7.5 320635537.37499409914 8558975
95 7.5 509253587.06480932236 8571766
96 7.5 837243934.3525236845 8596211
97 7.5 494168030.13698220253 8576867
98 7.5 562762093.27672684193 8561733
99 7.5 491863254.43046712875 8531077
% Edges = 8
0 8 604346680.41833245754 9023932
1 8 738586698.84274303913 9048012
2 8 719293422.81573712826 9051280
3 8 414994954.50098210573 9055410
4 8 847060349.63203036785 9085389
5 8 679149760.73687851429 9108359
6 8 685415819.38355898857 9107334
7 8 345577971.93217581511 9108856
8 8 621231096.93912339211 9126219
9 8 808799974.02866363525 9111630
10 8 1224175317.2995219231 9130768
11 8 782592227.98066997528 9124132
12 8 640140077.88081812859 9114634
13 8 652831109.22033464909 9114494
14 8 575331522.86291706562 9100636
15 8 920300990.59843933582 9096437
16 8 530131091.91174483299 9074470
17 8 830669784.85010838509 9057952
18 8 594059398.80579102039 9044646
19 8 1148995332.7455236912 9061031
20 8 598010837.50105047226 9064197
21 8 380576315.09727650881 9165640
22 8 644244362.94737696648 9119275
23 8 629827545.51233685017 9112325
24 8 461314324.21102881432 9125626
25 8 762092109.15248131752 9132061
26 8 523737043.75380897522 9146655
27 8 604141452.0288118124 9116454
28 8 603133771.92343330383 9137624
29 8 480619169.24258732796 9107601
30 8 740176908.7433962822 9125006
31 8 775663033.16033959389 9112697
32 8 601430982.64050781727 9067666
33 8 573779006.86650240421 9040453
34 8 743728698.72781860828 9032957
35 8 606439196.56710827351 9100928
36 8 848168215.60401725769 9107975
37 8 456222526.28957438469 9111165
38 8 694146562.93356585503 9155530
39 8 604978395.1944745779 9099120
40 8 673950134.44078695774 9101775
41 8 375531971.77854508162 9078813
42 8 557731611.04073107243 9063802
43 8 903263441.2947063446 9030019
44 8 791658244.71391475201 9124759
45 8 585922836.41146659851 9111616
46 8 522559923.63240551949 9116103
47 8 560207195.44849085808 9140619
48 8 503615023.0007365942 9103016
49 8 958402956.62011408806 9097257
50 8 558197125.85125553608 9065634
51 8 901544991.73814940453 9033006
52 8 675639966.50415539742 9052961
53 8 727173284.50228404999 9115684
54 8 534921502.33943724632 9115250
55 8 329680053.33557760715 9105875
56 8 633413433.64224421978 9135241
57 8 654672736.65313589573 9100374
58 8 495135582.20945107937 9083212
59 8 665021467.61646783352 9056933
60 8 590031133.56255340576 9018699
61 8 827172151.77699053288 9072809
62 8 384363914.23287308216 9123139
63 8 690910494.54153442383 9107788
64 8 531288489.33174163103 9122574
65 8 698031895.39157772064 9114798
66 8 727468339.25262475014 9121434
67 8 487807840.03191095591 9060831
68 8 586792388.17172622681 9028604
69 8 764651364.61881303787 9027875
70 8 728441241.68444085121 9091450
71 8 678891186.44815826416 9106273
72 8 789157547.75430059433 9147836
73 8 642724892.4953109026 9156454
74 8 637459688.01857161522 9105896
75 8 755480132.84430909157 9118570
76 8 340266111.18268537521 9069723
77 8 759698221.58418083191 9032022
78 8 718604788.62103497982 9040271
79 8 632742289.35672450066 9109093
80 8 610564747.31166434288 9119419
81 8 783966068.40869855881 9120431
82 8 581315820.73479115963 9141149
83 8 733426186.33702087402 9119699
84 8 680172488.41231560707 9102612
85 8 878050101.06491017342 9043708
86 8 447692736.57890081406 9049108
87 8 824504960.03391885757 9055366
88 8 661176519.47860121727 9118043
89 8 717231482.91715586185 9113752
90 8 720711336.91644120216 9112698
91 8 650150539.44964027405 9118409
92 8 734036480.85893130302 9117217
93 8 532744205.4378157258 9113455
94 8 828274528.39355874062 9066264
95 8 633262803.84571111202 9023279
96 8 841113180.34360349178 9057525
97 8 565939924.2148680687 9118793
98 8 566370344.245464921 9104282
99 8 575318041.13846313953 9127419
% Edges = 8.5
0 8.5 629356204.53754639626 9679556
1 8.5 853223589.22161579132 9648596
2 8.5 946526822.90168917179 9646890
3 8.5 789659160.46566200256 9651781
4 8.5 649321084.07632625103 9665659
5 8.5 671493865.74896907806 9618297
6 8.5 329229905.95002985001 9589233
7 8.5 709463487.48482322693 9588044
8 8.5 810796512.0503847599 9609551
9 8.5 502068320.42329525948 9604430
10 8.5 835412564.55253911018 9626324
11 8.5 704444369.3218408823 9684241
12 8.5 825608817.70239377022 9679777
13 8.5 627435255.67472159863 9652742
14 8.5 605038736.68337988853 9656634
15 8.5 829746470.70140182972 9666507
16 8.5 899380685.89774310589 9676507
17 8.5 885296132.20591616631 9666925
18 8.5 753098775.10964441299 9654556
19 8.5 786630033.42245697975 9656200
20 8.5 887031849.37243497372 9673634
21 8.5 575697001.46839570999 9636552
22 8.5 572623522.22582483292 9607396
23 8.5 595052036.74565684795 9589870
24 8.5 591291166.86453199387 9586929
25 8.5 520968511.30042755604 9599542
26 8.5 669850137.67081797123 9606655
27 8.5 504391670.33103334904 9642585
28 8.5 598982824.92569828033 9690907
29 8.5 808257610.50100183487 9672130
30 8.5 889578773.634375453 9648205
31 8.5 811287556.79747068882 9663236
32 8.5 563724546.4524358511 9670218
33 8.5 644971885.56982576847 9666941
34 8.5 540416398.31662797928 9651070
35 8.5 758950923.98246359825 9643518
36 8.5 613760045.34758424759 9676967
37 8.5 500511602.67431014776 9662336
38 8.5 634526082.63023018837 9643394
39 8.5 500791935.22173529863 9604963
40 8.5 357155973.77386307716 9593757
41 8.5 668665250.98935890198 9578447
42 8.5 1005816984.8422083855 9609673
43 8.5 713443112.36125588417 9677673
44 8.5 618961503.33997225761 9672927
45 8.5 674286096.33772110939 9677360
46 8.5 537575651.90900695324 9657505
47 8.5 438058542.81604546309 9665782
48 8.5 534731409.55694228411 9610039
49 8.5 804639625.35825741291 9565807
50 8.5 530209715.80940109491 9571447
51 8.5 679866736.14956235886 9660096
52 8.5 594901503.93717193604 9670788
53 8.5 494853385.43491923809 9652490
54 8.5 605705651.22398793697 9643460
55 8.5 651411898.69723033905 9644512
56 8.5 598178872.57621967793 9624900
57 8.5 874098436.52618527412 11230377
58 8.5 790384405.59761691093 13041201
59 8.5 498528311.01201444864 10647014
60 8.5 762019641.76703488827 10294525
61 8.5 919747349.89844107628 9214047
62 8.5 662549750.67756962776 9334197
63 8.5 915201000.84915792942 9542571
64 8.5 577990026.23262560368 9621197
65 8.5 360547762.30320906639 9520745
66 8.5 809878243.42864871025 9591849
67 8.5 864173463.56502342224 9486400
68 8.5 605627462.72784769535 9521137
69 8.5 585355590.79093718529 9465368
70 8.5 614698674.15508556366 9537543
71 8.5 750184860.50301539898 9572810
72 8.5 564444849.32333421707 9563692
73 8.5 649164139.87735462189 9559500
74 8.5 736360237.65420103073 9580624
75 8.5 558678285.63643264771 9548590
76 8.5 573892383.03012955189 9532191
77 8.5 623883345.61456620693 9522024
78 8.5 852461034.09416019917 9499426
79 8.5 517635007.44314557314 9550386
80 8.5 729439899.74433004856 9576235
81 8.5 602483709.59012901783 9563711
82 8.5 730817387.75731146336 9573695
83 8.5 501449705.58715957403 9572529
84 8.5 905740776.33578121662 9554922
85 8.5 397587028.95436686277 9533500
86 8.5 752295655.13832724094 9505705
87 8.5 804232340.27988088131 9504236
88 8.5 608510878.92383730412 9528889
89 8.5 766542676.27402770519 9578782
90 8.5 659462650.0752081871 9577749
91 8.5 772326379.29119479656 9566666
92 8.5 503987621.49669265747 9570707
93 8.5 604904261.17750358582 9561008
94 8.5 844816997.82239687443 9525726
95 8.5 575624120.43736362457 9520919
96 8.5 713207205.42466950417 9473604
97 8.5 420495807.99845457077 9548512
98 8.5 604788284.25321960449 9569522
99 8.5 710218063.68511068821 9561376
% Edges = 9
0 9 569109610.63876438141 10099772
1 9 614426035.13494837284 10092151
2 9 551855821.50792813301 10101582
3 9 744585236.71175670624 10071551
4 9 586977873.76772391796 10073772
5 9 918706484.54569149017 10100287
6 9 606262841.89242184162 10053814
7 9 765117899.61331367493 10038235
8 9 761474672.30841267109 10016089
9 9 620553665.196372509 10038732
10 9 539117836.95733213425 10042650
11 9 741273980.98122906685 10075899
12 9 763399409.07173085213 10074421
13 9 474271355.71243786812 10099043
14 9 479562847.59519827366 10074477
15 9 435528763.24624443054 10077817
16 9 718743381.98745334148 10091212
17 9 560445950.00491380692 10114183
18 9 785724559.10456895828 10068129
19 9 705589142.86807119846 10077287
20 9 471944210.26510334015 10072985
21 9 567848463.52381157875 10102345
22 9 744913592.6178920269 10052717
23 9 675881882.13661384583 10043910
24 9 834235297.97284793854 10044587
25 9 705226847.22145915031 10031252
26 9 645908237.60616457462 10051408
27 9 996720489.88677060604 10037984
28 9 638099163.45545327663 10077183
29 9 369759317.46683883667 10095357
30 9 625616268.53075611591 10100731
31 9 658539118.46419632435 10077053
32 9 719477042.04592001438 10097856
33 9 668370092.05195891857 10080335
34 9 637057052.92872953415 10085782
35 9 627651911.05605947971 10076124
36 9 649686634.03368651867 10092787
37 9 687884038.40415108204 10084423
38 9 787528952.40892016888 10083882
39 9 704684404.64121425152 10048553
40 9 818677871.82852506638 10110069
41 9 770824642.98537051678 10025018
42 9 688798071.4452996254 10043101
43 9 803297197.72586977482 10049374
44 9 857505798.4723944664 10163577
45 9 797249208.64428389072 10085643
46 9 799599281.81094813347 10072398
47 9 600895240.56287550926 10082325
48 9 433577619.9601957798 10094846
49 9 470000706.56104892492 10102333
50 9 577959348.480702281 10082458
51 9 1017082932.7409818172 10085771
52 9 908081472.13921928406 10086157
53 9 952270479.59844458103 10048677
54 9 679653802.39113235474 10038043
55 9 804895937.13189649582 10015543
56 9 737335283.88337314129 10075236
57 9 761934468.89489042759 10092652
58 9 648039517.0095937252 10084578
59 9 603465452.22546613216 10111860
60 9 925888497.36900043488 10086976
61 9 678998762.31536817551 10102665
62 9 576863792.91387629509 10051384
63 9 529004192.45721495152 10035545
64 9 450528160.34229308367 10006674
65 9 543602827.54190933704 10068696
66 9 633218984.94707715511 10089948
67 9 406295789.66718828678 10098767
68 9 730357304.80261945724 10095276
69 9 770061037.71833944321 10089682
70 9 526231192.10704874992 10087490
71 9 669840147.1769810915 10046131
72 9 498353521.50466752052 10029059
73 9 813744543.43276274204 10021919
74 9 573832934.23244428635 10061651
75 9 793070788.91205894947 10098298
76 9 427822142.11410093307 10088305
77 9 713003319.11038672924 10093681
78 9 381947298.52958595753 10077539
79 9 659037842.53598713875 10115444
80 9 640311843.67996668816 10060069
81 9 796581228.78708052635 10023853
82 9 628590726.35708773136 10017435
83 9 619618440.24889075756 10073525
84 9 291984721.69575977325 10089266
85 9 532558004.47997575998 10079867
86 9 730134703.92583358288 10099070
87 9 562725152.74644482136 10096944
88 9 760531679.4597479105 9777165
89 9 545167224.049305439 9998787
90 9 693967044.24952876568 9993792
91 9 920273332.37092733383 10085603
92 9 689948761.34680640697 10086381
93 9 833590180.22729158401 10093631
94 9 824061563.53097915649 10101248
95 9 705995616.51138806343 10090858
96 9 580642077.34956526756 10095177
97 9 507264754.72851723433 10054806
98 9 769950235.21539580822 10009537
99 9 626591489.23389160633 10013466
% Edges = 9.5
0 9.5 741006639.71241140366 10633742
1 9.5 684384499.17555522919 10614259
2 9.5 696723630.40573573112 10645822
3 9.5 538310790.83397459984 10624188
4 9.5 536005815.34241074324 10624700
5 9.5 996512495.63937997818 10641467
6 9.5 519553813.22479665279 10636959
7 9.5 536519574.93575322628 10638515
8 9.5 450262910.99918323755 10614803
9 9.5 699697422.07401382923 10638721
10 9.5 684661429.89011132717 10613638
11 9.5 442230439.03836166859 10597590
12 9.5 854421303.25409471989 10570757
13 9.5 478135809.59950643778 10562368
14 9.5 819920241.47025227547 11085610
15 9.5 601849454.98632419109 13605533
16 9.5 770423126.59856164455 11920974
17 9.5 644739569.41101074219 11030334
18 9.5 637608324.20605051517 10728708
19 9.5 708343398.6262447834 10669097
20 9.5 602539370.53340446949 10676241
21 9.5 646934308.13540697098 10621486
22 9.5 814949005.2506108284 10654887
23 9.5 519235968.24671882391 10676089
24 9.5 705952291.15967988968 10696321
25 9.5 898531328.05058813095 10710589
26 9.5 559144062.54026317596 10706887
27 9.5 782801822.11499595642 10717130
28 9.5 386925440.81032520533 10732906
29 9.5 724122979.77767693996 10703323
30 9.5 566228725.66214263439 10725140
31 9.5 612349394.01389098167 10695174
32 9.5 827291316.56651473045 10707110
33 9.5 490155095.60968309641 10704885
34 9.5 698490118.71782338619 10702639
35 9.5 536204381.34068971872 10697575
36 9.5 617519808.82575154305 10709298
37 9.5 729368977.79077160358 10666329
38 9.5 813430579.78153753281 10648585
39 9.5 805352574.10713863373 10623384
40 9.5 655217622.25090742111 10651885
41 9.5 854696242.60331082344 10650853
42 9.5 796360792.46343660355 10675920
43 9.5 715471414.99056398869 10704009
44 9.5 740633520.83849179745 10696265
45 9.5 416551614.72824245691 10712293
46 9.5 889043959.93024349213 10710382
47 9.5 708192835.49441671371 10700457
48 9.5 544650342.70743191242 10731519
49 9.5 443388291.12668430805 10702447
50 9.5 597934041.47468912601 10708179
51 9.5 628835343.55106139183 10707084
52 9.5 318471929.46714752913 10694002
53 9.5 503908097.52133375406 10732323
54 9.5 574987725.65725028515 10698836
55 9.5 675472152.06591808796 10645338
56 9.5 735922642.20712685585 10635566
57 9.5 790395169.47353303432 10631545
58 9.5 716606624.4480932951 10633215
59 9.5 648031351.23115611076 10642045
60 9.5 702149055.76739108562 10732124
61 9.5 740277787.33331120014 10705399
62 9.5 534490032.84255868196 10728596
63 9.5 793831993.88831114769 10709916
64 9.5 762168484.44598329067 10716511
65 9.5 512762780.18892598152 10711822
66 9.5 382404287.15651124716 10602193
67 9.5 838824066.99676883221 9902694
68 9.5 608146403.70891153812 10622158
69 9.5 907771781.67287492752 10679466
70 9.5 669204577.53103804588 10559039
71 9.5 645366742.42190122604 10656588
72 9.5 704456791.78408539295 10700995
73 9.5 812171296.55558764935 10715828
74 9.5 612127894.59320771694 10693848
75 9.5 852749227.30119800568 10678698
76 9.5 878205474.00114548206 10704079
77 9.5 694963345.03947901726 10653479
78 9.5 727217874.50959873199 10590278
79 9.5 675199215.62889325619 10605603
80 9.5 611780658.98926258087 10672667
81 9.5 665803777.23072445393 10684881
82 9.5 693344366.39200139046 10700332
83 9.5 606611099.63249826431 10692901
84 9.5 551189677.65400135517 10695681
85 9.5 852500640.7054246664 10687829
86 9.5 562924594.77088594437 10636326
87 9.5 614998508.66717576981 10604285
88 9.5 488302699.16246640682 10581431
89 9.5 807525747.74946200848 10708219
90 9.5 697424008.44114172459 10710848
91 9.5 844805425.40293574333 18676408
92 9.5 585752612.44438886642 18066873
93 9.5 506300894.7727112174 19291608
94 9.5 656728284.79894030094 13575371
95 9.5 786309188.05505168438 11867564
96 9.5 543563991.29609429836 11572447
97 9.5 623202567.73666059971 11472564
98 9.5 552052618.02593457699 11421919
99 9.5 622079448.59288418293 11450983
% Edges = 10
0 10 572565435.12555277348 11947777
1 10 579965788.9623452425 11900352
2 10 839986799.67883050442 11922170
3 10 460475744.16119021177 11874578
4 10 734422172.30450129509 11851278
5 10 607179433.76619768143 11860035
6 10 547101124.71411550045 11955841
7 10 472468800.80345791578 11900783
8 10 719791929.4540425539 11923562
9 10 738982647.90334033966 11944658
10 10 687039467.85535573959 11899111
11 10 876145575.50917541981 11890646
12 10 1154011283.8974635601 11937499
13 10 875054728.34122180939 11930102
14 10 620006578.56521499157 11910272
15 10 838366789.06137049198 11920154
16 10 606883465.51918590069 11854355
17 10 645645848.25332272053 11851719
18 10 973926748.89859843254 11899783
19 10 731477321.36758828163 11849089
20 10 811223654.56112217903 11945498
21 10 642514124.39797663689 11930134
22 10 758266661.28364527225 11901363
23 10 522951088.6702337265 11922512
24 10 831926103.33881103992 11936113
25 10 540298156.1798620224 11895059
26 10 661533556.23245763779 11923602
27 10 580485509.8595033884 11888119
28 10 734683509.43214392662 11916925
29 10 648489983.29195511341 11897488
30 10 740722745.84248042107 11845729
31 10 674949391.68990957737 11880112
32 10 659997900.45170843601 11870423
33 10 630744571.19735789299 11875738
34 10 440069693.78742456436 11946502
35 10 420602981.62213915586 11894326
36 10 507666480.07175886631 11983801
37 10 426254685.02274852991 11899748
38 10 681688265.47811126709 11962078
39 10 795510151.69632577896 11909903
40 10 757068126.70160293579 11912899
41 10 610126416.74579751492 11954321
42 10 827840991.18052101135 11954969
43 10 543382518.54311752319 11905574
44 10 626627158.22347915173 11894709
45 10 640536844.13447463512 11879323
46 10 590906939.6001547575 11923095
47 10 706600736.08614015579 11903098
48 10 477956467.84352958202 11974177
49 10 683866627.41278362274 11919375
50 10 589546586.17726778984 11976642
51 10 663485262.95232462883 11922313
52 10 513285383.4950184226 11966022
53 10 604977704.25225365162 11977148
54 10 588066204.03862726688 11897362
55 10 720804690.88574373722 11987110
56 10 545024086.50161767006 11924664
57 10 674100302.55656635761 11955635
58 10 573856779.40760505199 11938075
59 10 959474069.72876644135 11896815
60 10 693656099.533249259 11903322
61 10 738276643.78044295311 11864098
62 10 680643461.24972820282 11965104
63 10 693520863.25716769695 11945155
64 10 717870008.31790280342 11940021
65 10 579008843.90371310711 12001049
66 10 792353018.89642012119 11919878
67 10 599537281.24806582928 11977862
68 10 514503777.92710852623 11938487
69 10 749418616.29470896721 11934767
70 10 567617578.01820790768 12012575
71 10 840884138.25592362881 11959096
72 10 582605324.80735254288 11914867
73 10 551001853.45606696606 11955845
74 10 611457174.92844569683 11954118
75 10 682534197.39832293987 11927841
76 10 611586511.93803048134 11904259
77 10 1017749680.3601880074 11951891
78 10 597748933.24998736382 11959469
79 10 483127137.65874028206 11978069
80 10 757587061.60392522812 11953989
81 10 847213017.08962500095 12007012
82 10 731553614.29417586327 11995054
83 10 702278143.35492229462 11946950
84 10 820619765.68243408203 11975969
85 10 593189840.88657391071 11997521
86 10 587430561.47279882431 12000683
87 10 596162455.43075156212 11969618
88 10 568060858.78742039204 11954059
89 10 696456241.228328228 11938421
90 10 631155668.64530611038 11921901
91 10 515001912.3822940588 11936789
92 10 483470035.7902277112 11966013
93 10 679016043.10084819794 11998594
94 10 949800747.32855701447 11985452
95 10 775141335.90123510361 11995190
96 10 850154924.79105043411 12069886
97 10 909030645.28230500221 11936513
98 10 574990297.43441486359 11839625
99 10 429646786.74331986904 11991983
