% Edges = 0.1
0 0.1 0 3703
1 0.10000000149011611938 0 3461
2 0.10000000149011611938 4233538495.2801704407 3408
3 0.10000000149011611938 0 3365
4 0.10000000149011611938 1680971422.6373329163 3247
5 0.10000000149011611938 0 3530
6 0.10000000149011611938 5683953987.2528953552 3509
7 0.10000000149011611938 3356907569.8259162903 3560
8 0.10000000149011611938 1459436458.08948493 3442
9 0.10000000149011611938 1877243006.0241887569 3375
10 0.10000000149011611938 4729387600.8433218002 3285
11 0.10000000149011611938 0 3221
12 0.10000000149011611938 1565200508.6461837292 3511
13 0.10000000149011611938 1600644190.7172067165 3479
14 0.10000000149011611938 3395308593.6349186897 3514
15 0.10000000149011611938 0 3395
16 0.10000000149011611938 1389658323.4457435608 3366
17 0.10000000149011611938 0 3316
18 0.10000000149011611938 5648962599.8356714249 3212
19 0.10000000149011611938 1373435849.0654430389 3505
20 0.10000000149011611938 1759887419.1122751236 3491
21 0.10000000149011611938 1639286022.4852287769 3496
22 0.10000000149011611938 7711902671.0576839447 3434
23 0.10000000149011611938 2910626798.4460759163 3480
24 0.10000000149011611938 4666356630.3843870163 3341
25 0.10000000149011611938 0 3282
26 0.10000000149011611938 3426374700.9457817078 3448
27 0.10000000149011611938 9059130769.5746154785 3372
28 0.10000000149011611938 1546778409.7231833935 3303
29 0.10000000149011611938 3316710059.4271764755 3256
30 0.10000000149011611938 2816913482.4843354225 3506
31 0.10000000149011611938 1519739218.0231509209 3499
32 0.10000000149011611938 4063738362.448984623 3491
33 0.10000000149011611938 1478530460.8384184837 3431
34 0.10000000149011611938 2718143067.401248455 3428
35 0.10000000149011611938 1594030491.3555595875 3285
36 0.10000000149011611938 4019704681.4807319641 3286
37 0.10000000149011611938 1519176679.7564718723 3495
38 0.10000000149011611938 6865855864.6147079468 3500
39 0.10000000149011611938 4849868865.349905014 3488
40 0.10000000149011611938 4210426672.3058862686 3436
41 0.10000000149011611938 1426115823.4882128239 3375
42 0.10000000149011611938 2851957609.438729763 3299
43 0.10000000149011611938 2808570784.5690155029 3263
44 0.10000000149011611938 4365716417.1368875504 3468
45 0.10000000149011611938 0 3511
46 0.10000000149011611938 0 3488
47 0.10000000149011611938 2200730353.5794687271 3429
48 0.10000000149011611938 1547235775.6270468235 3355
49 0.10000000149011611938 0 3271
50 0.10000000149011611938 2361728763.4328932762 3219
51 0.10000000149011611938 1385911341.0669589043 3483
52 0.10000000149011611938 2796403837.6381378174 3497
53 0.10000000149011611938 1318902111.7873444557 3448
54 0.10000000149011611938 1607232657.678224802 3397
55 0.10000000149011611938 2914284062.5613102913 3370
56 0.10000000149011611938 1023010364.2555907965 3263
57 0.10000000149011611938 0 3214
58 0.10000000149011611938 3209734914.7041869164 3488
59 0.10000000149011611938 2437764551.8301329613 3483
60 0.10000000149011611938 1831702874.4846477509 3468
61 0.10000000149011611938 7702306763.9685020447 3408
62 0.10000000149011611938 0 3341
63 0.10000000149011611938 1352889747.3169364929 3260
64 0.10000000149011611938 1513754412.1948270798 3214
65 0.10000000149011611938 2844453031.3870105743 3481
66 0.10000000149011611938 1969001815.9193761349 3493
67 0.10000000149011611938 1428618206.1904811859 3490
68 0.10000000149011611938 10693902946.289024353 3429
69 0.10000000149011611938 1367026529.4289000034 3337
70 0.10000000149011611938 6012003012.9560556412 3266
71 0.10000000149011611938 1870971350.7564456463 3487
72 0.10000000149011611938 2642691848.0525174141 3484
73 0.10000000149011611938 6167641192.82878685 3512
74 0.10000000149011611938 1342968485.1791095734 3462
75 0.10000000149011611938 6948778502.6488647461 3386
76 0.10000000149011611938 1317913404.9199790955 3318
77 0.10000000149011611938 4741895759.3381061554 3242
78 0.10000000149011611938 0 3468
79 0.10000000149011611938 1474314857.8478753567 3450
80 0.10000000149011611938 1259794239.7933249474 3470
81 0.10000000149011611938 1936514127.2404532433 3451
82 0.10000000149011611938 4603959920.7631845474 3399
83 0.10000000149011611938 3205485382.4768238068 3318
84 0.10000000149011611938 3685010834.5333886147 3310
85 0.10000000149011611938 1578416248.8300876617 3487
86 0.10000000149011611938 1311818689.0953836441 3496
87 0.10000000149011611938 1205805306.1231002808 3494
88 0.10000000149011611938 1447549926.5315895081 3458
89 0.10000000149011611938 0 3373
90 0.10000000149011611938 0 3341
91 0.10000000149011611938 3465698595.7100214958 3273
92 0.10000000149011611938 0 3523
93 0.10000000149011611938 1522421381.5439088345 3497
94 0.10000000149011611938 0 3485
95 0.10000000149011611938 2624076130.9005737305 3462
96 0.10000000149011611938 0 3380
97 0.10000000149011611938 0 3200
98 0.10000000149011611938 3315609428.1881046295 3189
99 0.10000000149011611938 1137335875.9637744427 3204
% Edges = 0.25
0 0.25 2792612549.1696920395 8440
1 0.25 2756510328.9496240616 8751
2 0.25 2052548101.2123861313 8752
3 0.25 732382773.4841337204 8675
4 0.25 3338714447.7040748596 8693
5 0.25 670942867.00987708569 8805
6 0.25 1866452629.7507071495 8806
7 0.25 3517011404.8176884651 8738
8 0.25 3862833444.5840101242 8943
9 0.25 668661644.12781965733 8863
10 0.25 1809441063.6837582588 8722
11 0.25 2337471422.6505908966 8723
12 0.25 4542058708.4435596466 8845
13 0.25 3526826899.2327241898 8825
14 0.25 3135693529.3730945587 8766
15 0.25 3483892079.5358042717 8676
16 0.25 1278383579.538711071 8728
17 0.25 1250947904.9097397327 8706
18 0.25 1611966102.5055356026 8671
19 0.25 658582611.54876053333 8864
20 0.25 2621633068.2854804993 8801
21 0.25 5076297544.7301340103 8714
22 0.25 1223729425.2028894424 8719
23 0.25 3343690929.9735269547 8694
24 0.25 1529725954.0166940689 8748
25 0.25 4036864168.9501624107 8696
26 0.25 3232115792.0530872345 8701
27 0.25 3838845026.1543631554 8666
28 0.25 1626765941.2832093239 8704
29 0.25 1476144465.8828134537 8726
30 0.25 2290140415.5191512108 8843
31 0.25 2148292267.94090271 8897
32 0.25 5453561567.0637216568 8712
33 0.25 2046399251.1601247787 8758
34 0.25 5860167830.1806240082 8735
35 0.25 2573943141.353925705 8688
36 0.25 2211895884.052611351 8826
37 0.25 1326272678.7033596039 8797
38 0.25 3228432043.842133522 8905
39 0.25 2372119473.0564846992 8710
40 0.25 2964760903.8233718872 8757
41 0.25 1952910761.3068063259 8755
42 0.25 2113203808.1792783737 8724
43 0.25 2631533705.5357871056 8713
44 0.25 1225270433.5495157242 8836
45 0.25 2290104441.1350736618 8743
46 0.25 2647444188.9133353233 8651
47 0.25 2571352509.7880625725 8756
48 0.25 1949943042.3447813988 8773
49 0.25 1976839723.1523122787 8734
50 0.25 2333338693.2036232948 8693
51 0.25 2233783350.2672157288 8845
52 0.25 1131156270.6216692924 8770
53 0.25 3789169851.2318668365 8696
54 0.25 519183835.4358651638 8758
55 0.25 1410038005.9995596409 8732
56 0.25 1782259949.4857616425 8704
57 0.25 3864825042.6136398315 8745
58 0.25 4795133633.5235214233 8792
59 0.25 4754252349.5413208008 8764
60 0.25 1825650760.9472546577 8691
61 0.25 2105365048.5997669697 8726
62 0.25 1118686103.9075169563 8685
63 0.25 2206216072.6956152916 8640
64 0.25 594078250.87173008919 8759
65 0.25 1877881029.1933960915 8851
66 0.25 3153708579.365732193 8781
67 0.25 633685437.67143583298 8711
68 0.25 1082600082.4088494778 8662
69 0.25 566470334.65569400787 8749
70 0.25 3650497027.0519227982 8731
71 0.25 1864220279.2513742447 8882
72 0.25 2805357241.1005516052 8858
73 0.25 0 8790
74 0.25 2999494747.2652335167 8705
75 0.25 2563941421.9757685661 8725
76 0.25 3080367636.3788986206 8734
77 0.25 1146160111.8041427135 8694
78 0.25 2479083446.4322252274 8954
79 0.25 1480867441.7271933556 8847
80 0.25 1196000498.3299393654 8773
81 0.25 3109875802.9148607254 8770
82 0.25 3336344515.4023432732 8734
83 0.25 2472432367.3378586769 8716
84 0.25 3941543947.558784008 8741
85 0.25 1142339566.1023588181 8905
86 0.25 2618230728.6893792152 8793
87 0.25 606016643.31250154972 8747
88 0.25 1768364325.0592093468 8712
89 0.25 2936384434.4742708206 8680
90 0.25 1793064837.3912556171 8692
91 0.25 1063494895.3792107105 8728
92 0.25 1021076124.6577569246 8876
93 0.25 1648109295.6150016785 8877
94 0.25 5009255754.4595909119 8770
95 0.25 1596185705.0616874695 8720
96 0.25 2189584356.5053138733 8720
97 0.25 670367518.56968331337 8689
98 0.25 1291153689.8920600414 8700
99 0.25 3510490680.0797476768 8686
% Edges = 0.5
0 0.5 3058161751.0565109253 18060
1 0.5 2852017370.9416365623 18295
2 0.5 2686969375.8757791519 18397
3 0.5 2808029071.9904785156 18327
4 0.5 1218013947.8453764915 18324
5 0.5 3508168497.1232242584 18426
6 0.5 2672080382.2302789688 18746
7 0.5 2389669123.798728466 18558
8 0.5 2652057095.2509088516 18432
9 0.5 2001403132.6091468334 18274
10 0.5 2652852107.2260146141 18303
11 0.5 2388543891.0844535828 18338
12 0.5 2251745331.1461319923 18355
13 0.5 2141325580.3336164951 18457
14 0.5 2611796259.9369764328 18356
15 0.5 911343393.59130012989 18302
16 0.5 2695669785.623898983 18435
17 0.5 1504213100.4549298286 18235
18 0.5 2864401436.8078479767 18387
19 0.5 2193600722.9078083038 18327
20 0.5 2015654799.1843190193 18325
21 0.5 2029098416.5889520645 18284
22 0.5 3917389528.3086147308 18332
23 0.5 1584196432.5783472061 18287
24 0.5 2062356281.0260658264 18365
25 0.5 3907436156.3279361725 18386
26 0.5 3377050673.9086346626 18264
27 0.5 1457842382.4428520203 18252
28 0.5 2768103387.9541406631 18382
29 0.5 2333133315.5641098022 18317
30 0.5 1853457411.0813717842 18335
31 0.5 549482282.05171585083 18343
32 0.5 1822738365.1418104172 18376
33 0.5 3650888765.4751491547 18283
34 0.5 2932078143.3929181099 18290
35 0.5 3287385718.9988541603 18310
36 0.5 1212101463.1251010895 18355
37 0.5 2438872384.2623920441 18286
38 0.5 1595268920.9135439396 18258
39 0.5 2792320500.6153917313 18313
40 0.5 1461297375.3722896576 18441
41 0.5 3165295939.4992647171 18414
42 0.5 1841861725.7205200195 18305
43 0.5 1132044732.6632018089 18258
44 0.5 2322827183.6396641731 18291
45 0.5 4548341331.8724546432 18305
46 0.5 2219300047.9197416306 18226
47 0.5 1365660102.0279648304 18328
48 0.5 546988705.44649624825 18437
49 0.5 2685144715.3902001381 18335
50 0.5 1661424345.3441758156 18324
51 0.5 1508669304.0551548004 18367
52 0.5 3299393497.3018741608 18329
53 0.5 3456249367.4732170105 18384
54 0.5 1394273172.8002011776 18368
55 0.5 2632491574.7094335556 18278
56 0.5 4992208957.1606121063 18304
57 0.5 652186204.9214195013 18343
58 0.5 1818604264.5463609695 18260
59 0.5 1220516741.9038407803 18268
60 0.5 2074691683.8215081692 18385
61 0.5 2434256652.7302970886 18336
62 0.5 2225910477.5081005096 18277
63 0.5 1539181588.2708044052 18272
64 0.5 2009441244.1631793976 18571
65 0.5 1595292306.2386968136 18317
66 0.5 3423581798.9123601913 18288
67 0.5 1874468975.8693733215 18336
68 0.5 3153964084.0018992424 18266
69 0.5 638291786.65981221199 18294
70 0.5 2242891978.0870437622 18273
71 0.5 2478793843.1779532433 18334
72 0.5 864913601.74583244324 18406
73 0.5 3171523005.9628791809 18346
74 0.5 2683738643.2421102524 18329
75 0.5 591312430.02294063568 18329
76 0.5 2223336594.0122218132 18537
77 0.5 4436636324.5029878616 18341
78 0.5 1705269112.1658742428 18330
79 0.5 2330361666.3432879448 18279
80 0.5 2447246911.6058039665 18324
81 0.5 1906232043.2972769737 18342
82 0.5 2180458846.6174407005 18295
83 0.5 2204764712.928788662 18291
84 0.5 1368290821.6102502346 18345
85 0.5 2730459513.5021491051 18382
86 0.5 2941537664.3835487366 18314
87 0.5 2894856553.0134749413 18277
88 0.5 2283540418.9842538834 18416
89 0.5 1902455386.9785125256 18350
90 0.5 1143762021.2383306026 18341
91 0.5 2814078908.2383012772 18261
92 0.5 3584648151.7682876587 18330
93 0.5 2534428601.0517525673 18358
94 0.5 3787507492.9966564178 18278
95 0.5 3135952749.8205780983 18340
96 0.5 2359459791.1539802551 18328
97 0.5 3110615972.5671625137 18287
98 0.5 2050638721.410885334 18281
99 0.5 2138380047.1671426296 18370
% Edges = 0.75
0 0.75 1330418182.0107390881 28719
1 0.75 2588735291.6670913696 28122
2 0.75 1995415889.0959975719 27996
3 0.75 2430775134.5768957138 27956
4 0.75 1884504072.8717889786 27951
5 0.75 1794140402.3638334274 28250
6 0.75 2025991929.4458994865 27893
7 0.75 1642365515.8008801937 28305
8 0.75 3708189710.3604688644 27954
9 0.75 2902634113.650885582 27811
10 0.75 1550241010.6881387234 27837
11 0.75 1622303692.7378299236 27800
12 0.75 1516232292.0048575401 27870
13 0.75 3416686091.955892086 27866
14 0.75 2473706209.7930064201 28168
15 0.75 2176989196.9092679024 27942
16 0.75 1656191740.5184135437 27970
17 0.75 2336614497.9147701263 27819
18 0.75 2339561549.3053598404 27886
19 0.75 3719823667.2901053429 27856
20 0.75 3820723886.0794520378 27835
21 0.75 2321448232.236618042 27900
22 0.75 2240425465.3833885193 27901
23 0.75 2659145806.5618000031 27832
24 0.75 2383614662.8176074028 27933
25 0.75 2768587883.2544269562 27863
26 0.75 2538839704.2016506195 27826
27 0.75 3382906003.0600509644 27881
28 0.75 1464914969.8568902016 27871
29 0.75 4156888903.0416898727 27864
30 0.75 1547309771.1965987682 27890
31 0.75 1804843596.3358364105 27819
32 0.75 2130555316.6503238678 27901
33 0.75 2324457151.1012101173 27839
34 0.75 1821503976.4414949417 27900
35 0.75 1814488442.6778519154 27806
36 0.75 2386034055.8949685097 27932
37 0.75 2624100086.5909042358 27916
38 0.75 1410979325.811964035 27762
39 0.75 2650542822.3888707161 27864
40 0.75 3109205987.9023962021 28109
41 0.75 2013502051.1814336777 27955
42 0.75 1925249680.6976981163 27790
43 0.75 1945335302.0174291134 27883
44 0.75 2339298440.7543115616 28608
45 0.75 1900398385.6665084362 27988
46 0.75 2723601147.8629417419 27901
47 0.75 2714889056.6115627289 27902
48 0.75 1516341154.0626294613 28104
49 0.75 2583910514.3424987793 28002
50 0.75 3340583079.3506655693 27820
51 0.75 2364353202.2451229095 27780
52 0.75 3596604727.9172091484 28049
53 0.75 3130619282.2358503342 27814
54 0.75 1402601661.7847325802 27832
55 0.75 2731418310.5438899994 27941
56 0.75 2477183980.4067692757 27815
57 0.75 2144782354.5284278393 28109
58 0.75 3099742737.6822052002 27832
59 0.75 2932493766.4677200317 27830
60 0.75 1036995137.1481119394 27900
61 0.75 3562947368.4405488968 27928
62 0.75 1524710187.5786156654 27905
63 0.75 2571683212.6878013611 27842
64 0.75 2410444684.5788841248 28017
65 0.75 2671880777.0300354958 28133
66 0.75 1565206710.4250440598 27846
67 0.75 1273295354.7094647884 27889
68 0.75 2085091508.301431179 27922
69 0.75 3108799959.2362351418 27878
70 0.75 1742355373.1703872681 27796
71 0.75 2433181023.1145992279 27741
72 0.75 1015101861.7232084274 27928
73 0.75 2015183629.0340912342 28093
74 0.75 1955587290.2186200619 27880
75 0.75 3728143357.2656683922 27897
76 0.75 2572767778.1086750031 27863
77 0.75 2223467693.2285442352 27801
78 0.75 3359806699.7551617622 27848
79 0.75 2282293148.2948117256 27761
80 0.75 2948601242.6233468056 27968
81 0.75 2745485154.901556015 28218
82 0.75 2232300694.4020776749 27900
83 0.75 3121759212.2766313553 27843
84 0.75 2399760639.7663989067 27901
85 0.75 4226510030.1224756241 27856
86 0.75 1876818059.7790851593 27884
87 0.75 2053769592.6162798405 27878
88 0.75 1586723747.1760005951 28025
89 0.75 2360825401.466137886 27775
90 0.75 2890327510.2063097954 27780
91 0.75 2507298129.1472277641 27897
92 0.75 2611834001.1659903526 27862
93 0.75 1479161307.7124454975 27898
94 0.75 2207567100.6755304337 27760
95 0.75 2687420396.5815992355 27780
96 0.75 1909298358.7381057739 27910
97 0.75 1889817434.1722829342 27960
98 0.75 2410831240.9215607643 27831
99 0.75 2287229309.7714285851 27828
% Edges = 1
0 1 2053456300.2133414745 42257
1 1 2974427113.4488697052 37865
2 1 1624882004.7539114952 38012
3 1 2352476106.4109978676 37996
4 1 2027341474.0629096031 38009
5 1 2562952425.4679489136 37893
6 1 3176523858.2779684067 38107
7 1 2918971439.4563794136 38065
8 1 1888074632.4603807926 38004
9 1 2864315599.0465679169 37837
10 1 2281125493.3500080109 37874
11 1 2926076574.2008509636 37972
12 1 2855464734.9767313004 37931
13 1 3026083980.2769155502 37822
14 1 1737385008.3051199913 37914
15 1 3346562016.3523206711 37896
16 1 2245139941.4311919212 38133
17 1 2687179581.6816782951 37856
18 1 3664613444.5694947243 37943
19 1 2807549827.601536274 37870
20 1 2347730153.9112524986 37935
21 1 1919396576.2944531441 39661
22 1 2092506202.9602041245 38483
23 1 4423187830.9447841644 38553
24 1 2345585756.912861824 38409
25 1 3577203208.6659488678 38360
26 1 3152776654.3364810944 38313
27 1 1427953329.5761070251 38270
28 1 1900655820.3266832829 38305
29 1 2806927952.2510766983 38268
30 1 1245680561.326015234 38163
31 1 3197905378.2659482956 38283
32 1 2855394616.1528944969 38345
33 1 1872098323.6677522659 38188
34 1 2155739280.3533511162 38111
35 1 2420899552.3627409935 38111
36 1 2124380312.167031765 38138
37 1 1541079183.7021927834 38214
38 1 2508969367.6567382812 38250
39 1 2041333027.038579464 38067
40 1 2202464767.6505432129 38245
41 1 3282701929.3491826057 38356
42 1 3300942915.1756930351 39692
43 1 2152532106.0471625328 39631
44 1 2688907428.5256028175 38745
45 1 2890067060.936152935 38520
46 1 2151466877.3717250824 38719
47 1 2382270527.7974920273 38641
48 1 2339809917.1934051514 38857
49 1 2562237243.1757884026 38698
50 1 4293800174.4041872025 38555
51 1 1951890417.1467680931 38676
52 1 2369220252.7226023674 38713
53 1 2252042014.2870512009 38676
54 1 2930212933.1628985405 38538
55 1 1973804834.2507944107 38493
56 1 1620662365.46012187 38667
57 1 2313786956.8023386002 38699
58 1 3056756830.2081460953 38406
59 1 1901340919.1257116795 38434
60 1 3843358979.3705964088 38380
61 1 2048719872.7194643021 38476
62 1 2535605705.5436468124 40301
63 1 2743186112.8496155739 39110
64 1 3137439978.9387311935 39443
65 1 2567507959.3625349998 39376
66 1 1846316969.9137365818 39131
67 1 2813663118.2057900429 39108
68 1 3070438612.7650065422 39261
69 1 2194790498.1861438751 39161
70 1 2718708501.5691738129 38957
71 1 2438245696.5227313042 38986
72 1 1913262381.0535140038 39195
73 1 1303923199.8700196743 39348
74 1 1505084379.8739588261 38976
75 1 2719033955.5010261536 38899
76 1 3479431015.4350185394 38941
77 1 2720782848.2355160713 38988
78 1 2593271284.3482503891 38627
79 1 1683346385.5060863495 38832
80 1 2998396233.5990695953 38831
81 1 2770819946.7440476418 39135
82 1 2180208336.9919242859 40694
83 1 2295232265.2306714058 39531
84 1 1800641673.6556472778 39658
85 1 2279560105.3121480942 39606
86 1 3026686669.9671392441 39630
87 1 1797224667.1584262848 39551
88 1 2791324476.9241075516 39584
89 1 3236985010.6401543617 39297
90 1 1816210329.5529313087 39343
91 1 2258657099.690372467 39211
92 1 1963809324.0785017014 39280
93 1 2011592769.9533154964 39203
94 1 2322821352.0484418869 39126
95 1 1642484105.8256189823 39167
96 1 2260838158.2017560005 39286
97 1 3224989360.2208590508 39235
98 1 1216965451.4203357697 39050
99 1 1514752960.6583061218 39183
% Edges = 1.25
0 1.25 2186996831.5783128738 51663
1 1.25 1908028860.0557763577 59821
2 1.25 2196846842.6524691582 59999
3 1.25 2592240501.2276701927 59894
4 1.25 1982216098.1037340164 59863
5 1.25 2069564578.0515906811 59279
6 1.25 1917160463.3318588734 59295
7 1.25 2486688532.291498661 59437
8 1.25 2831322445.0881037712 59340
9 1.25 2231744292.1123867035 59042
10 1.25 2080698124.8558320999 59031
11 1.25 2169214767.098505497 59072
12 1.25 2475023102.3096184731 59143
13 1.25 3014465789.8821573257 58831
14 1.25 2157808616.1130304337 58965
15 1.25 2314019469.1394505501 61402
16 1.25 2547218434.2161812782 60171
17 1.25 2124503745.369528532 59966
18 1.25 2411993317.039475441 59729
19 1.25 2662570318.9398589134 59823
20 1.25 1930370491.0670964718 59684
21 1.25 2254640922.2399449348 59743
22 1.25 2721918412.8908109665 59599
23 1.25 2587254320.3840489388 60109
24 1.25 2338780362.7475366592 59756
25 1.25 2309771491.1845259666 59550
26 1.25 1504113771.4634919167 59320
27 1.25 2679316453.9560317993 59079
28 1.25 2383202271.2124648094 61310
29 1.25 2132488715.4632301331 60390
30 1.25 1670855969.1616358757 60150
31 1.25 2710412235.9958539009 60076
32 1.25 1447375001.7696051598 60024
33 1.25 2997581092.275118351 60463
34 1.25 2848252330.7491555214 59824
35 1.25 1963703987.3817543983 59836
36 1.25 2459642025.9052662849 59959
37 1.25 2282142835.1356477737 59809
38 1.25 1891007911.113837719 59624
39 1.25 3545181703.1738228798 59594
40 1.25 2604476078.5728759766 59530
41 1.25 2195748162.2862796783 62659
42 1.25 2193917527.3248586655 60942
43 1.25 1715295323.4103841782 60706
44 1.25 3721779689.6859002113 60813
45 1.25 3421950968.9421825409 60570
46 1.25 3250436533.0058021545 60388
47 1.25 2143591378.2140347958 60143
48 1.25 2291256981.7887892723 60208
49 1.25 3237310428.4295606613 60416
50 1.25 1982018441.343306303 59879
51 1.25 2731439124.5399188995 59739
52 1.25 2747747834.8645005226 59733
53 1.25 2188690618.3670430183 60811
54 1.25 2490692845.5208797455 61884
55 1.25 2086371498.1810703278 61264
56 1.25 2256508460.8971214294 61033
57 1.25 1446343262.0511600971 61302
58 1.25 1660006059.0837695599 60847
59 1.25 2287505295.3797693253 60443
60 1.25 3493850058.2478957176 60655
61 1.25 2454135040.1270213127 60274
62 1.25 2238241546.2012476921 60196
63 1.25 2445153294.2313160896 59712
64 1.25 1748393575.9912469387 59729
65 1.25 2972830652.4614706039 60717
66 1.25 2191760712.0733308792 62215
67 1.25 3409571641.3537096977 61903
68 1.25 2271341396.8057513237 61794
69 1.25 3535895681.3106808662 61420
70 1.25 2457932516.6918296814 61042
71 1.25 2782038978.0917291641 60625
72 1.25 2588377349.3332390785 60503
73 1.25 1331446951.3818123341 60922
74 1.25 3495159131.7352743149 60337
75 1.25 3277290732.7557258606 60024
76 1.25 2075053360.3484735489 59911
77 1.25 1272074685.7000162601 59939
78 1.25 1607670974.0761768818 59727
79 1.25 3354721307.0382628441 62533
80 1.25 2841252021.1655492783 61757
81 1.25 2575611605.1881718636 61968
82 1.25 1772759803.2226612568 60818
83 1.25 1624103294.9082388878 60880
84 1.25 2233885711.330221653 60695
85 1.25 3335872635.538631916 60588
86 1.25 1860271788.8496544361 60275
87 1.25 2031249303.2070393562 60206
88 1.25 1782454101.5223922729 60186
89 1.25 3043530901.1805663109 60285
90 1.25 3166982272.6662688255 60080
91 1.25 2324814981.3761258125 59745
92 1.25 2683101353.0480623245 62687
93 1.25 1847942223.1619541645 61541
94 1.25 3426958288.1486711502 61127
95 1.25 1216767568.0631849766 60909
96 1.25 2165029778.5471749306 61154
97 1.25 2592838854.035941124 60896
98 1.25 1975995975.6278078556 60595
99 1.25 1944037898.9247457981 60480
% Edges = 1.5
0 1.5 2592808681.9688563347 73878
1 1.5 2164909483.6589903831 70246
2 1.5 1970287172.9060864449 70310
3 1.5 2928837149.0606679916 70299
4 1.5 2278680307.615445137 73366
5 1.5 1935166872.3001685143 71865
6 1.5 2875685401.6006221771 71742
7 1.5 3558610635.7389678955 72342
8 1.5 3298498154.8721790314 71098
9 1.5 2193511399.4885878563 70868
10 1.5 1895064873.3688688278 71424
11 1.5 2057360146.7296798229 70853
12 1.5 3894066549.8730964661 70656
13 1.5 2401128755.8715381622 70731
14 1.5 2334369575.2931962013 70195
15 1.5 1684023114.1316707134 73869
16 1.5 1957308373.4873337746 72773
17 1.5 3370510190.7081303596 72436
18 1.5 1934242812.0417952538 71787
19 1.5 2214528881.090651989 71572
20 1.5 2360898384.2905387878 71825
21 1.5 1827222233.9366207123 71540
22 1.5 1917448501.077075243 70931
23 1.5 2858894295.8667564392 71872
24 1.5 2178807765.9976491928 71133
25 1.5 2753670646.4278149605 70694
26 1.5 2276857677.8376741409 73600
27 1.5 2331519359.89675951 72905
28 1.5 3181332767.6421713829 72035
29 1.5 2864451778.7686471939 72175
30 1.5 2354375998.3186955452 71827
31 1.5 2489300808.5444984436 71615
32 1.5 3198777446.8046627045 71298
33 1.5 1773215150.2419114113 72666
34 1.5 1828671792.9886212349 71104
35 1.5 2833032783.487364769 70847
36 1.5 2380112152.6073718071 71248
37 1.5 3126061716.5960464478 74118
38 1.5 2742670188.2972068787 72220
39 1.5 2924693438.8378157616 72115
40 1.5 3134812932.0172758102 72222
41 1.5 2049103419.0300548077 72728
42 1.5 1976770516.7643392086 71569
43 1.5 3384568687.0623474121 71709
44 1.5 3315162259.7692408562 71442
45 1.5 2451457609.8006238937 71264
46 1.5 2710525105.9855489731 71316
47 1.5 2303085369.2774777412 71163
48 1.5 2014931881.0740990639 73399
49 1.5 2644115476.7415413857 72424
50 1.5 3126858809.9342260361 72011
51 1.5 1623692164.433781147 71531
52 1.5 3038005722.9596076012 71592
53 1.5 1555647164.524159193 71616
54 1.5 2574738718.1676697731 71158
55 1.5 1753290561.8223712444 70728
56 1.5 3998529827.2836942673 71027
57 1.5 2551938267.7489881516 71624
58 1.5 1760377042.7114992142 70506
59 1.5 2291854613.4430932999 70304
60 1.5 1562287934.8776898384 70832
61 1.5 2041405606.0024018288 70471
62 1.5 2169738909.7058281898 70219
63 1.5 2723112181.1912698746 70135
64 1.5 1565076901.1474609375 70190
65 1.5 2215057483.1299967766 70005
66 1.5 2354776810.6347293854 69914
67 1.5 2016400448.9789166451 69897
68 1.5 2622112626.0655679703 69729
69 1.5 2111117623.5136346817 69765
70 1.5 2530714856.8116812706 69794
71 1.5 2721406356.7809729576 69237
72 1.5 2081096094.245953083 69491
73 1.5 1815030196.1115572453 69951
74 1.5 2539840944.6007804871 69358
75 1.5 3412440884.8986239433 69123
76 1.5 3212047242.1205406189 69515
77 1.5 3198418217.1539711952 69441
78 1.5 2950828949.4579563141 68903
79 1.5 2925640380.1667385101 69011
80 1.5 2173842308.3780002594 69207
81 1.5 3220474151.4325671196 69698
82 1.5 2221390150.5269355774 68751
83 1.5 2203371095.0902791023 68897
84 1.5 2171711886.6405911446 68812
85 1.5 1310121510.3318185806 68875
86 1.5 2479069152.4835753441 68738
87 1.5 3039403842.5812730789 68842
88 1.5 3100557470.8184137344 68380
89 1.5 1799739556.8504974842 69600
90 1.5 2421299734.407374382 68834
91 1.5 1968215532.8871939182 68545
92 1.5 3009682098.2371320724 68344
93 1.5 2764527813.6422748566 68892
94 1.5 2586735789.6570897102 69882
95 1.5 3007702917.6529145241 68666
96 1.5 2001373666.3854503632 68793
97 1.5 1324372506.7247979641 69755
98 1.5 3071121463.8721613884 68020
99 1.5 2582403003.0813426971 68542
% Edges = 1.75
0 1.75 2761445923.8462429047 80043
1 1.75 3714547142.1693072319 78670
2 1.75 1313587011.9270787239 78639
3 1.75 2720992678.5162706375 78750
4 1.75 2006996801.4829490185 78748
5 1.75 2212428344.9043774605 78465
6 1.75 2332668761.093252182 78454
7 1.75 3434523743.2732977867 78925
8 1.75 2651303065.8503708839 78484
9 1.75 1425410617.7922794819 78285
10 1.75 2648458452.2860059738 78390
11 1.75 2534742259.9355363846 78422
12 1.75 2094324300.3976590633 78618
13 1.75 2249698865.8537602425 78257
14 1.75 2722433148.5165109634 78275
15 1.75 2566118383.9954614639 78684
16 1.75 2002100437.7469353676 78567
17 1.75 2879985973.4264912605 78243
18 1.75 2575371049.2420454025 78186
19 1.75 2016747448.9011249542 78235
20 1.75 2386901946.884739399 78208
21 1.75 2101011746.9063792229 78078
22 1.75 2395992182.0528454781 77990
23 1.75 2648710744.3198628426 78753
24 1.75 2821833705.110789299 78616
25 1.75 1365115670.0779612064 78023
26 1.75 2077128105.339881897 78208
27 1.75 2400302418.778283596 78002
28 1.75 2594550915.6719946861 77913
29 1.75 1911761097.8778653145 77946
30 1.75 2440406930.0444483757 77897
31 1.75 2409455141.7545905113 77957
32 1.75 2257353891.5796785355 78057
33 1.75 1427921136.8562748432 79111
34 1.75 2771197147.4059224129 77850
35 1.75 2228963860.9316320419 77700
36 1.75 1836209641.9536166191 77912
37 1.75 2528366361.35160923 78267
38 1.75 2434297541.7184410095 77651
39 1.75 2672908097.6545581818 77781
40 1.75 2758205049.3167252541 78104
41 1.75 1726039624.7426433563 78789
42 1.75 2206677778.9841365814 77685
43 1.75 2643806504.4207692146 77637
44 1.75 966716892.97209298611 77903
45 1.75 2626171959.8862018585 78374
46 1.75 2291819368.9728579521 77635
47 1.75 2686202348.1742238998 77873
48 1.75 3245524284.8462610245 77697
49 1.75 2390025654.0245676041 77976
50 1.75 2153204925.9157457352 77598
51 1.75 2394929370.1496853828 77697
52 1.75 2131834003.6078052521 77664
53 1.75 1692179199.5216140747 77846
54 1.75 2297211507.900053978 77749
55 1.75 2578987480.2884268761 77734
56 1.75 2252947941.9456930161 77578
57 1.75 2540243877.3328056335 78028
58 1.75 2227949881.5109205246 77641
59 1.75 2097636027.1810026169 77640
60 1.75 2156313055.3590669632 77712
61 1.75 2090831269.139131546 78016
62 1.75 2652707429.6323280334 77661
63 1.75 2894725179.0835785866 77715
64 1.75 2286994525.578660965 77563
65 1.75 2116338694.3260807991 77927
66 1.75 2915066845.1087846756 77498
67 1.75 2865456464.855837822 77798
68 1.75 3543438250.837952137 77700
69 1.75 2526013074.994761467 77758
70 1.75 1860320892.0585787296 77402
71 1.75 2873550097.5318236351 77468
72 1.75 2852796288.4559025764 77891
73 1.75 2134620380.3323011398 77920
74 1.75 2747628587.7714366913 77672
75 1.75 2272861004.873872757 77674
76 1.75 2837174478.0485711098 77708
77 1.75 2423420970.9214134216 77689
78 1.75 3070057939.4831848145 77989
79 1.75 3329902367.7747869492 78131
80 1.75 3347164765.6815810204 78012
81 1.75 2172021741.6579170227 78563
82 1.75 1855794617.6569137573 77569
83 1.75 1909861859.0511407852 77697
84 1.75 3423634735.8797297478 77638
85 1.75 2897523217.4306678772 78125
86 1.75 2468518845.6059336662 77850
87 1.75 2539502032.3960285187 77921
88 1.75 2194302838.3040137291 77849
89 1.75 1933999916.5200333595 78914
90 1.75 1678752945.8380541801 77553
91 1.75 1974043954.0052754879 77420
92 1.75 2640639011.365732193 77969
93 1.75 2976563784.8395514488 78076
94 1.75 2517051652.4039511681 77466
95 1.75 3641507805.4200191498 77418
96 1.75 2329805494.5150489807 77582
97 1.75 2852053775.0524392128 78268
98 1.75 2458766565.471010685 77201
99 1.75 3206484337.2363963127 77203
% Edges = 2
0 2 2523325645.0098423958 90113
1 2 2483067813.2776165009 87066
2 2 2538907739.4930195808 89275
3 2 2923873551.3845920563 89616
4 2 2470488067.6690216064 89720
5 2 2639045753.3137421608 89392
6 2 1627145027.4959065914 89448
7 2 2599732213.8865447044 90037
8 2 2185324968.6848297119 89495
9 2 2522972731.1492414474 89322
10 2 2246200441.9569201469 89453
11 2 2127122713.9927573204 89495
12 2 3010036837.5077762604 89503
13 2 2535866679.353723526 89123
14 2 2854288564.7565808296 89504
15 2 3324365876.2935404778 89765
16 2 1958238188.0360455513 89565
17 2 3113289320.6634168625 89107
18 2 2371952322.3203043938 89328
19 2 3157890563.7924356461 89351
20 2 2923054469.4551095963 89460
21 2 2315863812.6985859871 89449
22 2 2626160590.3001499176 89423
23 2 1828485792.288946867 90251
24 2 2396511244.4943175316 89548
25 2 3239664850.9833464622 89365
26 2 2651028906.2445054054 89257
27 2 2642145743.7843427658 89533
28 2 2695293341.4134025574 89423
29 2 2071160780.3010694981 89467
30 2 2719925977.3612270355 89094
31 2 2615219937.5310492516 89138
32 2 2719914688.3957743645 89182
33 2 2301763596.3463292122 90507
34 2 2008268219.2343776226 89400
35 2 1836986583.7789609432 89230
36 2 2064694326.7291870117 89417
37 2 2909016579.6704478264 89566
38 2 2282237256.3389558792 89443
39 2 2392683036.2355508804 89268
40 2 2879415238.1730561256 89449
41 2 2226282251.3064374924 90290
42 2 2773769330.0314798355 89217
43 2 3067780395.1515164375 89215
44 2 2197281823.7549929619 89266
45 2 2204627666.0335493088 89755
46 2 2502075913.688103199 89320
47 2 3055183291.862051487 89256
48 2 3635194545.5672574043 89315
49 2 1994932931.5108253956 89492
50 2 1450651018.4582455158 89058
51 2 2480595972.4072198868 89321
52 2 1932537890.9606561661 89384
53 2 2487803114.7450046539 89389
54 2 2451423114.991745472 89279
55 2 2183186783.1558203697 89040
56 2 2290475643.3787846565 89398
57 2 3083528725.8375878334 89929
58 2 2595784653.240483284 89751
59 2 2310466488.8017392159 89604
60 2 1884098431.1944782734 89775
61 2 2168571952.07644701 89853
62 2 2634694336.3131427765 89403
63 2 2242515005.860247612 89483
64 2 2474759896.2022247314 89497
65 2 2629575911.9178781509 89986
66 2 2975601608.6638383865 89540
67 2 2263347763.9084153175 89505
68 2 2907248510.3375630379 89687
69 2 2323590635.0125055313 89802
70 2 2547722592.246992588 89550
71 2 2238223178.4382119179 89694
72 2 2287658064.0653853416 89695
73 2 2082797006.4792332649 90432
74 2 1758648483.617661953 89407
75 2 2674109023.3108992577 89324
76 2 2953570132.9784855843 89443
77 2 2136282553.8994150162 89459
78 2 2975523639.5975866318 89209
79 2 2296880752.969022274 89078
80 2 2046625463.4439795017 89141
81 2 2443113840.1961336136 90110
82 2 2406790265.2551307678 89271
83 2 2385407239.6515016556 89101
84 2 2182558625.3854966164 89244
85 2 2429216997.0242443085 89397
86 2 2464028889.9610519409 89112
87 2 3251398284.6781659126 89406
88 2 1972132088.9536595345 89538
89 2 1436241005.6853833199 90440
90 2 2111863761.6936230659 89109
91 2 2067191135.8754498959 89022
92 2 2454622905.1021513939 89332
93 2 2394081960.0256643295 89723
94 2 2524012767.7063651085 89357
95 2 2534538233.0811867714 89078
96 2 2292158048.7149586678 89230
97 2 2013603709.5247535706 90128
98 2 2700604502.3314733505 89070
99 2 2479106651.7963275909 89178
% Edges = 2.25
0 2.25 2655349918.6229577065 101574
1 2.25 2082419211.2303397655 97819
2 2.25 3155306849.1508612633 100268
3 2.25 2904727704.3745603561 100585
4 2.25 2839530852.599793911 100490
5 2.25 1842416218.2533614635 100257
6 2.25 2569946285.9628005028 100366
7 2.25 2219104003.6140823364 100872
8 2.25 2510260161.7214884758 100343
9 2.25 2202350281.2175598145 100303
10 2.25 2850300266.7162604332 100359
11 2.25 2140098371.0373616219 100582
12 2.25 2563902986.3914337158 100425
13 2.25 2145709679.0573935509 100341
14 2.25 2880303961.5338921547 100313
15 2.25 2603967741.6124296188 100758
16 2.25 2765967746.3745474815 100460
17 2.25 2344446343.3542056084 100085
18 2.25 1974201509.2969956398 100321
19 2.25 2420579038.9212121964 100457
20 2.25 2441489605.5335364342 100458
21 2.25 2738277831.3697185516 100334
22 2.25 3191310104.0926485062 100495
23 2.25 2801138315.6234197617 101184
24 2.25 2945413670.5165705681 100624
25 2.25 1589581076.8151891232 100174
26 2.25 2348630289.521692276 100477
27 2.25 3208797554.2132248878 100248
28 2.25 2028055352.4643621445 100649
29 2.25 2319822674.7706480026 100775
30 2.25 2640400676.8991837502 100300
31 2.25 2569730140.2397060394 100232
32 2.25 2813936328.1221961975 100286
33 2.25 1935889888.8364508152 101555
34 2.25 2816120417.1988635063 100394
35 2.25 2284413557.8866839409 100192
36 2.25 2692878780.0600585938 100520
37 2.25 2279335536.7263250351 100818
38 2.25 2698621674.1608815193 100623
39 2.25 2482027929.8111257553 100772
40 2.25 1445262906.991451025 100669
41 2.25 2285558569.1613759995 101849
42 2.25 2483999986.5948209763 100402
43 2.25 2560522149.0590167046 100474
44 2.25 3072124820.1844964027 100854
45 2.25 1952039062.5848641396 101057
46 2.25 2891149529.8075885773 100648
47 2.25 2446069194.0261569023 100489
48 2.25 2098442214.5877723694 100671
49 2.25 2505469330.854285717 101188
50 2.25 2239616214.6287102699 100561
51 2.25 2575961219.2391734123 100650
52 2.25 1680729523.7454078197 100826
53 2.25 2103369249.256896019 100888
54 2.25 1953355270.1901056767 100562
55 2.25 2173980525.5525965691 100452
56 2.25 2631629255.963637352 100655
57 2.25 2436655119.0748705864 101072
58 2.25 2272794768.8203577995 100746
59 2.25 2470266740.2450304031 100233
60 2.25 2126473500.6122381687 100388
61 2.25 2196375101.8170623779 100604
62 2.25 2621091135.0353102684 100510
63 2.25 2499101235.0525245667 100139
64 2.25 2167240339.1210708618 100439
65 2.25 2400550540.3396449089 100711
66 2.25 2388121321.349252224 100271
67 2.25 2699299419.1255145073 100318
68 2.25 3077403185.6747140884 100626
69 2.25 2039985894.8295180798 100608
70 2.25 2282378069.5372905731 100163
71 2.25 2835965523.5402240753 100209
72 2.25 2511351556.8564963341 100334
73 2.25 3222099361.5691566467 101223
74 2.25 2904339541.278637886 100340
75 2.25 2906471203.3284850121 100157
76 2.25 2751181777.0921430588 100458
77 2.25 2055326084.0800764561 100614
78 2.25 2211307790.7941865921 100418
79 2.25 2648272912.4013285637 100179
80 2.25 2489793726.2665419579 100261
81 2.25 2760079340.5472316742 101129
82 2.25 2041870249.2303254604 100266
83 2.25 2405122206.4919810295 100043
84 2.25 2222087677.3210315704 100622
85 2.25 3334407515.1308469772 100764
86 2.25 2843640880.3245244026 100350
87 2.25 1861938272.2302026749 100200
88 2.25 2104725148.4276647568 100563
89 2.25 2102891807.8083910942 101588
90 2.25 3053773803.7815341949 100297
91 2.25 1865145126.9403927326 100236
92 2.25 2875891510.2656421661 100263
93 2.25 2267882682.961227417 100548
94 2.25 2514362368.2739758492 100547
95 2.25 2575133562.8483090401 100270
96 2.25 2251657476.8829078674 100299
97 2.25 2942266034.5228710175 101054
98 2.25 2195079832.8046317101 100218
99 2.25 2305163090.3922514915 100080
% Edges = 2.5
0 2.5 2126286844.1518216133 113261
1 2.5 2242651143.9019112587 107662
2 2.5 2641856181.1010303497 110534
3 2.5 1940535405.5816450119 110848
4 2.5 2382935032.4032697678 111001
5 2.5 2156555636.8313641548 110717
6 2.5 2929420014.3106160164 110635
7 2.5 2388034799.6572780609 111259
8 2.5 2469272396.7707138062 110689
9 2.5 2652675904.2178711891 110718
10 2.5 2773777310.4985775948 110605
11 2.5 2612755702.4551153183 111016
12 2.5 2681731779.6820573807 110856
13 2.5 2704593255.507850647 110683
14 2.5 2607338799.6333551407 110686
15 2.5 2491943125.7915725708 111217
16 2.5 2336606784.5879268646 110848
17 2.5 2111666903.7829210758 110644
18 2.5 1988745899.8403360844 110674
19 2.5 2528729448.3941335678 111185
20 2.5 2619258448.9221806526 111244
21 2.5 2220599654.2475252151 111064
22 2.5 2679394442.0384440422 110943
23 2.5 1733022996.473293066 111866
24 2.5 1998354765.7641890049 111106
25 2.5 2253823609.6333217621 110974
26 2.5 2466903465.7522435188 110915
27 2.5 2610537304.3999185562 110626
28 2.5 1784406556.1104867458 110986
29 2.5 2708794328.2480378151 111361
30 2.5 2790836493.9067034721 110922
31 2.5 1948663204.6196520329 111101
32 2.5 2919986486.6219592094 111176
33 2.5 1993703612.5756857395 112130
34 2.5 2018093993.0597519875 110758
35 2.5 2207080962.768330574 110756
36 2.5 2654067490.9489908218 110815
37 2.5 2235531795.7957620621 111667
38 2.5 2287214421.8604154587 110518
39 2.5 2377842079.8557243347 110646
40 2.5 2756756308.5353755951 110881
41 2.5 2610774687.7932491302 111865
42 2.5 2154099285.2876415253 110676
43 2.5 2577648694.3540906906 110556
44 2.5 2285189307.0086679459 110725
45 2.5 1673351542.2391476631 111095
46 2.5 2548042751.7002515793 110595
47 2.5 1485334656.1222183704 110533
48 2.5 2733244860.9110045433 110780
49 2.5 2541336185.3228416443 111341
50 2.5 2162103750.736823082 110534
51 2.5 2993223656.6732974052 110632
52 2.5 2121353016.9989340305 110774
53 2.5 2793985616.8659348488 111155
54 2.5 2226453053.6325998306 110593
55 2.5 2531299636.8105859756 110753
56 2.5 2664659939.8768630028 110698
57 2.5 2380868723.8557457924 111387
58 2.5 2456308276.148774147 110749
59 2.5 2447932434.2962265015 110541
60 2.5 2295000967.379491806 110749
61 2.5 1944120594.6433980465 111293
62 2.5 2258242402.9885420799 110674
63 2.5 2469462931.627556324 110488
64 2.5 1856623648.4416699409 110840
65 2.5 2428099978.2087903023 111001
66 2.5 2520510305.1462306976 110766
67 2.5 2149213553.4031186104 110688
68 2.5 2839185599.0529942513 110933
69 2.5 2938848499.3561015129 111193
70 2.5 3289024676.931599617 110569
71 2.5 2089466239.7597908974 110570
72 2.5 2022676665.1845860481 110651
73 2.5 2486059565.6356387138 111566
74 2.5 2197024295.5715079308 110607
75 2.5 2877367578.8925938606 111070
76 2.5 2587984118.9056925774 110675
77 2.5 2613041755.3663578033 111209
78 2.5 1955981522.940788269 110640
79 2.5 2720598780.2060585022 110624
80 2.5 2457887056.3550524712 110753
81 2.5 2205613320.2504086494 111841
82 2.5 3059942404.0131759644 111244
83 2.5 2125791715.0559043884 110756
84 2.5 2697181638.0737876892 110922
85 2.5 1780166019.4916379452 111232
86 2.5 2591015637.8544921875 110620
87 2.5 2683557804.2145051956 110533
88 2.5 1768299345.1138319969 110778
89 2.5 2095362130.2803025246 112951
90 2.5 2122881880.7028245926 111244
91 2.5 2524428614.3451509476 111234
92 2.5 2201990113.4691648483 111349
93 2.5 2352206266.5688567162 111732
94 2.5 2193443694.0707998276 111068
95 2.5 2022651024.0962517262 111191
96 2.5 2774020352.1693453789 112117
97 2.5 2587040626.7280092239 113822
98 2.5 2655492052.1658263206 112298
99 2.5 2568157981.3655319214 112309
% Edges = 2.75
0 2.75 2736265730.2983736992 126733
1 2.75 2330251676.6281065941 121877
2 2.75 2327655828.3836717606 128800
3 2.75 2601831799.5881786346 124564
4 2.75 2979268109.566034317 129856
5 2.75 1761604047.7988979816 123329
6 2.75 2525966586.4866495132 130393
7 2.75 2104997419.6740043163 123510
8 2.75 2504495183.2018561363 129657
9 2.75 2379737332.9938864708 124480
10 2.75 3240883217.3862819672 131749
11 2.75 2632074281.0763163567 124645
12 2.75 1907525633.0137350559 131141
13 2.75 2357668752.9771943092 123941
14 2.75 2480603882.9044914246 131046
15 2.75 2371458043.6389818192 125704
16 2.75 2442529009.0841803551 133069
17 2.75 2539433206.2856755257 125101
18 2.75 2127650151.695109129 132455
19 2.75 2210993082.9288058281 124802
20 2.75 2040870745.4336476326 131113
21 2.75 1955956029.3203229904 123969
22 2.75 2549155360.1169939041 134859
23 2.75 2595858386.8290586472 127445
24 2.75 2308273743.2256193161 132852
25 2.75 2613390345.693608284 125256
26 2.75 2691950311.5135178566 131837
27 2.75 2000407546.3937592506 124371
28 2.75 2738434276.548122406 134647
29 2.75 2680630027.6353607178 126930
30 2.75 2596013584.3377776146 132925
31 2.75 2521779195.8986358643 125550
32 2.75 2688260923.1153173447 132341
33 2.75 2371904286.3555812836 126993
34 2.75 2491270764.4005208015 135684
35 2.75 2197411356.3106155396 126857
36 2.75 2168247998.7104272842 133576
37 2.75 3310093892.7786746025 127018
38 2.75 1679340813.7629470825 133417
39 2.75 2163385396.694123745 125920
40 2.75 2259632639.9522609711 136155
41 2.75 3125930833.9007568359 129805
42 2.75 2811286103.1616425514 134349
43 2.75 2709081450.2017784119 126912
44 2.75 2608652868.4182453156 133696
45 2.75 2294558889.6754026413 126410
46 2.75 2489352974.0042681694 136902
47 2.75 2146297585.7763948441 129361
48 2.75 2452013649.8426504135 134606
49 2.75 2574813352.9835152626 128292
50 2.75 2282945382.4328069687 133157
51 2.75 2460910042.4873671532 126422
52 2.75 2773044826.6925287247 137596
53 2.75 2840848122.9564657211 130006
54 2.75 2771042383.319190979 134961
55 2.75 3092282561.0092058182 127409
56 2.75 2672782487.7352147102 133398
57 2.75 2604945816.0283617973 127151
58 2.75 2217704828.2375359535 137061
59 2.75 2535115084.7399706841 129327
60 2.75 1737165831.2025537491 134776
61 2.75 3024498720.8847732544 127748
62 2.75 2209077201.4006137848 133448
63 2.75 2205845234.9432239532 125935
64 2.75 2244075051.6435747147 136905
65 2.75 2129492862.9602229595 130642
66 2.75 2266585325.3194241524 135361
67 2.75 2462378000.4431171417 127510
68 2.75 2374055522.2795767784 133699
69 2.75 1928898256.7203109264 126770
70 2.75 2600476447.2818179131 137284
71 2.75 2389597033.7617769241 129088
72 2.75 2840155738.766623497 135375
73 2.75 2352243307.581820488 129313
74 2.75 2036589492.9450922012 134636
75 2.75 2592184830.4876375198 126933
76 2.75 2767983319.7372546196 138580
77 2.75 2000597820.5689747334 130765
78 2.75 2074158367.2290232182 136336
79 2.75 2214929155.7168931961 128521
80 2.75 2180123023.0273838043 135005
81 2.75 1909264387.8342542648 129061
82 2.75 2795730790.1024312973 139284
83 2.75 2493378811.1417417526 129813
84 2.75 2508947350.3546471596 136309
85 2.75 3317443414.7647042274 129331
86 2.75 2419735310.0680437088 135366
87 2.75 2483543967.5416779518 127617
88 2.75 2199379557.2725090981 138488
89 2.75 2696840191.0005645752 131600
90 2.75 2390499771.522854805 136564
91 2.75 2581365074.6455931664 128878
92 2.75 2172077268.9602999687 135151
93 2.75 3143828480.7127389908 128280
94 2.75 2564559820.1764364243 137976
95 2.75 2765794051.9269981384 129764
96 2.75 2050667990.8464336395 135455
97 2.75 2096698541.1583325863 129407
98 2.75 2424805874.194038868 134849
99 2.75 2740863155.9180288315 127231
% Edges = 3
0 3 2442556938.2865629196 147653
1 3 2559395641.8007793427 147027
2 3 2250560304.1159648895 146548
3 3 2706581863.8756670952 146066
4 3 2328995063.9145936966 147882
5 3 2343735384.1531829834 145695
6 3 2063074823.4390654564 145468
7 3 2081682126.4474825859 145194
8 3 2072304735.9025945663 144871
9 3 2285576667.7919368744 144671
10 3 2135698182.5830357075 144309
11 3 2292439301.1942510605 144135
12 3 2513615670.3185567856 145610
13 3 2045131642.1231918335 144057
14 3 1653240315.4861416817 143597
15 3 2650425127.8432855606 143686
16 3 2509577729.4858441353 143820
17 3 2533732309.261695385 143190
18 3 2581791554.0640130043 143297
19 3 2590431026.95626688 142918
20 3 2412992745.6550526619 143925
21 3 2679251767.1175699234 142861
22 3 2153853131.0709600449 142825
23 3 1662557836.8736491203 143737
24 3 2143863297.201851368 142584
25 3 2205902288.9731087685 142830
26 3 3184441853.0204496384 142402
27 3 2268837026.6768980026 142302
28 3 2027261376.8739423752 142090
29 3 2288111254.3687434196 142466
30 3 2285066750.8129458427 142550
31 3 2426298967.61759758 141860
32 3 2266684973.1998624802 141762
33 3 2297454795.721596241 142821
34 3 2617048855.6551060677 142051
35 3 2775684862.5969324112 141579
36 3 1582661458.0527403355 141499
37 3 2390169204.734896183 142247
38 3 2281387990.9491906166 142154
39 3 2809402472.1839771271 141472
40 3 2168308442.809027195 141314
41 3 2599839453.5636396408 142744
42 3 2352425178.3154969215 141262
43 3 3052216302.6564221382 141199
44 3 2856636220.4453082085 141342
45 3 2148805242.3997750282 141795
46 3 2261024435.8810529709 141745
47 3 2193115010.5416994095 141019
48 3 2512908872.5644893646 141114
49 3 2368575851.4947218895 141581
50 3 1893468333.9197371006 141643
51 3 1989310816.1797008514 141113
52 3 2742739436.2572669983 140983
53 3 2439438568.5222353935 141443
54 3 2522365360.3434491158 141474
55 3 2849329719.0987710953 141072
56 3 2632114030.5307435989 140687
57 3 3050158968.7898263931 141693
58 3 2588956941.0697107315 141336
59 3 1743025874.7195832729 140909
60 3 2488349300.1946229935 140614
61 3 2565160759.3844790459 141366
62 3 2177752774.3521313667 141589
63 3 2183996774.4057750702 140699
64 3 2113813060.3418464661 140630
65 3 2440428358.0129051208 141971
66 3 2919261608.4128341675 141055
67 3 2309326170.2107858658 140612
68 3 2542969443.4112639427 140480
69 3 2287720995.5661358833 140996
70 3 2454817125.0545830727 141217
71 3 2006387757.6163790226 140503
72 3 2252415317.6405787468 141042
73 3 2512442915.8818135262 142204
74 3 2875596814.9538898468 141134
75 3 2383400524.5389399529 140892
76 3 2295368964.793990612 140777
77 3 1933163657.228130579 140993
78 3 2728491587.0914154053 141423
79 3 2105419550.4176108837 141026
80 3 2864747249.0243926048 140723
81 3 2201089924.4982295036 141673
82 3 2141638907.582256794 140926
83 3 1863059577.191044569 140612
84 3 2644869043.0793938637 140826
85 3 2587162580.9569020271 141253
86 3 2173746778.1124200821 141537
87 3 2488289061.1585483551 140639
88 3 2306727722.1691236496 140821
89 3 2767594754.3323426247 141303
90 3 2800323190.5989699364 140901
91 3 2031904844.436486721 140340
92 3 2996534049.5949292183 140867
93 3 2241919206.7718086243 141198
94 3 2444950034.1912479401 141241
95 3 2584301593.1916399002 140674
96 3 2633448893.7689652443 140424
97 3 2061724510.9635481834 142232
98 3 2678501819.6645383835 140699
99 3 2033453034.4727780819 140832
% Edges = 3.5
0 3.5 2461637972.5954208374 164826
1 3.5 2620614970.258491993 165144
2 3.5 1921664619.9733214378 165464
3 3.5 2807805503.7462315559 164835
4 3.5 2843411057.014377594 164780
5 3.5 2686842341.2293748856 166222
6 3.5 2496499691.1568303108 164945
7 3.5 1951373039.6320056915 164586
8 3.5 2315657845.2006111145 164677
9 3.5 2924761762.7852478027 165431
10 3.5 2202502765.6218280792 165856
11 3.5 3151885558.2332992554 164733
12 3.5 2417423096.7214150429 164402
13 3.5 2034526843.7245128155 166106
14 3.5 2565037355.8815879822 164928
15 3.5 2428230209.1185188293 164741
16 3.5 2884155795.2313842773 164809
17 3.5 2513373470.9048213959 165194
18 3.5 2117754856.4110558033 165212
19 3.5 2940661641.3425984383 164680
20 3.5 2406409185.3692903519 164523
21 3.5 3403554905.8809370995 165905
22 3.5 2225365885.8675088882 164794
23 3.5 2374745932.8874835968 164580
24 3.5 2280689032.0347080231 164791
25 3.5 2253036042.2714476585 164606
26 3.5 2920868647.7011604309 165030
27 3.5 3329833084.7533082962 164947
28 3.5 2623389087.3770427704 164482
29 3.5 2456734236.3964848518 164709
30 3.5 3026922069.2154459953 164602
31 3.5 3261088532.752884388 165921
32 3.5 2002533366.5735976696 164442
33 3.5 1904888042.3363001347 164406
34 3.5 2756213399.1294960976 164705
35 3.5 1808776386.9259982109 165142
36 3.5 3114421084.7872314453 164496
37 3.5 2528726183.2026743889 164612
38 3.5 3051232481.8241343498 164817
39 3.5 2538177181.7360801697 166035
40 3.5 1842924570.6624624729 164551
41 3.5 2516899106.8597269058 164800
42 3.5 2780867390.7984285355 164479
43 3.5 2397840596.2232866287 165169
44 3.5 2689420306.4315457344 164961
45 3.5 2838537849.4713768959 165100
46 3.5 2552485742.4667239189 165011
47 3.5 2431045847.6900639534 166501
48 3.5 1960471212.303132534 164870
49 3.5 2319325728.9381990433 164753
50 3.5 2074991040.7812230587 164956
51 3.5 2270288755.7781968117 165440
52 3.5 2900185961.5992860794 164985
53 3.5 2631318485.325463295 164975
54 3.5 2840818159.9297327995 164772
55 3.5 2718161449.6617722511 165254
56 3.5 2429047624.0071935654 164632
57 3.5 2568232343.0276031494 164492
58 3.5 2918327392.9550471306 165476
59 3.5 2532491683.0715675354 165274
60 3.5 2796527917.1452493668 164674
61 3.5 1923068962.7330780029 164929
62 3.5 2470085013.7689509392 164768
63 3.5 3174032915.2719955444 166890
64 3.5 2612704804.7623329163 164498
65 3.5 2800258127.8222813606 165224
66 3.5 1858361064.1558763981 164849
67 3.5 3100533926.2419290543 165204
68 3.5 1899062775.520881176 164499
69 3.5 2109643820.3375179768 164320
70 3.5 2387536004.6799874306 164854
71 3.5 2079456572.4184327126 166487
72 3.5 2520617961.3379764557 164338
73 3.5 2107559256.9600169659 164374
74 3.5 2546487241.0290522575 164684
75 3.5 2239278595.0742411613 165057
76 3.5 2301801061.6210222244 164478
77 3.5 2033564291.2166104317 164640
78 3.5 2474367166.458770752 164669
79 3.5 2170554957.6880149841 166102
80 3.5 2552386996.5765118599 164355
81 3.5 2416988027.1199150085 164487
82 3.5 3115846096.7023258209 165016
83 3.5 2098868886.6040756702 165086
84 3.5 2302686707.5418858528 164485
85 3.5 2660974820.8854846954 164394
86 3.5 2123898260.5995495319 164591
87 3.5 2726897043.4182786942 165622
88 3.5 2028792233.7543385029 164579
89 3.5 2565536909.2203092575 164532
90 3.5 2226939460.6199774742 164895
91 3.5 1916625992.719727993 164885
92 3.5 2990127538.1815752983 164431
93 3.5 2232445371.5371446609 164425
94 3.5 2804386626.8593316078 164567
95 3.5 1999440399.1114559174 166357
96 3.5 2201624778.2104730606 164504
97 3.5 2595713387.7716569901 164206
98 3.5 2180996904.7362771034 164457
99 3.5 2294879458.4502558708 164848
% Edges = 4
0 4 2336465482.8638195992 186192
1 4 2617460905.0108590126 184486
2 4 2927506015.8535094261 185099
3 4 2362286722.0403075218 185221
4 4 2989716882.7180557251 184609
5 4 2165791138.0524892807 184728
6 4 2299014124.4413485527 186184
7 4 2244310478.8198304176 184928
8 4 2681146364.606197834 184696
9 4 2445490875.7013669014 184576
10 4 2230304469.5025115013 185323
11 4 2786026989.6148138046 185752
12 4 2849441949.4258260727 184692
13 4 2322920250.8865008354 184413
14 4 3320409851.2834949493 186345
15 4 2765241029.7022266388 185335
16 4 2041928524.3755426407 184699
17 4 3002532018.2261471748 184833
18 4 2903963058.1918101311 185392
19 4 1852842825.5416686535 185795
20 4 1862669992.7166655064 184895
21 4 2131681311.6463468075 185001
22 4 2409304455.0946030617 186223
23 4 2149511669.8051548004 185195
24 4 1911402066.4996845722 184993
25 4 2496909159.954791069 184868
26 4 2350292045.7639160156 184982
27 4 2174791233.6236147881 185065
28 4 2586747385.9726867676 185413
29 4 2468783351.2662405968 184778
30 4 2989259621.4560461044 185209
31 4 2470264121.4334640503 185421
32 4 1705503378.4974822998 186410
33 4 2262777078.9599046707 184812
34 4 2389229182.2156791687 185079
35 4 2703872579.2792615891 185315
36 4 2348623045.7132568359 185205
37 4 2655285169.8494968414 185179
38 4 2784028547.6803650856 184988
39 4 2382885716.2247204781 186058
40 4 2691765510.5470890999 185996
41 4 2770462700.5658903122 184879
42 4 2521131315.6729874611 184987
43 4 2866590254.3434062004 185824
44 4 2467911282.5077986717 185337
45 4 2334864510.6429829597 184697
46 4 2498933802.0129833221 184743
47 4 2136816552.8448605537 184961
48 4 2530142589.6171674728 185883
49 4 2652385423.7424817085 184700
50 4 2162005815.6163978577 184885
51 4 2400550990.709022522 184938
52 4 2099072930.4928445816 186788
53 4 2700289239.1775689125 185891
54 4 2306600727.942712307 185561
55 4 2384214527.9728956223 185905
56 4 2639501602.0995459557 190672
57 4 2236279497.9845170975 187214
58 4 2194547390.3816590309 186686
59 4 2512290323.2058048248 186945
60 4 2832238318.6562657356 190588
61 4 1759921100.3543429375 188585
62 4 2494668547.7020769119 188586
63 4 1854799192.6728191376 188157
64 4 1667380412.3720691204 192456
65 4 2208330030.5939769745 190456
66 4 2438867708.4555044174 190086
67 4 2512999873.2477030754 190221
68 4 2149966798.1452536583 193408
69 4 2534632724.6946702003 192388
70 4 2523856451.0382680893 191464
71 4 2606076505.0914506912 190860
72 4 2242521806.3860812187 195106
73 4 2223155180.7415561676 193160
74 4 2624168112.7096800804 192517
75 4 2491355048.604678154 192060
76 4 2543177845.8213186264 194113
77 4 2353836793.969183445 194282
78 4 2557248492.0077786446 193131
79 4 2854815429.8032932281 192930
80 4 2794898971.8037519455 196441
81 4 1766892386.1358773708 195213
82 4 2702859833.7874274254 194443
83 4 2620791002.7834954262 193928
84 4 2449194720.3453822136 196338
85 4 2347924193.3246016502 196175
86 4 2701282620.5927767754 194810
87 4 2138712235.093089819 194127
88 4 2724992699.5862116814 198688
89 4 2253327692.703001976 197585
90 4 2668812334.1927337646 195421
91 4 2261023371.0366277695 193939
92 4 2245483679.2910289764 198362
93 4 2849203709.8994107246 198134
94 4 2353788707.1075630188 195714
95 4 2140983774.439892292 194435
96 4 1849540814.2018039227 199072
97 4 2599324305.8350172043 197368
98 4 2526334410.6685533524 195342
99 4 2521536504.55209589 194479
% Edges = 4.5
0 4.5 2040939646.6915147305 224782
1 4.5 2237050855.3157043457 222451
2 4.5 2935027603.046933651 219892
3 4.5 1716245085.5956571102 219464
4 4.5 2427833728.5251016617 226294
5 4.5 2843417647.0191545486 222389
6 4.5 2265238751.2656984329 220795
7 4.5 2150042977.9744858742 226912
8 4.5 1805367524.099509716 224883
9 4.5 2496602835.4106259346 222471
10 4.5 2528071854.1815023422 220990
11 4.5 2697489166.2754874229 227496
12 4.5 2656041096.7577924728 224955
13 4.5 2441872262.6410264969 222313
14 4.5 2265788565.178047657 224132
15 4.5 2589370310.6096186638 225414
16 4.5 2227144561.4875731468 223146
17 4.5 2268376461.5939664841 222295
18 4.5 2207666309.3514647484 226049
19 4.5 2048254777.2096281052 222803
20 4.5 2755335001.4061412811 221813
21 4.5 2561721136.8538646698 219661
22 4.5 2436706691.8511285782 219083
23 4.5 2331104871.2674694061 219887
24 4.5 1887274583.5529835224 218172
25 4.5 2350168191.1155891418 216731
26 4.5 2272755286.7481107712 216236
27 4.5 2521300891.7994432449 215198
28 4.5 2392085567.4158143997 215903
29 4.5 1935958673.4981231689 214955
30 4.5 2229525828.859079361 214272
31 4.5 2674957917.7633132935 213782
32 4.5 2582970388.3045172691 213767
33 4.5 2322396893.7681493759 214234
34 4.5 1851843964.5805640221 212694
35 4.5 2644630277.0758433342 212390
36 4.5 2315638816.1856856346 212554
37 4.5 2608423901.0877580643 212833
38 4.5 2410883110.3075180054 211862
39 4.5 2642277030.550224781 211641
40 4.5 2351510909.9428825378 211797
41 4.5 2559422861.7258224487 213754
42 4.5 2076642388.9841151237 211165
43 4.5 2164079014.0507087708 211300
44 4.5 2341776731.4023509026 211509
45 4.5 1693583762.2844517231 211642
46 4.5 2334792692.8631753922 210767
47 4.5 2485317449.5252189636 210824
48 4.5 2621428922.2694759369 210606
49 4.5 2531508614.7333836555 211757
50 4.5 2281066237.8919496536 210347
51 4.5 2672303734.9525766373 210222
52 4.5 2280299271.5616970062 210315
53 4.5 2749303921.3469238281 210812
54 4.5 1954024841.2939136028 210076
55 4.5 2524038238.0018033981 209728
56 4.5 2153406690.5976657867 210176
57 4.5 2675429657.4065995216 211529
58 4.5 2386460567.3151407242 210112
59 4.5 2488148569.5188159943 209421
60 4.5 2635128913.5074596405 210104
61 4.5 2718658040.4605183601 210143
62 4.5 2017598251.839148283 209930
63 4.5 2215639303.6935048103 209513
64 4.5 2286607339.1537752151 209854
65 4.5 2509580913.7298855782 211354
66 4.5 1979506708.3017930984 209491
67 4.5 2703585811.8572583199 209215
68 4.5 2337091648.3491353989 209683
69 4.5 2529744795.9833846092 209814
70 4.5 2771594905.83370924 209257
71 4.5 2712103893.4705476761 209771
72 4.5 2256006306.245765686 209838
73 4.5 2306713203.719897747 211102
74 4.5 3054841420.5952653885 209522
75 4.5 2500606664.429564476 209323
76 4.5 2788615715.1844148636 209806
77 4.5 2765454422.5115146637 209913
78 4.5 2961660039.6934695244 209840
79 4.5 2226145984.7722644806 209518
80 4.5 2229016870.6027421951 209465
81 4.5 2103432690.196876049 211637
82 4.5 2341692290.859954834 209407
83 4.5 1829279171.2777037621 208901
84 4.5 2266072459.1725678444 209596
85 4.5 2129411872.7530050278 210165
86 4.5 1598810821.7239441872 209099
87 4.5 2377093805.7845549583 209144
88 4.5 2449444675.4355940819 209173
89 4.5 2977114010.3869638443 210129
90 4.5 1878105644.4018571377 208968
91 4.5 2169047412.4560470581 209090
92 4.5 2819977612.0383405685 209622
93 4.5 2023072969.7923026085 209635
94 4.5 2634151996.54895401 209018
95 4.5 2439705296.0040140152 209082
96 4.5 2687549285.103012085 209152
97 4.5 1894865047.9747464657 211000
98 4.5 2255522562.5004825592 208859
99 4.5 2555692971.9943213463 209409
% Edges = 5
0 5 2441106534.877448082 236926
1 5 2167715979.6816887856 233675
2 5 1941766525.4565238953 233236
3 5 1867738179.2981319427 233332
4 5 2483968938.0587844849 234068
5 5 2895472831.1602330208 234071
6 5 2318373895.9372644424 233356
7 5 2024872791.9129259586 233234
8 5 2660981459.8765072823 234672
9 5 2326543251.0236239433 233369
10 5 2186903737.3420777321 233037
11 5 2594247614.7164216042 233186
12 5 2970672228.0599732399 234082
13 5 2247902791.0796546936 234256
14 5 2036326749.1880884171 233439
15 5 2441300924.7723121643 233288
16 5 2899044789.7105512619 234489
17 5 2460857052.9112381935 233652
18 5 2239258328.0548467636 233402
19 5 2405072182.9970884323 233092
20 5 2411315098.8110189438 233953
21 5 2525237871.2871499062 234493
22 5 1836271750.1522381306 233178
23 5 2539699965.6838698387 233491
24 5 2103171771.304176569 233236
25 5 2535111671.5134515762 235268
26 5 2336468003.691488266 235942
27 5 2827667033.9707860947 233104
28 5 2573892482.8393750191 233290
29 5 1966245114.4328460693 233524
30 5 2116029894.5016531944 233826
31 5 2330524096.3876543045 232984
32 5 2669693261.5329604149 233221
33 5 2816753308.4096069336 233952
34 5 1956146319.9443042278 234028
35 5 2681678128.0386171341 233218
36 5 2910901350.4680018425 233427
37 5 2453219846.829041481 234247
38 5 2279773951.7918486595 234089
39 5 2399578064.0187783241 233576
40 5 2385015838.3902726173 233522
41 5 2611706557.3586850166 233523
42 5 2221985231.2209439278 234439
43 5 2335396132.6149363518 233462
44 5 2137877896.5823719501 233724
45 5 2442006248.5399508476 234036
46 5 2014767401.5428159237 234476
47 5 2168245566.1289782524 233340
48 5 2135664151.2518389225 233761
49 5 2163456944.1381549835 233577
50 5 2065602062.2427544594 235567
51 5 2442780115.1729969978 233852
52 5 2171788836.2240571976 233460
53 5 2333015018.8655509949 233739
54 5 2566272765.4972028732 233843
55 5 1998557164.6801133156 233438
56 5 2488543753.8537979126 233312
57 5 2046634968.618449688 233043
58 5 2110321077.7466821671 235597
59 5 2279914621.5958366394 233344
60 5 2080429221.4794902802 233239
61 5 2558652591.1671485901 233530
62 5 2141257722.2388584614 233839
63 5 2755730547.8808369637 233371
64 5 2386307855.6054830551 233242
65 5 2252677741.5559387207 233764
66 5 2543335171.400642395 234781
67 5 2688942235.4304418564 233491
68 5 2796463301.4943342209 233328
69 5 2579748374.2267913818 233268
70 5 2631942404.4017710686 233826
71 5 2386584981.4612884521 233071
72 5 2796697528.0325927734 232913
73 5 2439298412.458509922 233304
74 5 2317789434.6448373795 235212
75 5 3015526697.195245266 233254
76 5 2664362112.114426136 232935
77 5 2671382610.0973038673 233387
78 5 2784389386.7003827095 233730
79 5 2257030268.6746926308 232989
80 5 2738832714.0683751106 233068
81 5 2169101530.0473179817 232856
82 5 2346618074.2473845482 236003
83 5 2215467047.9422302246 232897
84 5 2087150950.9277887344 232876
85 5 2666170713.454533577 233367
86 5 2532421825.6454639435 233650
87 5 2012021438.3875625134 232719
88 5 2048457813.3021674156 233286
89 5 2204401297.5901484489 233660
90 5 1836441313.8995580673 235159
91 5 2832511860.3770060539 232740
92 5 2670981350.7955265045 233503
93 5 2197621587.8963899612 233398
94 5 2516097810.4429163933 233738
95 5 2133106252.5976150036 233056
96 5 2427405807.671995163 235052
97 5 1774171802.6010622978 234231
98 5 2582206635.1665220261 236719
99 5 2270401408.7149686813 237314
% Edges = 5.5
0 5.5 2228543259.1428661346 263722
1 5.5 2416510476.3733854294 265607
2 5.5 2493076367.9110822678 266423
3 5.5 2645258654.0567512512 264146
4 5.5 2501542696.6727004051 264157
5 5.5 2275635737.6645383835 269226
6 5.5 2593536944.1857151985 269006
7 5.5 2705543438.6634097099 265955
8 5.5 2819393277.3765897751 271446
9 5.5 2177885066.6612472534 270197
10 5.5 2374990279.8627872467 268482
11 5.5 2686960563.7167549133 272427
12 5.5 2301724491.1788096428 270174
13 5.5 2345890319.3812355995 269529
14 5.5 2424134955.9977889061 274776
15 5.5 2512909803.0971460342 270687
16 5.5 2207832711.4429631233 269783
17 5.5 2893066127.8778758049 276053
18 5.5 2604901183.7644238472 272721
19 5.5 2450785030.0086979866 272725
20 5.5 2564692012.135061264 276163
21 5.5 2448625410.1759395599 273714
22 5.5 2328301005.7192921638 278436
23 5.5 2277727451.6988129616 275684
24 5.5 2795493712.6136741638 273168
25 5.5 2365439964.1913189888 278994
26 5.5 2332519785.64361763 275983
27 5.5 2341717242.5796923637 274929
28 5.5 2108855105.0729818344 280114
29 5.5 2200481919.9635753632 273671
30 5.5 2606435767.8480319977 273260
31 5.5 1761601887.4040908813 279709
32 5.5 2105869162.4770100117 274996
33 5.5 2679052055.6775393486 272024
34 5.5 2322114044.1127681732 279451
35 5.5 3044207817.7993702888 276816
36 5.5 2496414371.1251502037 275798
37 5.5 2348436792.169046402 279645
38 5.5 2565297566.7453799248 277175
39 5.5 2207777212.0774803162 279916
40 5.5 2388399723.2566404343 279472
41 5.5 2368503530.3193564415 276248
42 5.5 2268052361.2606697083 282200
43 5.5 2032619561.3617901802 280034
44 5.5 2234640378.1915836334 276250
45 5.5 2641598906.5464515686 279902
46 5.5 2265385193.4666571617 278571
47 5.5 2220103307.8950338364 274918
48 5.5 2024483088.63803792 273887
49 5.5 2529744634.9360442162 271372
50 5.5 2420183127.9326658249 271044
51 5.5 2509957598.0553297997 271117
52 5.5 2640125354.8072695732 268955
53 5.5 2030554178.9408874512 267476
54 5.5 2117844472.6452116966 267523
55 5.5 2545796021.6093463898 267022
56 5.5 2817657514.8518996239 266530
57 5.5 2626125271.2845077515 265038
58 5.5 2374983867.2280917168 265331
59 5.5 2270974138.4149436951 266793
60 5.5 2218182635.5368976593 264393
61 5.5 2333563922.7610535622 263773
62 5.5 2590152267.6843476295 264484
63 5.5 2151385221.887409687 263972
64 5.5 2340396179.4789953232 263686
65 5.5 2139265706.7304902077 263185
66 5.5 2294577867.0990715027 263624
67 5.5 3002640488.4177279472 263817
68 5.5 2171824840.4162974358 262791
69 5.5 2111739506.5637135506 261807
70 5.5 1812566685.3196182251 263209
71 5.5 2593127275.7128090858 262249
72 5.5 2804021352.3525290489 262390
73 5.5 2169831963.3341679573 261006
74 5.5 2438544671.7429146767 262449
75 5.5 2413021963.8711633682 263436
76 5.5 2523989925.5776424408 261397
77 5.5 2120043969.0176200867 260791
78 5.5 2614945647.7171730995 262758
79 5.5 2402309655.9466676712 262092
80 5.5 2691397070.5417838097 261886
81 5.5 2526545304.5346460342 260840
82 5.5 2686061399.8961243629 261761
83 5.5 2999103299.5528769493 262748
84 5.5 2396339111.7702050209 261132
85 5.5 2440731556.8482275009 260999
86 5.5 2274553773.7750716209 261845
87 5.5 2488566387.0533847809 261630
88 5.5 2082970983.1300938129 261211
89 5.5 2619025736.2853631973 260256
90 5.5 2561031685.3492064476 261274
91 5.5 2438513050.2200427055 261772
92 5.5 2708478212.2356004715 261301
93 5.5 2314048298.9987726212 260219
94 5.5 2431827903.3748297691 261419
95 5.5 2556423738.5350570679 261005
96 5.5 2644684671.7718095779 260562
97 5.5 2200612751.4514713287 259990
98 5.5 2274238571.2180862427 260988
99 5.5 2651332008.6498932838 262239
% Edges = 6
0 6 2462442114.2822451591 283644
1 6 2343956945.7614488602 283111
2 6 2672542143.245900631 285768
3 6 2269731375.9748644829 284712
4 6 2389357186.4322142601 282896
5 6 2736450076.320412159 283728
6 6 2424888311.0917105675 283948
7 6 2234809766.3770756721 284252
8 6 2687235302.2502627373 282931
9 6 2291120628.9252920151 282643
10 6 2717074475.0444955826 285564
11 6 2078515896.6115958691 283366
12 6 2976604617.2247071266 282550
13 6 2034181423.1774351597 282778
14 6 2488360325.9626135826 283410
15 6 2758275734.5009598732 284661
16 6 2683476920.952483654 282621
17 6 2111349332.2289838791 282665
18 6 2672113052.4111552238 285311
19 6 2185653617.092236042 282932
20 6 2759101401.9655041695 282984
21 6 2202480886.6912269592 282775
22 6 2186894230.6215438843 283420
23 6 2678409116.944756031 282673
24 6 2451235312.3286571503 283727
25 6 2175548729.6620802879 282781
26 6 2503966978.5006361008 282771
27 6 2406320566.1265854836 283209
28 6 2493428192.6093945503 284351
29 6 2464456057.72687006 282562
30 6 2443892327.0419158936 282625
31 6 2416770588.6403241158 282923
32 6 2020888119.2941629887 283571
33 6 2603063489.8062214851 282404
34 6 2691120941.443171978 282493
35 6 2547472176.3444571495 282735
36 6 2255300846.5254778862 285212
37 6 2766545442.0702300072 283217
38 6 2370789401.3714389801 283058
39 6 2130934561.8386948109 283786
40 6 2666316667.208486557 283678
41 6 2382672247.4613423347 282976
42 6 2254583978.4598183632 282541
43 6 1998332193.661362648 283060
44 6 2304809222.638010025 285023
45 6 2096802306.8954379559 283190
46 6 2538070419.0864253044 282828
47 6 2245437028.6477708817 283362
48 6 2506663930.8810315132 283676
49 6 2387215274.1820077896 282810
50 6 2172360306.3380913734 282639
51 6 2212466910.8058900833 283372
52 6 2574263568.7137436867 284732
53 6 2715919464.6368422508 283067
54 6 2651777162.3634448051 282612
55 6 2538008783.27445364 283366
56 6 1771711056.319214344 283595
57 6 2072416159.6798067093 282547
58 6 2623306581.8448696136 282571
59 6 2732974528.3293414116 283295
60 6 2440337665.5309200287 286298
61 6 2547022350.567111969 283032
62 6 2032476458.427809 282271
63 6 2562958794.1773324013 283252
64 6 2587447905.9565196037 283636
65 6 2584406669.1362147331 282877
66 6 2339915800.1886487007 282730
67 6 2528895066.8338623047 283241
68 6 2568857379.8852424622 284251
69 6 2734359620.7574205399 282598
70 6 2289404328.6730723381 282551
71 6 2348969715.621799469 285163
72 6 2594639051.589723587 283665
73 6 2396278609.0071034431 283268
74 6 2318945598.7129788399 283085
75 6 2467858505.0884137154 283241
76 6 2676048609.5889663696 283754
77 6 2638407465.3385181427 282519
78 6 2345243613.7155761719 283314
79 6 2436549409.8083219528 282697
80 6 2367514883.4529695511 283285
81 6 2805959762.6244468689 282299
82 6 2300930052.9559702873 282296
83 6 2636751571.3682594299 283038
84 6 2471884247.0254411697 284609
85 6 2558978682.9845142365 282612
86 6 2421365727.8210167885 282791
87 6 2240979645.6700029373 282946
88 6 2274171087.2121734619 283130
89 6 2331750537.90984869 284657
90 6 3093395633.6229615211 283861
91 6 2602311605.8257889748 284206
92 6 2815698102.6722254753 289760
93 6 2188684760.5791087151 285538
94 6 2191753077.3375487328 285168
95 6 1989563980.4372162819 290292
96 6 2731245997.2343735695 288673
97 6 2417565813.4480195045 291439
98 6 2621862549.2406182289 291032
99 6 2907404934.3921809196 290246
% Edges = 6.5
0 6.5 2380816424.2160491943 320310
1 6.5 2547658387.4060750008 315068
2 6.5 2492635690.9517793655 317668
3 6.5 2544639586.6743879318 320739
4 6.5 3083171529.6207337379 316449
5 6.5 2522622115.3117222786 321203
6 6.5 2072723985.3462600708 318585
7 6.5 2447516199.6685128212 322440
8 6.5 1749953595.7923674583 322094
9 6.5 2146738674.2919745445 318673
10 6.5 2404894200.3516368866 324870
11 6.5 2462713001.2683243752 322922
12 6.5 2200619191.5656075478 328874
13 6.5 2386642798.4151921272 321113
14 6.5 2337599205.4736795425 321078
15 6.5 2238264284.2016558647 326951
16 6.5 2306400618.454583168 321814
17 6.5 2722538196.3792552948 327931
18 6.5 2330433827.2302746773 321580
19 6.5 2139306226.4775388241 327147
20 6.5 2215367960.1655287743 324289
21 6.5 2533057034.1813035011 320582
22 6.5 2862396458.9336996078 327847
23 6.5 2440865726.2217774391 324244
24 6.5 2416181451.556306839 329799
25 6.5 2278087211.4088497162 327104
26 6.5 2261144691.6678299904 322546
27 6.5 2261440393.5796194077 330119
28 6.5 2442387830.6060848236 324984
29 6.5 2732680104.0600390434 333130
30 6.5 2392760000.853076458 326285
31 6.5 2182258775.9644203186 327169
32 6.5 2162229116.8013978004 328527
33 6.5 1896175538.176255703 323397
34 6.5 2258962599.034763813 321683
35 6.5 2405482026.7179560661 318333
36 6.5 2680175418.1439509392 317439
37 6.5 2671555104.6833338737 318834
38 6.5 2178767544.8630695343 315155
39 6.5 2522373819.8418626785 313776
40 6.5 2456325025.2296862602 313278
41 6.5 2904592727.6196732521 313119
42 6.5 1968010796.7418019772 311856
43 6.5 2254398340.1569671631 310802
44 6.5 2471403312.688202858 310818
45 6.5 2225644887.9937582016 313673
46 6.5 2141790266.4148783684 309701
47 6.5 2315426852.6464738846 309102
48 6.5 2459361271.9807128906 309121
49 6.5 2766305467.2733626366 309868
50 6.5 2700230565.2343416214 308708
51 6.5 2556317782.9553923607 308009
52 6.5 2712702658.984600544 308079
53 6.5 2129698815.5726728439 309619
54 6.5 2783238158.5370454788 307814
55 6.5 2538993795.2128033638 307658
56 6.5 2086985016.5457801819 307892
57 6.5 2628374320.044175148 308083
58 6.5 2350193152.7249407768 307070
59 6.5 2225351919.387298584 306940
60 6.5 2499603224.8890419006 306818
61 6.5 2437916963.5567383766 307920
62 6.5 2591679158.0958590508 306530
63 6.5 2488901253.7190485001 306405
64 6.5 2177728127.6867117882 306753
65 6.5 2546208892.72676754 306933
66 6.5 2663282144.6493997574 306547
67 6.5 2423102026.2540640831 305952
68 6.5 2331738922.0891189575 305785
69 6.5 2181246092.0387735367 309128
70 6.5 2684221696.8685331345 306135
71 6.5 2333203480.6173706055 306537
72 6.5 2521396497.244989872 307046
73 6.5 2197396579.466782093 306854
74 6.5 2556026730.3299875259 306337
75 6.5 2579313573.1634259224 306383
76 6.5 2301183524.3634996414 306166
77 6.5 2706362021.0152487755 308445
78 6.5 2358966756.9226942062 306088
79 6.5 2621037468.2903785706 305725
80 6.5 2616598383.3841309547 306616
81 6.5 2560666722.9332389832 306530
82 6.5 2427135052.9112272263 305597
83 6.5 2416029333.9812560081 305498
84 6.5 2257650682.740468502 305792
85 6.5 2457589273.8993997574 308581
86 6.5 2137604884.6290433407 305743
87 6.5 1946633785.9194455147 305919
88 6.5 2380976198.8257994652 305776
89 6.5 2153054037.4063062668 306367
90 6.5 2342615454.7776117325 305276
91 6.5 2769032517.950586319 305550
92 6.5 2296103120.3088316917 306100
93 6.5 2237092504.0034017563 308830
94 6.5 2612991986.8507351875 305757
95 6.5 2745807355.741672039 305283
96 6.5 2376754760.2774300575 305718
97 6.5 1987352204.8451564312 306053
98 6.5 2535112491.5788221359 305524
99 6.5 2285472895.9447922707 305314
% Edges = 7
0 7 2434917236.2057390213 332321
1 7 2489922702.8590726852 333221
2 7 2492049536.8929166794 331592
3 7 2552016655.6084275246 332195
4 7 2803839552.3707799911 332293
5 7 2739947498.1558170319 332813
6 7 2195239532.1438837051 331735
7 7 3101048142.026301384 331963
8 7 2372446534.2509012222 331388
9 7 2233579592.8236074448 334472
10 7 2483697419.4357051849 331654
11 7 2304516896.8575663567 331725
12 7 2521963451.5808367729 331489
13 7 2286304692.6543292999 333016
14 7 2366704720.3454155922 331776
15 7 2603955753.6958560944 331325
16 7 2630306929.6237120628 331824
17 7 2174253524.6990175247 335443
18 7 2940414072.0865182877 331175
19 7 2088086606.4222810268 331663
20 7 2578653444.4518342018 331509
21 7 2728467707.7616248131 332823
22 7 2390799550.7564024925 331243
23 7 2187230288.0813946724 332182
24 7 2809264525.0314564705 330997
25 7 2314744253.5550990105 332023
26 7 2600276898.519961834 332442
27 7 2787291361.6916880608 332727
28 7 2362778010.9611268044 331421
29 7 2323992068.0738220215 331663
30 7 2524544785.3906240463 334948
31 7 2388352178.9642243385 332487
32 7 2379012190.1380133629 331814
33 7 2286201132.3744926453 332066
34 7 2068413872.4007267952 332645
35 7 2212725435.2638435364 332951
36 7 2024723042.9889273643 331512
37 7 2189938128.1299023628 332230
38 7 2540464490.3062138557 333934
39 7 2402435584.7495279312 332695
40 7 2446983251.668636322 331322
41 7 2710035912.0171399117 331680
42 7 2564759332.4996113777 332422
43 7 2442992868.991789341 333036
44 7 2598877658.0567450523 331664
45 7 2796782299.1177487373 332269
46 7 2201114994.1978721619 335010
47 7 2713174276.8062763214 332568
48 7 2496108910.7140188217 331537
49 7 2448370932.102452755 331938
50 7 2404941893.6314120293 332166
51 7 2080395980.1789300442 333163
52 7 2404258514.0021615028 331713
53 7 2717212295.6651711464 332007
54 7 3049072333.2658233643 334631
55 7 2297030933.027525425 332004
56 7 2347529369.2347912788 332229
57 7 2196632032.0685133934 331237
58 7 2497708778.9363336563 334638
59 7 2587988175.0069861412 334763
60 7 2664158628.4230685234 332814
61 7 2355770186.7657613754 337699
62 7 2304720711.6674399376 337472
63 7 2221057674.0667862892 340515
64 7 2393456742.0641093254 337652
65 7 2508672119.8671803474 341297
66 7 2096902276.0068690777 342177
67 7 2149194283.5232839584 342134
68 7 2724246878.854013443 345348
69 7 2619739372.5413174629 343079
70 7 2262220463.8757328987 350300
71 7 1919199919.1269178391 344403
72 7 2318882016.004263401 348402
73 7 2264554792.8354229927 346260
74 7 2499950568.507335186 348273
75 7 2178676027.1195011139 349715
76 7 2347324106.7902622223 346493
77 7 2327473783.7381429672 353553
78 7 2133400796.6566402912 349583
79 7 2061989733.9374895096 356018
80 7 2352670288.6121664047 347913
81 7 2315587977.2006139755 356079
82 7 2345983431.9231534004 349796
83 7 2191880647.5005397797 352410
84 7 2737041692.7721486092 351590
85 7 2420394723.7807545662 347015
86 7 2803586181.0187926292 357341
87 7 1843367195.8552277088 349150
88 7 2880394739.0684862137 355764
89 7 2377071472.2811002731 350999
90 7 2256056207.3110108376 359662
91 7 2241017358.5368766785 354800
92 7 2259393975.6316642761 355404
93 7 2344670789.8949065208 355002
94 7 2492582476.0664539337 356545
95 7 2421202016.0592756271 356835
96 7 2245441486.4851760864 352278
97 7 2187421354.8051943779 358433
98 7 2445841947.8300442696 352666
99 7 2436049888.3887619972 350547
% Edges = 7.5
0 7.5 2138067960.2006244659 373130
1 7.5 2024982157.8390207291 370550
2 7.5 2201473710.2526507378 370914
3 7.5 2451264188.6246747971 367532
4 7.5 2005054802.4921398163 366339
5 7.5 2103795684.6889493465 365665
6 7.5 2505055569.1562862396 365664
7 7.5 2530230716.2437720299 363947
8 7.5 2350108780.3667588234 362739
9 7.5 2556013822.0229072571 362894
10 7.5 2623353985.8268656731 364003
11 7.5 2545045227.3089647293 361106
12 7.5 2361754097.2661271095 361012
13 7.5 2522945251.0275578499 361372
14 7.5 2198432101.5277466774 360991
15 7.5 2029070976.3902206421 360041
16 7.5 2926303585.2055344582 359753
17 7.5 2438525534.8046975136 359246
18 7.5 1994203464.1295118332 362042
19 7.5 2913793759.0161752701 359253
20 7.5 2571418814.9696521759 359135
21 7.5 1997442128.9183635712 359206
22 7.5 2214050902.361058712 359779
23 7.5 2619019975.391957283 358176
24 7.5 2306566408.5309371948 357911
25 7.5 2256064888.4470024109 357638
26 7.5 2115524801.6921122074 357105
27 7.5 2438367003.399626255 358481
28 7.5 2742974234.925992012 358574
29 7.5 2576096523.1717681885 357051
30 7.5 2233983431.3399510384 356570
31 7.5 2511522559.3148913383 359124
32 7.5 2313698048.7480831146 357528
33 7.5 2333923663.0304379463 357107
34 7.5 2010984873.0635147095 356606
35 7.5 2297501468.7837400436 357575
36 7.5 2636046840.1571416855 357761
37 7.5 2188026801.0028505325 357119
38 7.5 2093840479.772285223 356739
39 7.5 2443491121.9761686325 357734
40 7.5 2480301160.531826973 357015
41 7.5 2749564342.2124342918 356631
42 7.5 1956621540.931122303 356086
43 7.5 2229834902.1713476181 357451
44 7.5 2969019795.9524888992 357999
45 7.5 2411238086.9826717377 356299
46 7.5 2332086065.4076309204 356302
47 7.5 2307659496.9894428253 358015
48 7.5 2548828728.3613557816 356780
49 7.5 2523228498.3993453979 355822
50 7.5 2441711004.1665096283 356089
51 7.5 2319211760.2891626358 358146
52 7.5 2641000171.1804819107 358371
53 7.5 2325185118.5921583176 356747
54 7.5 2405271994.466635704 356437
55 7.5 2703032788.6104364395 360577
56 7.5 2501318012.302110672 356736
57 7.5 2668644988.0590786934 356121
58 7.5 2455692123.4025821686 356547
59 7.5 2206513743.1421527863 357586
60 7.5 2574635274.9236512184 356851
61 7.5 2456389730.2440390587 356473
62 7.5 2692296894.6137528419 355925
63 7.5 2517345322.7400178909 359276
64 7.5 2201828959.6026453972 356522
65 7.5 2318218955.1515221596 356215
66 7.5 2423213537.8546676636 356093
67 7.5 2634488208.3133435249 357079
68 7.5 2258097710.4931879044 357856
69 7.5 2461024390.6076693535 356131
70 7.5 2469387410.7315268517 355844
71 7.5 2755984512.6065645218 360190
72 7.5 2340503372.797358036 356595
73 7.5 2208229839.8923420906 356383
74 7.5 2337001631.0219731331 355998
75 7.5 2434875839.8604001999 357086
76 7.5 2195180506.729426384 357510
77 7.5 2676183150.906411171 356342
78 7.5 2375854233.7965731621 356169
79 7.5 2365060388.3471860886 358358
80 7.5 2381038237.1311545372 356510
81 7.5 2519950837.085132122 355939
82 7.5 2346643663.6037034988 356304
83 7.5 2181318818.6835851669 357345
84 7.5 2663922408.1581735611 357344
85 7.5 2499563332.8873090744 355886
86 7.5 2412196807.6805553436 355987
87 7.5 2756687533.8930454254 358774
88 7.5 2570322465.3858332634 356336
89 7.5 2187964518.6018686295 356067
90 7.5 2271145776.7482075691 355820
91 7.5 2624044584.9833865166 357046
92 7.5 2375565230.4614086151 357944
93 7.5 2401009053.9507679939 356173
94 7.5 2524126369.3108053207 355733
95 7.5 2377828821.7541675568 357425
96 7.5 2421062038.5431013107 356537
97 7.5 2556057849.534137249 356014
98 7.5 2418657497.613986969 355755
99 7.5 2496969953.6812338829 357594
% Edges = 8
0 8 2274175013.8811936378 382679
1 8 2307555654.8192987442 382318
2 8 2375626677.4755544662 383551
3 8 2356388395.9831266403 387015
4 8 2167532202.4855279922 382787
5 8 2370364230.8870444298 383965
6 8 2485117481.1743960381 383916
7 8 2611010519.6656589508 384382
8 8 2277330621.6790328026 383356
9 8 2776926928.8187322617 385581
10 8 2530763655.2618675232 385084
11 8 2477132691.5125217438 391319
12 8 2355481520.4918642044 387992
13 8 2325653567.7012000084 392013
14 8 2372222294.2508683205 390890
15 8 2707687911.4326477051 396660
16 8 2093014038.2737817764 394218
17 8 2400385754.6566624641 400372
18 8 2704438662.2451043129 396359
19 8 2718465383.735637188 405105
20 8 2509370153.3742690086 397853
21 8 2373102202.5810780525 403352
22 8 2069403081.5514097214 400389
23 8 2349179793.051053524 405413
24 8 2618191161.0333418846 402748
25 8 2617780334.2152161598 408415
26 8 2386916810.0815110207 401446
27 8 2380009457.8303408623 410369
28 8 2068396420.4663097858 402850
29 8 2367975543.9696202278 412951
30 8 2327368742.8973445892 402522
31 8 2334900900.8599905968 410793
32 8 2420259589.9522309303 404467
33 8 2174761822.3450403214 410884
34 8 2577486013.7209897041 404121
35 8 2532552856.8336935043 409864
36 8 2593413726.0948147774 407610
37 8 2728782350.4209361076 414756
38 8 2168492693.0853123665 412208
39 8 1998226423.4678981304 412448
40 8 2141641264.8149013519 417004
41 8 2598949905.1630487442 411731
42 8 2067813643.2361655235 413309
43 8 2290151906.7107729912 407713
44 8 2070224398.5319633484 405953
45 8 2443965096.6332578659 403123
46 8 2418773329.6259527206 399461
47 8 2558662200.0698523521 396820
48 8 2349578386.8499326706 397321
49 8 2617259288.5666527748 394245
50 8 2277076946.8023695946 392604
51 8 2425368548.9452552795 391719
52 8 2640785690.727139473 392383
53 8 2485174116.2284660339 391844
54 8 2570869373.3853535652 389430
55 8 2410297452.929049015 388506
56 8 2451953294.1787424088 391744
57 8 2351260563.6990318298 388235
58 8 2713994692.6722698212 387736
59 8 2772681564.941493988 387331
60 8 2359411965.8905510902 387665
61 8 2775586437.4104757309 388161
62 8 2456024201.206038475 386199
63 8 2928477451.7678890228 385671
64 8 2106536916.9651505947 388900
65 8 2870638636.4917159081 386045
66 8 2445509838.8190069199 385282
67 8 2711013401.3349838257 385326
68 8 2377175417.627986908 385894
69 8 2343512031.8218393326 386288
70 8 2639941352.4555120468 384865
71 8 2588188741.8081250191 384522
72 8 2651717615.4393997192 387589
73 8 2527457727.1759967804 385645
74 8 2501817932.4286808968 383986
75 8 2236473222.950668335 384312
76 8 2278939665.8393940926 385681
77 8 2237544799.393986702 385637
78 8 2141126409.3426992893 384964
79 8 2128597405.6133816242 384630
80 8 2470986754.5118451118 389068
81 8 2880151924.9033856392 384654
82 8 2463579782.7306799889 383892
83 8 2254500636.5710158348 383911
84 8 2559490485.9926233292 384824
85 8 2190457868.3759741783 385505
86 8 2387077511.8384079933 384087
87 8 2536827440.1308913231 384114
88 8 2288732906.6859984398 388165
89 8 2488969235.8535914421 384484
90 8 2625663245.5098109245 383414
91 8 2169904334.8051128387 383306
92 8 2574291666.6864361763 384930
93 8 2698057625.5984473228 384596
94 8 2092452686.5045309067 383427
95 8 2320686724.218070507 383293
96 8 2319005299.5018105507 386916
97 8 2425586115.1217141151 384155
98 8 2383633383.4050860405 383264
99 8 2598128172.3609719276 383509
% Edges = 8.5
0 8.5 2197404396.3230857849 409879
1 8.5 2560142881.5045318604 408397
2 8.5 2313711526.6070203781 407783
3 8.5 2821515726.3198356628 408763
4 8.5 2497112944.0086760521 410762
5 8.5 2469576850.5928897858 408062
6 8.5 2343982957.744240284 407957
7 8.5 2496970717.374648571 408475
8 8.5 2329256496.6573834419 409474
9 8.5 2195499001.8984766006 408265
10 8.5 2239763146.5006752014 407567
11 8.5 2104020377.208268404 407935
12 8.5 2504298090.6507377625 410885
13 8.5 2660150733.152089119 407816
14 8.5 2291998159.6825799942 407440
15 8.5 2121089929.5110416412 408501
16 8.5 2230666763.8322582245 409378
17 8.5 2483212484.2142958641 407922
18 8.5 2081954970.7584335804 407688
19 8.5 2819994682.6349382401 407749
20 8.5 2328620241.4553780556 412222
21 8.5 2423915484.9529342651 407744
22 8.5 2739544979.2229909897 408124
23 8.5 2369194449.3271737099 410545
24 8.5 2378566105.7283654213 408912
25 8.5 2202349900.7348885536 408808
26 8.5 2183181973.9669566154 408451
27 8.5 2307979101.1458544731 407812
28 8.5 2482070364.3971219063 408084
29 8.5 2289509909.2147130966 409160
30 8.5 2540230600.0735402107 409813
31 8.5 2575612760.1968274117 408054
32 8.5 2491074321.8821525574 408158
33 8.5 2116643814.7872703075 410226
34 8.5 2341676678.0695309639 408935
35 8.5 2422397776.1626267433 407639
36 8.5 2194331572.8660440445 407767
37 8.5 2804932036.0085115433 409055
38 8.5 2444400902.4132347107 410099
39 8.5 2717252617.243461132 407939
40 8.5 2209039966.4691638947 407782
41 8.5 2388931581.1962203979 412621
42 8.5 2550648847.3811922073 408574
43 8.5 2295601951.6507277489 408147
44 8.5 2640381969.3526043892 408316
45 8.5 3034038146.0537548065 412122
46 8.5 2272554506.9038906097 410719
47 8.5 2520741794.1277589798 415512
48 8.5 2209498000.0687499046 412081
49 8.5 2584826641.5562558174 421320
50 8.5 2212301235.5638346672 415920
51 8.5 2547936683.2799115181 421932
52 8.5 2347638158.7312297821 421896
53 8.5 2446804117.3661603928 425146
54 8.5 2379733985.6477942467 428293
55 8.5 2256053914.9502654076 425669
56 8.5 2316715167.443318367 430307
57 8.5 2527156052.9308080673 429315
58 8.5 2521039779.2155008316 432790
59 8.5 2826196987.8847513199 427468
60 8.5 2297243956.2667598724 433828
61 8.5 2318669065.4162845612 428837
62 8.5 2758825359.4125585556 437908
63 8.5 2463083687.9788131714 433674
64 8.5 2161001850.7155928612 433374
65 8.5 2839461745.0892133713 440682
66 8.5 2762588535.9976878166 431266
67 8.5 2125533780.2981247902 438093
68 8.5 2536077327.1508207321 429697
69 8.5 2512639890.2165083885 439048
70 8.5 2434230896.1940755844 432001
71 8.5 2496095649.0418901443 441351
72 8.5 2206667047.4987578392 438334
73 8.5 2151009323.1558628082 441736
74 8.5 2470292996.7375283241 441982
75 8.5 2230684088.5186319351 435619
76 8.5 2143570127.997189045 439970
77 8.5 2411629860.5479974747 434195
78 8.5 2747892118.2571153641 431733
79 8.5 2159649890.7019457817 426499
80 8.5 2152388680.1196126938 423606
81 8.5 2324762800.3963799477 425786
82 8.5 2507467360.9866728783 420439
83 8.5 2341450858.8800225258 417829
84 8.5 2244632666.6668591499 417173
85 8.5 2322638896.2474350929 417406
86 8.5 2809768622.6045298576 417243
87 8.5 2367232223.6868028641 415173
88 8.5 2121994935.1032278538 414056
89 8.5 2516137879.3945975304 416681
90 8.5 2416033029.9702472687 413937
91 8.5 2452834470.5256204605 412556
92 8.5 2825381472.9687814713 412971
93 8.5 2075432761.0222253799 413780
94 8.5 2413699152.0990281105 413227
95 8.5 2121599000.7689032555 411474
96 8.5 2401122296.5338206291 411236
97 8.5 2424651820.089922905 415153
98 8.5 2455025978.1174478531 411510
99 8.5 2548356044.9747781754 411001
% Edges = 9
0 9 2283956406.8980226517 434065
1 9 2582313030.2717518806 434819
2 9 2445971667.9898610115 433307
3 9 2348102177.7820334435 432600
4 9 2632691957.0175352097 433080
5 9 2042206981.3149759769 436713
6 9 2100932161.3881757259 432538
7 9 2381071169.2334885597 432179
8 9 2608964844.2138471603 432697
9 9 2643377126.3515248299 433241
10 9 2604712608.6840825081 432117
11 9 1964836856.3467047215 432065
12 9 2448151682.5960345268 432887
13 9 2527495959.0771193504 434232
14 9 2480712265.6995773315 431781
15 9 2072964801.1911373138 431799
16 9 2089637400.7331411839 431976
17 9 2429845655.0581007004 432636
18 9 2308350845.846848011 431702
19 9 2293125215.5335125923 431945
20 9 2428010756.2071862221 431997
21 9 2627012800.3186907768 435663
22 9 2177931721.5166063309 431524
23 9 2172621745.9762282372 430443
24 9 2394185694.8001155853 430830
25 9 2627394227.2669157982 431471
26 9 2147060419.2894182205 435652
27 9 2114888125.945086956 431069
28 9 2646424922.2345666885 430468
29 9 2630101722.2775044441 430574
30 9 2462851669.5711960793 431707
31 9 2410019990.0729546547 432526
32 9 2319202208.6819858551 430299
33 9 2498742158.4108986855 430175
34 9 2455529511.6016712189 434496
35 9 2796884763.0936079025 431233
36 9 2435604602.9206900597 430737
37 9 2294883583.5796012878 431191
38 9 2569001160.0365228653 432547
39 9 2664406744.7855238914 432854
40 9 2371335765.2883348465 430973
41 9 2511133746.2912125587 430716
42 9 2424762497.7363910675 433760
43 9 2297427258.8305974007 430998
44 9 2446603484.7326211929 430970
45 9 2099774814.9883961678 431056
46 9 2118761598.4398386478 432166
47 9 2320794923.5725231171 433030
48 9 2445244169.2967095375 431052
49 9 2303357856.7581825256 432082
50 9 2176557346.0732250214 433669
51 9 2502673926.4803218842 431579
52 9 2049158605.2030465603 430810
53 9 2794929772.9953937531 430404
54 9 2190580614.4772491455 431799
55 9 2307957333.0292506218 432358
56 9 2835886983.2886948586 430871
57 9 2142234413.1192858219 430683
58 9 2504358945.2931714058 435012
59 9 2654191596.484808445 430956
60 9 2430706648.0634651184 430895
61 9 2075386420.4690852165 430590
62 9 2466478473.8818116188 431684
63 9 2287507560.3656477928 432125
64 9 2669414156.3231115341 430552
65 9 2544122515.5252127647 431027
66 9 2470672300.5723853111 432967
67 9 2299177155.8719134331 431774
68 9 2423619856.4166984558 430573
69 9 2325856572.6925878525 431444
70 9 2360547453.8336777687 431880
71 9 2620956533.4774446487 435368
72 9 2650181862.9846529961 435611
73 9 2511138029.2881650925 435735
74 9 2626244032.4201822281 443929
75 9 2148897690.0349793434 439718
76 9 2594905351.4322242737 445624
77 9 2503286507.1888394356 441652
78 9 1932087552.7334218025 450613
79 9 2404167720.0382928848 447839
80 9 2376871527.5843887329 449633
81 9 2230979400.2101383209 451955
82 9 2268619554.5186944008 455054
83 9 2459500539.1347880363 456381
84 9 2477375711.1866464615 451007
85 9 2280441099.7988004684 458281
86 9 2609454942.1644010544 457354
87 9 2700607158.0893311501 457014
88 9 2422580712.9133443832 463453
89 9 3016269006.8487901688 452153
90 9 2428678080.6659994125 466231
91 9 2442435285.8637499809 453812
92 9 2276801256.1044268608 458961
93 9 2559194038.3675780296 461322
94 9 2208329024.716114521 458169
95 9 2217084570.3114352226 468932
96 9 2396738654.8489627838 457058
97 9 2616302696.5358457565 464815
98 9 2402222629.83562994 464202
99 9 2028100271.7671968937 462375
% Edges = 9.5
0 9.5 2575142803.9475674629 493922
1 9.5 2411444517.1134090424 488073
2 9.5 2495101846.6350154877 484595
3 9.5 2651180583.6105585098 478068
4 9.5 2431791162.0724349022 474795
5 9.5 2647396503.9821910858 473782
6 9.5 2703526164.7390036583 476199
7 9.5 2510924019.1849918365 469970
8 9.5 2466434069.9309453964 468525
9 9.5 2712354208.204117775 467732
10 9.5 2494662690.6116185188 467306
11 9.5 2252014070.4915947914 465337
12 9.5 2468745355.3584771156 465242
13 9.5 2375357362.5143446922 464629
14 9.5 2481841018.8078274727 466606
15 9.5 2638953536.8249640465 463486
16 9.5 2494114664.0192708969 462786
17 9.5 2301348307.776884079 462995
18 9.5 2161420552.1402692795 463287
19 9.5 2815278136.5466413498 462309
20 9.5 2402121038.5230374336 461591
21 9.5 2507878341.635342598 462181
22 9.5 2466878050.5186991692 466151
23 9.5 2543072726.7133750916 461100
24 9.5 2165165296.7977256775 460635
25 9.5 2517827130.9710698128 460376
26 9.5 2612991953.9303908348 460308
27 9.5 2490755576.1364097595 464309
28 9.5 2455594573.9718489647 460325
29 9.5 2277470097.0895347595 459967
30 9.5 2457884448.0740132332 460122
31 9.5 1953776766.860265255 461507
32 9.5 2181032235.3337340355 462053
33 9.5 2025063198.3988051414 461015
34 9.5 2615895410.357583046 459530
35 9.5 1985183837.2582910061 462395
36 9.5 2555047345.0311603546 459482
37 9.5 2698870683.7149958611 459163
38 9.5 2362934741.2786421776 458837
39 9.5 2516745224.2144317627 459785
40 9.5 2236233248.7323918343 460171
41 9.5 2606104595.6530942917 458731
42 9.5 2282557285.4664239883 458028
43 9.5 2494629132.1033482552 462746
44 9.5 2354154238.4291996956 459167
45 9.5 2256822677.9057354927 458453
46 9.5 2270547516.7253074646 458829
47 9.5 2284886184.8514184952 460187
48 9.5 2361448202.2265048027 460556
49 9.5 2171016644.1013960838 458747
50 9.5 2312686126.9299263954 458584
51 9.5 2704085279.9631009102 461976
52 9.5 2368867993.102478981 459217
53 9.5 2356566911.9096894264 458723
54 9.5 2361891548.9413146973 458527
55 9.5 2233911618.0760717392 460564
56 9.5 2374691511.0898709297 460643
57 9.5 1955026935.7774643898 458553
58 9.5 2633471911.3676600456 458894
59 9.5 2589074792.0951895714 464182
60 9.5 2173302803.4741978645 458827
61 9.5 2235852003.377758503 458692
62 9.5 2197839703.752758503 458552
63 9.5 2416777082.8275136948 459584
64 9.5 2329147762.7962622643 460172
65 9.5 2113633673.0509226322 458759
66 9.5 2470028863.2630825043 458008
67 9.5 2250963044.1655492783 461315
68 9.5 2151738031.1051106453 458984
69 9.5 2252006199.4434947968 458870
70 9.5 2503418865.0332036018 458285
71 9.5 2258970035.2036976814 459955
72 9.5 2516028307.6053671837 460997
73 9.5 2307589494.3685460091 458453
74 9.5 2461552164.5949549675 458619
75 9.5 2568704553.591545105 462372
76 9.5 2112336993.4058299065 459076
77 9.5 2263328471.110555172 458033
78 9.5 2314074256.7140049934 458909
79 9.5 2489515318.3124833107 460019
80 9.5 1993804160.5629551411 459814
81 9.5 2276229681.684384346 458823
82 9.5 2276428069.9419116974 458251
83 9.5 2228063789.6530814171 462822
84 9.5 2557881119.0727519989 459106
85 9.5 2264386982.1381793022 459176
86 9.5 2463766680.4857110977 459337
87 9.5 2355968375.4384298325 459738
88 9.5 2401371296.6970963478 459663
89 9.5 2175001222.2517924309 458904
90 9.5 2536437089.5091438293 460450
91 9.5 2431765814.199051857 468859
92 9.5 2776413606.2478137016 464397
93 9.5 2148211399.0036845207 469340
94 9.5 2548847175.1780805588 466705
95 9.5 2378777062.5347189903 474468
96 9.5 2060039095.4019641876 478131
97 9.5 2591950187.6914782524 474697
98 9.5 2598584760.1837558746 480331
99 9.5 2476981221.7532935143 482470
% Edges = 10
0 10 2057763302.4233248234 504394
1 10 2326481167.6059088707 509624
2 10 2408925998.1851210594 505981
3 10 2140698008.5113053322 511436
4 10 2233193545.563293457 518432
5 10 2175480307.7916045189 506636
6 10 2513247831.1838588715 513670
7 10 2082081562.6420497894 522119
8 10 2199106907.3971033096 508207
9 10 2583777675.2327327728 513376
10 10 2681150717.7477388382 518469
11 10 2758154249.9556121826 511842
12 10 2273458876.0402297974 521441
13 10 2488326583.0008563995 522665
14 10 2284556739.2131361961 512367
15 10 2455138533.4854578972 522673
16 10 2654855172.6411709785 520529
17 10 2467407529.3933982849 511522
18 10 2762034293.2727665901 506704
19 10 2062571155.9348490238 505021
20 10 2356527919.7041611671 500317
21 10 2555454964.0141019821 496611
22 10 2626664358.2046489716 494409
23 10 2336800145.3955364227 496451
24 10 2785090350.3296341896 495633
25 10 2125142969.5606341362 490649
26 10 2552059575.196413517 489434
27 10 2504281494.7616906166 488546
28 10 2343707187.9813761711 488542
29 10 2542442964.5934529305 488580
30 10 2619141455.9007892609 487379
31 10 2452739156.6761031151 485541
32 10 2728911320.9159045219 486161
33 10 2231346700.1961011887 489135
34 10 2441129976.5221157074 484984
35 10 2324552653.2372665405 484137
36 10 2366147640.759018898 485220
37 10 2835595664.287050724 485651
38 10 2425130827.2141017914 484042
39 10 2271724894.4757518768 483742
40 10 2448823985.473968029 483830
41 10 2410567394.723962307 487444
42 10 2180390800.2490119934 483277
43 10 2193041259.1856131554 483090
44 10 2400794614.7089562416 484200
45 10 2419743498.1661839485 483662
46 10 2585652214.0401377678 482590
47 10 2612984403.7733678818 481880
48 10 2699049072.9529061317 482760
49 10 2408587593.8579874039 486094
50 10 2595743050.5039925575 481944
51 10 2424569535.9734749794 481873
52 10 2252711997.4888010025 482055
53 10 2667453997.1535158157 483131
54 10 2521538614.5805578232 481878
55 10 2463745036.4007787704 482259
56 10 2281937440.3507452011 481830
57 10 2562781412.5804138184 484819
58 10 2118063969.2204642296 481843
59 10 2379397651.8471221924 481863
60 10 2344784698.1240286827 482568
61 10 2228883836.9166817665 483050
62 10 2888065120.8772168159 481729
63 10 2646777787.1697807312 481477
64 10 2541427501.260538578 481837
65 10 2339248572.205842495 485201
66 10 2443050895.3633666039 481304
67 10 2242103741.5554127693 481591
68 10 2482596896.9516634941 482436
69 10 2477300068.7152881622 482763
70 10 2311071181.5487151146 481578
71 10 2386538081.7854962349 481674
72 10 2183038815.166577816 482043
73 10 2298645703.0313544273 484482
74 10 2699025087.5741615295 485162
75 10 2794517446.8142576218 481723
76 10 2281321591.503739357 481601
77 10 2245206333.0435876846 482580
78 10 2636282860.2591519356 481816
79 10 2275691019.5483078957 481393
80 10 2394772777.7577953339 481655
81 10 2193266463.3354215622 484204
82 10 2233858415.7034497261 480996
83 10 2585353720.1103897095 481361
84 10 2126591207.011138916 482063
85 10 2220366580.9910941124 482937
86 10 2149550856.4776654243 481155
87 10 2285532127.4862828255 480927
88 10 2341347796.2038016319 481461
89 10 2207479741.3506894112 485247
90 10 2678958363.1969399452 481263
91 10 2447796314.3295507431 480676
92 10 2190887200.9105787277 482700
93 10 2298124789.784078598 482317
94 10 2635080885.6047115326 481435
95 10 2463579707.3753833771 481102
96 10 2286862598.5480866432 481575
97 10 2457277452.0319080353 484753
98 10 2640485457.9247202873 481168
99 10 2078577853.9217226505 482045
