% Edges = 0.1
0 0.1 9695748621.9525108337 37371
1 0.10000000149011611938 0 35471
2 0.10000000149011611938 0 34909
3 0.10000000149011611938 0 34844
4 0.10000000149011611938 0 34881
5 0.10000000149011611938 0 35423
6 0.10000000149011611938 0 34974
7 0.10000000149011611938 0 34857
8 0.10000000149011611938 0 34863
9 0.10000000149011611938 2860603953.2871074677 34968
10 0.10000000149011611938 3003504478.105281353 34903
11 0.10000000149011611938 0 34782
12 0.10000000149011611938 0 34859
13 0.10000000149011611938 8379971966.8496341705 34902
14 0.10000000149011611938 8022583359.3067970276 34933
15 0.10000000149011611938 5084565942.1372776031 34881
16 0.10000000149011611938 0 34948
17 0.10000000149011611938 0 34935
18 0.10000000149011611938 0 34788
19 0.10000000149011611938 0 34812
20 0.10000000149011611938 0 34882
21 0.10000000149011611938 0 34836
22 0.10000000149011611938 6777313752.0356941223 34859
23 0.10000000149011611938 5164993183.7302837372 34860
24 0.10000000149011611938 0 34902
25 0.10000000149011611938 5147706918.0436658859 34915
26 0.10000000149011611938 7314208682.3571491241 34955
27 0.10000000149011611938 3068128821.9577517509 34873
28 0.10000000149011611938 3184294538.8370323181 34855
29 0.10000000149011611938 2508410296.7071900368 34900
30 0.10000000149011611938 2727990109.0170207024 34924
31 0.10000000149011611938 2428533151.4380488396 34960
32 0.10000000149011611938 2775570185.071680069 34878
33 0.10000000149011611938 5257208851.3859138489 34887
34 0.10000000149011611938 0 34888
35 0.10000000149011611938 0 34889
36 0.10000000149011611938 9182083422.4838695526 34933
37 0.10000000149011611938 5274672311.4339160919 34860
38 0.10000000149011611938 2415805112.8963861465 34910
39 0.10000000149011611938 3014432633.6170368195 34741
40 0.10000000149011611938 0 34925
41 0.10000000149011611938 0 34863
42 0.10000000149011611938 3115708762.3452763557 34806
43 0.10000000149011611938 5965525354.3946180344 34931
44 0.10000000149011611938 9314696521.4688549042 34896
45 0.10000000149011611938 0 34835
46 0.10000000149011611938 0 34808
47 0.10000000149011611938 0 34894
48 0.10000000149011611938 0 34906
49 0.10000000149011611938 5602439326.7672348022 34865
50 0.10000000149011611938 5801170960.8521299362 34875
51 0.10000000149011611938 2714195326.7399716377 34909
52 0.10000000149011611938 0 34952
53 0.10000000149011611938 0 34812
54 0.10000000149011611938 0 34781
55 0.10000000149011611938 2872455059.3637771606 34890
56 0.10000000149011611938 3045434673.1569395065 34821
57 0.10000000149011611938 3109736439.1544971466 33953
58 0.10000000149011611938 0 33812
59 0.10000000149011611938 2777534103.5174412727 33811
60 0.10000000149011611938 3206322891.5234150887 33814
61 0.10000000149011611938 0 33712
62 0.10000000149011611938 2862843457.4883742332 33786
63 0.10000000149011611938 0 33936
64 0.10000000149011611938 0 33717
65 0.10000000149011611938 0 33954
66 0.10000000149011611938 3152083229.4935994148 33818
67 0.10000000149011611938 5758379226.4425582886 33827
68 0.10000000149011611938 2855972320.1300153732 33838
69 0.10000000149011611938 2369179187.8120846748 33889
70 0.10000000149011611938 0 33926
71 0.10000000149011611938 0 33785
72 0.10000000149011611938 0 33866
73 0.10000000149011611938 2633340152.489967823 33801
74 0.10000000149011611938 2554909110.3437280655 33864
75 0.10000000149011611938 3034393025.9517889023 33833
76 0.10000000149011611938 2984169807.57918787 33885
77 0.10000000149011611938 2701098886.0803399086 33860
78 0.10000000149011611938 3175453878.3856229782 33732
79 0.10000000149011611938 0 33732
80 0.10000000149011611938 3054868186.2625985146 33835
81 0.10000000149011611938 0 33717
82 0.10000000149011611938 0 33774
83 0.10000000149011611938 6203619433.8805418015 33833
84 0.10000000149011611938 7874391435.5868091583 33823
85 0.10000000149011611938 7438577497.9578475952 33826
86 0.10000000149011611938 6290596858.3514041901 33802
87 0.10000000149011611938 0 33799
88 0.10000000149011611938 3159392208.3486332893 33950
89 0.10000000149011611938 2510019035.2882518768 33924
90 0.10000000149011611938 2698992152.8251209259 33898
91 0.10000000149011611938 2854354828.7695970535 33797
92 0.10000000149011611938 0 33847
93 0.10000000149011611938 0 33832
94 0.10000000149011611938 5561282524.8566360474 33849
95 0.10000000149011611938 0 33830
96 0.10000000149011611938 0 33839
97 0.10000000149011611938 5819406722.4310560226 33867
98 0.10000000149011611938 6353832575.2365264893 33903
99 0.10000000149011611938 3772927256.0021734238 33772
% Edges = 0.25
0 0.25 0 90289
1 0.25 0 87968
2 0.25 2398813312.0776085854 87625
3 0.25 1265130780.0251255035 87488
4 0.25 3824882706.0955452919 86988
5 0.25 0 87103
6 0.25 3665677823.3649687767 86967
7 0.25 4494065374.0306558609 87074
8 0.25 2385960830.6591205597 87005
9 0.25 2205743660.706715107 87126
10 0.25 2414129580.5192775726 86972
11 0.25 3893237705.6984376907 86837
12 0.25 3724930066.9811019897 86996
13 0.25 0 86836
14 0.25 2323041515.5025658607 87061
15 0.25 9339785298.1495952606 86918
16 0.25 0 86865
17 0.25 3497726669.6735415459 87091
18 0.25 0 87038
19 0.25 1277737204.3229956627 87874
20 0.25 4463465737.1078939438 87954
21 0.25 0 86991
22 0.25 0 86907
23 0.25 2397976303.4696440697 87054
24 0.25 1239196379.7207283974 87034
25 0.25 2618849693.4119281769 86914
26 0.25 2467870086.7694001198 87042
27 0.25 3779490573.915365696 87026
28 0.25 2142682361.812286377 86921
29 0.25 1109975815.7352983952 87047
30 0.25 4028995433.3783092499 86891
31 0.25 3745194430.4912528992 86916
32 0.25 2400773844.9212584496 86952
33 0.25 4849301976.6190862656 87101
34 0.25 2466938297.7082910538 86885
35 0.25 1149699055.2563822269 86945
36 0.25 1182158611.859372139 86947
37 0.25 3521736895.6585054398 86877
38 0.25 4162268284.7269744873 86901
39 0.25 1172874875.0570895672 86904
40 0.25 3797502737.5245170593 87113
41 0.25 1237050696.8096587658 87024
42 0.25 0 87091
43 0.25 3381053687.8395466805 87360
44 0.25 1253415628.7356891632 87008
45 0.25 1190329702.0685999393 86932
46 0.25 0 86937
47 0.25 1179058379.877020359 87018
48 0.25 2308845126.454656601 87000
49 0.25 1056701562.3828175068 87071
50 0.25 2676994745.9259786606 86969
51 0.25 0 86905
52 0.25 1210423632.7636015415 87036
53 0.25 1262852923.6605699062 86963
54 0.25 5672982663.9845094681 87124
55 0.25 2796232464.7214922905 86907
56 0.25 1133317326.0618493557 87005
57 0.25 3755175994.4748239517 86984
58 0.25 0 86912
59 0.25 1163544667.6660499573 87019
60 0.25 3588024104.5172338486 86955
61 0.25 0 86971
62 0.25 2529690985.9604053497 87033
63 0.25 4713001188.4132461548 87054
64 0.25 1188633012.1088519096 87020
65 0.25 1218355844.4732708931 86880
66 0.25 2302438560.9322252274 86988
67 0.25 7855080721.9641151428 86921
68 0.25 3868766279.1235151291 86870
69 0.25 2384223612.5425553322 87020
70 0.25 3547416835.9774675369 87013
71 0.25 1320749523.562810421 86809
72 0.25 2392700650.005109787 87032
73 0.25 2224098110.1083908081 86965
74 0.25 1189419862.4244010448 86929
75 0.25 0 86957
76 0.25 7738135806.6639547348 87062
77 0.25 1224662255.9328260422 87000
78 0.25 2504907120.0267920494 88163
79 0.25 0 86893
80 0.25 0 86959
81 0.25 2285620311.9122824669 86965
82 0.25 2695775982.2759137154 86902
83 0.25 4684317535.0294351578 87054
84 0.25 0 86921
85 0.25 3781243853.5191040039 87084
86 0.25 0 86988
87 0.25 1230669151.2329676151 86939
88 0.25 2259607707.6815681458 86930
89 0.25 2323629722.5083293915 87187
90 0.25 5573216107.0754146576 87077
91 0.25 2564622740.1182055473 86947
92 0.25 2175612100.8047986031 86930
93 0.25 3348591179.5563793182 87008
94 0.25 1172060489.896166563 87031
95 0.25 4725057386.6140737534 87084
96 0.25 2612435162.6051006317 86844
97 0.25 2361394943.8380498886 86992
98 0.25 2236493259.7624897957 87007
99 0.25 1236562600.6902804375 86850
% Edges = 0.5
0 0.5 626210663.78625845909 177782
1 0.5 2435964752.3652429581 177016
2 0.5 2968858554.9753088951 176527
3 0.5 4297960583.6772108078 176242
4 0.5 2221773048.1262469292 175730
5 0.5 1813323730.9160752296 175980
6 0.5 1780518318.496658802 175488
7 0.5 2475021673.4770927429 175493
8 0.5 2983756802.5586371422 175428
9 0.5 1769435958.7524971962 175607
10 0.5 552202648.6293990612 175723
11 0.5 593898457.66613268852 175779
12 0.5 4193104663.2733564377 175120
13 0.5 2519375412.1084771156 182609
14 0.5 3178476397.3931093216 184222
15 0.5 4842777019.2662782669 182193
16 0.5 1255057440.7839941978 179824
17 0.5 2993329421.0831222534 179255
18 0.5 4557958741.3970279694 178267
19 0.5 3471262435.8069829941 177714
20 0.5 1161768378.2668128014 177237
21 0.5 4514117951.4761552811 177171
22 0.5 3672760336.0687274933 176875
23 0.5 1862219864.062100172 176767
24 0.5 4770487429.9452476501 176912
25 0.5 577015772.95936846733 181276
26 0.5 5455578927.156293869 185396
27 0.5 1175671414.859446764 181667
28 0.5 2461864337.935043335 179957
29 0.5 1874700649.6905422211 178778
30 0.5 1674310678.6510448456 178123
31 0.5 4434037986.589838028 177754
32 0.5 3605960528.1133050919 176999
33 0.5 3682891710.1131620407 177129
34 0.5 3115693543.6319732666 176785
35 0.5 1192816906.3048455715 176636
36 0.5 4099393269.8195877075 176713
37 0.5 3703847687.5136508942 182417
38 0.5 1248669632.2375166416 188972
39 0.5 1231001916.4489593506 185186
40 0.5 0 182328
41 0.5 1234213457.7401208878 180639
42 0.5 4328650101.0325345993 179739
43 0.5 630296675.83712887764 178398
44 0.5 607871982.44956576824 177999
45 0.5 2383573558.5764417648 177526
46 0.5 3923061730.7767658234 177531
47 0.5 2995661038.8142256737 177162
48 0.5 1278305699.4084925652 176957
49 0.5 2525272473.6734514236 186308
50 0.5 3472178740.9173431396 190447
51 0.5 1898703379.6047420502 185722
52 0.5 2939852791.90731287 182409
53 0.5 615051966.22809755802 180841
54 0.5 3495302551.9424972534 179715
55 0.5 3447730859.4886140823 178945
56 0.5 3012217542.3563842773 178115
57 0.5 1685172064.9686431885 177673
58 0.5 3126849800.7674264908 177499
59 0.5 3230284493.9830322266 177047
60 0.5 2796198055.0409641266 176791
61 0.5 1815591054.6007170677 189544
62 0.5 2498857099.0713772774 188815
63 0.5 1161022442.0380208492 183955
64 0.5 6778128116.082449913 181981
65 0.5 1313028904.4141938686 179218
66 0.5 4283027786.8244996071 179061
67 0.5 2555118523.806060791 178121
68 0.5 4947767381.8819818497 177570
69 0.5 2872159728.3162617683 177216
70 0.5 2435918701.5434865952 176830
71 0.5 556905311.72991812229 176825
72 0.5 3100149859.9126601219 176720
73 0.5 0 190509
74 0.5 1694286402.7132005692 187572
75 0.5 1204173578.18694067 183685
76 0.5 2284605330.1185760498 181207
77 0.5 1780876489.0137171745 186669
78 0.5 1881543879.6976211071 184461
79 0.5 1875936603.8052353859 183551
80 0.5 2514719736.3163261414 182818
81 0.5 2279417815.2187552452 182757
82 0.5 1237567603.3870146275 182331
83 0.5 1141123444.9707045555 182513
84 0.5 2747667749.1562991142 185492
85 0.5 3082520519.2259254456 203038
86 0.5 1672034347.3607735634 193856
87 0.5 3657839242.4582905769 189187
88 0.5 4050000619.9070854187 182552
89 0.5 1962194127.8131577969 178933
90 0.5 1771353939.1394686699 178399
91 0.5 0 177519
92 0.5 3646617375.0689678192 176871
93 0.5 3045547624.869456768 176752
94 0.5 3303076753.5575313568 176501
95 0.5 622026433.04603946209 176540
96 0.5 1933053893.178524971 178762
97 0.5 2433495112.3545837402 197134
98 0.5 1307134214.6146068573 187864
99 0.5 1270668050.77597785 183227
% Edges = 0.75
0 0.75 3091679323.2851805687 268171
1 0.75 2012550428.7560520172 265147
2 0.75 2405614355.3863048553 263667
3 0.75 2671828627.812857151 263130
4 0.75 3205604860.2741994858 262444
5 0.75 3053328896.4380130768 266417
6 0.75 3061402562.9321622849 281949
7 0.75 2188392184.1023464203 270528
8 0.75 1198739742.233276844 266314
9 0.75 1116950672.146602869 264546
10 0.75 1210815503.9651217461 263334
11 0.75 3156058578.9368519783 262888
12 0.75 2677605992.5467715263 262669
13 0.75 3352734337.9324936867 266586
14 0.75 4123841068.7505440712 277671
15 0.75 3361518243.1707901955 268441
16 0.75 2278229866.7065515518 265571
17 0.75 1211365697.9993066788 264074
18 0.75 2792507396.5842270851 263596
19 0.75 777516546.41026055813 263107
20 0.75 1198465728.0098190308 262705
21 0.75 1555720188.5545871258 266766
22 0.75 2486502552.7072315216 299814
23 0.75 1123746084.6980359554 279762
24 0.75 2046691691.2602639198 276004
25 0.75 1636096550.0560908318 273518
26 0.75 1181044978.9982652664 272324
27 0.75 1705510669.7055249214 271737
28 0.75 1112462108.6857275963 271234
29 0.75 2147145229.8694479465 274816
30 0.75 2026172850.2233638763 281617
31 0.75 2615086370.905354023 271198
32 0.75 2454321734.1499991417 267459
33 0.75 3480540959.9408140182 265018
34 0.75 2714248543.5047769547 264144
35 0.75 2336976510.9199633598 263144
36 0.75 3238593001.384865284 262949
37 0.75 4511694735.5550174713 272938
38 0.75 2661688264.6009602547 283597
39 0.75 3261251248.5342969894 272167
40 0.75 3904836344.4457263947 267742
41 0.75 1515598327.8267140388 265305
42 0.75 1656032205.2747216225 264016
43 0.75 4412297065.6293992996 263120
44 0.75 2910219650.9431529045 262890
45 0.75 1682980310.3704767227 275016
46 0.75 2429612459.4609599113 284116
47 0.75 3207817079.162914753 272190
48 0.75 3591628041.0667829514 267190
49 0.75 2826331894.357963562 264615
50 0.75 1660540576.4472613335 263634
51 0.75 3495202276.8349781036 263110
52 0.75 1968455848.1027784348 262266
53 0.75 2740156153.1130275726 277047
54 0.75 1268644538.9803767204 286832
55 0.75 2003607310.5217580795 271464
56 0.75 2743123460.8451910019 265836
57 0.75 1541603177.1482217312 263964
58 0.75 1602985668.3277499676 263077
59 0.75 2327818813.1065301895 277701
60 0.75 3796083548.7489871979 270066
61 0.75 3759412437.3933939934 292769
62 0.75 777221019.85448098183 296031
63 0.75 2820768336.1692881584 280272
64 0.75 2387156056.4766449928 274617
65 0.75 2028278195.3605322838 271831
66 0.75 1303406287.4975662231 263944
67 0.75 2277887646.1861605644 261833
68 0.75 4884549453.7420759201 261437
69 0.75 2364920209.0119218826 290151
70 0.75 3092300367.5078516006 280229
71 0.75 3576984892.2054758072 268851
72 0.75 1227440341.149951458 264283
73 0.75 1245414627.6235692501 262819
74 0.75 2688701958.8135786057 261994
75 0.75 2338685106.1723957062 261582
76 0.75 1192338728.150069952 261152
77 0.75 1111112401.1471505165 283383
78 0.75 3916335127.523753643 273055
79 0.75 2046100130.2615942955 265750
80 0.75 2824691663.5352368355 263128
81 0.75 2071755783.7395527363 262170
82 0.75 1948264587.2490563393 261573
83 0.75 2684207575.2434072495 261196
84 0.75 2388582176.3578634262 261035
85 0.75 2756127930.7798829079 262205
86 0.75 2717861799.8286447525 260650
87 0.75 2855945356.0078291893 260930
88 0.75 4307246680.9791154861 260745
89 0.75 2674934451.7404885292 260861
90 0.75 1268166854.7745809555 260614
91 0.75 3840620607.7682542801 261008
92 0.75 6018233623.8537664413 260773
93 0.75 2819342070.740187645 268008
94 0.75 2014018792.5908789635 271187
95 0.75 3355461894.0452647209 266803
96 0.75 3495284454.4270896912 279217
97 0.75 3327123640.000649929 271608
98 0.75 1137996514.0595393181 270905
99 0.75 1958357921.7180240154 270101
% Edges = 1
0 1 3904431945.5815172195 369999
1 1 1745802036.2265651226 385802
2 1 2444932334.4092569351 370971
3 1 1803180668.1001195908 360152
4 1 2329678246.3287725449 357054
5 1 4207802139.5569324493 356776
6 1 4972355413.4758462906 355481
7 1 2228454502.4372777939 376403
8 1 2420647424.0738177299 367467
9 1 2088202016.1996233463 361753
10 1 2497232009.7450628281 358375
11 1 1800956918.522500515 356989
12 1 2431099197.4757585526 355879
13 1 1750596888.9118933678 382644
14 1 2666911204.2030172348 368716
15 1 3160948977.2923064232 361454
16 1 2014188755.2418012619 358397
17 1 2058057212.7105698586 357525
18 1 3015260607.8901205063 358261
19 1 3195608525.3702335358 380954
20 1 2029073171.8509550095 366076
21 1 3893741685.9684605598 359889
22 1 1458667058.4952638149 357605
23 1 287595276.51642119884 356208
24 1 2650156650.6927080154 371547
25 1 3199861315.8030152321 394089
26 1 1998984134.3874576092 377561
27 1 3144966257.6402950287 370713
28 1 2420633798.6291184425 368787
29 1 2453380424.9773192406 367096
30 1 2911485360.8242921829 367460
31 1 1905678831.8188066483 378581
32 1 3307169799.5430393219 364003
33 1 2765373400.2216706276 359521
34 1 2999235530.2731666565 356950
35 1 3595181378.0555033684 355693
36 1 3286450264.8305296898 372175
37 1 3299157042.841917038 377519
38 1 2120062626.7342886925 364074
39 1 2007817459.5093779564 358610
40 1 2857683143.3730306625 356159
41 1 1469219461.6337385178 355897
42 1 4055560843.8507642746 373331
43 1 3668726530.3717360497 368867
44 1 2759812330.1106972694 360249
45 1 1411088603.3469419479 357349
46 1 898614901.24564683437 356057
47 1 2053617666.3414871693 355144
48 1 1172331445.5223128796 371517
49 1 4439084372.5928516388 364805
50 1 2279768043.998550415 359599
51 1 3038332233.6231594086 357211
52 1 1277525681.6057052612 374102
53 1 2297871534.2361721992 366090
54 1 2982741339.5403938293 391373
55 1 2641513026.9368333817 378341
56 1 1526090514.5735075474 371023
57 1 2064418291.3741650581 361062
58 1 3202075783.7299633026 355891
59 1 3294219879.4218115807 355201
60 1 2197629168.0384502411 382422
61 1 1808994795.631922245 366602
62 1 3979012003.0863842964 360185
63 1 845289822.43034100533 357431
64 1 1237269894.3997876644 356097
65 1 911132279.77883577347 355790
66 1 2408535435.4390053749 386378
67 1 2300344012.2732219696 366899
68 1 2006736137.9020316601 360652
69 1 1516983920.1744747162 357697
70 1 2166541957.3923940659 355924
71 1 609027103.03671717644 357763
72 1 2014542718.5549943447 387570
73 1 2528837493.8186588287 366396
74 1 2072844420.1388823986 359448
75 1 2378489603.6646356583 356691
76 1 2109160633.9803876877 355515
77 1 2982402421.383910656 360670
78 1 3881566238.17715168 389948
79 1 2080165009.1937007904 381577
80 1 2632397548.7532315254 369831
81 1 1514897751.4822454453 367007
82 1 1817195453.9667155743 365756
83 1 1977995248.0486040115 387434
84 1 902416100.17396497726 390466
85 1 2370317221.6081376076 361905
86 1 2353375352.0966534615 356721
87 1 2935448665.5732879639 354822
88 1 2851612946.7700982094 354081
89 1 4154748115.9532175064 381821
90 1 2820558558.8542604446 376014
91 1 2463266900.8490176201 360119
92 1 2487679233.9484534264 355942
93 1 2334827341.818300724 354334
94 1 1777325294.8988776207 353645
95 1 3984892376.146905899 378798
96 1 3294284743.6352405548 366378
97 1 3648265248.4983758926 357144
98 1 2067810008.4645931721 354914
99 1 3579176132.5391960144 353936
% Edges = 1.25
0 1.25 1710813101.6344685555 439977
1 1.25 1192611239.093675375 439706
2 1.25 2350498765.9937124252 439104
3 1.25 498803206.12140035629 438766
4 1.25 1671905363.2724044323 438926
5 1.25 1846789832.3115735054 452643
6 1.25 1416343139.1571729183 452514
7 1.25 2250461732.2071490288 452053
8 1.25 2341180586.5721492767 453006
9 1.25 3335473205.4931592941 452791
10 1.25 4221776936.5807137489 444673
11 1.25 3330497729.376906395 448055
12 1.25 3361043086.5060167313 443047
13 1.25 2610504492.7772188187 441101
14 1.25 1515670144.9876263142 440147
15 1.25 3232495483.9994754791 451950
16 1.25 2620755585.2291402817 450281
17 1.25 2335443329.5487041473 445380
18 1.25 2829169992.2034158707 442396
19 1.25 2428575457.7255735397 441089
20 1.25 3577727255.7262744904 462784
21 1.25 3356996096.587597847 454983
22 1.25 736977278.3117030859 446195
23 1.25 1484684749.6494264603 443586
24 1.25 2107684052.0943465233 441705
25 1.25 1895522868.3733558655 473021
26 1.25 2691530036.0992517471 453129
27 1.25 2385356682.4691853523 450104
28 1.25 1170214219.8063640594 456607
29 1.25 2944636089.1149535179 465876
30 1.25 3271386386.6547632217 482794
31 1.25 3160780660.942407608 464909
32 1.25 3287808146.6020383835 446377
33 1.25 2642633925.2037701607 442226
34 1.25 2493112592.7326660156 461096
35 1.25 2083410328.5514149666 457689
36 1.25 1737978732.7714037895 446731
37 1.25 3309831192.708966732 442308
38 1.25 1171060788.8223371506 441916
39 1.25 3622239870.5497999191 469677
40 1.25 3795181886.0945634842 454241
41 1.25 1631977188.2084069252 445371
42 1.25 2577252767.1349086761 442195
43 1.25 2969114589.1041765213 440664
44 1.25 1980428572.2041685581 478739
45 1.25 2848577267.8928070068 451177
46 1.25 3344931975.2695350647 444502
47 1.25 481718864.47125685215 441497
48 1.25 2579015262.3128957748 449714
49 1.25 2127261672.9198932648 468257
50 1.25 1711638450.1400949955 460884
51 1.25 1400388468.6363668442 456183
52 1.25 2675240992.1028475761 454867
53 1.25 1363175142.0468168259 473767
54 1.25 2598289112.5883665085 455243
55 1.25 2401432700.045545578 444089
56 1.25 2359799357.1136798859 441960
57 1.25 2028926349.4383895397 441233
58 1.25 4342841800.4479818344 465671
59 1.25 3089671192.4863333702 450822
60 1.25 1937437629.3383405209 444464
61 1.25 4954283994.0821971893 442401
62 1.25 2297905129.1699261665 440891
63 1.25 2363596081.6603865623 473547
64 1.25 2796131527.7068953514 450681
65 1.25 2093572781.5091972351 444681
66 1.25 1635909131.387914896 441887
67 1.25 4111637750.3095560074 449541
68 1.25 1394968750.4024558067 470295
69 1.25 2073448514.5127232075 449756
70 1.25 2107672980.6911113262 444195
71 1.25 2351553416.6850609779 441811
72 1.25 2742810715.7972683907 485294
73 1.25 1704021399.135518074 478767
74 1.25 4009518742.7028021812 462178
75 1.25 2320828023.4322986603 456750
76 1.25 2519339347.8959064484 444250
77 1.25 2635610417.4620962143 480632
78 1.25 2927569719.4159650803 451433
79 1.25 3757438137.8439254761 443500
80 1.25 1727276286.6466758251 441033
81 1.25 3155391056.3921127319 445513
82 1.25 1689558668.031121254 480630
83 1.25 2337843915.3553228378 448517
84 1.25 3392229602.7178678513 442063
85 1.25 1635097308.5915544033 440159
86 1.25 2312619467.6400842667 460776
87 1.25 3985406865.5150351524 469429
88 1.25 2163055878.5915517807 445459
89 1.25 2062109186.394288063 440748
90 1.25 2290124991.3244681358 438842
91 1.25 1632883828.5092675686 466377
92 1.25 2774823968.4820680618 451220
93 1.25 2635871271.8241825104 441447
94 1.25 2569757712.4007663727 459012
95 1.25 2340227564.6684141159 451974
96 1.25 4774734052.8682317734 451986
97 1.25 2129343626.6986005306 451502
98 1.25 1498316853.5545990467 442921
99 1.25 2865519404.071803093 437921
% Edges = 1.5
0 1.5 2187442605.9289999008 525331
1 1.5 2937805865.629401207 524118
2 1.5 1246523851.7409555912 523809
3 1.5 3693185384.9261293411 523867
4 1.5 3142801666.16710186 525228
5 1.5 3242571120.6157102585 530694
6 1.5 2866710417.3159446716 526254
7 1.5 2398161651.3078713417 524703
8 1.5 2751694954.3615355492 527275
9 1.5 1411920810.2032094002 544175
10 1.5 2789748055.6729922295 530823
11 1.5 2734722455.9516239166 527575
12 1.5 3248777380.8167643547 528033
13 1.5 1969419250.467438221 569875
14 1.5 2169891089.8232059479 552640
15 1.5 1848915407.5915782452 545987
16 1.5 2821024616.7280855179 548326
17 1.5 2153114379.645980835 567180
18 1.5 1373707151.37078619 536359
19 1.5 3288970160.7263083458 529553
20 1.5 1615290754.4522621632 531770
21 1.5 2830781178.3602528572 557115
22 1.5 2396766725.2610602379 534401
23 1.5 1622689965.7136650085 528634
24 1.5 3607141719.1711645126 531501
25 1.5 1620806687.9725482464 555597
26 1.5 2718497899.3287491798 534282
27 1.5 2837640370.7646961212 528801
28 1.5 2688786142.2803449631 530297
29 1.5 2484513723.5923271179 561350
30 1.5 2657484215.8869137764 534534
31 1.5 2228731629.3434410095 528840
32 1.5 2260499018.4735364914 551220
33 1.5 2862667743.3371887207 586164
34 1.5 3436835169.1241340637 552021
35 1.5 2775320155.3092885017 541681
36 1.5 3281921994.4654889107 536418
37 1.5 2330810680.0088686943 548643
38 1.5 2543718153.8165330887 530889
39 1.5 1982426748.1595051289 526803
40 1.5 807440628.46538770199 536066
41 1.5 1857295547.0620675087 543294
42 1.5 1176792003.0309309959 530574
43 1.5 2920180340.9210205078 527480
44 1.5 1010519957.6529974937 537336
45 1.5 1176473772.7435340881 548210
46 1.5 1625900243.1662359238 532260
47 1.5 2703808198.5018901825 527930
48 1.5 3174618638.9039335251 537850
49 1.5 1598703949.7778744698 553315
50 1.5 1203563324.3042860031 546752
51 1.5 2770758898.5051145554 545624
52 1.5 1431800923.5716707706 561669
53 1.5 1184563789.4179663658 572296
54 1.5 2005574795.8212242126 539010
55 1.5 1234747060.4742803574 528159
56 1.5 1929186207.2830870152 548683
57 1.5 3119879413.5106835365 550221
58 1.5 2225963431.735265255 532135
59 1.5 3418708399.4864530563 527296
60 1.5 3277284135.9874124527 553829
61 1.5 2730441222.2305259705 549122
62 1.5 2465197526.8626208305 529877
63 1.5 2940742144.7335705757 525961
64 1.5 2316470891.3547663689 554186
65 1.5 3253926448.5607485771 548889
66 1.5 2488236959.4909877777 529091
67 1.5 2890018169.7870521545 525465
68 1.5 2256740730.2873101234 556108
69 1.5 2162398155.9140028954 571276
70 1.5 3422296958.857861042 545118
71 1.5 3117832665.8249549866 541603
72 1.5 2024516743.2448456287 567081
73 1.5 2049132856.9997045994 535197
74 1.5 1741571604.4054164886 525651
75 1.5 2669653512.4468865395 524241
76 1.5 3258962865.4363017082 523716
77 1.5 2193923822.3511805534 523504
78 1.5 2556316890.8779540062 522900
79 1.5 3122401231.7762851715 523046
80 1.5 1995487308.5471704006 525777
81 1.5 2395541881.3556652069 523361
82 1.5 1614417720.7768902779 523093
83 1.5 3252914227.5695209503 524202
84 1.5 1553550390.4111876488 522908
85 1.5 2732719231.6068220139 523315
86 1.5 2201055041.2683191299 523109
87 1.5 1954337476.3525393009 523557
88 1.5 2578888397.137169838 550668
89 1.5 3384032140.4486832619 555267
90 1.5 1203990513.1557047367 545511
91 1.5 1614298765.5222873688 535394
92 1.5 2003445917.2081394196 542019
93 1.5 2384583096.6920285225 545018
94 1.5 1738815300.9396960735 531920
95 1.5 2051400372.8438792229 527956
96 1.5 1992221804.5412871838 543167
97 1.5 3560453686.6233625412 548643
98 1.5 3269779247.9716153145 532483
99 1.5 2236632137.8379821777 527748
% Edges = 1.75
0 1.75 3502892659.0896601677 636840
1 1.75 3265833883.3686170578 630086
2 1.75 2892640261.0180063248 616595
3 1.75 1878388991.1477894783 616761
4 1.75 2729355387.5508594513 644836
5 1.75 2557211985.6910886765 637173
6 1.75 2952794458.7145409584 633284
7 1.75 2234900111.8770685196 668956
8 1.75 2490934329.0444459915 637781
9 1.75 1567193961.8011555672 614888
10 1.75 2152068132.7158503532 626887
11 1.75 2915061413.451341629 643785
12 1.75 1354159580.9414620399 617959
13 1.75 2445732411.2869334221 613045
14 1.75 2284878338.1653704643 643621
15 1.75 1985392197.4066705704 618670
16 1.75 3179589632.7479114532 613679
17 1.75 2643306848.2339363098 629493
18 1.75 2396013958.9756779671 625407
19 1.75 2497187502.3143234253 615387
20 1.75 2091024112.4247250557 613086
21 1.75 3438476673.5134038925 664299
22 1.75 2769284297.5009961128 638721
23 1.75 1830734447.2063314915 633237
24 1.75 2457333654.0139136314 654389
25 1.75 1846412638.2763402462 626016
26 1.75 2755401459.3301725388 616204
27 1.75 2353216815.4129524231 623142
28 1.75 2587246742.4877867699 645822
29 1.75 1742726709.4965851307 619082
30 1.75 2260826276.1346435547 613987
31 1.75 3078858140.3521995544 652323
32 1.75 2483689776.1633892059 623825
33 1.75 2563781830.1146349907 615120
34 1.75 1698568123.2920238972 637438
35 1.75 3375861123.024315834 637491
36 1.75 2211493569.3600201607 615590
37 1.75 2072631320.6680278778 630665
38 1.75 3365069084.2978067398 686687
39 1.75 1288717130.0173122883 637425
40 1.75 2608560237.0188779831 619171
41 1.75 2024977627.8463699818 653584
42 1.75 2792202601.0375552177 624334
43 1.75 1950105302.3902382851 611717
44 1.75 2444004010.0442194939 624042
45 1.75 2205772916.5447621346 635998
46 1.75 2682876679.5047793388 613673
47 1.75 2036991732.8518080711 609746
48 1.75 3529915344.864115715 609716
49 1.75 1372925801.1440944672 608447
50 1.75 1689972897.0306119919 608835
51 1.75 2348032827.4423818588 609844
52 1.75 2834333074.12241745 609553
53 1.75 2413094457.6013994217 623417
54 1.75 1799984288.1978020668 628708
55 1.75 2929044266.9921140671 627572
56 1.75 3002435329.4270429611 617504
57 1.75 2659899077.689684391 608520
58 1.75 2880804731.2870635986 616838
59 1.75 2740152661.3347034454 622970
60 1.75 3717389188.4350605011 614150
61 1.75 1676865141.897274971 610790
62 1.75 2815363052.5625162125 641544
63 1.75 2138398146.5959947109 622070
64 1.75 1376337749.9442799091 614683
65 1.75 3078539773.9702153206 631857
66 1.75 2473616763.2771115303 636125
67 1.75 2557421171.6024570465 616831
68 1.75 1525016110.0968647003 612890
69 1.75 1538054951.6115899086 667080
70 1.75 2394228557.0749835968 639629
71 1.75 2180759533.1968107224 632217
72 1.75 3768230979.4045419693 650113
73 1.75 2940404547.8601260185 623791
74 1.75 1333987247.8285095692 614779
75 1.75 2690912572.9057393074 616337
76 1.75 3000193423.4714856148 646452
77 1.75 1572827302.2888631821 617211
78 1.75 1671424880.4061985016 612839
79 1.75 2015859954.908572197 648530
80 1.75 1839405360.1023840904 624237
81 1.75 2010863888.7517597675 613206
82 1.75 2779392347.8420701027 625542
83 1.75 2569490806.4923820496 631429
84 1.75 2542852549.3037447929 614899
85 1.75 2478514787.9881649017 630105
86 1.75 3667858928.3534493446 658640
87 1.75 1840785027.8728551865 636695
88 1.75 2246222562.8353471756 620439
89 1.75 3131566619.1642713547 634298
90 1.75 3238451943.1635165215 626233
91 1.75 1953066675.2503144741 614566
92 1.75 2141855359.9712145329 613376
93 1.75 1868588263.4917058945 647829
94 1.75 3029348943.9901971817 618897
95 1.75 2062502564.5162467957 613171
96 1.75 2404795551.4887075424 641972
97 1.75 1962228487.726723671 627693
98 1.75 2755438039.8902420998 615248
99 1.75 1969072183.5788435936 618937
% Edges = 2
0 2 2806082996.5118851662 767818
1 2 1927017780.5521197319 772232
2 2 2558894793.5325026512 799329
3 2 2426306478.0873584747 791294
4 2 2255693189.9169383049 749461
5 2 1807351049.9028117657 785095
6 2 1755694345.7763137817 762450
7 2 1886758016.241663456 747519
8 2 3203438790.9584321976 794118
9 2 2030750639.3462073803 755161
10 2 2933677772.5561714172 746065
11 2 3318044687.0837635994 778580
12 2 2841339637.7345166206 748744
13 2 2804518435.7897295952 745570
14 2 1068763112.2681025267 767694
15 2 3441900764.4149875641 767807
16 2 2687910618.5736718178 758322
17 2 1869260421.1381292343 743322
18 2 1825630609.9133763313 742972
19 2 3055630380.8184719086 750282
20 2 2987488890.5572123528 753257
21 2 3443357093.7687144279 746920
22 2 2502757710.8724851608 769496
23 2 1400845210.1477427483 761839
24 2 2728822855.0702166557 749229
25 2 3646562067.2829442024 780197
26 2 2564572300.7124638557 758396
27 2 2508208022.1560211182 773552
28 2 1350984876.0149898529 812705
29 2 2669615761.7461915016 773325
30 2 2803104906.9575529099 753155
31 2 3275317853.6796503067 777390
32 2 2280306026.7648921013 751400
33 2 2694214664.1823239326 765465
34 2 2257487680.2953743935 771425
35 2 2076885466.2048225403 750036
36 2 3323126533.1838765144 779720
37 2 2555784547.29155159 762994
38 2 2625241689.7851271629 748268
39 2 2203807689.4940137863 776548
40 2 2566607254.8116059303 779225
41 2 1628700499.679100275 771686
42 2 1985854365.8453021049 797471
43 2 3051233201.4100527763 750205
44 2 2594008142.7217130661 756005
45 2 2799904685.6711015701 771619
46 2 3922052472.3744726181 750551
47 2 2091370959.8625059128 762439
48 2 2079000140.6398227215 771980
49 2 2095530576.3645243645 750913
50 2 2091510435.6197714806 775634
51 2 2736657936.2507104874 764919
52 2 2053393642.2352757454 749773
53 2 2958891315.7353930473 811261
54 2 2075960168.0084214211 785027
55 2 2451209794.9674692154 770660
56 2 2099227620.8445203304 794632
57 2 2790276399.3902196884 749758
58 2 1890388072.1600930691 753791
59 2 1755593695.4386610985 789397
60 2 2131750534.3715364933 749067
61 2 2550080931.1007599831 772193
62 2 2454451962.136118412 773252
63 2 2932150092.65148592 746593
64 2 2768417726.5141243935 771595
65 2 2403396814.4701352119 752814
66 2 1770586244.2703309059 766541
67 2 1509523647.2417786121 767629
68 2 2944098861.7274675369 765853
69 2 1651620300.1745538712 741926
70 2 2113466189.7937066555 742341
71 2 1656227550.7402153015 742047
72 2 1810457521.2261004448 743148
73 2 2173035145.5765900612 748833
74 2 2604002166.4662637711 744364
75 2 2570236720.7085914612 747073
76 2 2485282429.4627904892 775183
77 2 2697362960.930811882 750735
78 2 2869980480.7332129478 761275
79 2 2569815805.0641593933 790492
80 2 2636525528.8031282425 775309
81 2 1972517490.7061824799 801528
82 2 2184573301.0829658508 764370
83 2 2029039516.153678894 746820
84 2 2508022659.2854290009 776336
85 2 3180346837.7143955231 754815
86 2 2460736371.5999398232 746601
87 2 2858932641.2364354134 784136
88 2 1751394805.9433190823 752057
89 2 1605177836.659737587 750809
90 2 1914678223.9862129688 786195
91 2 1486870229.8158454895 750025
92 2 2485038032.9907207489 778405
93 2 3656305020.3370676041 793668
94 2 2232701158.8028182983 772557
95 2 1962527145.6306810379 771645
96 2 3327723830.2518901825 753841
97 2 1816124762.7959442139 746004
98 2 2456541395.5102448463 774477
99 2 2035287552.8009300232 752655
% Edges = 2.25
0 2.25 2224734932.1103668213 835889
1 2.25 3710023131.3013586998 860991
2 2.25 2673062554.234316349 838043
3 2.25 2183290329.9774856567 863643
4 2.25 3179327987.7626256943 851486
5 2.25 1497814700.6350512505 865632
6 2.25 1648485271.971783638 913467
7 2.25 2298308690.5529341698 848055
8 2.25 3692026191.604218483 871677
9 2.25 2239610365.704808712 846281
10 2.25 1936254801.2625370026 834217
11 2.25 2537654007.212849617 882381
12 2.25 3078307572.5897140503 834588
13 2.25 2474017328.7496204376 871304
14 2.25 1747187227.5147588253 846609
15 2.25 3014783299.8770256042 830951
16 2.25 2395458232.8994402885 879571
17 2.25 2411643051.372256279 858317
18 2.25 2138851848.8763954639 856589
19 2.25 1809305298.3726210594 831142
20 2.25 2524891042.7641425133 827803
21 2.25 2335174447.8534502983 828124
22 2.25 2113367344.4309411049 828057
23 2.25 2440498991.0734276772 827850
24 2.25 3275566381.0394496918 828021
25 2.25 1683427497.1212105751 827598
26 2.25 1777364257.5113048553 858309
27 2.25 2975275727.7734313011 839796
28 2.25 2725396260.4358282089 858195
29 2.25 2010144078.5703756809 896762
30 2.25 2321832578.1891980171 864543
31 2.25 1880802474.350707531 866837
32 2.25 2265772102.6472959518 839891
33 2.25 2564449621.5884013176 843725
34 2.25 3340512174.6624751091 857794
35 2.25 2169653643.3344593048 834615
36 2.25 2746402977.4130105972 867275
37 2.25 2920551257.5067801476 840772
38 2.25 1947943002.9055762291 839340
39 2.25 2254473838.1098108292 872464
40 2.25 2938849629.8943538666 859167
41 2.25 2985588184.919711113 892572
42 2.25 2809756696.9229431152 853811
43 2.25 2370483983.1775774956 840274
44 2.25 3153285082.5726933479 850662
45 2.25 1956949573.5004153252 833379
46 2.25 2409116526.5590305328 859981
47 2.25 2334373883.5508675575 840277
48 2.25 1851904678.178375721 840903
49 2.25 2357816112.1681714058 864269
50 2.25 3101195983.9636497498 835236
51 2.25 2684477445.0477366447 866132
52 2.25 4015538973.2189917564 878034
53 2.25 1455388154.2941453457 869581
54 2.25 2975638264.2162604332 884250
55 2.25 2676491783.9108686447 835001
56 2.25 1587144845.1664252281 873661
57 2.25 2285275983.9551830292 840893
58 2.25 2378005079.3631696701 837681
59 2.25 2710866485.6140799522 875639
60 2.25 3633022371.4596390724 832595
61 2.25 1616939618.2282180786 873852
62 2.25 2990587600.382543087 841403
63 2.25 1922733964.6407887936 833982
64 2.25 2640411271.9002466202 858737
65 2.25 3097818904.9831309319 829282
66 2.25 3440605648.0599308014 827931
67 2.25 2524455893.8608374596 826211
68 2.25 2358532140.1087193489 827054
69 2.25 3049498784.563952446 826128
70 2.25 3072368534.6720042229 825921
71 2.25 3009495136.69429636 825956
72 2.25 2050016953.1068167686 825956
73 2.25 2965451053.6704864502 826052
74 2.25 2254379795.7555484772 849509
75 2.25 2958525465.9137363434 842361
76 2.25 2118742377.7568199635 861540
77 2.25 2152051974.6698794365 896029
78 2.25 2018301384.2270002365 837309
79 2.25 2726759697.8111548424 862470
80 2.25 3331501535.9658517838 838569
81 2.25 1987604467.3774311543 835486
82 2.25 2604689441.6115632057 861645
83 2.25 2764843626.7223682404 833371
84 2.25 2555187271.2210402489 864025
85 2.25 2151940257.7802219391 838808
86 2.25 3045889643.9274344444 835727
87 2.25 2285920389.539106369 892224
88 2.25 2070266349.3013904095 860740
89 2.25 2860029300.3112559319 883607
90 2.25 3421921822.6367220879 835942
91 2.25 1308567271.218832016 836058
92 2.25 2648283014.7417373657 850575
93 2.25 3520710507.2659568787 831525
94 2.25 1869001140.3493499756 855768
95 2.25 2359199273.0267877579 839659
96 2.25 2833135183.9279370308 830653
97 2.25 2439422136.7778940201 869491
98 2.25 1725361668.387768507 835120
99 2.25 3343012191.0948266983 888203
% Edges = 2.5
0 2.5 2018002000.5807242393 968721
1 2.5 2063841172.85806036 929043
2 2.5 1758959884.8850836754 955399
3 2.5 2747231034.8322319984 919928
4 2.5 1504479121.1062893867 967122
5 2.5 2541793748.6140656471 919820
6 2.5 2886278353.8036756516 961782
7 2.5 2243344742.1954278946 924802
8 2.5 3256771568.3163399696 945926
9 2.5 3438877584.0471615791 942907
10 2.5 2491019475.1602854729 949858
11 2.5 2517861469.9560780525 977796
12 2.5 3276207488.8096046448 915699
13 2.5 1558569375.0356793404 912998
14 2.5 2065419740.4452879429 911721
15 2.5 2669325574.8275942802 911410
16 2.5 3087645583.3911886215 912743
17 2.5 2190481514.7829155922 911617
18 2.5 2017663738.4200701714 910799
19 2.5 1828239609.0024385452 911381
20 2.5 2552113137.753159523 942537
21 2.5 2674821764.6110086441 946034
22 2.5 3096369899.3330364227 971193
23 2.5 2137963922.9472806454 931733
24 2.5 1618593248.7782516479 926518
25 2.5 2352958715.4845910072 945900
26 2.5 2467121551.8401374817 918247
27 2.5 2193105292.406897068 952291
28 2.5 2522458283.9277482033 919538
29 2.5 2512759612.6520452499 950135
30 2.5 2210912904.1259026527 924714
31 2.5 2031887245.156594038 965080
32 2.5 1945248906.0698018074 973762
33 2.5 2400571196.5820975304 937005
34 2.5 2798532571.5906424522 942513
35 2.5 3126134772.7349476814 915742
36 2.5 2486607686.4121317863 940921
37 2.5 1782478057.4361729622 919192
38 2.5 1655807714.9036929607 941547
39 2.5 2414260847.3439397812 925826
40 2.5 2200736344.068374157 925869
41 2.5 2397673037.7940034866 946323
42 2.5 2297143169.5893588066 952074
43 2.5 2153803285.2798933983 996060
44 2.5 2488617303.6790118217 925373
45 2.5 2413429233.0982704163 956889
46 2.5 2329009680.2548027039 923951
47 2.5 1907129095.8482577801 946914
48 2.5 2982036849.3373317719 934851
49 2.5 2171834631.5624070168 922096
50 2.5 2082765985.4669342041 958833
51 2.5 2024558739.4133467674 914648
52 2.5 1961112165.9386043549 985074
53 2.5 1808359568.8485763073 946588
54 2.5 1909906863.6152439117 964685
55 2.5 3202519587.4878616333 917349
56 2.5 1794896102.8917000294 911823
57 2.5 1952765203.2359735966 909693
58 2.5 1356048749.0614745617 908976
59 2.5 2236574290.6646203995 909239
60 2.5 2198472328.4692363739 909803
61 2.5 3489277554.1721248627 909068
62 2.5 3024368044.0327692032 909334
63 2.5 2945302673.4510412216 928265
64 2.5 3121940488.0984377861 937319
65 2.5 3255884439.4570631981 926849
66 2.5 2693499861.4966068268 913421
67 2.5 2933329360.2543067932 909101
68 2.5 2512621635.5837373734 953325
69 2.5 2203788113.9126338959 917630
70 2.5 2864673467.0216026306 948843
71 2.5 2785743488.8057565689 919835
72 2.5 2341054689.215239048 942021
73 2.5 1941173207.7850637436 925841
74 2.5 1571522100.8634901047 963100
75 2.5 2575192820.0540504456 969980
76 2.5 3094470192.4946208 931982
77 2.5 2667631062.4074687958 955153
78 2.5 2688571032.9309272766 915396
79 2.5 1774308561.2611486912 947155
80 2.5 2207830717.5627017021 914887
81 2.5 2973318402.4597549438 938425
82 2.5 2841246538.7222700119 918464
83 2.5 2709561855.2641582489 936108
84 2.5 2283124003.3194355965 929960
85 2.5 2216544020.2881674767 958188
86 2.5 2253278548.7724900246 976441
87 2.5 2644081617.8829302788 922001
88 2.5 1828247891.7469284534 954971
89 2.5 3052494288.6863894463 916664
90 2.5 2373603497.6464357376 958136
91 2.5 2301172707.7074460983 919556
92 2.5 1945883534.0329675674 956701
93 2.5 2744542551.9644384384 921098
94 2.5 2453024855.288192749 945724
95 2.5 1658941658.8982579708 954020
96 2.5 1889158789.4465088844 958956
97 2.5 3881207996.6120691299 970803
98 2.5 2511758643.7236919403 914376
99 2.5 2726802593.7803301811 939777
% Edges = 2.75
0 2.75 2648057334.5959954262 997031
1 2.75 2405925574.9012985229 982890
2 2.75 2191538520.5118470192 980170
3 2.75 2477759010.6629047394 980746
4 2.75 2184678722.9838347435 979991
5 2.75 2371382212.6294937134 985739
6 2.75 1981596971.0554389954 1009805
7 2.75 2285742184.8737201691 1006496
8 2.75 1393076169.8372693062 979480
9 2.75 2877208364.8686747551 988475
10 2.75 2114239455.5257833004 1012397
11 2.75 2184607807.0880436897 991576
12 2.75 2406798509.8931422234 1019420
13 2.75 2278821196.8899054527 986035
14 2.75 2817976441.2178425789 1022054
15 2.75 3207748006.5974011421 992943
16 2.75 2220864096.3229956627 1062318
17 2.75 2182925285.6457467079 1013997
18 2.75 2485140467.1671762466 1028436
19 2.75 2011168467.2398738861 991206
20 2.75 2088243877.931674242 1013689
21 2.75 2471399343.1352772713 991316
22 2.75 3444739998.8396878242 1005404
23 2.75 2180893394.7348017693 994576
24 2.75 2592824927.2594652176 1003238
25 2.75 2313569737.1420197487 1019260
26 2.75 2418123514.6309175491 1029492
27 2.75 2088381210.9002225399 1040069
28 2.75 1868946742.9487476349 992120
29 2.75 2001450519.8520565033 1025124
30 2.75 2807127950.7092132568 986974
31 2.75 2876502043.3993120193 1031506
32 2.75 2078255097.6976931095 987209
33 2.75 3005040166.5085477829 1032488
34 2.75 2748308513.2267227173 987387
35 2.75 2866670434.9775781631 1053258
36 2.75 2804662309.0951123238 1020663
37 2.75 2324175693.4334425926 1048599
38 2.75 2115673852.3791587353 989024
39 2.75 2986620568.0777983665 1006974
40 2.75 2367558589.9616670609 988668
41 2.75 2529078133.5896291733 980549
42 2.75 2002993150.0892727375 977674
43 2.75 2033405584.1818699837 977131
44 2.75 2665170154.5539331436 977881
45 2.75 1961924537.6535007954 994839
46 2.75 2243314884.2029643059 1008560
47 2.75 1636509951.4449996948 993877
48 2.75 2363970307.8014950752 977021
49 2.75 2194972601.666267395 977424
50 2.75 2870046367.3200817108 977316
51 2.75 2119798227.9312040806 976918
52 2.75 2643107187.2054142952 1004051
53 2.75 2939596237.9629387856 984548
54 2.75 1832311119.0293064117 1016108
55 2.75 1709265299.742711544 1005681
56 2.75 1817240861.1360411644 1050614
57 2.75 2320610166.8334298134 1008085
58 2.75 1964481258.2658891678 1017340
59 2.75 1821773758.8958318233 991047
60 2.75 2550799510.7945771217 1018603
61 2.75 2520743056.1860675812 994495
62 2.75 2915780969.393799305 1008440
63 2.75 3747546458.2908906937 990301
64 2.75 2130378638.9075725079 1001637
65 2.75 2308596858.1942405701 1011388
66 2.75 3086523711.0503463745 1039697
67 2.75 2411078344.0059523582 1012698
68 2.75 2332730991.9830617905 1002260
69 2.75 2175460030.6044278145 1005410
70 2.75 1838048540.0345790386 997603
71 2.75 2585689503.9750256538 1014299
72 2.75 2246755312.3972139359 994492
73 2.75 2652666718.1255025864 1020510
74 2.75 2694264703.750105381 991375
75 2.75 2047625646.1059339046 1049041
76 2.75 1974418732.2061243057 1020685
77 2.75 2431247362.511118412 1045049
78 2.75 2469012810.8955421448 982823
79 2.75 2298440506.6319646835 1029925
80 2.75 2524055829.4428520203 978747
81 2.75 2128157431.2608311176 1013028
82 2.75 2273060541.8334746361 978755
83 2.75 2699096027.9785618782 975514
84 2.75 2924370664.9608511925 974827
85 2.75 1873720221.1181874275 995552
86 2.75 2581693567.5273499489 1005291
87 2.75 2013954106.5562577248 988947
88 2.75 1992008134.3556747437 974224
89 2.75 1963720532.6509990692 974324
90 2.75 2457355723.0040841103 974162
91 2.75 3004433824.347890377 977247
92 2.75 2626961449.6099390984 989642
93 2.75 3132819240.3911962509 984126
94 2.75 1874840249.6090409756 1022165
95 2.75 2352513015.5369415283 1001265
96 2.75 1898174742.6118438244 1050917
97 2.75 2380404829.7160410881 999332
98 2.75 3026972807.371172905 1016460
99 2.75 2977642294.9529309273 985263
% Edges = 3
0 3 2316517753.5343289375 1107773
1 3 2311212562.8273453712 1091866
2 3 2400300295.4890451431 1117042
3 3 2647290485.6037254333 1086366
4 3 2487559672.5578179359 1107484
5 3 1943147448.4364466667 1124901
6 3 1813421587.7078559399 1149287
7 3 2327103915.4117689133 1084931
8 3 2222147762.4341688156 1123117
9 3 2388713686.354531765 1085063
10 3 2557618895.3003253937 1126876
11 3 1949634505.6786065102 1085155
12 3 1988344064.4307837486 1128951
13 3 2051707515.9379849434 1088197
14 3 2162776352.964299202 1171780
15 3 990110149.09496045113 1122276
16 3 1899797819.5042698383 1122934
17 3 2190573950.507724762 1089695
18 3 1703173145.1618568897 1124564
19 3 2236682785.5995225906 1093267
20 3 3135767120.6947865486 1098732
21 3 2519325918.8884925842 1078114
22 3 1871447085.8122265339 1074155
23 3 2021950123.109234333 1108466
24 3 1612621799.6183626652 1106516
25 3 2766929578.8886299133 1078295
26 3 2402145737.00370121 1073479
27 3 3717494038.1936001778 1074239
28 3 1846671390.7780156136 1073399
29 3 2362412067.8527913094 1075091
30 3 2518561534.8180661201 1072785
31 3 2514745163.4654707909 1081001
32 3 2508133827.4223880768 1104152
33 3 2528285444.0124111176 1154958
34 3 3491659923.1716036797 1085939
35 3 1378794949.5086579323 1117251
36 3 1726749534.4130468369 1084012
37 3 2165648049.1679258347 1118638
38 3 1966591625.70966506 1086556
39 3 2065245568.391854763 1120034
40 3 3916334236.2095794678 1098039
41 3 2146891451.9634668827 1125848
42 3 2712438305.2232713699 1138717
43 3 3307855843.3914270401 1093235
44 3 2416854422.7386312485 1108058
45 3 4140254114.9170966148 1086667
46 3 1800171629.8926038742 1116748
47 3 1828956943.3399991989 1085424
48 3 1685729153.8856544495 1122132
49 3 2547802176.4564862251 1084414
50 3 3401750838.8660635948 1157277
51 3 1533075376.7631177902 1127781
52 3 2356542505.0091590881 1128841
53 3 2531287851.456261158 1099291
54 3 2380151486.7842326164 1109230
55 3 2592496116.1272468567 1114130
56 3 2024110026.8624866009 1093825
57 3 2266394439.5517477989 1104722
58 3 2692813454.6570529938 1080684
59 3 3781880509.3766541481 1100676
60 3 2974968270.9924292564 1105943
61 3 3387164964.8856964111 1080208
62 3 1856340965.0325396061 1070565
63 3 2883060911.5002770424 1071388
64 3 3054587847.9604029655 1070314
65 3 3325710690.7292051315 1072364
66 3 1703205389.3760139942 1069777
67 3 2876013684.4996433258 1072651
68 3 2325776017.700720787 1087153
69 3 2491738371.1883196831 1141003
70 3 2278560578.830698967 1094539
71 3 2658860963.1235518456 1110538
72 3 1988293393.1304490566 1078338
73 3 2730041635.6580171585 1116964
74 3 1603383852.1573207378 1079517
75 3 2208904614.5527181625 1121470
76 3 2499318890.8147344589 1079533
77 3 1373670152.5066790581 1135805
78 3 3680268807.7198061943 1111862
79 3 2812011010.5457344055 1130056
80 3 2717070046.5316781998 1080590
81 3 3498533301.1096510887 1114837
82 3 3011553892.1970691681 1087472
83 3 2629925688.564479351 1112933
84 3 2569251598.911904335 1086884
85 3 2507468548.7122907639 1114220
86 3 2701559673.1939868927 1098250
87 3 3148424256.5028810501 1156246
88 3 2574101242.6077103615 1115567
89 3 3322929546.1285157204 1104389
90 3 2256795670.7288732529 1103207
91 3 2583589335.0225419998 1099677
92 3 2637060423.598315239 1108557
93 3 2992382890.659031868 1093091
94 3 2677187683.8761672974 1096724
95 3 2568157229.1179046631 1089850
96 3 1908029895.0145492554 1104808
97 3 2284906267.7300748825 1089913
98 3 1722345454.4892554283 1074343
99 3 2235728562.6026883125 1071600
% Edges = 3.5
0 3.5 2348321818.6729335785 1246496
1 3.5 3054258740.7751741409 1241110
2 3.5 2474934741.6015753746 1240382
3 3.5 2053813974.0832600594 1240791
4 3.5 2698029647.0258889198 1269311
5 3.5 2756659043.484503746 1297851
6 3.5 2420235668.6276845932 1249747
7 3.5 1965192193.8313159943 1284928
8 3.5 2212880929.8121418953 1251783
9 3.5 2797881528.9772377014 1288031
10 3.5 2814927268.1888041496 1280326
11 3.5 2777481190.6421561241 1268777
12 3.5 3528758202.8103289604 1290212
13 3.5 2368564695.9560694695 1252842
14 3.5 2956860353.5351223946 1277598
15 3.5 2022883811.8279652596 1265789
16 3.5 2425034120.0204410553 1262108
17 3.5 2183739481.1596059799 1282882
18 3.5 1602367845.8798947334 1253260
19 3.5 2128567674.1175606251 1299387
20 3.5 2567208542.8930354118 1317074
21 3.5 2726310216.2699723244 1302772
22 3.5 2909272428.2555747032 1292788
23 3.5 1989913148.6411819458 1247899
24 3.5 1905233838.4773113728 1295788
25 3.5 2782222769.6169762611 1261351
26 3.5 2736906387.5514731407 1278903
27 3.5 1885234319.1831672192 1281193
28 3.5 2330918715.4918575287 1285717
29 3.5 2136660516.6698741913 1256025
30 3.5 2109272620.526270628 1236594
31 3.5 2719217282.2522358894 1236663
32 3.5 2143842064.6592900753 1236216
33 3.5 2650120174.7673435211 1236551
34 3.5 2415565139.3377733231 1235109
35 3.5 2562023690.279197216 1239094
36 3.5 2267945699.8974003792 1275674
37 3.5 2912703332.9954690933 1258598
38 3.5 2055991659.0812926292 1243335
39 3.5 2554098028.6136951447 1272001
40 3.5 2430558284.8789720535 1249316
41 3.5 2697694053.600812912 1283658
42 3.5 2401296417.6120605469 1250493
43 3.5 1628499161.5185821056 1290291
44 3.5 2362034750.2634124756 1313566
45 3.5 2407974095.4504070282 1262590
46 3.5 2758105824.8203983307 1268697
47 3.5 2648897541.1166658401 1253105
48 3.5 2602718767.409968853 1267800
49 3.5 2563339539.2892594337 1271798
50 3.5 1601518919.6786019802 1256229
51 3.5 1880217652.2850708961 1327385
52 3.5 2726578007.1153469086 1295350
53 3.5 2818571704.2242856026 1303297
54 3.5 3219349883.5203514099 1280878
55 3.5 2151258463.4645419121 1253441
56 3.5 2043426352.980796814 1290958
57 3.5 2594793732.2029204369 1244459
58 3.5 2409974324.2858228683 1290588
59 3.5 2737694955.2315607071 1288971
60 3.5 2206802853.6800541878 1289782
61 3.5 2015745348.3582282066 1238469
62 3.5 3733753906.2010087967 1232432
63 3.5 2011684382.9669394493 1233283
64 3.5 1815682280.8912184238 1231904
65 3.5 1743436480.6147389412 1232100
66 3.5 2385416365.4341821671 1232728
67 3.5 2001762474.7096064091 1256485
68 3.5 2295454307.5497865677 1271468
69 3.5 2894031478.3815293312 1237383
70 3.5 3269265526.8191347122 1233361
71 3.5 2646659644.9335560799 1253187
72 3.5 1888949506.0280199051 1258917
73 3.5 2153885649.7468700409 1276516
74 3.5 2204195109.4966678619 1244110
75 3.5 2443265179.1011624336 1317812
76 3.5 2728199623.9838447571 1295948
77 3.5 3302121094.3823490143 1262372
78 3.5 2721953713.2278409004 1262198
79 3.5 2478000497.0564136505 1243374
80 3.5 2601887879.3868045807 1273593
81 3.5 1351326874.9981651306 1251958
82 3.5 2442078180.7340340614 1270687
83 3.5 2203505286.4112076759 1312544
84 3.5 2658959035.5661492348 1291897
85 3.5 2482240769.3293867111 1285859
86 3.5 3063024361.536585331 1251291
87 3.5 1785596446.1654438972 1279450
88 3.5 2915621848.153172493 1277565
89 3.5 2574534288.0242710114 1249843
90 3.5 1648612194.6385028362 1288302
91 3.5 2367326711.2257885933 1278120
92 3.5 2064117097.6792533398 1293979
93 3.5 3205548193.2923636436 1232377
94 3.5 2166840045.2312922478 1228664
95 3.5 2367374441.4650492668 1230294
96 3.5 3110020840.1231651306 1230235
97 3.5 2362385693.8225502968 1230764
98 3.5 2388788240.4605398178 1230365
99 3.5 2254451300.6262989044 1264254
% Edges = 4
0 4 2754271267.4240751266 1464653
1 4 2255797154.4170174599 1432716
2 4 2321518007.5150704384 1430724
3 4 2616066391.9443764687 1431008
4 4 2768425243.0837812424 1456076
5 4 2360943949.2231945992 1450214
6 4 2212194073.5024681091 1525692
7 4 2452778947.8631429672 1508640
8 4 1745165079.1932892799 1453178
9 4 2725498542.1022210121 1463755
10 4 2489791197.951795578 1468156
11 4 2910820613.5559754372 1465303
12 4 1920433011.7975943089 1449919
13 4 2209312016.4608125687 1539579
14 4 2859491283.2146983147 1496579
15 4 2091765266.5533566475 1458271
16 4 2137304378.8489613533 1476718
17 4 2833729108.8557910919 1488832
18 4 3075974984.0575594902 1476237
19 4 2669869309.5267224312 1472585
20 4 2173520656.1661300659 1543325
21 4 2024884530.964413166 1526810
22 4 2154666260.5417284966 1471310
23 4 2078554358.6893076897 1430421
24 4 1954635562.7961285114 1430039
25 4 2792533791.5287508965 1428065
26 4 2737275176.9469027519 1457231
27 4 2485651948.4630393982 1471609
28 4 2257086242.9907412529 1427565
29 4 2614066989.4495258331 1427309
30 4 1650348992.4681148529 1428020
31 4 2151262748.6936945915 1427744
32 4 2948892088.2041831017 1429522
33 4 2147309625.1003606319 1486379
34 4 2537036487.8607745171 1502844
35 4 3075262069.342581749 1448634
36 4 2578962620.3265752792 1480846
37 4 1978711320.5057060719 1462493
38 4 2876426263.6824579239 1440910
39 4 2230318010.0048465729 1463765
40 4 2238032827.7819418907 1507288
41 4 2331955067.9407434464 1473133
42 4 2546570934.2144160271 1471807
43 4 2545560161.8194680214 1476676
44 4 2023394782.9575667381 1452199
45 4 3054228229.1498017311 1472815
46 4 2607722607.1241521835 1482123
47 4 3063206086.86769104 1499539
48 4 2768607031.1070299149 1491150
49 4 2857938959.0150704384 1483967
50 4 2430532015.3691282272 1450810
51 4 2505765007.4566497803 1442708
52 4 1346727241.6049084663 1426638
53 4 2529833385.2086310387 1427726
54 4 2232787701.8560385704 1469435
55 4 2332217802.5775928497 1436784
56 4 2584518488.3849782944 1422979
57 4 2738119420.8492751122 1423914
58 4 2155342635.1026158333 1423098
59 4 1993905362.7593004704 1422441
60 4 2163045501.9858851433 1427389
61 4 2919607910.3211503029 1482264
62 4 2692136653.6644978523 1466641
63 4 2724806686.3064126968 1443235
64 4 2394767747.4591374397 1477074
65 4 2143139198.3611571789 1456295
66 4 2535249979.8761296272 1436035
67 4 2474351199.3811879158 1460235
68 4 2496228230.1602482796 1460121
69 4 3149367416.3839378357 1437588
70 4 2532184802.1838035583 1471187
71 4 1981962678.1729605198 1469892
72 4 2725741890.3732423782 1445839
73 4 2900869671.3663187027 1470590
74 4 1987329931.1865186691 1505531
75 4 2731474934.9097957611 1492811
76 4 1900452963.306194067 1469004
77 4 2437555275.0732779503 1478585
78 4 2525055621.5906276703 1437349
79 4 2213829401.8503460884 1448033
80 4 2662321210.7959060669 1421401
81 4 2168807438.3664083481 1450157
82 4 2830308828.93770504 1457860
83 4 3143368838.6134319305 1419491
84 4 2601464525.900706768 1417945
85 4 3354715231.3679223061 1419362
86 4 2927831420.6974611282 1419688
87 4 2178873349.9935336113 1418620
88 4 1800569541.8511853218 1446511
89 4 2405163608.1107764244 1457412
90 4 2685804208.17522192 1434036
91 4 1920758387.1875140667 1451466
92 4 2825281863.9396691322 1474124
93 4 1444623475.4202580452 1448746
94 4 2238964138.4793319702 1441245
95 4 2797669980.4534721375 1492982
96 4 2468684657.5647130013 1482779
97 4 2312094645.8267741203 1436425
98 4 2461505639.6756734848 1468907
99 4 1991062009.4541347027 1461604
% Edges = 4.5
0 4.5 2167551984.0056257248 1623231
1 4.5 2532170050.2691459656 1641152
2 4.5 2382129521.6397190094 1714616
3 4.5 2288104057.8171243668 1652299
4 4.5 2235799167.7212662697 1614960
5 4.5 2291346936.2218427658 1638106
6 4.5 1995882457.8475487232 1628300
7 4.5 1933425396.5275602341 1590929
8 4.5 1805567278.0999796391 1640572
9 4.5 2399087735.649679184 1602517
10 4.5 2358628555.0587491989 1587563
11 4.5 2162189622.639313221 1588520
12 4.5 2190911872.3663911819 1588693
13 4.5 2399908050.9425792694 1587263
14 4.5 2370521688.0302228928 1589164
15 4.5 2769533958.9928307533 1587278
16 4.5 2404517690.6981744766 1586279
17 4.5 2843842704.68105793 1587395
18 4.5 1897503523.9894287586 1586837
19 4.5 3397882549.6250944138 1626930
20 4.5 2417618950.0188474655 1669986
21 4.5 2988839514.2959980965 1660109
22 4.5 2463080550.6977601051 1606494
23 4.5 3041579950.464615345 1625162
24 4.5 2538499392.4936418533 1630689
25 4.5 2194393114.3386044502 1631198
26 4.5 1248138506.7074742317 1647854
27 4.5 1726337137.1407399178 1681881
28 4.5 3052021241.9647712708 1644761
29 4.5 2574901920.2989296913 1644575
30 4.5 2583851128.8913850784 1637432
31 4.5 2483522266.0065255165 1615490
32 4.5 1946515901.3896090984 1635167
33 4.5 2174642988.4154996872 1622623
34 4.5 2711479418.2514166832 1585272
35 4.5 2560335664.6000504494 1584671
36 4.5 1660342152.1029007435 1585375
37 4.5 2274596611.2234592438 1582848
38 4.5 2937086689.1874432564 1583334
39 4.5 2841062876.0356373787 1633788
40 4.5 2828526609.3680086136 1596197
41 4.5 2435108693.7875247002 1581765
42 4.5 2604766973.2888946533 1581656
43 4.5 2502579007.8028182983 1580931
44 4.5 2571783741.907336235 1587997
45 4.5 2257898443.0622425079 1648771
46 4.5 2381660239.7827987671 1667318
47 4.5 2395682852.9347820282 1621928
48 4.5 1876447137.5693104267 1610627
49 4.5 2895349635.3575496674 1607599
50 4.5 1853091889.0181803703 1617881
51 4.5 2601425336.3625969887 1672798
52 4.5 2625652324.2410464287 1668770
53 4.5 2828551349.8422093391 1623047
54 4.5 1987352164.4120664597 1613277
55 4.5 2334927072.2371587753 1640775
56 4.5 1749772599.9219725132 1639317
57 4.5 2114613021.3870105743 1670902
58 4.5 2186179751.384499073 1639989
59 4.5 2416248022.5704302788 1604512
60 4.5 2335240359.6100764275 1579576
61 4.5 2119099912.9314827919 1579451
62 4.5 2220075531.2080211639 1578680
63 4.5 2520529858.3724002838 1590782
64 4.5 2904798484.2513923645 1627982
65 4.5 2364475454.0673975945 1580793
66 4.5 2137802077.0590906143 1577986
67 4.5 2762222865.4290099144 1576443
68 4.5 1973994273.7796604633 1579730
69 4.5 2560891008.8406305313 1588229
70 4.5 2872811712.7521739006 1644020
71 4.5 2296164461.8466148376 1641336
72 4.5 2880423024.0173130035 1618002
73 4.5 2682149577.0777726173 1608855
74 4.5 2424953048.3580551147 1603702
75 4.5 2562834386.1917695999 1607518
76 4.5 2480910642.2000112534 1674641
77 4.5 2247315520.8892211914 1650088
78 4.5 2257376503.5989489555 1604899
79 4.5 2683684901.5375032425 1618719
80 4.5 2928132244.2603287697 1635310
81 4.5 2291823507.2029709816 1632086
82 4.5 2461264878.9254417419 1648624
83 4.5 2130013330.3005051613 1643385
84 4.5 3004741217.1694726944 1611060
85 4.5 2088462995.7454688549 1573971
86 4.5 2490755063.8205795288 1572799
87 4.5 2373611749.1482977867 1572283
88 4.5 2046979493.2293765545 1599491
89 4.5 2057076867.9768507481 1618512
90 4.5 2531291075.4366030693 1571321
91 4.5 2776905052.2074403763 1571279
92 4.5 2675019660.3498187065 1570892
93 4.5 2427867177.3328385353 1569914
94 4.5 2652092177.8336029053 1570825
95 4.5 3074568996.6548237801 1624111
96 4.5 2423740049.824947834 1580103
97 4.5 2782706856.6772956848 1568520
98 4.5 2375467553.9255151749 1609840
99 4.5 2041011552.1560184956 1594094
% Edges = 5
0 5 2083996781.0371201038 1769184
1 5 2492255355.4735059738 1833307
2 5 2667545971.4305105209 1796988
3 5 1935871715.7254507542 1787648
4 5 2414885000.69120121 1791252
5 5 2341656674.2919182777 1789158
6 5 2245906162.1295442581 1807752
7 5 3037981085.496160984 1832731
8 5 2614439056.3468365669 1787101
9 5 1932761688.8886630535 1793104
10 5 2422507914.5593743324 1774221
11 5 2181519183.9671316147 1736140
12 5 2283565625.9165711403 1777985
13 5 2429351729.8424611092 1752861
14 5 2488121777.8477892876 1732432
15 5 2980036885.8432226181 1730678
16 5 1966029492.3678216934 1730862
17 5 2158814978.6383166313 1731087
18 5 3021098640.3766322136 1788494
19 5 2639612838.1950106621 1739159
20 5 2651789393.9733548164 1728414
21 5 2518134829.6331100464 1729695
22 5 2942816014.2922348976 1765587
23 5 2468151527.0896883011 1798850
24 5 1675878011.3541920185 1816918
25 5 2260340082.8157310486 1767855
26 5 2206478745.9520821571 1763290
27 5 2092378260.400226593 1769365
28 5 2435086242.1980638504 1788609
29 5 2979090229.9398808479 1836052
30 5 2217849350.7711725235 1814364
31 5 2408026348.1866307259 1787176
32 5 3129287743.1382799149 1780766
33 5 3186364479.3814325333 1757692
34 5 2970715746.088944912 1758514
35 5 2031846706.5833358765 1782400
36 5 2344756995.1864748001 1732504
37 5 1810972210.2669510841 1726668
38 5 2413504511.7482881546 1725320
39 5 1811689129.3116943836 1724890
40 5 2123597545.7476911545 1751382
41 5 3146394503.0613365173 1769850
42 5 2220900604.6014294624 1722094
43 5 2431298838.7462468147 1723938
44 5 2130929106.8758895397 1724202
45 5 2094110639.8370344639 1723708
46 5 1885227648.3548014164 1792130
47 5 2467772966.7782592773 1796490
48 5 2314003905.5817017555 1757687
49 5 2127491849.6852154732 1761481
50 5 2526226218.810300827 1756651
51 5 2094588449.3823549747 1764057
52 5 2354486336.8543710709 1846164
53 5 2539274642.4536542892 1789806
54 5 2095790106.3843028545 1779387
55 5 2036120876.6893088818 1770652
56 5 2533445239.8997473717 1756232
57 5 2784744525.268155098 1799841
58 5 3032489621.7674198151 1806150
59 5 1760266336.372833252 1722158
60 5 1817535353.8530964851 1720352
61 5 2440290951.6637449265 1721030
62 5 2000581140.1933076382 1720482
63 5 2417120631.9657378197 1756786
64 5 2643472991.715836525 1746284
65 5 2537716540.2471194267 1717350
66 5 2429187837.0787401199 1716756
67 5 2833830998.5675926208 1718394
68 5 2606288519.1501069069 1717868
69 5 2110398829.8662247658 1762839
70 5 3965574022.8911175728 1743429
71 5 2813540344.7370882034 1756723
72 5 2255755153.4428906441 1752178
73 5 2990213153.7939133644 1756601
74 5 1933500164.4436104298 1761470
75 5 2743441063.6697430611 1824069
76 5 2666891319.2035479546 1770401
77 5 2435529764.0679130554 1774526
78 5 2076222911.259342432 1774959
79 5 2975718623.5730695724 1773682
80 5 1867931915.482057333 1813254
81 5 2465272511.8839583397 1776264
82 5 2841010212.2643342018 1740775
83 5 2706112488.403219223 1713938
84 5 2391331790.2193636894 1714269
85 5 2658334107.7184286118 1712134
86 5 2345374173.5698170662 1761158
87 5 2373976614.3890867233 1732272
88 5 2473436856.2590727806 1712458
89 5 1912388672.3167107105 1711843
90 5 2377079898.667412281 1712689
91 5 2361949990.4543528557 1710736
92 5 3270182989.5938129425 1767978
93 5 2275772772.7110500336 1721817
94 5 2588339570.5644373894 1709955
95 5 2388402651.7922458649 1741509
96 5 2184852741.4214692116 1741357
97 5 2544051308.824180603 1757215
98 5 2442143528.4409675598 1800025
99 5 2122650493.1625094414 1763230
% Edges = 5.5
0 5.5 3071005066.4965677261 1932068
1 5.5 2337752909.8347182274 1935472
2 5.5 2767393470.3451166153 1936288
3 5.5 2215266000.2730851173 1995761
4 5.5 2502307101.453045845 1945910
5 5.5 2515039050.2939052582 1907880
6 5.5 2404143425.5529870987 1895266
7 5.5 2156474864.6932554245 1873693
8 5.5 2908531666.4403133392 1917539
9 5.5 3060648134.3340482712 1895817
10 5.5 2142701757.9292244911 1869888
11 5.5 2914251157.21752882 1870270
12 5.5 2553309588.9274191856 1872712
13 5.5 1807235888.2112736702 1898088
14 5.5 2664295781.4642724991 1910026
15 5.5 1929537677.4992415905 1868291
16 5.5 2429759485.3597211838 1871799
17 5.5 2520382932.235411644 1869246
18 5.5 2608220209.1319055557 1890385
19 5.5 2562081289.1476049423 1974307
20 5.5 2804751634.940120697 1915045
21 5.5 2767686580.6420631409 1917928
22 5.5 2779799289.0801901817 1914732
23 5.5 2676472423.2524080276 1920767
24 5.5 2327629220.0941953659 1983554
25 5.5 1953994308.4223561287 1936483
26 5.5 2894017778.9691667557 1930170
27 5.5 2487769759.5109410286 1928364
28 5.5 2372666168.2285356522 1907984
29 5.5 3075848460.7515721321 1916200
30 5.5 2522489927.8564081192 1889692
31 5.5 2385137678.3761320114 1864882
32 5.5 2275990186.4914822578 1866516
33 5.5 2466146282.6926550865 1866086
34 5.5 2572405634.2140974998 1868779
35 5.5 2352916227.8702287674 1863654
36 5.5 2076136201.6108462811 1862538
37 5.5 2549078375.3890528679 1863874
38 5.5 2275395787.832930088 1862909
39 5.5 2990299413.4078612328 1863822
40 5.5 1855473425.3475534916 1920548
41 5.5 2129754729.2282922268 1878434
42 5.5 2645135585.3419399261 1889075
43 5.5 1959826614.8335902691 1899779
44 5.5 2445638600.8272705078 1908276
45 5.5 2438768028.2844591141 1965135
46 5.5 1759077147.755625248 1939964
47 5.5 2145726316.5434949398 1922626
48 5.5 2779733286.8933982849 1924272
49 5.5 2303570423.6614613533 1922745
50 5.5 2511321042.8038897514 1969172
51 5.5 2199878216.1590223312 1933863
52 5.5 2350646437.5530757904 1864247
53 5.5 2021979927.6792833805 1862631
54 5.5 1502410029.4693937302 1862719
55 5.5 2876112174.26486063 1875630
56 5.5 2329218441.3698558807 1911040
57 5.5 2066103922.420147419 1858946
58 5.5 2459595203.1526489258 1860940
59 5.5 3258234989.9384226799 1860022
60 5.5 2301319915.4164185524 1857487
61 5.5 2420398624.9452524185 1915575
62 5.5 2538835747.9309487343 1869480
63 5.5 2250729657.7763175964 1861639
64 5.5 2415232464.2154946327 1887383
65 5.5 2771343350.2493591309 1899448
66 5.5 2459195604.6685853004 1947869
67 5.5 2589912110.21951437 1932871
68 5.5 2202618885.9286470413 1916141
69 5.5 2519047562.7438182831 1910048
70 5.5 2064594973.2677977085 1911801
71 5.5 2016361628.9684431553 1954089
72 5.5 1921571917.0715787411 1959086
73 5.5 2050137967.6546504498 1896733
74 5.5 2744599889.2699933052 1858506
75 5.5 2089209881.0303723812 1856107
76 5.5 2267306513.134750843 1861459
77 5.5 2547101935.6413125992 1917245
78 5.5 2714511096.3127417564 1854020
79 5.5 2589895979.4738492966 1854067
80 5.5 2562689873.0004243851 1854469
81 5.5 2489374262.2119774818 1854403
82 5.5 2023134398.3536946774 1903583
83 5.5 2114627032.65919137 1871124
84 5.5 2663950348.3265237808 1852918
85 5.5 2576165219.1331686974 1881436
86 5.5 1788739728.1972830296 1894942
87 5.5 2852181436.2874708176 1941936
88 5.5 2309559843.5807385445 1946040
89 5.5 1913174732.2244787216 1907608
90 5.5 2458104576.7060117722 1902546
91 5.5 2715146824.5786972046 1908363
92 5.5 1954207380.5193767548 1922527
93 5.5 2974986494.5625433922 1962118
94 5.5 2243588434.3731384277 1889895
95 5.5 2964737310.5345749855 1853447
96 5.5 2741113981.4697146416 1851260
97 5.5 1962308126.628131628 1849297
98 5.5 3003243367.2919487953 1908387
99 5.5 3056896019.3647623062 1859835
% Edges = 6
0 6 2752877108.7996563911 2014229
1 6 2224479565.7129330635 2014320
2 6 2035441555.6359498501 2013711
3 6 2486054193.4820976257 2073213
4 6 2246797079.4554691315 2022318
5 6 2489446027.928524971 2012945
6 6 1767357935.3756253719 2035713
7 6 2359858454.0816059113 2059214
8 6 2151551941.0468010902 2137082
9 6 2136476354.8793983459 2074018
10 6 2605857304.4137039185 2071963
11 6 2736914148.2281117439 2074703
12 6 2593321490.5128245354 2082270
13 6 2561702599.2830824852 2136080
14 6 2618605729.7967729568 2051496
15 6 2489232998.5869364738 2013858
16 6 2287984425.4309253693 2009496
17 6 2553482379.3547554016 2036364
18 6 2488217993.0983524323 2049417
19 6 2321578367.7177233696 2009588
20 6 2239387848.0321497917 2006851
21 6 1952108356.4129884243 2008240
22 6 1883118771.0041146278 2035006
23 6 1946008777.5830903053 2045861
24 6 2103783155.5942461491 2005397
25 6 2345597138.3272342682 2006685
26 6 1676139301.28190732 2004333
27 6 1954453342.8072025776 2015543
28 6 2082253303.2666120529 2030674
29 6 2224305215.4418253899 2049907
30 6 2060887895.3819270134 2061215
31 6 2086502468.3299267292 2069998
32 6 2382144234.1851267815 2114538
33 6 2244404500.0290913582 2099423
34 6 2369457425.5706715584 2065360
35 6 1967670689.9878435135 2060696
36 6 2495206982.4569215775 2032154
37 6 2339653078.4921503067 2051446
38 6 2420561761.4936757088 2024023
39 6 2907169852.0345010757 2003571
40 6 2888917218.2501993179 2002480
41 6 2192769745.6530618668 2002179
42 6 2696806398.1033220291 2050415
43 6 2587998147.573009491 2020590
44 6 2702291169.5979104042 1999496
45 6 1883369752.948362112 2001239
46 6 2543673126.533891201 1997921
47 6 2349251206.0192241669 2050588
48 6 2229789974.6784520149 2016007
49 6 2630819431.5177822113 2043875
50 6 2459100562.7098402977 2052501
51 6 2275577883.0671472549 2057566
52 6 2228186672.5485253334 2122942
53 6 1697333718.0365583897 2072886
54 6 2289555568.9472279549 2058603
55 6 2573063878.3127446175 2060842
56 6 2197235886.8100395203 2037320
57 6 2179715929.5419139862 2065894
58 6 2353432806.3632025719 1999079
59 6 2803945610.1720294952 1997389
60 6 2431589253.4196100235 1995370
61 6 2070540269.688252449 1997251
62 6 2273592728.1176271439 2059808
63 6 2519907400.8407363892 1996840
64 6 2109409178.6509582996 1995128
65 6 2473575904.2697005272 1994019
66 6 2104377077.601348877 1994570
67 6 2254521096.162771225 2063078
68 6 2211222250.4247317314 2021731
69 6 2263095694.1681447029 2045439
70 6 2354923587.877644062 2050545
71 6 2585458711.4527220726 2068441
72 6 2834911998.6588916779 2121951
73 6 2710152416.6540923119 2054724
74 6 3076865481.9996275902 2054349
75 6 2238267068.6850762367 2033193
76 6 2034571969.6032111645 2025906
77 6 2298033254.1665458679 2034654
78 6 2192818026.7278299332 1989216
79 6 1964074273.7521660328 1991574
80 6 2373950798.8413729668 1989514
81 6 2661743655.9863815308 2018131
82 6 2235403654.2777724266 2026640
83 6 1784047796.2282996178 1986711
84 6 2162944708.8156309128 1988092
85 6 2721230278.1593513489 1992500
86 6 3034205897.1371278763 2018327
87 6 3049489836.6564173698 2028264
88 6 2573805764.0361456871 1987306
89 6 2250860336.4316029549 2027439
90 6 2314957483.4828486443 2047495
91 6 2634959228.6518244743 2079314
92 6 2225000653.5709252357 2086619
93 6 2511290598.4124379158 2046945
94 6 2907430555.626534462 2044458
95 6 2646449319.6724505424 2045956
96 6 2189304099.8066329956 2063131
97 6 1934592976.7506299019 2014133
98 6 2387194827.3477511406 1983054
99 6 2355837030.2894067764 1985217
% Edges = 6.5
0 6.5 2857911460.3983244896 2144427
1 6.5 2739519731.0148792267 2189337
2 6.5 2489301127.827147007 2161627
3 6.5 2561356392.2192525864 2140845
4 6.5 2334015552.4250502586 2140652
5 6.5 2499573614.52566576 2140210
6 6.5 2262623216.3454051018 2210145
7 6.5 2796535373.4479036331 2138284
8 6.5 2725197882.6326370239 2152611
9 6.5 2731554008.5845561028 2190137
10 6.5 2132133112.3443825245 2234515
11 6.5 2557649887.5320935249 2238407
12 6.5 2562591737.8851995468 2198694
13 6.5 1829226374.4254198074 2199009
14 6.5 1901484297.9859240055 2198050
15 6.5 2566042636.6854429245 2247232
16 6.5 3020571265.2004761696 2142414
17 6.5 2493728019.0292291641 2136069
18 6.5 2595863287.4156503677 2133639
19 6.5 1718571408.1968779564 2151834
20 6.5 2429897149.578057766 2177930
21 6.5 2661946778.9579806328 2130949
22 6.5 2663177804.0375585556 2133402
23 6.5 1861227741.2670037746 2131135
24 6.5 3101219766.9782485962 2177524
25 6.5 2627468335.9295926094 2154740
26 6.5 2680253979.6774220467 2131867
27 6.5 2230327155.1930351257 2130594
28 6.5 2070991645.2191119194 2130229
29 6.5 1936950307.9801580906 2240962
30 6.5 2532571350.0448670387 2191801
31 6.5 2062775747.0725822449 2191225
32 6.5 2486839403.0425853729 2193641
33 6.5 2769260910.4373574257 2227000
34 6.5 2643157182.331674099 2229622
35 6.5 2348529626.0279841423 2165219
36 6.5 2606087558.993560791 2128142
37 6.5 2801858185.4468364716 2127309
38 6.5 1943552614.6695992947 2190635
39 6.5 2958270173.8123364449 2137442
40 6.5 2499850533.0616788864 2124112
41 6.5 1882632981.6249067783 2124483
42 6.5 2417681820.3360357285 2130160
43 6.5 2057589221.7786140442 2184941
44 6.5 2142500923.4378933907 2121526
45 6.5 2060154227.0002923012 2121159
46 6.5 2691289857.2507066727 2121904
47 6.5 2208211652.5051774979 2176966
48 6.5 2770137546.9113535881 2214305
49 6.5 2100265992.9825563431 2186727
50 6.5 1955574742.7473495007 2188095
51 6.5 2504497275.2419662476 2184803
52 6.5 2596150941.4430065155 2256610
53 6.5 2641665475.5023217201 2168576
54 6.5 3323708689.4783015251 2122832
55 6.5 2264789700.7154698372 2119793
56 6.5 2077541984.7156159878 2135511
57 6.5 2597848691.4254150391 2163065
58 6.5 2482589461.8325896263 2115474
59 6.5 2044321680.5592579842 2116588
60 6.5 2701037115.4364061356 2117136
61 6.5 2211832124.8356099129 2159475
62 6.5 2170578474.0849046707 2144074
63 6.5 2163321381.8879799843 2113206
64 6.5 2691995132.8434185982 2114733
65 6.5 2340021160.2119112015 2116669
66 6.5 2786260696.888458252 2175905
67 6.5 2471634890.574944973 2159209
68 6.5 3040940886.9717135429 2178152
69 6.5 2234493554.0423736572 2181796
70 6.5 2097773320.5767850876 2197711
71 6.5 3051923446.3141741753 2241337
72 6.5 2698720402.4201545715 2167616
73 6.5 2537856752.4174494743 2123574
74 6.5 2682485976.6604957581 2113345
75 6.5 2815682669.1259427071 2158154
76 6.5 2683938135.8420553207 2135595
77 6.5 2918979525.9831166267 2111565
78 6.5 2100794535.5216155052 2113672
79 6.5 2222983446.9768614769 2110889
80 6.5 1804372128.1561458111 2111692
81 6.5 2586410586.6361722946 2111761
82 6.5 2399095155.0769991875 2112481
83 6.5 2240480214.24740839 2110784
84 6.5 3281753918.5992546082 2112874
85 6.5 2826901253.0170350075 2110355
86 6.5 2031874928.7729537487 2130017
87 6.5 2515838292.4039106369 2166535
88 6.5 2744492057.787674427 2173126
89 6.5 2294082893.9812159538 2176131
90 6.5 2213357601.8699440956 2175064
91 6.5 2153819900.2120118141 2173115
92 6.5 2201472777.8071870804 2153037
93 6.5 2577451831.343849659 2114288
94 6.5 1929930739.3751516342 2112393
95 6.5 2394828786.7181081772 2110608
96 6.5 2347147187.5194225311 2111385
97 6.5 2674706766.0288009644 2112620
98 6.5 2520530068.1148524284 2111531
99 6.5 2402870573.7587118149 2111182
% Edges = 7
0 7 2475450265.9150729179 2272409
1 7 2441027382.3719358444 2270739
2 7 1917112196.6198108196 2282818
3 7 1725299005.4034044743 2298470
4 7 2183851846.0183334351 2295417
5 7 2528421060.9220151901 2317309
6 7 2148606393.2242159843 2354067
7 7 2713343255.6725406647 2349574
8 7 2606538722.0105829239 2394306
9 7 2538295655.9672636986 2433352
10 7 2849379708.8279976845 2415463
11 7 2490584212.6131811142 2359514
12 7 2580413672.0441675186 2405429
13 7 2183972014.9449825287 2363039
14 7 2712358395.3791618347 2360740
15 7 2463209907.970208168 2360345
16 7 2052110349.7340641022 2366272
17 7 2095133338.9688081741 2422034
18 7 2630216236.5712528229 2359669
19 7 1759976134.7517805099 2360576
20 7 2320438122.9726428986 2361852
21 7 2800995126.1879262924 2369173
22 7 2404080967.7565603256 2381415
23 7 2560058778.3673696518 2424753
24 7 2103666946.6344823837 2427310
25 7 2473849208.8842730522 2441219
26 7 2599227654.370449543 2438013
27 7 2643524224.475569725 2564722
28 7 2344307165.1934843063 2370626
29 7 1925115355.1316120625 2366186
30 7 2320885013.4629430771 2366654
31 7 2971940652.6870818138 2363865
32 7 2928886412.1645159721 2361393
33 7 2241173795.3574419022 2362031
34 7 1816582020.5944206715 2368197
35 7 2316048172.6102252007 2361319
36 7 2534165320.9371776581 2362562
37 7 2757297444.6796646118 2366875
38 7 3584931751.7811431885 2353660
39 7 2536609637.694466114 2372363
40 7 3170301412.3681759834 2495176
41 7 2542992712.1715669632 2550375
42 7 2334934079.1428461075 2546888
43 7 2835449812.6304450035 2561120
44 7 2469396571.701997757 2558426
45 7 2929628894.9720873833 2491998
46 7 2872701291.8218593597 2482703
47 7 2074582825.356194973 2480819
48 7 2281331510.5080447197 2476678
49 7 2929298322.7893624306 2475530
50 7 2388825381.3819723129 2480505
51 7 2186440033.3740458488 2473886
52 7 2514947391.9770174026 2474996
53 7 2152222961.3472523689 2480485
54 7 1925508203.6165487766 2477799
55 7 2534737624.6324801445 2479315
56 7 2534470458.0126857758 2490329
57 7 2220790725.5678710938 2536067
58 7 3030251610.9814453125 2562844
59 7 2914900226.0434751511 2565203
60 7 2633772724.1715192795 2559710
61 7 2831239335.2262945175 2527609
62 7 2744246962.6526446342 2480067
63 7 2526060516.3957710266 2475440
64 7 2134770716.1737627983 2473414
65 7 2463362562.4917812347 2481933
66 7 2344816305.9435987473 2486929
67 7 2394447378.5241017342 2485938
68 7 2522657726.3626456261 2485100
69 7 2145674297.8394243717 2482505
70 7 2595981242.6103615761 2486469
71 7 2984367969.4549517632 2482066
72 7 2379287887.2969856262 2511458
73 7 2338911474.1889152527 2575260
74 7 2650267912.5077357292 2590849
75 7 2611756168.110063076 2562144
76 7 2937452381.1892285347 2558010
77 7 2418276482.1411943436 2523642
78 7 3253501345.1919116974 2485328
79 7 2469724699.7072329521 2486930
80 7 2528102193.8722529411 2484638
81 7 2304009262.2596569061 2489421
82 7 2937956277.1793746948 2484419
83 7 2709745935.9512677193 2492994
84 7 2348419131.6272206306 2491118
85 7 2616199367.6890726089 2495984
86 7 3163015542.9036202431 2485796
87 7 2235189674.6853570938 2482758
88 7 2762362431.6924543381 2500759
89 7 2367357958.3006138802 2548455
90 7 1602495207.3450064659 2558526
91 7 2416190600.3556842804 2568129
92 7 1901763897.3551661968 2588154
93 7 1950891078.6392104626 2549510
94 7 3297574980.6930594444 2495750
95 7 2270015953.9377059937 2483357
96 7 1973213990.6319682598 2490774
97 7 2311301416.9405975342 2489024
98 7 2794809171.0889515877 2494648
99 7 2889135768.0565423965 2488658
% Edges = 7.5
0 7.5 2115640775.3955993652 2658212
1 7.5 2075982604.2016294003 2659941
2 7.5 2937532880.6030340195 2655407
3 7.5 3074580847.088010788 2657085
4 7.5 2465463861.7620449066 2671798
5 7.5 2360708406.6693892479 2721988
6 7.5 2256938921.0866374969 2724627
7 7.5 2381714436.9498353004 2758186
8 7.5 3213813184.4297990799 2754922
9 7.5 2625058369.6095256805 2709967
10 7.5 2684294227.2625751495 2651362
11 7.5 2673619806.2825040817 2660165
12 7.5 1967262200.1458232403 2652910
13 7.5 2339222215.1731472015 2655693
14 7.5 2849221199.9784803391 2664293
15 7.5 2395100653.2659716606 2658538
16 7.5 2472982395.5248193741 2659246
17 7.5 2332162627.5253586769 2672275
18 7.5 2974779570.9938087463 2651534
19 7.5 1810890993.9962890148 2683288
20 7.5 2291266175.3548469543 2728778
21 7.5 2565456730.1010570526 2756243
22 7.5 2781022864.6674451828 2762781
23 7.5 2415556907.4596505165 2727253
24 7.5 2644989137.524061203 2709664
25 7.5 2829862623.5758113861 2653029
26 7.5 3165189481.6056423187 2656068
27 7.5 2120726308.7533712387 2661119
28 7.5 2524749841.7334666252 2663723
29 7.5 2453885244.5255451202 2645366
30 7.5 2754606754.5249581337 2655530
31 7.5 2364023582.5665512085 2665398
32 7.5 2248819582.5910835266 2656055
33 7.5 2744802995.8813514709 2653638
34 7.5 2385011961.3432855606 2666903
35 7.5 1871484025.656236887 2717870
36 7.5 1959517763.8579611778 2738392
37 7.5 2567562676.5216765404 2739738
38 7.5 2759856682.9053812027 2759892
39 7.5 2435662337.0368332863 2716850
40 7.5 2497547677.108039856 2654829
41 7.5 2539252889.6835451126 2665353
42 7.5 2281489076.4265828133 2655675
43 7.5 2412247260.0957779884 2649582
44 7.5 1804620219.9881873131 2661452
45 7.5 2552595249.786860466 2660981
46 7.5 2300946313.391851902 2648644
47 7.5 2388070111.2407627106 2657443
48 7.5 1834456985.3249247074 2661503
49 7.5 2359610628.6600689888 2662999
50 7.5 2518953359.6929893494 2673072
51 7.5 2216967853.9345927238 2717915
52 7.5 1917789498.5399844646 2726170
53 7.5 1968444382.8813021183 2752646
54 7.5 2612863041.142698288 2774077
55 7.5 2539240968.560860157 2710558
56 7.5 2760961225.1140184402 2663619
57 7.5 2443004949.6585259438 2648532
58 7.5 2169438946.5988178253 2651656
59 7.5 2359660399.5677552223 2661140
60 7.5 3031257562.141898632 2656950
61 7.5 2388583915.3376731873 2655977
62 7.5 2836827513.2127518654 2657313
63 7.5 2685548894.6738967896 2654865
64 7.5 1912120672.1439597607 2657736
65 7.5 2596527146.5747613907 2671985
66 7.5 1836488252.5291473866 2680334
67 7.5 1959948109.2406926155 2720270
68 7.5 2188985760.29733181 2720464
69 7.5 2360417175.1424841881 2751395
70 7.5 2237323504.4645581245 2747546
71 7.5 2375097084.8377041817 2703925
72 7.5 2176199815.4286289215 2670252
73 7.5 2154578231.3635568619 2662920
74 7.5 2301134576.8529438972 2659352
75 7.5 2838691232.3601441383 2658169
76 7.5 2488470556.835978508 2657526
77 7.5 2914612670.518020153 2660982
78 7.5 2294331873.4318847656 2651396
79 7.5 2445167474.3367462158 2659694
80 7.5 2223657040.1643676758 2658051
81 7.5 2550311933.787548542 2665556
82 7.5 2116778676.7316906452 2675367
83 7.5 2153845521.6967897415 2724037
84 7.5 2673366241.3640384674 2731621
85 7.5 1762481966.8615102768 2762797
86 7.5 1873191679.021314621 2759945
87 7.5 1994678321.3193540573 2713248
88 7.5 2430802579.4539737701 2647949
89 7.5 2253619883.0605950356 2658800
90 7.5 2312600219.3078069687 2655339
91 7.5 2272713160.9824838638 2662226
92 7.5 2713158186.7676596642 2641153
93 7.5 2632672826.876106739 2654620
94 7.5 2196254205.1281085014 2664929
95 7.5 2369928936.347779274 2663753
96 7.5 2875301595.1989951134 2643989
97 7.5 2322260819.2161374092 2657680
98 7.5 2359018137.6497254372 2672970
99 7.5 2850741180.8804636002 2725712
% Edges = 8
0 8 2272912097.1959819794 2984933
1 8 3060007371.0329871178 3021432
2 8 2431380336.586171627 3002786
3 8 2738577469.5085129738 2962658
4 8 2291287041.500664711 2922889
5 8 2612784889.6456289291 2913039
6 8 2825322945.6854600906 2917235
7 8 2398908956.4303097725 2913349
8 8 2410278851.4003705978 2917199
9 8 2915078211.7396297455 2921856
10 8 2649261237.510409832 2922578
11 8 2689788911.5292816162 2923132
12 8 2405274875.6384882927 2921103
13 8 2490220553.0681209564 2928197
14 8 2128032082.2739961147 2984322
15 8 2542912035.2714939117 3012180
16 8 2703947229.626393795 3025942
17 8 2763731114.845512867 2996317
18 8 2193030287.0819916725 2944625
19 8 2801392455.5953946114 2924720
20 8 2351191510.7071914673 2922378
21 8 2911304268.491604805 2915472
22 8 2355798781.1948337555 2913460
23 8 2262785560.1248931885 2920735
24 8 2685732468.183775425 2924760
25 8 2187482013.1992692947 2907137
26 8 2611021259.4144639969 2935515
27 8 2686979111.635658741 2933075
28 8 2248452844.4433836937 2986613
29 8 2690578270.550555706 2985534
30 8 2463385866.655705452 3037020
31 8 2412378975.4111599922 3002836
32 8 2403186862.4388327599 2962588
33 8 2059710851.0201396942 2913485
34 8 2522018289.6162848473 2913200
35 8 2912050271.7578897476 2924257
36 8 3021670764.3493585587 2923888
37 8 2694873220.201584816 2911377
38 8 2366826036.2250356674 2922989
39 8 2662963467.7660703659 2933518
40 8 2255776256.1191058159 2923583
41 8 2607706511.9334683418 2915614
42 8 2722683711.4670748711 2978729
43 8 2776339351.1250324249 3009020
44 8 2073712218.0685400963 3031879
45 8 2440635349.7608280182 2996808
46 8 2695439416.817442894 2977450
47 8 2728466139.1721806526 2933086
48 8 2415688265.1776251793 2928136
49 8 3279709109.7956161499 2905538
50 8 2322990764.2929372787 2927858
51 8 2260995001.626168251 2936646
52 8 2631793791.7068018913 2908648
53 8 2796713682.8735814095 2928045
54 8 2176309478.894217968 2932747
55 8 2785362865.4600076675 2915457
56 8 2750336113.2728729248 2946254
57 8 2509797636.2394471169 2979047
58 8 2219018213.0250825882 3019276
59 8 2371885005.4704818726 3027680
60 8 2175626513.0705962181 3008599
61 8 2482987997.3525643349 2958612
62 8 2823580197.4856929779 2921676
63 8 2349503987.3000802994 2937248
64 8 2834956684.3750209808 2911629
65 8 1834151436.2835197449 2930125
66 8 3026028118.3603949547 2910644
67 8 2840660735.9546675682 2935015
68 8 1905004284.8059999943 2908910
69 8 2278528136.3878583908 2930783
70 8 2670416579.3968496323 2921263
71 8 2169487312.3899302483 2992684
72 8 2312702220.6785950661 3005894
73 8 2355310576.7426662445 3034384
74 8 2887192347.9585876465 3018281
75 8 3099926773.8267679214 2943057
76 8 2973450182.4784955978 2942352
77 8 2523858094.7807707787 2908683
78 8 2329849138.3576512337 2935481
79 8 2447740495.7140831947 2913581
80 8 2213745443.200304985 2920730
81 8 3121111902.9186573029 2908371
82 8 2489870100.434946537 2924584
83 8 2665518787.2270188332 2919162
84 8 1984329090.4171271324 2929136
85 8 2766360880.3954105377 2999288
86 8 2146797893.9610497952 3007770
87 8 2549378283.3614706993 3022623
88 8 2324743136.363342762 2997477
89 8 2789788972.5754733086 2961671
90 8 2600924783.2304148674 2927368
91 8 2008543175.6234326363 2914438
92 8 2364877305.4802770615 2923976
93 8 2167076993.7700734138 2918945
94 8 1956958473.8570301533 2917028
95 8 2789101366.9325618744 2924400
96 8 2448733346.4652633667 2915584
97 8 2658322521.3117609024 2913141
98 8 1985751712.0443718433 2940062
99 8 2228692850.8971309662 2989136
% Edges = 8.5
0 8.5 2812328156.9433751106 3188004
1 8.5 2424703058.1995582581 3196427
2 8.5 2199919642.3117394447 3178700
3 8.5 2168153612.6918869019 3123782
4 8.5 2474494133.3837838173 3086077
5 8.5 2270227902.767788887 3107742
6 8.5 2259736738.6499652863 3089321
7 8.5 2567542853.2020506859 3103301
8 8.5 2378106014.6180772781 3088929
9 8.5 2826896133.8860182762 3099855
10 8.5 2627618756.8650960922 3088060
11 8.5 1681870684.5234823227 3080615
12 8.5 2470042200.3607544899 3144489
13 8.5 2204115327.7103748322 3179373
14 8.5 2228511664.8353877068 3200859
15 8.5 2069861067.3971579075 3188587
16 8.5 2107615727.2346439362 3148000
17 8.5 2894216772.6008749008 3082654
18 8.5 2545268474.8599748611 3086758
19 8.5 2510897242.45119524 3110461
20 8.5 2465529093.3157191277 3090406
21 8.5 2350487235.8487868309 3097833
22 8.5 2200151883.500729084 3093288
23 8.5 2076573182.0871944427 3087989
24 8.5 2191222536.4076318741 3083539
25 8.5 2439930893.3541941643 3076392
26 8.5 2491836382.4107131958 3150995
27 8.5 2351277505.0959029198 3180005
28 8.5 2934369756.2068648338 3201010
29 8.5 2416751630.4048485756 3189241
30 8.5 2579058758.8037652969 3145027
31 8.5 2592273975.1119642258 3081990
32 8.5 2246907822.7370648384 3085365
33 8.5 2608289119.1266613007 3091524
34 8.5 1901525264.4510471821 3081336
35 8.5 1859834828.1255698204 3098202
36 8.5 2332741540.7044796944 3099147
37 8.5 2351300128.834526062 3090567
38 8.5 3349190948.6443843842 3094985
39 8.5 2257111155.1447834969 3086092
40 8.5 2015553232.8465628624 3131977
41 8.5 2672151825.301056385 3187376
42 8.5 2502074685.7047901154 3193883
43 8.5 2263512441.482131958 3183204
44 8.5 2374642737.564769268 3125966
45 8.5 2669930035.9791016579 3088338
46 8.5 2670304685.3901443481 3105295
47 8.5 2567524543.7747755051 3100195
48 8.5 2621213399.9217529297 3091380
49 8.5 2496458483.8283963203 3096784
50 8.5 2456371346.2798910141 3086984
51 8.5 2332917840.4156770706 3096972
52 8.5 2246551783.8258376122 3094854
53 8.5 2677300176.9646954536 3085141
54 8.5 2492474773.5735135078 3141116
55 8.5 1967322378.2005548477 3172926
56 8.5 2195432864.5679392815 3216910
57 8.5 2615433617.0365176201 3188475
58 8.5 2172587339.597597599 3140815
59 8.5 2151251325.3431477547 3096308
60 8.5 2262568026.135406971 3090389
61 8.5 2246337591.0187425613 3088914
62 8.5 2304081863.6874985695 3092068
63 8.5 2306567181.1948156357 3085330
64 8.5 2875149048.344604969 3082669
65 8.5 2563918609.6753220558 3107737
66 8.5 2516274355.5737638474 3099194
67 8.5 2568445903.5587124825 3121327
68 8.5 2272363570.1808824539 3193957
69 8.5 2365635962.8297772408 3169135
70 8.5 2616886277.0928945541 3201422
71 8.5 2450061898.6578793526 3146718
72 8.5 2559839968.2789239883 3085315
73 8.5 2775598047.4304952621 3089552
74 8.5 2918204115.7513585091 3097005
75 8.5 2291705002.77023983 3104843
76 8.5 2180681364.7029366493 3094666
77 8.5 2690286464.7405548096 3088366
78 8.5 2671585127.1470022202 3090151
79 8.5 2196407871.437936306 3086724
80 8.5 2301275075.3234839439 3105434
81 8.5 2450528704.449177742 3161608
82 8.5 2095111795.5545237064 3198993
83 8.5 2684656948.0033454895 3195935
84 8.5 2340182822.3338713646 3209876
85 8.5 2662705728.6991863251 3116433
86 8.5 2759467565.1265740395 3109532
87 8.5 2375288188.0741286278 3081508
88 8.5 2190260181.8770766258 3108691
89 8.5 2378013095.9975514412 3111518
90 8.5 2133858589.7051868439 3110196
91 8.5 2100494147.3422789574 3114899
92 8.5 2313936492.2684979439 3124731
93 8.5 2644099966.6886825562 3089077
94 8.5 2491025345.8829517365 3166705
95 8.5 2883399448.7907056808 3209431
96 8.5 2257997885.030684948 3208098
97 8.5 2342822593.1714644432 3187327
98 8.5 2072025554.1346538067 3144142
99 8.5 2745886465.4619383812 3098299
% Edges = 9
0 9 2334236742.6393151283 3262762
1 9 2347823970.2764353752 3274963
2 9 2670717003.3414254189 3277626
3 9 2332355654.9956026077 3279309
4 9 2003263923.17948246 3274932
5 9 2354041411.3825507164 3280757
6 9 2803863728.8454151154 3305057
7 9 2891870276.0400304794 3352745
8 9 2060647544.5311937332 3393828
9 9 2567961769.1666111946 3371258
10 9 2641610228.4789495468 3359736
11 9 2190862211.7430753708 3287398
12 9 2197924909.414223671 3282482
13 9 2592670796.4857330322 3286488
14 9 2372150751.2083621025 3288881
15 9 2603168516.2361392975 3288375
16 9 2204769991.3235249519 3283858
17 9 2056440401.5224044323 3283113
18 9 3226650385.0612902641 3265077
19 9 2229334575.2412734032 3314836
20 9 2633592205.9192357063 3368563
21 9 2679050239.0297017097 3381743
22 9 2713807933.8652133942 3371038
23 9 2184871612.3297758102 3316528
24 9 2604539542.4041204453 3278582
25 9 2550146442.8950414658 3289103
26 9 2255207421.4687457085 3289033
27 9 2110069451.1624166965 3283364
28 9 2589295945.1178197861 3281007
29 9 2358511788.1058521271 3281566
30 9 2506091679.595375061 3286643
31 9 2664644537.369638443 3298889
32 9 2891359019.2040362358 3359829
33 9 2457302729.9061655998 3406463
34 9 2308347256.1142435074 3384065
35 9 2642715829.4870920181 3372568
36 9 2363255287.9241495132 3262884
37 9 2107213993.5598611832 3281659
38 9 1960998872.6073215008 3295840
39 9 2227358297.028678894 3256462
40 9 2707725670.7895216942 3276281
41 9 2842351656.9265213013 3282809
42 9 2241858232.1603608131 3283124
43 9 2558663747.7724018097 3275827
44 9 2292908310.856025219 3296663
45 9 2335433329.6434726715 3397825
46 9 2143863752.7229118347 3385978
47 9 2541672136.9405927658 3388507
48 9 2712101722.6507925987 3297728
49 9 2394090507.5268769264 3298065
50 9 2744362552.1281661987 3296285
51 9 2725879495.0786337852 3257119
52 9 2083348770.5960013866 3280497
53 9 2722048010.2562894821 3296160
54 9 2336351782.2024264336 3286449
55 9 2646041916.5506653786 3281922
56 9 2854239081.4416422844 3270999
57 9 2189541834.4839687347 3362857
58 9 2865501543.9049015045 3403339
59 9 1852702517.1531412601 3384962
60 9 2518931722.7348942757 3343832
61 9 2177008377.2092428207 3288105
62 9 1989651265.3068532944 3280630
63 9 2530678947.7513213158 3282922
64 9 2621976965.3838853836 3251560
65 9 2422138035.139277935 3287798
66 9 2609306846.1988043785 3281594
67 9 1842429763.5624742508 3303456
68 9 2001073053.1855826378 3257065
69 9 2875416391.8166513443 3308490
70 9 2517094953.1094808578 3394613
71 9 2425811684.0099573135 3393112
72 9 2061473302.6012599468 3389707
73 9 3006761934.5971374512 3299490
74 9 2680991045.6848111153 3291158
75 9 2014536076.2860305309 3289102
76 9 1819786895.7540438175 3272197
77 9 2927775853.8710603714 3269602
78 9 2727389780.3374390602 3294664
79 9 1930497570.7383999825 3289366
80 9 1990546366.3344082832 3288819
81 9 2410840451.8112177849 3266106
82 9 2478869248.047577858 3349031
83 9 2049075582.4590978622 3399441
84 9 2613454800.0532188416 3386315
85 9 2000426155.8736503124 3383427
86 9 2378542823.9304776192 3264670
87 9 1992389224.4176092148 3297280
88 9 2175172582.5649166107 3278447
89 9 2440422134.5320234299 3271432
90 9 2493004911.8184337616 3269636
91 9 2815780701.1881108284 3290777
92 9 2611735699.3439722061 3301068
93 9 2460770126.3285455704 3266737
94 9 2644259772.1439294815 3306584
95 9 2529072787.5952143669 3389589
96 9 2465948076.5797796249 3373644
97 9 2453935853.8327784538 3412383
98 9 2701772286.0051717758 3307674
99 9 2821332905.9964356422 3288747
% Edges = 9.5
0 9.5 2194227616.026456356 3474272
1 9.5 2548038294.9302053452 3435897
2 9.5 2501555995.8948888779 3467397
3 9.5 2708565302.6713047028 3482980
4 9.5 2285193099.7815117836 3436256
5 9.5 2468394420.5139570236 3466709
6 9.5 2928831813.2870225906 3473145
7 9.5 2521454519.5190792084 3474928
8 9.5 2682520509.1165752411 3552393
9 9.5 2595862096.9746580124 3583711
10 9.5 2426687488.9506297112 3577345
11 9.5 1953385928.4083309174 3463202
12 9.5 2443936974.1055984497 3468147
13 9.5 1893295594.8613772392 3478490
14 9.5 2466516458.1779756546 3436437
15 9.5 2777720109.0854692459 3465398
16 9.5 2433962452.5524115562 3473149
17 9.5 2432982505.8922142982 3454939
18 9.5 2792780213.9885520935 3441817
19 9.5 2450924459.3272156715 3519999
20 9.5 2540839068.5736160278 3577678
21 9.5 2202207733.4148654938 3556809
22 9.5 2439021034.9550061226 3562663
23 9.5 2263738750.9538931847 3491367
24 9.5 2462715162.4766016006 3446077
25 9.5 2365233628.9800276756 3452423
26 9.5 2790175623.4114041328 3474588
27 9.5 2454672874.2305059433 3460408
28 9.5 2558383252.6417131424 3441533
29 9.5 2131664158.9545383453 3463089
30 9.5 3011144510.8090386391 3462031
31 9.5 3288017869.1679816246 3455075
32 9.5 2841228696.993291378 3585681
33 9.5 2213378457.5140600204 3586269
34 9.5 2210511804.424893856 3572113
35 9.5 2282893990.0337133408 3468314
36 9.5 2264580907.5763921738 3459038
37 9.5 2275431014.59649086 3474271
38 9.5 2895925270.783364296 3435754
39 9.5 2459858587.3805470467 3472339
40 9.5 2758882177.305829525 3466994
41 9.5 2206418120.0863499641 3457927
42 9.5 2417950984.5714306831 3447974
43 9.5 2450538089.1686468124 3476613
44 9.5 2278466653.8441214561 3558293
45 9.5 2746128167.669567585 3567999
46 9.5 2322441591.8891944885 3569919
47 9.5 2479401794.1305975914 3517569
48 9.5 2779502748.1003751755 3479271
49 9.5 2636208962.4764080048 3441422
50 9.5 2082275855.0320072174 3460539
51 9.5 2222323985.0180754662 3476088
52 9.5 2485725320.0154776573 3446785
53 9.5 2567595623.1962199211 3470712
54 9.5 2541079957.4127864838 3432125
55 9.5 2645728010.2699894905 3482603
56 9.5 2374714681.2161064148 3541295
57 9.5 2382820829.7335133553 3570045
58 9.5 2489659128.6636447906 3604239
59 9.5 2101078658.5344679356 3481580
60 9.5 2336984021.4449272156 3480600
61 9.5 1988685982.1594011784 3440572
62 9.5 2179302414.4005055428 3466535
63 9.5 2335625022.3869233131 3437404
64 9.5 2452253820.3303356171 3481000
65 9.5 2224301954.3814840317 3476064
66 9.5 2820391882.6899394989 3431269
67 9.5 2764740786.9869976044 3504823
68 9.5 2176981453.7203540802 3551789
69 9.5 2741174010.0696344376 3590161
70 9.5 2297771658.0822091103 3589285
71 9.5 2623085842.3536801338 3477498
72 9.5 1842194314.6249632835 3472564
73 9.5 2004790167.3957657814 3445392
74 9.5 2836229373.9560031891 3472583
75 9.5 2504659728.9732260704 3435518
76 9.5 2525041028.4028015137 3468753
77 9.5 2833376519.2729487419 3474321
78 9.5 2472631099.8169555664 3435788
79 9.5 2411784959.9506850243 3512907
80 9.5 2096865865.3438265324 3545797
81 9.5 2812535496.078622818 3596714
82 9.5 2424128163.9501214027 3579558
83 9.5 2614281956.0664925575 3460093
84 9.5 2530966974.3314590454 3480152
85 9.5 2266477551.8034977913 3439553
86 9.5 2135761755.1083459854 3473675
87 9.5 2598914875.1118001938 3439066
88 9.5 2592688967.7883667946 3485611
89 9.5 2327634290.9023256302 3475469
90 9.5 2346689684.0442428589 3440964
91 9.5 2662112495.5180745125 3520458
92 9.5 2915075037.6875705719 3551017
93 9.5 2579031625.9100756645 3583424
94 9.5 2882751471.2480216026 3575533
95 9.5 2504919498.1594138145 3468602
96 9.5 2889638896.6428794861 3470515
97 9.5 2229257389.8215165138 3437198
98 9.5 2558428847.2004060745 3469101
99 9.5 2916039172.2679433823 3466560
% Edges = 10
0 10 1927961379.3998491764 3619913
1 10 2928754104.5981516838 3647089
2 10 2320764382.5995540619 3645214
3 10 2484606352.7164998055 3633847
4 10 2650489632.8818430901 3751539
5 10 2276926448.4741983414 3755794
6 10 2235587960.5628957748 3739155
7 10 2470789133.966896534 3679992
8 10 2553418016.9408082962 3656823
9 10 2441046113.2307505608 3614052
10 10 2170082917.2816271782 3646351
11 10 2066063888.6141827106 3657783
12 10 2563582670.1356873512 3616174
13 10 2770264990.1861901283 3646041
14 10 2135181757.6026973724 3662199
15 10 2106281621.8699576855 3710198
16 10 1621176959.8495779037 3772726
17 10 2651986171.2638678551 3746543
18 10 2481839720.2210907936 3710995
19 10 2889766127.4345560074 3621272
20 10 2859217245.5172152519 3648366
21 10 2708407552.8786435127 3616299
22 10 2482122690.3554806709 3640676
23 10 2350162732.7474169731 3601676
24 10 2638547398.4277029037 3647464
25 10 2454852675.4375033379 3652490
26 10 3237336315.190059185 3617548
27 10 2582054693.7750005722 3727254
28 10 2758286820.567387104 3738965
29 10 2501313799.7733998299 3767342
30 10 2058418327.1863174438 3661713
31 10 2334647629.9081549644 3651163
32 10 2578984964.4198994637 3604593
33 10 3204710191.7000226974 3652220
34 10 2223142459.4942955971 3655418
35 10 2202922424.9821472168 3614469
36 10 2374236022.1598711014 3658211
37 10 2685816466.5794620514 3616127
38 10 2289293571.677022934 3702405
39 10 2573775471.7734436989 3755420
40 10 2525882426.8906998634 3755509
41 10 2080491731.9155151844 3760159
42 10 2403515814.7749648094 3610239
43 10 2369843082.6222829819 3657931
44 10 2118676854.6201045513 3619321
45 10 2205339762.6277532578 3654875
46 10 2124506791.7468783855 3611336
47 10 2380044630.6474571228 3649221
48 10 2375490914.4109973907 3654912
49 10 2451299233.4329209328 3636936
50 10 2466009912.0385327339 3777480
51 10 2203369697.0555410385 3736254
52 10 2329538214.4267525673 3750253
53 10 2688508754.9466953278 3638743
54 10 2081236847.3427419662 3644876
55 10 1735237325.3429741859 3642581
56 10 2113815708.0311493874 3628323
57 10 2545585128.3530759811 3659680
58 10 2201643801.5057601929 3617518
59 10 2472415287.6198244095 3644390
60 10 2680187289.3137636185 3627562
61 10 3187725016.5863404274 3690929
62 10 1983715780.6333668232 3763656
63 10 2333278428.2417912483 3746906
64 10 2316730196.9714508057 3762166
65 10 2317869766.3666062355 3626252
66 10 2221430051.1670804024 3652422
67 10 2462496183.9073557854 3612318
68 10 2405681222.8871192932 3645743
69 10 2647943633.7864685059 3656842
70 10 2038399570.7442922592 3620736
71 10 2384916301.9306516647 3652577
72 10 2661778914.8557806015 3631923
73 10 2398301092.731098175 3756674
74 10 2880157902.8066186905 3759387
75 10 2465240152.176823616 3739070
76 10 2577542715.7133998871 3704707
77 10 2410334680.3365268707 3616906
78 10 2228485043.2429585457 3662572
79 10 2554318975.6851220131 3622772
80 10 2294329020.1252465248 3659241
81 10 2114330889.8330640793 3643705
82 10 2023985906.1116120815 3650879
83 10 2289044043.2943782806 3647437
84 10 2101782615.486114502 3713780
85 10 2647022308.3761696815 3760050
86 10 2205184702.7425336838 3738327
87 10 2472650414.8502316475 3711627
88 10 2049803595.7519071102 3613099
89 10 1962459804.1187400818 3663411
90 10 2133995302.891505003 3617825
91 10 2370657132.0925607681 3663543
92 10 2475671088.0162453651 3624341
93 10 2046976835.6889462471 3667688
94 10 2268474014.7509350777 3796733
95 10 2431123829.5402579308 4486181
96 10 2230946960.2029438019 4016277
97 10 2603453415.0930938721 3804247
98 10 3258180596.5707683563 3510505
99 10 2105002308.0236651897 3643451
