% Edges = 0.1
0 0.1 2851708061.1618084908 39660
1 0.10000000149011611938 3046339965.9198889732 36136
2 0.10000000149011611938 0 35576
3 0.10000000149011611938 2685353675.294901371 34943
4 0.10000000149011611938 0 34812
5 0.10000000149011611938 3304177798.8467350006 35371
6 0.10000000149011611938 9159147877.4125785828 34808
7 0.10000000149011611938 11188291637.205842972 34944
8 0.10000000149011611938 3423867604.7671298981 34871
9 0.10000000149011611938 0 35003
10 0.10000000149011611938 0 35079
11 0.10000000149011611938 2638977830.897418499 34777
12 0.10000000149011611938 10251476874.367095947 34753
13 0.10000000149011611938 0 33961
14 0.10000000149011611938 4077988284.767911911 33970
15 0.10000000149011611938 0 33620
16 0.10000000149011611938 2816007174.2010159492 33643
17 0.10000000149011611938 5651931188.598285675 34524
18 0.10000000149011611938 0 33897
19 0.10000000149011611938 4979589932.2102251053 33836
20 0.10000000149011611938 2771842754.747651577 34166
21 0.10000000149011611938 3225570530.8303265572 34964
22 0.10000000149011611938 0 33667
23 0.10000000149011611938 3064167980.352203846 33781
24 0.10000000149011611938 0 33810
25 0.10000000149011611938 2900463572.5354452133 33671
26 0.10000000149011611938 0 34057
27 0.10000000149011611938 3230323997.5776925087 36820
28 0.10000000149011611938 0 38398
29 0.10000000149011611938 0 39040
30 0.10000000149011611938 0 38510
31 0.10000000149011611938 3853842638.1784071922 36834
32 0.10000000149011611938 0 36474
33 0.10000000149011611938 5656428768.5933761597 36279
34 0.10000000149011611938 2872223911.6307764053 35845
35 0.10000000149011611938 2799580085.246114254 35326
36 0.10000000149011611938 0 35657
37 0.10000000149011611938 0 35429
38 0.10000000149011611938 3152510784.3416376114 35187
39 0.10000000149011611938 6554710802.1652050018 35068
40 0.10000000149011611938 0 34957
41 0.10000000149011611938 2614410212.473382473 34636
42 0.10000000149011611938 0 34903
43 0.10000000149011611938 0 34589
44 0.10000000149011611938 3084881957.5110201836 34427
45 0.10000000149011611938 0 34408
46 0.10000000149011611938 3051497669.788872242 35314
47 0.10000000149011611938 0 37625
48 0.10000000149011611938 6034207340.0104751587 34002
49 0.10000000149011611938 2993051906.0530457497 34437
50 0.10000000149011611938 0 34419
51 0.10000000149011611938 2901535100.2332224846 34172
52 0.10000000149011611938 9049501126.4302387238 34273
53 0.10000000149011611938 3252785654.6501402855 34235
54 0.10000000149011611938 0 33994
55 0.10000000149011611938 0 34086
56 0.10000000149011611938 6308654697.5928878784 33770
57 0.10000000149011611938 3234742670.7958693504 34138
58 0.10000000149011611938 3330216912.9818878174 33811
59 0.10000000149011611938 0 33880
60 0.10000000149011611938 2841789156.6116485596 34126
61 0.10000000149011611938 0 33973
62 0.10000000149011611938 7299508561.2115726471 33879
63 0.10000000149011611938 2855135582.2354812622 33932
64 0.10000000149011611938 0 33921
65 0.10000000149011611938 0 34016
66 0.10000000149011611938 0 33917
67 0.10000000149011611938 2731095785.0964207649 33785
68 0.10000000149011611938 0 34074
69 0.10000000149011611938 3344610703.0796313286 33681
70 0.10000000149011611938 0 33942
71 0.10000000149011611938 0 33949
72 0.10000000149011611938 0 33665
73 0.10000000149011611938 6397265805.5965414047 37209
74 0.10000000149011611938 9386848030.4639778137 37123
75 0.10000000149011611938 5077323553.2700252533 36850
76 0.10000000149011611938 2988391457.0028223991 35761
77 0.10000000149011611938 0 35211
78 0.10000000149011611938 0 34863
79 0.10000000149011611938 5946469183.2627658844 34912
80 0.10000000149011611938 0 34788
81 0.10000000149011611938 0 34953
82 0.10000000149011611938 0 34883
83 0.10000000149011611938 0 34757
84 0.10000000149011611938 5608231902.6819028854 34906
85 0.10000000149011611938 6408949622.4202337265 34820
86 0.10000000149011611938 0 34911
87 0.10000000149011611938 0 34656
88 0.10000000149011611938 3070910564.3013753891 34183
89 0.10000000149011611938 2357184553.4033470154 33475
90 0.10000000149011611938 5793182355.6312236786 33893
91 0.10000000149011611938 0 33506
92 0.10000000149011611938 2927195558.9533686638 34471
93 0.10000000149011611938 0 33547
94 0.10000000149011611938 0 33492
95 0.10000000149011611938 6622863224.0720643997 33611
96 0.10000000149011611938 0 34049
97 0.10000000149011611938 3029514970.1388998032 34875
98 0.10000000149011611938 0 33873
99 0.10000000149011611938 7073165803.2208175659 33829
% Edges = 0.25
0 0.25 0 89691
1 0.25 3920477747.8049678802 86907
2 0.25 6919294610.8844051361 88645
3 0.25 2289118868.3648095131 86564
4 0.25 3208385903.7356710434 86277
5 0.25 1177518249.5231406689 86641
6 0.25 3706328615.293422699 86036
7 0.25 2587613906.5471405983 86341
8 0.25 1134318835.7069144249 87554
9 0.25 6065078548.5820999146 89329
10 0.25 2285494066.0844960213 86679
11 0.25 0 86283
12 0.25 5666126158.7165966034 85790
13 0.25 1214547614.0088121891 85921
14 0.25 0 85890
15 0.25 1093635469.2487840652 85808
16 0.25 5708179010.7630872726 86837
17 0.25 0 86136
18 0.25 4870472670.9379444122 86310
19 0.25 1224363635.7387316227 93487
20 0.25 0 92571
21 0.25 2446530898.6670684814 88903
22 0.25 4001755710.6103143692 89392
23 0.25 2275110816.9332962036 89045
24 0.25 1080749896.7811808586 88546
25 0.25 1307775211.2831428051 86737
26 0.25 0 86083
27 0.25 1275460634.3331778049 85690
28 0.25 3806989778.0379095078 86824
29 0.25 2408224284.8707060814 86052
30 0.25 1224831628.5163691044 86072
31 0.25 2253409366.4850950241 87136
32 0.25 2219392160.7977952957 87890
33 0.25 3197216113.1037621498 86947
34 0.25 2702593410.5707631111 86023
35 0.25 0 85976
36 0.25 1285867131.9561374187 86200
37 0.25 1247863558.543970108 86291
38 0.25 3786960610.9979915619 91442
39 0.25 2595198726.9582161903 87583
40 0.25 3475401458.2810640335 86292
41 0.25 0 86127
42 0.25 0 86434
43 0.25 3720912607.6447486877 86025
44 0.25 1220377032.6435496807 86353
45 0.25 1215990955.1134297848 86333
46 0.25 2353101451.3373203278 85909
47 0.25 4728619023.8598651886 85952
48 0.25 1183804514.5185616016 86381
49 0.25 0 91846
50 0.25 1226314781.3949229717 92807
51 0.25 1333341781.996329546 89098
52 0.25 2639016465.0080633163 88694
53 0.25 2428143269.3988857269 88708
54 0.25 1154857805.9743723869 88746
55 0.25 1252077903.6744837761 87104
56 0.25 2656497341.7128663063 86447
57 0.25 3202484239.0390882492 85821
58 0.25 1312488835.5953154564 87500
59 0.25 1121183035.4732189178 86874
60 0.25 0 86060
61 0.25 1163118917.7808508873 88793
62 0.25 4540014488.1404743195 86513
63 0.25 2447275823.8659787178 85949
64 0.25 5229926123.858959198 86445
65 0.25 0 86142
66 0.25 2609444038.0318722725 86219
67 0.25 1217858693.700532198 86266
68 0.25 1214101885.1912825108 89543
69 0.25 5678539006.1912755966 87206
70 0.25 2263690271.359439373 86533
71 0.25 0 86274
72 0.25 5747804365.2812147141 86094
73 0.25 5103574412.9436101913 86300
74 0.25 1169530331.5706579685 86622
75 0.25 1122671696.9913711548 85739
76 0.25 0 86381
77 0.25 2494644459.5390143394 86153
78 0.25 3664823893.6937026978 86145
79 0.25 1200564583.9095902443 94083
80 0.25 0 91497
81 0.25 2658727994.3857684135 88706
82 0.25 1279253477.7719857693 88747
83 0.25 3304265967.9232397079 88629
84 0.25 2375422069.1209845543 88757
85 0.25 1110698783.1475048065 87081
86 0.25 2682501816.3392329216 87434
87 0.25 2157802144.4207110405 85715
88 0.25 2461590439.2195339203 87225
89 0.25 2960037095.8511738777 85898
90 0.25 1212734583.1154983044 86366
91 0.25 2409906992.7409076691 87686
92 0.25 1407331489.529542923 85529
93 0.25 3719821956.8930068016 85699
94 0.25 5308813575.1193962097 85789
95 0.25 1211963967.7999031544 85909
96 0.25 2424883475.8369293213 86445
97 0.25 2174379814.0147356987 86424
98 0.25 5036787468.8514041901 90251
99 0.25 0 85911
% Edges = 0.5
0 0.5 641201865.56259810925 174896
1 0.5 1737605632.497179985 174789
2 0.5 1148436220.9866676331 174247
3 0.5 2943245275.4251699448 173929
4 0.5 1745401185.8808135986 186811
5 0.5 1965070148.0588228703 179048
6 0.5 1883448167.1133198738 179990
7 0.5 3859963907.0902981758 173605
8 0.5 2442799115.2777047157 173829
9 0.5 597954495.0380358696 172986
10 0.5 1671872273.4958648682 175576
11 0.5 3583881771.6253180504 172378
12 0.5 1294323103.4219577312 172558
13 0.5 2534326180.6562523842 176675
14 0.5 3938630553.5336284637 174013
15 0.5 1829066792.9654192924 174262
16 0.5 1814534693.6259362698 173942
17 0.5 2970345799.5906853676 173849
18 0.5 1162919418.5347414017 185012
19 0.5 3444141609.4998073578 180382
20 0.5 1778111973.9753108025 180533
21 0.5 6155261757.9583272934 176969
22 0.5 1220860643.5609593391 176987
23 0.5 2353839178.0550003052 174694
24 0.5 1766679977.4360928535 175368
25 0.5 1788389123.2192344666 173326
26 0.5 1769792769.5470890999 175174
27 0.5 604388962.14577615261 178149
28 0.5 4647164881.0101575851 174004
29 0.5 1277404823.6847231388 173373
30 0.5 584322892.53139710426 173944
31 0.5 3660739572.22286129 173709
32 0.5 4620951952.1418628693 177076
33 0.5 2275158263.3777618408 184984
34 0.5 2482694282.1766824722 179470
35 0.5 1708683808.193171978 178543
36 0.5 2708164071.9207816124 173884
37 0.5 3271887400.2007827759 174515
38 0.5 2572075209.5611004829 175592
39 0.5 3412321505.0352468491 172891
40 0.5 2908218250.5405859947 172898
41 0.5 3485577390.9237537384 173287
42 0.5 5966313466.0779829025 177307
43 0.5 2975124434.0085077286 173128
44 0.5 1838642526.3907792568 173971
45 0.5 579822259.85543906689 173404
46 0.5 1607391556.8747403622 174552
47 0.5 2018303009.8793694973 184959
48 0.5 630300221.4619410038 180363
49 0.5 3581849450.6791582108 180539
50 0.5 5104701276.3003988266 177397
51 0.5 3565922839.5181894302 175915
52 0.5 1172006287.0224788189 174541
53 0.5 1941929655.9683585167 174971
54 0.5 3047773521.4232187271 173133
55 0.5 1885185210.8063871861 173150
56 0.5 535075064.86982148886 177876
57 0.5 2885880770.0532822609 173415
58 0.5 1233177666.1295912266 173994
59 0.5 4243720297.5746035576 173379
60 0.5 1213364195.5575239658 173302
61 0.5 1194116385.6655254364 173655
62 0.5 2374764027.2174692154 187390
63 0.5 3001901270.5144987106 179151
64 0.5 1870769341.9971208572 180964
65 0.5 0 175549
66 0.5 622811260.5809044838 174991
67 0.5 1134252716.2004294395 173392
68 0.5 3032139394.0710020065 176249
69 0.5 600384337.61810207367 174341
70 0.5 3857172231.1415920258 174040
71 0.5 4813265424.2843551636 176861
72 0.5 5400613028.1545352936 173507
73 0.5 1682273194.0068135262 174078
74 0.5 2341624199.560104847 174079
75 0.5 1130137928.8354179859 174033
76 0.5 622789397.91170108318 180021
77 0.5 1253132017.6250135899 183256
78 0.5 4306007324.4458599091 181392
79 0.5 4514030920.0136957169 177846
80 0.5 3968770745.8700389862 175062
81 0.5 2391529318.9826197624 174778
82 0.5 3059520037.8276228905 173286
83 0.5 4731303369.6190738678 177292
84 0.5 1874966869.1077299118 174623
85 0.5 3328511629.6348743439 173190
86 0.5 4106495133.6016097069 179176
87 0.5 3916401276.1918907166 173681
88 0.5 1875888417.7339248657 174512
89 0.5 0 173564
90 0.5 2286477636.2147216797 174072
91 0.5 2341920650.6611590385 180721
92 0.5 1225668558.4478154182 184103
93 0.5 4055842560.0231204033 181567
94 0.5 3141050586.6137247086 178723
95 0.5 3098983398.5586910248 176002
96 0.5 633637381.26001060009 175694
97 0.5 3998828942.5518598557 176779
98 0.5 2755104975.4858489037 174246
99 0.5 1810763124.3025398254 173766
% Edges = 0.75
0 0.75 1840515719.8659529686 262843
1 0.75 3334108156.7477827072 259643
2 0.75 3657753542.1935558319 260416
3 0.75 3197381240.6041355133 259349
4 0.75 2340743558.2343525887 274537
5 0.75 1208641853.4834313393 269292
6 0.75 2988099020.3649315834 261948
7 0.75 3534376091.3353233337 259740
8 0.75 1608183395.7800247669 259927
9 0.75 2076931064.0100488663 257865
10 0.75 403122617.33330792189 262831
11 0.75 1928136377.0373365879 259495
12 0.75 2361255242.6484889984 260485
13 0.75 2109518449.8883776665 259459
14 0.75 0 276129
15 0.75 3662389221.5610575676 269648
16 0.75 1984411002.8330693245 260416
17 0.75 2768213151.0587148666 258809
18 0.75 3181097928.3464889526 260306
19 0.75 1558607643.8862848282 257907
20 0.75 1525164791.9685297012 263161
21 0.75 2458401523.1724667549 258060
22 0.75 3180471799.2103714943 260031
23 0.75 3612616588.2869153023 260952
24 0.75 1172159599.8507275581 275957
25 0.75 2837531781.9656915665 267496
26 0.75 4332542797.587677002 259338
27 0.75 1184025171.9370648861 262219
28 0.75 2701622724.8355164528 273991
29 0.75 4037223822.4585986137 271436
30 0.75 2496019876.9384508133 270309
31 0.75 2413583988.0106458664 264370
32 0.75 2849457597.1141281128 262642
33 0.75 436004114.20776343346 271910
34 0.75 2129280470.5668637753 273577
35 0.75 2850597390.9258751869 266773
36 0.75 1981755978.0372033119 269720
37 0.75 2324359406.2049264908 275715
38 0.75 2745232011.6017832756 268305
39 0.75 2937921883.1313428879 269658
40 0.75 2910215026.2088155746 262231
41 0.75 3618194841.1657681465 261591
42 0.75 1998944807.9176230431 262166
43 0.75 2231386892.155579567 275759
44 0.75 1097331534.7105867863 274010
45 0.75 2954821240.574865818 283150
46 0.75 2678347455.0710525513 271831
47 0.75 2502071504.8290710449 268189
48 0.75 2067340524.0852668285 264300
49 0.75 1957050790.2471067905 266385
50 0.75 2301227275.8404340744 262637
51 0.75 1942589235.6413350105 263137
52 0.75 2000344392.1449673176 264267
53 0.75 1701353569.8233668804 301015
54 0.75 1677886007.9599466324 278920
55 0.75 755694977.4798116684 268245
56 0.75 2510080095.2687511444 264015
57 0.75 1616103419.4462049007 265730
58 0.75 1578721652.3359305859 262030
59 0.75 1134459107.9725074768 267570
60 0.75 760216729.71391737461 266464
61 0.75 1575650054.1597003937 285311
62 0.75 1642690404.6269505024 285347
63 0.75 2735432568.8466506004 276081
64 0.75 1211068109.113462925 270688
65 0.75 1509223609.8202245235 264971
66 0.75 1161016560.026185751 264370
67 0.75 4366206595.9783973694 261535
68 0.75 3217903497.3770284653 271117
69 0.75 1929797906.9234008789 284971
70 0.75 2734210865.599676609 271938
71 0.75 1998951109.0063886642 267002
72 0.75 2414832521.2498464584 278322
73 0.75 1571623549.0064959526 272082
74 0.75 1579125881.372658968 264425
75 0.75 1972056878.7303743362 262529
76 0.75 2841238099.3916416168 274750
77 0.75 1979745958.0452141762 285004
78 0.75 2091658295.8374836445 275534
79 0.75 1186319748.351095438 266107
80 0.75 2379201388.4333648682 263034
81 0.75 3342645525.8855786324 266686
82 0.75 2275413513.3699464798 277109
83 0.75 3607783082.8329191208 268828
84 0.75 1909306411.639629364 278396
85 0.75 2509274105.7776079178 286603
86 0.75 3112002332.00679636 271963
87 0.75 1533976506.0172922611 267220
88 0.75 2058854809.8179433346 268869
89 0.75 4115116006.7288360596 263489
90 0.75 1200089940.0298540592 261906
91 0.75 3245166310.5519523621 274601
92 0.75 3458536074.837720871 285529
93 0.75 3382774670.5948967934 278959
94 0.75 1200223944.6126053333 267928
95 0.75 1645115874.0084486008 264971
96 0.75 2046593785.951744318 262078
97 0.75 5043215869.212805748 264548
98 0.75 2206528584.5324959755 261140
99 0.75 1927902873.0255742073 260825
% Edges = 1
0 1 2323216382.8610668182 388304
1 1 582888267.76912379265 375445
2 1 2056391865.4589722157 362884
3 1 2375140736.9185504913 359670
4 1 2058979520.8975491524 354818
5 1 3540332105.1090927124 359229
6 1 1174842558.1851756573 378449
7 1 3726025874.8342380524 379974
8 1 1795681354.3802380562 367276
9 1 1169051650.7569372654 357654
10 1 2619191649.1928749084 356152
11 1 1772368755.3477854729 358691
12 1 1542193584.875939846 387968
13 1 2677559638.2457518578 364998
14 1 1761377629.0909175873 374728
15 1 1721977743.4382808208 367317
16 1 1789612244.5790185928 356532
17 1 4504586974.8142595291 359014
18 1 1236428206.3416571617 387742
19 1 1814280915.3265399933 369286
20 1 2232709022.0504751205 359683
21 1 3654699141.635310173 371311
22 1 2346869619.4540266991 364186
23 1 2024444928.4734432697 364614
24 1 1476429313.4714484215 385100
25 1 2037571475.9895465374 366082
26 1 2345366381.8925795555 363213
27 1 3303848707.3736562729 358917
28 1 2477838733.633849144 369318
29 1 2757802394.7204022408 386723
30 1 1777312338.129991293 379652
31 1 1829355332.0104231834 363347
32 1 2186182391.099864006 356590
33 1 3440822680.2003264427 360183
34 1 2447069676.625711441 352972
35 1 2533000182.841823101 394222
36 1 2580835558.6443796158 386843
37 1 2422033162.987098217 363286
38 1 4501532786.4119167328 359606
39 1 2152322258.2180728912 355704
40 1 3524472511.7687797546 355582
41 1 1499556183.231089592 388510
42 1 2048564456.6166782379 381713
43 1 3022025946.1459202766 372657
44 1 3345869481.154651165 357660
45 1 2063606861.7137653828 355133
46 1 2432967445.5695462227 352191
47 1 1830363706.3650906086 387343
48 1 1708011983.1672301292 361171
49 1 1248607691.4077394009 364774
50 1 1244499312.191921711 366920
51 1 1449442386.7900788784 354302
52 1 1248821652.2712893486 357333
53 1 929727592.30568110943 351927
54 1 2682288329.0605764389 355865
55 1 2347736516.4836435318 353941
56 1 2961212091.1722736359 352295
57 1 1471056734.7700927258 370772
58 1 2664431790.111946106 358662
59 1 2027049405.1265201569 352954
60 1 2758389187.7172737122 355186
61 1 2169607513.1989731789 356366
62 1 2627242663.7387509346 351956
63 1 1399595756.0044267178 351604
64 1 3269076274.8923583031 370593
65 1 1565440995.0020422935 381175
66 1 2450627065.0052337646 365514
67 1 3052300984.9184169769 359231
68 1 4508364339.5306835175 361000
69 1 2164169571.565015316 352039
70 1 2367508261.4877038002 355937
71 1 2181043292.4121804237 383366
72 1 2736519846.7495150566 368623
73 1 1716335374.4415078163 357980
74 1 3952949643.5376534462 357200
75 1 1901665626.0770897865 352866
76 1 3673988146.2201766968 357346
77 1 2906517279.7574033737 379653
78 1 2166902697.0354647636 377316
79 1 1742499925.0716238022 369940
80 1 1892263718.5000166893 358293
81 1 1738032071.5699017048 356463
82 1 3362338676.0101356506 356982
83 1 2664410330.323469162 387701
84 1 2358379698.5694403648 364197
85 1 2461103097.0511760712 372115
86 1 2450812338.3040237427 369064
87 1 3808197052.1641263962 358351
88 1 1798310325.1878995895 360430
89 1 4040856071.3916378021 380590
90 1 4529892998.0653762817 367372
91 1 2105699535.1903281212 356744
92 1 1485969495.0169835091 358708
93 1 890587488.47308421135 373032
94 1 2164997864.2702851295 367654
95 1 2408920686.644033432 380682
96 1 4180872869.4071540833 363198
97 1 2749983659.2077674866 360007
98 1 2870649395.2810664177 353226
99 1 2767275239.2963085175 353940
% Edges = 1.25
0 1.25 3355959223.5240578651 484927
1 1.25 1851452859.8713963032 466039
2 1.25 2750885205.5953207016 446580
3 1.25 1670944677.895730257 443557
4 1.25 2403511809.7124476433 439488
5 1.25 3012839765.7782249451 491066
6 1.25 2328015337.3859968185 467114
7 1.25 1893571867.7014875412 447604
8 1.25 5272542028.9371004105 441857
9 1.25 2297754652.6093597412 450005
10 1.25 1391744762.7489564419 466110
11 1.25 2123360758.4945383072 467346
12 1.25 1812930538.0010931492 446649
13 1.25 2301239685.287135601 440296
14 1.25 3050179427.098903656 455486
15 1.25 2664881926.4328989983 452415
16 1.25 3081128253.0750455856 453886
17 1.25 1653264527.734085083 456130
18 1.25 2201855702.2565851212 440500
19 1.25 1908210394.2540748119 464848
20 1.25 3398681633.0010027885 454715
21 1.25 2905376463.967833519 442322
22 1.25 742864412.70540046692 457033
23 1.25 3372585009.4381132126 450108
24 1.25 2887434976.6967468262 474744
25 1.25 2812613174.6702241898 448486
26 1.25 2732844945.5406064987 445960
27 1.25 2106497546.4970734119 439983
28 1.25 2822507367.7223234177 470358
29 1.25 2307659031.6412267685 478144
30 1.25 1259459160.6972153187 453184
31 1.25 1944552347.9875056744 446910
32 1.25 1924382140.913544178 439057
33 1.25 1949319750.1952271461 474281
34 1.25 2225952274.213824749 477462
35 1.25 2733480565.8737230301 447825
36 1.25 2604669837.4898228645 441799
37 1.25 2284362155.6038694382 443689
38 1.25 1170197344.0581703186 478409
39 1.25 1705548505.2749593258 472883
40 1.25 2426613790.5549607277 452640
41 1.25 3030493157.3728189468 442026
42 1.25 3039716569.6740398407 442676
43 1.25 2942463165.2456283569 487344
44 1.25 2995139504.8245453835 448666
45 1.25 1894573362.0158829689 464878
46 1.25 1288514426.6074399948 445647
47 1.25 3268583683.967338562 467631
48 1.25 2097311966.3478610516 470335
49 1.25 2566254733.1458745003 442684
50 1.25 2629918752.476893425 449184
51 1.25 3337388126.9099550247 455923
52 1.25 2115545840.7281851768 474007
53 1.25 2746333408.9073266983 450574
54 1.25 1391919833.9221251011 443177
55 1.25 2018682232.3946428299 438870
56 1.25 3245385006.0319666862 454576
57 1.25 2132165649.9752135277 447309
58 1.25 4309803905.9014062881 439658
59 1.25 2381251628.0332632065 434512
60 1.25 2439408610.6042761803 441203
61 1.25 2680574939.0394263268 440349
62 1.25 1497263031.0791807175 456737
63 1.25 2127698959.8102154732 443328
64 1.25 2621468775.448413372 441358
65 1.25 1538697951.6505212784 438046
66 1.25 736325308.28492975235 454507
67 1.25 1969514187.7168493271 457779
68 1.25 1626239800.5724740028 467501
69 1.25 2504615988.3744440079 446377
70 1.25 2694331892.2940154076 442579
71 1.25 3875118657.7876739502 457774
72 1.25 2768249238.8553595543 452715
73 1.25 1504824967.2470591068 444989
74 1.25 2077394163.196428299 464507
75 1.25 3444800235.9035902023 451592
76 1.25 1888751178.569478035 465816
77 1.25 2184922830.6397242546 459076
78 1.25 2833394186.9222717285 448136
79 1.25 1425031665.8265762329 454623
80 1.25 3783895675.3105063438 451235
81 1.25 2139412786.6259324551 473722
82 1.25 1893952906.0606458187 451498
83 1.25 2095308335.3354179859 447404
84 1.25 2576736457.0668840408 439951
85 1.25 2162221736.3099956512 456573
86 1.25 3114744197.6933236122 483600
87 1.25 2114813095.3739233017 449254
88 1.25 3411935753.049454689 445678
89 1.25 1814098839.0367898941 445291
90 1.25 2060776553.4303121567 454110
91 1.25 3093084085.8826041222 474167
92 1.25 2883831509.8662667274 460423
93 1.25 2607296749.8924608231 441379
94 1.25 3597296384.576394558 442742
95 1.25 2118133812.3221623898 472064
96 1.25 2946011307.1326646805 457412
97 1.25 2631450118.4060440063 456793
98 1.25 2464607033.2595672607 455042
99 1.25 2282840564.3216810226 440318
% Edges = 1.5
0 1.5 1874321237.5999488831 575362
1 1.5 2407732543.3880910873 538557
2 1.5 3560237439.9181075096 526057
3 1.5 2427411128.9911499023 553810
4 1.5 1408967653.6511456966 559982
5 1.5 1806791437.2327680588 535168
6 1.5 1799453338.4910700321 529533
7 1.5 2299545471.9646348953 528988
8 1.5 1843143590.3695244789 572521
9 1.5 1773303009.0260100365 534447
10 1.5 4511578238.5987768173 527806
11 1.5 2517042987.076649189 536981
12 1.5 2304897895.0511865616 554547
13 1.5 2921629732.9699454308 555769
14 1.5 2816646730.4722146988 533197
15 1.5 2535425159.6088013649 535783
16 1.5 2795935078.6957187653 558296
17 1.5 1867187067.82122159 532104
18 1.5 2073393950.2949683666 555200
19 1.5 1947635212.8205153942 543226
20 1.5 2768953890.8423786163 559370
21 1.5 1200652952.6633980274 537040
22 1.5 2957320221.4045257568 527249
23 1.5 2198797574.220366478 572986
24 1.5 1599822955.2147274017 556524
25 1.5 2952351922.8846611977 534913
26 1.5 2231486461.7992920876 531208
27 1.5 2138830379.852615118 551533
28 1.5 2332873027.4184660912 578234
29 1.5 3706825401.282936573 533652
30 1.5 2501547288.7070446014 527685
31 1.5 2028790939.1768620014 560699
32 1.5 1764821038.9261627197 549420
33 1.5 2488057074.9089994431 553788
34 1.5 2807059292.7061944008 529925
35 1.5 2629410613.0253901482 563421
36 1.5 3180868337.2179422379 548487
37 1.5 2056007763.7094318867 529925
38 1.5 2061342899.6487095356 544736
39 1.5 2136002670.741682291 560848
40 1.5 1402750635.4410870075 539180
41 1.5 3284127532.2117853165 530604
42 1.5 2396722142.1577048302 523890
43 1.5 3513057624.240524292 540806
44 1.5 1253346912.8766684532 533517
45 1.5 2828393906.3304190636 523942
46 1.5 1969211048.6639142036 528484
47 1.5 1968031051.531308651 521834
48 1.5 3648214339.7695198059 538878
49 1.5 2271589312.2963089943 535177
50 1.5 3346659834.1147994995 524457
51 1.5 1588730978.3909399509 542959
52 1.5 2286889046.4418430328 539140
53 1.5 1811514539.103099823 544005
54 1.5 1419035833.4790303707 540681
55 1.5 2296480709.7990822792 542007
56 1.5 2112141940.4071209431 543457
57 1.5 3058499384.023853302 530488
58 1.5 2063111929.774559021 530191
59 1.5 2612339148.576294899 565445
60 1.5 2565379170.0537581444 547424
61 1.5 2485911733.4982442856 534064
62 1.5 2697294421.6199479103 530095
63 1.5 1904049314.5224599838 544540
64 1.5 2021783394.3815469742 575780
65 1.5 2091888867.8132345676 534874
66 1.5 2822895514.1607170105 532177
67 1.5 2759876916.0606989861 551572
68 1.5 2319511276.0157923698 547309
69 1.5 1820346537.2684390545 556118
70 1.5 1849079149.0554876328 530828
71 1.5 2077528405.1629595757 550690
72 1.5 1266446293.3357892036 547077
73 1.5 3515037591.6582040787 527733
74 1.5 2896805521.1467971802 547225
75 1.5 1171985498.4171628952 559029
76 1.5 2964708475.6948881149 544852
77 1.5 2576175998.1188802719 532691
78 1.5 1885123860.8604557514 524921
79 1.5 2245694409.3951296806 579388
80 1.5 1346193049.929500103 547689
81 1.5 2208293313.7922062874 533414
82 1.5 4241076351.1217312813 528341
83 1.5 1798036853.514141798 550121
84 1.5 1408269542.945091486 561126
85 1.5 2064073217.3134582043 531268
86 1.5 1943224940.3070540428 528784
87 1.5 3159840346.377477169 550481
88 1.5 3055678645.713408947 534541
89 1.5 2036513925.9335365295 554190
90 1.5 3329815011.0675916672 525916
91 1.5 3555208262.0019483566 555620
92 1.5 1742245693.1563029289 539761
93 1.5 2281117047.6591897011 526443
94 1.5 2378545329.3170318604 550134
95 1.5 3025221793.450966835 560222
96 1.5 2628321756.4471940994 539699
97 1.5 2877253320.4185857773 530605
98 1.5 2000810133.5570354462 524881
99 1.5 1593860982.7965962887 583260
% Edges = 1.75
0 1.75 1863416217.1160228252 630816
1 1.75 1629590473.9140410423 618588
2 1.75 2434380936.1621522903 628754
3 1.75 2759694119.8078975677 664399
4 1.75 2797063278.7937483788 629426
5 1.75 2587622825.0578722954 616594
6 1.75 1041037198.9229271412 665563
7 1.75 3711847132.1798934937 622461
8 1.75 2090089914.7836065292 633989
9 1.75 3138898402.8072032928 654940
10 1.75 2759798456.4046278 633495
11 1.75 3767157061.0854678154 612660
12 1.75 3937427922.5402226448 640702
13 1.75 2478584992.1775302887 667428
14 1.75 2365370396.3833045959 624482
15 1.75 3300227645.7337489128 611256
16 1.75 2198663689.779624939 664079
17 1.75 3037530490.8608288765 633281
18 1.75 1879025063.5362279415 612284
19 1.75 3639506979.4619092941 612649
20 1.75 3574384700.5613636971 606750
21 1.75 2902107777.9620685577 636237
22 1.75 1917560278.8145337105 612792
23 1.75 2068904158.7550840378 614656
24 1.75 2780387629.7085447311 609884
25 1.75 2407460677.4760942459 628338
26 1.75 4088886701.3500113487 643025
27 1.75 2738704550.0396261215 632120
28 1.75 1220210783.5146198273 621982
29 1.75 2097918019.4012174606 623492
30 1.75 1511264574.0283746719 660670
31 1.75 1965063821.653829813 620473
32 1.75 2968404761.5232791901 615551
33 1.75 1503119269.3442382812 633677
34 1.75 1871124708.577899456 656513
35 1.75 3123524249.1395015717 623611
36 1.75 2253768151.933658123 618677
37 1.75 2962883222.4536643028 652073
38 1.75 2401513484.8441386223 640733
39 1.75 2771578116.5925731659 627134
40 1.75 3188284468.933134079 644936
41 1.75 1403680095.8822526932 630182
42 1.75 2079497531.6763978004 616279
43 1.75 4324876147.9639463425 657285
44 1.75 3378609230.6374855042 642158
45 1.75 2065573780.7333221436 623035
46 1.75 1927662355.1006541252 611669
47 1.75 2223704606.3235702515 675796
48 1.75 2564595538.1539497375 628561
49 1.75 3305514001.0745091438 618569
50 1.75 3303153945.6273341179 642736
51 1.75 2033562184.3557772636 656746
52 1.75 2220530064.5291275978 625022
53 1.75 2364674129.4325866699 619845
54 1.75 1684070833.0977096558 645470
55 1.75 2579572374.0053782463 633600
56 1.75 2006567901.508554697 625790
57 1.75 1836769726.4298160076 638537
58 1.75 1688644615.5409431458 623342
59 1.75 2565183999.40645504 614407
60 1.75 2098610003.0473530293 662189
61 1.75 1173763891.9936649799 633110
62 1.75 1692803287.6727559566 620186
63 1.75 2786714142.995010376 611236
64 1.75 2326521236.2533364296 675387
65 1.75 2400159563.0262904167 625747
66 1.75 1907109017.4117367268 614379
67 1.75 2455747800.9703130722 647086
68 1.75 2090721988.0774497986 647104
69 1.75 2246172979.2828712463 629455
70 1.75 2271375372.2105436325 625486
71 1.75 2875844172.1260347366 652236
72 1.75 3131616144.1686096191 621314
73 1.75 2244348729.4352202415 638226
74 1.75 2200043909.7365756035 662666
75 1.75 1711241173.1180348396 623984
76 1.75 2554777441.0243220329 613001
77 1.75 2452898133.6969981194 672161
78 1.75 2515021543.6962275505 636354
79 1.75 2400381284.2016377449 614027
80 1.75 2611460662.6720042229 615205
81 1.75 2792330943.825053215 683339
82 1.75 2620572068.3000221252 628770
83 1.75 2769322763.426094532 612079
84 1.75 1831376289.4464147091 650514
85 1.75 2230235919.0617241859 627736
86 1.75 1707901325.8534333706 633202
87 1.75 1252661837.3730115891 611659
88 1.75 2488032431.7850928307 611400
89 1.75 2164620330.8682160378 609893
90 1.75 3594105711.2312602997 631152
91 1.75 2146689132.5741775036 615319
92 1.75 3679456394.4019732475 609001
93 1.75 1629707412.4352574348 612876
94 1.75 3441798092.4239721298 637664
95 1.75 3812380321.4948997498 645322
96 1.75 2659530799.0776667595 622131
97 1.75 2391766961.8232040405 616837
98 1.75 2323634804.5040616989 638452
99 1.75 1884153869.883187294 642462
% Edges = 2
0 2 2696286659.14590168 736546
1 2 2096575501.4803307056 770220
2 2 2673150176.2217082977 760745
3 2 2284399548.2991018295 775894
4 2 2231110568.5033473969 790835
5 2 1901278707.942399025 762159
6 2 2538184076.3113603592 771242
7 2 2237970180.6000790596 791149
8 2 2450328704.040292263 762604
9 2 3027101806.1586170197 761643
10 2 1790754337.8433692455 800539
11 2 3364072881.1222743988 753708
12 2 3606512934.4553852081 781107
13 2 2220228550.2400918007 783396
14 2 2901726436.5989522934 760009
15 2 3213441519.5772247314 791888
16 2 2512004191.547917366 760877
17 2 2608586489.8580965996 771985
18 2 2066437395.3225560188 782684
19 2 3504570459.7752585411 754076
20 2 2548657467.9502849579 775155
21 2 1899238577.8020617962 774686
22 2 2382638754.7353115082 754269
23 2 1813214146.4919700623 768015
24 2 2675295569.0403790474 790312
25 2 2940384533.9826068878 753211
26 2 1930438195.8772745132 783536
27 2 3072292999.3820061684 781626
28 2 2622821836.4334368706 757614
29 2 2091087796.5032191277 794850
30 2 1352209965.2233111858 758135
31 2 1466620990.987187624 779214
32 2 1800125275.1977107525 790120
33 2 2388984168.6475281715 756941
34 2 2251190858.1631741524 779917
35 2 2866994022.6834859848 792775
36 2 1503665338.1562745571 756979
37 2 1628040919.8659088612 789463
38 2 3504202844.910074234 785445
39 2 2527259496.3989191055 749517
40 2 1976187723.4950163364 804837
41 2 1428906939.5293953419 767628
42 2 2438251912.6854887009 759109
43 2 3317092073.3434681892 785659
44 2 3251635192.0638751984 747505
45 2 2066393059.4852170944 768198
46 2 2717726803.9756379128 745885
47 2 2021181813.4534671307 746050
48 2 2755352477.0149970055 755162
49 2 3104786213.237077713 787169
50 2 2695514276.8462324142 753472
51 2 2364059651.2342920303 771506
52 2 2180466004.5058917999 777685
53 2 2603830359.4006175995 761281
54 2 2510980375.781047821 781816
55 2 1797063563.7127161026 759760
56 2 2834230857.0651926994 777388
57 2 2589027402.2563176155 792230
58 2 2206918839.0667796135 760438
59 2 2078057663.5125904083 766413
60 2 2561513090.5125908852 794999
61 2 2392759015.747947216 753933
62 2 2930983681.9704756737 758658
63 2 3448017487.2991461754 800800
64 2 3362352958.1304516792 759718
65 2 2112332953.9257216454 781711
66 2 3637881587.4909582138 783606
67 2 3507054771.9594936371 760298
68 2 2239782267.0567579269 796495
69 2 3171902682.6976332664 756213
70 2 2347358583.9437332153 772507
71 2 1945081625.9619078636 784731
72 2 2897432306.0199356079 753768
73 2 1765425408.3427214622 771803
74 2 1691764388.061514616 775735
75 2 2697222249.0792036057 757409
76 2 1325967684.9968161583 762215
77 2 2555383603.7729144096 789980
78 2 3154035311.0925135612 753054
79 2 2282863310.8314733505 780339
80 2 3328434898.5979671478 776233
81 2 2990320745.9715185165 760722
82 2 2668511871.5692081451 792849
83 2 1778032915.4069116116 755455
84 2 2616352496.6658425331 775570
85 2 3518954305.5235176086 796397
86 2 1825002182.8186554909 757510
87 2 3372548391.7256011963 772627
88 2 1786106062.2549939156 800453
89 2 2788834352.4876775742 755199
90 2 2569693120.5021538734 784680
91 2 2771777162.962334156 792514
92 2 2649207942.9232263565 755024
93 2 2426454088.6324744225 799114
94 2 2230029767.1408061981 768476
95 2 1993596073.451281786 759216
96 2 1937248471.1384038925 781798
97 2 1782074105.4411649704 749649
98 2 1820085150.9152190685 765393
99 2 1518630602.5285892487 752177
% Edges = 2.25
0 2.25 2946038576.5380716324 834235
1 2.25 2619500639.679974556 851086
2 2.25 3276839416.7868938446 864988
3 2.25 2980425385.946185112 844100
4 2.25 2964328850.1731715202 860727
5 2.25 2370836245.6143746376 869042
6 2.25 2019113421.1388459206 857713
7 2.25 2396187420.7288780212 865129
8 2.25 2665579452.1787490845 867748
9 2.25 2505107419.5148625374 880754
10 2.25 2888887408.8147945404 850848
11 2.25 2447062735.2372732162 877639
12 2.25 2906834722.224363327 868229
13 2.25 2234125907.1471896172 842008
14 2.25 1358358871.3728442192 891545
15 2.25 2047245871.0232930183 855020
16 2.25 2580412901.9361524582 864230
17 2.25 2698321370.2862830162 876069
18 2.25 1483191840.3645236492 853252
19 2.25 2541421756.072883606 890796
20 2.25 1915015968.9250555038 854691
21 2.25 2888864861.9972524643 872519
22 2.25 2647241876.4274120331 852507
23 2.25 2864961314.5810718536 847121
24 2.25 2593193007.2184967995 879794
25 2.25 2502503423.5543217659 843046
26 2.25 1714801251.6471662521 856919
27 2.25 2322319903.0516543388 877734
28 2.25 2193247093.9069986343 839805
29 2.25 2127851248.178391695 879904
30 2.25 1869832346.2081539631 868817
31 2.25 2543622730.6172523499 870438
32 2.25 2970417087.0066947937 857156
33 2.25 2221038150.4623746872 862050
34 2.25 3198466102.9413127899 887399
35 2.25 2430198497.5692725182 843433
36 2.25 2281101481.1186127663 895050
37 2.25 2347617343.9777889252 857034
38 2.25 3126753915.4279322624 838947
39 2.25 1989313132.0142178535 911482
40 2.25 1494705129.5564672947 850851
41 2.25 2492771902.6013846397 881182
42 2.25 1714658207.8623971939 862908
43 2.25 3414176148.8142709732 852068
44 2.25 2238613116.599840641 868714
45 2.25 3131498168.1657361984 837993
46 2.25 2412656645.07102108 857008
47 2.25 1972109121.8879160881 833650
48 2.25 3023702049.0734682083 834517
49 2.25 2600752303.4304046631 891877
50 2.25 3329357345.7197437286 843980
51 2.25 2256104032.2441411018 857608
52 2.25 2518279777.9283704758 873265
53 2.25 3066630672.828564167 844426
54 2.25 1841885397.9494557381 876788
55 2.25 2554806847.8411064148 865236
56 2.25 2379063328.9917330742 871308
57 2.25 2956276853.5134773254 874398
58 2.25 2382177905.784714222 859665
59 2.25 2228807836.1406049728 890289
60 2.25 2032562350.5342206955 860856
61 2.25 2510288904.5559949875 878515
62 2.25 2201701675.8165464401 869480
63 2.25 2908010327.1914014816 857322
64 2.25 2583144800.428416729 896150
65 2.25 2312563411.4575600624 871628
66 2.25 3108746716.1592960358 878681
67 2.25 3011351911.6600708961 864497
68 2.25 2695412319.9016475677 875449
69 2.25 2725733047.6340498924 872816
70 2.25 2301110975.8913321495 835867
71 2.25 1922983337.0401659012 886397
72 2.25 1805635584.04454422 850581
73 2.25 2495405627.6392593384 844742
74 2.25 2924608159.6789240837 892454
75 2.25 2681697071.9883999825 841079
76 2.25 3325170649.6840810776 873465
77 2.25 2747208762.8615632057 878286
78 2.25 3388777376.0941290855 848016
79 2.25 2713489013.6596784592 879349
80 2.25 2357822126.5767159462 865891
81 2.25 3118898043.4092082977 883584
82 2.25 3139183924.892771244 850673
83 2.25 3505697395.6076335907 869633
84 2.25 2418986553.6509189606 897018
85 2.25 2017171108.5443201065 841388
86 2.25 1838042742.9046180248 882204
87 2.25 2600457087.0547275543 881905
88 2.25 1997851320.6905786991 846478
89 2.25 2582253724.3732447624 890710
90 2.25 1622943059.8474435806 861216
91 2.25 2549824114.7611021996 883181
92 2.25 3135975631.1995167732 843091
93 2.25 2231711528.6229081154 833878
94 2.25 1610623885.4110686779 867972
95 2.25 2117943557.7469918728 832897
96 2.25 2152681592.2967472076 864175
97 2.25 1848529600.1129972935 869170
98 2.25 1563600644.1835730076 852428
99 2.25 2302626174.3946332932 864027
% Edges = 2.5
0 2.5 2201430577.91786623 932664
1 2.5 2357647115.1669855118 976892
2 2.5 3206769301.0313100815 941751
3 2.5 2428243330.1228041649 953069
4 2.5 2128584656.4136147499 983691
5 2.5 2843792272.1850733757 939436
6 2.5 3107118570.4014191628 961897
7 2.5 2037301448.3981840611 967985
8 2.5 1790698095.3495903015 972547
9 2.5 2748491530.3316354752 933584
10 2.5 3453424120.1297659874 999275
11 2.5 2244873705.9918656349 938128
12 2.5 3464970019.1705141068 963998
13 2.5 1908697617.4087300301 983383
14 2.5 1949004190.2562146187 938865
15 2.5 2955194253.8265857697 958184
16 2.5 2214390800.610429287 962002
17 2.5 2410957678.3084259033 956697
18 2.5 2220855452.1719751358 932128
19 2.5 2368861430.1666998863 991018
20 2.5 1445981293.5456237793 936191
21 2.5 1686577585.7579290867 953312
22 2.5 2651822177.3667793274 980546
23 2.5 1692621758.2545661926 943884
24 2.5 3282341018.9367628098 967816
25 2.5 3437675414.6528720856 966311
26 2.5 3022996683.4801769257 985404
27 2.5 1432527884.775185585 931607
28 2.5 2942399739.3212966919 1003710
29 2.5 2878835069.708527565 942499
30 2.5 1689017049.6289074421 968262
31 2.5 2367230558.0313258171 965990
32 2.5 1536079615.3662428856 956730
33 2.5 1449396560.1669976711 965582
34 2.5 2788746694.8060722351 945352
35 2.5 2490818240.5952353477 971364
36 2.5 2632530079.0498771667 924204
37 2.5 1286597795.6635584831 933592
38 2.5 2411753144.0085325241 946515
39 2.5 2708314288.7289099693 942608
40 2.5 1868950854.1403872967 939283
41 2.5 2609427705.4061822891 966119
42 2.5 2653153778.0908846855 947764
43 2.5 2570761797.5469202995 929627
44 2.5 1685714778.9991304874 996187
45 2.5 2704283394.4920525551 936268
46 2.5 3142764723.1310062408 968381
47 2.5 2416423540.1194386482 977404
48 2.5 2040922858.8258266449 951094
49 2.5 2152262247.1825418472 957361
50 2.5 2769083316.5665001869 963979
51 2.5 3131590721.0133700371 970030
52 2.5 2675306611.9410142899 932872
53 2.5 3267026476.5304746628 1001227
54 2.5 3736080898.3501758575 938389
55 2.5 1955422091.9914038181 968327
56 2.5 3051877888.4323267937 968635
57 2.5 2465778554.8142771721 953873
58 2.5 2607545606.742638588 945246
59 2.5 2490570429.9867653847 970277
60 2.5 3137746987.5939817429 953053
61 2.5 1300781058.2332577705 929797
62 2.5 1202010266.3275728226 992185
63 2.5 2383317267.2860417366 937414
64 2.5 3601108166.3660087585 961119
65 2.5 1934732156.4072413445 967582
66 2.5 2696852074.5063619614 957401
67 2.5 1315568053.5199978352 952097
68 2.5 2031678392.6746037006 966778
69 2.5 1364704247.9718630314 978951
70 2.5 2136039391.4828495979 929313
71 2.5 1698181989.9379887581 1003164
72 2.5 2871443353.4298362732 944301
73 2.5 1791525604.2239151001 975795
74 2.5 3791557982.6820831299 952929
75 2.5 1342077360.6088647842 977540
76 2.5 2452633978.1585044861 945727
77 2.5 2301893341.2480077744 939229
78 2.5 2659877365.8169469833 977065
79 2.5 1192084427.0131049156 924847
80 2.5 1791359899.2474193573 924358
81 2.5 2533764844.1477379799 955349
82 2.5 1557908538.7009730339 955205
83 2.5 2211238833.0365819931 936300
84 2.5 2557021285.4089093208 975053
85 2.5 2706281060.1662387848 943710
86 2.5 1813730041.5555489063 932428
87 2.5 1941664943.5752546787 998698
88 2.5 2548495977.8353161812 935927
89 2.5 2421257434.7058606148 974331
90 2.5 1817129519.6078314781 967365
91 2.5 2402954098.5718927383 968770
92 2.5 1640154952.6371674538 946726
93 2.5 2324000947.7363004684 974256
94 2.5 1884176870.5665490627 966005
95 2.5 2492381095.086420536 934487
96 2.5 2768110039.6149454117 1003051
97 2.5 2406194178.8565850258 940055
98 2.5 2239442557.3733706474 978234
99 2.5 1977472114.9705374241 961973
% Edges = 2.75
0 2.75 2730181980.8011202812 1060355
1 2.75 1564305955.775531292 1019028
2 2.75 1904643724.3679327965 1059193
3 2.75 2240368258.665271759 1010777
4 2.75 3492285002.0913658142 1032957
5 2.75 2454902598.6641011238 1047301
6 2.75 3471219490.2563753128 1033651
7 2.75 3016089373.9561495781 1027584
8 2.75 1870308078.0737988949 1055281
9 2.75 1760777920.6065299511 1026751
10 2.75 2303915951.5362896919 1045182
11 2.75 2555984640.7767205238 1056566
12 2.75 2420113675.5598592758 1014970
13 2.75 2165080610.0698676109 1066602
14 2.75 3341843365.7373123169 1023981
15 2.75 2297097180.3019046783 1045560
16 2.75 2348332594.4760522842 1037309
17 2.75 2434957134.6051588058 1056051
18 2.75 2511665584.2251677513 1002486
19 2.75 2287797322.2374000549 1069434
20 2.75 3167535074.7575116158 998621
21 2.75 2413762794.4195861816 998664
22 2.75 2787800619.1772675514 1030319
23 2.75 1739681812.5385885239 1020900
24 2.75 2156381658.6961083412 1008913
25 2.75 1855872698.0677602291 1054923
26 2.75 1858619319.7738640308 1013027
27 2.75 2354551772.0415792465 1030877
28 2.75 2556730673.887945652 1052821
29 2.75 3209375897.2689013481 1035906
30 2.75 2826326116.778857708 1036671
31 2.75 1965827435.4304115772 1061617
32 2.75 2623091885.2868361473 1029752
33 2.75 2662506531.6074566841 1040023
34 2.75 2468451064.3129992485 1046387
35 2.75 2134070395.1743373871 1018348
36 2.75 3700907202.5861992836 1069438
37 2.75 2351341957.86135149 1023420
38 2.75 1976549536.8685443401 1054528
39 2.75 2097890252.9461960793 1045291
40 2.75 1994670054.981418848 1034706
41 2.75 2105213633.4138057232 1004430
42 2.75 2667289733.2567806244 1063176
43 2.75 2331160846.8023552895 1003156
44 2.75 2531387200.9469795227 1048577
45 2.75 2571081383.2524466515 1030318
46 2.75 2410089812.9753389359 1047436
47 2.75 2380933500.2187137604 1030363
48 2.75 1959579652.0707204342 1061358
49 2.75 2150186299.6997308731 1007253
50 2.75 2394074034.5276165009 1079758
51 2.75 1194800452.6233816147 1016786
52 2.75 2992460068.2729310989 1053685
53 2.75 1512273558.6198503971 1040893
54 2.75 2085172825.982801199 1059478
55 2.75 3205505376.8964776993 1008508
56 2.75 2882644589.2297449112 1083182
57 2.75 2503661099.7381291389 1010861
58 2.75 1550317541.9484751225 1032193
59 2.75 2622307702.8537759781 1043079
60 2.75 2054240263.3437681198 1001539
61 2.75 1947975570.9784770012 995476
62 2.75 2220303155.7837181091 1030104
63 2.75 2366728461.6748285294 998970
64 2.75 2896393243.317964077 1005542
65 2.75 4004937989.6741199493 1051360
66 2.75 1311930281.8843412399 1010601
67 2.75 1411703519.9554965496 1031897
68 2.75 3522437295.2840394974 1036851
69 2.75 2642503162.2511806488 1046456
70 2.75 2229085722.952673912 1034651
71 2.75 2769838065.367190361 1058961
72 2.75 1996577749.2640628815 1015570
73 2.75 2081178381.938148737 1062248
74 2.75 1409663276.5993423462 1022319
75 2.75 2692919860.9135169983 1040206
76 2.75 2194054810.6568226814 1046464
77 2.75 3058518988.6293754578 1050129
78 2.75 2397113640.6063685417 1021246
79 2.75 3099091897.2720990181 1082931
80 2.75 1785467946.7964029312 1018635
81 2.75 2620461597.0096144676 1032161
82 2.75 2524926329.2879781723 1045170
83 2.75 2916787731.0044898987 1020990
84 2.75 2100114587.8539505005 1036369
85 2.75 2288418753.9946174622 1042842
86 2.75 2056255492.4337434769 1012617
87 2.75 3277390592.1070871353 1062805
88 2.75 2221869122.8649315834 1025583
89 2.75 3154508441.876958847 1042783
90 2.75 2431203687.6277542114 1050007
91 2.75 2478410732.3328409195 1047403
92 2.75 1895360348.5721876621 1014904
93 2.75 2796564269.8209047318 1076412
94 2.75 2132604004.778222084 1011064
95 2.75 2318840093.2160038948 1046975
96 2.75 2018549084.3743271828 1052698
97 2.75 2810467238.3182234764 1045578
98 2.75 2652637561.0153989792 1013436
99 2.75 2281931485.2896642685 1057751
% Edges = 3
0 3 2394016766.984603405 1092398
1 3 2989609483.7385864258 1131617
2 3 2740099575.1588888168 1127588
3 3 2421085149.385155201 1115238
4 3 2559234194.7899360657 1157675
5 3 2886675908.6620512009 1118687
6 3 2017509207.0879256725 1151822
7 3 3432755325.0912818909 1141230
8 3 2143155790.3261055946 1160925
9 3 2043751175.6177134514 1148945
10 3 3119811144.7735629082 1160175
11 3 3009582362.3189592361 1125991
12 3 1966051697.9031746387 1170293
13 3 2036062601.3681340218 1143102
14 3 2588807377.6493110657 1152084
15 3 2198256115.6499319077 1169646
16 3 2617912590.6574773788 1116013
17 3 2363024055.5950679779 1176220
18 3 2110402436.8204231262 1116736
19 3 2710433036.2953743935 1159833
20 3 2743993699.6256461143 1136972
21 3 2398747390.9521455765 1129230
22 3 2254119777.9796934128 1172058
23 3 2214959890.7840433121 1124560
24 3 2466045847.7147417068 1174469
25 3 2421061392.3402986526 1129147
26 3 2852845144.9835395813 1155032
27 3 2079740989.0278081894 1148607
28 3 2441002666.4735951424 1158868
29 3 2682565841.8056297302 1132775
30 3 2884051950.5796952248 1172005
31 3 1960936083.1968636513 1150961
32 3 1787032578.1139717102 1159423
33 3 2207026535.2277755737 1144876
34 3 2941994099.8911643028 1109084
35 3 2009234825.9974565506 1143718
36 3 2828117118.6882095337 1104989
37 3 2446390735.6961340904 1155912
38 3 2147320281.4681835175 1117829
39 3 1896160673.568526268 1133666
40 3 2348784182.824669838 1147027
41 3 1893829330.856754303 1154649
42 3 2430418654.3107995987 1126529
43 3 3313788893.8499712944 1176276
44 3 2441192192.1839570999 1125331
45 3 2717080585.3811812401 1170562
46 3 2199947945.7338523865 1139343
47 3 1818532039.6788318157 1126238
48 3 2717558046.3217916489 1178780
49 3 2703617881.2610902786 1121414
50 3 2534519685.4418983459 1178387
51 3 2786973362.4740724564 1123581
52 3 2649399589.3214025497 1142372
53 3 1827446267.519588232 1142797
54 3 2421001404.2249817848 1140870
55 3 2387901731.5141987801 1132285
56 3 2756544082.2509346008 1159545
57 3 2172471768.1419301033 1118269
58 3 2327272329.4786849022 1176640
59 3 2287486899.1847729683 1124104
60 3 2834762800.3035736084 1168580
61 3 2467780354.5051121712 1155610
62 3 2706984057.479824543 1128594
63 3 2629463442.9176135063 1184294
64 3 2965720450.6475234032 1123363
65 3 1891328441.8826065063 1171017
66 3 3515387470.4893517494 1135156
67 3 2318227004.6233110428 1157138
68 3 1734069997.2225778103 1139710
69 3 2854236886.5385084152 1145461
70 3 2779012433.5972633362 1103464
71 3 1994115990.0927004814 1141930
72 3 2829395131.0723676682 1107135
73 3 2845216616.6863188744 1137883
74 3 2743830624.9082956314 1139749
75 3 1905347658.8659176826 1130530
76 3 2664940789.2663235664 1144112
77 3 1778803179.0318136215 1157536
78 3 2707700335.5057754517 1137076
79 3 3441424329.4622616768 1167036
80 3 2353521153.7881679535 1149515
81 3 1800736249.1520342827 1133331
82 3 2631573553.5034804344 1178779
83 3 2390140197.6312799454 1125299
84 3 2248093567.6809329987 1156584
85 3 1949691373.7796685696 1143093
86 3 2557967704.953830719 1163335
87 3 2822266864.1798396111 1136723
88 3 2575600031.5245471001 1164003
89 3 2533993992.5803799629 1119880
90 3 2493470206.6044158936 1163626
91 3 2620899372.9048447609 1130024
92 3 2150538814.2867364883 1130932
93 3 2857535412.1087799072 1169775
94 3 2837785650.4481592178 1135284
95 3 2251206711.1101698875 1163895
96 3 1946370938.57908988 1142971
97 3 2529811465.4895296097 1151838
98 3 1748437518.856197834 1148859
99 3 1846847048.201364994 1164593
% Edges = 3.5
0 3.5 2697746642.3441390991 1297656
1 3.5 2818834864.0209932327 1369547
2 3.5 2957828374.3050274849 1331611
3 3.5 2704601119.1159415245 1330516
4 3.5 3173269057.8821864128 1325203
5 3.5 3024440818.63722229 1308621
6 3.5 2103668430.1748991013 1294142
7 3.5 2639630735.591732502 1279372
8 3.5 2524403575.5645985603 1316554
9 3.5 2452993665.9173431396 1313743
10 3.5 3019716789.7837567329 1333880
11 3.5 2758366528.141450882 1309414
12 3.5 1840141061.0869691372 1331633
13 3.5 2368677748.9155912399 1339128
14 3.5 2079685269.4066724777 1329529
15 3.5 2473553222.3402142525 1365778
16 3.5 2794584572.7777147293 1306936
17 3.5 2243254441.2167115211 1359716
18 3.5 2335480201.8418831825 1338668
19 3.5 2172817535.4768848419 1306862
20 3.5 1965941370.7264816761 1365983
21 3.5 2606133931.3370509148 1319056
22 3.5 2416648504.9169254303 1331902
23 3.5 1719372806.2577013969 1322353
24 3.5 2938942464.8737893105 1327467
25 3.5 2052292849.674123764 1320819
26 3.5 3266028199.2570052147 1337068
27 3.5 2593459903.1605901718 1333699
28 3.5 2272632418.4378285408 1325866
29 3.5 2164465569.1027207375 1367833
30 3.5 2670767198.9532260895 1298991
31 3.5 1940582565.8756308556 1367573
32 3.5 2859057822.8783283234 1346881
33 3.5 1811275402.3752510548 1296490
34 3.5 1954796526.6338760853 1370702
35 3.5 1831462409.8548502922 1305588
36 3.5 1956690422.7891864777 1326385
37 3.5 2853375533.0937342644 1285592
38 3.5 2491291220.7553358078 1306305
39 3.5 2752670020.7940597534 1319572
40 3.5 2772578180.3207588196 1313226
41 3.5 2540990618.4697070122 1325501
42 3.5 2595562129.5283637047 1328536
43 3.5 2974509553.4055304527 1333283
44 3.5 2152748932.2468028069 1333041
45 3.5 2686673913.7036032677 1350748
46 3.5 2113353491.0507657528 1314448
47 3.5 2390327949.7155203819 1335587
48 3.5 2069931288.6101689339 1354166
49 3.5 2626346441.0558815002 1313468
50 3.5 1606329087.1335582733 1362835
51 3.5 2552880133.2049193382 1308042
52 3.5 2039338095.078943491 1320227
53 3.5 2658425402.9752182961 1340692
54 3.5 2466807768.8404860497 1293009
55 3.5 2486784706.4632568359 1362330
56 3.5 2132014909.4364631176 1306853
57 3.5 1826163819.1708292961 1352788
58 3.5 3269659845.2905721664 1346198
59 3.5 2464032457.2032957077 1316898
60 3.5 2673418541.2666702271 1360159
61 3.5 2965346075.2435450554 1331050
62 3.5 2518403626.7247753143 1332889
63 3.5 2453181842.0014357567 1341906
64 3.5 1864353977.1676692963 1328383
65 3.5 2701931417.6281814575 1338135
66 3.5 2569099929.6004476547 1336911
67 3.5 1973738675.2053005695 1302043
68 3.5 2783856789.579873085 1278370
69 3.5 2237046312.4336314201 1323444
70 3.5 2946208096.9701528549 1303275
71 3.5 1831124518.1705803871 1334735
72 3.5 2270971830.0230851173 1300569
73 3.5 2613112739.954893589 1338155
74 3.5 2551978485.9476933479 1340332
75 3.5 2990311683.6813378334 1313701
76 3.5 2027632868.5965206623 1364570
77 3.5 2289025360.9909067154 1303139
78 3.5 2458507598.3790574074 1350870
79 3.5 3163089797.4219083786 1340850
80 3.5 2185734202.6897296906 1297259
81 3.5 2600545716.2583236694 1371410
82 3.5 2058077740.1440508366 1301278
83 3.5 3141886988.6506495476 1343558
84 3.5 2791460275.0526323318 1319805
85 3.5 1582604458.6602971554 1313852
86 3.5 2743704674.8659529686 1340827
87 3.5 3503431903.2639317513 1321630
88 3.5 3368959095.7521624565 1332953
89 3.5 2145523319.5011203289 1334857
90 3.5 2360279010.0457725525 1332814
91 3.5 2040696185.4372000694 1328719
92 3.5 3442726956.78231287 1360588
93 3.5 2254555706.8381934166 1302307
94 3.5 3250248258.3422789574 1350954
95 3.5 2369120035.758374691 1351745
96 3.5 2980793660.961877346 1301410
97 3.5 2328277903.0130529404 1351138
98 3.5 2128993778.8905744553 1286063
99 3.5 1965769988.9163920879 1297766
% Edges = 4
0 4 2144959135.1090459824 1502467
1 4 2202104615.0320043564 1509925
2 4 2587385111.1139965057 1531881
3 4 2542094112.8666353226 1521978
4 4 2059898179.0177464485 1551024
5 4 2689000678.7265987396 1515929
6 4 1933969034.656869173 1568295
7 4 2845252388.7556591034 1555838
8 4 2367702578.1064910889 1561591
9 4 2229616732.1107859612 1513977
10 4 2600966236.3034515381 1578218
11 4 2412653325.2865428925 1546975
12 4 2808386315.7561688423 1560059
13 4 2283622703.2881598473 1505404
14 4 2111162301.7262578011 1566427
15 4 2826477964.4670872688 1526898
16 4 1552959518.2356903553 1568065
17 4 2313688696.9715228081 1513651
18 4 2559227192.6534113884 1581383
19 4 3009243991.9151763916 1549700
20 4 2174711968.141597271 1557578
21 4 2629854574.8642525673 1526331
22 4 2398323606.0430994034 1586270
23 4 2815484545.5515041351 1547497
24 4 2266180818.8631000519 1547332
25 4 2305030422.9306454659 1506277
26 4 2426252507.1981730461 1518527
27 4 2341619013.6541800499 1507502
28 4 2063406376.3586494923 1533920
29 4 2842113012.7505631447 1517002
30 4 2465818542.1901583672 1559151
31 4 2368612281.0589756966 1507682
32 4 2091453406.388371706 1567335
33 4 2378296858.066883564 1545509
34 4 2476945802.9476690292 1561752
35 4 2687847437.7994346619 1511468
36 4 2567785302.9975223541 1576765
37 4 2417556791.3446497917 1550423
38 4 2769574633.2872085571 1543986
39 4 2403402827.5121393204 1518031
40 4 2545429576.6128401756 1559332
41 4 2760105102.3842797279 1531088
42 4 2354364741.4102497101 1543972
43 4 1734047147.9117631912 1545175
44 4 2212642983.0013866425 1574300
45 4 2018637882.9058294296 1535040
46 4 2520409410.5003390312 1556043
47 4 2715112544.3856606483 1554378
48 4 2667093760.0396199226 1573221
49 4 1440212603.2102804184 1512965
50 4 2373068737.5736751556 1568900
51 4 1598053211.2717051506 1528093
52 4 2846811555.980588913 1520190
53 4 2279904037.2397322655 1488074
54 4 2229796471.8542962074 1511938
55 4 3116422538.4320926666 1518290
56 4 2359004778.7255148888 1528345
57 4 2448774091.2346587181 1535341
58 4 2832880349.4962291718 1557404
59 4 1664053203.7776896954 1530434
60 4 2802857628.4454646111 1562038
61 4 2421648699.5898637772 1560923
62 4 2325923043.9373502731 1561044
63 4 2329387328.9514994621 1535618
64 4 2547644949.7640857697 1550551
65 4 2302881717.7318310738 1571682
66 4 3080566950.3138952255 1518792
67 4 2649531872.719853878 1541650
68 4 2669215095.4084239006 1528764
69 4 2894042026.1278862953 1555854
70 4 2511010112.0428824425 1516567
71 4 2506138166.1133618355 1557204
72 4 2121947632.5259943008 1557191
73 4 2093710209.4026317596 1551110
74 4 1563201590.1457231045 1534988
75 4 1673145010.3699707985 1563303
76 4 1702584971.8576779366 1559376
77 4 2448667159.8601212502 1525612
78 4 2632467059.5073690414 1545449
79 4 2562990859.8350419998 1553007
80 4 2375927099.5593576431 1494683
81 4 2406287389.6133379936 1512838
82 4 2371968319.7435364723 1476156
83 4 2716757512.0600991249 1542248
84 4 1729210527.3121728897 1495637
85 4 2310729875.3571538925 1552142
86 4 2082701215.8065421581 1528767
87 4 1815176707.4626071453 1558415
88 4 3461044985.8308820724 1531982
89 4 2661888552.3348970413 1582611
90 4 1949597680.6542944908 1526703
91 4 2627469135.8716654778 1550772
92 4 2721950872.8290958405 1537852
93 4 2850505373.2678799629 1575492
94 4 1944811946.0748090744 1521858
95 4 1916073997.9755733013 1552884
96 4 2472896295.3742613792 1525905
97 4 2112157440.2716517448 1564800
98 4 2539338604.7434391975 1521921
99 4 2142383151.4450871944 1563799
% Edges = 4.5
0 4.5 2579213623.6018500328 1736949
1 4.5 2716292131.4972805977 1762513
2 4.5 2485165763.2116341591 1718124
3 4.5 2168964147.4445033073 1736575
4 4.5 2087530627.7323703766 1722264
5 4.5 1921433608.6904287338 1766126
6 4.5 2960938590.362057209 1698507
7 4.5 2363517297.4722547531 1707215
8 4.5 2348328157.2211322784 1662659
9 4.5 2665497960.3327331543 1704102
10 4.5 2585572854.8586258888 1664241
11 4.5 2499016237.8598709106 1728065
12 4.5 1926933153.2137627602 1695067
13 4.5 2819393859.7645406723 1736166
14 4.5 2598340906.5890498161 1720168
15 4.5 1526259649.3153803349 1765271
16 4.5 2448100387.6135892868 1736465
17 4.5 1573530729.9076099396 1752224
18 4.5 2167345372.0250935555 1726603
19 4.5 2943951161.5323290825 1742133
20 4.5 2482496680.5189566612 1754753
21 4.5 2364062806.8486738205 1732129
22 4.5 2390040433.2897262573 1744123
23 4.5 2123749412.128582716 1723312
24 4.5 2500155054.8395504951 1749679
25 4.5 3269431647.3748526573 1710394
26 4.5 3235404953.5311946869 1748464
27 4.5 2097398774.2593970299 1727249
28 4.5 2824349311.3909668922 1766447
29 4.5 1892410223.7512292862 1725431
30 4.5 2405373700.5999007225 1758361
31 4.5 3099569680.1364665031 1689878
32 4.5 2174659953.5188026428 1736638
33 4.5 2829086373.6094813347 1667608
34 4.5 2465303060.2044348717 1733185
35 4.5 2336756599.5600323677 1704648
36 4.5 2443214412.4708089828 1720213
37 4.5 2688453985.9646444321 1722563
38 4.5 2699435153.6304211617 1760073
39 4.5 2409192617.3946957588 1727373
40 4.5 2553622637.8683886528 1745069
41 4.5 2406167918.5976052284 1716684
42 4.5 3443582370.154542923 1740646
43 4.5 2892566811.404861927 1758378
44 4.5 2278853862.5584082603 1726138
45 4.5 2917831982.9135065079 1738099
46 4.5 2611920622.4552845955 1706312
47 4.5 2307407330.1839184761 1731905
48 4.5 2334908530.638174057 1721401
49 4.5 2681320454.357875824 1760135
50 4.5 2382735293.1616740227 1718374
51 4.5 1921803581.3850944042 1748864
52 4.5 2301517214.348048687 1693735
53 4.5 2393572518.7279510498 1768557
54 4.5 2830632643.6213541031 1735911
55 4.5 2543174165.7167320251 1734491
56 4.5 2825720391.5033063889 1677106
57 4.5 1639925829.246778965 1695257
58 4.5 2093459547.5736911297 1667591
59 4.5 2512444720.0183486938 1695466
60 4.5 1534989833.0950849056 1697289
61 4.5 2801903761.7706022263 1725067
62 4.5 2866218736.0665097237 1702144
63 4.5 2177709259.4120383263 1743186
64 4.5 1803043625.6934030056 1748151
65 4.5 2069400086.5154392719 1753352
66 4.5 2479418890.196138382 1752725
67 4.5 2201018990.9286241531 1728900
68 4.5 2292289628.6632227898 1746374
69 4.5 2726354436.6844768524 1729012
70 4.5 2510118267.3075008392 1758790
71 4.5 1950460284.4344546795 1707009
72 4.5 3139027814.2878856659 1746323
73 4.5 2583494501.322426796 1706434
74 4.5 2288915935.7281279564 1746883
75 4.5 2218881060.6764550209 1715385
76 4.5 2142305699.2893402576 1766492
77 4.5 2603647295.6072759628 1738527
78 4.5 1964585058.2366306782 1757014
79 4.5 2536651315.364233017 1721078
80 4.5 2286208906.3163728714 1729313
81 4.5 2686273585.6044406891 1716407
82 4.5 2452283165.7864599228 1688193
83 4.5 2303262627.9674592018 1724688
84 4.5 2269077305.1240391731 1712096
85 4.5 2272086119.1448817253 1712427
86 4.5 2910513794.3170881271 1727544
87 4.5 2680227387.53804636 1754697
88 4.5 2607119352.6114287376 1728214
89 4.5 1688193545.5841813087 1733674
90 4.5 2564966938.2905454636 1709273
91 4.5 2898213263.4249825478 1754325
92 4.5 2629103060.2271728516 1732015
93 4.5 2999944314.1511964798 1745576
94 4.5 2087179183.2229926586 1703983
95 4.5 2484411649.9950523376 1737427
96 4.5 2267899007.3459320068 1697231
97 4.5 2361682908.7891902924 1759421
98 4.5 2399963458.5904178619 1728071
99 4.5 2104560922.8726501465 1752425
% Edges = 5
0 5 2270286081.7082195282 1925096
1 5 2175869859.9665689468 1906333
2 5 1801307223.8398323059 1932457
3 5 2103491099.6004891396 1904137
4 5 2095861230.060043335 1925858
5 5 1824938596.8993918896 1850143
6 5 2358226046.0982432365 1873773
7 5 1948318270.734849453 1895889
8 5 2092010387.2478778362 1894121
9 5 2835697736.2467598915 1924479
10 5 2636567726.9120116234 1897898
11 5 2697995025.321249485 1953432
12 5 2355421555.1987547874 1912242
13 5 2178120333.6466412544 1933220
14 5 1955933964.6513154507 1936552
15 5 2122142471.1891319752 1930771
16 5 2896882719.3058457375 1933908
17 5 2541546964.6267952919 1887080
18 5 2114423474.3320326805 1933848
19 5 2141576634.2698597908 1919392
20 5 2352768009.7838363647 1925921
21 5 2466139213.1875243187 1941836
22 5 2244200937.6433563232 1903001
23 5 2595322209.8385095596 1938113
24 5 1767900785.0861413479 1894708
25 5 1735881664.2786223888 1927852
26 5 1702711701.9300780296 1908298
27 5 2434125475.5281510353 1847866
28 5 1334471788.7023301125 1876411
29 5 1965840293.6935050488 1868792
30 5 2457134981.2256622314 1918253
31 5 2702996586.0961089134 1890261
32 5 3149423116.4491119385 1926046
33 5 1558586184.0287947655 1922622
34 5 2770502367.8276033401 1910959
35 5 2590101201.0542283058 1931243
36 5 2476632347.2684221268 1903959
37 5 2187512481.6941175461 1953592
38 5 2389967756.2684402466 1911464
39 5 3038431100.6075725555 1925358
40 5 2267069473.7279143333 1925130
41 5 2495884762.6405677795 1895304
42 5 2371571624.4553866386 1926989
43 5 2577040674.8296585083 1906957
44 5 2539267196.0705971718 1930168
45 5 2329103718.7321615219 1940751
46 5 2295255332.7294301987 1914202
47 5 2516974982.6099472046 1945741
48 5 2748731789.1626281738 1882627
49 5 2441965819.4737253189 1887112
50 5 2438933617.8409028053 1846300
51 5 2486239350.9199380875 1876549
52 5 2561006499.9359717369 1872838
53 5 2178913180.5948448181 1882984
54 5 2157048473.6218352318 1916457
55 5 2669527861.9140601158 1896231
56 5 2941999774.9685797691 1944826
57 5 2479703753.1524004936 1909644
58 5 1784743254.7994880676 1936307
59 5 2258368827.8571300507 1942352
60 5 2329479318.0315585136 1915777
61 5 2144652377.2964987755 1931254
62 5 2185645651.2181887627 1892826
63 5 2456028650.7217340469 1917488
64 5 2607534954.6616377831 1916718
65 5 1974295230.3205468655 1914755
66 5 2550318375.1760101318 1939710
67 5 2140421850.7279617786 1900156
68 5 2585456891.9505095482 1945466
69 5 2374052995.6856808662 1927550
70 5 3230697420.8524122238 1934153
71 5 3032864868.6696710587 1920708
72 5 2980720731.9265017509 1843349
73 5 3028887583.7116689682 1878739
74 5 2014637471.4710125923 1858493
75 5 2221948531.8218340874 1913733
76 5 2488936602.7684078217 1888727
77 5 2355479583.8853497505 1930257
78 5 2142213755.5292048454 1930661
79 5 2558750131.4562959671 1918089
80 5 2213933662.4883432388 1950550
81 5 2631736994.4221897125 1912256
82 5 2840626057.8938074112 1951386
83 5 2034504585.234464407 1903830
84 5 2236552030.1590108871 1911549
85 5 2148408674.082631588 1889856
86 5 2614446289.3716688156 1927078
87 5 1812932994.9786510468 1925880
88 5 2827774652.8545937538 1907458
89 5 2374477072.3230175972 1936287
90 5 3008178794.2566328049 1895392
91 5 2750665655.1669945717 1939506
92 5 2498157307.0560016632 1911297
93 5 2734279731.8278694153 1910551
94 5 1636885358.4942348003 1847632
95 5 2507094906.6573796272 1904132
96 5 1960370293.1073894501 1913136
97 5 2581597194.7108483315 1906577
98 5 2095715125.8429191113 1926731
99 5 2832097396.2468953133 1912179
% Edges = 5.5
0 5.5 2391164491.1788172722 2123690
1 5.5 2558431173.54037714 2091193
2 5.5 3606829075.2549219131 2118781
3 5.5 1872594246.0617990494 2121206
4 5.5 2017249088.422852993 2084743
5 5.5 2791659933.1869659424 2106758
6 5.5 2141877292.8217139244 2077864
7 5.5 2047400171.2643511295 2110402
8 5.5 2757041609.4908528328 2117850
9 5.5 1994309321.4468431473 2093730
10 5.5 2669177871.3807654381 2128554
11 5.5 2800609310.8566393852 2096529
12 5.5 2849885429.7093706131 2119476
13 5.5 2351974405.5244016647 2104767
14 5.5 2131865818.2781276703 2023656
15 5.5 1843473288.5400400162 2063096
16 5.5 2235437238.8950128555 2058805
17 5.5 2411761443.0604686737 2096356
18 5.5 2715184735.3969917297 2114257
19 5.5 2063432356.6484737396 2104174
20 5.5 1937337422.9787054062 2126982
21 5.5 2416896637.5456347466 2095757
22 5.5 3090224996.4688668251 2119826
23 5.5 2139392411.3899521828 2132488
24 5.5 2840765375.9655842781 2095572
25 5.5 2245944629.2549443245 2109114
26 5.5 2456797222.9725995064 2092593
27 5.5 2044788158.0982615948 2115451
28 5.5 1979087703.0109269619 2125180
29 5.5 2573094565.8886799812 2091941
30 5.5 2142188047.6679372787 2127753
31 5.5 2330757571.8227791786 2115242
32 5.5 2691768938.6286411285 2107933
33 5.5 2074771846.8596851826 2097374
34 5.5 2477672361.3214869499 2025194
35 5.5 3431279539.3199381828 2092638
36 5.5 2610544731.2340722084 2077694
37 5.5 2127971868.7640767097 2104095
38 5.5 2040435696.5475034714 2123399
39 5.5 2430501492.8063411713 2090315
40 5.5 2449174647.0196523666 2124464
41 5.5 2140542735.6583309174 2105925
42 5.5 2444917050.1400742531 2126618
43 5.5 2079179550.1585175991 2118089
44 5.5 2371491619.6235527992 2069041
45 5.5 2230659314.9272551537 2114018
46 5.5 2195587906.3742375374 2110064
47 5.5 2478545406.3980054855 2106593
48 5.5 1883130759.7762827873 2124217
49 5.5 2471608037.1592555046 2102310
50 5.5 2307839283.2968854904 2115898
51 5.5 1975657995.7314405441 2121166
52 5.5 2713342979.4189329147 2073780
53 5.5 2509894519.6469593048 2064347
54 5.5 2153778923.6475296021 2028483
55 5.5 2454923866.6341137886 2048788
56 5.5 2548130907.1930446625 2073773
57 5.5 2708412594.8953876495 2073067
58 5.5 2553648624.788143158 2112962
59 5.5 2172824381.2507767677 2099682
60 5.5 2319617653.1664562225 2118918
61 5.5 2188199923.3776736259 2112624
62 5.5 2589323897.3973784447 2107248
63 5.5 2289868337.9009823799 2127539
64 5.5 2325049144.4915113449 2088419
65 5.5 2938746966.5442380905 2105510
66 5.5 3219720403.5568737984 2109185
67 5.5 2154378090.3817224503 2100526
68 5.5 2411029670.6671614647 2120204
69 5.5 2652806706.5430665016 2096170
70 5.5 2226546994.303334713 2122050
71 5.5 3112050015.4867396355 2125866
72 5.5 1962046338.8108820915 2095176
73 5.5 2558041627.4376564026 2106142
74 5.5 1940388326.3365824223 2026852
75 5.5 2650619982.8848872185 2052126
76 5.5 2607283770.3273630142 2087699
77 5.5 2358077765.7528033257 2068199
78 5.5 2902766082.6975708008 2111997
79 5.5 1889337752.1859710217 2105780
80 5.5 2070927347.4181947708 2114650
81 5.5 2601886317.0827074051 2124349
82 5.5 2951160887.7547621727 2101131
83 5.5 2303919115.8289275169 2125339
84 5.5 2104775837.0531177521 2084262
85 5.5 2360695706.5650486946 2105801
86 5.5 2250248705.987165451 2114697
87 5.5 2711487890.922097683 2097734
88 5.5 2413556997.7223672867 2122707
89 5.5 2219175486.0708470345 2094607
90 5.5 2415813780.3000102043 2118778
91 5.5 2050967663.3157448769 2123265
92 5.5 2727873534.8692522049 2079975
93 5.5 2300048040.4259867668 2110451
94 5.5 2810330020.3172392845 2025551
95 5.5 2799668956.0144071579 2090407
96 5.5 2721938732.2490596771 2101767
97 5.5 2257609785.54438591 2078146
98 5.5 1887403571.9445540905 2126117
99 5.5 2572504319.0630202293 2091740
% Edges = 6
0 6 2348497684.1571855545 2298663
1 6 2819406644.6681890488 2307298
2 6 2186603971.0710072517 2296202
3 6 2517663267.8386044502 2303215
4 6 2063706703.3358995914 2298158
5 6 1916633200.0272505283 2285038
6 6 2594844317.2701635361 2307167
7 6 2121387699.500020504 2307666
8 6 2778135003.7813487053 2272556
9 6 2319637072.4718813896 2302850
10 6 2893445384.2894897461 2301962
11 6 2528009267.0395331383 2252009
12 6 2141518619.1360659599 2238173
13 6 2854850424.270989418 2244139
14 6 2633760423.2672848701 2242856
15 6 2414428267.5368590355 2292490
16 6 2085255280.8861474991 2310505
17 6 2704446636.4029846191 2274350
18 6 1849303465.0711064339 2311661
19 6 2459127170.8000941277 2300947
20 6 2546839048.3228669167 2283917
21 6 3035131511.255074501 2301590
22 6 3267575458.6347775459 2299298
23 6 2913343053.0413861275 2286061
24 6 2087162934.522026062 2323477
25 6 2849097749.8199534416 2313975
26 6 2204401681.3284082413 2287287
27 6 2215753006.2983107567 2316206
28 6 2235885405.6667513847 2307275
29 6 2709153871.0232405663 2254840
30 6 1898242801.027110815 2246445
31 6 2326817836.6121349335 2269391
32 6 2603020244.6850867271 2258690
33 6 2380944805.093685627 2308269
34 6 2647543831.0286288261 2291004
35 6 2660789826.6009731293 2309671
36 6 2097056864.5974798203 2318471
37 6 1522973280.6887290478 2290726
38 6 2531229653.5922007561 2290610
39 6 3276990888.3603258133 2279476
40 6 2671755888.7292041779 2264849
41 6 2516207304.9118733406 2306169
42 6 3014324015.1771039963 2328320
43 6 2926337451.7984333038 2298947
44 6 2155711258.6602230072 2323171
45 6 2199827692.4638819695 2323756
46 6 2388939423.5977082253 2262435
47 6 2092202538.893181324 2248486
48 6 2652685394.3362894058 2204447
49 6 2386755709.0976424217 2269149
50 6 2338571391.4717850685 2279603
51 6 2245830682.7871265411 2269650
52 6 2780941571.3199543953 2301401
53 6 2481376422.4770793915 2305893
54 6 2186503805.1100535393 2285570
55 6 3077280167.7862968445 2328900
56 6 2460945705.4698576927 2272049
57 6 2097561773.7906258106 2294349
58 6 2080586989.0999495983 2296200
59 6 2633864383.5884432793 2266105
60 6 3310687889.6606526375 2310692
61 6 2158325455.2618255615 2305740
62 6 2429097706.4900279045 2294998
63 6 1960364392.9973838329 2315718
64 6 2294051300.064895153 2292566
65 6 1972201251.040053606 2243301
66 6 2380707018.2065725327 2237699
67 6 2532538392.6345663071 2244462
68 6 2246634734.6158723831 2270547
69 6 2373782017.436144352 2294998
70 6 1944967833.5290687084 2280237
71 6 2411444233.6482081413 2303693
72 6 2090304208.6589200497 2275093
73 6 3003453006.3558177948 2313865
74 6 1763840394.6057350636 2314369
75 6 1864842873.2298133373 2282017
76 6 2146379707.2436804771 2301353
77 6 2895057998.4944825172 2309432
78 6 2714550218.8461008072 2294091
79 6 2576982994.7643733025 2318183
80 6 2319900434.3840250969 2281045
81 6 2260781094.4331102371 2301833
82 6 2762290690.4936990738 2316239
83 6 2169143610.7582025528 2249210
84 6 2006820576.7151627541 2237407
85 6 2001755324.5842628479 2258956
86 6 2800078393.6495962143 2250986
87 6 2609040072.1833553314 2297672
88 6 2146982905.6619558334 2275968
89 6 1991953812.6345643997 2309208
90 6 2926142293.2782597542 2303260
91 6 3373842819.4944877625 2279706
92 6 2281369799.0406770706 2311257
93 6 2320521761.2675032616 2303940
94 6 2245865386.3811378479 2271031
95 6 2065395907.1923806667 2321491
96 6 2447309545.7770767212 2287735
97 6 2277096884.0996484756 2321699
98 6 2571348833.5333743095 2312607
99 6 2405745617.0857524872 2281383
% Edges = 6.5
0 6.5 2646592160.9376301765 2478865
1 6.5 2178408441.4748196602 2463188
2 6.5 2519537376.5341501236 2382497
3 6.5 2871893403.2530508041 2434526
4 6.5 2071464678.655860424 2452916
5 6.5 2120106920.2190482616 2442499
6 6.5 2325309513.6412787437 2476517
7 6.5 2340284263.4283781052 2498511
8 6.5 2278884461.8343057632 2478063
9 6.5 2501668203.331946373 2510243
10 6.5 2933228922.0595602989 2477900
11 6.5 2455941873.31335783 2435380
12 6.5 2676618265.5025687218 2491744
13 6.5 2022014381.6085207462 2504921
14 6.5 1737814248.5157618523 2475156
15 6.5 2847709059.5953116417 2496366
16 6.5 2606422478.9947109222 2490031
17 6.5 2212906561.0735230446 2484079
18 6.5 2464144200.1132135391 2425272
19 6.5 2291136098.0542259216 2416379
20 6.5 2356368840.9886550903 2433304
21 6.5 2842756258.7369213104 2432177
22 6.5 2739350762.6921067238 2473927
23 6.5 2193488548.4800252914 2494346
24 6.5 2327239747.3404345512 2475667
25 6.5 3030466764.5468058586 2504444
26 6.5 2428533699.587849617 2481501
27 6.5 2284731544.612865448 2445389
28 6.5 2299658161.2046031952 2486792
29 6.5 2623789252.9942064285 2487728
30 6.5 2278149231.993165493 2474269
31 6.5 1748935196.3421216011 2495283
32 6.5 2596840568.1917724609 2489059
33 6.5 2423873275.9382543564 2478676
34 6.5 2115293585.7230615616 2494392
35 6.5 2536932852.8380675316 2431849
36 6.5 2435051317.2931575775 2383397
37 6.5 2730439563.7403826714 2443307
38 6.5 2903197873.6952638626 2454762
39 6.5 2438960250.3240809441 2462149
40 6.5 2558129172.2129731178 2496749
41 6.5 2522460812.4285569191 2485469
42 6.5 2486603348.8679890633 2461866
43 6.5 2000842977.486976862 2478852
44 6.5 2507132137.9423923492 2490621
45 6.5 2562945243.3835668564 2443108
46 6.5 2045398962.6124358177 2488192
47 6.5 2773176787.1317129135 2497927
48 6.5 2538024898.0042905807 2457503
49 6.5 2287624833.8509349823 2491194
50 6.5 2280922309.753651619 2505543
51 6.5 2672010734.8696041107 2454192
52 6.5 2163425189.0903778076 2407716
53 6.5 2240691209.1817865372 2418583
54 6.5 2462760936.6972336769 2439291
55 6.5 2249316182.1758103371 2445685
56 6.5 1909909194.352509737 2496497
57 6.5 2559822107.6367111206 2484655
58 6.5 2073177993.7422528267 2465503
59 6.5 2608119815.8690524101 2488920
60 6.5 2695435011.4729914665 2502385
61 6.5 2539152019.8502287865 2454291
62 6.5 2872807274.0589466095 2481273
63 6.5 2864389904.3734917641 2480148
64 6.5 2659084337.3188867569 2469548
65 6.5 3043754020.1147480011 2502217
66 6.5 2793465637.4992814064 2498151
67 6.5 2296754045.6700744629 2471299
68 6.5 2560120194.7599811554 2463047
69 6.5 2590291935.4130635262 2418845
70 6.5 2277198661.6579136848 2389390
71 6.5 2144489393.3495781422 2460288
72 6.5 2543935889.4496760368 2476041
73 6.5 2640786457.4452762604 2464530
74 6.5 3172607955.3028364182 2488423
75 6.5 3028142888.8446059227 2484503
76 6.5 2724265118.9498691559 2467816
77 6.5 2021094001.7517333031 2509521
78 6.5 1921763583.5532886982 2482894
79 6.5 2233402681.6615138054 2454373
80 6.5 2269664909.9665732384 2479212
81 6.5 1890408768.8672711849 2506281
82 6.5 2530354231.7096471786 2484023
83 6.5 2770837309.3365345001 2507208
84 6.5 2240677832.4098892212 2486497
85 6.5 2846164754.1996955872 2426885
86 6.5 2168829577.9413743019 2411915
87 6.5 2280799712.2002148628 2463661
88 6.5 1978410190.9624032974 2443948
89 6.5 1660589858.4962096214 2485534
90 6.5 2376370830.1439385414 2494486
91 6.5 2643271664.3444056511 2470948
92 6.5 2327697071.2911605835 2471737
93 6.5 2288886533.1893424988 2523158
94 6.5 2652886818.666123867 2535194
95 6.5 2831843217.1861271858 2543632
96 6.5 2362086936.6096463203 2556742
97 6.5 3096038930.2372612953 2540008
98 6.5 2234410510.3565583229 2387475
99 6.5 3137001005.0931258202 2380058
% Edges = 7
0 7 2157945083.8077683449 2538234
1 7 2773558356.4395661354 2560612
2 7 2321402589.9625844955 2512362
3 7 2009357227.1843390465 2517478
4 7 2014777467.0655581951 2506292
5 7 2481901533.7368383408 2600732
6 7 2132854414.994985342 2588441
7 7 1863838892.8424310684 2670583
8 7 2200126593.2545976639 2737443
9 7 2424199718.906018734 2637981
10 7 2524878951.6881318092 2775909
11 7 2359879818.4059643745 3192691
12 7 2738218900.0541687012 3246076
13 7 2804696630.1635351181 3455304
14 7 2045620776.4409942627 3212716
15 7 2559334157.9596214294 2870477
16 7 2155277954.4114146233 2803573
17 7 2832070360.6638321877 2652279
18 7 1869971524.4221856594 2678043
19 7 2348265970.7534360886 2655464
20 7 1851251052.2368028164 2487919
21 7 2581209574.3926186562 2561315
22 7 2800445092.6158313751 2540632
23 7 1732314322.0977988243 2568663
24 7 2541703365.1501841545 2549281
25 7 1893077227.5531389713 2393020
26 7 2183191626.4797687531 2448734
27 7 2133977342.0267450809 2481614
28 7 2015277985.4709858894 2486364
29 7 2571968619.8677854538 2464689
30 7 2160915193.8586959839 2470125
31 7 1734563358.8143002987 2500955
32 7 2116068998.7132296562 2497506
33 7 2664243145.8286972046 2389514
34 7 1864889609.6377243996 2381549
35 7 2823822208.811352253 2397469
36 7 2857410739.0480408669 2440436
37 7 2727870010.9749746323 2427755
38 7 2669714506.6273431778 2425578
39 7 2528646712.9214515686 2449902
40 7 2156538205.1574873924 2419849
41 7 2038957021.4359755516 2418276
42 7 2826861720.0583958626 2417984
43 7 2328651646.9388046265 2451747
44 7 2172644136.7440857887 2439848
45 7 2996301939.2742776871 2438264
46 7 2372294803.4034900665 2441409
47 7 2180401237.9634613991 2356053
48 7 2129278904.2355954647 2359774
49 7 2601343109.2455134392 2395582
50 7 2330833815.3180341721 2409098
51 7 2101316131.2157363892 2419903
52 7 2274413062.6766915321 2413729
53 7 2682309298.8624310493 2409988
54 7 2039310879.4318156242 2419248
55 7 2202272994.1157312393 2425793
56 7 2973894136.8829622269 2411083
57 7 2496358727.0768795013 2406642
58 7 2048396221.4864778519 2411983
59 7 2351061215.7712240219 2417748
60 7 2491255483.5985851288 2430131
61 7 2252718792.0724215508 2429191
62 7 2692347649.0646257401 2440139
63 7 2394655642.6928949356 2400261
64 7 3153532787.8477735519 2355290
65 7 1921464420.0741810799 2351721
66 7 2534326265.8651704788 2383055
67 7 2569364776.720788002 2398232
68 7 2705403292.1758790016 2421373
69 7 2418416616.1332387924 2429101
70 7 1822460890.4281070232 2413903
71 7 2299660267.2460951805 2413787
72 7 2643814741.1750898361 2416626
73 7 2386597783.4281206131 2415226
74 7 2360072958.0543313026 2405702
75 7 2230591289.0171813965 2420754
76 7 2395975183.2475748062 2420923
77 7 3043044945.145796299 2418779
78 7 1883519168.8477470875 2415981
79 7 3179462712.897752285 2429701
80 7 3144794759.3153939247 2421575
81 7 2334045181.3905830383 2370212
82 7 2380599838.5345182419 2351864
83 7 2722227358.7119736671 2380374
84 7 2651223221.6298890114 2388897
85 7 2213689966.1465983391 2407141
86 7 2449552790.8231954575 2426734
87 7 3055468472.8996109962 2423464
88 7 1911147844.9855058193 2426423
89 7 2527817343.1928863525 2419740
90 7 2200113953.3836889267 2403087
91 7 2965400753.1773276329 2394496
92 7 2619034795.3938374519 2419309
93 7 2692171103.2890901566 2425158
94 7 2542337293.821811676 2431169
95 7 1770499242.1092979908 2421982
96 7 2494985813.4499788284 2418863
97 7 2710876347.1933522224 2414945
98 7 3195896213.7001028061 2393011
99 7 2517633560.8373389244 2352464
% Edges = 7.5
0 7.5 2556275359.6543040276 2543000
1 7.5 2342236686.7785739899 2557690
2 7.5 2069536329.1910676956 2575796
3 7.5 2162446827.1280703545 2595113
4 7.5 1915825575.4942417145 2597411
5 7.5 2712787300.9133434296 2587865
6 7.5 2142450194.4781098366 2585933
7 7.5 2565644361.0994105339 2584063
8 7.5 2398666002.3850517273 2578584
9 7.5 2590270506.4949483871 2583829
10 7.5 2823572331.3155202866 2584165
11 7.5 2688899325.4154863358 2603742
12 7.5 2296589306.7229738235 2611195
13 7.5 2354380345.4751763344 2590351
14 7.5 2726475229.3291611671 2560827
15 7.5 2264308405.5501079559 2523815
16 7.5 1995356223.0580437183 2560728
17 7.5 2692193781.3058791161 2579464
18 7.5 2073885138.432407856 2587637
19 7.5 2101601453.2947695255 2577827
20 7.5 2282699068.4934878349 2581020
21 7.5 2134382245.136484623 2588376
22 7.5 2014748021.2006177902 2602229
23 7.5 2991879453.2492127419 2565088
24 7.5 2216925931.3707194328 2571188
25 7.5 2418301472.1005172729 2587594
26 7.5 2567213594.7253022194 2599231
27 7.5 2055526096.0858316422 2607221
28 7.5 2880910992.2463312149 2587505
29 7.5 3022016994.2139062881 2581516
30 7.5 2499511818.0348229408 2559293
31 7.5 2663039254.0107774734 2516608
32 7.5 2436081696.2207508087 2517263
33 7.5 3601129440.676753521 2543924
34 7.5 2020647316.8672521114 2557509
35 7.5 2954538572.1343417168 2586155
36 7.5 2815434477.6587715149 2603098
37 7.5 1968261348.9061169624 2587228
38 7.5 2506019342.2389621735 2581015
39 7.5 2227958280.2538285255 2596712
40 7.5 1908612421.9591782093 2582120
41 7.5 2260343895.4436373711 2574866
42 7.5 3049006626.1254401207 2581648
43 7.5 2563060210.0863103867 2599203
44 7.5 2606183764.4598793983 2610651
45 7.5 2392748444.6134653091 2593180
46 7.5 2443394231.2490401268 2584906
47 7.5 2788577833.3010048866 2558713
48 7.5 2424755155.0228276253 2518996
49 7.5 1698701257.4653995037 2544231
50 7.5 1966728639.6598217487 2557986
51 7.5 2081474055.5077137947 2574358
52 7.5 2595380782.6737260818 2597225
53 7.5 2418484114.8751468658 2601782
54 7.5 2550322033.1913280487 2583997
55 7.5 1711442813.8323800564 2583455
56 7.5 2259382589.0090603828 2586236
57 7.5 2135981862.8995270729 2580814
58 7.5 2050009117.1873540878 2583107
59 7.5 2083169236.8803365231 2586002
60 7.5 2556357284.6391472816 2608105
61 7.5 2809049504.9195370674 2610361
62 7.5 2335707828.7684082985 2589462
63 7.5 2551253349.1478557587 2560814
64 7.5 2319313598.4303994179 2526851
65 7.5 2398043952.4542427063 2562976
66 7.5 2408845116.536026001 2577100
67 7.5 2695933502.7435512543 2582821
68 7.5 2416851363.7524809837 2579651
69 7.5 2843113649.5907511711 2580908
70 7.5 2827632344.9966406822 2596582
71 7.5 2089709589.8209311962 2589456
72 7.5 2450427913.5732970238 2564097
73 7.5 2650483515.2780718803 2569228
74 7.5 2361818164.7853035927 2591367
75 7.5 2402981053.0417499542 2599015
76 7.5 2598215903.1960234642 2600300
77 7.5 2482933364.0012865067 2584379
78 7.5 3097401854.5341038704 2581532
79 7.5 2934868763.0663728714 2557320
80 7.5 1970120156.3803226948 2519870
81 7.5 2933225526.22681427 2515486
82 7.5 2326144117.0623440742 2546570
83 7.5 2223733421.8984208107 2553814
84 7.5 2953034607.9329156876 2588628
85 7.5 2398029313.934024334 2602455
86 7.5 3128196090.2295675278 2585173
87 7.5 2549430183.9041728973 2578249
88 7.5 2233563009.4841079712 2597633
89 7.5 2078511217.1528639793 2578598
90 7.5 2542337180.6234154701 2574037
91 7.5 2300106634.1384811401 2578157
92 7.5 1837140771.2691578865 2601800
93 7.5 2636680625.4812207222 2607503
94 7.5 2222147583.7727909088 2589190
95 7.5 2332625150.7475647926 2581862
96 7.5 2662995600.4258594513 2557580
97 7.5 3029276805.8534989357 2516732
98 7.5 2419400777.5020337105 2544559
99 7.5 2127445213.1945824623 2554349
% Edges = 8
0 8 2660146905.707297802 2896138
1 8 2230074688.6424574852 2862798
2 8 2369457643.5006403923 2823502
3 8 2471344950.8033165932 2859196
4 8 2615744933.8259987831 2902879
5 8 2989148539.6869869232 2811144
6 8 2766346721.4661226273 2834569
7 8 2372670220.9035930634 2914369
8 8 1713649491.480079174 2856215
9 8 2711511558.2195692062 2848929
10 8 2537236786.8463773727 2838812
11 8 2317677819.5071678162 2857135
12 8 2516938432.1962184906 2754038
13 8 2798298965.6962976456 2775576
14 8 3201544904.4125175476 2875394
15 8 2897030145.8855595589 2859073
16 8 2722054502.9981617928 2823048
17 8 2088911355.206158638 2837556
18 8 2271519606.2884426117 2906181
19 8 1896078549.4581139088 2817695
20 8 2527935204.3489351273 2813069
21 8 2134983003.0800595284 2881148
22 8 2575144390.8767232895 2863808
23 8 2291894935.8456168175 2842434
24 8 2580329271.3539066315 2821371
25 8 2480720948.7737994194 2911450
26 8 2764887299.1653838158 2758930
27 8 1797151839.2508888245 2749211
28 8 2631541915.3957600594 2832622
29 8 2271343099.9526085854 2835908
30 8 2475773471.2667627335 2821702
31 8 2620730851.9997649193 2827537
32 8 2573235439.7937450409 2889165
33 8 2537307191.0506477356 2826809
34 8 2101059779.4498846531 2810865
35 8 2425006225.8700819016 2853181
36 8 2571377694.0424375534 2866372
37 8 2603046336.18633461 2833780
38 8 2658578524.4986658096 2823066
39 8 2572849623.9397144318 2929674
40 8 3350488617.9944796562 2797471
41 8 2434942989.0987319946 2744079
42 8 2087051217.7330679893 2789241
43 8 2340111522.1438231468 2811489
44 8 2268865374.7272953987 2811260
45 8 2611836049.5205273628 2831452
46 8 3213783695.3102464676 2895020
47 8 2380809209.0783228874 2818530
48 8 2961869582.2220649719 2826693
49 8 2127195363.6994848251 2827778
50 8 2297440525.856192112 2868939
51 8 2611648537.8178138733 2823830
52 8 2178893493.1812148094 2820485
53 8 2261266257.6130461693 2929443
54 8 1917625283.0034160614 2817338
55 8 2215318639.8340940475 2783784
56 8 2127908603.1763589382 2758966
57 8 2300972249.4603409767 2787200
58 8 2242601523.1179094315 2780804
59 8 2774008312.4907398224 2823608
60 8 2696079219.0133490562 2881997
61 8 2236703048.6911716461 2825282
62 8 2452875875.3164334297 2831658
63 8 2367035045.6829967499 2799563
64 8 2741342654.8274879456 2869390
65 8 2820940369.3474936485 2811535
66 8 2288783288.8254432678 2808951
67 8 2365110030.6830792427 2909976
68 8 2087108563.9745078087 2835865
69 8 2444704784.1109251976 2812639
70 8 2277067459.4641971588 2764331
71 8 2020528967.5413732529 2802845
72 8 2850419600.8136620522 2739509
73 8 2698854226.2356204987 2788190
74 8 2750003101.226855278 2862618
75 8 3017169889.4774341583 2846411
76 8 2560570599.4920635223 2828145
77 8 1932413783.8218989372 2803250
78 8 2687258809.7949194908 2882986
79 8 2189479474.1524782181 2793983
80 8 2686873471.9423203468 2795579
81 8 2335614275.5177526474 2878098
82 8 2346081426.6309332848 2860136
83 8 2574721918.9376010895 2811461
84 8 1919732373.22849226 2812768
85 8 2805663118.0503826141 2818293
86 8 2242921927.2879376411 2730507
87 8 1933691957.0622599125 2734213
88 8 2549145804.0148992538 2802777
89 8 2538725960.8130617142 2857542
90 8 2093140708.1100349426 2809485
91 8 2558954897.2657213211 2795298
92 8 2638343718.6472439766 2808973
93 8 2126173219.3516845703 2792954
94 8 2400086281.2039647102 2782966
95 8 2498692581.6056246758 2810628
96 8 2125112242.882443428 2821543
97 8 2293160076.7844948769 2795833
98 8 1786922508.6254537106 2826503
99 8 2917040401.815038681 2797855
% Edges = 8.5
0 8.5 2560236224.4393334389 2898485
1 8.5 2269730587.027797699 2893343
2 8.5 2258293477.1784029007 2898428
3 8.5 1816000698.8110194206 2967298
4 8.5 2355591379.1351089478 2980185
5 8.5 1880926625.4850337505 2967181
6 8.5 2754854892.8543629646 2988030
7 8.5 1816138913.3083298206 2956113
8 8.5 2336273346.5286040306 2963789
9 8.5 2207285198.8389239311 2961664
10 8.5 1826338433.7203674316 2990898
11 8.5 2507422068.7889194489 2981671
12 8.5 2543944662.5398302078 2981182
13 8.5 2474061704.4965376854 2972703
14 8.5 2046318429.5572624207 2896789
15 8.5 1939852146.0918722153 2893345
16 8.5 2539488810.5822000504 2897638
17 8.5 2673546088.0596694946 2960725
18 8.5 2418775543.2880425453 2983451
19 8.5 2469436674.4098372459 2964054
20 8.5 1952566113.4947288036 2989030
21 8.5 2757686406.2545595169 2950064
22 8.5 2668359582.8458795547 2970026
23 8.5 1723273003.9874966145 2964715
24 8.5 2485425320.7561516762 2981640
25 8.5 2544779896.6835856438 2991384
26 8.5 2612986271.6069421768 2980409
27 8.5 2573466222.4778542519 2974760
28 8.5 2821842096.7292766571 2895469
29 8.5 2588552308.7499680519 2893870
30 8.5 2548646767.6969690323 2899280
31 8.5 2580372686.6852278709 2950909
32 8.5 2181819406.9402952194 2981472
33 8.5 2449095435.953353405 2963404
34 8.5 2524399247.7507996559 2971604
35 8.5 2624255524.0993089676 2976977
36 8.5 2414771022.085750103 2940919
37 8.5 2122438214.8137750626 2977793
38 8.5 2551599593.880150795 2974804
39 8.5 2586670989.2658615112 2979796
40 8.5 2220080681.4640245438 2991775
41 8.5 2472644524.9974284172 2964561
42 8.5 2197973717.3589568138 2934403
43 8.5 2602925019.9673461914 2894533
44 8.5 2869029174.8332881927 2894156
45 8.5 2574892357.1829481125 2895561
46 8.5 2396528738.3901381493 2941555
47 8.5 2420859482.5675792694 2972675
48 8.5 2837657661.1067008972 2978722
49 8.5 2577399543.6258678436 2969042
50 8.5 2713511586.314435482 2983929
51 8.5 1947921721.6446835995 2942690
52 8.5 2291247079.3562240601 2981778
53 8.5 2564494618.9690785408 2971710
54 8.5 2073856493.4931988716 2986266
55 8.5 3107420095.6066045761 2987750
56 8.5 2432563335.9003071785 2972166
57 8.5 2564741106.0742988586 2919173
58 8.5 2566073718.2464556694 2894367
59 8.5 2633114172.3567228317 2897095
60 8.5 2488677787.3492398262 2942083
61 8.5 2700221342.4995193481 2972418
62 8.5 2493161330.9969358444 2978257
63 8.5 2129380910.9173038006 2967266
64 8.5 2309499609.4740052223 2984882
65 8.5 2442823567.0107269287 2945752
66 8.5 2661440140.2528576851 2978487
67 8.5 2407384965.3722977638 2974235
68 8.5 1957355930.5857834816 2987015
69 8.5 2724121545.7481622696 2989324
70 8.5 2404425750.1236844063 2970626
71 8.5 2663404153.2065019608 2924111
72 8.5 2961694587.611205101 2895067
73 8.5 2715509901.8544764519 2896160
74 8.5 2344311025.262732029 2942352
75 8.5 2080194311.603303194 2971320
76 8.5 2455879730.5791168213 2977962
77 8.5 2557277189.5196280479 2961920
78 8.5 2605443781.2314419746 2986562
79 8.5 2080096165.8501734734 2946789
80 8.5 2544015534.0397624969 2974244
81 8.5 2879049697.5315189362 2978953
82 8.5 2673371111.9658026695 2987061
83 8.5 2647201399.6530532837 2989239
84 8.5 2622854517.2532892227 2966814
85 8.5 2530241879.0625300407 2926249
86 8.5 2498056557.8241386414 2895511
87 8.5 2525788403.9715938568 2893686
88 8.5 2635854994.7597370148 2941942
89 8.5 2415893837.8558006287 2969308
90 8.5 2842073173.3600606918 2979806
91 8.5 2445946415.5600514412 2962439
92 8.5 2379491213.2282252312 2985432
93 8.5 2209306352.844745636 2948610
94 8.5 2742264803.5476365089 2969366
95 8.5 1973670517.2393062115 2981649
96 8.5 3207705906.41588974 2982733
97 8.5 2492347504.2610120773 2993726
98 8.5 2091717538.1715874672 2964339
99 8.5 2057274541.0327050686 2930110
% Edges = 9
0 9 2404609940.8349723816 3057504
1 9 2158787462.6414170265 3058629
2 9 2406833713.0174870491 3108700
3 9 2759675341.9205312729 3146119
4 9 2739607911.9767875671 3135820
5 9 2510241295.0719022751 3156208
6 9 1927030958.2349867821 3124323
7 9 1916492195.858279705 3136327
8 9 2739020902.7333993912 3127104
9 9 1964632698.378777504 3163862
10 9 2170189598.5920605659 3135696
11 9 2304731300.4343347549 3172322
12 9 2339143088.6087603569 3108540
13 9 2629127725.3446874619 3057432
14 9 2553349076.9409775734 3056451
15 9 2415694132.6993122101 3096070
16 9 2205584223.2668747902 3130657
17 9 2208478704.7593345642 3148732
18 9 2266918514.7472448349 3128954
19 9 2790745045.0953598022 3154690
20 9 2593562657.5077061653 3109693
21 9 2250917896.315032959 3150185
22 9 2487828006.3924312592 3139823
23 9 2393346258.5173010826 3168259
24 9 2767580697.0550284386 3139604
25 9 2869166760.310716629 3143789
26 9 2265956906.6871738434 3060094
27 9 2752316068.1624259949 3056883
28 9 2690239348.0878748894 3057679
29 9 2415826424.9018535614 3104867
30 9 2462057948.0921502113 3140242
31 9 2683961764.431989193 3143430
32 9 2914358406.6667103767 3150073
33 9 2215510828.8157801628 3135094
34 9 2111875860.1400234699 3136223
35 9 2572518864.9131069183 3133603
36 9 1956656918.0809862614 3164279
37 9 2517678111.1006174088 3151757
38 9 2354214931.9765396118 3158936
39 9 2844647167.9571557045 3101916
40 9 2561549819.0059084892 3059572
41 9 2142482017.8675494194 3056248
42 9 2583684087.772957325 3064875
43 9 2171089909.6335420609 3125204
44 9 2597347374.1155557632 3148283
45 9 2399017481.5145840645 3136857
46 9 2483283722.6525111198 3151474
47 9 2384555438.1494312286 3131046
48 9 2497798049.5341849327 3120447
49 9 2552564785.0599966049 3152402
50 9 2714691328.4680519104 3142746
51 9 2344666142.8883576393 3167878
52 9 2730970661.095459938 3134974
53 9 1919082611.1840670109 3100044
54 9 2046375762.505364418 3056061
55 9 2184144285.2992911339 3055524
56 9 2559807747.4079194069 3064002
57 9 2544787806.0425376892 3135544
58 9 2537572890.4016828537 3138588
59 9 2434165477.9449439049 3145667
60 9 2270554373.7162632942 3141075
61 9 2606313052.0428028107 3133522
62 9 2265159940.8628716469 3117946
63 9 2537367928.5665864944 3157146
64 9 1628916522.2804074287 3136108
65 9 3540545004.1807947159 3170156
66 9 2773204221.7344880104 3130910
67 9 2296311403.7687268257 3097319
68 9 1971550003.9562249184 3057682
69 9 2474737171.5198669434 3059972
70 9 2687105199.9753007889 3107448
71 9 2972541950.4286084175 3151057
72 9 2577807228.5172829628 3129116
73 9 2279042223.8384141922 3158311
74 9 2783554982.3672037125 3121357
75 9 2346410250.9431238174 3147487
76 9 2498761911.173997879 3127396
77 9 2207219629.1979417801 3167201
78 9 2175665031.6662592888 3139727
79 9 2442694955.1590671539 3169485
80 9 2558260022.5477046967 3106379
81 9 2376024725.1003952026 3057331
82 9 2525583763.5131087303 3055732
83 9 2020234732.3182935715 3099022
84 9 2151542273.6629753113 3130370
85 9 2309216917.6905322075 3149670
86 9 2262685886.4559373856 3130689
87 9 2204148099.1226987839 3153043
88 9 2415461291.6151432991 3117081
89 9 2530917184.9454741478 3142884
90 9 2591608938.4443588257 3140334
91 9 2370627853.5061674118 3167795
92 9 2478530014.5309901237 3146362
93 9 2262094760.5059967041 3142950
94 9 2629897197.9489760399 3062727
95 9 2074830900.3968117237 3055307
96 9 2346250857.5830669403 3058517
97 9 2232181683.9918980598 3106906
98 9 1975344907.7082397938 3139149
99 9 2070927594.1895949841 3143295
% Edges = 9.5
0 9.5 2775204315.3924922943 3326635
1 9.5 2379904699.2770404816 3303067
2 9.5 2265359322.6244149208 3294204
3 9.5 2633200037.9482221603 3325058
4 9.5 2436842646.6383399963 3322697
5 9.5 2641226030.4923872948 3331245
6 9.5 2637310823.653444767 3315887
7 9.5 2366101580.6904921532 3238836
8 9.5 2257028928.1099309921 3222157
9 9.5 2136282642.6731219292 3222577
10 9.5 2279044411.1358985901 3271513
11 9.5 2459745123.9522519112 3307144
12 9.5 1970426422.2915582657 3307899
13 9.5 2255166738.9629621506 3332658
14 9.5 2481158050.0173683167 3296104
15 9.5 2322930176.3302321434 3293608
16 9.5 2507933404.8498954773 3311425
17 9.5 2348826957.5060968399 3318850
18 9.5 2356875385.1739411354 3338729
19 9.5 2221623704.2735424042 3304725
20 9.5 2021506829.4833142757 3252296
21 9.5 2874690595.5735940933 3223761
22 9.5 2434372130.292049408 3228193
23 9.5 1946632990.9670050144 3302025
24 9.5 1960929057.3862986565 3308052
25 9.5 2546013950.0418658257 3321275
26 9.5 2032198209.5291471481 3309399
27 9.5 2598601483.0268330574 3292934
28 9.5 2231231618.6961431503 3301911
29 9.5 2409352194.6851611137 3314169
30 9.5 1988015617.413465023 3339582
31 9.5 2402892092.3042416573 3311987
32 9.5 2706134770.7213172913 3306853
33 9.5 2652317982.0933594704 3225054
34 9.5 1984569807.0429797173 3218194
35 9.5 2500584280.5891089439 3256417
36 9.5 2469153448.1237473488 3304861
37 9.5 1637923564.2646846771 3320179
38 9.5 2386618155.3189139366 3306066
39 9.5 2811825626.120349884 3313984
40 9.5 2508533648.7786417007 3297285
41 9.5 2373687473.3045663834 3301696
42 9.5 2341581928.9286904335 3335946
43 9.5 2402773785.9418377876 3317534
44 9.5 1898754506.691306591 3329026
45 9.5 1976387962.621188879 3269824
46 9.5 2138905905.1758930683 3223630
47 9.5 2259304615.5897812843 3221320
48 9.5 2067760085.9368710518 3233230
49 9.5 2408091476.4826526642 3316131
50 9.5 2769524444.2323613167 3302982
51 9.5 2115667302.2198843956 3316358
52 9.5 3029689784.0166592598 3315588
53 9.5 2221154456.8133707047 3285187
54 9.5 2815808763.1023106575 3319082
55 9.5 2504436075.7219161987 3314043
56 9.5 1945621076.128950119 3325377
57 9.5 2281846037.5487914085 3321816
58 9.5 2461660776.1671161652 3294578
59 9.5 2254378851.1176600456 3224087
60 9.5 2372526128.6631045341 3223249
61 9.5 2668807422.7933063507 3270462
62 9.5 2398383465.5221047401 3304538
63 9.5 2667739680.3064842224 3310994
64 9.5 2057522089.2787590027 3319848
65 9.5 2493531929.3278636932 3295404
66 9.5 2318753145.6930613518 3305305
67 9.5 2792822539.5556721687 3313760
68 9.5 2253018219.4538197517 3318742
69 9.5 2215461750.9750647545 3330809
70 9.5 2229821690.2534828186 3306470
71 9.5 2476518361.2669205666 3263136
72 9.5 1937186861.9997494221 3223487
73 9.5 2455992994.8081665039 3229102
74 9.5 2929434057.3723607063 3291948
75 9.5 2590935477.9043397903 3316246
76 9.5 2445514369.8649263382 3385287
77 9.5 2475420666.5310091972 3307792
78 9.5 2210510248.5910148621 3298311
79 9.5 2741141650.5616002083 3374116
80 9.5 2264071389.6338891983 3309959
81 9.5 2945676292.2901244164 3334420
82 9.5 2403480361.2865371704 3380001
83 9.5 2231021527.2452769279 3308965
84 9.5 2371609469.035885334 3222303
85 9.5 2512323860.5990643501 3290771
86 9.5 2406993712.142343998 3216247
87 9.5 2330484214.9975385666 3273554
88 9.5 2212792075.4246072769 3399912
89 9.5 1951536573.6125817299 3310124
90 9.5 2297804663.6708316803 3307597
91 9.5 2345008624.827943325 3371935
92 9.5 1816020408.0182609558 3300081
93 9.5 2131878644.328130722 3308169
94 9.5 1984154706.7833771706 3413099
95 9.5 2123321072.9380953312 3315909
96 9.5 2126000449.5391955376 3279511
97 9.5 2351281997.4285593033 3299426
98 9.5 2370325270.6266222 3208483
99 9.5 2983361250.2781510353 3210583
% Edges = 10
0 10 1865841181.4256436825 3531141
1 10 2347979958.1687288284 3460670
2 10 2591126365.2837705612 3466025
3 10 2613183760.1259584427 3543644
4 10 1791482666.4307098389 3443596
5 10 2225456684.1501865387 3453689
6 10 2246540795.4782333374 3557075
7 10 2858596978.9302825928 3468896
8 10 2215081290.2942347527 3474083
9 10 2498386171.1898913383 3472583
10 10 2458871933.0377392769 3367156
11 10 2084324178.152920723 3377753
12 10 2034504385.9446671009 3477777
13 10 2920184910.1823744774 3448641
14 10 2231547758.355612278 3458760
15 10 2886113286.3181409836 3462312
16 10 2239899806.5492191315 3435365
17 10 1966951017.2415189743 3502902
18 10 2511136209.6832089424 3507998
19 10 1847500177.4476132393 3459044
20 10 2293862659.4504470825 3535713
21 10 2016381588.6713719368 3420498
22 10 2359707227.3203744888 3356463
23 10 2499683061.6086139679 3430234
24 10 3286287659.6667699814 3406429
25 10 1884751044.1926059723 3438107
26 10 2544299650.9527769089 3539551
27 10 2430881946.3723592758 3453627
28 10 2430020989.3264451027 3426260
29 10 2517496886.3977212906 3524140
30 10 1830058489.6503875256 3463379
31 10 2217354862.2875967026 3451065
32 10 2080039817.1371464729 3530473
33 10 2434960201.3485789299 3393282
34 10 2552733041.1993026733 3348450
35 10 1660049723.666967392 3410231
36 10 2699924049.1100654602 3346652
37 10 2247258618.1413564682 3354966
38 10 2238439132.4496645927 3504940
39 10 2870392763.163567543 3443520
40 10 2179093613.3415412903 3453139
41 10 2628153337.0350413322 3475383
42 10 2485959509.9387030602 3439675
43 10 2266044545.2919864655 3482075
44 10 2273539847.1113862991 3498504
45 10 2596938846.0196838379 3442148
46 10 2428167778.808280468 3435467
47 10 2994172156.7394022942 3372184
48 10 2614829219.2636728287 3336864
49 10 1965108682.8967719078 3391254
50 10 2480864380.3298268318 3411899
51 10 2518359863.4020051956 3421958
52 10 1981414986.2500808239 3509870
53 10 2562275269.806286335 3437741
54 10 2554812479.2458176613 3401380
55 10 2510596267.1687264442 3519187
56 10 2489094749.6358165741 3443568
57 10 2924630928.250213623 3431742
58 10 2066236778.3103253841 3515486
59 10 2649582495.0003590584 3336182
60 10 2558968967.7738189697 3326735
61 10 2566833084.0084023476 3406159
62 10 2852025327.7104072571 3328253
63 10 2548201338.6701197624 3385830
64 10 2311938521.855866909 3510722
65 10 2534630287.2694606781 3414339
66 10 2727178254.8531193733 3391497
67 10 2660624263.4509282112 3494774
68 10 2427795961.0436229706 3425324
69 10 2557230797.3058824539 3425353
70 10 2467311489.9686231613 3504048
71 10 2353865058.2553811073 3362035
72 10 2446388040.3225774765 3319232
73 10 2689835008.0184516907 3380624
74 10 2794142818.8976888657 3316862
75 10 2754134522.0688071251 3366746
76 10 2589826427.0685114861 3488188
77 10 2150882990.4736123085 3401372
78 10 2280617442.4049372673 3379049
79 10 2301084431.9187340736 3410482
80 10 2262912599.5909028053 3410347
81 10 1786672174.4277582169 3411065
82 10 2124929417.5836174488 3432907
83 10 2434075126.0538368225 3363682
84 10 2780342727.9669957161 3315132
85 10 2538454835.4393482208 3312871
86 10 2196463919.1690454483 3311664
87 10 2077857416.2633469105 3313558
88 10 2437991613.657453537 3377928
89 10 2764918326.8770604134 3401449
90 10 2341334222.8930134773 3410189
91 10 1883038139.5138831139 3383469
92 10 2550329237.4320325851 3398769
93 10 2669157944.367061615 3418301
94 10 2908914305.0179095268 3410318
95 10 2382739470.383491993 3427563
96 10 2508676669.7967953682 3357826
97 10 2663172628.1893281937 3312533
98 10 2536067242.8923506737 3312521
99 10 2574917378.5805273056 3313383
