% Edges = 0.1
0 0.1 0 103770
1 0.10000000149011611938 5722283815.5694904327 85654
2 0.10000000149011611938 0 83989
3 0.10000000149011611938 0 83545
4 0.10000000149011611938 2711838645.5316147804 83595
5 0.10000000149011611938 0 83104
6 0.10000000149011611938 0 92990
7 0.10000000149011611938 0 82775
8 0.10000000149011611938 0 83120
9 0.10000000149011611938 0 85127
10 0.10000000149011611938 0 83974
11 0.10000000149011611938 0 96481
12 0.10000000149011611938 0 83395
13 0.10000000149011611938 0 83604
14 0.10000000149011611938 0 83544
15 0.10000000149011611938 0 82998
16 0.10000000149011611938 0 83287
17 0.10000000149011611938 0 90494
18 0.10000000149011611938 0 83269
19 0.10000000149011611938 0 83308
20 0.10000000149011611938 0 83292
21 0.10000000149011611938 3187843709.3787508011 90640
22 0.10000000149011611938 0 83601
23 0.10000000149011611938 2425598559.4230675697 83222
24 0.10000000149011611938 0 83143
25 0.10000000149011611938 0 88323
26 0.10000000149011611938 0 83199
27 0.10000000149011611938 0 82953
28 0.10000000149011611938 0 93875
29 0.10000000149011611938 0 82905
30 0.10000000149011611938 0 83249
31 0.10000000149011611938 0 83011
32 0.10000000149011611938 0 83278
33 0.10000000149011611938 0 97528
34 0.10000000149011611938 0 83485
35 0.10000000149011611938 0 83155
36 0.10000000149011611938 4195193451.7864551544 83147
37 0.10000000149011611938 0 83255
38 0.10000000149011611938 0 83351
39 0.10000000149011611938 0 82984
40 0.10000000149011611938 0 92423
41 0.10000000149011611938 0 83039
42 0.10000000149011611938 0 83216
43 0.10000000149011611938 0 82982
44 0.10000000149011611938 0 83640
45 0.10000000149011611938 2700121769.2012329102 98944
46 0.10000000149011611938 0 83522
47 0.10000000149011611938 0 83112
48 0.10000000149011611938 0 83191
49 0.10000000149011611938 0 83153
50 0.10000000149011611938 0 83230
51 0.10000000149011611938 0 96825
52 0.10000000149011611938 0 83556
53 0.10000000149011611938 0 83174
54 0.10000000149011611938 0 83125
55 0.10000000149011611938 0 83183
56 0.10000000149011611938 0 84258
57 0.10000000149011611938 0 83352
58 0.10000000149011611938 0 93020
59 0.10000000149011611938 0 83824
60 0.10000000149011611938 0 83329
61 0.10000000149011611938 0 83073
62 0.10000000149011611938 3003405694.0639677048 83390
63 0.10000000149011611938 0 96623
64 0.10000000149011611938 0 85514
65 0.10000000149011611938 3329763973.7554593086 83870
66 0.10000000149011611938 5179803218.3255405426 83710
67 0.10000000149011611938 0 84230
68 0.10000000149011611938 0 84925
69 0.10000000149011611938 0 90989
70 0.10000000149011611938 0 84210
71 0.10000000149011611938 0 83428
72 0.10000000149011611938 0 83563
73 0.10000000149011611938 0 90135
74 0.10000000149011611938 0 83347
75 0.10000000149011611938 3025654467.0312366486 83463
76 0.10000000149011611938 0 89719
77 0.10000000149011611938 0 83679
78 0.10000000149011611938 0 83575
79 0.10000000149011611938 0 84921
80 0.10000000149011611938 0 94515
81 0.10000000149011611938 0 83754
82 0.10000000149011611938 0 83996
83 0.10000000149011611938 0 83475
84 0.10000000149011611938 0 83693
85 0.10000000149011611938 0 96778
86 0.10000000149011611938 0 83112
87 0.10000000149011611938 0 83601
88 0.10000000149011611938 7465601734.5139799118 84120
89 0.10000000149011611938 0 83624
90 0.10000000149011611938 0 83430
91 0.10000000149011611938 0 94061
92 0.10000000149011611938 0 83557
93 0.10000000149011611938 3816639600.8230161667 83470
94 0.10000000149011611938 2804795390.1648626328 84028
95 0.10000000149011611938 0 83630
96 0.10000000149011611938 0 98547
97 0.10000000149011611938 0 84874
98 0.10000000149011611938 3314132709.3446621895 83627
99 0.10000000149011611938 0 83450
% Edges = 0.25
0 0.25 0 225381
1 0.25 0 233233
2 0.25 1002124044.7802672386 217166
3 0.25 0 227214
4 0.25 1445881273.6368136406 215616
5 0.25 0 229591
6 0.25 0 215842
7 0.25 2245626917.7944235802 215511
8 0.25 0 222487
9 0.25 0 222094
10 0.25 0 222550
11 0.25 2373747260.3710050583 214710
12 0.25 1102421064.2900388241 225813
13 0.25 0 215763
14 0.25 0 229124
15 0.25 0 215739
16 0.25 0 224523
17 0.25 0 215872
18 0.25 0 230721
19 0.25 0 217013
20 0.25 0 215717
21 0.25 2273846693.181702137 228757
22 0.25 0 215382
23 0.25 1231198581.5679454803 226087
24 0.25 0 216043
25 0.25 0 228578
26 0.25 0 215344
27 0.25 2440929652.9356913567 216310
28 0.25 0 224156
29 0.25 1029847785.151059866 222098
30 0.25 0 215696
31 0.25 0 221164
32 0.25 0 226403
33 0.25 0 215905
34 0.25 0 228253
35 0.25 0 215525
36 0.25 0 224710
37 0.25 0 216795
38 0.25 0 231086
39 0.25 1225118931.1705286503 215529
40 0.25 1313743660.8252174854 215997
41 0.25 0 229607
42 0.25 0 217052
43 0.25 1269054640.8234770298 224973
44 0.25 0 215657
45 0.25 0 228993
46 0.25 1275911502.6793582439 296857
47 0.25 1241014655.4931566715 351509
48 0.25 0 409000
49 0.25 0 448924
50 0.25 0 497788
51 0.25 1200259705.8631465435 527248
52 0.25 2668191583.6057486534 576533
53 0.25 1391673430.8564326763 605672
54 0.25 1249378246.15670228 634768
55 0.25 0 667194
56 0.25 0 710483
57 0.25 0 645065
58 0.25 0 573138
59 0.25 0 531187
60 0.25 2668627729.7064137459 498190
61 0.25 1035234823.3798786402 472175
62 0.25 0 449860
63 0.25 0 433378
64 0.25 2436577478.2561063766 422794
65 0.25 1014926228.2681396008 412045
66 0.25 0 394137
67 0.25 2455525830.0392713547 390287
68 0.25 2666300149.3387079239 383730
69 0.25 0 376186
70 0.25 1341063795.4614233971 369656
71 0.25 1365596044.1155979633 364719
72 0.25 0 360044
73 0.25 0 356613
74 0.25 1078693230.8803632259 353109
75 0.25 0 349778
76 0.25 2141240015.5881562233 346439
77 0.25 1229765116.5443856716 523687
78 0.25 1344057629.9942975044 560941
79 0.25 1192330059.9158661366 547203
80 0.25 1226180619.7334427834 538933
81 0.25 0 511552
82 0.25 1138967330.9722294807 594910
83 0.25 1071156489.0170750618 488603
84 0.25 1125525012.3106291294 393237
85 0.25 1141613598.3656702042 370262
86 0.25 1281641377.8109619617 345156
87 0.25 0 353131
88 0.25 3941421597.8624682426 333838
89 0.25 0 342016
90 0.25 0 337000
91 0.25 0 333193
92 0.25 0 345309
93 0.25 2397840073.0555558205 333347
94 0.25 1232157743.2940146923 353307
95 0.25 1112612822.8753585815 343161
96 0.25 0 353786
97 0.25 1293265854.9334521294 357005
98 0.25 0 355936
99 0.25 2200666743.6549663544 369040
% Edges = 0.5
0 0.5 552780997.60685706139 756196
1 0.5 2760643732.205224514 757859
2 0.5 1069483692.7150827646 763827
3 0.5 643179776.20692849159 781069
4 0.5 1679059913.4790985584 804359
5 0.5 633331033.20006680489 822541
6 0.5 711200492.19190895557 838008
7 0.5 1245291346.5460431576 850727
8 0.5 0 860822
9 0.5 1304705258.9877872467 880230
10 0.5 0 889256
11 0.5 538846661.01247501373 901291
12 0.5 0 923077
13 0.5 604952902.16172170639 921566
14 0.5 601113917.75960099697 930349
15 0.5 662741145.14043188095 943589
16 0.5 1005264731.8283836842 925507
17 0.5 621213032.85894322395 914817
18 0.5 0 911099
19 0.5 543830377.83208906651 908961
20 0.5 695376179.76604676247 919000
21 0.5 550422254.52337241173 875761
22 0.5 684564825.68828439713 773277
23 0.5 0 739383
24 0.5 616674878.63910853863 679972
25 0.5 525977385.36362725496 655854
26 0.5 536357101.51366901398 643619
27 0.5 0 607813
28 0.5 625157133.81821334362 614232
29 0.5 1203804237.00263381 581281
30 0.5 0 587648
31 0.5 1901216803.422850132 565776
32 0.5 579070010.79084420204 583075
33 0.5 0 553692
34 0.5 1166855563.022213459 547532
35 0.5 0 566427
36 0.5 1253327392.2129466534 539976
37 0.5 633069500.14196026325 561060
38 0.5 526758187.75221431255 535173
39 0.5 648825154.27180886269 532612
40 0.5 0 551279
41 0.5 0 528756
42 0.5 0 526350
43 0.5 647260229.92751955986 544183
44 0.5 559824512.44973015785 524714
45 0.5 1248898601.8946223259 546369
46 0.5 606901859.18074834347 522959
47 0.5 0 522686
48 0.5 1827987933.3929672241 530090
49 0.5 1812312924.8263053894 520291
50 0.5 635704984.81179690361 538909
51 0.5 497970564.40793412924 519630
52 0.5 685443610.15083575249 538932
53 0.5 1210830882.7307155132 519229
54 0.5 1201798429.1299664974 519842
55 0.5 530773542.1331256032 532626
56 0.5 616578232.896453619 516707
57 0.5 1192171508.0417580605 539464
58 0.5 654066239.75450778008 516674
59 0.5 1098976370.1775319576 517175
60 0.5 617164891.27788043022 538454
61 0.5 1196798441.2203166485 516478
62 0.5 571527490.73809158802 515527
63 0.5 1178872707.2958648205 537319
64 0.5 607721384.01187646389 515405
65 0.5 0 513928
66 0.5 0 533689
67 0.5 0 514049
68 0.5 1078970877.5346746445 533243
69 0.5 561072438.07560563087 516343
70 0.5 0 513782
71 0.5 1320824173.6841607094 536301
72 0.5 1177934350.6400673389 513548
73 0.5 0 512637
74 0.5 576428910.96414864063 519258
75 0.5 0 512627
76 0.5 0 528225
77 0.5 0 513101
78 0.5 537598812.73123216629 533177
79 0.5 0 512130
80 0.5 1575163503.2291054726 512041
81 0.5 562574360.29569625854 527177
82 0.5 0 511977
83 0.5 0 535868
84 0.5 640833782.20991384983 511608
85 0.5 584139447.51995003223 512005
86 0.5 2107193996.498303175 534694
87 0.5 1927928886.0692739487 511826
88 0.5 0 511513
89 0.5 0 532642
90 0.5 1314532689.6761417389 511227
91 0.5 0 533131
92 0.5 1797070814.3546595573 511370
93 0.5 607950028.68115389347 511465
94 0.5 0 531705
95 0.5 612618360.18330585957 512028
96 0.5 0 511543
97 0.5 553698206.2702319622 531792
98 0.5 597078382.56296741962 510677
99 0.5 0 518906
% Edges = 0.75
0 0.75 372182573.96156948805 753219
1 0.75 1063941014.4337370396 764561
2 0.75 1302598253.1978397369 768706
3 0.75 1111718839.4961721897 748449
4 0.75 0 764091
5 0.75 0 750228
6 0.75 384275964.3234718442 769823
7 0.75 742634899.48537838459 749266
8 0.75 805136708.97937190533 770694
9 0.75 0 748861
10 0.75 1653263486.0554847717 769092
11 0.75 1100725092.4146828651 770437
12 0.75 373138928.09647119045 747385
13 0.75 756680792.68390679359 768580
14 0.75 0 748145
15 0.75 822991768.67474913597 769736
16 0.75 453664032.79486846924 747533
17 0.75 400721336.51295793056 757032
18 0.75 1346876771.0544288158 764098
19 0.75 885208167.0567085743 748082
20 0.75 1162223446.9995994568 769073
21 0.75 1262882296.0854415894 747877
22 0.75 870693414.35944497585 762096
23 0.75 0 770023
24 0.75 0 747116
25 0.75 388919029.85329335928 771360
26 0.75 399891418.0844374299 746590
27 0.75 1610684424.4581305981 769097
28 0.75 773835044.53520691395 747403
29 0.75 793835142.12827837467 768671
30 0.75 390170632.33734971285 746757
31 0.75 1978239981.7631709576 767761
32 0.75 452300368.36258000135 746571
33 0.75 397958269.90446567535 767787
34 0.75 1133016326.5505578518 747254
35 0.75 339355325.52461999655 756646
36 0.75 1363776521.0267858505 764758
37 0.75 826072108.90725624561 747302
38 0.75 1138456121.5627241135 767706
39 0.75 794631534.38341617584 747379
40 0.75 0 760442
41 0.75 827754030.71350705624 769737
42 0.75 1332307094.7552251816 747302
43 0.75 1134682237.9079778194 769484
44 0.75 1201453456.0312230587 746777
45 0.75 896448311.35609054565 777681
46 0.75 384461764.57167869806 752272
47 0.75 1083794007.8449640274 772815
48 0.75 0 747840
49 0.75 0 766623
50 0.75 0 768321
51 0.75 798438523.85149788857 745242
52 0.75 1175196000.1171479225 755559
53 0.75 752030633.70123636723 746812
54 0.75 817388895.92707622051 763148
55 0.75 812315023.26171076298 766352
56 0.75 0 746181
57 0.75 398361061.33955287933 761255
58 0.75 1809661754.5846271515 747926
59 0.75 423252996.6360976696 768310
60 0.75 1212308304.7254366875 744936
61 0.75 390882396.00220906734 767003
62 0.75 785923405.99688613415 747730
63 0.75 394496716.43751209974 766595
64 0.75 1650844278.1980638504 769067
65 0.75 424606045.15082782507 747028
66 0.75 0 766370
67 0.75 0 745415
68 0.75 892094263.26738166809 768309
69 0.75 412638998.85235828161 746206
70 0.75 812387941.31545495987 754115
71 0.75 915791422.72589898109 764024
72 0.75 395061134.63866955042 745879
73 0.75 1237640247.0470113754 766732
74 0.75 748211377.20523476601 746492
75 0.75 0 760983
76 0.75 411705899.78749680519 767164
77 0.75 1879203289.0663645267 745808
78 0.75 412992240.89483755827 768997
79 0.75 420593019.6454025507 746342
80 0.75 0 768179
81 0.75 386456776.15004122257 746335
82 0.75 0 766965
83 0.75 1258738011.5739378929 745391
84 0.75 0 766612
85 0.75 410582093.31922483444 745738
86 0.75 398937031.04082792997 766390
87 0.75 385936085.81014513969 745798
88 0.75 1277188878.1256132126 751875
89 0.75 0 764467
90 0.75 791298717.34390246868 746818
91 0.75 794469787.17111778259 764633
92 0.75 0 746340
93 0.75 1341699588.7196364403 759312
94 0.75 434618937.2117331624 768155
95 0.75 867146648.55079364777 746298
96 0.75 832891610.96640992165 768641
97 0.75 1200535030.0624024868 745261
98 0.75 864449134.45835936069 767325
99 0.75 0 743974
% Edges = 1
0 1 829255008.8284188509 1099233
1 1 303938080.21990555525 1163897
2 1 302985549.97083318233 1165250
3 1 0 1152559
4 1 568005744.91921257973 1163959
5 1 1219648940.2224736214 1166025
6 1 1572490249.6967067719 1160543
7 1 570904312.19445836544 1143508
8 1 605466003.25734448433 1165813
9 1 1273997277.4415504932 1166940
10 1 605142206.4131244421 1166693
11 1 1446047696.9371926785 1165770
12 1 0 1163741
13 1 0 1143696
14 1 859128660.27594041824 1165221
15 1 295365377.47909909487 1155280
16 1 638135678.57873439789 1179256
17 1 846762330.8700864315 1171157
18 1 906939299.3509414196 1161926
19 1 1399162382.4050421715 1167012
20 1 1556877400.845594883 1166463
21 1 633846191.61302495003 1167583
22 1 1227102493.8235273361 1144180
23 1 562780109.78177118301 1164755
24 1 881944430.78962874413 1166221
25 1 617870365.61012160778 1166047
26 1 551981438.52006030083 1154556
27 1 613020265.65851652622 1162540
28 1 1610329027.9814424515 1165651
29 1 645591509.82787835598 1160508
30 1 944341397.66730904579 1145542
31 1 317918704.52449464798 1166921
32 1 596699771.79632115364 1167390
33 1 618747093.32363569736 1165157
34 1 0 1165901
35 1 597663408.44452619553 1164047
36 1 301042138.89489632845 1144648
37 1 0 1162925
38 1 655961218.86512565613 1154266
39 1 0 1161327
40 1 958229357.56415534019 1162254
41 1 630012012.50346374512 1162269
42 1 308939345.12983691692 1166406
43 1 290905799.66867446899 1166018
44 1 327846921.22347986698 1144154
45 1 0 1165809
46 1 303801241.23307394981 1165581
47 1 669179214.56024122238 1164686
48 1 551895298.1112909317 1165684
49 1 616549955.38230800629 1154722
50 1 1144980318.8805658817 1163202
51 1 632316549.32827448845 1162815
52 1 1163496575.5223994255 1162577
53 1 583696048.9697149992 1144784
54 1 0 1165241
55 1 1212673560.2987260818 1166332
56 1 310504475.42890119553 1166806
57 1 315512614.31630164385 1166714
58 1 289469369.79891383648 1144629
59 1 0 1163100
60 1 315391200.11314606667 1165548
61 1 852052442.2543463707 1154276
62 1 875239326.27161860466 1161663
63 1 797945887.16488993168 1162697
64 1 891481206.52360332012 1160894
65 1 1186506610.0817975998 1166038
66 1 569780259.94760811329 1168445
67 1 1223313240.0105378628 1153424
68 1 314246788.6187158227 1170450
69 1 267304366.98751157522 1164478
70 1 1652286366.0792922974 1164235
71 1 294672671.09998828173 1165160
72 1 311339290.25926339626 1153360
73 1 1124128373.884522438 1161516
74 1 0 1162317
75 1 895960640.85197758675 1145257
76 1 312392340.65997296572 1160377
77 1 1107383672.9280488491 1166517
78 1 1243188477.8120985031 1167294
79 1 1259522820.0595262051 1166282
80 1 1125709923.9947583675 1164847
81 1 618396827.36592710018 1144274
82 1 643727847.25867760181 1163440
83 1 597914066.27457416058 1166208
84 1 1451182225.8796486855 1153492
85 1 0 1160851
86 1 1022678272.577013135 1162432
87 1 1206279423.836186409 1161054
88 1 320019043.26604634523 1166060
89 1 1036089070.7907025814 1166800
90 1 642210991.41925191879 1144801
91 1 336935747.97396683693 1167358
92 1 584684467.53094100952 1165144
93 1 1917728857.0394532681 1164156
94 1 305807609.79601162672 1166028
95 1 305682281.59369969368 1153471
96 1 626029887.56213474274 1160160
97 1 609794189.07664179802 1162363
98 1 604442279.55394351482 1144835
99 1 549147355.36445951462 1160546
% Edges = 1.25
0 1.25 479045274.31729620695 1432031
1 1.25 0 1432225
2 1.25 957664264.38451588154 1434664
3 1.25 765867143.61922764778 1432797
4 1.25 276119353.13886660337 1430985
5 1.25 505480817.30954813957 1429921
6 1.25 1014480774.7397750616 1435176
7 1.25 974374693.04752123356 1430417
8 1.25 1398444235.793056488 1429043
9 1.25 0 1432912
10 1.25 240936442.40543711185 1434098
11 1.25 935264198.72348594666 1433373
12 1.25 1481940634.7329425812 1432662
13 1.25 922086572.10904419422 1430638
14 1.25 246079433.30739179254 1432184
15 1.25 456113764.45786219835 1420196
16 1.25 231284804.36851719022 1445566
17 1.25 476168766.47618794441 1428988
18 1.25 1006715310.873519063 1433703
19 1.25 505821850.28456664085 1434581
20 1.25 678683906.03986227512 1434557
21 1.25 1174394708.3277990818 1432019
22 1.25 1008907172.8105820417 1433766
23 1.25 0 1431979
24 1.25 729357115.49386870861 1420996
25 1.25 494919331.91689407825 1427078
26 1.25 971643943.68299508095 1427369
27 1.25 511751881.03558909893 1428032
28 1.25 466870195.80582332611 1433148
29 1.25 244621196.78844618797 1433142
30 1.25 487704722.07604295015 1433267
31 1.25 513450834.44746530056 1431412
32 1.25 256631292.04460164905 1451492
33 1.25 490028456.59500110149 1419371
34 1.25 1179631773.6496763229 1428058
35 1.25 797514558.67511844635 1429377
36 1.25 714275141.53409683704 1427077
37 1.25 941892210.72852993011 1432389
38 1.25 1173973352.9981918335 1433478
39 1.25 233771956.01244345307 1433012
40 1.25 479319864.26671773195 1432313
41 1.25 497939639.99272608757 1430953
42 1.25 999702164.49540841579 1431612
43 1.25 448795711.05932605267 1435647
44 1.25 1815114010.3467259407 1431923
45 1.25 481306197.66195243597 1426041
46 1.25 715366298.86866700649 1433163
47 1.25 734339859.54262328148 1434558
48 1.25 711822476.99296927452 1434805
49 1.25 250718525.26175501943 1433417
50 1.25 253189663.75650793314 1433239
51 1.25 251050038.99225515127 1430510
52 1.25 475850513.09154605865 1418187
53 1.25 0 1445071
54 1.25 686926581.8548309803 1427487
55 1.25 1151567963.5826876163 1432885
56 1.25 762296506.1342676878 1434923
57 1.25 0 1437199
58 1.25 244645840.45464831591 1434463
59 1.25 724393802.44387459755 1430935
60 1.25 1235703856.7625977993 1432794
61 1.25 0 1417457
62 1.25 230358481.50361087918 1428719
63 1.25 242174543.3529176116 1428500
64 1.25 467842035.24795824289 1429904
65 1.25 239145424.21830612421 1432648
66 1.25 694766402.16486978531 1433289
67 1.25 483303127.3196066618 1433864
68 1.25 249773679.73086115718 1432341
69 1.25 725776012.26845729351 1431322
70 1.25 1108597375.3451218605 1431309
71 1.25 521970823.00556516647 1435870
72 1.25 683946076.39025855064 1430760
73 1.25 246227566.55291721225 1427452
74 1.25 922010383.46864306927 1433840
75 1.25 1227745500.2859692574 1432364
76 1.25 780975085.93703448772 1434421
77 1.25 1013203137.0809993744 1434817
78 1.25 1183426068.3596405983 1433751
79 1.25 0 1431054
80 1.25 500208018.57366251945 1436817
81 1.25 494526531.30790984631 1429050
82 1.25 466128268.02580547333 1429418
83 1.25 471055779.05667728186 1433081
84 1.25 466226737.09101676941 1433845
85 1.25 499463570.52098852396 1434486
86 1.25 815825934.10115909576 1434963
87 1.25 464342030.53025770187 1430854
88 1.25 1204241572.7421066761 1434090
89 1.25 0 1420544
90 1.25 1649192920.0296721458 1427493
91 1.25 239087185.22829481959 1428207
92 1.25 258837778.17228791118 1430097
93 1.25 484036975.04350334406 1431093
94 1.25 470543490.60364693403 1454777
95 1.25 1205898668.3387157917 1430463
96 1.25 1102131352.0364458561 1430427
97 1.25 480482686.82979959249 1433164
98 1.25 0 1418988
99 1.25 690372095.23477208614 1427386
% Edges = 1.5
0 1.5 1266173743.5176115036 1694779
1 1.5 579350184.25613737106 1703832
2 1.5 799973365.27616775036 1687269
3 1.5 416308114.47027486563 1688107
4 1.5 590027402.02665126324 1653459
5 1.5 812967278.11688387394 1650162
6 1.5 382406499.06231445074 1647901
7 1.5 783976166.35260629654 1653461
8 1.5 975233772.75061607361 1645579
9 1.5 834424125.21236228943 1646095
10 1.5 868152159.60779881477 1673648
11 1.5 788775510.27210581303 1652443
12 1.5 210852900.58344179392 1648868
13 1.5 773701756.72950565815 1650172
14 1.5 840225446.85335457325 1649063
15 1.5 778720587.75472807884 1653069
16 1.5 980589608.86968779564 1649272
17 1.5 836827552.98538661003 1645255
18 1.5 788730317.73259150982 1672351
19 1.5 217280548.07831847668 1652269
20 1.5 1320627973.1579763889 1649339
21 1.5 205616974.52857461572 1649993
22 1.5 846569316.68353939056 1648959
23 1.5 382560681.41510176659 1654934
24 1.5 603672640.66266667843 1647487
25 1.5 1009771146.8672143221 1645514
26 1.5 994012515.85465192795 1651507
27 1.5 1022743729.4840488434 1652095
28 1.5 594761264.29142594337 1650304
29 1.5 618023410.72755885124 1669636
30 1.5 1384530216.6799654961 1649962
31 1.5 1055547630.5639737844 1637870
32 1.5 208888537.75059211254 1664330
33 1.5 626625850.98518717289 1647231
34 1.5 1508142008.1809368134 1651790
35 1.5 1049342084.4291478395 1663195
36 1.5 1331102937.1041212082 1656258
37 1.5 1134464095.6761627197 1670279
38 1.5 381318951.85853481293 1649335
39 1.5 1020824363.3659238815 1638052
40 1.5 814264788.98160159588 1663460
41 1.5 618731617.87769913673 1650122
42 1.5 1412891321.7273352146 1651266
43 1.5 610739043.60639178753 1652454
44 1.5 1285990116.5053472519 1650210
45 1.5 807334014.67137277126 1670745
46 1.5 395652245.23672777414 1648692
47 1.5 431128946.25923979282 1638184
48 1.5 795230569.98148298264 1662695
49 1.5 417584593.23885756731 1648349
50 1.5 638341855.3325855732 1652502
51 1.5 194719416.38507169485 1650850
52 1.5 811877430.7192543745 1651829
53 1.5 624269043.78708350658 1669901
54 1.5 788147690.63659608364 1648191
55 1.5 1198658180.3371429443 1638150
56 1.5 1244798866.8835968971 1645487
57 1.5 190124603.79454088211 1663888
58 1.5 415794265.09651875496 1652577
59 1.5 802259893.08566951752 1651511
60 1.5 981047983.36557376385 1650158
61 1.5 1616515162.2256829739 1669834
62 1.5 194233042.06353738904 1647482
63 1.5 1167897763.5298814774 1637699
64 1.5 782676827.76631569862 1644767
65 1.5 988156104.26944899559 1663043
66 1.5 1351788702.0700948238 1652317
67 1.5 596099684.32371711731 1653982
68 1.5 409238339.21046209335 1650987
69 1.5 214506294.31718984246 1648897
70 1.5 412422972.1689633131 1667443
71 1.5 392849360.67437803745 1638326
72 1.5 625216247.7073392868 1663259
73 1.5 202034654.46871674061 1664716
74 1.5 408155553.28866004944 1651031
75 1.5 786011243.37893974781 1654589
76 1.5 795205220.1979085207 1651009
77 1.5 212122922.70623117685 1650611
78 1.5 627956454.48391509056 1668640
79 1.5 218717800.27227500081 1637030
80 1.5 598820122.02548837662 1646658
81 1.5 1031721420.4855537415 1665236
82 1.5 638229414.4408762455 1650390
83 1.5 762641304.10763990879 1653149
84 1.5 395403456.54442977905 1650388
85 1.5 387194932.23592299223 1650819
86 1.5 398457388.94735795259 1649091
87 1.5 444639157.84046852589 1654982
88 1.5 1226781940.8510112762 1645347
89 1.5 227870205.994674474 1648337
90 1.5 793513302.74958312511 1667727
91 1.5 608650416.65808653831 1652053
92 1.5 970408745.95034587383 1652328
93 1.5 205539472.58771172166 1651506
94 1.5 1060297829.2290467024 1647952
95 1.5 395063595.39962083101 1657143
96 1.5 799194035.39885532856 1645585
97 1.5 628936500.64472866058 1648527
98 1.5 646150798.06436049938 1667889
99 1.5 423591929.24505203962 1651461
% Edges = 1.75
0 1.75 349494638.53622591496 1983576
1 1.75 1177948372.9519376755 1982026
2 1.75 169351688.72607851028 1997047
3 1.75 513959977.77428603172 1985016
4 1.75 976686256.5336420536 1976730
5 1.75 346940067.11621570587 2000047
6 1.75 361891522.35823887587 1982864
7 1.75 839834774.74359440804 1980486
8 1.75 1117907065.4119815826 1998305
9 1.75 165915584.84267359972 1979748
10 1.75 1029634504.2414933443 1982824
11 1.75 711780212.04822480679 1993448
12 1.75 965693918.41116285324 1983295
13 1.75 697583611.45938932896 2005024
14 1.75 501565749.10702836514 1979795
15 1.75 160509588.24025791883 1978679
16 1.75 1242191712.3480944633 1988483
17 1.75 704429476.73233985901 1994121
18 1.75 887718315.64286351204 1980365
19 1.75 349418051.19824075699 2006802
20 1.75 692977147.75258648396 1983750
21 1.75 517084528.20422327518 1983161
22 1.75 1409318768.580217123 1999247
23 1.75 691034780.30961537361 1983581
24 1.75 666572165.32027757168 1978255
25 1.75 545927931.16718447208 2000698
26 1.75 521101568.443800807 1982676
27 1.75 708875214.41610229015 1982625
28 1.75 665545816.9438700676 1998554
29 1.75 534489668.12511813641 1981900
30 1.75 328969846.83163255453 1983284
31 1.75 337255854.10439759493 1991089
32 1.75 327150815.69797629118 1982752
33 1.75 160930740.72990301251 2005944
34 1.75 523674039.37877452374 1982189
35 1.75 519649480.62213867903 1977957
36 1.75 694653892.43995046616 1987740
37 1.75 670561133.08244657516 1996029
38 1.75 168810761.49185302854 1980785
39 1.75 1544788624.1660516262 2005512
40 1.75 690974729.44180703163 1982621
41 1.75 729527394.49632942677 1982207
42 1.75 540842557.00650656223 1999301
43 1.75 181980765.62176963687 1984812
44 1.75 500160893.36568653584 1977936
45 1.75 178885331.39787366986 2000941
46 1.75 323102628.85636866093 1983494
47 1.75 357550430.95229524374 1982284
48 1.75 517159852.84086632729 2000883
49 1.75 1043873094.7802120447 1979221
50 1.75 340216018.95999836922 1984887
51 1.75 510337146.87027293444 1996029
52 1.75 903790544.86909461021 1982711
53 1.75 859555818.91947007179 2004878
54 1.75 971996583.40118384361 1979513
55 1.75 673960503.4832316637 1979605
56 1.75 1021288916.2338862419 1988819
57 1.75 673063737.20055747032 1993043
58 1.75 840338130.15762448311 1979036
59 1.75 660653188.85949778557 2006255
60 1.75 650595521.09713482857 1981104
61 1.75 691845312.95354235172 1978937
62 1.75 539123670.50350093842 2001218
63 1.75 505593567.65023672581 1970031
64 1.75 1047250321.9531607628 1999417
65 1.75 908703833.14636719227 1990056
66 1.75 179592338.76430043578 1976939
67 1.75 352324741.99361729622 1984240
68 1.75 512488654.2121244669 1992798
69 1.75 374383956.96240633726 1974479
70 1.75 169468359.35937526822 1976936
71 1.75 1489169382.0837965012 1987591
72 1.75 353201117.00001436472 1978791
73 1.75 0 1975396
74 1.75 889266268.35451364517 1994951
75 1.75 1213793325.5340325832 1973402
76 1.75 532555169.76925480366 1984972
77 1.75 729349647.94180083275 1971373
78 1.75 186034413.02125480771 1986839
79 1.75 377044731.5711184144 1976392
80 1.75 1038820714.9947168827 1998033
81 1.75 1815228417.1566417217 1974816
82 1.75 691284486.5771933794 1993364
83 1.75 555071888.5746383667 1961122
84 1.75 674167857.49485051632 1985623
85 1.75 1000103592.1411474943 1973463
86 1.75 531559266.69369423389 1998803
87 1.75 340013975.99401056767 1999512
88 1.75 697120186.97605776787 2004367
89 1.75 745325950.04008293152 1987090
90 1.75 561714171.27577018738 1989945
91 1.75 1032478237.0063574314 1982438
92 1.75 342443733.83209478855 1982490
93 1.75 525722390.48151558638 2007646
94 1.75 175247158.06762364507 1985709
95 1.75 0 2002875
96 1.75 1049032439.9649665356 1984319
97 1.75 692406379.38133311272 1989844
98 1.75 2036252705.5686254501 1983126
99 1.75 506984819.52545511723 1982786
% Edges = 2
0 2 488650897.76030385494 2270365
1 2 902862614.7581589222 2244166
2 2 618929777.20692431927 2263486
3 2 771694071.83922243118 2251478
4 2 154138773.03011757135 2257720
5 2 463932103.32355010509 2243012
6 2 488828175.14221519232 2266959
7 2 304865599.63354921341 2265106
8 2 1307199807.7594306469 2241264
9 2 1123176111.6468138695 2251176
10 2 579150930.07012152672 2260171
11 2 305207114.1165959239 2263272
12 2 751919086.43383693695 2247682
13 2 300402010.96292591095 2265830
14 2 813591071.79907429218 2263950
15 2 576685876.07353496552 2232470
16 2 582929708.37451434135 2256987
17 2 443268477.06981241703 2240928
18 2 307579711.34607100487 2278757
19 2 754647076.05425977707 2253397
20 2 647306294.57124567032 2265218
21 2 1232497498.6208779812 2251404
22 2 140662541.04903638363 2258191
23 2 1061319695.1433882713 2242715
24 2 812085189.73623633385 2269953
25 2 1168590247.5612847805 2246426
26 2 897853976.95432472229 2263148
27 2 329879057.11433839798 2243716
28 2 603842752.9697368145 2251210
29 2 750449261.39072728157 2258629
30 2 563008261.79021847248 2246058
31 2 468514186.81384038925 2269759
32 2 780509294.63585615158 2247941
33 2 754277073.81923377514 2269515
34 2 1233934751.6306929588 2253355
35 2 147382985.96387898922 2258071
36 2 780546661.28610920906 2245545
37 2 494698506.29163062572 2273840
38 2 438745492.59103655815 2247725
39 2 594817547.02826929092 2263408
40 2 1086260581.3212499619 2248790
41 2 294180209.23542231321 2259004
42 2 839141597.32746219635 2245541
43 2 459166290.62474811077 2268573
44 2 720024089.95282196999 2264604
45 2 300093207.12654650211 2244742
46 2 793329886.07295751572 2247964
47 2 1190391699.7235507965 2268031
48 2 862072623.44876718521 2251578
49 2 310799889.94860380888 2265940
50 2 461811141.15734148026 2268664
51 2 433187145.77022564411 2252397
52 2 0 2263443
53 2 1218140473.9316353798 2288995
54 2 154592276.07257297635 2272397
55 2 904737905.85024213791 2295063
56 2 768461686.33302509785 2270236
57 2 301320526.85710728168 2288586
58 2 437548440.5698004365 2274262
59 2 636432329.75741326809 2285572
60 2 779591938.38734567165 2273095
61 2 752901949.71419107914 2298902
62 2 787498164.52425169945 2291850
63 2 906793091.92953133583 2271622
64 2 1163142185.9669337273 2273421
65 2 594393059.2126121521 2285549
66 2 462039986.61143517494 2271745
67 2 474587173.45583450794 2293984
68 2 585521348.96408224106 2269907
69 2 459297681.80552828312 2290912
70 2 909156821.88449013233 2271839
71 2 437508844.85485887527 2284960
72 2 325550734.82370746136 2270722
73 2 442927368.9303959012 2292720
74 2 457754879.03659117222 2270290
75 2 308777357.23584163189 2289275
76 2 150046801.80316638947 2273910
77 2 785272003.72713935375 2294115
78 2 891152788.10396313667 2273266
79 2 155850360.0579662919 2293365
80 2 1145330987.6192877293 2290441
81 2 713700557.41971838474 2270455
82 2 803291950.16138446331 2273318
83 2 918429303.39973115921 2284682
84 2 454974315.21135962009 2292253
85 2 624607037.08815407753 2273041
86 2 610920746.62372720242 2291243
87 2 780273157.40197312832 2277388
88 2 1202574092.8737020493 2282644
89 2 614064972.56299960613 2266248
90 2 612380548.95288944244 2273394
91 2 757379990.93434083462 2291937
92 2 1045129056.8633891344 2290701
93 2 481089361.67795646191 2268128
94 2 918697113.15940260887 2272524
95 2 603364319.10074460506 2282601
96 2 458582170.75903820992 2271519
97 2 747669989.29220795631 2295278
98 2 601965972.63969874382 2270638
99 2 613941053.72780096531 2289095
% Edges = 2.25
0 2.25 1165546696.8405542374 2540497
1 2.25 542213198.32265400887 2544169
2 2.25 261715158.6960939765 2531835
3 2.25 694682352.03393292427 2557624
4 2.25 972285929.53017234802 2552370
5 2.25 693761148.73715996742 2540185
6 2.25 683363172.90695738792 2546830
7 2.25 531797377.35556298494 2521581
8 2.25 780184422.09533405304 2517792
9 2.25 691310172.52452027798 2489187
10 2.25 690634477.12887632847 2513126
11 2.25 655736001.37864124775 2496505
12 2.25 404680384.37967467308 2504076
13 2.25 1512241630.2789068222 2518104
14 2.25 809555935.2500576973 2495047
15 2.25 549227272.67274999619 2510187
16 2.25 266866194.25750279427 2500456
17 2.25 1182174038.6129295826 2506684
18 2.25 269637236.89130622149 2510538
19 2.25 409908284.65392029285 2545543
20 2.25 1211324505.4924843311 2531900
21 2.25 953687439.90558159351 2511913
22 2.25 2014253533.4891746044 2531852
23 2.25 668421957.18610453606 2528918
24 2.25 1059781428.6997405291 2512575
25 2.25 826582759.8010931015 2529251
26 2.25 685041407.39283907413 2529472
27 2.25 544206662.67114853859 2521136
28 2.25 266243955.0787306428 2525100
29 2.25 408937432.64543521404 2534329
30 2.25 1024708670.0580905676 2535850
31 2.25 139273532.1287637651 2529005
32 2.25 720167347.18175542355 2513853
33 2.25 798941221.95719313622 2523577
34 2.25 132741959.26300142705 2534566
35 2.25 568278253.74989283085 2510870
36 2.25 651239374.58585870266 2531143
37 2.25 1154550504.5180821419 2543419
38 2.25 805007140.34099590778 2533997
39 2.25 550192245.50737142563 2538083
40 2.25 274301549.42841476202 2545096
41 2.25 137391743.69991111755 2540339
42 2.25 425169826.77010381222 2529258
43 2.25 958649525.39710593224 2531602
44 2.25 971931101.15184855461 2539659
45 2.25 642709217.50315618515 2506097
46 2.25 805967235.2828912735 2510929
47 2.25 953100700.94396686554 2509465
48 2.25 1229661073.8961286545 2492400
49 2.25 958243836.73474907875 2503505
50 2.25 645771464.9934579134 2490073
51 2.25 924933890.02188229561 2514195
52 2.25 703841502.33197689056 2507354
53 2.25 667299134.33907771111 2496864
54 2.25 527552845.85952711105 2503445
55 2.25 1190509659.3886387348 2507184
56 2.25 1270893069.397983551 2489412
57 2.25 556947479.17522084713 2511562
58 2.25 1043669500.9719576836 2507992
59 2.25 702052195.72301280499 2493276
60 2.25 395585272.0866818428 2502130
61 2.25 533848699.17658233643 2489013
62 2.25 393526766.46077603102 2515046
63 2.25 1034534081.0708247423 2506903
64 2.25 939132757.23758590221 2495662
65 2.25 963680743.5705268383 2502229
66 2.25 419311619.08381515741 2488322
67 2.25 1048466757.02272439 2513173
68 2.25 803760072.106164217 2510689
69 2.25 1144460659.7985570431 2488733
70 2.25 538232975.61049151421 2512401
71 2.25 427647370.55978608131 2485959
72 2.25 258942056.77807185054 2508424
73 2.25 1081240073.9992899895 2512878
74 2.25 1091677523.8161563873 2493942
75 2.25 756411893.34433197975 2507900
76 2.25 798575647.81882882118 2491192
77 2.25 132260955.37826861441 2503962
78 2.25 529517308.09249323606 2491345
79 2.25 720826194.03816652298 2511965
80 2.25 441905528.04981458187 2509092
81 2.25 627454009.23495578766 2497220
82 2.25 260584163.56167969108 2501879
83 2.25 520604006.76199185848 2507069
84 2.25 656047902.00149428844 2512883
85 2.25 666818189.598077178 2489247
86 2.25 267645809.82886973023 2508128
87 2.25 398140035.95131337643 2492608
88 2.25 684896801.76928377151 2538990
89 2.25 1177810271.4566597939 2513742
90 2.25 678659017.47041928768 2531671
91 2.25 1456859958.4046025276 2529884
92 2.25 1091409858.2830502987 2517330
93 2.25 1231913100.5413191319 2527013
94 2.25 548016910.74980115891 2529494
95 2.25 772886978.83893930912 2533861
96 2.25 545760414.94970083237 2510670
97 2.25 279335718.2075291276 2530286
98 2.25 581157587.24546289444 2526288
99 2.25 663236595.60053014755 2515563
% Edges = 2.5
0 2.5 1184744368.3674476147 2784119
1 2.5 740877066.43464827538 2782885
2 2.5 1036141719.9465824366 2782375
3 2.5 344470866.02864694595 2766994
4 2.5 596650253.38748013973 2775395
5 2.5 247053130.96485868096 2785011
6 2.5 719921506.30502784252 2781472
7 2.5 636698527.49442505836 2778872
8 2.5 508185456.84729957581 2764367
9 2.5 371237741.12629556656 2773297
10 2.5 359753953.6366366148 2762608
11 2.5 834906125.11756241322 2782751
12 2.5 584497637.98675644398 2780082
13 2.5 253429753.30509737134 2784429
14 2.5 901150899.78296768665 2776538
15 2.5 244034778.56109729409 2783385
16 2.5 480215518.92094647884 2780651
17 2.5 609176317.77279102802 2781839
18 2.5 355361024.68552809954 2763546
19 2.5 487557305.63676893711 2774404
20 2.5 585381703.96467781067 2804434
21 2.5 834229506.81028783321 2780002
22 2.5 249245297.17523929477 2779010
23 2.5 1111728957.3581793308 2764903
24 2.5 485714932.26593863964 2772976
25 2.5 1243088252.5095422268 2761155
26 2.5 485215804.59822803736 2783717
27 2.5 478576241.19914978743 2780358
28 2.5 696994636.13846576214 2784342
29 2.5 1435649170.1549663544 2774079
30 2.5 373114546.20203381777 2782987
31 2.5 374349595.89315772057 2781589
32 2.5 367727337.81647998095 2782777
33 2.5 380000618.39869081974 2763658
34 2.5 503331447.71676635742 2773472
35 2.5 1265338727.4688596725 2784227
36 2.5 1087803496.9640080929 2783210
37 2.5 242299346.92509207129 2781439
38 2.5 595361003.73555243015 2763899
39 2.5 715737220.25630581379 2813566
40 2.5 479577707.57673537731 2773467
41 2.5 497086706.66572517157 2786675
42 2.5 714341998.74155092239 2781216
43 2.5 236127020.93375173211 2785247
44 2.5 589538711.88932275772 2775146
45 2.5 714182719.33125340939 2784825
46 2.5 691428146.29289269447 2784391
47 2.5 357611647.12252777815 2778723
48 2.5 713999593.8785456419 2762940
49 2.5 557230204.7575006485 2774386
50 2.5 470403251.07115793228 2788682
51 2.5 479851239.84087121487 2783223
52 2.5 375119313.85076057911 2779256
53 2.5 709662147.33717393875 2764361
54 2.5 619312018.28278923035 2859372
55 2.5 470221595.52718639374 2803331
56 2.5 503246102.92985963821 2762243
57 2.5 497643227.92438691854 2800805
58 2.5 870250161.82875478268 2763464
59 2.5 760689405.31608581543 2775557
60 2.5 724553035.90739738941 2784133
61 2.5 630826905.2667170763 2781071
62 2.5 607738813.27816581726 2779486
63 2.5 465940115.85714375973 2765011
64 2.5 383546312.0187267065 2773448
65 2.5 957383033.21108329296 2785060
66 2.5 579050047.80118560791 2783863
67 2.5 736914127.5584666729 2780518
68 2.5 501767865.23738068342 2763667
69 2.5 859008661.02613770962 2773757
70 2.5 1480698895.0635902882 2787076
71 2.5 628210648.12022399902 2760161
72 2.5 1347420310.5514819622 2800478
73 2.5 605748803.5396682024 2762521
74 2.5 480759735.12973588705 2776768
75 2.5 837345686.03037798405 2784943
76 2.5 715856400.92120337486 2781518
77 2.5 954636969.18360567093 2778812
78 2.5 844337571.88988029957 2765213
79 2.5 1181527862.8289494514 2774750
80 2.5 1312096140.266885519 2783498
81 2.5 487244280.06502312422 2783549
82 2.5 986876308.88023865223 2806987
83 2.5 1126982707.8300080299 2788610
84 2.5 454155875.94061845541 2777263
85 2.5 951310563.22973847389 2772608
86 2.5 968640929.33693504333 2782634
87 2.5 1909868077.3105251789 2778225
88 2.5 748818494.21259403229 2785464
89 2.5 457352760.63586527109 2776751
90 2.5 624586193.88518047333 2782285
91 2.5 505961510.15022087097 2786896
92 2.5 640609444.13845312595 2781019
93 2.5 1042733169.8635697365 2765791
94 2.5 363786324.10795140266 2776353
95 2.5 249128712.38079664111 2782917
96 2.5 608372986.21059119701 2799041
97 2.5 481148857.88104069233 2779194
98 2.5 251435691.43746557832 2766937
99 2.5 362188046.65721654892 2775420
% Edges = 2.75
0 2.75 558856904.81187164783 3049970
1 2.75 1133636659.9161844254 3048581
2 2.75 683140412.72412967682 3045823
3 2.75 672528086.46750354767 3047197
4 2.75 804696425.69682991505 3040572
5 2.75 732236915.99612152576 3049463
6 2.75 452320997.89588272572 3062019
7 2.75 556585568.41120195389 3049516
8 2.75 1069354613.1034014225 3040809
9 2.75 558660112.99588394165 3051756
10 2.75 970909678.57994687557 3048734
11 2.75 657397916.56750738621 3045711
12 2.75 687285228.35346257687 3094065
13 2.75 474293303.2783100009 3076711
14 2.75 1062788831.9563703537 3083658
15 2.75 742142051.15827465057 3077035
16 2.75 520744656.57548719645 3067174
17 2.75 965260672.22244811058 3088932
18 2.75 644859488.23064303398 3078593
19 2.75 724510943.35527384281 3094975
20 2.75 746158869.28545749187 3113643
21 2.75 425035164.83545249701 3097081
22 2.75 635326477.30729997158 3080308
23 2.75 431683531.32250100374 3089283
24 2.75 321216293.35681581497 3084403
25 2.75 878887916.33833479881 3109320
26 2.75 457749429.77700340748 4197293
27 2.75 1223621724.0870506763 3627908
28 2.75 1092509038.5125117302 3457497
29 2.75 899729287.17184603214 3372026
30 2.75 540393545.77991235256 3340066
31 2.75 531286001.84466362 3306998
32 2.75 558391305.74938714504 3316303
33 2.75 807965312.89770901203 3355830
34 2.75 718773967.45864343643 3301315
35 2.75 325211395.66468274593 3383538
36 2.75 1113169204.602350235 3299303
37 2.75 539049098.90045142174 3312444
38 2.75 965632295.84540069103 3310552
39 2.75 327449598.42543613911 3316334
40 2.75 676255979.75608515739 3318148
41 2.75 793596202.05580115318 3313683
42 2.75 1146447800.7766237259 3300374
43 2.75 1125386694.8300657272 3306351
44 2.75 333318120.16842496395 3304853
45 2.75 340792757.04119664431 3297047
46 2.75 778578441.76454055309 3294063
47 2.75 200341693.89467728138 3296970
48 2.75 647755663.17360305786 3283619
49 2.75 447659519.29304009676 3310165
50 2.75 756133585.10068464279 3335881
51 2.75 443734293.65197616816 3424601
52 2.75 758457324.84302091599 3293743
53 2.75 440363651.35772174597 3320012
54 2.75 331659815.42209017277 3307717
55 2.75 536550624.77753216028 3310621
56 2.75 423311804.81264340878 3302507
57 2.75 355403382.7928814292 3309999
58 2.75 225776459.51138579845 3292691
59 2.75 451524716.41396665573 3296112
60 2.75 645035996.07983207703 3281107
61 2.75 547567010.70618498325 3319439
62 2.75 779508039.16971385479 3291466
63 2.75 902297527.75922238827 3294794
64 2.75 784286209.01980471611 3278586
65 2.75 687782427.48341369629 3305838
66 2.75 900769421.4420684576 3289927
67 2.75 531582610.35339266062 3283333
68 2.75 1081640820.0809903145 3287348
69 2.75 314864360.94451695681 3305637
70 2.75 1503158961.9331378937 3286856
71 2.75 814831129.78926098347 3284423
72 2.75 673252029.68092894554 3287400
73 2.75 407359331.01171654463 3306327
74 2.75 868621385.48012244701 3287859
75 2.75 865940331.90294146538 3283376
76 2.75 1119972136.7826786041 3286405
77 2.75 559146813.84436047077 3283378
78 2.75 548783833.43157839775 3289226
79 2.75 1210793869.1374828815 3320624
80 2.75 733085379.62346684933 3149037
81 2.75 226574677.07684630156 3120726
82 2.75 1123154798.315769434 3106181
83 2.75 339557190.91397190094 3103291
84 2.75 307914115.32216763496 3240133
85 2.75 348339728.65248346329 3408365
86 2.75 336466584.31273567677 3411221
87 2.75 546036147.14762222767 3436566
88 2.75 669603542.90162289143 3397460
89 2.75 460256409.98903280497 3423933
90 2.75 444428821.53262007236 3408309
91 2.75 642263516.50306260586 3406497
92 2.75 557743510.2787027359 3408582
93 2.75 330525813.59965568781 3416105
94 2.75 1000459804.1372858286 3410722
95 2.75 549743101.15799963474 3417835
96 2.75 572108220.9284235239 3370173
97 2.75 647937695.32035028934 3419171
98 2.75 915565894.24209523201 3396712
99 2.75 557171532.07743322849 3388571
% Edges = 3
0 3 848459970.20486593246 3684102
1 3 873888709.47083866596 3697145
2 3 312075775.3716557622 3682606
3 3 717895487.73512220383 3701819
4 3 702660271.37919521332 3693309
5 3 812432458.30646193027 3694728
6 3 821804669.21652841568 3697892
7 3 624806422.43659543991 3694371
8 3 773131603.35216128826 3691789
9 3 298234647.75591397285 3697621
10 3 404115493.55803894997 3677714
11 3 699320010.47166478634 3681923
12 3 1291012533.0540771484 3686886
13 3 1091916425.7758350372 4480861
14 3 994656292.99629759789 5624629
15 3 1186178723.1392521858 5634617
16 3 572533794.07678520679 4376643
17 3 394331126.5947586298 4063730
18 3 817444306.30974078178 3889084
19 3 949353751.61038780212 3835801
20 3 484737648.85776615143 3777448
21 3 100783025.47464838624 3769952
22 3 1191408763.8118305206 3728870
23 3 381830204.86439293623 3729982
24 3 579340056.30446696281 3692356
25 3 936731715.80641019344 3686485
26 3 741195176.77238047123 3682344
27 3 582251707.50997960567 3731908
28 3 407633948.25461471081 3720158
29 3 723692578.19070124626 3693156
30 3 891533170.6186773777 3707135
31 3 623057574.80003559589 3721097
32 3 420093116.23906266689 3694082
33 3 1866400337.0422389507 3705380
34 3 514949474.47225004435 3690059
35 3 706678494.47342264652 3718413
36 3 407613969.16382092237 3683689
37 3 395622977.43850135803 3690991
38 3 498935428.84256339073 3716797
39 3 499679969.87320995331 3675141
40 3 402765374.37603896856 3686660
41 3 405432663.00973391533 3698350
42 3 398419667.84263306856 3701954
43 3 515252717.18903458118 3698332
44 3 663875683.99186718464 3673482
45 3 743522685.61099660397 3695319
46 3 399937591.15080231428 3711851
47 3 917860920.30497288704 3675058
48 3 512083019.6396997571 3660701
49 3 511422067.74494284391 3702684
50 3 423166326.96140366793 3698002
51 3 774614925.78095436096 3687833
52 3 611821725.38371324539 3671377
53 3 427620055.48758631945 3693687
54 3 619600202.59140086174 3694046
55 3 318796241.94655257463 3677145
56 3 671885740.87449884415 3678984
57 3 703026331.07273364067 3687504
58 3 802947337.7740945816 3671732
59 3 780197596.66295421124 3685193
60 3 402349006.14696139097 3692643
61 3 605278462.63181877136 3717698
62 3 507879162.55057543516 3682077
63 3 910238778.57590341568 3711859
64 3 578674412.45964276791 3682381
65 3 287912700.65681266785 3695086
66 3 400534733.72457301617 3691696
67 3 476221165.10655844212 3719141
68 3 300936301.41426837444 3697357
69 3 582199134.73127257824 3660451
70 3 588494896.78880500793 3693030
71 3 494182609.36292719841 3702208
72 3 976966733.64667880535 3697646
73 3 726899334.21939849854 3691780
74 3 593750449.17421388626 3690094
75 3 504817957.25418382883 3693070
76 3 834380049.5828166008 3687319
77 3 1074614785.0335707664 3696280
78 3 605549641.07862210274 3695703
79 3 530078128.23840248585 3698218
80 3 615095187.81507909298 3683400
81 3 483195350.53124636412 3700842
82 3 928536172.79957520962 3682092
83 3 509536055.03182917833 3695919
84 3 961143197.27984023094 3688617
85 3 301290241.14871072769 3715309
86 3 724979240.75292754173 3699629
87 3 984425221.43574857712 3665300
88 3 690747033.51931297779 3693528
89 3 209175095.48341315985 3714086
90 3 210189051.33166632056 3684190
91 3 921982580.02262485027 3687562
92 3 606431581.73783373833 3682748
93 3 812774286.61708509922 3719828
94 3 899473429.40300798416 3677518
95 3 691600067.13251924515 3693400
96 3 394612822.40650165081 3677767
97 3 916270436.92054009438 3679279
98 3 778833016.21873807907 3678673
99 3 202796987.92155107856 3689722
% Edges = 3.5
0 3.5 181638866.54800665379 4431991
1 3.5 452299285.78808045387 4446599
2 3.5 254031933.50757291913 4453522
3 3.5 1046884846.8956701756 4442828
4 3.5 614235643.93606901169 4417355
5 3.5 549137789.04649174213 4473299
6 3.5 258750222.58324372768 4110582
7 3.5 763568130.68408274651 4082272
8 3.5 618157104.17693018913 4254852
9 3.5 324179466.88849461079 4359139
10 3.5 418497835.82161313295 4119488
11 3.5 349189312.75286000967 4306207
12 3.5 672970330.34412908554 4462486
13 3.5 0 4384683
14 3.5 633125098.23080325127 4282496
15 3.5 432741179.81057989597 4117537
16 3.5 822691306.38790810108 4440156
17 3.5 355385599.60057795048 4135126
18 3.5 949114568.83966481686 4091549
19 3.5 619277868.14678537846 4283491
20 3.5 438909938.09525239468 4168356
21 3.5 174308206.74076750875 4410885
22 3.5 529129975.38741588593 4498915
23 3.5 606523006.17850470543 4461343
24 3.5 1096190277.7644445896 4507986
25 3.5 533746619.78989136219 4482222
26 3.5 696719333.24381804466 4443841
27 3.5 597501259.05305659771 4466731
28 3.5 341526032.99430692196 4455822
29 3.5 591667450.84135651588 4429958
30 3.5 864207611.03744459152 4482119
31 3.5 800442000.93897271156 4452548
32 3.5 779306004.73819899559 4446043
33 3.5 709259446.62774288654 4475601
34 3.5 429187373.21877843142 4449819
35 3.5 418073410.57885825634 4449626
36 3.5 912889582.11609661579 4485008
37 3.5 922609273.54394221306 4466215
38 3.5 539516557.23978328705 4435185
39 3.5 442415504.17582124472 4489582
40 3.5 704554860.31677556038 4455580
41 3.5 349461336.31735879183 4439661
42 3.5 906788114.15744781494 4477400
43 3.5 594740538.89269280434 4456383
44 3.5 521299697.50109684467 4457215
45 3.5 604207303.6499607563 4453025
46 3.5 598496108.88920068741 4455234
47 3.5 491431862.90307176113 4466907
48 3.5 248411241.50918728113 4459999
49 3.5 722760021.65943074226 4467700
50 3.5 1158173023.7671859264 4470102
51 3.5 767588114.93154084682 4459015
52 3.5 862448548.67516136169 4463149
53 3.5 597051394.13069176674 4475729
54 3.5 1108820951.232640028 4461261
55 3.5 707160484.66890835762 4464218
56 3.5 988707076.17269921303 4479062
57 3.5 414580858.3553776741 4453823
58 3.5 799016704.9933732748 4466609
59 3.5 249395999.34221529961 4518015
60 3.5 1080115586.4922516346 4484475
61 3.5 687175403.44604003429 4490205
62 3.5 801180751.30817067623 4502452
63 3.5 353919627.97656464577 4484642
64 3.5 1142336193.0234603882 4492045
65 3.5 266212890.45543667674 4493727
66 3.5 338511163.29768389463 4485599
67 3.5 779753189.66166126728 4496350
68 3.5 598866861.77006745338 4483609
69 3.5 883786946.60509634018 4493835
70 3.5 763044984.13853025436 4527071
71 3.5 766476333.12515711784 4455208
72 3.5 690163312.93955922127 4497231
73 3.5 439728451.63227176666 4530657
74 3.5 625254758.078317523 4461330
75 3.5 537017270.81445121765 4496909
76 3.5 1211100769.9731302261 4536167
77 3.5 812563143.01478147507 4457766
78 3.5 613769442.65999484062 4513655
79 3.5 685214807.03475177288 4500235
80 3.5 686906614.43738365173 4460440
81 3.5 822204186.11928331852 4513635
82 3.5 428187387.66600298882 4483399
83 3.5 257312753.18049046397 4466463
84 3.5 417710602.67836081982 4494570
85 3.5 962877323.36118447781 4493001
86 3.5 801777993.93074655533 4490878
87 3.5 621895919.89090430737 4487812
88 3.5 955791135.81451094151 4468423
89 3.5 524521380.33148229122 4468344
90 3.5 343271976.29022729397 4479988
91 3.5 948440982.06072735786 4487458
92 3.5 847842515.02982211113 4492068
93 3.5 711063114.02335894108 4488731
94 3.5 822278438.59630405903 4485844
95 3.5 506305940.34394145012 4491594
96 3.5 1102843233.9237744808 4493772
97 3.5 503366254.57632267475 4490897
98 3.5 371276686.69006150961 4497904
99 3.5 532787722.51876240969 4497512
% Edges = 4
0 4 750741946.35449242592 5128287
1 4 1090931265.3033418655 5084770
2 4 828802355.47446799278 5094342
3 4 382965612.88630712032 5113244
4 4 740312757.05542683601 5100467
5 4 224944232.71164545417 5114415
6 4 814894529.2287375927 5106246
7 4 657551297.80318212509 5115560
8 4 876035833.58650302887 5090539
9 4 531376094.25398254395 5100030
10 4 894006069.53127229214 5092475
11 4 897711758.245464921 5102469
12 4 150025391.28966879845 5111813
13 4 668010726.9489582777 5112005
14 4 461269602.62752693892 5098180
15 4 733946520.28532755375 5102637
16 4 1193019466.4201242924 5112593
17 4 991507286.67099130154 5085821
18 4 520233662.13441646099 5103180
19 4 629733625.18367791176 5094586
20 4 601545562.88282942772 5103391
21 4 942883066.73107671738 5088064
22 4 619638017.5969016552 5043264
23 4 503683938.53298997879 5043531
24 4 689546215.89897286892 5085514
25 4 295276375.26412498951 5045229
26 4 663178305.62072372437 5048280
27 4 308556706.67658394575 5058327
28 4 1009939293.0592284203 5064492
29 4 762013649.20379209518 5218104
30 4 955827149.02572584152 5135788
31 4 381911758.10245203972 5106527
32 4 583032297.96447396278 5041098
33 4 479541833.11340248585 5068616
34 4 997626846.84060037136 5098374
35 4 386165738.34894764423 5099033
36 4 765181833.84596419334 5117571
37 4 812364866.54069709778 5101075
38 4 813333259.82790327072 5068781
39 4 317448851.24543493986 5058912
40 4 482728817.6083714962 5080692
41 4 767948694.38304638863 5040654
42 4 702777657.81330907345 5080458
43 4 786725771.59606575966 5055497
44 4 1050448226.1836270094 5053783
45 4 829115988.72754466534 5044747
46 4 531282828.45772373676 5048897
47 4 806725308.11254310608 5047484
48 4 299601076.82930320501 5057098
49 4 601061533.0114825964 5080337
50 4 528467573.62768238783 5075987
51 4 511045220.61521291733 5043522
52 4 301268758.2369954586 5020595
53 4 555244650.22699594498 5066698
54 4 766638155.67287147045 5055983
55 4 233012302.7538112402 5061981
56 4 452011465.15397834778 5066424
57 4 696545692.92315208912 5070685
58 4 318441244.50431066751 5058067
59 4 900606179.98985016346 5081629
60 4 633962138.36911177635 5081094
61 4 846819664.18282496929 5132835
62 4 995317841.21037244797 5051774
63 4 907415002.32612586021 5049108
64 4 662087370.14218866825 5030865
65 4 639718991.12012016773 5020985
66 4 522764523.56881439686 5092471
67 4 615616156.9387178421 5100613
68 4 221252420.54677668214 5108401
69 4 382028623.34871578217 5073353
70 4 570576252.68751990795 5061763
71 4 587513725.4075564146 5075135
72 4 769701367.65911710262 5045770
73 4 452451110.537555933 5055449
74 4 448117222.19596964121 5017328
75 4 527625400.04496079683 5060803
76 4 691609378.14778208733 5051369
77 4 524180435.2824832201 5042366
78 4 979885175.02068686485 5081128
79 4 990154898.43004119396 5098167
80 4 551456505.38499486446 5077470
81 4 610365238.23056221008 5098511
82 4 538829820.06042671204 5016471
83 4 1211463509.9781093597 5033342
84 4 987449126.62978065014 4994526
85 4 536850591.1491894722 5003231
86 4 760775963.38047850132 5036515
87 4 605508669.61601912975 5009977
88 4 971097582.13161313534 5030020
89 4 379457766.45586204529 4986791
90 4 1038047272.0142524242 5011545
91 4 538112030.207208395 4995037
92 4 1096526712.122140646 5020185
93 4 527974316.57913571596 5017750
94 4 908116475.16793584824 5032088
95 4 842432104.78358542919 5051462
96 4 656692824.44550156593 4997222
97 4 1094230604.4927573204 5042633
98 4 389156592.25239568949 5002812
99 4 681941648.05284178257 5025642
% Edges = 4.5
0 4.5 940817231.28963255882 5622891
1 4.5 929077283.15988385677 5626429
2 4.5 733942572.65265059471 5642442
3 4.5 769310630.22629415989 5610804
4 4.5 471065691.19833618402 5625376
5 4.5 730633404.21862459183 5589864
6 4.5 738834798.28379404545 5618764
7 4.5 1003213136.0051609278 5621467
8 4.5 476505342.08622646332 5627398
9 4.5 547684820.07069122791 5639936
10 4.5 595984925.16246449947 5609242
11 4.5 476172235.25150483847 5625063
12 4.5 746509266.57455694675 5614095
13 4.5 396379584.35420870781 5587552
14 4.5 574072437.67386329174 5655907
15 4.5 661880526.80636560917 5617390
16 4.5 200601808.5069873929 5640055
17 4.5 416476609.84142893553 5604525
18 4.5 610283215.34807443619 5602858
19 4.5 622348923.01739883423 5622660
20 4.5 749071937.53079593182 5599525
21 4.5 338131115.26578891277 5637169
22 4.5 826039654.83696293831 5617798
23 4.5 706244840.5369925499 5633376
24 4.5 605957048.134988904 5630045
25 4.5 543166800.54019701481 5588094
26 4.5 817321681.75065875053 5635606
27 4.5 663822941.45673775673 5617460
28 4.5 825656099.30995595455 5632456
29 4.5 533579410.45625030994 5609253
30 4.5 793864181.93640708923 5595689
31 4.5 832841299.68468332291 5625451
32 4.5 469319925.66358959675 5594739
33 4.5 854761357.01049923897 5617137
34 4.5 553944885.0821352005 5624286
35 4.5 753548070.79729735851 5633070
36 4.5 483190426.02834355831 5633981
37 4.5 660176767.78367328644 5617123
38 4.5 683852795.05313682556 5618480
39 4.5 622055649.45697283745 5618732
40 4.5 389524239.39317810535 5625468
41 4.5 822452821.39832639694 5621709
42 4.5 844406553.59627509117 5616496
43 4.5 625017666.89225506783 5602406
44 4.5 867554878.7036408186 5621732
45 4.5 405770539.04302227497 5636093
46 4.5 486833033.67502808571 5612108
47 4.5 853333868.01991224289 5666069
48 4.5 770030453.42615258694 5639530
49 4.5 403144386.41379034519 5628799
50 4.5 650527366.6936160326 5581068
51 4.5 581741129.38561630249 5612538
52 4.5 486944971.92778646946 5617272
53 4.5 662225941.23792302608 5625813
54 4.5 342141286.56742703915 5617115
55 4.5 720652406.52009940147 5680639
56 4.5 821336059.10409092903 5617219
57 4.5 852971394.82090961933 5596126
58 4.5 775014413.85710811615 5632652
59 4.5 884687101.17162036896 5601075
60 4.5 766705602.3739823103 5618214
61 4.5 395883482.20469295979 5605469
62 4.5 719013357.11219632626 5618643
63 4.5 656882751.78505253792 5635262
64 4.5 814002632.73484945297 5636594
65 4.5 670975998.6476752758 5616848
66 4.5 928111757.17564570904 5590476
67 4.5 804831204.18066978455 5616384
68 4.5 672524349.12808823586 5626770
69 4.5 531175577.90305531025 5589338
70 4.5 538059985.92741429806 5618381
71 4.5 562262112.21178138256 5611544
72 4.5 803615557.09068822861 5624582
73 4.5 555683782.25585985184 5641968
74 4.5 616275666.94126629829 5614179
75 4.5 739694441.22667109966 5609203
76 4.5 691866006.76986396313 5604899
77 4.5 749656735.0392844677 5616313
78 4.5 993708822.81602418423 5608142
79 4.5 890163376.28356707096 5610222
80 4.5 869197822.75399911404 5644185
81 4.5 586404792.90418624878 5619370
82 4.5 472445696.21448719501 5603423
83 4.5 743282628.43631291389 5644196
84 4.5 796804627.55809640884 5621126
85 4.5 348494381.09352475405 5630902
86 4.5 385507266.00657713413 5595291
87 4.5 558615595.94515526295 5630190
88 4.5 433212292.9895684123 5619401
89 4.5 560438308.01902365685 5599122
90 4.5 542748767.95739352703 5609859
91 4.5 460343210.46736359596 5623108
92 4.5 334603462.34272527695 5594617
93 4.5 658362037.15164268017 5615166
94 4.5 783055168.97159004211 5594598
95 4.5 740093718.38526940346 5641465
96 4.5 599796446.12989008427 5600003
97 4.5 882602585.52185177803 5601254
98 4.5 732868392.59566307068 5632635
99 4.5 344362957.5696426034 5619907
% Edges = 5
0 5 1015585425.3140137196 6239561
1 5 591304989.37645339966 6204883
2 5 779824723.35858333111 6225153
3 5 610648250.70852291584 6227203
4 5 942247040.54076349735 6237688
5 5 584035603.93658733368 6208492
6 5 366570989.14991873503 6214219
7 5 704102773.93191981316 6228620
8 5 885710394.39774513245 6232370
9 5 992721063.44566392899 6216057
10 5 628007637.82427048683 6237523
11 5 838740847.29233705997 6252128
12 5 731586979.54411399364 6216223
13 5 784925762.83752369881 6242198
14 5 1239657486.6468989849 6210009
15 5 932674172.35419392586 6212069
16 5 505485202.13882064819 6228467
17 5 418153441.22619915009 6227826
18 5 533128641.42790842056 6227514
19 5 547483662.18749547005 6198544
20 5 358774192.95521575212 6213707
21 5 817153035.65754985809 6230994
22 5 579971338.56414818764 6225126
23 5 937254815.80543553829 6234552
24 5 756211568.44024801254 6237182
25 5 537565209.98876464367 6233650
26 5 1040746451.2256188393 6226245
27 5 661438191.64296030998 6227039
28 5 605208272.07505214214 6211074
29 5 845214037.39020776749 6218952
30 5 383228200.80052095652 6211696
31 5 433079323.68660444021 6240670
32 5 525465220.11506873369 6210609
33 5 902232823.0199688673 6251928
34 5 560389621.38044559956 6233513
35 5 1092983342.6317307949 6226817
36 5 820735156.00363433361 6222762
37 5 1029627335.8209671974 6203527
38 5 469966107.48810380697 6259239
39 5 907494813.71790897846 6204133
40 5 1006002036.8410373926 6252160
41 5 739030846.18931138515 6236070
42 5 844289291.20226228237 6206545
43 5 581947934.39202642441 6256299
44 5 721273684.54425835609 6213619
45 5 423208382.33940982819 6258095
46 5 957799055.44809901714 6223714
47 5 725542126.24216020107 6228595
48 5 389087456.75994855165 6235498
49 5 473287524.71553182602 6215106
50 5 666809121.8757147789 6247749
51 5 847171630.42309880257 6239866
52 5 245188576.90485998988 6238038
53 5 602879008.04458940029 6221844
54 5 618206371.58739423752 6209956
55 5 843579398.05950987339 6248349
56 5 417366735.26985889673 6213632
57 5 366192624.70969843864 6234090
58 5 835611641.05007624626 6246011
59 5 1091383719.4463534355 6217337
60 5 661287917.50403165817 6223880
61 5 426192684.97065031528 6200546
62 5 1193113231.3625946045 6231818
63 5 853453954.96283471584 6205901
64 5 729274974.15074253082 6235134
65 5 423971375.98099255562 6228302
66 5 724275204.94449961185 6250255
67 5 411449360.955465734 6227007
68 5 684560382.3982681036 6218237
69 5 758449457.50796771049 6211485
70 5 799962249.72198212147 6198572
71 5 714974038.7796036005 6241328
72 5 587063365.60919582844 6211861
73 5 741310765.76926207542 6242433
74 5 358611007.51578819752 6219176
75 5 663387232.48007726669 6221659
76 5 588854365.1915525198 6254933
77 5 1082372014.0964100361 6207446
78 5 721135865.70416402817 6221540
79 5 703732216.96915876865 6196608
80 5 725688947.00374269485 6265990
81 5 942709115.07869207859 6210325
82 5 733068973.2759115696 6247763
83 5 633806115.14010643959 6223985
84 5 357634393.72327184677 6227746
85 5 674415203.2140994072 6230668
86 5 368468435.61823558807 6197006
87 5 728238420.06313586235 6229079
88 5 415491281.95726728439 6199878
89 5 418359111.06036967039 6251401
90 5 649658483.72878479958 6211407
91 5 855376121.33165442944 6249149
92 5 713822413.78833723068 6253835
93 5 726564530.78957653046 6207145
94 5 662889178.86495029926 6233747
95 5 971139395.5832836628 6196295
96 5 745961142.15396547318 6234056
97 5 889531574.88376510143 6217439
98 5 185834580.11592960358 6215193
99 5 735568174.86904120445 6235695
% Edges = 5.5
0 5.5 652652454.70884013176 6787081
1 5.5 433222487.71879041195 6844082
2 5.5 701582379.08687257767 6782080
3 5.5 1126743088.6096806526 6843520
4 5.5 841732044.35973703861 6786719
5 5.5 652230127.5323895216 6842755
6 5.5 703961264.50760424137 6787279
7 5.5 580817392.52275180817 6839934
8 5.5 687103695.04221665859 6785015
9 5.5 627348947.65366458893 6840132
10 5.5 532734856.63229048252 6786499
11 5.5 627406250.05122590065 6847888
12 5.5 796528214.0838599205 6787389
13 5.5 606806968.83376765251 6849674
14 5.5 553076684.33476829529 6786024
15 5.5 571398876.39164543152 6846852
16 5.5 990317733.7414264679 6786793
17 5.5 803626434.1146800518 6856689
18 5.5 604319858.16950523853 6780372
19 5.5 1236751711.9791002274 6856656
20 5.5 545415433.11981296539 6784148
21 5.5 455710301.83506524563 6856124
22 5.5 581334478.96094739437 6782055
23 5.5 538058103.42744636536 6857152
24 5.5 497749705.9548638463 6782933
25 5.5 660948935.65544176102 6859406
26 5.5 664462016.61334514618 6789472
27 5.5 773681292.62067770958 6861310
28 5.5 544941064.08618879318 6783581
29 5.5 506847099.84586548805 6860872
30 5.5 713741759.24356269836 6780015
31 5.5 649797191.77651536465 6865060
32 5.5 891640263.80807852745 6781556
33 5.5 551274796.64422416687 6862978
34 5.5 953316694.77166998386 6783762
35 5.5 690061340.13726079464 6884218
36 5.5 276740434.35025084019 6783302
37 5.5 493227841.38221603632 6864000
38 5.5 380320005.24696499109 6785036
39 5.5 768448477.26322591305 6867748
40 5.5 601073804.44045758247 6789631
41 5.5 675819721.57397127151 6864464
42 5.5 934767950.13906884193 6789368
43 5.5 585177014.3571177721 6855993
44 5.5 611495081.27145445347 6793827
45 5.5 435114928.47808998823 6857821
46 5.5 670383944.70518696308 6789757
47 5.5 395803856.93556684256 6856275
48 5.5 652459064.78330945969 6798173
49 5.5 500146846.54554796219 6857189
50 5.5 716558292.12657892704 6791137
51 5.5 488311238.86802297831 6862828
52 5.5 849357228.5722874403 6800981
53 5.5 841603197.80093455315 6867188
54 5.5 365670677.21249896288 6801606
55 5.5 540834125.53780770302 6870540
56 5.5 648864942.48165774345 6800113
57 5.5 707569484.50743854046 6871838
58 5.5 713795788.80148351192 6796873
59 5.5 533633040.57991707325 6863695
60 5.5 700795257.78482043743 6796403
61 5.5 607464636.34861254692 6861429
62 5.5 567776913.37589251995 6803530
63 5.5 403202840.34301114082 6857043
64 5.5 1128252767.67837286 6787539
65 5.5 615547088.89872407913 6841283
66 5.5 1019007988.2197172642 6819939
67 5.5 722292435.50502455235 6814320
68 5.5 618648904.40444266796 6825751
69 5.5 896399139.549741745 6839895
70 5.5 602096560.91673350334 6795525
71 5.5 634014047.73058331013 6851223
72 5.5 553677375.68088626862 6807823
73 5.5 452779255.34027373791 6828042
74 5.5 722440969.92267656326 6825567
75 5.5 499343177.39268326759 6824100
76 5.5 589934893.3056896925 6808102
77 5.5 493860713.04472917318 6868710
78 5.5 941243998.40576934814 6789316
79 5.5 900807087.09647071362 6837054
80 5.5 726943479.34853124619 6825874
81 5.5 603269752.13734638691 6821464
82 5.5 660417851.66660475731 6830992
83 5.5 882792550.16967844963 6836906
84 5.5 650436757.89238762856 6802611
85 5.5 1274577867.06346035 6845991
86 5.5 607375852.65448820591 6803752
87 5.5 564177165.01185655594 6823652
88 5.5 341102112.27333068848 6826960
89 5.5 486737123.11293369532 6827630
90 5.5 604214388.29885661602 6802663
91 5.5 696229489.47312903404 6871099
92 5.5 865512897.37399256229 6790165
93 5.5 603142705.76910364628 6843102
94 5.5 736439410.8339099884 6828343
95 5.5 480429927.04684758186 6813636
96 5.5 605098455.8847823143 6848881
97 5.5 871236868.72311043739 6829951
98 5.5 987789856.26804029942 6799883
99 5.5 681665197.53933274746 6844162
% Edges = 6
0 6 554657610.06883120537 7423369
1 6 604430310.60658454895 7437873
2 6 509259306.60030990839 7423985
3 6 946379894.18445539474 7446800
4 6 507089383.92668908834 7426717
5 6 561212119.11240029335 7457816
6 6 729848042.19051003456 7429822
7 6 542708727.40038609505 7438088
8 6 965885709.8502907753 7412790
9 6 565481084.93191432953 7474317
10 6 904496581.91670000553 7421435
11 6 766073246.51686632633 7449670
12 6 842519733.05131971836 7428362
13 6 757883727.56667160988 7448898
14 6 693109726.43954849243 7432339
15 6 827501855.38348603249 7440721
16 6 775487766.46703791618 7436409
17 6 682853988.67528223991 7440624
18 6 675397297.00399315357 7449005
19 6 762465584.23506617546 7432309
20 6 646312812.00348210335 7453567
21 6 693842308.90351009369 7432720
22 6 556297441.66442322731 7449325
23 6 559539243.6404684782 7417014
24 6 391785994.15581464767 7449240
25 6 739790479.90491735935 7411646
26 6 357812952.55933439732 7447740
27 6 558216037.66893839836 7414916
28 6 838432515.10080170631 7429424
29 6 767233293.92657935619 7425733
30 6 625974530.57675886154 7424205
31 6 817547676.1329472065 7423697
32 6 893568468.71207749844 7416849
33 6 1106753572.1614563465 7422639
34 6 847333713.52660346031 7408787
35 6 418371311.45841354132 7458742
36 6 648963469.95227062702 7410305
37 6 575378519.42494249344 7430133
38 6 757871140.52486598492 7447197
39 6 259919280.00394791365 7431534
40 6 553029595.17375004292 7416841
41 6 521250170.66205710173 7454925
42 6 770674003.82711935043 7410262
43 6 616952395.4710893631 7433683
44 6 941979272.08532547951 7433029
45 6 672604611.54527306557 7425810
46 6 702571323.90960144997 7412566
47 6 562425299.33435869217 7455333
48 6 779735212.05150067806 7406932
49 6 823514980.02061355114 7432123
50 6 447540668.03440773487 7431185
51 6 657563041.55940699577 7427605
52 6 759853216.82731759548 7411353
53 6 704017471.05140197277 7452334
54 6 842388581.15929424763 7406599
55 6 511333225.58826798201 7430312
56 6 484168702.31339097023 7425947
57 6 351136171.44995367527 7424728
58 6 543885500.73692500591 7409641
59 6 753797976.47499632835 7438710
60 6 978508953.80456495285 7419833
61 6 611150614.72450613976 7440450
62 6 498523457.35986542702 7431981
63 6 927428397.57644498348 7428256
64 6 555208211.07280695438 7412636
65 6 861758311.00163006783 7459496
66 6 611794654.22516453266 7432755
67 6 452209065.64350932837 7431865
68 6 465379200.82499849796 7441782
69 6 256979485.93594610691 7446421
70 6 456372572.73536717892 7409041
71 6 615068847.45841479301 7495960
72 6 357898754.2875007391 7413716
73 6 701976652.07519364357 7426587
74 6 402701120.46987873316 7428694
75 6 790774083.8904350996 7431677
76 6 501937335.85579812527 7396509
77 6 750751394.9912405014 7428101
78 6 712823625.43363392353 7422145
79 6 353301543.87346816063 7420641
80 6 726747326.01909279823 7423603
81 6 568412260.20805454254 7428353
82 6 809333998.00291538239 7394861
83 6 405834844.81447380781 7449781
84 6 675575398.48717343807 7408312
85 6 872493549.1820987463 7417535
86 6 609556649.85496997833 7425412
87 6 697355297.32099723816 7443589
88 6 643881419.87040066719 7392760
89 6 702715867.62466156483 7452563
90 6 543945588.21361577511 7416487
91 6 805233905.06147193909 7417965
92 6 736096042.5775821209 7428343
93 6 295346671.46616739035 7428021
94 6 661734652.35483324528 7414468
95 6 801096334.04516994953 7450211
96 6 594941412.38365602493 7415824
97 6 920052461.96169042587 7434888
98 6 386099924.04043841362 7433491
99 6 714412616.44407248497 7429015
% Edges = 6.5
0 6.5 497369530.09610587358 8317801
1 6.5 824060748.43056035042 8328646
2 6.5 599984177.71659624577 8336565
3 6.5 592890016.96479654312 8309558
4 6.5 735024688.18231248856 8369604
5 6.5 653597213.39594769478 8301396
6 6.5 584384981.30635607243 8367570
7 6.5 900507085.44800579548 8284598
8 6.5 701882083.74363350868 8322160
9 6.5 738870536.39512217045 8366210
10 6.5 708467741.09798407555 8302569
11 6.5 777200863.86164581776 8370557
12 6.5 651161362.16120815277 8296738
13 6.5 551093168.27746260166 8317353
14 6.5 595713946.1407699585 8324056
15 6.5 627325478.98738336563 8314010
16 6.5 670805406.83286142349 8334688
17 6.5 679482743.22686982155 8336425
18 6.5 513883514.5120831728 8336321
19 6.5 884554894.65445101261 8354676
20 6.5 662068423.69244432449 8321661
21 6.5 528180863.0862044692 8293232
22 6.5 612843053.61458909512 8322729
23 6.5 462157037.6067802906 8328480
24 6.5 817358515.20961308479 8318890
25 6.5 988854095.04943680763 8347690
26 6.5 872509972.16569459438 8299779
27 6.5 701231940.72568809986 8351318
28 6.5 844279993.97348463535 8327458
29 6.5 360042209.16558146477 8295680
30 6.5 716818115.74969172478 8347093
31 6.5 716276083.32095944881 8298832
32 6.5 325691206.21427834034 8326848
33 6.5 1005547823.1254851818 8352442
34 6.5 727701287.4461619854 8339326
35 6.5 974053760.83406710625 8372982
36 6.5 593412619.9987641573 8297462
37 6.5 558553932.15595328808 8336955
38 6.5 409354732.90404903889 8325704
39 6.5 780831343.98583197594 8312690
40 6.5 524545183.23239356279 8342284
41 6.5 491298291.32074779272 8338211
42 6.5 713814290.49271893501 8337695
43 6.5 790942753.93008232117 8319293
44 6.5 421555987.44590461254 8318504
45 6.5 1059135079.0770797729 8319078
46 6.5 417709567.69341284037 8320178
47 6.5 588085173.27120912075 8350858
48 6.5 606037179.72104871273 8319119
49 6.5 904759173.53098714352 8383843
50 6.5 709798569.70682823658 8307823
51 6.5 825187329.03885352612 8345967
52 6.5 417511547.14466059208 8336545
53 6.5 234425017.29000005126 8298652
54 6.5 995152827.43022167683 8345595
55 6.5 744851898.57997596264 8291086
56 6.5 596623505.05633413792 8330178
57 6.5 510745396.071790874 8354183
58 6.5 515795816.30090415478 8304118
59 6.5 880445288.53958404064 8376957
60 6.5 1061555705.1969441175 8290531
61 6.5 822360794.16302108765 8320968
62 6.5 763596764.15644979477 8320791
63 6.5 916409401.49373185635 8308976
64 6.5 553149553.92371022701 8344991
65 6.5 779378868.43074059486 8336187
66 6.5 885775233.5626616478 8336676
67 6.5 615690386.99164605141 8326514
68 6.5 759730484.49052917957 8321250
69 6.5 590578648.52790725231 8316068
70 6.5 808003166.283182621 8318261
71 6.5 940039036.6455643177 8336243
72 6.5 464575760.52561849356 8301969
73 6.5 431731647.61035370827 8372582
74 6.5 918456243.00103855133 8308463
75 6.5 944597184.16111183167 8337154
76 6.5 340535062.19252556562 8331992
77 6.5 239028671.68457266688 8300796
78 6.5 904226260.04097628593 8353798
79 6.5 885966742.00404775143 8292170
80 6.5 759723610.28334975243 8320065
81 6.5 708975157.6872355938 8339392
82 6.5 413174743.93941998482 8311654
83 6.5 785788335.06301796436 8318886
84 6.5 685763725.86922371387 8322719
85 6.5 773379352.48339891434 8323248
86 6.5 699685777.21173608303 8317159
87 6.5 930639754.18565893173 8303276
88 6.5 743583967.04143488407 8362425
89 6.5 510341399.48293024302 8312934
90 6.5 672758135.4911211729 8343685
91 6.5 738287914.22399353981 8286854
92 6.5 623119844.96487390995 8361944
93 6.5 701191725.62650728226 8342016
94 6.5 931697545.06303310394 8313151
95 6.5 606572542.64689457417 8348914
96 6.5 509508122.70778173208 8337965
97 6.5 666297580.02282762527 8328771
98 6.5 498767714.70012301207 8302294
99 6.5 518583315.40878403187 8325458
% Edges = 7
0 7 805260821.21728742123 8970033
1 7 659106128.7964810133 8900320
2 7 675942377.57275807858 8941014
3 7 506922588.141066432 8943276
4 7 634554449.84327697754 8889162
5 7 402080189.61326038837 8972002
6 7 823981679.23657643795 8917356
7 7 889131555.39913058281 8886855
8 7 832097115.70624637604 8954837
9 7 741436407.57113814354 8904603
10 7 468445986.29934453964 8896232
11 7 502464317.09327352047 8941743
12 7 1134972616.5246012211 8921418
13 7 792341695.47863721848 8891039
14 7 653551227.09668445587 8932218
15 7 643812990.19031763077 8903618
16 7 864381131.12317562103 8947508
17 7 779116912.01972711086 8938009
18 7 604997228.55002260208 8907112
19 7 961760567.8677097559 8925977
20 7 458144415.04933333397 8909541
21 7 524314616.43816751242 8914819
22 7 707135556.0029630661 8941525
23 7 677061544.49985742569 8911159
24 7 601055307.4181343317 8887626
25 7 978644322.48593056202 8930851
26 7 692985387.87861537933 8919591
27 7 860708180.99973917007 8884163
28 7 825806755.43602669239 8974628
29 7 691498839.62030231953 8902000
30 7 711087617.75578176975 8920136
31 7 620833853.31443977356 8973929
32 7 434649540.1511194706 8896441
33 7 649065023.86516439915 8927255
34 7 812952630.5937589407 8920432
35 7 810540167.71354949474 8912168
36 7 689642876.80840504169 8946411
37 7 484669856.00746500492 8901681
38 7 739686916.79220485687 8895956
39 7 808252241.59568369389 8928618
40 7 736822779.27121067047 8913263
41 7 472204340.25131678581 8888342
42 7 432864887.39688384533 8932607
43 7 1028814541.16289258 8912642
44 7 596953989.62490642071 8904142
45 7 615743225.41253268719 8952620
46 7 792938930.1732916832 8895368
47 7 710935721.40474689007 8915559
48 7 769948378.65652942657 8945537
49 7 872527427.97591590881 8937806
50 7 972139294.33268868923 8924322
51 7 594845343.62965798378 8922499
52 7 786717749.53632712364 8895545
53 7 676443329.15144336224 8933786
54 7 810925459.11373710632 8948505
55 7 401205920.43302518129 8885286
56 7 460622439.81092751026 8641111
57 7 611427420.37146735191 8897686
58 7 747499481.56827950478 8940658
59 7 573528019.5900632143 8922887
60 7 755182706.93327629566 8912681
61 7 307377205.24998283386 8913736
62 7 511630538.77653598785 8953403
63 7 521625574.17317265272 9880289
64 7 595588348.68352413177 17774890
65 7 887728246.07877624035 12247536
66 7 1108290291.9267544746 9426233
67 7 607116595.73146319389 9414676
68 7 556103919.28960037231 9221979
69 7 671802632.33733224869 7891530
70 7 652893102.4728937149 7667275
71 7 532365572.986107409 7557524
72 7 695909684.2030030489 7593616
73 7 786009701.64039766788 7632564
74 7 596609797.29652667046 7605797
75 7 867966378.36526525021 7530487
76 7 554385692.80926144123 7477290
77 7 602970847.74569535255 7534579
78 7 682099167.97722065449 7585628
79 7 938269176.63086974621 7553343
80 7 950097763.79754459858 7511248
81 7 714451989.91678023338 7484329
82 7 855631581.45203638077 7485403
83 7 970011405.95679759979 7554827
84 7 507652364.45367288589 7577566
85 7 750668722.03468120098 7515492
86 7 382336604.6112857461 7492492
87 7 518306584.36122965813 7468991
88 7 514147371.37854140997 7531519
89 7 631439558.12246716022 7591897
90 7 746167758.01028120518 7515893
91 7 388983646.82165962458 7493052
92 7 913950332.17595613003 7456515
93 7 542445769.11284947395 7522757
94 7 613965882.72342324257 7531158
95 7 809659909.26619422436 7548661
96 7 564850801.04196000099 7500293
97 7 858056617.32585644722 7462314
98 7 829813942.67885744572 7522709
99 7 855110849.83612418175 7536828
% Edges = 7.5
0 7.5 594438751.26342916489 8055837
1 7.5 789214643.81978929043 8013856
2 7.5 700090723.96352207661 7980249
3 7.5 590405106.45832324028 7947572
4 7.5 867852111.25846672058 7999118
5 7.5 843382546.37609350681 8064226
6 7.5 792103913.98587274551 8031615
7 7.5 495067833.53163099289 8035719
8 7.5 834911902.24248230457 8009497
9 7.5 604040213.11454820633 7989855
10 7.5 1009977087.1136294603 7995745
11 7.5 611865143.19729983807 7982914
12 7.5 815911252.35579943657 8012706
13 7.5 504380094.68243139982 8033921
14 7.5 571436744.76696002483 8050836
15 7.5 579042968.85475945473 8068701
16 7.5 769321957.90275347233 9680876
17 7.5 479026731.6181845665 8257136
18 7.5 608219829.94004189968 8093598
19 7.5 487325603.36336392164 8059738
20 7.5 598468081.55938696861 8054700
21 7.5 751397800.48035442829 8058907
22 7.5 533422480.09391689301 8125242
23 7.5 667540786.23712360859 8081460
24 7.5 471568584.18748950958 8120707
25 7.5 528697866.82447266579 7999079
26 7.5 365504469.3744289279 7933488
27 7.5 549138249.60441970825 7930655
28 7.5 499035467.41226506233 7991531
29 7.5 639091095.60375082493 7962998
30 7.5 567752834.59514355659 7968319
31 7.5 658031667.73883378506 7964090
32 7.5 729451550.58411192894 7973949
33 7.5 750094403.69023787975 7909812
34 7.5 623114056.77466869354 7977348
35 7.5 590138607.42363011837 7976440
36 7.5 718057268.00279474258 7996589
37 7.5 697633945.72164952755 7960397
38 7.5 984698224.35817193985 7952702
39 7.5 763718294.06054997444 7997364
40 7.5 645518242.59188759327 7891987
41 7.5 568102820.6330037117 7932731
42 7.5 609294169.04891872406 8012319
43 7.5 733397345.78382885456 7987300
44 7.5 828688396.77273011208 7950885
45 7.5 624470962.67794644833 7968700
46 7.5 599256633.22772836685 7920226
47 7.5 855154756.51709806919 7979470
48 7.5 614485791.35262513161 8009666
49 7.5 780035044.35791230202 7973344
50 7.5 697312406.24774205685 7932330
51 7.5 365490923.45291006565 7952687
52 7.5 691870010.56469273567 7977601
53 7.5 990396552.53979456425 8034250
54 7.5 685225203.46666753292 7984409
55 7.5 794154357.30743169785 7949111
56 7.5 678269442.4959911108 7951978
57 7.5 646161935.10455942154 7967288
58 7.5 705143495.43587124348 7988435
59 7.5 785913449.87537801266 8013415
60 7.5 442750978.69498634338 7919585
61 7.5 481769022.66414475441 7921057
62 7.5 765481056.86952924728 7998696
63 7.5 817311482.26831328869 7999584
64 7.5 672747969.3842124939 8024621
65 7.5 553985273.26986086369 7908975
66 7.5 645247391.09367179871 7931315
67 7.5 649598841.85362505913 8007402
68 7.5 598822284.38980424404 8023203
69 7.5 365138308.6270159483 8000054
70 7.5 608822162.94330859184 7937285
71 7.5 522661845.90004551411 7933976
72 7.5 561805720.93249237537 8026407
73 7.5 704012759.31443941593 8028248
74 7.5 365603461.52730304003 7970253
75 7.5 809884506.35201025009 7990039
76 7.5 815405913.59955906868 7902319
77 7.5 907055087.8161919117 8015224
78 7.5 745679329.46060872078 8007709
79 7.5 521507063.12112873793 7985154
80 7.5 413037088.60632961988 7997156
81 7.5 776382897.6687194109 7867700
82 7.5 903129757.87525439262 8018948
83 7.5 1025860618.0583126545 8000912
84 7.5 588029748.60954618454 8028118
85 7.5 766419604.52908587456 7971108
86 7.5 650145563.96895742416 7936244
87 7.5 281213095.21987831593 8001443
88 7.5 446578368.30627697706 8034009
89 7.5 444152475.45104628801 7976219
90 7.5 723808505.78349745274 8023899
91 7.5 536928041.34153187275 7928738
92 7.5 584216002.88241219521 8027119
93 7.5 1012130998.0556361675 8007564
94 7.5 608225760.74657845497 8020223
95 7.5 598805190.65751540661 7995267
96 7.5 515112777.93181765079 7956580
97 7.5 564476675.96378993988 7977533
98 7.5 864098596.67913866043 8027904
99 7.5 738111931.09268724918 7997489
% Edges = 8
0 8 615061834.18821537495 8496831
1 8 535774299.85354411602 8509455
2 8 642219177.91523361206 8427736
3 8 718355439.69579541683 8535022
4 8 697812260.40705263615 8531207
5 8 418870379.93725013733 8532126
6 8 619293254.51791644096 8521033
7 8 376602759.41269695759 8479965
8 8 645692481.45657920837 8488813
9 8 696062989.8011122942 8472503
10 8 624760608.79525411129 8511948
11 8 854854738.11477851868 8524825
12 8 479116918.84658741951 8556787
13 8 512992459.94911813736 8510814
14 8 371578156.6909763813 8489023
15 8 604629290.66331374645 8489990
16 8 489520355.11332046986 8470238
17 8 796143374.17554092407 8493846
18 8 762106555.80640292168 8537689
19 8 616730782.96651268005 8518876
20 8 914421154.27274429798 8519622
21 8 568751919.2548058033 8495980
22 8 650504366.64634096622 8472635
23 8 561872266.69640958309 8471912
24 8 857943121.40336096287 8517359
25 8 311042115.45114421844 8533344
26 8 757136513.9486644268 8550438
27 8 612266227.03914606571 8514606
28 8 380757893.66116577387 8510540
29 8 731677857.26079297066 8480153
30 8 636025316.38057386875 8468758
31 8 480749100.11815083027 8535915
32 8 676514180.23409461975 8537457
33 8 529299950.52370226383 8571048
34 8 612751717.24290502071 8499043
35 8 362243310.88240021467 8494201
36 8 546462712.40059494972 8489449
37 8 518579448.17981183529 8480336
38 8 706296766.85661530495 8501322
39 8 747435013.78660845757 8536175
40 8 275345469.69733440876 8540558
41 8 718234387.55903279781 8540883
42 8 643246230.07083618641 8496182
43 8 621069418.09520316124 8514223
44 8 533509807.71785742044 8477625
45 8 564364448.77498626709 8531245
46 8 448347088.15137982368 8526663
47 8 506450115.81160348654 8530429
48 8 634409037.13295900822 8518225
49 8 475971030.91800785065 8465618
50 8 679050469.34765350819 8445775
51 8 638593728.01629436016 8458004
52 8 691422358.26088321209 8505902
53 8 573291210.2722287178 8498709
54 8 463240235.77934253216 8515002
55 8 638141716.53589200974 8478346
56 8 577499314.47101199627 8474445
57 8 559662307.16397428513 8462412
58 8 785532822.56110680103 8469191
59 8 423878327.17104417086 8507261
60 8 632966526.83677434921 8510560
61 8 522322738.66213071346 8484185
62 8 505102290.10765063763 8514575
63 8 834214845.91226363182 8469712
64 8 608213753.85178172588 8422093
65 8 621807647.05488562584 8539957
66 8 578523034.41670119762 8525210
67 8 768068668.68549275398 8490802
68 8 724244567.84406936169 8447202
69 8 745119439.10780692101 8432076
70 8 608134582.01243042946 8526201
71 8 911765866.2090818882 8515437
72 8 726188060.78856635094 8518911
73 8 877786645.50404906273 8449453
74 8 697461830.7663718462 8439916
75 8 648448999.3135240078 8846516
76 8 674073096.568754673 10492314
77 8 598793347.87579286098 8829390
78 8 692561702.34215676785 8608214
79 8 612947016.57267022133 8514169
80 8 615877221.47253298759 8472644
81 8 810451315.49864220619 8433635
82 8 632403629.22249662876 8503842
83 8 823038158.61104166508 8512679
84 8 932930520.57944917679 8516262
85 8 709316186.30573260784 8449394
86 8 471568422.11114352942 8434037
87 8 777454630.70351016521 8483562
88 8 787293396.93232059479 8497004
89 8 686099868.39382195473 8481879
90 8 673920400.74265670776 8442500
91 8 988832171.34352219105 8442533
92 8 868020827.13548731804 8477467
93 8 415830322.2425006032 8489246
94 8 686603226.21147954464 8472996
95 8 638693768.71847116947 8457183
96 8 559580514.96687507629 8404753
97 8 689786565.41429889202 8505603
98 8 647173275.5905714035 8512828
99 8 635513853.29276251793 8429782
% Edges = 8.5
0 8.5 575647512.21260416508 8920064
1 8.5 834742477.31008553505 8917556
2 8.5 430820149.77869975567 8971949
3 8.5 430697619.58054924011 8965180
4 8.5 789305557.28529930115 8966983
5 8.5 541634817.16441833973 8977868
6 8.5 697933589.73246634007 8939747
7 8.5 656528448.94251847267 8937819
8 8.5 426744077.69034552574 8919683
9 8.5 652685751.72183084488 8961852
10 8.5 609336540.65257251263 8977092
11 8.5 645902138.2775439024 8983700
12 8.5 514861112.56900626421 8932525
13 8.5 439606706.1252245903 8950605
14 8.5 648833909.01461398602 8948063
15 8.5 805097770.50298166275 8926751
16 8.5 873607761.90942883492 8957920
17 8.5 757310735.95781862736 8983873
18 8.5 758733874.31167924404 8949544
19 8.5 476164884.71885484457 8955717
20 8.5 653007908.71804010868 8921524
21 8.5 395996048.10400831699 8902754
22 8.5 635565650.05542004108 8971075
23 8.5 842669349.49172258377 8966058
24 8.5 664088766.67724478245 8967973
25 8.5 603131643.98623847961 8958763
26 8.5 674761984.7811460495 8942917
27 8.5 665328657.26781129837 8919530
28 8.5 816493462.60640001297 8896579
29 8.5 614665779.69368457794 8984586
30 8.5 469834870.45896172523 8980634
31 8.5 650389920.80854058266 8936279
32 8.5 844940558.77126812935 8970633
33 8.5 398662508.98438048363 8936134
34 8.5 864137761.4276778698 8900591
35 8.5 564390339.35045456886 8955904
36 8.5 911996529.82784485817 8975711
37 8.5 495264488.23802155256 8978183
38 8.5 641608333.02154302597 8956514
39 8.5 608398778.13336598873 8940802
40 8.5 706052302.69881772995 8929339
41 8.5 826909785.1679302454 8917758
42 8.5 787678681.58991038799 8971564
43 8.5 686860402.15538847446 8981286
44 8.5 582601472.62765920162 8969053
45 8.5 629491565.4334359169 8958610
46 8.5 501307210.6789354682 8951348
47 8.5 972535614.65322184563 8885700
48 8.5 612463519.26024711132 8940038
49 8.5 640871566.55640637875 8982822
50 8.5 904409630.85319197178 8998315
51 8.5 820410889.41318583488 8959379
52 8.5 718006861.20181572437 8941128
53 8.5 604049307.66199374199 8923606
54 8.5 603893128.86536180973 8898494
55 8.5 531513026.26887023449 8974866
56 8.5 835164528.40896308422 8994011
57 8.5 651600990.3730288744 8977224
58 8.5 653622409.44587051868 8951845
59 8.5 915071725.71081316471 8945097
60 8.5 847267308.39102780819 8924186
61 8.5 611050774.24380385876 8909678
62 8.5 605712668.98559200764 8973954
63 8.5 915222210.80373287201 8981238
64 8.5 871443976.80159187317 9136271
65 8.5 528766989.02509075403 8972004
66 8.5 765630041.55666577816 8952829
67 8.5 711180877.98225867748 8887955
68 8.5 695932311.84150624275 8979693
69 8.5 467036405.78452950716 9106797
70 8.5 611672009.72974383831 8989331
71 8.5 820851858.40336811543 8962492
72 8.5 703302703.93821811676 8950162
73 8.5 683133894.76081800461 8948904
74 8.5 583946709.26738452911 8884203
75 8.5 744189252.07521259785 8970913
76 8.5 574806180.82188522816 8975757
77 8.5 721489743.18888759613 8968523
78 8.5 688668269.11343431473 8951879
79 8.5 571147591.80250453949 9015114
80 8.5 706332645.47374367714 8901388
81 8.5 607713524.86536049843 8940239
82 8.5 660590707.44105696678 8959362
83 8.5 667508015.92351853848 9000029
84 8.5 462035178.77424150705 8973730
85 8.5 768693049.51329946518 8925807
86 8.5 917226560.04122781754 8916337
87 8.5 849978936.55522227287 8987707
88 8.5 757185897.23123979568 8973892
89 8.5 717893778.57279658318 8964132
90 8.5 791200883.36840367317 8938783
91 8.5 492973705.18313264847 8890421
92 8.5 463979479.30414748192 8989526
93 8.5 709179474.65767788887 8981779
94 8.5 729914737.15533518791 8979374
95 8.5 572006074.75436234474 8926695
96 8.5 522740884.02128005028 8889747
97 8.5 660995573.46446633339 8998753
98 8.5 430654754.03747117519 8996420
99 8.5 497345766.35737156868 8978460
% Edges = 9
0 9 774171556.23866462708 9412072
1 9 547650118.7297334671 9369927
2 9 432618157.17887574434 9464657
3 9 688630559.75197541714 9466408
4 9 706458896.79673433304 9478680
5 9 434538243.20438414812 9462128
6 9 674263260.59944105148 9450017
7 9 465229490.08048975468 9399765
8 9 850010405.01241910458 9421671
9 9 470612618.94500201941 9466551
10 9 557514559.08870971203 9470855
11 9 743036058.16553711891 9454000
12 9 630151022.31076431274 9443177
13 9 444139689.84724885225 9463154
14 9 537274893.24320423603 9395999
15 9 772462187.69789433479 9463031
16 9 643667957.70947575569 9473445
17 9 627893182.44315218925 9447441
18 9 698775361.76120650768 9477211
19 9 904582997.73703896999 9437667
20 9 343326125.26625525951 9391003
21 9 904766143.8711104393 9423157
22 9 607052132.00917994976 9456746
23 9 694657205.06380391121 9473834
24 9 554454726.82112586498 9464396
25 9 775221024.48816990852 9426847
26 9 646122572.46813809872 9414524
27 9 531158034.83119279146 9414449
28 9 370958434.7847263217 9471170
29 9 605824535.65245974064 9492466
30 9 615403753.39225625992 9446195
31 9 730252561.85699796677 9479879
32 9 435477076.88423800468 9445135
33 9 561728760.55633890629 9399490
34 9 426699166.94702172279 9410712
35 9 573189282.2003018856 9465900
36 9 678841136.33142840862 9491711
37 9 691885564.69289326668 9460284
38 9 799553705.43488299847 9437298
39 9 747214889.8224323988 9423615
40 9 930718242.34690713882 9409313
41 9 463158526.55431991816 9476913
42 9 771268474.20260882378 9439715
43 9 526956003.38248544931 9460447
44 9 924689487.4457000494 9475802
45 9 659403061.83115768433 9454270
46 9 793879589.71501088142 9383343
47 9 584893617.29130721092 9433840
48 9 666974716.28302943707 9477228
49 9 708606677.72929143906 9471339
50 9 814919367.70859646797 9454866
51 9 543625448.10486710072 9437643
52 9 677497909.46441888809 9412102
53 9 714151066.36744940281 9419338
54 9 588387801.14785087109 9459165
55 9 634583783.59554469585 9469120
56 9 669749257.71507692337 9457430
57 9 342412938.36493098736 9448892
58 9 620927863.29425728321 9411955
59 9 375227206.51980650425 9384569
60 9 486048894.87610334158 9481070
61 9 501792704.63514959812 9468265
62 9 744072705.88703632355 9450246
63 9 363644450.94790095091 9476576
64 9 689666231.80590701103 9437540
65 9 603323611.07571709156 9400943
66 9 539359744.15430378914 9449933
67 9 673176278.95061850548 9442828
68 9 825566888.2529232502 9474533
69 9 670305769.01752126217 9477158
70 9 639683344.41096365452 9441597
71 9 717299866.31564342976 9404412
72 9 774234474.89034712315 9406786
73 9 757703215.74630582333 9479168
74 9 747968802.91982412338 9464877
75 9 809688581.72116017342 9446038
76 9 796765609.92491102219 9473808
77 9 483099477.64464020729 9564835
78 9 647210127.55634188652 9397841
79 9 769505865.14484369755 9441329
80 9 904305527.34228396416 9448617
81 9 508790987.3228700161 9498569
82 9 599987657.05016958714 9499874
83 9 501517426.77708095312 9415927
84 9 640815357.40932846069 9421825
85 9 759465957.53239774704 9407308
86 9 723615425.26541244984 9474328
87 9 881930380.93719565868 9461662
88 9 476825478.11014389992 9476123
89 9 625304873.02667319775 9478783
90 9 441295764.50672477484 9463868
91 9 867651704.67709481716 9384513
92 9 683453453.58428430557 9490158
93 9 544467561.32178318501 9464875
94 9 852411620.18875408173 9533122
95 9 407824167.59764194489 9497279
96 9 532091460.04174125195 9429482
97 9 605060568.07846438885 9404570
98 9 683456694.85755109787 9440952
99 9 632028502.97529435158 9465802
% Edges = 9.5
0 9.5 414629500.99112087488 10221803
1 9.5 734234298.82603371143 10135744
2 9.5 631135797.1617000103 10019242
3 9.5 663080648.82681703568 9959431
4 9.5 828917433.63360071182 10072838
5 9.5 482027577.79290807247 10680638
6 9.5 547790480.85288095474 10283630
7 9.5 537864153.87129759789 10204214
8 9.5 458232990.6478266716 10233036
9 9.5 559123985.57026612759 10199430
10 9.5 624950337.47649753094 10173187
11 9.5 446138040.67277026176 10174446
12 9.5 923816307.70074617863 10108236
13 9.5 354876665.11202025414 10156422
14 9.5 845032585.83341121674 10198456
15 9.5 639486500.58111917973 10211766
16 9.5 588365427.51916444302 10217159
17 9.5 872181911.12509560585 10182367
18 9.5 578384364.25031352043 10165636
19 9.5 589158809.76878643036 10162920
20 9.5 641940337.83578789234 10115397
21 9.5 691435254.4829031229 10183825
22 9.5 380123798.96279323101 10183569
23 9.5 619629086.48949766159 10208872
24 9.5 817089648.08249080181 10192918
25 9.5 698270212.68519902229 10201127
26 9.5 365499331.70274150372 10145531
27 9.5 386145456.64515352249 10155043
28 9.5 814016907.68415606022 10150129
29 9.5 510429047.31948447227 10193174
30 9.5 768999521.10206305981 10188479
31 9.5 613115388.40891039371 10197902
32 9.5 926841066.32049489021 10185168
33 9.5 1016040451.5908412933 10200934
34 9.5 473518603.34256947041 10161849
35 9.5 474746152.82521742582 10140893
36 9.5 867681068.54391121864 10148563
37 9.5 436245581.09133344889 10241965
38 9.5 547702469.19576191902 10254538
39 9.5 838966090.87763798237 10241110
40 9.5 521005644.91403710842 10196645
41 9.5 840509222.98107922077 10174539
42 9.5 1059587083.5573618412 10150771
43 9.5 508807980.07285642624 10122456
44 9.5 448831204.4433773756 10167429
45 9.5 546469053.07614350319 10184474
46 9.5 614767448.14163589478 10221940
47 9.5 729678584.95934200287 10216241
48 9.5 486274139.79266226292 10180981
49 9.5 799178570.45304226875 10170064
50 9.5 531371086.46188515425 10149425
51 9.5 807604566.59393465519 10113121
52 9.5 711714397.59982585907 10208721
53 9.5 846115872.10084295273 10206159
54 9.5 587829733.62837028503 10189493
55 9.5 789077404.21975576878 10191420
56 9.5 863409979.95920491219 10203578
57 9.5 656928966.42983615398 10193426
58 9.5 716651920.46646940708 10130259
59 9.5 561216758.67652416229 10143508
60 9.5 727839516.5506465435 10195558
61 9.5 578661024.09810137749 10197160
62 9.5 677034446.10590934753 10181687
63 9.5 637624483.66300570965 10212203
64 9.5 568971667.98050153255 10174863
65 9.5 667821574.67773401737 10156762
66 9.5 687494161.41957950592 10118066
67 9.5 453357434.19859188795 10186228
68 9.5 791880658.14721608162 10200233
69 9.5 836382649.34831881523 10212501
70 9.5 613400868.84107482433 10194486
71 9.5 744677159.3976457119 10199710
72 9.5 823525787.89140605927 10169642
73 9.5 550631389.6790471077 10127823
74 9.5 580122109.13105130196 10139551
75 9.5 800264463.03250670433 10178722
76 9.5 679156849.41089951992 10172522
77 9.5 653518712.26325011253 10214489
78 9.5 508258122.42445427179 10187846
79 9.5 901529522.95142745972 10189411
80 9.5 799571624.56671452522 10161446
81 9.5 411107133.73674982786 10165425
82 9.5 455853072.69216305017 10134682
83 9.5 764616721.586561203 10187020
84 9.5 670333942.58161365986 10211246
85 9.5 605251611.12321734428 10296485
86 9.5 640753901.63903021812 10186054
87 9.5 687820624.57893574238 10180563
88 9.5 484720528.29924464226 10155421
89 9.5 405232298.82124561071 10126860
90 9.5 839200233.25329256058 10160312
91 9.5 874635313.1547088623 10199476
92 9.5 683426587.22448778152 10235376
93 9.5 642972195.12215709686 10197290
94 9.5 696934478.46833992004 10201275
95 9.5 534436726.87538307905 10152041
96 9.5 735279056.78631961346 10183893
97 9.5 601207080.26258563995 10120739
98 9.5 598336625.94703757763 10176855
99 9.5 718699341.64388990402 10197601
% Edges = 10
0 10 401084826.59894299507 10679956
1 10 696936874.0294110775 10616906
2 10 579762966.8912807703 10608987
3 10 568646760.29706037045 10618387
4 10 627456923.82079935074 10602638
5 10 577089732.96492266655 10580760
6 10 627314826.89859187603 10563792
7 10 610635999.86364662647 10557778
8 10 554184686.03276109695 10655109
9 10 559384980.2319508791 10615092
10 10 877524608.09022045135 10632824
11 10 783674775.54129266739 10621780
12 10 503637199.32690781355 10617703
13 10 606673355.91549253464 10622233
14 10 594882994.90108466148 10627889
15 10 640369726.41880333424 10644907
16 10 744005569.31598377228 10553810
17 10 820989338.5517166853 10561922
18 10 659706082.48086559772 10627743
19 10 639090313.76001572609 10635318
20 10 699413023.49857437611 10607989
21 10 457552075.94280797243 10623201
22 10 845467229.1268081665 10607675
23 10 894046990.50933372974 10592025
24 10 687400071.18154335022 10527324
25 10 665449146.53379678726 10626476
26 10 488838001.5912771225 10633904
27 10 699872509.58796060085 10772480
28 10 997359912.5123449564 10624949
29 10 607526676.51812744141 10607793
30 10 622956074.21436035633 10573876
31 10 706874667.62314927578 10553074
32 10 509961503.88607800007 10611936
33 10 762718969.80819809437 10648141
34 10 532725253.69837969542 10619089
35 10 702018785.25260877609 10630590
36 10 520801865.17689704895 10625914
37 10 606401537.56563806534 10583281
38 10 643217290.158411026 10597755
39 10 930953417.87792694569 10605321
40 10 302819257.94190651178 10622101
41 10 771485323.1742413044 10629410
42 10 696540049.81169116497 10634896
43 10 726457957.33542406559 10640836
44 10 649204951.20419311523 10591076
45 10 766448699.39333057404 10556611
46 10 631802767.20592713356 10581590
47 10 414732372.16118562222 10633276
48 10 732280457.85927820206 10638230
49 10 451771039.80207109451 10619886
50 10 550307374.62579584122 10630715
51 10 861408305.05564367771 10608484
52 10 652356490.30366241932 10601244
53 10 632166675.91189920902 11419787
54 10 462077160.32622635365 10764730
55 10 811351926.40762686729 10557376
56 10 722865138.55740058422 10483243
57 10 536349873.97158712149 10449348
58 10 1009927780.7999184132 10476630
59 10 702570003.8884139061 10411868
60 10 717251535.28172314167 10395885
61 10 765203376.12112879753 10466217
62 10 633212149.58581197262 10452916
63 10 766080872.61169493198 10444690
64 10 475966276.64746832848 10452553
65 10 514751166.01612019539 10409283
66 10 787883772.022798419 10443547
67 10 735139395.90280103683 10426859
68 10 327967760.95568174124 10467275
69 10 810204724.49804258347 10474005
70 10 602060031.67686355114 10462304
71 10 543786005.72020196915 10470506
72 10 811347469.59709811211 10447528
73 10 333856467.76007670164 10356753
74 10 807429006.97486674786 10447911
75 10 598637099.89851844311 10444662
76 10 477866636.23939108849 10447205
77 10 645320109.08751916885 10454615
78 10 431220832.02478033304 10449874
79 10 581691551.52949309349 10430379
80 10 586754860.37712979317 10399355
81 10 559526422.599396348 10472936
82 10 720056128.9608540535 10484802
83 10 628581860.03547680378 10470480
84 10 302049554.83746343851 10493436
85 10 423049758.8552314043 10419723
86 10 563737422.7399122715 10368953
87 10 516702157.41149073839 10436956
88 10 790624496.97195625305 10461886
89 10 701507480.79710757732 10462956
90 10 577303165.9634308815 10450074
91 10 502282884.38093519211 10453386
92 10 631646570.71449995041 10406320
93 10 875403635.55827629566 10361376
94 10 456316435.14314043522 10461397
95 10 684132805.38706386089 10480562
96 10 689195524.10844254494 10521909
97 10 756903728.01652181149 10453537
98 10 649138572.90812575817 10426400
99 10 818662180.46424221992 10445274
