% Edges = 0.1
0 0.1 453068851.34125250578 33345
1 0.10000000000000000555 592900834.04456090927 31549
2 0.10000000000000000555 403855203.8257958889 30909
3 0.10000000000000000555 547821785.90569353104 30915
4 0.10000000000000000555 474771654.57537358999 30865
5 0.10000000000000000555 467816076.46584230661 31447
6 0.10000000000000000555 531155928.60040205717 30950
7 0.10000000000000000555 475414081.04955041409 30989
8 0.10000000000000000555 534148476.34408116341 30829
9 0.10000000000000000555 504834397.09847724438 30955
10 0.10000000000000000555 494962079.48455756903 30933
11 0.10000000000000000555 560127152.04521858692 30948
12 0.10000000000000000555 451805618.37894272804 30829
13 0.10000000000000000555 545379537.4560816288 30963
14 0.10000000000000000555 510722192.30054503679 30894
15 0.10000000000000000555 487656990.34008729458 30940
16 0.10000000000000000555 560672258.47865724564 30903
17 0.10000000000000000555 469635866.49557071924 30977
18 0.10000000000000000555 493107382.98924040794 30826
19 0.10000000000000000555 562050026.47320342064 30961
20 0.10000000000000000555 491892488.31571739912 30892
21 0.10000000000000000555 541525692.62935650349 30870
22 0.10000000000000000555 463032909.96330946684 30874
23 0.10000000000000000555 518027810.13843423128 30966
24 0.10000000000000000555 584222013.60209465027 30877
25 0.10000000000000000555 473649275.60577178001 30956
26 0.10000000000000000555 377957573.43915164471 30953
27 0.10000000000000000555 508949957.39719879627 30916
28 0.10000000000000000555 523669439.2875867486 30991
29 0.10000000000000000555 515707015.36118423939 30928
30 0.10000000000000000555 496889155.23782622814 30891
31 0.10000000000000000555 471785770.06209880114 30910
32 0.10000000000000000555 371187009.80422180891 30860
33 0.10000000000000000555 513852252.07363808155 31014
34 0.10000000000000000555 598564702.18379616737 30879
35 0.10000000000000000555 533553704.24389439821 30950
36 0.10000000000000000555 515899691.18668395281 30873
37 0.10000000000000000555 500055063.62323260307 30941
38 0.10000000000000000555 494681469.8079791069 30842
39 0.10000000000000000555 496754309.25316238403 30864
40 0.10000000000000000555 396084538.03729468584 30895
41 0.10000000000000000555 556029157.63238191605 30952
42 0.10000000000000000555 469185720.26756477356 30866
43 0.10000000000000000555 507791390.68009245396 30872
44 0.10000000000000000555 446213177.00284278393 30935
45 0.10000000000000000555 492330388.98814344406 30876
46 0.10000000000000000555 563285681.77078080177 30825
47 0.10000000000000000555 525750811.67522120476 30930
48 0.10000000000000000555 572634220.36852765083 30909
49 0.10000000000000000555 441862685.38636088371 30942
50 0.10000000000000000555 532449964.53952127695 30870
51 0.10000000000000000555 554789653.31501102448 30908
52 0.10000000000000000555 568938150.07575953007 30935
53 0.10000000000000000555 465344747.9967110157 30893
54 0.10000000000000000555 416778613.04256671667 30836
55 0.10000000000000000555 356528285.32392251492 30846
56 0.10000000000000000555 594700553.47981333733 30744
57 0.10000000000000000555 555855972.43784809113 30802
58 0.10000000000000000555 518754885.88526880741 30877
59 0.10000000000000000555 523826210.5270037055 30967
60 0.10000000000000000555 621940705.78985595703 30913
61 0.10000000000000000555 563245643.12201118469 30907
62 0.10000000000000000555 515713026.66180312634 30804
63 0.10000000000000000555 525766941.05781280994 30923
64 0.10000000000000000555 505432071.83842283487 30360
65 0.10000000000000000555 525620239.45248401165 29970
66 0.10000000000000000555 475992088.77060139179 29907
67 0.10000000000000000555 480631671.26565372944 29953
68 0.10000000000000000555 523640273.66112583876 29924
69 0.10000000000000000555 563233750.34228920937 29883
70 0.10000000000000000555 500711755.41236782074 29892
71 0.10000000000000000555 514588578.54420274496 29947
72 0.10000000000000000555 489153042.66868805885 29888
73 0.10000000000000000555 549246871.49087762833 30004
74 0.10000000000000000555 485918008.55947566032 29802
75 0.10000000000000000555 470805331.63484746218 29902
76 0.10000000000000000555 449555856.19660282135 29844
77 0.10000000000000000555 369872600.82412427664 29973
78 0.10000000000000000555 582499383.2176810503 29913
79 0.10000000000000000555 490509968.66554892063 29915
80 0.10000000000000000555 506697111.48349297047 29910
81 0.10000000000000000555 475031676.72325199842 29834
82 0.10000000000000000555 538200267.46762311459 29925
83 0.10000000000000000555 579859038.42392075062 29920
84 0.10000000000000000555 533505785.99356251955 29817
85 0.10000000000000000555 617752119.47744309902 29907
86 0.10000000000000000555 590279607.82082819939 29865
87 0.10000000000000000555 510431177.14726161957 29797
88 0.10000000000000000555 533573537.30262619257 29869
89 0.10000000000000000555 594534944.02923607826 29908
90 0.10000000000000000555 459604199.08589655161 29899
91 0.10000000000000000555 496657867.85949426889 29918
92 0.10000000000000000555 568612496.56653940678 29944
93 0.10000000000000000555 565750940.14331686497 29935
94 0.10000000000000000555 570553545.06598842144 29804
95 0.10000000000000000555 452833424.25581985712 29892
96 0.10000000000000000555 599037626.91376364231 29872
97 0.10000000000000000555 550001630.26483428478 29893
98 0.10000000000000000555 608677997.69368088245 29894
99 0.10000000000000000555 522238166.48422265053 29878
% Edges = 0.25
0 0.25 547370802.6134159565 79602
1 0.25 498747719.46906888485 77088
2 0.25 531730484.26894831657 76907
3 0.25 549485879.26410269737 76801
4 0.25 553241850.24210548401 76343
5 0.25 549360398.56888711452 76679
6 0.25 560917914.68708002567 76366
7 0.25 602153291.0561439991 76244
8 0.25 526302098.02810537815 76408
9 0.25 552259161.87607729435 76284
10 0.25 545413316.79795742035 76329
11 0.25 488318275.29136657715 76598
12 0.25 478463068.36368942261 76386
13 0.25 479662645.82085758448 76136
14 0.25 498350308.26372390985 76269
15 0.25 439341338.06403666735 76184
16 0.25 534738099.79524320364 76311
17 0.25 523094476.01507079601 76254
18 0.25 518107326.59923046827 76334
19 0.25 502102149.01756668091 76328
20 0.25 479210894.34384608269 76358
21 0.25 539498881.08961343765 76156
22 0.25 507752844.92552095652 76241
23 0.25 515224856.842412889 76232
24 0.25 561625302.07062280178 76245
25 0.25 562281224.18744421005 76364
26 0.25 528013510.92448848486 76259
27 0.25 545712905.83967339993 76261
28 0.25 498130985.92054414749 76309
29 0.25 504406531.6838978529 76254
30 0.25 573838219.10942983627 76319
31 0.25 533126213.10626709461 76380
32 0.25 533022150.28008234501 76246
33 0.25 490800866.06004607677 76355
34 0.25 484150587.67141222954 76351
35 0.25 465199861.59898644686 76212
36 0.25 596756053.36034798622 76253
37 0.25 551026703.0920715332 76240
38 0.25 554625991.79238009453 76314
39 0.25 422339442.92576497793 76365
40 0.25 626021689.23930156231 76433
41 0.25 547509074.20683634281 76262
42 0.25 571008976.66574943066 76422
43 0.25 485929676.33052837849 76209
44 0.25 546471076.60159683228 76399
45 0.25 511369961.65065956116 76203
46 0.25 546772824.6053160429 76276
47 0.25 522307371.26536858082 76298
48 0.25 537992357.58427631855 76380
49 0.25 533219274.16360652447 76205
50 0.25 544642520.11809515953 76413
51 0.25 535107454.57541912794 76222
52 0.25 516831885.0769624114 76356
53 0.25 483153488.32052719593 76145
54 0.25 458914583.73023897409 76470
55 0.25 526389028.86111563444 76220
56 0.25 504335979.48684191704 76330
57 0.25 508838566.28879582882 76255
58 0.25 494157803.41390931606 76296
59 0.25 530784727.55923360586 77400
60 0.25 492548981.61140662432 76378
61 0.25 534362125.19129854441 76258
62 0.25 567177296.2211176157 76388
63 0.25 509491327.07377165556 76315
64 0.25 513304837.87232941389 76354
65 0.25 551238111.42292094231 76160
66 0.25 495751982.8980768919 76333
67 0.25 547655144.33392417431 76321
68 0.25 540052485.95120835304 76304
69 0.25 428155646.38957256079 76366
70 0.25 516912458.18891561031 76355
71 0.25 498135601.15508937836 76233
72 0.25 553263365.08312129974 76410
73 0.25 496123666.3600372076 76338
74 0.25 546441945.96155416965 76352
75 0.25 509460019.64212101698 76307
76 0.25 538493326.06752181053 76363
77 0.25 519854273.8224876523 76159
78 0.25 489405065.90430873632 76460
79 0.25 591132229.97676682472 76160
80 0.25 596017995.97232913971 76332
81 0.25 495303117.18395757675 76420
82 0.25 545499729.44397628307 76328
83 0.25 521523285.96297860146 76394
84 0.25 497827747.67784243822 76334
85 0.25 503486195.70230746269 76435
86 0.25 469141018.75026857853 76312
87 0.25 555301423.70961117744 76221
88 0.25 510877519.40473508835 76442
89 0.25 551942606.64898729324 76378
90 0.25 550168153.16047227383 76435
91 0.25 567460833.42773425579 76190
92 0.25 493824211.51056098938 76357
93 0.25 570027554.72826552391 76241
94 0.25 551265624.08276283741 76303
95 0.25 488087715.18157851696 76286
96 0.25 523577068.94663888216 76368
97 0.25 583996430.16280567646 76394
98 0.25 500972901.67731511593 76429
99 0.25 580471374.38207638264 76825
% Edges = 0.5
0 0.5 556317551.23588883877 155601
1 0.5 457737286.24486410618 154354
2 0.5 517818846.90583109856 154103
3 0.5 522011203.87148785591 153361
4 0.5 552945831.10853457451 153201
5 0.5 505091018.33200615644 153577
6 0.5 480094265.1351724267 153002
7 0.5 537431437.13056325912 152677
8 0.5 547945632.97991037369 153185
9 0.5 469113535.99451035261 153223
10 0.5 554260783.71182155609 153331
11 0.5 557515297.69798004627 152906
12 0.5 506339765.62594783306 152990
13 0.5 535425264.32584261894 152416
14 0.5 476575951.54045653343 152952
15 0.5 553060182.25607132912 152958
16 0.5 526852218.96990203857 153119
17 0.5 507497958.61468988657 153299
18 0.5 547481996.15301203728 153100
19 0.5 474065644.03066903353 152783
20 0.5 539856190.58007323742 153179
21 0.5 539938334.31469082832 152885
22 0.5 514687277.56050771475 153169
23 0.5 538153353.23453819752 152920
24 0.5 531841358.22980773449 153081
25 0.5 560095237.8260358572 152895
26 0.5 504091023.23139327765 153157
27 0.5 559619505.54955267906 155100
28 0.5 495789565.41019105911 164640
29 0.5 508035921.2707105875 159735
30 0.5 554669803.53202903271 158630
31 0.5 524909900.95711892843 156437
32 0.5 517799735.75130802393 155812
33 0.5 527655889.00217968225 155600
34 0.5 532266086.53357130289 154911
35 0.5 530861475.73198765516 154115
36 0.5 504832932.79201585054 154525
37 0.5 550044320.46238696575 153912
38 0.5 531589179.31059187651 154061
39 0.5 535253361.71584653854 153639
40 0.5 519339726.92921584845 154147
41 0.5 527540144.47479951382 155935
42 0.5 533115491.30735331774 163749
43 0.5 513921430.81523758173 158395
44 0.5 518516085.18187576532 157195
45 0.5 597399536.31869721413 155990
46 0.5 530717993.39898759127 155850
47 0.5 494265460.80500239134 154917
48 0.5 505238278.09620797634 154731
49 0.5 519122245.26702696085 154444
50 0.5 519575660.9721274972 154558
51 0.5 468299687.72176253796 153936
52 0.5 573812553.69443106651 154334
53 0.5 531947421.94011884928 153775
54 0.5 524884297.04297178984 154050
55 0.5 546610257.71173918247 160114
56 0.5 470240392.87001186609 166672
57 0.5 523326022.50824117661 162000
58 0.5 478908951.305316329 159486
59 0.5 576495154.52329432964 157540
60 0.5 522910345.3619107604 162272
61 0.5 481096288.03358721733 161307
62 0.5 513950075.46690005064 161200
63 0.5 514665847.01515448093 160110
64 0.5 480407035.27636754513 160052
65 0.5 495490924.08343201876 159260
66 0.5 511628656.57569295168 159584
67 0.5 547937393.65252518654 159077
68 0.5 500498471.16885638237 161135
69 0.5 518992859.83196616173 178498
70 0.5 529103877.76492905617 170849
71 0.5 492884497.1936840415 167243
72 0.5 554816806.02707231045 159922
73 0.5 525880872.03797268867 156923
74 0.5 558667791.04358410835 156129
75 0.5 527804005.22686398029 155218
76 0.5 477580276.97809207439 155208
77 0.5 521039061.49093002081 154461
78 0.5 531982170.090511024 154757
79 0.5 511747516.92052692175 153940
80 0.5 550482925.80324733257 154160
81 0.5 512270017.81108647585 153880
82 0.5 491447941.89061957598 161515
83 0.5 517556795.9526783824 167867
84 0.5 545121294.7683545351 162365
85 0.5 522612699.2957213521 159678
86 0.5 508224108.83600634336 157735
87 0.5 548505118.33852362633 156137
88 0.5 508411322.86351031065 155665
89 0.5 563227834.98788392544 154751
90 0.5 545820896.80235755444 154925
91 0.5 498995495.4915420413 154172
92 0.5 527332337.27271091938 154381
93 0.5 537788837.81907486916 153917
94 0.5 516068258.1362811923 154105
95 0.5 545953613.32666015625 153761
96 0.5 535344269.49107784033 168428
97 0.5 512526440.96613264084 164523
98 0.5 489688540.5944634676 160722
99 0.5 555654024.52936983109 157678
% Edges = 0.75
0 0.75 526737505.42535734177 232145
1 0.75 527956853.62282979488 230028
2 0.75 507735554.44416236877 229524
3 0.75 483663407.45549088717 228370
4 0.75 514233816.58720266819 228365
5 0.75 517759961.93743139505 228467
6 0.75 515058841.62358826399 237261
7 0.75 509091795.00527578592 247389
8 0.75 538735529.51827847958 237636
9 0.75 559289159.70133209229 232435
10 0.75 495707308.57502943277 230417
11 0.75 517917272.31517064571 229252
12 0.75 522469378.40083575249 228753
13 0.75 535202204.61210948229 227769
14 0.75 523988577.34250682592 227881
15 0.75 501960892.56296002865 229639
16 0.75 545659457.76220273972 255650
17 0.75 546202019.35108029842 239882
18 0.75 527615101.40400534868 233922
19 0.75 521162827.88906288147 230916
20 0.75 517828660.90680247545 229535
21 0.75 536200102.29769515991 228368
22 0.75 524077882.48212730885 228285
23 0.75 480562925.8825083375 227877
24 0.75 502900338.69729357958 227594
25 0.75 537205478.260409832 249014
26 0.75 563115029.53362905979 236892
27 0.75 511367896.58539104462 232174
28 0.75 509460723.32135170698 230105
29 0.75 529457645.97651714087 228898
30 0.75 471614638.20615231991 228437
31 0.75 527840596.9764149785 227911
32 0.75 502809002.51437181234 227980
33 0.75 531225167.59049010277 227444
34 0.75 569735082.9022885561 242533
35 0.75 498169928.6430119276 236622
36 0.75 528441866.78657627106 232309
37 0.75 511117994.97614496946 230194
38 0.75 552976159.26738357544 229354
39 0.75 535043756.4124751091 228474
40 0.75 512880982.57101142406 228508
41 0.75 545839411.12079513073 227867
42 0.75 483984530.25932991505 227983
43 0.75 512955264.53985202312 239392
44 0.75 495438110.73379266262 242030
45 0.75 501164285.89240294695 234100
46 0.75 531436388.68827152252 231558
47 0.75 498353948.39278757572 229704
48 0.75 510827305.06521916389 229185
49 0.75 538946832.69563877583 228351
50 0.75 484975001.41469830275 228465
51 0.75 509087669.92970108986 228038
52 0.75 539954829.40414535999 233963
53 0.75 516150911.24124914408 248414
54 0.75 518364510.65124708414 237732
55 0.75 503572895.46601200104 232793
56 0.75 534395745.82604122162 231205
57 0.75 551780174.9384881258 229404
58 0.75 545624937.33133077621 229161
59 0.75 535623540.64743149281 228359
60 0.75 527729465.87373042107 228287
61 0.75 495553230.00130814314 227884
62 0.75 525814717.60069167614 254577
63 0.75 544013948.27824759483 239557
64 0.75 516873899.60901981592 234091
65 0.75 516486248.57320511341 231846
66 0.75 494883997.39703023434 229840
67 0.75 524842699.82368183136 228683
68 0.75 517694033.52997982502 235769
69 0.75 525249570.4532327652 235493
70 0.75 535957678.11302042007 254062
71 0.75 527364656.89100217819 267422
72 0.75 532947278.00035268068 250039
73 0.75 519400615.80412501097 242459
74 0.75 510309922.99201309681 239303
75 0.75 525345531.39415198565 237295
76 0.75 536477114.89218437672 236434
77 0.75 564980927.67715764046 235911
78 0.75 553040250.41289436817 233411
79 0.75 533781908.38693267107 230641
80 0.75 469478677.89500147104 258924
81 0.75 557950280.71808373928 239131
82 0.75 521527694.15196985006 232800
83 0.75 541289521.31749737263 229794
84 0.75 491074059.01041448116 228969
85 0.75 542452644.50185334682 227914
86 0.75 508711474.74574184418 227701
87 0.75 533485403.93188387156 227168
88 0.75 571225567.79940330982 227393
89 0.75 548467537.42979824543 259975
90 0.75 534562053.36268311739 241271
91 0.75 518975147.3127528429 232908
92 0.75 497051611.24646651745 230032
93 0.75 527131109.9053401947 228474
94 0.75 491604627.63605701923 228080
95 0.75 512124225.21843713522 227406
96 0.75 501437681.07602095604 227501
97 0.75 530959086.20722359419 226882
98 0.75 483102636.43678748608 256133
99 0.75 528560843.45996826887 245034
% Edges = 1
0 1 548963484.38079667091 318801
1 1 530683841.37914854288 313304
2 1 501251799.86917722225 309592
3 1 507893464.75020241737 309211
4 1 539956362.96407854557 307186
5 1 546476158.73892319202 329437
6 1 541488060.77577388287 321982
7 1 516462058.37109941244 319611
8 1 533769847.63494759798 319013
9 1 515866846.36436003447 317711
10 1 517581221.08746653795 317369
11 1 563707899.32926142216 317449
12 1 494457150.85747551918 317061
13 1 523678802.73564994335 316955
14 1 515526662.88547968864 307455
15 1 503955483.05439698696 332639
16 1 525448571.9718837738 313071
17 1 509725250.91302543879 313260
18 1 524986166.53992670774 313870
19 1 530969822.09355652332 313482
20 1 531666706.30787521601 313080
21 1 526128990.6387090683 310331
22 1 546620406.28509998322 333174
23 1 533251693.51709342003 316864
24 1 510972654.41320127249 316509
25 1 555782861.57175028324 324401
26 1 480508118.20397680998 332867
27 1 531446643.93089002371 325612
28 1 534036990.45693451166 316912
29 1 545699282.81629765034 310058
30 1 536277142.07347089052 308722
31 1 529624586.56667107344 308336
32 1 524481007.93777096272 316897
33 1 505194134.44512915611 317602
34 1 514836881.2858954668 312491
35 1 516117544.65065652132 310725
36 1 524781936.08867835999 308911
37 1 528747481.61210215092 308367
38 1 550907886.2849663496 308223
39 1 544496858.43037080765 342562
40 1 558871167.48922324181 334924
41 1 512312492.01777178049 326553
42 1 522212056.02259153128 322407
43 1 514876435.48078912497 320831
44 1 488413853.20937240124 319247
45 1 506603052.85389083624 313368
46 1 545600140.14957845211 335043
47 1 533715568.51521009207 320183
48 1 515561779.565305233 313469
49 1 532476626.03413391113 310904
50 1 537660701.06497526169 308963
51 1 551625754.78334963322 308509
52 1 517068968.38531696796 311391
53 1 528986836.47273600101 333646
54 1 532481542.50923150778 317592
55 1 513227761.14407867193 312169
56 1 557285196.50541424751 310770
57 1 507576894.8846796751 309173
58 1 517821112.4190659523 308031
59 1 518083972.30308163166 319430
60 1 514004742.92030286789 326357
61 1 509433076.75693488121 315546
62 1 521563171.24343192577 311290
63 1 525076414.38244110346 310192
64 1 546837590.13910889626 308498
65 1 527741109.74641036987 307429
66 1 519342400.3845654726 326502
67 1 532723655.82136583328 325885
68 1 513595369.24326848984 314440
69 1 561300512.06925272942 310793
70 1 531161624.20673680305 309033
71 1 548907381.48921823502 308216
72 1 497339936.46981322765 307426
73 1 514110677.72639030218 335142
74 1 499872517.17217177153 322961
75 1 532611374.89597690105 313496
76 1 501180181.48895686865 309637
77 1 504737041.51068305969 308674
78 1 519431795.79859089851 307734
79 1 547640939.61233150959 307305
80 1 537993182.43215024471 331268
81 1 530826367.69239962101 316677
82 1 554034442.75812351704 310764
83 1 512664461.17633682489 309169
84 1 496069611.02496409416 307735
85 1 531446681.46439260244 307549
86 1 502546004.35126280785 310447
87 1 542814088.64670133591 326013
88 1 514559866.99756002426 313578
89 1 518845409.34622102976 310511
90 1 530963855.5125823617 308850
91 1 544725075.98224329948 308173
92 1 524217413.15313369036 307497
93 1 508486080.82367396355 313898
94 1 508853099.39815360308 327959
95 1 522599567.29239708185 315192
96 1 499695768.64999699593 339251
97 1 514255209.00478351116 320248
98 1 545111706.99902391434 319165
99 1 477112779.32996445894 318529
% Edges = 1.25
0 1.25 504710745.1997693181 424076
1 1.25 508992333.69465273619 418508
2 1.25 520426685.60976153612 400543
3 1.25 505217927.11653870344 397107
4 1.25 504531873.24872338772 395351
5 1.25 494318201.26389998198 427776
6 1.25 522442799.10493600368 430081
7 1.25 523571207.63462686539 403685
8 1.25 484028769.20345842838 398081
9 1.25 532484063.71819013357 395837
10 1.25 526492160.04640966654 399399
11 1.25 556065061.83368432522 419729
12 1.25 531189612.63636511564 391790
13 1.25 526762202.64947080612 385016
14 1.25 507739465.21235221624 382397
15 1.25 543439479.69778192043 381666
16 1.25 549862582.34688925743 414947
17 1.25 552788626.95905029774 396939
18 1.25 494984436.99335467815 385297
19 1.25 511672350.97038781643 382531
20 1.25 565750297.92769765854 381046
21 1.25 527808192.6368124485 388576
22 1.25 532132669.26862353086 419258
23 1.25 497204951.85686326027 389821
24 1.25 540959895.17982196808 382928
25 1.25 520686841.14537459612 381705
26 1.25 514661154.80100923777 380654
27 1.25 507220071.72047191858 441237
28 1.25 512133875.3875246644 410977
29 1.25 489688312.32204371691 397843
30 1.25 504288489.83624339104 393911
31 1.25 521004664.92372846603 393370
32 1.25 547886195.35900723934 402627
33 1.25 521228641.76443785429 397153
34 1.25 536451716.75039082766 384101
35 1.25 526249725.78359431028 381762
36 1.25 537578178.78275668621 379815
37 1.25 525596511.50482213497 379675
38 1.25 514816227.57299971581 379575
39 1.25 514791827.16472119093 379778
40 1.25 526808523.91415739059 379363
41 1.25 515263293.62053745985 379432
42 1.25 534675397.08150482178 379260
43 1.25 516719802.48265457153 380682
44 1.25 510421067.98188394308 379373
45 1.25 519025873.22055655718 379499
46 1.25 518667147.31063359976 379193
47 1.25 503455958.5287181139 379601
48 1.25 540545303.89036393166 379295
49 1.25 519581656.47592574358 390452
50 1.25 491494514.29082202911 388749
51 1.25 513750479.84975504875 384170
52 1.25 516111718.78129023314 381878
53 1.25 529929392.64180153608 402887
54 1.25 500601262.17550057173 413433
55 1.25 528891490.25585156679 407606
56 1.25 520215501.28076016903 395245
57 1.25 527601731.46464055777 392531
58 1.25 548810858.70577323437 390190
59 1.25 533217226.58912706375 381946
60 1.25 541190622.5172097683 393880
61 1.25 486927655.51490467787 391967
62 1.25 502397629.45732188225 382032
63 1.25 530981319.17607796192 378858
64 1.25 538312845.83255469799 376875
65 1.25 492355850.46932971478 375810
66 1.25 525408710.5456109643 407357
67 1.25 529397135.04532337189 387285
68 1.25 520768959.58915400505 380290
69 1.25 532096278.48207831383 377864
70 1.25 523060443.46758258343 376375
71 1.25 545656023.6037197113 390987
72 1.25 526113158.45116591454 395677
73 1.25 527788183.45770156384 383312
74 1.25 494254773.79097294807 378381
75 1.25 504726706.21665394306 376988
76 1.25 498805758.34130203724 375738
77 1.25 533533663.77692466974 402783
78 1.25 512952253.07591861486 401600
79 1.25 504838613.40181165934 394025
80 1.25 522013887.12219846249 391058
81 1.25 507864502.69237369299 390048
82 1.25 520957095.57829540968 405927
83 1.25 508520744.99562448263 411965
84 1.25 524759563.74076032639 381810
85 1.25 510649026.81112003326 378365
86 1.25 555034085.00742816925 376210
87 1.25 561520237.88039910793 408261
88 1.25 500729320.56374019384 430471
89 1.25 521546894.6126742959 402210
90 1.25 492317055.18113291264 393174
91 1.25 533885355.26792770624 390629
92 1.25 549826594.07288432121 410740
93 1.25 486289229.24054336548 418698
94 1.25 501498669.86569303274 407017
95 1.25 516906778.40399551392 397721
96 1.25 527075009.85539138317 394737
97 1.25 521020671.49671578407 384735
98 1.25 515439758.64468622208 386738
99 1.25 526956434.16250419617 399234
% Edges = 1.5
0 1.5 526188908.62199383974 461318
1 1.5 506294745.79874426126 457043
2 1.5 522498227.61758679152 454979
3 1.5 531744310.17036467791 491798
4 1.5 528172719.00385272503 489682
5 1.5 519977419.52645862103 476818
6 1.5 526692311.97452503443 472006
7 1.5 547631510.23601210117 461835
8 1.5 513209576.22344315052 485565
9 1.5 529975707.29585212469 466102
10 1.5 530319840.09829503298 458385
11 1.5 512989060.79814505577 456166
12 1.5 515408146.76849496365 462188
13 1.5 507522894.75548696518 487140
14 1.5 500828234.87349253893 463418
15 1.5 538520711.11995863914 457211
16 1.5 533692311.04986178875 454957
17 1.5 525258750.19949603081 484027
18 1.5 527645713.28389441967 472033
19 1.5 542707729.09590768814 459356
20 1.5 537988577.29232800007 489061
21 1.5 545959048.20881986618 475095
22 1.5 552423504.84916639328 516293
23 1.5 524890391.44214445353 478196
24 1.5 525921642.88556784391 478750
25 1.5 530642403.06022977829 469346
26 1.5 508578067.04471611977 511677
27 1.5 552868042.03991222382 486446
28 1.5 508752697.91038054228 464205
29 1.5 537713687.26363193989 454186
30 1.5 483665810.13874334097 456586
31 1.5 515851927.42081165314 499561
32 1.5 513407689.92501336336 460130
33 1.5 529997410.54910981655 454527
34 1.5 523755037.64746725559 452592
35 1.5 522210961.71230018139 479142
36 1.5 531121293.37574839592 466193
37 1.5 520382654.16247421503 455271
38 1.5 527980488.73850423098 452689
39 1.5 490547931.43538171053 452229
40 1.5 531350273.41435062885 451934
41 1.5 532051083.58315312862 451951
42 1.5 542128047.4144538641 451698
43 1.5 529586906.87846243382 451996
44 1.5 526276452.15372532606 452585
45 1.5 545214383.35768699646 451857
46 1.5 531125802.19843018055 469955
47 1.5 523416450.90868335962 466842
48 1.5 528620020.50442790985 466219
49 1.5 522533143.37405216694 473330
50 1.5 505013488.95134854317 461851
51 1.5 510634590.97961914539 454222
52 1.5 508430478.35160088539 452573
53 1.5 509538605.09407424927 452349
54 1.5 519857265.56276315451 470061
55 1.5 536195144.14782726765 460593
56 1.5 526629512.47280460596 455428
57 1.5 534581869.49399894476 454050
58 1.5 532104406.11357676983 456235
59 1.5 513933725.88143247366 481966
60 1.5 499008065.84199172258 462329
61 1.5 532533337.86167788506 457206
62 1.5 540297658.50997173786 454396
63 1.5 536535490.92938798666 496412
64 1.5 542142953.64481925964 498451
65 1.5 522656271.75500029325 476335
66 1.5 525367230.5079074502 471574
67 1.5 560909416.51263856888 482256
68 1.5 537218619.98669755459 503404
69 1.5 502416227.19694662094 478834
70 1.5 516688595.88011515141 471647
71 1.5 517614249.48778831959 462793
72 1.5 513424802.00854104757 474555
73 1.5 553773822.44087183475 470107
74 1.5 536969582.02680575848 458020
75 1.5 522678991.19231247902 455290
76 1.5 514115300.07767444849 453504
77 1.5 506460134.33455598354 488027
78 1.5 516336984.83188724518 463221
79 1.5 528579774.57156699896 489450
80 1.5 536147883.3740183115 483687
81 1.5 507966191.6753154397 488987
82 1.5 522647257.05179685354 489715
83 1.5 549973062.47780120373 470048
84 1.5 519540417.25360226631 455689
85 1.5 539977292.43680524826 447311
86 1.5 523348617.12870341539 475079
87 1.5 537893637.22453093529 454894
88 1.5 544666075.02601289749 463552
89 1.5 502635763.86714684963 463691
90 1.5 512754566.34291100502 473235
91 1.5 517477844.22507452965 484019
92 1.5 521073568.83353191614 468000
93 1.5 523701924.72296243906 451557
94 1.5 538921409.95025765896 447540
95 1.5 525590176.5251865387 468590
96 1.5 526097083.29660332203 459927
97 1.5 521384374.6522115469 451801
98 1.5 523384876.71468728781 448146
99 1.5 523633956.0487049222 447497
% Edges = 1.75
0 1.75 493602835.43479377031 554368
1 1.75 521611982.53519523144 530065
2 1.75 568943896.80886769295 522711
3 1.75 506780335.71712356806 520696
4 1.75 509216794.79633009434 557136
5 1.75 512120673.55785417557 531881
6 1.75 519921973.50035226345 522798
7 1.75 543911453.10828328133 520640
8 1.75 523653317.10465556383 566850
9 1.75 511499270.67898130417 572485
10 1.75 528953233.41552567482 542468
11 1.75 518678688.62806373835 538673
12 1.75 527169166.78466051817 585517
13 1.75 521157104.36779034138 527098
14 1.75 514652623.21677005291 521332
15 1.75 513408913.76604729891 518713
16 1.75 538816016.92709362507 566560
17 1.75 528985544.98054659367 526551
18 1.75 526141728.14908063412 519686
19 1.75 539794406.09775817394 518450
20 1.75 522193722.07336115837 567600
21 1.75 524084604.31233543158 526066
22 1.75 536275406.62435352802 518970
23 1.75 525112686.80835956335 518179
24 1.75 509607188.69167679548 555357
25 1.75 546013547.99667847157 523180
26 1.75 501934194.60987985134 519693
27 1.75 514627472.52188694477 532776
28 1.75 533193064.3614628315 535644
29 1.75 502836434.97884088755 535555
30 1.75 529978089.18668228388 535518
31 1.75 541979123.30406749249 522717
32 1.75 496113119.78641170263 517912
33 1.75 532757664.61016172171 517720
34 1.75 511679593.352884233 516334
35 1.75 529634546.88997960091 516651
36 1.75 533651864.14698314667 518472
37 1.75 542738554.65551626682 518787
38 1.75 539980826.55612981319 516965
39 1.75 551311659.43009591103 516697
40 1.75 537107503.42865371704 532204
41 1.75 525003098.65075534582 527767
42 1.75 539818298.99108111858 522139
43 1.75 538113649.31390357018 520791
44 1.75 535156339.78110694885 541344
45 1.75 535266527.74686312675 537344
46 1.75 527898928.13812708855 542698
47 1.75 523731431.31408011913 539622
48 1.75 511090074.82467579842 564849
49 1.75 507437328.3424012661 561489
50 1.75 528699180.53742045164 530983
51 1.75 537542720.03479468822 520645
52 1.75 534715846.11256676912 543170
53 1.75 531402990.37499207258 535743
54 1.75 497491838.08972132206 523318
55 1.75 515528782.42261296511 520229
56 1.75 519110200.36657005548 541076
57 1.75 529716493.41702163219 536280
58 1.75 523399568.6179882288 523195
59 1.75 519074473.47698950768 519964
60 1.75 526853760.5051381588 542005
61 1.75 523616352.65653699636 538814
62 1.75 549193449.95986628532 523509
63 1.75 522970696.02245491743 519951
64 1.75 539039565.3897125721 542624
65 1.75 515868841.0480735302 567016
66 1.75 517346901.2236648798 543241
67 1.75 527029522.27995467186 538713
68 1.75 512550575.23305124044 561509
69 1.75 526085742.94511348009 531975
70 1.75 528298579.31528139114 521298
71 1.75 528992704.36462002993 518843
72 1.75 502954746.34388905764 533988
73 1.75 518459875.01390004158 531730
74 1.75 518414885.22371435165 522025
75 1.75 522077140.55793398619 519510
76 1.75 526766152.17085140944 534443
77 1.75 535910446.0202280879 537690
78 1.75 512457544.48606085777 523312
79 1.75 516762756.80338996649 520146
80 1.75 513878436.84208106995 532482
81 1.75 524638691.69313770533 544714
82 1.75 542339176.83745849133 525064
83 1.75 546060871.87366163731 520963
84 1.75 512340450.14023649693 558974
85 1.75 536552891.02343589067 572287
86 1.75 522048538.37554305792 545477
87 1.75 550911814.99241113663 532297
88 1.75 503001248.48404181004 538735
89 1.75 493621920.53354805708 544669
90 1.75 525588066.33691042662 524033
91 1.75 524610391.44434463978 519469
92 1.75 516048430.28623497486 538347
93 1.75 522248316.97193807364 547970
94 1.75 545750571.51810348034 522449
95 1.75 519336889.8366932869 518526
96 1.75 550086719.90044081211 534448
97 1.75 528553374.5792888999 551917
98 1.75 533723750.04236400127 522376
99 1.75 510603628.6495025754 562784
% Edges = 2
0 2 500207880.97321128845 688164
1 2 532382538.24129241705 681788
2 2 508787133.45175606012 682300
3 2 526449603.97254562378 688721
4 2 520054350.58100986481 692167
5 2 517292932.09935897589 647746
6 2 514884425.30511164665 647367
7 2 529524347.0405279398 645724
8 2 515421320.42918115854 645148
9 2 552567717.98142457008 645703
10 2 534244325.67523133755 645529
11 2 509204538.24976801872 644972
12 2 511910014.08228778839 645226
13 2 511229705.21750313044 658718
14 2 504235901.86581909657 656976
15 2 523593977.82994502783 649811
16 2 510371495.54074752331 651496
17 2 500202226.02315706015 707461
18 2 539629728.7062650919 678471
19 2 534888848.14450061321 672372
20 2 535583990.0296523571 693695
21 2 511428031.82753068209 656390
22 2 510565202.1416862607 649400
23 2 530694663.48809534311 728652
24 2 508607347.52126353979 682559
25 2 522673527.0891290307 691376
26 2 547635156.66458749771 704230
27 2 538250020.88481009007 684549
28 2 524822979.2962308526 652857
29 2 525599695.49069082737 672135
30 2 521944429.72495245934 666700
31 2 518780829.27151495218 651142
32 2 558984203.69098472595 689597
33 2 521249267.56076091528 713283
34 2 531857665.10629844666 674733
35 2 516120121.80593299866 653186
36 2 543801687.43869435787 676397
37 2 529643220.41973143816 651341
38 2 538719013.4595849514 647350
39 2 515968732.88999712467 673067
40 2 531790907.94603788853 653466
41 2 494640768.32854908705 648819
42 2 534954224.9231120348 673316
43 2 538882514.45017230511 659784
44 2 505732840.72519260645 650377
45 2 528642094.8936496377 665510
46 2 548347600.12270247936 672323
47 2 550763730.15979611874 653121
48 2 517907745.41333651543 653929
49 2 510233500.36463207006 685409
50 2 536452862.43680554628 654240
51 2 539265077.83382511139 648497
52 2 506637821.17743355036 688901
53 2 517396422.86836057901 657931
54 2 527435369.82502692938 648875
55 2 496334489.78056496382 686888
56 2 560515342.53914785385 660914
57 2 541635805.8548053503 648920
58 2 530035475.24499988556 674684
59 2 524952710.09660285711 672405
60 2 501940579.75168788433 649413
61 2 532676045.97552716732 651062
62 2 487372222.24339562654 694183
63 2 528217626.85424906015 650395
64 2 519815328.83483660221 646087
65 2 507132744.88583523035 679408
66 2 517800739.59666919708 648791
67 2 511409248.98313808441 645851
68 2 521999735.38091754913 645503
69 2 514580567.73690670729 644152
70 2 535417195.57749199867 644619
71 2 544644077.26761722565 643940
72 2 507699118.00906121731 644255
73 2 521944619.09354794025 644017
74 2 532103175.61627334356 644182
75 2 532591689.34505444765 664786
76 2 532059158.45182520151 650066
77 2 520587819.25964486599 646909
78 2 513572258.8808016181 674763
79 2 531953727.9814440012 660498
80 2 516644359.48869985342 649556
81 2 528878735.92075163126 670690
82 2 512485594.5289850235 667705
83 2 543070876.64904534817 651464
84 2 540374878.94445812702 656391
85 2 548962252.62070930004 676904
86 2 528646629.31891405582 653488
87 2 529180273.42599433661 647459
88 2 531558979.49132740498 682703
89 2 533572170.80394339561 653482
90 2 525851949.38848114014 648366
91 2 542848599.3376326561 681457
92 2 541249955.53888273239 658079
93 2 515054489.37131488323 648815
94 2 510087084.19295215607 676515
95 2 527509529.06753307581 665814
96 2 534828369.69489628077 650092
97 2 540242057.36947643757 658202
98 2 520675581.52405965328 670103
99 2 517756631.17830502987 650181
% Edges = 2.25
0 2.25 523411479.3885743618 730329
1 2.25 544933692.00087606907 733068
2 2.25 542070737.42844760418 727715
3 2.25 531727120.56101214886 732074
4 2.25 529740292.52187776566 750350
5 2.25 515005807.34620308876 728097
6 2.25 525448868.99014806747 740280
7 2.25 523150954.23076361418 749823
8 2.25 509354263.58690589666 728563
9 2.25 519467442.36587071419 746129
10 2.25 535898119.7963091135 748568
11 2.25 545123345.62292325497 727635
12 2.25 517919463.33383852243 754861
13 2.25 531605865.39569377899 742712
14 2.25 519340519.03217440844 726337
15 2.25 508104987.23830264807 763961
16 2.25 515182347.47671896219 735699
17 2.25 531345722.02532374859 723744
18 2.25 521869471.28246641159 767984
19 2.25 537768943.23416984081 731373
20 2.25 523405617.50882220268 722129
21 2.25 520955597.05412739515 772044
22 2.25 508552439.14318966866 728383
23 2.25 520690070.9788094759 721543
24 2.25 517530316.89483088255 756663
25 2.25 508806045.18072247505 724073
26 2.25 519474948.99388897419 719829
27 2.25 506260958.66611039639 722355
28 2.25 508809033.40004473925 719782
29 2.25 526197291.98940724134 719686
30 2.25 541867570.6686668396 719898
31 2.25 543311874.87087273598 719679
32 2.25 533041420.94921988249 719543
33 2.25 514350874.34842443466 741836
34 2.25 551493560.31668365002 725930
35 2.25 514204672.92397469282 725959
36 2.25 508298927.48219847679 755891
37 2.25 500405776.6162982583 729840
38 2.25 534799653.71695005894 730243
39 2.25 516668439.37681919336 760204
40 2.25 504802619.21047222614 729959
41 2.25 529044121.66059571505 738013
42 2.25 515855430.25001305342 750586
43 2.25 525484678.0771856904 727841
44 2.25 526843925.69948732853 741047
45 2.25 537147445.96370542049 746358
46 2.25 517928443.35795515776 726785
47 2.25 522823472.6865876317 748068
48 2.25 527720440.9928471446 743232
49 2.25 527125148.131711483 726167
50 2.25 534074450.49616593122 756489
51 2.25 514315783.63957870007 739821
52 2.25 528258133.32253962755 724932
53 2.25 520034299.92406356335 751964
54 2.25 514883070.97540926933 731597
55 2.25 499541634.41418713331 723352
56 2.25 523724313.61972773075 747644
57 2.25 524501427.67462205887 730030
58 2.25 523055674.20654112101 723718
59 2.25 523152921.69232553244 754633
60 2.25 535666203.62091314793 730446
61 2.25 528516250.62712144852 724234
62 2.25 511848881.26533347368 760881
63 2.25 537328326.76041483879 730639
64 2.25 529970001.24107789993 724228
65 2.25 513658470.40696448088 766312
66 2.25 526637183.61383932829 729844
67 2.25 517372751.58116900921 729410
68 2.25 555381312.43307697773 764718
69 2.25 507222014.55769103765 727701
70 2.25 513429224.05044406652 734620
71 2.25 537537141.89906013012 762324
72 2.25 526290596.42786377668 726290
73 2.25 517118765.76960128546 742880
74 2.25 535561357.42908328772 754418
75 2.25 532832397.52522546053 724208
76 2.25 525804458.93742436171 754800
77 2.25 531263416.95489406586 744348
78 2.25 539446759.41793072224 722338
79 2.25 539448788.36452376842 748406
80 2.25 509925718.72856515646 731471
81 2.25 518965506.6232869029 720755
82 2.25 508889443.84999853373 721359
83 2.25 520810899.2138620019 719642
84 2.25 529097623.24506181479 719833
85 2.25 535063612.32981127501 719735
86 2.25 542866742.35194480419 719818
87 2.25 502753828.16613817215 719178
88 2.25 540777607.505890131 736523
89 2.25 528408989.75709974766 729385
90 2.25 511552950.06477373838 722760
91 2.25 526011110.86651039124 750964
92 2.25 531489664.78546029329 734391
93 2.25 520006390.76641732454 725217
94 2.25 506199112.5926130414 758569
95 2.25 546217982.04462254047 734176
96 2.25 506458718.20345497131 725049
97 2.25 511086740.1361361742 759789
98 2.25 509354525.35009759665 729987
99 2.25 521468429.97789025307 723484
% Edges = 2.5
0 2.5 538308248.41763973236 835660
1 2.5 538493777.35725069046 790961
2 2.5 527070649.05914461613 820655
3 2.5 505898406.37749558687 823175
4 2.5 490875840.52725332975 801350
5 2.5 515864857.69822603464 840541
6 2.5 524249826.7652875185 809033
7 2.5 519414307.825963974 804875
8 2.5 521180167.37210083008 829818
9 2.5 520741953.67871797085 801326
10 2.5 518809748.03207057714 818715
11 2.5 538784481.1852145195 810082
12 2.5 530234399.87263828516 801011
13 2.5 522111771.85986125469 832101
14 2.5 530924681.4054594636 805150
15 2.5 531469457.2908821702 807816
16 2.5 531081145.47256141901 833770
17 2.5 546254852.95668745041 803891
18 2.5 532925026.14389276505 833177
19 2.5 515622119.29050213099 813983
20 2.5 514754315.7251304388 800643
21 2.5 512622259.55041831732 844742
22 2.5 541317559.79804646969 804680
23 2.5 538663721.67373514175 824026
24 2.5 524813092.89562690258 826036
25 2.5 500053687.33396041393 799676
26 2.5 502943409.80816972256 844570
27 2.5 522640724.04664903879 805763
28 2.5 526520755.41348141432 800394
29 2.5 501006968.75363391638 897627
30 2.5 521823722.59111708403 818001
31 2.5 507997447.21635609865 829979
32 2.5 501958981.99251019955 794472
33 2.5 545814329.68023014069 784882
34 2.5 540234268.92064869404 785853
35 2.5 523397940.32391691208 783598
36 2.5 530522098.41054463387 783769
37 2.5 522204470.91084742546 783903
38 2.5 537060761.977394104 784192
39 2.5 526642030.09181535244 795158
40 2.5 529526319.83076971769 797976
41 2.5 509079808.91625791788 788439
42 2.5 515711666.72953176498 818140
43 2.5 525509319.61343991756 798063
44 2.5 511294733.36593341827 789288
45 2.5 506115192.38824367523 829532
46 2.5 512176851.30721080303 793620
47 2.5 533813076.66399997473 808111
48 2.5 519594468.09622228146 862622
49 2.5 530201074.66577106714 821338
50 2.5 522958995.45132440329 840269
51 2.5 508518480.4804443717 796233
52 2.5 519397846.15307736397 792400
53 2.5 523886603.1192483902 826611
54 2.5 539844844.21548461914 792031
55 2.5 524773002.92871832848 814915
56 2.5 507555692.4477122426 810394
57 2.5 529375429.14135378599 788671
58 2.5 530529251.81318855286 819346
59 2.5 504136959.10389512777 794220
60 2.5 530183369.07281821966 793814
61 2.5 536251087.90278065205 810932
62 2.5 526401019.75509947538 851722
63 2.5 520925846.25079286098 856722
64 2.5 543464218.94085800648 826079
65 2.5 513542864.02596414089 799792
66 2.5 517128632.36793148518 837253
67 2.5 526061006.29570120573 805873
68 2.5 522350509.26675760746 812958
69 2.5 541747714.40623235703 832044
70 2.5 518395279.30552965403 803238
71 2.5 533079834.40538579226 837223
72 2.5 516351510.27109831572 810513
73 2.5 512215153.59201836586 798585
74 2.5 532253430.85705816746 848872
75 2.5 522316818.23596042395 800699
76 2.5 536216386.44875884056 827163
77 2.5 518397773.91287958622 822517
78 2.5 515863888.44851064682 798993
79 2.5 508375554.45112252235 846951
80 2.5 528510035.94290679693 803483
81 2.5 507127981.06236076355 801499
82 2.5 521579926.78006148338 828526
83 2.5 531106433.2709929347 797669
84 2.5 525721100.30913710594 796364
85 2.5 513492312.00754380226 794830
86 2.5 524009844.11813092232 794896
87 2.5 520255175.99807572365 794493
88 2.5 517767090.53156465292 795228
89 2.5 512077189.64007133245 797314
90 2.5 541251198.05850040913 815594
91 2.5 526323173.13023948669 799647
92 2.5 531237716.17975974083 818785
93 2.5 542756658.75159275532 817730
94 2.5 538616153.93510258198 801609
95 2.5 540038848.58891916275 837039
96 2.5 518514808.07180404663 808183
97 2.5 527464547.08849209547 804717
98 2.5 525788793.59278362989 834188
99 2.5 533661127.86413991451 802862
% Edges = 2.75
0 2.75 507884926.93811047077 905430
1 2.75 516169334.55482500792 871290
2 2.75 520977977.71757346392 866774
3 2.75 538146578.88825309277 898635
4 2.75 519713804.81058055162 862904
5 2.75 509379656.91670584679 902627
6 2.75 530580117.0013231039 868711
7 2.75 520987278.6639444828 874873
8 2.75 526534034.74561613798 880877
9 2.75 522454170.14230066538 861248
10 2.75 528896478.15455925465 886618
11 2.75 529343810.788015306 863543
12 2.75 532607254.21041697264 881787
13 2.75 521042149.83667314053 876531
14 2.75 528042693.051874578 861206
15 2.75 524932233.19199568033 900503
16 2.75 510916712.49865424633 866665
17 2.75 533013307.13530725241 891408
18 2.75 513719674.19632393122 877269
19 2.75 536695132.41875731945 861535
20 2.75 519325740.51782554388 909197
21 2.75 529579364.19520366192 862926
22 2.75 528063767.1579644084 902615
23 2.75 507965509.43577563763 869210
24 2.75 525726697.14924013615 864513
25 2.75 537621541.55325114727 905590
26 2.75 531738787.478543818 859641
27 2.75 524410641.38954156637 908999
28 2.75 528949301.95839911699 863653
29 2.75 533733634.99245297909 873411
30 2.75 538501880.56019282341 876224
31 2.75 535377964.05304503441 856563
32 2.75 532930132.61800140142 856984
33 2.75 518351324.84597468376 855331
34 2.75 522652837.37638616562 854866
35 2.75 513199082.44555437565 855170
36 2.75 520861792.68539148569 855437
37 2.75 526406917.51913994551 876765
38 2.75 518176130.11796325445 862394
39 2.75 539116764.13569402695 877607
40 2.75 515713508.19034981728 881721
41 2.75 523773733.12193137407 861505
42 2.75 518242985.54938238859 900634
43 2.75 513421747.23533767462 916753
44 2.75 515650916.3633274436 923920
45 2.75 508215272.23534971476 884379
46 2.75 516548416.9136262536 866487
47 2.75 527213199.14879864454 894716
48 2.75 505074084.35598552227 863259
49 2.75 521960900.29582834244 896104
50 2.75 534506053.84453862906 869610
51 2.75 536628047.99438738823 869449
52 2.75 530982357.57610565424 899821
53 2.75 549504212.30202591419 861328
54 2.75 514513349.28851306438 892107
55 2.75 522942227.75791049004 863526
56 2.75 524093208.77205199003 875261
57 2.75 527808652.41610229015 874665
58 2.75 527163505.54236012697 861269
59 2.75 521617803.63881593943 893278
60 2.75 524879264.06601709127 864934
61 2.75 516970587.15506887436 887275
62 2.75 525873316.37608605623 877674
63 2.75 527559332.29341965914 861618
64 2.75 528988940.91408902407 904952
65 2.75 535485189.32866686583 864491
66 2.75 526924520.51967990398 896091
67 2.75 554191554.3441785574 874511
68 2.75 520226107.61111092567 867058
69 2.75 527265711.28232938051 905540
70 2.75 539855389.14644634724 876534
71 2.75 540885382.7631072998 938562
72 2.75 526824867.19859462976 868158
73 2.75 512005873.6179754734 885154
74 2.75 521519738.94163966179 888850
75 2.75 520164851.85813254118 858265
76 2.75 539975752.70844662189 891660
77 2.75 520246331.13119006157 858920
78 2.75 530904144.75903242826 857184
79 2.75 520716936.01146024466 854793
80 2.75 540245507.68020367622 855123
81 2.75 523683680.4426164031 855476
82 2.75 527723847.0941349268 855292
83 2.75 524710503.88251256943 855518
84 2.75 517662905.16110032797 854787
85 2.75 527657341.09856557846 859103
86 2.75 542947521.99128973484 876456
87 2.75 514258819.65546435118 860015
88 2.75 510232365.07388949394 893024
89 2.75 521897027.66075485945 869326
90 2.75 526139124.83050298691 883532
91 2.75 537908973.62547028065 881952
92 2.75 517639048.83125418425 862594
93 2.75 531185072.62064605951 902031
94 2.75 527497307.87146735191 866034
95 2.75 527687235.12483137846 893810
96 2.75 538550892.6660733223 868802
97 2.75 533818480.42620283365 881727
98 2.75 511257010.03449308872 883847
99 2.75 511622273.15903633833 860734
% Edges = 3
0 3 534638109.37781006098 985348
1 3 528117314.81520396471 955227
2 3 512797117.71508145332 987761
3 3 514206616.02740776539 954519
4 3 529957782.47188419104 978973
5 3 519487620.99197167158 959891
6 3 527019980.35623699427 981057
7 3 513402185.8366214633 961978
8 3 517170734.99661445618 981402
9 3 529104322.31722503901 967789
10 3 535396400.38422101736 975095
11 3 534550967.23374640942 977115
12 3 519276494.86493515968 960764
13 3 540561366.95566487312 996083
14 3 522154552.87568682432 955847
15 3 535016701.46426159143 1001199
16 3 512961178.37244826555 950687
17 3 530660215.05495411158 1004154
18 3 530148297.4435774684 952758
19 3 535625132.22824209929 1003420
20 3 522881376.92492991686 952087
21 3 530083804.75683647394 983641
22 3 520031875.86937594414 951045
23 3 504039922.04537242651 948128
24 3 506331285.67390853167 946294
25 3 514100593.88362687826 946691
26 3 531520062.12892699242 946247
27 3 525105312.99992179871 946430
28 3 516641196.12707954645 971365
29 3 530852409.46020269394 951697
30 3 510263394.57965141535 985327
31 3 520479039.3543806076 958571
32 3 531738321.966545403 986063
33 3 533050419.70069897175 965487
34 3 531694342.6485157609 975808
35 3 533672057.96682888269 972098
36 3 513949412.64404666424 958102
37 3 534947076.71786785126 986980
38 3 511178722.83129924536 953873
39 3 536303789.23688846827 994954
40 3 513472953.9108555913 954059
41 3 523902227.72464799881 996206
42 3 532538498.15831953287 957118
43 3 530217547.73074615002 979900
44 3 551020643.83530497551 959622
45 3 517280108.44901061058 968681
46 3 540128429.03252148628 964623
47 3 518520982.47619587183 962446
48 3 524866997.81627124548 979094
49 3 519710904.43744790554 954568
50 3 516313103.16989445686 992689
51 3 513617260.51461446285 956291
52 3 553223592.11212837696 992318
53 3 507196288.77071791887 960436
54 3 525885977.83636945486 987653
55 3 538334847.94178831577 966496
56 3 516036404.88604491949 976701
57 3 513614288.61228018999 978986
58 3 515399694.50707733631 956650
59 3 520233103.29163014889 999139
60 3 524203106.73531109095 950353
61 3 541142407.37427222729 1004158
62 3 525446708.103697896 951743
63 3 534753491.67742919922 983150
64 3 525256075.0122936964 951123
65 3 535178545.41846781969 948696
66 3 530643484.58866131306 946339
67 3 536054811.10405755043 946453
68 3 530644435.87043142319 945975
69 3 516290968.48639339209 946465
70 3 482921146.82024037838 946298
71 3 518742598.83068174124 945635
72 3 537406790.76994538307 968883
73 3 522057952.88475078344 1007456
74 3 520805814.87713193893 1024187
75 3 524011413.83877408504 962801
76 3 523139467.91721957922 990194
77 3 507860928.30833315849 1016583
78 3 513883953.78839713335 1025684
79 3 530372541.04888248444 965036
80 3 518142473.25528246164 982961
81 3 526906168.14352017641 963513
82 3 529225750.23370039463 979582
83 3 516637773.99459338188 968835
84 3 537883430.69859433174 969614
85 3 525122198.96937000751 983324
86 3 526596084.4827862978 959200
87 3 525061045.14158862829 980948
88 3 542742376.25702798367 951201
89 3 524627224.71694719791 980945
90 3 524210085.32826328278 953238
91 3 516369408.43567281961 986553
92 3 509349456.77304273844 955652
93 3 537770376.56395590305 990585
94 3 537269822.30458331108 958323
95 3 537247138.68541002274 990600
96 3 514481799.53578400612 962864
97 3 538137795.27841162682 987383
98 3 527363977.41607022285 967093
99 3 541238405.86954808235 984284
