% Edges = 0.1
0 0.1 204030219.7950835526 86763
1 0.10000000000000000555 199624967.80364987254 83364
2 0.10000000000000000555 241041542.11148360372 81236
3 0.10000000000000000555 257858216.6423124969 84974
4 0.10000000000000000555 215330720.64807441831 80218
5 0.10000000000000000555 225366532.4779830873 80367
6 0.10000000000000000555 180649636.66650667787 80382
7 0.10000000000000000555 194697441.34901809692 90194
8 0.10000000000000000555 174955346.24210381508 80233
9 0.10000000000000000555 221052216.01276689768 80103
10 0.10000000000000000555 200002302.52409017086 81432
11 0.10000000000000000555 187985139.50635400414 80864
12 0.10000000000000000555 215770636.70056602359 92908
13 0.10000000000000000555 238396712.07982507348 80264
14 0.10000000000000000555 199623073.42912822962 81027
15 0.10000000000000000555 182853992.85761994123 80413
16 0.10000000000000000555 215615708.43760308623 80294
17 0.10000000000000000555 249481498.01847219467 80081
18 0.10000000000000000555 222215796.90980127454 80427
19 0.10000000000000000555 208117865.54663905501 89304
20 0.10000000000000000555 154618347.88363873959 80212
21 0.10000000000000000555 234099565.72776073217 80175
22 0.10000000000000000555 192620224.47744274139 80361
23 0.10000000000000000555 173119343.71403950453 80276
24 0.10000000000000000555 227391483.36515492201 94803
25 0.10000000000000000555 224600435.36631384492 80393
26 0.10000000000000000555 208885439.69638228416 81205
27 0.10000000000000000555 235390803.35733368993 80166
28 0.10000000000000000555 155869109.23561653495 80122
29 0.10000000000000000555 154629997.13884118199 80088
30 0.10000000000000000555 206849369.40482121706 80204
31 0.10000000000000000555 223882370.02496576309 93463
32 0.10000000000000000555 207546036.15946394205 80414
33 0.10000000000000000555 253399244.39916577935 80348
34 0.10000000000000000555 211106511.15941122174 80082
35 0.10000000000000000555 206434702.68578982353 79922
36 0.10000000000000000555 213042994.75642159581 80087
37 0.10000000000000000555 218633721.06518211961 88911
38 0.10000000000000000555 185942536.87565952539 81488
39 0.10000000000000000555 187206230.68238949776 80379
40 0.10000000000000000555 208395558.65480259061 80261
41 0.10000000000000000555 173165086.5441558063 80080
42 0.10000000000000000555 230948437.89010727406 80295
43 0.10000000000000000555 204734354.21236085892 92114
44 0.10000000000000000555 198172585.30106756091 80351
45 0.10000000000000000555 188821810.29704636335 80168
46 0.10000000000000000555 252039869.56236606836 80514
47 0.10000000000000000555 180690927.52514609694 80122
48 0.10000000000000000555 177976193.54283070564 86763
49 0.10000000000000000555 190322549.86658489704 80023
50 0.10000000000000000555 237717010.50145405531 80896
51 0.10000000000000000555 177973851.4070585072 80320
52 0.10000000000000000555 218548042.33258676529 86141
53 0.10000000000000000555 237535035.7367977798 80104
54 0.10000000000000000555 251970147.20377191901 80245
55 0.10000000000000000555 205941140.4344073534 84588
56 0.10000000000000000555 207386364.49750933051 80212
57 0.10000000000000000555 208756093.71755307913 80114
58 0.10000000000000000555 231341591.97726014256 80299
59 0.10000000000000000555 264163994.89747491479 90417
60 0.10000000000000000555 206021468.80276027322 80420
61 0.10000000000000000555 227239505.15996977687 83561
62 0.10000000000000000555 191011587.84108325839 80687
63 0.10000000000000000555 194792274.8856780827 80408
64 0.10000000000000000555 155918986.39461314678 93400
65 0.10000000000000000555 228506799.61774760485 80334
66 0.10000000000000000555 198028182.29775750637 80243
67 0.10000000000000000555 206041110.59628546238 80137
68 0.10000000000000000555 233211957.69374349713 80181
69 0.10000000000000000555 201807727.35981243849 80028
70 0.10000000000000000555 219587225.58666360378 80402
71 0.10000000000000000555 164859889.93470525742 89028
72 0.10000000000000000555 274076933.5775386095 80335
73 0.10000000000000000555 186141387.45568841696 80281
74 0.10000000000000000555 225408258.08600771427 80838
75 0.10000000000000000555 223851862.94112861156 80455
76 0.10000000000000000555 181310765.72052693367 94600
77 0.10000000000000000555 183079583.58645230532 80484
78 0.10000000000000000555 254278583.96677336097 80332
79 0.10000000000000000555 208822348.7967197299 80408
80 0.10000000000000000555 256517408.01528179646 80114
81 0.10000000000000000555 264726728.03397965431 80227
82 0.10000000000000000555 191264814.04986929893 80308
83 0.10000000000000000555 178337407.71014454961 93140
84 0.10000000000000000555 201691714.33329835534 80357
85 0.10000000000000000555 194808367.50156408548 80181
86 0.10000000000000000555 205114165.20559757948 80399
87 0.10000000000000000555 209183044.97698000073 81236
88 0.10000000000000000555 267901008.18990316987 80348
89 0.10000000000000000555 187691798.67329058051 80211
90 0.10000000000000000555 151755519.16390758753 89184
91 0.10000000000000000555 314347615.47124522924 80279
92 0.10000000000000000555 235559087.72607818246 80416
93 0.10000000000000000555 204747811.16009926796 80245
94 0.10000000000000000555 181989243.80084830523 80110
95 0.10000000000000000555 169450975.47429051995 92130
96 0.10000000000000000555 188170044.42828807235 80365
97 0.10000000000000000555 206008294.67174339294 80133
98 0.10000000000000000555 222620042.46410295367 80460
99 0.10000000000000000555 243282469.48976391554 81270
% Edges = 0.25
0 0.25 216586198.92998951674 219583
1 0.25 237957684.44788497686 215280
2 0.25 232022095.59518817067 207490
3 0.25 263173966.65885442495 211545
4 0.25 216669901.9588534832 217109
5 0.25 191949656.40629550815 206170
6 0.25 200852751.56324094534 218559
7 0.25 191102501.326751858 206141
8 0.25 204583807.08647871017 206274
9 0.25 203724573.25745421648 214794
10 0.25 191795304.69971430302 206309
11 0.25 207581712.92801132798 219510
12 0.25 226595613.15080803633 206212
13 0.25 196314501.07568472624 219149
14 0.25 239398997.25909179449 205763
15 0.25 193193893.18077135086 208975
16 0.25 215711205.95634588599 217379
17 0.25 212060619.20223847032 206722
18 0.25 194611805.97111412883 219140
19 0.25 185578645.39894938469 205440
20 0.25 205012327.9032740593 212635
21 0.25 202269326.6514878571 212471
22 0.25 235312243.02592945099 206284
23 0.25 201651825.71823689342 211794
24 0.25 250080896.84914520383 215765
25 0.25 213015220.6962736249 205545
26 0.25 221545035.83265459538 219020
27 0.25 218831626.73950511217 206214
28 0.25 220681958.8959634304 207139
29 0.25 254239464.4327301383 214890
30 0.25 231899246.10558223724 205817
31 0.25 231365769.37092897296 220631
32 0.25 229163766.06056338549 206521
33 0.25 230365960.18313390017 206190
34 0.25 217020230.54306533933 218371
35 0.25 179595974.15313240886 205704
36 0.25 183188315.05705145001 214850
37 0.25 201852990.26312878728 207174
38 0.25 217603553.94699084759 217348
39 0.25 203666602.77870374918 205950
40 0.25 218893858.72519311309 212592
41 0.25 202000877.12390294671 205906
42 0.25 228466590.72594982386 212220
43 0.25 211776286.17664021254 210445
44 0.25 224920240.89319211245 205910
45 0.25 195176739.70610967278 215529
46 0.25 223598167.71072679758 205819
47 0.25 241536144.94757121801 219074
48 0.25 195170869.28911978006 206004
49 0.25 195358793.7487334013 215119
50 0.25 215287171.90307962894 206106
51 0.25 230900987.01866409183 219914
52 0.25 213739369.35969766974 205848
53 0.25 186777938.55459839106 206374
54 0.25 238030434.18365195394 219092
55 0.25 228314651.14458680153 206146
56 0.25 206141743.69675651193 206673
57 0.25 213507625.4212462604 213744
58 0.25 236519439.41838181019 205828
59 0.25 227002508.75315880775 217451
60 0.25 206463915.78869664669 206239
61 0.25 207902975.14618751407 213085
62 0.25 204759361.01615843177 211911
63 0.25 215972163.88074111938 205717
64 0.25 227635852.62109288573 210513
65 0.25 223318317.1014931798 216393
66 0.25 185944041.98986116052 206943
67 0.25 205696449.86638361216 218620
68 0.25 215030405.83914932609 205974
69 0.25 215687986.09789568186 206150
70 0.25 212996288.06038168073 215543
71 0.25 214561545.5098824501 205949
72 0.25 225245150.3517242372 219861
73 0.25 219338244.85538432002 205438
74 0.25 225121603.60143229365 218753
75 0.25 212964215.7219735086 206367
76 0.25 220051309.87200570107 206251
77 0.25 240819802.50571015477 214848
78 0.25 235722108.23141780496 205968
79 0.25 189622860.2707477212 218051
80 0.25 203153109.68348172307 207310
81 0.25 227620242.50461828709 212320
82 0.25 221047480.72807061672 206189
83 0.25 188283108.15012541413 210820
84 0.25 198622955.05497315526 210884
85 0.25 173583811.89678665996 217176
86 0.25 201149264.05783429742 205254
87 0.25 235260869.30799734592 206759
88 0.25 219265000.95110693574 217873
89 0.25 196518237.48878133297 205824
90 0.25 212705259.75864690542 215107
91 0.25 186545083.05844381452 205979
92 0.25 186297602.35408604145 220320
93 0.25 203429342.77839240432 206119
94 0.25 215284941.9914020896 206813
95 0.25 252116519.45092922449 218532
96 0.25 175624314.55802667141 206302
97 0.25 217858496.3754362464 205895
98 0.25 205061370.95940059423 214720
99 0.25 228173384.89280772209 207203
% Edges = 0.5
0 0.5 227454712.39084586501 428665
1 0.5 209460271.45324367285 423416
2 0.5 214203394.64520159364 412171
3 0.5 217736906.08177518845 417743
4 0.5 211991216.27002328634 418021
5 0.5 223406909.50711339712 412475
6 0.5 231725478.46667134762 420028
7 0.5 206072255.84095191956 417058
8 0.5 224099256.0280354023 404751
9 0.5 224272037.69687736034 414744
10 0.5 237281654.79206970334 415711
11 0.5 195601031.73430481553 412218
12 0.5 230089806.64676871896 414191
13 0.5 218511602.67432415485 414744
14 0.5 231331822.18705019355 419174
15 0.5 205147480.88871923089 414621
16 0.5 210355446.79971799254 419040
17 0.5 194562118.70704320073 404259
18 0.5 206212783.73256912827 417644
19 0.5 212154142.74092695117 414674
20 0.5 210936161.13908541203 416306
21 0.5 203808320.60939842463 413453
22 0.5 202669856.22255784273 410372
23 0.5 190680831.05940055847 418663
24 0.5 222880759.00442358851 416986
25 0.5 216438134.1743081212 404453
26 0.5 205370458.76778796315 414557
27 0.5 207408191.46044412255 419022
28 0.5 215888306.07793486118 419410
29 0.5 206073620.74239477515 405489
30 0.5 210343997.731993258 412956
31 0.5 209878014.67146450281 416991
32 0.5 216532415.41229704022 416165
33 0.5 214498254.80030012131 411652
34 0.5 229950605.02196529508 414744
35 0.5 210889012.20461460948 418136
36 0.5 211804726.59393981099 413635
37 0.5 209759098.89033710957 420096
38 0.5 218677909.53751143813 405634
39 0.5 211289774.48543927073 417614
40 0.5 226841915.83404877782 414026
41 0.5 224855120.82576787472 417810
42 0.5 214722748.98906591535 411249
43 0.5 212586588.21111923456 415569
44 0.5 222089007.68754127622 414988
45 0.5 235867456.21305406094 418818
46 0.5 213232392.60156565905 404682
47 0.5 200536002.74629548192 413264
48 0.5 213746060.13160914183 418579
49 0.5 215338644.67376086116 418701
50 0.5 213085706.99449157715 415427
51 0.5 193582909.87375926971 416321
52 0.5 208660817.53321507573 417105
53 0.5 234236202.31809321046 410664
54 0.5 233925986.43627366424 409204
55 0.5 203104424.16355237365 415188
56 0.5 237320446.76849755645 416118
57 0.5 215421170.13190922141 414741
58 0.5 194905512.07659754157 419198
59 0.5 220812933.13484612107 417406
60 0.5 234848947.15285712481 405602
61 0.5 215734997.3948674798 412193
62 0.5 223472344.04775065184 417253
63 0.5 183674897.28014561534 416162
64 0.5 220603612.96452799439 409016
65 0.5 207777483.97608244419 415172
66 0.5 212988517.46744716167 417223
67 0.5 187435288.32596075535 415172
68 0.5 227289120.08461394906 418646
69 0.5 207595108.61247321963 405993
70 0.5 213743078.85157552361 417132
71 0.5 215386328.50803893805 413423
72 0.5 209237083.73946300149 418544
73 0.5 195291822.12078928947 411403
74 0.5 210923733.99072289467 411781
75 0.5 197522677.24713984132 418476
76 0.5 221537357.94697654247 418405
77 0.5 196453759.69289928675 405704
78 0.5 226859518.8670386374 412467
79 0.5 212772517.01157703996 420618
80 0.5 221862148.94161170721 417428
81 0.5 212055189.56755545735 412689
82 0.5 203834591.71328231692 416135
83 0.5 194611448.73011028767 404098
84 0.5 208591657.44488552213 417263
85 0.5 212771879.42539516091 409254
86 0.5 208116112.90297174454 414757
87 0.5 211022363.59142228961 416912
88 0.5 205184024.61750361323 413925
89 0.5 198908070.80950707197 421166
90 0.5 222261139.47110286355 417592
91 0.5 191454318.00844758749 405376
92 0.5 235566355.93012019992 413683
93 0.5 229460048.14079159498 416773
94 0.5 224339497.39466610551 412436
95 0.5 209414086.26449382305 415714
96 0.5 233510951.5606571734 417107
97 0.5 199906319.47375807166 417773
98 0.5 223024734.42441123724 414374
99 0.5 217995304.79801246524 418021
% Edges = 0.75
0 0.75 218399664.44534784555 608099
1 0.75 199890018.78524336219 603696
2 0.75 225791469.60820603371 608334
3 0.75 230215910.86571410298 607759
4 0.75 207777537.93208616972 610694
5 0.75 204407393.1768231988 608752
6 0.75 221023966.07042616606 602748
7 0.75 217695298.76010304689 622963
8 0.75 216558909.81367003918 602625
9 0.75 213977021.51497083902 609203
10 0.75 200820447.6381573379 608377
11 0.75 203230230.45767477155 608991
12 0.75 204127417.90124076605 607807
13 0.75 192429378.27120006084 603599
14 0.75 199075608.46051451564 608155
15 0.75 217499459.9215284586 616747
16 0.75 187790158.12333369255 606844
17 0.75 207649295.36740043759 607971
18 0.75 208754998.33856037259 609058
19 0.75 215325556.75725844502 607207
20 0.75 189672362.70874229074 604542
21 0.75 217231795.69372180104 608125
22 0.75 221416438.34284067154 607744
23 0.75 249423495.09838545322 615121
24 0.75 197349960.57546085119 607428
25 0.75 190264618.79802051187 610717
26 0.75 205071604.13477802277 607481
27 0.75 206313002.50949528813 603736
28 0.75 191977492.79177948833 610133
29 0.75 200808503.67727765441 606955
30 0.75 214712180.4939302206 617557
31 0.75 208732017.03483137488 607087
32 0.75 199761995.93253141642 609771
33 0.75 217086982.04596030712 608605
34 0.75 208187003.02013862133 603720
35 0.75 210006235.44349566102 611396
36 0.75 210806906.59942165017 607391
37 0.75 218434624.3171775341 614970
38 0.75 224827939.07421472669 602333
39 0.75 216062332.26148697734 604362
40 0.75 197552958.14595261216 617857
41 0.75 202574997.55984768271 603224
42 0.75 200571216.72520291805 610869
43 0.75 216859870.43324270844 609356
44 0.75 217698394.08587497473 613864
45 0.75 202371601.28178682923 602344
46 0.75 188140812.68501871824 604035
47 0.75 230759943.65650087595 617342
48 0.75 212712178.96919500828 604103
49 0.75 215706801.91516426206 609484
50 0.75 220139500.18893444538 608525
51 0.75 215732791.66264826059 614450
52 0.75 199482927.18653944135 601095
53 0.75 225235092.52643814683 607178
54 0.75 223609443.55701738596 617059
55 0.75 222834227.03603565693 603962
56 0.75 229988792.25603824854 610630
57 0.75 208671640.5334122777 608867
58 0.75 216987679.60150146484 605464
59 0.75 196271602.74458378553 611807
60 0.75 213212882.93416330218 606688
61 0.75 216826747.01635429263 617230
62 0.75 222939503.77397844195 604625
63 0.75 211351098.25211566687 611329
64 0.75 205563206.2135258317 609235
65 0.75 218571750.05275982618 604757
66 0.75 209727589.64441397786 616587
67 0.75 224840236.83219176531 607366
68 0.75 242894493.6185092628 619523
69 0.75 195742136.76718315482 603709
70 0.75 203141605.26952892542 610926
71 0.75 220678202.38939276338 609548
72 0.75 225972545.79679760337 603355
73 0.75 219108722.78336799145 613257
74 0.75 218314458.16083085537 606481
75 0.75 207001001.52693352103 605174
76 0.75 207915642.6227504313 617173
77 0.75 219574050.36189967394 610593
78 0.75 214717611.88875985146 609549
79 0.75 209937683.49803468585 604352
80 0.75 210373169.19910317659 612084
81 0.75 216867064.75882619619 607041
82 0.75 217076995.58365875483 607847
83 0.75 221749429.3707382381 616081
84 0.75 232630521.56944784522 610843
85 0.75 214759141.74795851111 608331
86 0.75 206404657.56766757369 605393
87 0.75 216243754.02906638384 613628
88 0.75 205679213.01321703196 606859
89 0.75 228429034.48986938596 606277
90 0.75 207449143.2560955286 605784
91 0.75 218071899.66568055749 619734
92 0.75 206534441.57213032246 608148
93 0.75 225587524.50601631403 604882
94 0.75 230116540.79873174429 614114
95 0.75 215068025.83263456821 605033
96 0.75 194862307.93696931005 606357
97 0.75 225885435.85320469737 606572
98 0.75 226274694.32777115703 620222
99 0.75 198567426.74382951856 609225
% Edges = 1
0 1 211122048.84050235152 883994
1 1 204770729.09615549445 930329
2 1 210703999.56262245774 942988
3 1 198296246.14935806394 942533
4 1 205808406.46200275421 939183
5 1 215778850.27044966817 936584
6 1 196329903.40525484085 938305
7 1 197661110.24717149138 939256
8 1 221297878.29022315145 945855
9 1 199276020.00835245848 939010
10 1 210907296.07727405429 934347
11 1 208348549.34553399682 938812
12 1 211404933.77405187488 941145
13 1 199896105.58145344257 939819
14 1 218146743.21450355649 937013
15 1 226391287.21063426137 937743
16 1 210694008.84117099643 938288
17 1 227169835.43959486485 943329
18 1 219023179.96225458384 937991
19 1 222711976.17658871412 934688
20 1 199032300.09964773059 939970
21 1 217339449.77680045366 941281
22 1 218789680.25038614869 939886
23 1 225216464.98398119211 935272
24 1 204798697.09869235754 938463
25 1 204401072.21111556888 940310
26 1 196716145.98043453693 947192
27 1 207421606.5834454298 938885
28 1 227952518.11726373434 934723
29 1 200122703.84212124348 939674
30 1 209806354.74545514584 943023
31 1 193445922.88263514638 938638
32 1 221749162.09128049016 940949
33 1 222711142.82656762004 931636
34 1 213590168.48479905725 952307
35 1 212664471.39484083652 931708
36 1 215688154.83958736062 938181
37 1 217561622.93167448044 934228
38 1 219737984.35376098752 948672
39 1 193046554.15395340323 945491
40 1 210803936.44000610709 927718
41 1 208694583.31124299765 942560
42 1 231759070.73518714309 943553
43 1 220407485.61693814397 942058
44 1 214720310.9051823616 929719
45 1 200171255.21822020411 944611
46 1 213166966.4261521697 937458
47 1 207766036.7528398633 938230
48 1 217819335.7186961174 943993
49 1 209267424.11333879828 936668
50 1 231708262.88206967711 929578
51 1 207339508.52088144422 943420
52 1 214208047.69568967819 943968
53 1 208931808.23979189992 938911
54 1 226082944.5496237278 936359
55 1 205624718.95219999552 937280
56 1 218380330.33645495772 939523
57 1 217141643.15263241529 945404
58 1 216255328.6445646584 938166
59 1 208893409.36191359162 934082
60 1 213069104.68105256557 937984
61 1 221906397.94077065587 943199
62 1 213327249.08071097732 938180
63 1 207790800.94546657801 934655
64 1 216904504.51484903693 936923
65 1 212152200.83038017154 938470
66 1 217968423.76943805814 943544
67 1 225187155.54357400537 937858
68 1 217067806.84681352973 934536
69 1 220562199.8680691123 938687
70 1 236305058.96424353123 941995
71 1 214621820.84414547682 939064
72 1 206857285.35038816929 941491
73 1 216338677.24111482501 932247
74 1 213938613.38568165898 951299
75 1 210415410.57776328921 930336
76 1 220857478.4642123878 937193
77 1 223089161.34208336473 933859
78 1 203578118.64974498749 948378
79 1 211723081.9276522398 944360
80 1 204147896.11914107203 925418
81 1 197443529.37054461241 939960
82 1 217455605.00920936465 942297
83 1 204571746.52855101228 942932
84 1 222113567.15796241164 930920
85 1 207648407.95335367322 943881
86 1 214168669.1050747931 937419
87 1 213476845.8162714839 939300
88 1 237529856.26226183772 944115
89 1 213923081.99691492319 937837
90 1 209712704.81016337872 929931
91 1 203879622.58533960581 943750
92 1 206920932.00047358871 941121
93 1 208680190.32764065266 930518
94 1 215382816.05542948842 943156
95 1 219430260.68869578838 936960
96 1 230441305.7344750762 938223
97 1 234856216.4404733777 943782
98 1 209051117.72026485205 938018
99 1 204127766.69481736422 930436
% Edges = 1.25
0 1.25 211940048.11955595016 1155793
1 1.25 221634565.94787752628 1165900
2 1.25 212785056.07885998487 1151427
3 1.25 205250278.42588052154 1156436
4 1.25 214622970.80627179146 1153354
5 1.25 207857913.78098776937 1165816
6 1.25 198865491.80224829912 1154045
7 1.25 220323751.40261089802 1154990
8 1.25 201656466.74507835507 1155314
9 1.25 211168776.86904862523 1162432
10 1.25 218012030.62947851419 1146679
11 1.25 201490868.92995288968 1161173
12 1.25 210605669.98834052682 1157287
13 1.25 215924419.67067322135 1158579
14 1.25 215416828.3125911355 1150145
15 1.25 210014856.66548267007 1165017
16 1.25 214152039.12351548672 1152372
17 1.25 204913837.70247599483 1154049
18 1.25 208902878.76048472524 1155727
19 1.25 209904343.56557673216 1153099
20 1.25 213559537.40098196268 1163110
21 1.25 205018721.48625254631 1145833
22 1.25 211257642.05719771981 1161824
23 1.25 213739358.15961834788 1156637
24 1.25 206302022.7796882689 1157636
25 1.25 203007728.8779489696 1149866
26 1.25 217045587.91774564981 1165720
27 1.25 217066855.30345094204 1151960
28 1.25 211237176.86488962173 1153945
29 1.25 210376098.59097847342 1156040
30 1.25 221910391.08906519413 1167667
31 1.25 223190282.58390566707 1150389
32 1.25 210933623.2310333252 1155962
33 1.25 227694042.57461890578 1150932
34 1.25 206889194.07244557142 1156701
35 1.25 216487209.2183675468 1156299
36 1.25 214305733.76556223631 1161156
37 1.25 204678324.58724412322 1154778
38 1.25 208772219.78995794058 1151847
39 1.25 217805669.02889555693 1157424
40 1.25 213398457.05596888065 1161640
41 1.25 207434872.48724105954 1157736
42 1.25 209318612.84998598695 1150530
43 1.25 213745612.95885530114 1155403
44 1.25 192824398.15079376101 1164238
45 1.25 203158247.84728863835 1150715
46 1.25 206672162.43428832293 1153335
47 1.25 231934330.97175583243 1155690
48 1.25 208844967.27208918333 1154834
49 1.25 224895780.87022465467 1162855
50 1.25 196969492.49470424652 1146824
51 1.25 222344856.48641651869 1161049
52 1.25 210695315.22997555137 1157269
53 1.25 208736878.90759193897 1155655
54 1.25 218423654.41873463988 1150586
55 1.25 191357349.47891971469 1165217
56 1.25 214901229.38943722844 1161810
57 1.25 201925222.69096505642 1161908
58 1.25 239525748.64790502191 1155105
59 1.25 216877910.63839316368 1152455
60 1.25 222451842.28578102589 1161570
61 1.25 208533180.90242624283 1146079
62 1.25 223422505.29074856639 1162007
63 1.25 203838573.86253282428 1156897
64 1.25 219903963.20023673773 1199739
65 1.25 210224373.41772004962 1169709
66 1.25 218973484.73917496204 1155450
67 1.25 219386208.4019972086 1150909
68 1.25 214583110.17612552643 1158697
69 1.25 216327688.33621162176 1161689
70 1.25 199304050.64020428061 1157776
71 1.25 216808855.83875674009 1149790
72 1.25 217745196.76954129338 1157946
73 1.25 215731129.89373269677 1165194
74 1.25 210621659.30858853459 1154999
75 1.25 216051564.72869235277 1155310
76 1.25 213089585.25010803342 1156856
77 1.25 203220564.28288134933 1153674
78 1.25 213868025.52511918545 1151302
79 1.25 223295178.66463956237 1156795
80 1.25 212995070.40723511577 1161604
81 1.25 212797267.87960794568 1157648
82 1.25 217236096.71610429883 1157562
83 1.25 208175266.85540491343 1150438
84 1.25 220955221.35277590156 1164320
85 1.25 208969802.7014208436 1152483
86 1.25 209287032.62258148193 1154020
87 1.25 214212505.50991538167 1156708
88 1.25 217092992.85491287708 1154027
89 1.25 205995402.37258890271 1163015
90 1.25 218045648.43773692846 1147305
91 1.25 205742049.64300572872 1161032
92 1.25 229338929.24137324095 1157435
93 1.25 221912996.5549698174 1155498
94 1.25 208784925.1650057137 1150470
95 1.25 227368900.71492481232 1164383
96 1.25 221518296.62288281322 1153055
97 1.25 216844723.35834315419 1153735
98 1.25 220502559.96197476983 1156913
99 1.25 212101504.56998556852 1189674
% Edges = 1.5
0 1.5 213723474.76215669513 1399104
1 1.5 214694873.31586870551 1369229
2 1.5 216533135.2526859045 1372185
3 1.5 218290467.77387136221 1361590
4 1.5 211585022.00473797321 1364784
5 1.5 201514560.18912011385 1373040
6 1.5 210633269.66674906015 1353344
7 1.5 207680679.5724773407 1372894
8 1.5 208766485.39015641809 1357970
9 1.5 212368966.61110845208 1366469
10 1.5 226951401.43472445011 1359662
11 1.5 224002417.10310682654 1369899
12 1.5 213229907.65559136868 1366484
13 1.5 215440964.78209498525 1361680
14 1.5 210031893.4551191926 1372213
15 1.5 205066310.0313167274 1366996
16 1.5 225574490.83939611912 1359553
17 1.5 208164870.78963303566 1369834
18 1.5 232383644.06248167157 1365444
19 1.5 210277206.31498348713 1361427
20 1.5 199694619.64601409435 1367880
21 1.5 226128519.8309033215 1368122
22 1.5 208737472.24211445451 1359758
23 1.5 213551669.59564056993 1368792
24 1.5 205111809.82446667552 1355280
25 1.5 214195189.00016996264 1360922
26 1.5 202311828.82901149988 1377719
27 1.5 213337592.07910874486 1356803
28 1.5 212621900.18812808394 1360385
29 1.5 207572031.19574534893 1365294
30 1.5 227149489.15894159675 1368645
31 1.5 220505940.73252266645 1362672
32 1.5 207923308.07480755448 1364291
33 1.5 207117881.2344879508 1369967
34 1.5 215466153.27703559399 1362146
35 1.5 201629141.90588736534 1366089
36 1.5 220110195.08668366075 1360974
37 1.5 207697626.70287227631 1367313
38 1.5 213533949.45632100105 1360765
39 1.5 214465954.83448845148 1370988
40 1.5 213233022.23325899243 1359727
41 1.5 208125322.49220895767 1366015
42 1.5 199773229.66665589809 1367852
43 1.5 212657958.14036592841 1361623
44 1.5 196340743.90571391582 1363842
45 1.5 198619054.97798615694 1358720
46 1.5 203123354.409832865 1366385
47 1.5 207633925.11991763115 1359908
48 1.5 214139465.27423581481 1368085
49 1.5 220294081.01054620743 1367418
50 1.5 221417424.27705284953 1359937
51 1.5 223219527.84833312035 1385946
52 1.5 215014351.35253921151 1366119
53 1.5 215801909.38437068462 1359713
54 1.5 212743738.89171245694 1367839
55 1.5 206636791.00331830978 1366659
56 1.5 205657243.48944666982 1359282
57 1.5 210850397.2236340344 1369816
58 1.5 215502494.3806604743 1368666
59 1.5 209123480.04380664229 1361046
60 1.5 206573996.24140444398 1367273
61 1.5 201791085.72704198956 1367621
62 1.5 203771321.79866459966 1359082
63 1.5 220275107.24928492308 1368853
64 1.5 206872866.25890704989 1353886
65 1.5 219893356.20357695222 1361627
66 1.5 213360222.86159825325 1377708
67 1.5 211875754.27013716102 1355768
68 1.5 210434040.11032143235 1361533
69 1.5 217650189.03424096107 1365315
70 1.5 214573279.01083892584 1367202
71 1.5 213335282.17440021038 1363522
72 1.5 209494933.68698629737 1362567
73 1.5 206109069.28506198525 1370745
74 1.5 220292007.37217351794 1362723
75 1.5 201264382.64847069979 1365898
76 1.5 205120674.71495124698 1360546
77 1.5 219055734.67153763771 1366310
78 1.5 202436103.74478504062 1359418
79 1.5 205212209.67217090726 1372344
80 1.5 211675339.5527523756 1360613
81 1.5 209629775.22739130259 1366407
82 1.5 210378206.01479676366 1370387
83 1.5 213738373.85582852364 1361517
84 1.5 209249262.08258292079 1365171
85 1.5 204412301.56904840469 1359692
86 1.5 218564837.25934144855 1366413
87 1.5 234781618.9898571074 1362094
88 1.5 204891092.10606572032 1389572
89 1.5 203160488.12117388844 1375724
90 1.5 215905431.4589433372 1361494
91 1.5 216584084.95043069124 1369292
92 1.5 216575650.04282262921 1365342
93 1.5 212849095.34667220712 1361977
94 1.5 208914493.61504808068 1369425
95 1.5 207666014.8445340097 1374410
96 1.5 211015450.34837701917 1361187
97 1.5 221660455.05420976877 1370598
98 1.5 217636885.33934530616 1365743
99 1.5 211820562.22020608187 1364015
% Edges = 1.75
0 1.75 199697790.07970923185 1645296
1 1.75 219376507.0171457231 1650206
2 1.75 219606708.56896233559 1650472
3 1.75 210140426.4871250689 1644510
4 1.75 220208656.27496272326 1647366
5 1.75 217700669.24658194184 1643721
6 1.75 218280762.63354161382 1647889
7 1.75 219571991.88469225168 1639365
8 1.75 214395281.92785832286 1646873
9 1.75 211576665.59072750807 1645736
10 1.75 213684216.73409515619 1654778
11 1.75 218669547.42511463165 1642594
12 1.75 213042394.34475231171 1645621
13 1.75 206995912.39392152429 1653516
14 1.75 205944033.48421770334 1640761
15 1.75 203106833.41113516688 1658167
16 1.75 204619847.6475507617 1641275
17 1.75 208794129.80952274799 1636062
18 1.75 217614256.33218604326 1646103
19 1.75 204771687.49002233148 1642765
20 1.75 217335131.4939147234 1644502
21 1.75 219726822.77801585197 1655804
22 1.75 206746117.20890876651 1636622
23 1.75 218943238.30827003717 1657079
24 1.75 215088444.40308323503 1642609
25 1.75 202862344.73280662298 1644847
26 1.75 212861373.3522606492 1644695
27 1.75 222887820.66321820021 1648016
28 1.75 201095070.84452176094 1656346
29 1.75 208163039.70809176564 1635459
30 1.75 207130488.96983096004 1652042
31 1.75 210428402.65496531129 1645501
32 1.75 224397588.17907571793 1672397
33 1.75 211176895.2075471282 1647001
34 1.75 206515399.25203102827 1647144
35 1.75 207797321.31392899156 1651073
36 1.75 221356236.28026044369 1644768
37 1.75 214836694.9708814919 1647647
38 1.75 203231186.48947617412 1646467
39 1.75 204002106.63850423694 1648726
40 1.75 215784226.40303683281 1638216
41 1.75 216471080.38769164681 1648351
42 1.75 211685572.20116761327 1645168
43 1.75 218900974.10178375244 1653868
44 1.75 206906162.60253477097 1642246
45 1.75 208048626.38162174821 1645668
46 1.75 221756884.3327498436 1647521
47 1.75 211986414.25794970989 1641288
48 1.75 227972661.66923356056 1658701
49 1.75 216645443.65222090483 1642498
50 1.75 210734387.2302262187 1647453
51 1.75 224191104.53848814964 1647897
52 1.75 201165834.38140767813 1641453
53 1.75 204783571.48461288214 1644481
54 1.75 200569496.58748045564 1654522
55 1.75 211072543.23101755977 1634777
56 1.75 217442158.64109054208 1656465
57 1.75 230804254.78791224957 1641488
58 1.75 221780766.30028450489 1645645
59 1.75 213872131.82193315029 1644485
60 1.75 212005078.29830911756 1647726
61 1.75 210289787.58280420303 1658915
62 1.75 217497184.55645996332 1637566
63 1.75 208951442.29110056162 1651623
64 1.75 212962104.65362119675 1644456
65 1.75 214099049.98159116507 1647024
66 1.75 230532324.57580152154 1645963
67 1.75 208531592.45786133409 1650525
68 1.75 214099983.25120937824 1658250
69 1.75 210475416.31417739391 1653502
70 1.75 214666731.92918294668 1648161
71 1.75 212728424.8102350831 1649044
72 1.75 222555376.76715996861 1652005
73 1.75 220596612.43868246675 1643130
74 1.75 216723480.56836688519 1665061
75 1.75 212434444.91046920419 1654746
76 1.75 219715442.42877364159 1654315
77 1.75 212729630.24228310585 1644368
78 1.75 210833320.70599296689 1646565
79 1.75 212787049.98922207952 1647187
80 1.75 226327987.83670035005 1646609
81 1.75 219982506.50766739249 1683414
82 1.75 212938797.51542502642 1644797
83 1.75 221028661.72687146068 1647223
84 1.75 210448487.21503201127 1648043
85 1.75 213689153.00356012583 1641656
86 1.75 213720320.71083843708 1645346
87 1.75 208306323.53746396303 1656415
88 1.75 205358700.30619663 1636404
89 1.75 210237771.87566190958 1658862
90 1.75 206799887.03324043751 1642666
91 1.75 227124008.95785185695 1647642
92 1.75 218521048.66622185707 1649156
93 1.75 215857640.31962740421 1653343
94 1.75 212952482.68251144886 1663644
95 1.75 217455824.43150699139 1648032
96 1.75 212185307.10463213921 1645475
97 1.75 217464261.98226624727 1646271
98 1.75 221442428.28662374616 1647005
99 1.75 211238718.71727329493 1662651
% Edges = 2
0 2 212165224.64095643163 1858102
1 2 210138540.89830261469 1869619
2 2 228938455.94362917542 1859825
3 2 209545353.93375685811 1860839
4 2 208246595.9694454968 1869183
5 2 215194250.27603009343 1853767
6 2 212730477.8196388185 1857458
7 2 210043938.46882200241 1865045
8 2 214032138.73328736424 1867749
9 2 219944289.53919664025 1854877
10 2 221318687.14024111629 1866813
11 2 212194011.0200125277 1859219
12 2 206665754.93243131042 1860956
13 2 215668356.24484395981 1867549
14 2 218400603.16065135598 1856931
15 2 196662838.58094680309 1866167
16 2 214615944.12520343065 1858568
17 2 225576903.56510555744 1866650
18 2 217562109.1172555387 1855747
19 2 219803180.04114216566 1862442
20 2 207643526.19282594323 1858755
21 2 206299634.87959605455 1861527
22 2 207629291.78637126088 1867620
23 2 206322559.92745509744 1856711
24 2 213659451.51627898216 1864518
25 2 208939947.06295347214 1857492
26 2 219423253.12237381935 1866501
27 2 216439234.50163209438 1855946
28 2 227224834.42289108038 1864462
29 2 223376044.80763182044 1859202
30 2 214659581.85075080395 1859603
31 2 213571154.61243015528 1864990
32 2 209812939.29827272892 1856659
33 2 217205107.36736646295 1864643
34 2 219292155.21386620402 1857350
35 2 200540909.78809070587 1868252
36 2 221027244.5808596313 1862212
37 2 222648822.5958866477 1864473
38 2 204879198.06697461009 1857059
39 2 219098616.31036949158 1860979
40 2 208607225.37123534083 1864656
41 2 207644568.37495663762 1856858
42 2 223911289.68235629797 1864758
43 2 215718564.75703924894 1857501
44 2 211494144.41404858232 1867338
45 2 215019405.11389222741 1854801
46 2 229703980.70737561584 1864541
47 2 208647225.36145806313 1863205
48 2 209542433.1667034924 1869813
49 2 224267751.47924590111 1852361
50 2 193328160.28166258335 1866482
51 2 217431877.39973437786 1854139
52 2 214345846.30437761545 1856209
53 2 212980246.07022169232 1866921
54 2 205339258.27594035864 1855101
55 2 216551332.54311084747 1864401
56 2 205532123.73730778694 1863478
57 2 214810242.30190941691 1870025
58 2 206723928.75349259377 1852483
59 2 211566938.94719648361 1866684
60 2 205123487.58485126495 1854438
61 2 210508638.60164782405 1866419
62 2 203896708.98253023624 1858116
63 2 214010054.23256495595 1877916
64 2 216038645.09938812256 1896941
65 2 210224992.7025192678 1852696
66 2 211078997.97357416153 1866777
67 2 202444266.53579667211 1858087
68 2 209414450.96108052135 1865629
69 2 222457665.34162688255 1877774
70 2 209162793.00319486856 1856723
71 2 215665091.39673534036 1866441
72 2 221678917.92199364305 1857716
73 2 205901318.4150338769 1865343
74 2 226240313.17025417089 1857299
75 2 205073053.27475509048 1865169
76 2 211427064.68483299017 1859597
77 2 212953563.31294891238 1861764
78 2 203533101.28698834777 1867727
79 2 204595479.45669728518 1855490
80 2 210607207.16367045045 1856173
81 2 213766160.83443832397 1865297
82 2 210579052.39631965756 1866542
83 2 211262205.07089090347 1852643
84 2 200831782.20829868317 1867129
85 2 209833479.35951110721 1859252
86 2 207423960.32436719537 1861227
87 2 212906700.17466449738 1865505
88 2 205408685.344442904 1855558
89 2 216600812.975656569 1865574
90 2 216060202.41354846954 1857200
91 2 205538980.31727206707 1868164
92 2 212383827.29465252161 1858982
93 2 221920492.16132438183 1865034
94 2 213387310.96645274758 1855402
95 2 214451249.24178496003 1860994
96 2 221006090.9313185811 1864512
97 2 215135697.22638890147 1855485
98 2 212555057.26327553391 1865987
99 2 210573513.73133888841 1858622
% Edges = 2.25
0 2.25 212198968.82240003347 2080988
1 2.25 226894770.25170859694 2080538
2 2.25 205309314.02060058713 2080567
3 2.25 212594205.84847128391 2076721
4 2.25 206929446.68415415287 2080231
5 2.25 210275932.21425351501 2079486
6 2.25 213259147.25545310974 2078834
7 2.25 216248785.99612018466 2077074
8 2.25 208667274.60041564703 2078004
9 2.25 203101709.96736216545 2076752
10 2.25 218652226.9131052196 2079624
11 2.25 206805254.54379978776 2078396
12 2.25 205838446.76503396034 2078427
13 2.25 213659548.74754491448 2076440
14 2.25 208671541.66105017066 2079297
15 2.25 205973251.62634494901 2076426
16 2.25 209892142.32301354408 2079957
17 2.25 209045744.3834964633 2076333
18 2.25 213722798.07975354791 2078174
19 2.25 214143116.57030755281 2077558
20 2.25 209195523.63782158494 2076885
21 2.25 213546764.73926782608 2076801
22 2.25 204986166.54305389524 2077785
23 2.25 211965930.49947085977 2076588
24 2.25 226930167.13166698813 2077445
25 2.25 210896832.60454535484 2077210
26 2.25 216895902.52580618858 2076415
27 2.25 211045013.67532992363 2065968
28 2.25 214413473.59576529264 2087904
29 2.25 214977479.57806167006 2070246
30 2.25 210454207.34986233711 2092753
31 2.25 207365697.8125820756 2065910
32 2.25 216477474.51494672894 2087647
33 2.25 208002062.18408471346 2067479
34 2.25 225929422.8848747611 2089927
35 2.25 212117085.65988692641 2066631
36 2.25 208995025.84745705128 2087025
37 2.25 208362013.61745604873 2066442
38 2.25 211354661.4238473773 2087181
39 2.25 202776644.48679098487 2067102
40 2.25 214248476.01113647223 2088474
41 2.25 218577762.46248707175 2067040
42 2.25 218452844.32197552919 2105373
43 2.25 214886146.05232748389 2067497
44 2.25 208479018.10839566588 2089280
45 2.25 210125300.18797034025 2066006
46 2.25 213649332.50608432293 2089398
47 2.25 214040639.70119398832 2067643
48 2.25 220205595.67739361525 2088700
49 2.25 218344541.38869863749 2065630
50 2.25 217909242.28523507714 2087708
51 2.25 211040821.05388319492 2065718
52 2.25 201235025.99455723166 2089732
53 2.25 217792807.49128249288 2068966
54 2.25 214313633.04312065244 2093405
55 2.25 227680201.10292446613 2068102
56 2.25 213833694.0154889226 2088796
57 2.25 207375314.48591080308 2068001
58 2.25 214925424.2615185976 2094118
59 2.25 211883517.48441565037 2066407
60 2.25 209618605.12215828896 2075413
61 2.25 203882111.20942857862 2079357
62 2.25 214189208.17731353641 2075726
63 2.25 217091643.26180103421 2081594
64 2.25 215048196.14241367579 2074806
65 2.25 203419077.42127510905 2080105
66 2.25 206523798.0317068994 2076589
67 2.25 227665526.53441664577 2074598
68 2.25 217094051.83908927441 2079295
69 2.25 220074925.46592754126 2074711
70 2.25 212136345.61183789372 2080523
71 2.25 208988729.88771602511 2075081
72 2.25 214651207.45252761245 2078895
73 2.25 212705650.53529819846 2075482
74 2.25 207084218.58277201653 2081386
75 2.25 215449683.96491447091 2074976
76 2.25 209274219.0958288312 2079670
77 2.25 218807812.05331125855 2075569
78 2.25 212611342.67237636447 2079991
79 2.25 209481946.06078925729 2075972
80 2.25 204777500.286585778 2079962
81 2.25 222658025.8377417326 2075725
82 2.25 212652088.47036001086 2079837
83 2.25 220878414.71963062882 2076143
84 2.25 221557547.42962095141 2080928
85 2.25 221909327.36725500226 2076314
86 2.25 207958724.04165065289 2081667
87 2.25 214033433.89892181754 2079594
88 2.25 215071756.38043531775 2081874
89 2.25 216566101.29127630591 2076781
90 2.25 207321384.17043602467 2080620
91 2.25 216019249.78685063124 2074053
92 2.25 218929242.09675422311 2082972
93 2.25 217962079.05526766181 2074865
94 2.25 218028886.36718776822 2081460
95 2.25 203637052.0034531951 2075440
96 2.25 212579541.07336014509 2081413
97 2.25 218904190.93956869841 2075920
98 2.25 214824637.94689109921 2080996
99 2.25 200862163.31544244289 2076000
% Edges = 2.5
0 2.5 215211966.5001026392 2292153
1 2.5 219849987.69195207953 2291125
2 2.5 207005573.24642932415 2300444
3 2.5 226374337.14099034667 2287836
4 2.5 209838071.75412902236 2298850
5 2.5 207351150.0382706821 2293247
6 2.5 211510317.06341984868 2299599
7 2.5 214708335.64574879408 2290349
8 2.5 211330908.77442374825 2295816
9 2.5 221285531.05462136865 2296988
10 2.5 227321159.20575767756 2290937
11 2.5 212155165.10352358222 2310546
12 2.5 222704667.17046132684 2289593
13 2.5 213034799.25042316318 2289692
14 2.5 211924871.37200793624 2300154
15 2.5 210779259.80593937635 2288265
16 2.5 209405250.58482301235 2300528
17 2.5 209868991.08146840334 2290011
18 2.5 210630854.18793323636 2302417
19 2.5 204738524.2535764277 2289594
20 2.5 215307761.43153238297 2291137
21 2.5 211502284.37941145897 2290194
22 2.5 217216462.110037148 2298428
23 2.5 211348828.91567343473 2286801
24 2.5 216837851.19401803613 2299519
25 2.5 213158045.40772879124 2290031
26 2.5 212704083.67980641127 2299275
27 2.5 200506608.97677919269 2289632
28 2.5 211588600.37867829204 2294701
29 2.5 230124436.93676871061 2295985
30 2.5 211034987.37535226345 2285806
31 2.5 209479293.33104759455 2305092
32 2.5 225684765.9894682467 2288309
33 2.5 205328739.23397216201 2288104
34 2.5 219932119.93560102582 2300141
35 2.5 218785559.48926573992 2290399
36 2.5 210684012.89172255993 2301128
37 2.5 214803547.15570580959 2287588
38 2.5 209457190.03482297063 2302852
39 2.5 215411211.60164502263 2284652
40 2.5 212464912.17554870248 2291663
41 2.5 210601839.22483247519 2301846
42 2.5 206868366.07649281621 2297771
43 2.5 208019895.67912679911 2287333
44 2.5 218817758.28622943163 2298122
45 2.5 218249839.92337456346 2292376
46 2.5 205546454.55000069737 2298336
47 2.5 206179157.07716700435 2290818
48 2.5 216827343.88640007377 2295242
49 2.5 215155222.61753514409 2296441
50 2.5 206146025.63505265117 2286787
51 2.5 210959759.46197971702 2303961
52 2.5 217692900.79625487328 2285922
53 2.5 216375114.24410891533 2287523
54 2.5 203015593.566080302 2299552
55 2.5 212739518.13216114044 2289173
56 2.5 222690739.66617694497 2301572
57 2.5 218112997.43096762896 2288557
58 2.5 214102636.32848256826 2302428
59 2.5 206754283.84687125683 2285551
60 2.5 219282043.1157156527 2290118
61 2.5 215939460.67646574974 2290234
62 2.5 212330835.84513196349 2298997
63 2.5 209518043.5679936707 2287190
64 2.5 215274131.25248068571 2299170
65 2.5 219497797.42307776213 2288609
66 2.5 195559157.47553452849 2298913
67 2.5 208434856.13808000088 2293952
68 2.5 210940686.78147536516 2295753
69 2.5 220430292.21097078919 2296287
70 2.5 212807331.56487902999 2285809
71 2.5 216190780.3429800868 2303851
72 2.5 205775315.75018587708 2287711
73 2.5 218085747.03199604154 2288042
74 2.5 214893022.09582772851 2297193
75 2.5 216589203.49416598678 2288612
76 2.5 217388226.69655260444 2290261
77 2.5 207863961.61106541753 2298584
78 2.5 204081502.24193689227 2289980
79 2.5 214524538.39247584343 2294701
80 2.5 210058010.24539619684 2296262
81 2.5 210376443.17095968127 2290180
82 2.5 211770980.74550256133 2298949
83 2.5 205644170.50050055981 2287443
84 2.5 218711207.97490179539 2299174
85 2.5 207930298.56785827875 2291058
86 2.5 219986783.81392610073 2301144
87 2.5 212072914.60668343306 2304166
88 2.5 211565217.5252738893 2295326
89 2.5 210141086.52957460284 2300972
90 2.5 207104256.72743552923 2286100
91 2.5 201373942.57413834333 2302085
92 2.5 212626346.62422204018 2288239
93 2.5 211092661.24915921688 2292709
94 2.5 213887194.74976858497 2297808
95 2.5 222167565.70940107107 2286929
96 2.5 210454412.5039344728 2291300
97 2.5 212518609.18768706918 2303054
98 2.5 215930699.44437819719 2289071
99 2.5 204853095.36708030105 2301155
% Edges = 2.75
0 2.75 218547889.48838666081 2519276
1 2.75 214619197.97327235341 2501115
2 2.75 207985814.93356236815 2512320
3 2.75 210161408.63196951151 2513895
4 2.75 212746632.44426855445 2514355
5 2.75 213618044.51106211543 2518303
6 2.75 213386361.74945619702 2503052
7 2.75 217599359.84036254883 2512947
8 2.75 215865193.51847070456 2514498
9 2.75 220454025.76956358552 2514562
10 2.75 214074173.44429728389 2517970
11 2.75 215484807.77426677942 2500771
12 2.75 213823628.35535851121 2523046
13 2.75 219483321.02646178007 2504571
14 2.75 221583072.38225206733 2514049
15 2.75 207770055.92114254832 2517920
16 2.75 215754389.93089297414 2502735
17 2.75 209095174.45977687836 2525734
18 2.75 212439475.67633336782 2502563
19 2.75 216549122.68152329326 2522281
20 2.75 212108323.55952727795 2520833
21 2.75 211745419.2178234756 2515860
22 2.75 215209449.80622392893 2515071
23 2.75 212514549.27347242832 2502182
24 2.75 217448724.52933257818 2515104
25 2.75 212107506.04169148207 2518968
26 2.75 212481378.99247616529 2501283
27 2.75 215810035.38533121347 2523947
28 2.75 204879526.69378140569 2502170
29 2.75 207107093.32432922721 2512370
30 2.75 215063997.61560419202 2517512
31 2.75 224208047.06439357996 2500727
32 2.75 211268370.96811264753 2510803
33 2.75 209617132.6003447175 2514481
34 2.75 209322155.9320255816 2513644
35 2.75 222213570.91243073344 2517224
36 2.75 222308501.64388263226 2500375
37 2.75 213340861.49449560046 2534564
38 2.75 215681161.64381453395 2519677
39 2.75 218208223.40179437399 2515177
40 2.75 216194198.02368193865 2517115
41 2.75 209429600.50982072949 2532782
42 2.75 214490224.07019123435 2526154
43 2.75 206334658.26748269796 2518073
44 2.75 213352224.23946514726 2499906
45 2.75 215185389.25853386521 2520234
46 2.75 210986832.48163771629 2511556
47 2.75 212361114.5594958961 2514228
48 2.75 214437374.53833910823 2516548
49 2.75 206879618.00750952959 2504374
50 2.75 211846828.81778284907 2512468
51 2.75 218140047.10149148107 2510141
52 2.75 215020326.67814958096 2514580
53 2.75 224955041.90287160873 2501920
54 2.75 207788504.08988815546 2515049
55 2.75 223511076.79911863804 2515008
56 2.75 221522574.2845249474 2512623
57 2.75 207906299.95049372315 2512134
58 2.75 209856918.93409436941 2518759
59 2.75 220595046.71299192309 2499242
60 2.75 211444557.11812016368 2517562
61 2.75 222533215.32482749224 2511972
62 2.75 205637431.66946387291 2514912
63 2.75 220364850.88097321987 2502861
64 2.75 213521117.64010098577 2514168
65 2.75 213389232.68119689822 2522403
66 2.75 219375837.23616749048 2512543
67 2.75 207199538.55371490121 2500954
68 2.75 226524421.90696820617 2518751
69 2.75 196266976.24256569147 2516068
70 2.75 212083096.90741813183 2518576
71 2.75 208992658.66334110498 2500919
72 2.75 219818672.63478797674 2524641
73 2.75 201043104.72018808126 2504327
74 2.75 215565237.06390306354 2513622
75 2.75 200042541.85864281654 2519302
76 2.75 216587126.82537272573 2502451
77 2.75 208459713.89531293511 2523467
78 2.75 215931559.53217998147 2504194
79 2.75 221342873.00795182586 2512566
80 2.75 202182695.52951398492 2518256
81 2.75 220826602.20462870598 2513206
82 2.75 219382288.81182828546 2503176
83 2.75 222658007.82915192842 2513313
84 2.75 204187939.44395810366 2514752
85 2.75 217002126.30196776986 2517665
86 2.75 212040872.01341220737 2501675
87 2.75 211181772.13066864014 2523523
88 2.75 216080753.47228935361 2502956
89 2.75 211020773.11394542456 2522584
90 2.75 215186223.54110074043 2518505
91 2.75 213946273.50716689229 2530698
92 2.75 221790649.94503638148 2516671
93 2.75 213733585.53506684303 2507100
94 2.75 208729946.76548215747 2508496
95 2.75 211347076.33196216822 2523417
96 2.75 216527734.37610954046 2501943
97 2.75 217054057.85435375571 2513392
98 2.75 211057841.45957157016 2515570
99 2.75 213177305.15646034479 2514745
% Edges = 3
0 3 220655776.93887722492 2730278
1 3 219177490.41382101178 2724405
2 3 212083998.14879944921 2731166
3 3 211142242.84614786506 2734935
4 3 204411458.5771651566 2724042
5 3 208453464.9992492497 2731347
6 3 217251264.06252458692 2734894
7 3 214915648.81443583965 2713369
8 3 202806746.57502320409 2740163
9 3 212755049.03970429301 2732264
10 3 213371751.6793627739 2724492
11 3 209273703.45044991374 2734307
12 3 223477712.50664073229 2746695
13 3 209700144.19897976518 2725933
14 3 213561624.93496769667 2735468
15 3 209344949.04042896628 2730173
16 3 213415413.45354661345 2715909
17 3 211501338.21544852853 2732304
18 3 217032332.7424647212 2726765
19 3 198467228.48382306099 2729959
20 3 211295132.30156564713 2734753
21 3 208402430.08349788189 2729166
22 3 216300683.1743324399 2726344
23 3 216227590.00261080265 2730893
24 3 207909393.13670152426 2735816
25 3 211794502.28018370271 2725611
26 3 214692563.1626355052 2730267
27 3 213511118.77563968301 2722723
28 3 214474202.75506672263 2730856
29 3 211694700.12461405993 2734519
30 3 223151225.93654951453 2724847
31 3 203110087.91900843382 2730273
32 3 197909867.57232436538 2735980
33 3 221101053.45202699304 2722578
34 3 209191756.85035213828 2730148
35 3 209694340.07643792033 2727527
36 3 206489877.27233150601 2727378
37 3 204043041.5159547925 2737836
38 3 217186010.09022143483 2728225
39 3 207412965.64297804236 2726501
40 3 207206649.93287572265 2722866
41 3 219618669.1113011241 2739014
42 3 204700032.38416469097 2714810
43 3 215372268.23022890091 2733023
44 3 214492848.78995707631 2727777
45 3 213474390.45939558744 2731484
46 3 223914663.72365605831 2734277
47 3 208484432.77192363143 2726456
48 3 206452749.37336263061 2726322
49 3 217097635.70536881685 2729491
50 3 217044112.71890854836 2735598
51 3 215861507.76851469278 2726663
52 3 209793901.63466778398 2751124
53 3 219018492.52926811576 2745407
54 3 213543467.80539789796 2732185
55 3 213529412.3858295083 2734803
56 3 212630907.91032278538 2729020
57 3 209526847.13472947478 2728808
58 3 219046355.64251166582 2721548
59 3 211707052.7578984201 2729118
60 3 220478755.22472721338 2735082
61 3 215055926.68050992489 2727984
62 3 209918125.34969329834 2727426
63 3 208358685.90416392684 2735876
64 3 214075175.28108394146 2728385
65 3 213230895.16698363423 2716116
66 3 211188918.52278211713 2735257
67 3 204589363.25484320521 2725766
68 3 226319861.57785820961 2729699
69 3 217279791.52501103282 2733647
70 3 213920201.01325261593 2726484
71 3 212116577.83491268754 2725610
72 3 218900411.94944694638 2737436
73 3 218336924.5545309484 2727063
74 3 212921160.30636540055 2726579
75 3 221190868.53641694784 2730106
76 3 215085465.21681830287 2722870
77 3 216448614.71035271883 2733416
78 3 205942495.07911938429 2740934
79 3 212220023.4408633709 2723706
80 3 210369124.98655676842 2727330
81 3 211123101.50403642654 2731298
82 3 217878445.5531925559 2724293
83 3 213151431.69920441508 2734485
84 3 206979933.89024838805 2729152
85 3 203715825.28184297681 2726457
86 3 207269844.14506703615 2736528
87 3 203800809.58918020129 2729687
88 3 215508304.79221451283 2729748
89 3 217795180.25108116865 2722269
90 3 216868223.79122567177 2738003
91 3 207770222.07022124529 2716473
92 3 217423046.59119066596 2732453
93 3 216954236.60694998503 2727925
94 3 223878221.29512086511 2730253
95 3 205242179.73310133815 2734086
96 3 213629189.05072462559 2727682
97 3 206574549.046464324 2723903
98 3 221935008.50997370481 2730525
99 3 215564158.08557483554 2735468
