% Edges = 0.1
0 0.1 2517504953.9791440964 95089
1 0.10000000000000000555 0 89198
2 0.10000000000000000555 0 88509
3 0.10000000000000000555 1382329621.1756827831 87040
4 0.10000000000000000555 0 89940
5 0.10000000000000000555 1096190721.5705404282 90037
6 0.10000000000000000555 631515854.18962621689 90670
7 0.10000000000000000555 2242836645.3641490936 86924
8 0.10000000000000000555 2206317048.1886463165 101949
9 0.10000000000000000555 0 87455
10 0.10000000000000000555 6218017746.369594574 86847
11 0.10000000000000000555 0 86798
12 0.10000000000000000555 1526357425.6379227638 90572
13 0.10000000000000000555 1172117167.7258067131 90149
14 0.10000000000000000555 0 87404
15 0.10000000000000000555 1507858835.1733298302 85825
16 0.10000000000000000555 0 85956
17 0.10000000000000000555 0 86128
18 0.10000000000000000555 0 86780
19 0.10000000000000000555 0 86767
20 0.10000000000000000555 0 89125
21 0.10000000000000000555 0 107317
22 0.10000000000000000555 0 86961
23 0.10000000000000000555 0 86143
24 0.10000000000000000555 0 86043
25 0.10000000000000000555 1872292456.590102911 86372
26 0.10000000000000000555 2652092666.6082706451 86416
27 0.10000000000000000555 0 86318
28 0.10000000000000000555 0 85812
29 0.10000000000000000555 0 85315
30 0.10000000000000000555 1150741684.1889092922 86398
31 0.10000000000000000555 2332949312.0506048203 85870
32 0.10000000000000000555 1784762868.6405184269 86491
33 0.10000000000000000555 0 86269
34 0.10000000000000000555 1355861441.484218359 101441
35 0.10000000000000000555 0 85330
36 0.10000000000000000555 0 85207
37 0.10000000000000000555 0 85166
38 0.10000000000000000555 0 85826
39 0.10000000000000000555 0 85194
40 0.10000000000000000555 0 85974
41 0.10000000000000000555 0 86730
42 0.10000000000000000555 0 86111
43 0.10000000000000000555 0 86309
44 0.10000000000000000555 0 89193
45 0.10000000000000000555 1141034464.4741930962 89664
46 0.10000000000000000555 0 86907
47 0.10000000000000000555 0 88485
48 0.10000000000000000555 0 96473
49 0.10000000000000000555 2453463572.2932929993 85430
50 0.10000000000000000555 1764028300.6554870605 85928
51 0.10000000000000000555 0 87764
52 0.10000000000000000555 0 90289
53 0.10000000000000000555 0 88818
54 0.10000000000000000555 0 86224
55 0.10000000000000000555 3871149623.1484889984 86411
56 0.10000000000000000555 0 87014
57 0.10000000000000000555 0 85933
58 0.10000000000000000555 0 85954
59 0.10000000000000000555 0 86918
60 0.10000000000000000555 0 103119
61 0.10000000000000000555 2175639495.1002283096 88626
62 0.10000000000000000555 3075889012.6632022858 87138
63 0.10000000000000000555 0 85435
64 0.10000000000000000555 0 87358
65 0.10000000000000000555 0 86269
66 0.10000000000000000555 0 86280
67 0.10000000000000000555 1494022334.599480629 85592
68 0.10000000000000000555 0 85767
69 0.10000000000000000555 0 85312
70 0.10000000000000000555 0 85685
71 0.10000000000000000555 2537513763.7568917274 85844
72 0.10000000000000000555 0 86136
73 0.10000000000000000555 0 101491
74 0.10000000000000000555 0 86424
75 0.10000000000000000555 0 86477
76 0.10000000000000000555 0 86600
77 0.10000000000000000555 1231831014.6962127686 86143
78 0.10000000000000000555 0 85760
79 0.10000000000000000555 0 85824
80 0.10000000000000000555 1397636193.7995021343 86257
81 0.10000000000000000555 1216079122.1583375931 85739
82 0.10000000000000000555 0 85287
83 0.10000000000000000555 0 84774
84 0.10000000000000000555 0 85410
85 0.10000000000000000555 0 84776
86 0.10000000000000000555 0 100558
87 0.10000000000000000555 1069314406.4658830166 86242
88 0.10000000000000000555 0 85909
89 0.10000000000000000555 0 85533
90 0.10000000000000000555 1457209124.6964530945 85115
91 0.10000000000000000555 1194609362.8738460541 85342
92 0.10000000000000000555 0 85475
93 0.10000000000000000555 0 84966
94 0.10000000000000000555 0 84908
95 0.10000000000000000555 0 85540
96 0.10000000000000000555 1526668589.6239972115 85909
97 0.10000000000000000555 0 85824
98 0.10000000000000000555 1571451121.8839583397 85180
99 0.10000000000000000555 2252514391.7986683846 85413
% Edges = 0.25
0 0.25 0 238168
1 0.25 530583621.52370375395 224569
2 0.25 1111305830.2817804813 237014
3 0.25 729718225.1146453619 223804
4 0.25 481548492.56600391865 237728
5 0.25 1126008357.9781291485 224290
6 0.25 540744475.40003120899 219340
7 0.25 2545264814.7861881256 221054
8 0.25 1319512309.4884765148 221655
9 0.25 0 237466
10 0.25 705042725.09504830837 223037
11 0.25 573558041.81848800182 221183
12 0.25 0 221288
13 0.25 1272310832.6580023766 220307
14 0.25 883740698.24951922894 220948
15 0.25 633805719.101115942 235782
16 0.25 0 221766
17 0.25 786385512.80147719383 223860
18 0.25 400426117.16672050953 225216
19 0.25 1983521322.4948966503 221005
20 0.25 447484715.49174445868 237974
21 0.25 1210747236.2857451439 227594
22 0.25 0 220053
23 0.25 991340494.68738675117 223398
24 0.25 0 226275
25 0.25 0 220569
26 0.25 0 236383
27 0.25 0 223133
28 0.25 1163105789.8125040531 220882
29 0.25 0 221650
30 0.25 1021448891.2566485405 230712
31 0.25 0 229914
32 0.25 559866263.48889613152 220767
33 0.25 612557840.62686622143 227781
34 0.25 533204449.64084523916 220313
35 0.25 516101916.03192085028 235137
36 0.25 1335799001.5222170353 220759
37 0.25 0 222447
38 0.25 483829484.73867535591 222068
39 0.25 0 222075
40 0.25 1138243832.8798992634 220357
41 0.25 632148798.92846393585 233789
42 0.25 1208247344.9099850655 220979
43 0.25 0 220816
44 0.25 695934146.10301160812 221909
45 0.25 0 225061
46 0.25 732383647.6597468853 238118
47 0.25 1290167717.6031298637 220911
48 0.25 0 224638
49 0.25 633731599.12321639061 224835
50 0.25 0 221668
51 0.25 539385872.18209159374 230817
52 0.25 1283764821.4067311287 221218
53 0.25 539942560.3777204752 220508
54 0.25 0 220402
55 0.25 1354666930.1245484352 220212
56 0.25 0 236001
57 0.25 936892079.83836257458 223852
58 0.25 567154604.70650839806 219806
59 0.25 0 220685
60 0.25 0 221584
61 0.25 0 236925
62 0.25 0 219723
63 0.25 0 221887
64 0.25 0 221406
65 0.25 0 219831
66 0.25 0 237622
67 0.25 1207140584.120803833 219833
68 0.25 0 220886
69 0.25 557819788.87288284302 220977
70 0.25 0 221802
71 0.25 1446281046.2893123627 237388
72 0.25 0 221246
73 0.25 721102862.24013698101 222283
74 0.25 621420621.78945636749 220158
75 0.25 476907610.53425598145 221225
76 0.25 506457426.2718988061 221630
77 0.25 616205156.31394898891 235795
78 0.25 1134434471.9848308563 222335
79 0.25 2522510369.3770971298 222612
80 0.25 0 220042
81 0.25 551846750.72340595722 220728
82 0.25 1413160850.4143097401 230644
83 0.25 562170778.28136432171 219655
84 0.25 970704177.98021912575 222455
85 0.25 550253286.67537498474 222750
86 0.25 0 220053
87 0.25 529347553.27944934368 233005
88 0.25 437852775.71728527546 222370
89 0.25 2080262244.5316286087 219910
90 0.25 1669310366.1974003315 221011
91 0.25 1422137341.1873321533 222506
92 0.25 747135274.49586486816 234836
93 0.25 1150189273.2926917076 222697
94 0.25 0 219753
95 0.25 0 219664
96 0.25 0 222197
97 0.25 362697979.15402716398 237267
98 0.25 0 222849
99 0.25 2219019250.3877387047 220943
% Edges = 0.5
0 0.5 586421357.35479211807 443393
1 0.5 1553478429.9841785431 446120
2 0.5 551102390.9615187645 434227
3 0.5 854054864.28736281395 451357
4 0.5 305386932.17546272278 428310
5 0.5 0 431103
6 0.5 901778104.03266334534 447439
7 0.5 611252304.46783280373 432701
8 0.5 337564571.3500058651 430713
9 0.5 636632233.83804702759 445886
10 0.5 1245971574.3916175365 431954
11 0.5 1122965821.0137171745 445356
12 0.5 316924812.55192112923 430508
13 0.5 1417800519.8160381317 432783
14 0.5 1149143981.4136464596 448335
15 0.5 564924419.13961386681 431392
16 0.5 885556171.6111574173 432420
17 0.5 0 439816
18 0.5 344743681.96730649471 432495
19 0.5 286548021.86593544483 443909
20 0.5 524024968.93004965782 431951
21 0.5 627764645.28111088276 434226
22 0.5 643659227.31362771988 442551
23 0.5 852470273.51146697998 433621
24 0.5 712993697.32524240017 445138
25 0.5 1213283928.8430986404 428011
26 0.5 787917338.39753699303 430118
27 0.5 1619622471.3991994858 441173
28 0.5 677866181.41055440903 429910
29 0.5 897874395.17225837708 445822
30 0.5 672348984.60055983067 429972
31 0.5 659491566.0902261734 430106
32 0.5 306311999.37530308962 445971
33 0.5 331110822.20438152552 429970
34 0.5 612902739.75526094437 432417
35 0.5 969321409.27799856663 445548
36 0.5 689822936.97606170177 429729
37 0.5 681934525.0048854351 432095
38 0.5 628132267.27837765217 442711
39 0.5 298714674.41723036766 428774
40 0.5 953603849.80093026161 447550
41 0.5 288687636.1534448266 431620
42 0.5 288608160.74509763718 433515
43 0.5 599182654.31130194664 438065
44 0.5 650360813.08895838261 442211
45 0.5 823775545.59389781952 444096
46 0.5 335995247.36910676956 443750
47 0.5 637079185.1658693552 437069
48 0.5 1001107057.325705409 453669
49 0.5 1508381242.5208716393 447209
50 0.5 0 430505
51 0.5 569295217.26069021225 454084
52 0.5 0 445970
53 0.5 295173905.22880411148 440426
54 0.5 796969822.48909389973 440397
55 0.5 873424809.1361720562 439406
56 0.5 1049857441.7494986057 449079
57 0.5 334485229.41217893362 445916
58 0.5 649776569.36199140549 451457
59 0.5 1271656862.5936889648 435647
60 0.5 534463538.76695585251 446006
61 0.5 315619707.75767838955 444183
62 0.5 249710413.02638524771 446554
63 0.5 1223583131.5884261131 442409
64 0.5 664182261.86009252071 445324
65 0.5 604617819.07532405853 449060
66 0.5 303588224.8272845149 453632
67 0.5 801776047.39894461632 429666
68 0.5 290492044.45369124413 446443
69 0.5 615334701.09467947483 442596
70 0.5 996494489.97457969189 431594
71 0.5 301995021.91127151251 445475
72 0.5 310947545.96567881107 431269
73 0.5 342859781.98400783539 443294
74 0.5 1061929847.2216632366 445888
75 0.5 1249220531.1792037487 429427
76 0.5 317894672.56958943605 434158
77 0.5 1379031162.9590573311 442165
78 0.5 299768976.57655447721 431784
79 0.5 868474648.6739590168 444654
80 0.5 582471256.16239321232 430733
81 0.5 560209077.07225382328 432103
82 0.5 530436459.78705877066 446663
83 0.5 704569989.16576504707 431387
84 0.5 750128387.13253796101 450397
85 0.5 990216961.18254065514 431973
86 0.5 1153631435.6738865376 428521
87 0.5 809607267.4150094986 444869
88 0.5 600221421.26657056808 427879
89 0.5 527043895.45436471701 429232
90 0.5 315552105.42893815041 445573
91 0.5 1130729227.8858115673 429209
92 0.5 253334306.15292483568 430780
93 0.5 1114155947.1339535713 459545
94 0.5 254142921.2897375226 446778
95 0.5 355358185.11970996857 439752
96 0.5 938307220.67608046532 430364
97 0.5 1267020884.4159629345 433845
98 0.5 426058595.18933898211 445602
99 0.5 331302220.7349589467 430786
% Edges = 0.75
0 0.75 418550097.67000710964 643217
1 0.75 1083872910.4553244114 625804
2 0.75 729072997.76539897919 646701
3 0.75 1241879272.100240469 625487
4 0.75 349037571.7759026289 637933
5 0.75 417135060.79514378309 646579
6 0.75 187534385.26140600443 626551
7 0.75 637338395.72159266472 648552
8 0.75 1092585597.6501946449 646498
9 0.75 217685103.25656560063 647072
10 0.75 1116456290.8296165466 628912
11 0.75 0 643476
12 0.75 194459002.01163199544 631611
13 0.75 181696182.96740576625 658916
14 0.75 984296102.74156928062 631172
15 0.75 584093067.17911028862 642129
16 0.75 411527098.59855985641 645952
17 0.75 571209286.52513504028 628230
18 0.75 798074723.03517365456 645449
19 0.75 1208513371.1292283535 630327
20 0.75 424061864.96754658222 643128
21 0.75 1213734598.4526836872 634488
22 0.75 913749231.72275221348 648509
23 0.75 970949917.81368434429 652587
24 0.75 369003147.28162592649 643873
25 0.75 995652136.11390531063 659666
26 0.75 238162044.40172499418 633882
27 0.75 1029766119.8691334724 645268
28 0.75 406277651.33852058649 628417
29 0.75 526165653.87301874161 645835
30 0.75 992652408.42468059063 628255
31 0.75 790972860.31929218769 644700
32 0.75 891895703.03168606758 630678
33 0.75 364740455.53918874264 638144
34 0.75 221337452.45994284749 642377
35 0.75 812299156.52278935909 628951
36 0.75 1307264286.8470802307 642485
37 0.75 1031560151.4371985197 632168
38 0.75 605389754.49467241764 650339
39 0.75 1351160787.1292302608 629682
40 0.75 237544548.28193327785 646512
41 0.75 409839390.35769474506 645463
42 0.75 392946026.25591063499 640709
43 0.75 559503116.304728508 665820
44 0.75 814453235.96085584164 648664
45 0.75 994350146.77280199528 647876
46 0.75 419798146.25224906206 636727
47 0.75 1149571753.5614008904 655630
48 0.75 458894961.54554009438 654100
49 0.75 428601589.53891307116 634342
50 0.75 419441840.06053519249 651887
51 0.75 825646888.36663174629 644623
52 0.75 1050456630.2567542791 650588
53 0.75 178910584.99441590905 632125
54 0.75 1333005651.4927363396 651115
55 0.75 1194192578.4955124855 634836
56 0.75 413671324.01342910528 644052
57 0.75 397301960.30426973104 644088
58 0.75 191644403.92545378208 628446
59 0.75 0 630995
60 0.75 0 654654
61 0.75 1393916670.621866703 634597
62 0.75 848691682.04837441444 646156
63 0.75 802575084.1768848896 629463
64 0.75 776875457.16366028786 644060
65 0.75 899115053.37237226963 626027
66 0.75 1149028405.7967903614 645543
67 0.75 961161006.1207832098 629282
68 0.75 602790474.98809671402 646265
69 0.75 878577717.48621439934 640229
70 0.75 980476744.9354571104 628355
71 0.75 199659582.21403071284 644176
72 0.75 1145399858.2342393398 634016
73 0.75 1270931666.5970358849 644091
74 0.75 557604312.52765059471 632570
75 0.75 838160986.23670709133 642018
76 0.75 637258433.92270708084 631183
77 0.75 218500382.69068822265 652267
78 0.75 813141594.93181204796 648338
79 0.75 507238376.51667648554 661609
80 0.75 810470229.26539325714 637871
81 0.75 1228746189.9016714096 650044
82 0.75 757364254.19031083584 641305
83 0.75 1247300459.3588385582 663295
84 0.75 836598118.58236825466 648588
85 0.75 1050017015.8889113665 668392
86 0.75 1304892652.1941945553 658559
87 0.75 959023603.7470972538 667678
88 0.75 469610344.01416391134 638859
89 0.75 332718834.06862032413 638835
90 0.75 788440026.13564813137 644198
91 0.75 876154982.00212407112 630835
92 0.75 556517003.66548871994 647620
93 0.75 375872035.10562866926 634396
94 0.75 574026235.03537893295 648743
95 0.75 383416766.82107484341 653461
96 0.75 589513401.18905353546 659041
97 0.75 454488209.08475369215 662568
98 0.75 380692600.48025947809 639374
99 0.75 0 647770
% Edges = 1
0 1 659587155.41507506371 930290
1 1 783506583.32965826988 965071
2 1 625590984.96503663063 983455
3 1 278526498.48314887285 990664
4 1 0 983915
5 1 154945074.47201356292 977803
6 1 901947014.23272848129 980277
7 1 855184574.41266918182 978048
8 1 849197444.71077096462 962547
9 1 399112960.75279152393 975565
10 1 869094965.67491292953 985336
11 1 966356738.7552022934 990170
12 1 526113213.02380865812 1001100
13 1 853484987.52200996876 994444
14 1 933536009.01451587677 987140
15 1 574143564.24470567703 1012005
16 1 589301154.41771960258 993032
17 1 975917122.61712121964 1007383
18 1 1057306545.9127819538 1017274
19 1 615423314.24847495556 1000264
20 1 740716549.2877266407 1006405
21 1 339614143.00574159622 997635
22 1 635485591.96913385391 974398
23 1 506366147.23381710052 995451
24 1 531796279.02714645863 1006176
25 1 660965857.02135324478 1012632
26 1 0 1008356
27 1 1067835433.4630343914 1008025
28 1 626584251.38018190861 1008565
29 1 712840967.76417922974 991487
30 1 746174263.45708501339 987228
31 1 431964962.01814961433 998800
32 1 699213598.21334135532 992174
33 1 448239151.43486082554 970894
34 1 451359199.42087036371 998672
35 1 689839455.92196130753 985466
36 1 159233984.5868191421 984458
37 1 956369514.26497340202 976300
38 1 455747281.26582348347 999815
39 1 167519471.78526994586 993300
40 1 1214539311.8977167606 985141
41 1 482857554.46397924423 988074
42 1 182229181.08952429891 993411
43 1 469592591.32632118464 1006222
44 1 159624409.00476667285 991203
45 1 326151053.95870834589 991904
46 1 160650028.79206526279 987918
47 1 610523546.60063576698 978117
48 1 311613526.68993240595 991787
49 1 753048853.82189333439 995909
50 1 702855848.46588766575 998782
51 1 562898427.03571820259 987861
52 1 303129209.44188684225 991833
53 1 776729418.01038563251 1002162
54 1 272096500.71923196316 990120
55 1 781478013.77910554409 1008224
56 1 1441193203.382973671 1008929
57 1 548562810.46112501621 1008126
58 1 544031793.70200502872 1005852
59 1 810977357.28012144566 1002956
60 1 1206127529.7621054649 990695
61 1 474947933.80788481236 1014398
62 1 449670781.13986515999 1008195
63 1 854484317.41702699661 1005080
64 1 380204649.37827885151 994278
65 1 856084926.86215496063 993822
66 1 152475512.83700019121 988367
67 1 497976832.51252681017 999342
68 1 1549310916.3651926517 985965
69 1 152728473.25075832009 993758
70 1 668483482.82620501518 993160
71 1 1286528084.7797095776 989510
72 1 653459914.53457546234 990974
73 1 728298112.44039678574 989029
74 1 291538525.33529853821 969823
75 1 148645166.15056028962 989637
76 1 727884598.02329111099 994502
77 1 605064632.42340528965 990671
78 1 735627881.04692792892 987368
79 1 1521153276.7284021378 992776
80 1 865936930.17151165009 990062
81 1 1357701504.6150143147 975392
82 1 476538323.1399667263 996691
83 1 522070299.35129016638 996177
84 1 1120614028.6484899521 993417
85 1 468560152.68588221073 986632
86 1 695572564.89861392975 993903
87 1 1033108722.0969160795 995791
88 1 553187498.14706325531 999799
89 1 422636416.17908477783 1002926
90 1 903062560.44293069839 989336
91 1 942874852.05860733986 986718
92 1 622352576.98043572903 988534
93 1 150904489.13285943866 986591
94 1 338097472.99308788776 994745
95 1 1246289642.2024400234 992206
96 1 166161215.68205928802 993134
97 1 1351521993.7939801216 993205
98 1 1133916863.1716239452 975813
99 1 430184653.95755499601 995467
% Edges = 1.25
0 1.25 1071245114.3830571175 1209100
1 1.25 1217118677.1499609947 1201442
2 1.25 915090170.7427482605 1211408
3 1.25 769264430.36256814003 1211618
4 1.25 366602322.26747894287 1237507
5 1.25 417120680.13258093596 1197291
6 1.25 905906273.39999377728 1220276
7 1.25 701746399.556235075 1215351
8 1.25 739304297.62697219849 1231603
9 1.25 771285312.38004684448 1225850
10 1.25 754749922.47203803062 1212435
11 1.25 678951724.5768301487 1238560
12 1.25 778913843.01946282387 1214593
13 1.25 212316506.68268972635 1218983
14 1.25 661141743.22768414021 1217063
15 1.25 761685919.05321931839 1211036
16 1.25 800476940.55257546902 1226647
17 1.25 807091109.83839213848 1225999
18 1.25 412091357.66950654984 1209819
19 1.25 1240860006.5639269352 1210295
20 1.25 595516982.03495419025 1218741
21 1.25 749988731.74381923676 1225918
22 1.25 486750870.83915144205 1216848
23 1.25 517822227.32732492685 1209891
24 1.25 1122879780.7723875046 1232303
25 1.25 482805091.99234455824 1211459
26 1.25 474930206.73085939884 1237026
27 1.25 1253910263.6104216576 1228580
28 1.25 697312201.7456587553 1245273
29 1.25 218116535.21198108792 1211926
30 1.25 493902885.39028257132 1222358
31 1.25 570093913.44863510132 1228707
32 1.25 854012860.87578439713 1243925
33 1.25 391509959.34439766407 1226690
34 1.25 579406345.24507892132 1246328
35 1.25 635062789.41249501705 1241843
36 1.25 611498245.0648920536 1230929
37 1.25 638489718.54074084759 1243385
38 1.25 477815020.19523519278 1231857
39 1.25 904272957.92101299763 1234533
40 1.25 915800851.40021526814 1227335
41 1.25 925265619.66996693611 1211200
42 1.25 716491336.60514938831 1225652
43 1.25 795359956.80408775806 1216704
44 1.25 746230634.45207750797 1243623
45 1.25 1210843630.6291246414 1220812
46 1.25 563938397.51755487919 1213067
47 1.25 359444945.92049920559 1208675
48 1.25 848918367.98814308643 1213654
49 1.25 445745705.32205200195 1205690
50 1.25 981290756.20904541016 1210287
51 1.25 702871946.70879244804 1204103
52 1.25 873357849.54297888279 1197960
53 1.25 945956650.10545742512 1198811
54 1.25 854338156.95898640156 1216845
55 1.25 671609225.77329170704 1205613
56 1.25 348976352.51445698738 1220467
57 1.25 516842494.34754174948 1218733
58 1.25 968927813.82984864712 1224801
59 1.25 605124356.92459595203 1214839
60 1.25 419044917.75992375612 1203286
61 1.25 355927766.58137142658 1203961
62 1.25 585933460.72621870041 1203328
63 1.25 493810601.18235737085 1218996
64 1.25 274022062.3568751812 1205120
65 1.25 247225502.95150563121 1218114
66 1.25 632195212.18976545334 1205784
67 1.25 889561423.18953597546 1202998
68 1.25 877385639.59622323513 1203318
69 1.25 501706632.85065037012 1201040
70 1.25 470207577.47969216108 1209660
71 1.25 896540518.45803999901 1199825
72 1.25 375983493.5977486372 1202665
73 1.25 657713631.38733243942 1209741
74 1.25 376873123.53931856155 1205124
75 1.25 877831322.34633004665 1213752
76 1.25 487323039.15607231855 1223132
77 1.25 642957159.45475447178 1205245
78 1.25 1014693257.9399265051 1202384
79 1.25 235703420.71157518029 1219782
80 1.25 449598769.24858701229 1221309
81 1.25 279982420.07634902 1213564
82 1.25 594396851.99276328087 1231232
83 1.25 1193742884.9331376553 1219681
84 1.25 477922951.93287229538 1199444
85 1.25 505658324.90890318155 1200932
86 1.25 1138891034.4042732716 1198680
87 1.25 868309661.61338210106 1216140
88 1.25 1199828443.6995282173 1203510
89 1.25 725536465.91675698757 1203100
90 1.25 249107181.12364259362 1197487
91 1.25 548982909.01580035686 1199946
92 1.25 901434186.45112037659 1201882
93 1.25 448022628.57487601042 1213642
94 1.25 361837388.8313075304 1226283
95 1.25 754735855.48818421364 1200369
96 1.25 613002901.44470226765 1221569
97 1.25 1036282429.147949338 1235894
98 1.25 586680213.28131949902 1204869
99 1.25 446130997.01532804966 1196815
% Edges = 1.5
0 1.5 614137098.88998532295 1441377
1 1.5 617659607.66600596905 1414180
2 1.5 962311321.74890899658 1412257
3 1.5 522688717.34703481197 1420176
4 1.5 627263670.28895366192 1415825
5 1.5 635657866.56607294083 1414256
6 1.5 812834195.4747325182 1448361
7 1.5 430874020.48295605183 1414978
8 1.5 1553717411.5166289806 1406707
9 1.5 793893625.14749932289 1436114
10 1.5 996435648.82042956352 1441095
11 1.5 765594351.99454593658 1423275
12 1.5 611222737.61851596832 1424935
13 1.5 914325664.65210270882 1433956
14 1.5 427752160.66021430492 1465180
15 1.5 547772464.74097287655 1445079
16 1.5 916295782.98538088799 1432318
17 1.5 1196241983.4158201218 1425849
18 1.5 860240530.01396846771 1450398
19 1.5 1128473268.4988458157 1446248
20 1.5 333069525.84112942219 1425690
21 1.5 990075023.48710656166 1452809
22 1.5 684599470.81217169762 1430568
23 1.5 693023405.16313540936 1433269
24 1.5 682223311.71276307106 1451142
25 1.5 518779309.70759993792 1446778
26 1.5 373693731.17400056124 1432943
27 1.5 736137298.11363983154 1422125
28 1.5 483638340.96666824818 1436014
29 1.5 987238847.0153734684 1445728
30 1.5 299620041.73061716557 1451156
31 1.5 420665099.53357738256 1442477
32 1.5 674431576.3607853651 1419334
33 1.5 1179986111.0019085407 1431726
34 1.5 612104334.99434947968 1405389
35 1.5 590275491.91213178635 1411308
36 1.5 899228057.33650159836 1409654
37 1.5 638454378.99180746078 1433297
38 1.5 501563223.3794978261 1421128
39 1.5 312963421.16091555357 1431044
40 1.5 823428520.55820143223 1458432
41 1.5 213282324.25648623705 1438233
42 1.5 459634563.94580280781 1433797
43 1.5 332063848.31669712067 1440157
44 1.5 618784731.14955759048 1426821
45 1.5 454918637.54104691744 1413215
46 1.5 849883063.7018917799 1414470
47 1.5 440240172.47871786356 1413349
48 1.5 402982814.45975792408 1412591
49 1.5 725879660.4233237505 1425811
50 1.5 657519722.89806199074 1415416
51 1.5 1197463371.5616166592 1421749
52 1.5 526429470.91202193499 1411804
53 1.5 677948922.60804796219 1436034
54 1.5 623648791.87961935997 1459089
55 1.5 622581799.24057650566 1448255
56 1.5 739332154.30216693878 1436199
57 1.5 712430876.29783880711 1453383
58 1.5 616612940.23440253735 1446356
59 1.5 843796256.0183378458 1456530
60 1.5 788913891.88653886318 1432331
61 1.5 861483043.43006038666 1443868
62 1.5 290683720.10090488195 1439259
63 1.5 1324801370.8208093643 1430463
64 1.5 578321951.85791444778 1443219
65 1.5 270083776.8328949213 1454605
66 1.5 279693451.0776348114 1443750
67 1.5 991231218.63813519478 1459373
68 1.5 793404514.71246731281 1464904
69 1.5 681330001.07786679268 1462771
70 1.5 565041188.45993924141 1425203
71 1.5 752954988.62083125114 1434999
72 1.5 340417007.24270534515 1446229
73 1.5 372786834.08756107092 1462208
74 1.5 568345374.74178040028 1452218
75 1.5 590622249.66816949844 1452726
76 1.5 419262575.72241789103 1483702
77 1.5 1014666652.7517886162 1466378
78 1.5 113372799.63549377024 1463171
79 1.5 729675733.67840600014 1447202
80 1.5 605805135.27582383156 1478787
81 1.5 193054394.39764067531 1472621
82 1.5 647276845.17256975174 1452420
83 1.5 300310136.05459880829 1433736
84 1.5 603837044.44057226181 1462141
85 1.5 750434227.61812317371 1465376
86 1.5 186795086.99377581477 1458983
87 1.5 538350874.50362491608 1456444
88 1.5 431849264.59534883499 1472542
89 1.5 210301540.92596057057 1466843
90 1.5 857001089.43491721153 1425453
91 1.5 566051545.75366473198 1428636
92 1.5 676796447.24828255177 1447975
93 1.5 650435926.8864480257 1458107
94 1.5 534744912.31516504288 1446504
95 1.5 207915398.25424343348 1416963
96 1.5 677213489.42332983017 1413796
97 1.5 443643506.92219346762 1434116
98 1.5 721286542.59622311592 1428796
99 1.5 755614480.38413214684 1433578
% Edges = 1.75
0 1.75 839290534.96989798546 1714105
1 1.75 687349144.71961891651 1729530
2 1.75 434249485.41622585058 1714578
3 1.75 743090416.95417833328 1718047
4 1.75 691295877.70524036884 1714114
5 1.75 759640480.86440968513 1723505
6 1.75 900955682.11948752403 1717092
7 1.75 333687682.57750231028 1696615
8 1.75 977009271.13614594936 1713801
9 1.75 525433173.24224370718 1711858
10 1.75 524843230.28788357973 1701239
11 1.75 664049894.69340121746 1737858
12 1.75 552826739.61083161831 1704826
13 1.75 632037469.47167766094 1704426
14 1.75 1005845016.122379899 1713494
15 1.75 891404291.60534703732 1705340
16 1.75 917850138.80389630795 1728488
17 1.75 562352506.47915029526 1716169
18 1.75 738306335.0991435051 1743335
19 1.75 367526776.97235161066 1735116
20 1.75 818766531.22638452053 1725676
21 1.75 595710657.68918704987 1736107
22 1.75 831034477.17077302933 1721123
23 1.75 605478760.69882583618 1738531
24 1.75 560870835.12242782116 1725166
25 1.75 1110881899.06371665 1747028
26 1.75 683711699.54727268219 1739292
27 1.75 557694792.21383059025 1760073
28 1.75 1100543468.1805510521 1735581
29 1.75 736574714.90560817719 1762206
30 1.75 725686386.20214021206 1741241
31 1.75 100454443.33067139983 1755950
32 1.75 533904107.95921993256 1744297
33 1.75 519197169.84743338823 1739609
34 1.75 459795049.21734702587 1757482
35 1.75 778052497.23011505604 1712645
36 1.75 755000063.64697229862 1717111
37 1.75 521989588.77998912334 1701357
38 1.75 518175143.05172479153 1701148
39 1.75 279771118.81735414267 1701454
40 1.75 486631140.10720914602 1715779
41 1.75 276774819.01421189308 1713329
42 1.75 1025012350.7072600126 1710641
43 1.75 671660731.80165982246 1702015
44 1.75 837881942.29685926437 1735491
45 1.75 634766597.0907715559 1708783
46 1.75 502101450.88771808147 1721036
47 1.75 668891920.97953724861 1706707
48 1.75 333749483.25114822388 1721692
49 1.75 409029928.29307323694 1700495
50 1.75 653899505.48163199425 1721216
51 1.75 565215910.56412792206 1721389
52 1.75 424956824.19603955746 1721329
53 1.75 958915801.88281166553 1721117
54 1.75 566229817.40313315392 1729320
55 1.75 710066921.4075909853 1702496
56 1.75 523121991.72374564409 1720356
57 1.75 426881166.89832162857 1708872
58 1.75 257386630.99408623576 1705964
59 1.75 987110761.51118898392 1743301
60 1.75 83463343.253729149699 1719730
61 1.75 1406909244.6507258415 1714276
62 1.75 786925429.36602199078 1704344
63 1.75 499169020.01127696037 1713406
64 1.75 642804271.1102077961 1702766
65 1.75 892275709.61075675488 1724155
66 1.75 261898571.41176438332 1736525
67 1.75 815992898.96939861774 1711255
68 1.75 684017119.05269694328 1692644
69 1.75 1110989971.2591176033 1713744
70 1.75 529694186.82765752077 1691166
71 1.75 502551888.20585334301 1706251
72 1.75 747827540.34433174133 1695891
73 1.75 832629211.12119626999 1715488
74 1.75 334301206.72564268112 1711875
75 1.75 1340151959.8004949093 1703729
76 1.75 702919532.69803273678 1710341
77 1.75 745458959.22993016243 1704948
78 1.75 471337316.99659591913 1702561
79 1.75 637754231.90623760223 1704276
80 1.75 793774122.60543894768 1694444
81 1.75 947104911.48976492882 1724958
82 1.75 487498967.66951501369 1702724
83 1.75 176031029.68171906471 1719230
84 1.75 359279501.00423878431 1699137
85 1.75 525250608.66777443886 1718195
86 1.75 289390280.60111427307 1698580
87 1.75 782598002.29732716084 1715970
88 1.75 967158666.45193862915 1716065
89 1.75 623836509.07424032688 1747359
90 1.75 470228190.4443808794 1713980
91 1.75 551482575.79899477959 1739790
92 1.75 889386591.67679512501 1712878
93 1.75 441775749.68226128817 1734934
94 1.75 762476035.47568666935 1715747
95 1.75 871899799.72543418407 1743071
96 1.75 893264255.3321325779 1714794
97 1.75 869090468.18103170395 1723469
98 1.75 963443637.12801671028 1701990
99 1.75 708965972.67652392387 1715888
% Edges = 2
0 2 949163172.67311584949 1942681
1 2 670212063.49135935307 1930295
2 2 587370801.99984240532 1973265
3 2 1087530987.3113665581 1968032
4 2 630206535.88416337967 1946639
5 2 789274135.91503834724 1961369
6 2 404174675.84555006027 1947823
7 2 647581736.34524798393 1941897
8 2 686609168.88528633118 1931877
9 2 803619739.46050190926 1957295
10 2 645278258.79946053028 1961059
11 2 387531447.2873749733 1961173
12 2 775671020.16393876076 1950250
13 2 509477549.3151948452 1964077
14 2 480738036.52315175533 1965335
15 2 970765151.81837725639 1949710
16 2 644400922.00628232956 1958405
17 2 908532759.04962205887 1975728
18 2 858418984.15608751774 1973460
19 2 484926966.47019249201 1975839
20 2 600554261.28036916256 1948844
21 2 383604625.78307628632 1963257
22 2 504967679.05464750528 1968238
23 2 673657991.95303595066 1951859
24 2 234212752.0578635335 1965843
25 2 427646813.59020656347 1998242
26 2 509566228.6960631609 1962041
27 2 963648075.73604571819 1965600
28 2 680348746.10647010803 1992223
29 2 446932216.29599297047 1974923
30 2 762788288.98056697845 1983192
31 2 575028748.20056033134 2006697
32 2 760948337.12545502186 1984389
33 2 862821646.37817835808 1999640
34 2 550307191.29825031757 1971845
35 2 478677186.70578479767 2003354
36 2 799878819.93899166584 1975316
37 2 458339822.52668869495 1949329
38 2 593669313.58477282524 1980034
39 2 724143482.52210330963 1984504
40 2 669627543.93803834915 1977528
41 2 757901029.61842823029 1991191
42 2 909160759.12953913212 1966977
43 2 583475009.17671918869 1965989
44 2 857793759.24534797668 1957658
45 2 509664549.46482384205 1965259
46 2 655923339.48002779484 1972342
47 2 859771071.5356502533 2005649
48 2 611105083.66384124756 1990992
49 2 693033587.634298563 1971224
50 2 952383959.7066924572 1993447
51 2 626243747.92568492889 1999569
52 2 824374212.41733431816 2000489
53 2 753389377.52309918404 2011077
54 2 656535367.51657390594 1991556
55 2 659545399.0290979147 1979803
56 2 720023733.35000228882 1959466
57 2 580254964.34697568417 1963785
58 2 409569010.68207371235 1992053
59 2 1047978827.8627672195 1976870
60 2 598911114.42224514484 2002711
61 2 376104380.02969914675 1984356
62 2 714045238.1345397234 1987174
63 2 772648205.86685967445 1996168
64 2 429315152.27056491375 1993345
65 2 426663561.39765876532 2006080
66 2 485327324.08666938543 1986033
67 2 899950958.24856698513 1991717
68 2 407448052.42464786768 2000434
69 2 391167372.8636507988 1993194
70 2 560169187.5535326004 2007485
71 2 742036146.90951728821 2019773
72 2 712087613.00192666054 1997835
73 2 783132201.83138298988 1999305
74 2 304823742.4851193428 2005396
75 2 1010186072.0262540579 2006669
76 2 746363787.98246479034 1995166
77 2 692340931.39328944683 1944485
78 2 434057289.15273731947 1959698
79 2 691105376.95589923859 1992162
80 2 780940968.27901148796 1985306
81 2 829602216.85659408569 1992020
82 2 913380444.4932706356 1987172
83 2 606062158.93142712116 1934379
84 2 806729562.14259803295 1933273
85 2 558519624.36375665665 1948926
86 2 793583566.3668346405 1948547
87 2 568295863.94039177895 1941426
88 2 883204620.85756134987 1939399
89 2 868173547.00867724419 1936117
90 2 960066999.97200536728 1939561
91 2 1127084409.7817866802 1940709
92 2 472189307.55019748211 1944603
93 2 524241333.14458858967 1945291
94 2 1098495524.9783790112 1925147
95 2 152472992.95137581229 1952420
96 2 562079598.20408046246 1948463
97 2 1094948947.0133013725 1960206
98 2 666420596.06164324284 1935539
99 2 680608889.15635943413 1942546
% Edges = 2.25
0 2.25 672872448.28749001026 2158896
1 2.25 270788452.76551890373 2168540
2 2.25 409859559.54818826914 2158451
3 2.25 893627479.56343913078 2191579
4 2.25 624628545.42100119591 2188134
5 2.25 517612664.74351030588 2197697
6 2.25 821408685.97623562813 2204537
7 2.25 508262421.56124895811 2197546
8 2.25 592854566.77803862095 2163407
9 2.25 344593508.13414365053 2163098
10 2.25 692340755.88310074806 2168336
11 2.25 801868224.55191886425 2164400
12 2.25 553096424.27798545361 2188701
13 2.25 527828798.84843349457 2179304
14 2.25 1055463498.5470352173 2167006
15 2.25 675961537.22606110573 2184124
16 2.25 798578443.55244100094 2192932
17 2.25 710297214.34143221378 2205475
18 2.25 380508525.49921643734 2170081
19 2.25 1081263090.4937839508 2179820
20 2.25 566192401.60172271729 2185737
21 2.25 699925424.63168120384 2165086
22 2.25 724527039.18444657326 2172155
23 2.25 371812153.73427808285 2150127
24 2.25 712317160.5100607872 2165757
25 2.25 472570946.4006986618 2169472
26 2.25 461969266.4720313549 2178740
27 2.25 693982880.28819596767 2169466
28 2.25 498421080.46450269222 2168866
29 2.25 705028836.88494253159 2167043
30 2.25 546408777.46781146526 2172156
31 2.25 493763363.97844439745 2212312
32 2.25 454780914.7554833293 2201627
33 2.25 661866831.73336529732 2192464
34 2.25 271556675.27133715153 2207840
35 2.25 736040353.95809996128 2172845
36 2.25 368005287.50499010086 2165156
37 2.25 607216400.56139862537 2163235
38 2.25 217783239.48659998178 2164577
39 2.25 722012821.77673721313 2162411
40 2.25 724252691.69910931587 2165612
41 2.25 906832742.08192145824 2163809
42 2.25 776802720.18331038952 2153838
43 2.25 516938764.47683423758 2158024
44 2.25 328916945.17328512669 2164086
45 2.25 509906352.12313401699 2164286
46 2.25 953532139.60785222054 2173861
47 2.25 256041099.66728836298 2161199
48 2.25 898745779.47392773628 2198195
49 2.25 830843610.92162084579 2209362
50 2.25 547760704.14752686024 2192179
51 2.25 693629286.79596328735 2202504
52 2.25 747081683.97996222973 2198942
53 2.25 1065372490.4802737236 2185937
54 2.25 637575632.83695650101 2176971
55 2.25 673676287.55933666229 2183449
56 2.25 1330958314.4262769222 2173737
57 2.25 578879037.77320814133 2191194
58 2.25 661292476.11734426022 2237278
59 2.25 753352049.89180839062 2187043
60 2.25 493376172.12284576893 2238548
61 2.25 628259889.52851867676 2223673
62 2.25 458456905.03423935175 2216234
63 2.25 707330130.21846294403 2180149
64 2.25 556362568.53158330917 2194984
65 2.25 779915660.55249738693 2234799
66 2.25 338738518.71110504866 2176096
67 2.25 627630473.40949964523 2234894
68 2.25 566841592.6716902256 2199411
69 2.25 808323041.27007901669 2172727
70 2.25 848853524.81093668938 2158576
71 2.25 670997768.73522746563 2175753
72 2.25 478249113.43306583166 2219347
73 2.25 282975973.69705933332 2215400
74 2.25 681144577.38183629513 2197736
75 2.25 700724478.91468298435 2170385
76 2.25 411395591.01268076897 2178215
77 2.25 407993753.60975307226 2165050
78 2.25 643520205.91070878506 2165981
79 2.25 976792253.84852766991 2200538
80 2.25 604568070.50977313519 2183492
81 2.25 1025061563.374371767 2168666
82 2.25 644960912.35509741306 2183342
83 2.25 527050100.67237901688 2166222
84 2.25 813425717.82263875008 2165692
85 2.25 724554752.06015610695 2173055
86 2.25 755983622.98347508907 2164692
87 2.25 349677015.74693053961 2176034
88 2.25 854211581.4755269289 2167118
89 2.25 772401980.80795800686 2169005
90 2.25 568729975.13110613823 2186711
91 2.25 699412460.12739944458 2165040
92 2.25 426271009.14137560129 2162644
93 2.25 622583293.55788803101 2168378
94 2.25 544195823.95141267776 2168060
95 2.25 778412490.32819962502 2163446
96 2.25 735893198.56630945206 2194646
97 2.25 514612531.55957710743 2193895
98 2.25 610021492.32469689846 2189926
99 2.25 715858910.29095697403 2188555
% Edges = 2.5
0 2.5 674554946.06298732758 2403762
1 2.5 840874449.86276745796 2396127
2 2.5 632333258.51308774948 2398672
3 2.5 613103659.2286875248 2408733
4 2.5 567305062.63573718071 2401774
5 2.5 489812944.32394522429 2390469
6 2.5 499373739.95549631119 2397594
7 2.5 665860984.49524950981 2408397
8 2.5 752035867.72986280918 2384461
9 2.5 586931333.28249871731 2397081
10 2.5 378553285.59670323133 2395608
11 2.5 415183620.03945046663 2407558
12 2.5 738511893.42559182644 2444278
13 2.5 1021029962.9514834881 2425081
14 2.5 873901551.24358844757 2404533
15 2.5 660099815.06681787968 2390905
16 2.5 647578143.60477221012 2388436
17 2.5 711743496.24333250523 2397358
18 2.5 587838433.77719438076 2406655
19 2.5 886983031.71288824081 2431188
20 2.5 645985786.99128592014 2413591
21 2.5 664864549.23327982426 2395317
22 2.5 533541445.86691868305 2402385
23 2.5 593363449.22569394112 2385579
24 2.5 572575633.46685695648 2387669
25 2.5 880322694.91044735909 2399653
26 2.5 923661912.01609504223 2387889
27 2.5 596276634.34597587585 2384648
28 2.5 789306546.99608850479 2423329
29 2.5 1088498175.578458786 2419433
30 2.5 1054800896.9252216816 2424158
31 2.5 443350933.50719332695 2432741
32 2.5 675503398.56881916523 2453135
33 2.5 702918485.43217754364 2438514
34 2.5 549153118.00358939171 2398948
35 2.5 820553473.85348618031 2418348
36 2.5 1002012904.1603181362 2408544
37 2.5 739497122.84772288799 2396360
38 2.5 1046908386.7021043301 2428939
39 2.5 502407541.12462675571 2399964
40 2.5 1124915298.7671747208 2390505
41 2.5 799508533.48269975185 2399340
42 2.5 576232705.92011189461 2455979
43 2.5 677168382.67723441124 2433069
44 2.5 533184767.47976082563 2438590
45 2.5 473467901.15528595448 2428665
46 2.5 658920382.28854966164 2441670
47 2.5 567534595.21917068958 2395326
48 2.5 369059088.27640271187 2411990
49 2.5 756172175.90813052654 2399758
50 2.5 351418201.40875720978 2388230
51 2.5 552210053.59458708763 2399969
52 2.5 823530261.65616989136 2423855
53 2.5 442325105.0448898077 2408771
54 2.5 551502292.9913932085 2418338
55 2.5 275309398.42739635706 2398674
56 2.5 702325905.74251616001 2407799
57 2.5 424411172.42802375555 2409119
58 2.5 735007550.46937322617 2411965
59 2.5 637404682.99778485298 2412359
60 2.5 370301275.14098370075 2418035
61 2.5 1094803021.1616301537 2434033
62 2.5 911436883.80793023109 2423355
63 2.5 967220695.70695877075 2449078
64 2.5 686453106.3233692646 2409206
65 2.5 630238351.66835570335 2385470
66 2.5 470145076.76387447119 2387975
67 2.5 884549700.25826215744 2388814
68 2.5 592207945.00663650036 2384058
69 2.5 781507124.98126780987 2377164
70 2.5 807442723.94104409218 2397616
71 2.5 444366012.90927839279 2428119
72 2.5 641149180.10728609562 2418940
73 2.5 751308352.77128624916 2402286
74 2.5 935298367.1031409502 2386967
75 2.5 525554162.54295551777 2395467
76 2.5 473619080.96116501093 2409131
77 2.5 422814643.42136406898 2396480
78 2.5 707527150.15907216072 2399881
79 2.5 784472954.61658084393 2386574
80 2.5 541400405.2837754488 2383263
81 2.5 799949697.54370296001 2407824
82 2.5 720788475.7459269762 2397589
83 2.5 834574649.7514616251 2380408
84 2.5 647739516.86369466782 2378352
85 2.5 808060612.29400408268 2381459
86 2.5 1043643325.2708311081 2401350
87 2.5 435146678.71061354876 2405220
88 2.5 477601187.65067493916 2387479
89 2.5 527711856.62003791332 2388484
90 2.5 846144560.94342887402 2384433
91 2.5 509012053.14895218611 2389543
92 2.5 722309674.88078844547 2395224
93 2.5 313904375.14542114735 2391193
94 2.5 904561486.85352766514 2427648
95 2.5 656438726.51862680912 2405737
96 2.5 939970688.27787446976 2432714
97 2.5 793861367.13302302361 2435742
98 2.5 526380083.25484281778 2396693
99 2.5 727314865.08243918419 2391313
% Edges = 2.75
0 2.75 276272044.59032124281 2603440
1 2.75 725564919.820779562 2626895
2 2.75 520375544.55906581879 2614297
3 2.75 759487480.11572599411 2623532
4 2.75 567887889.93036007881 2620968
5 2.75 734720064.46160924435 2717856
6 2.75 629403395.65508019924 2689803
7 2.75 856108188.56003797054 2703777
8 2.75 427280583.65689617395 2707472
9 2.75 875298099.76066720486 2692935
10 2.75 458378989.59710788727 2722163
11 2.75 377781858.30811524391 2707004
12 2.75 687014156.11428844929 2680078
13 2.75 840870374.2115842104 2711651
14 2.75 659408125.63787698746 2698132
15 2.75 445610106.17530846596 2641132
16 2.75 639517078.98561620712 2658851
17 2.75 414004294.35675275326 2678060
18 2.75 805471142.6912856102 2708423
19 2.75 910081778.86883580685 2715280
20 2.75 495747290.97132116556 2641158
21 2.75 655676032.88058769703 2696630
22 2.75 687942391.40434813499 2698013
23 2.75 709034729.85150182247 2675771
24 2.75 603250996.43401741982 2649775
25 2.75 932207746.06094121933 2668544
26 2.75 479421442.12225961685 2637929
27 2.75 641909745.65186977386 2640585
28 2.75 730847728.50731897354 2646872
29 2.75 989486603.97192955017 2653620
30 2.75 505632008.77701169252 2684095
31 2.75 856719723.30124437809 2620790
32 2.75 720275264.21402013302 2640794
33 2.75 968215563.28150188923 2632966
34 2.75 806696653.8195155859 2629303
35 2.75 522292943.51978433132 2679843
36 2.75 587147835.97868645191 2683911
37 2.75 391518433.27324712276 2655450
38 2.75 472038535.00888413191 2669794
39 2.75 682422715.58050823212 2677322
40 2.75 313900812.35198158026 2658003
41 2.75 614889955.25621914864 2629997
42 2.75 759840055.3449857235 2606141
43 2.75 1226448328.5594873428 2610845
44 2.75 741639510.38179957867 2615200
45 2.75 635858631.23786997795 2649708
46 2.75 540961998.93661201 2629257
47 2.75 665154513.04329562187 2614790
48 2.75 871816920.39609217644 2633836
49 2.75 1168992325.3585524559 2665450
50 2.75 541828482.60972642899 2654276
51 2.75 531050456.09969085455 2676140
52 2.75 565910440.76791667938 2672791
53 2.75 583013806.76284909248 2656299
54 2.75 504063714.55281698704 2664494
55 2.75 809723845.11752748489 2632876
56 2.75 970079118.62507939339 2618802
57 2.75 590271795.95967543125 2603273
58 2.75 698925641.27425432205 2608584
59 2.75 836506629.14851081371 2624484
60 2.75 707769889.72539722919 2612022
61 2.75 655401820.81588959694 2608845
62 2.75 375404405.03722840548 2628798
63 2.75 779812057.94206547737 2650276
64 2.75 452061913.1477484107 2616578
65 2.75 1113739995.5241546631 2670439
66 2.75 1049461037.8459079266 2672008
67 2.75 971559513.80937433243 2666291
68 2.75 485160290.28891384602 2685421
69 2.75 734090065.00765371323 2662981
70 2.75 621718334.48448014259 2680224
71 2.75 602862272.32166993618 2623384
72 2.75 771810672.18915724754 2674494
73 2.75 769933292.11730766296 2662944
74 2.75 924097102.7078192234 2660636
75 2.75 581071596.27009272575 2677249
76 2.75 981414711.19072377682 2657919
77 2.75 661179878.87270092964 2629071
78 2.75 464879517.23901969194 2632823
79 2.75 828740571.99963784218 2627138
80 2.75 385794589.00042104721 2642001
81 2.75 867062689.37083315849 2636009
82 2.75 489727754.22286599874 2658883
83 2.75 217455638.53936222196 2664756
84 2.75 574947808.06450116634 2672683
85 2.75 768452167.02144360542 2649949
86 2.75 618849283.14757442474 2645908
87 2.75 635731600.45490098 2805532
88 2.75 478158982.97465980053 2726292
89 2.75 571848165.77968025208 2675507
90 2.75 436496834.68637365103 2697027
91 2.75 343857384.67606675625 2679561
92 2.75 613382086.94500005245 2655710
93 2.75 528666430.87329936028 2653837
94 2.75 600182017.65740740299 2620750
95 2.75 658242853.87329006195 2646336
96 2.75 514175011.86705118418 2630219
97 2.75 471058037.22593390942 2651907
98 2.75 753441633.46677649021 2601627
99 2.75 562217995.80759203434 2634729
% Edges = 3
0 3 547284629.92127835751 2866755
1 3 565101568.20097267628 2884632
2 3 595007538.95903623104 2845483
3 3 649559864.20430064201 2834479
4 3 753816447.61801886559 2846879
5 3 563373945.9847972393 2843692
6 3 602387646.75129449368 2837746
7 3 681031743.31051635742 2918071
8 3 753322186.33331871033 2865369
9 3 566510747.2918561697 2887350
10 3 568017928.7695196867 2852731
11 3 678736444.35701501369 2860277
12 3 716574488.80381894112 2903598
13 3 362128500.61276787519 2847391
14 3 782943799.4218865633 2831787
15 3 597150327.93930101395 2836878
16 3 594535996.89925265312 2836825
17 3 758809842.65734040737 2828430
18 3 410049783.19090998173 2827986
19 3 1150136683.7643520832 2877657
20 3 678122149.3271406889 2849853
21 3 553579988.41029572487 2881567
22 3 262477970.51070713997 2861018
23 3 663822036.65920698643 2851507
24 3 155579674.14245811105 2841388
25 3 423193045.27753424644 2857470
26 3 885815667.67417645454 2843084
27 3 518650099.38906013966 2852477
28 3 553061524.06364357471 2854300
29 3 700531970.99555277824 2910434
30 3 682755239.12345790863 2895834
31 3 843576073.82720851898 2889625
32 3 448761963.56718498468 2900593
33 3 681903376.33734226227 2888942
34 3 702316000.81480693817 2897563
35 3 641731821.09696257114 2896751
36 3 392832573.20957440138 2887942
37 3 943386707.19738268852 2865569
38 3 648081717.4245569706 2886754
39 3 579570465.66097998619 2904102
40 3 515852557.2689845562 2884215
41 3 732156623.76473104954 2860575
42 3 588637332.80885076523 2906245
43 3 737083931.34812378883 2890448
44 3 583008754.4230287075 2892916
45 3 640158584.65870535374 2872746
46 3 447560470.395219028 2906352
47 3 558740190.64208447933 2861651
48 3 645374310.89623606205 2895826
49 3 599789120.61473846436 2908822
50 3 920455537.52763950825 2897749
51 3 657324422.65273666382 2892851
52 3 930414376.78383338451 2870799
53 3 714754679.21408104897 2864230
54 3 470748239.43717825413 2837024
55 3 771820866.91495883465 2835461
56 3 569532280.62909197807 2854715
57 3 472861137.29819458723 2843127
58 3 927537575.30524170399 2848620
59 3 740478516.1262897253 2823030
60 3 555358681.08074510098 2841389
61 3 656667554.23058629036 2829890
62 3 788543942.55570721626 2835019
63 3 852678442.11435294151 2847083
64 3 575421612.45343029499 2838498
65 3 1322814086.8483479023 2826460
66 3 557104070.96321308613 2842897
67 3 804327642.30702185631 2832766
68 3 898674826.51478719711 2823869
69 3 697871453.17045509815 2838707
70 3 612705995.06917285919 2828213
71 3 1056045728.1274050474 2821445
72 3 600811514.96344733238 2814084
73 3 579268148.37311661243 2866948
74 3 594434401.52828752995 2862063
75 3 697057128.54828333855 2828124
76 3 1100523829.7817072868 2873597
77 3 691528246.83140659332 2876108
78 3 965260836.76222229004 2867805
79 3 481159117.51471966505 2882611
80 3 875496825.9405630827 2882213
81 3 554445115.10203194618 2886666
82 3 732323119.511677742 2881176
83 3 703702476.42836141586 2899972
84 3 1042227305.5737483501 2847546
85 3 637244800.086160779 2882566
86 3 707709760.02086138725 2889029
87 3 596360469.46944403648 2878412
88 3 958784906.58347868919 2875873
89 3 398421812.99335563183 2831516
90 3 778627406.16809678078 2823785
91 3 815457856.07870554924 2823877
92 3 682968792.08690810204 2833029
93 3 646325416.37196969986 2850403
94 3 1041641994.1842486858 2827272
95 3 695127590.33529305458 2865606
96 3 605085743.68111431599 2840783
97 3 785892631.80955386162 2859297
98 3 663799573.66637969017 2836342
99 3 728498809.35771989822 2839559
