% Edges = 3.5
0 3.5 2735852465.0382385254 1222993
1 3.5 2483237894.3888630867 1200857
2 3.5 2542127487.4468798637 1184059
3 3.5 2314316041.4762220383 1186449
4 3.5 2214481175.9902582169 1186468
5 3.5 2081667238.3320298195 1184942
6 3.5 2570453244.4685463905 1185192
7 3.5 2498120945.315694809 1184053
8 3.5 2528937378.4688186646 1210107
9 3.5 2567855586.2243862152 1199832
10 3.5 1912491866.0374157429 1214700
11 3.5 2278154777.0976905823 1195687
12 3.5 2538832826.4814047813 1232668
13 3.5 2407226940.1394400597 1203614
14 3.5 2661364716.2588706017 1232835
15 3.5 2751226297.9012389183 1224702
16 3.5 2110833959.5032942295 1207976
17 3.5 2115905266.0211856365 1231034
18 3.5 2405114477.6309866905 1198253
19 3.5 2496530708.077398777 1236663
20 3.5 2272744645.4058933258 1200055
21 3.5 2224034590.4113755226 1239626
22 3.5 2547320527.5757851601 1219236
23 3.5 2408017041.8118419647 1203895
24 3.5 1981459116.090082407 1219932
25 3.5 2791154703.6142992973 1197515
26 3.5 2707088537.4077529907 1229317
27 3.5 2788462691.6344342232 1202794
28 3.5 2597769880.5431876183 1232420
29 3.5 2336805857.6023983955 1221399
30 3.5 2018328486.0320022106 1215389
31 3.5 2676893844.6686282158 1236370
32 3.5 2161497361.9787955284 1201799
33 3.5 2552615585.0533871651 1244045
34 3.5 2108119569.6131279469 1196528
35 3.5 1552605043.3344399929 1243482
36 3.5 2659505112.5125250816 1224332
37 3.5 2200301136.356552124 1214299
38 3.5 2031634355.1215100288 1221946
39 3.5 2812501868.9139895439 1192516
40 3.5 2411432653.3557977676 1187599
41 3.5 2292276510.6604356766 1186278
42 3.5 2378354763.9639863968 1220088
43 3.5 2308873443.4221324921 1197428
44 3.5 2614641287.2340531349 1212870
45 3.5 2432847593.6932559013 1219092
46 3.5 2778960430.5171265602 1210884
47 3.5 2428667920.2378644943 1232117
48 3.5 2385843877.3583879471 1202249
49 3.5 2067736324.6871392727 1236875
50 3.5 2160352023.4683585167 1200599
51 3.5 2613998452.2373456955 1231010
52 3.5 2952632786.1261444092 1218918
53 3.5 2178595684.8786287308 1215291
54 3.5 2006398622.1322085857 1235856
55 3.5 2471303841.3959350586 1201519
56 3.5 1986696580.3186700344 1229042
57 3.5 2128055533.4512193203 1195946
58 3.5 2357865483.0921430588 1221195
59 3.5 2366170233.7115311623 1212204
60 3.5 2730509818.7669334412 1212264
61 3.5 2696091647.4904613495 1228973
62 3.5 3360317135.7842822075 1204135
63 3.5 2862539438.4270868301 1238116
64 3.5 2473855450.6462464333 1197638
65 3.5 2208135660.1256065369 1242212
66 3.5 1999556670.6221880913 1213338
67 3.5 2826795895.9830851555 1225648
68 3.5 2138937502.9996416569 1235914
69 3.5 3037461597.5982437134 1201071
70 3.5 2462975592.5555295944 1244022
71 3.5 2890657224.9765458107 1191726
72 3.5 2790187960.3552703857 1224212
73 3.5 1969001909.0800361633 1190107
74 3.5 2696253302.1548047066 1186034
75 3.5 2376743978.3483657837 1185305
76 3.5 2531558041.3553490639 1187069
77 3.5 2535683475.8418779373 1216163
78 3.5 2883887382.4690499306 1196498
79 3.5 2114409773.6451034546 1216844
80 3.5 2159279349.7089357376 1205940
81 3.5 2916777631.4732675552 1221681
82 3.5 1941221155.6527094841 1231285
83 3.5 2176198651.291241169 1204980
84 3.5 1802622317.0639472008 1235525
85 3.5 2914798295.8059830666 1201212
86 3.5 2463340916.5934677124 1231861
87 3.5 2887926500.2580752373 1226040
88 3.5 2723116167.0192141533 1209838
89 3.5 2197525441.5155949593 1239703
90 3.5 1749137008.5516886711 1196401
91 3.5 2206838709.2662110329 1229908
92 3.5 3059797983.4138813019 1211343
93 3.5 2103107623.533405304 1206401
94 3.5 2776452151.1631560326 1225643
95 3.5 2297610847.3938374519 1199463
96 3.5 2441142949.7942070961 1235571
97 3.5 2657811755.43826437 1210428
98 3.5 3039134311.0521140099 1228210
99 3.5 2496017697.4348540306 1235385
% Edges = 4
0 4 2722657367.4473562241 1404574
1 4 2509432670.960234642 1446124
2 4 2419870612.5296435356 1441917
3 4 2287869499.8879308701 1402192
4 4 2132645607.5881299973 1441810
5 4 1979876493.6433854103 1425154
6 4 2335862115.9978551865 1390869
7 4 2307292935.3421273232 1385220
8 4 2393251468.9738712311 1385534
9 4 2401865179.593082428 1388539
10 4 2835416045.6041703224 1418595
11 4 2254949767.3979926109 1413808
12 4 2821750173.8046526909 1399877
13 4 2211737388.5857520103 1431217
14 4 2642345202.9185266495 1433533
15 4 2639544954.7509641647 1405215
16 4 1987852676.4141681194 1436096
17 4 2003637410.3856408596 1429663
18 4 2525593068.8092298508 1402607
19 4 3039096252.0331311226 1439092
20 4 2389728139.6827368736 1438291
21 4 3079791044.1966648102 1400680
22 4 2747908060.464486599 1432271
23 4 2848586103.2138533592 1419137
24 4 1894189446.6389393806 1397825
25 4 2362649370.312063694 1431054
26 4 2494948880.9532985687 1428881
27 4 2262904055.6661400795 1405692
28 4 2341791913.3041601181 1441459
29 4 2058649828.0061280727 1433806
30 4 2105865676.3817017078 1407166
31 4 2471914822.4705991745 1445123
32 4 2038057048.9656476974 1434502
33 4 2320920129.9936418533 1401073
34 4 2322359897.0720891953 1446936
35 4 2317859280.5874738693 1419480
36 4 2534301991.5711321831 1395899
37 4 2008412976.7175030708 1387361
38 4 2427690962.1821322441 1402739
39 4 2671261385.0532546043 1405573
40 4 1778700133.5920810699 1416971
41 4 2980176033.6807541847 1414505
42 4 2037790288.1473264694 1416608
43 4 2381758885.1690325737 1439343
44 4 2557149851.5262727737 1417793
45 4 2719102993.8422851562 1418437
46 4 2794083741.718536377 1433211
47 4 2357375484.5728297234 1415238
48 4 2085917585.1591849327 1420900
49 4 3311770877.9080328941 1443479
50 4 2367522394.1545772552 1411209
51 4 2970169356.2807302475 1414159
52 4 2793534683.753015995 1421790
53 4 1723693974.9068973064 1409990
54 4 2107654705.5559194088 1417677
55 4 2428982857.3700881004 1435426
56 4 2428418825.9673838615 1410136
57 4 2718400350.5072584152 1430916
58 4 2797963315.7295131683 1441544
59 4 2459769774.3904671669 1408643
60 4 2380639642.6651492119 1434424
61 4 2721335416.2214336395 1444865
62 4 2286791892.5075130463 1402765
63 4 2616222588.9616708755 1437995
64 4 2714648139.6147861481 1427014
65 4 2749712984.6232190132 1390166
66 4 2550857097.3416757584 1386225
67 4 2483049190.1757974625 1385904
68 4 2304846502.904920578 1388364
69 4 2806299619.8100295067 1417792
70 4 2315980978.9817614555 1413165
71 4 2705851946.7413158417 1397567
72 4 2834030855.7027812004 1434119
73 4 1992438987.3651227951 1430838
74 4 2891914874.5510396957 1404882
75 4 2458780295.7599048615 1438359
76 4 2462561182.3534154892 1427593
77 4 2243962559.451338768 1402969
78 4 2278456773.9691510201 1438416
79 4 2451024758.6735982895 1435563
80 4 2120986538.4281795025 1403620
81 4 2333836089.6359753609 1430157
82 4 2418903771.8316402435 1417154
83 4 2547942789.2969498634 1400720
84 4 2448316000.2042479515 1429752
85 4 2573418484.6713190079 1426751
86 4 2056809931.802731514 1406733
87 4 2569510981.4428591728 1441129
88 4 2309479168.5893435478 1430907
89 4 2548918970.0973920822 1406239
90 4 2092748729.5463109016 1444938
91 4 3036914089.4282360077 1435159
92 4 2778023948.7647624016 1403436
93 4 2860824093.0606322289 1446306
94 4 3183412242.1296319962 1418074
95 4 2461792811.4691591263 1395912
96 4 2300044996.2369408607 1387041
97 4 1985977252.4584913254 1401833
98 4 2242540050.5472249985 1407074
99 4 2299762051.8012452126 1415725
% Edges = 4.5
0 4.5 2415733052.9280052185 1585736
1 4.5 2822651424.276137352 1578897
2 4.5 2285528175.924580574 1608447
3 4.5 2698539327.208946228 1601964
4 4.5 2187133854.8854904175 1588300
5 4.5 2428011156.2607836723 1581714
6 4.5 2147451238.815485239 1605724
7 4.5 1759286089.8859329224 1608673
8 4.5 2257852763.5781421661 1583556
9 4.5 2135159934.7176578045 1575424
10 4.5 2563965434.0648465157 1591455
11 4.5 2420539675.9219694138 1593028
12 4.5 2256919682.8374328613 1726921
13 4.5 1943341101.5419690609 2293139
14 4.5 2655968103.6020832062 2268153
15 4.5 2674790271.6838831902 2273230
16 4.5 2450933682.2664475441 2270190
17 4.5 2138693941.6124887466 2272597
18 4.5 2657809833.2161397934 2248849
19 4.5 2529169340.9779868126 2206310
20 4.5 2499885422.3951692581 2198671
21 4.5 2424445167.1910800934 2196118
22 4.5 2501799997.6575193405 2232017
23 4.5 1754842802.6934785843 2238245
24 4.5 2631606522.2095136642 2255310
25 4.5 2352709597.5586051941 2265940
26 4.5 2578816651.2313780785 2262003
27 4.5 2623257682.2456703186 2309488
28 4.5 2703189793.8295145035 2273170
29 4.5 2300057038.6565074921 2276518
30 4.5 2460014094.404999733 2256361
31 4.5 2225477487.2399520874 2266941
32 4.5 2750659909.2477049828 2439570
33 4.5 2472677413.8692688942 2537168
34 4.5 2738308424.2538533211 2525449
35 4.5 1892709479.9045386314 2627519
36 4.5 2723226617.9181022644 2575441
37 4.5 2787307854.2958192825 2358409
38 4.5 2216117430.3245582581 1970296
39 4.5 2341218651.2643904686 1824604
40 4.5 2479445911.0900244713 2073580
41 4.5 2309147368.958293438 2094902
42 4.5 2422763315.5507097244 2239249
43 4.5 2096402485.5052461624 2153155
44 4.5 2749625513.1240329742 2200311
45 4.5 2716674243.206799984 2101833
46 4.5 2211295304.61662817 1971112
47 4.5 2063272399.5672762394 1913224
48 4.5 2840376449.7189288139 1757480
49 4.5 2132492892.0273404121 1741973
50 4.5 2811391680.9472641945 1734717
51 4.5 2810257135.6115140915 1728133
52 4.5 1965255874.4942705631 1726962
53 4.5 2683748664.2731881142 1696837
54 4.5 3139190077.4284834862 1659955
55 4.5 2033607758.8898339272 1674560
56 4.5 2587047942.1768116951 1692777
57 4.5 2121898502.5383224487 1702207
58 4.5 2532299814.6840224266 1714824
59 4.5 2248243094.6722688675 1716258
60 4.5 2392741237.8299236298 1713618
61 4.5 2500231639.8422212601 1715523
62 4.5 2676491411.654923439 1718638
63 4.5 2350021641.8193159103 1710152
64 4.5 2280879610.2335238457 1698507
65 4.5 2738799626.5756940842 1703005
66 4.5 2617327340.2810840607 1709040
67 4.5 2682521309.9827718735 1716452
68 4.5 2928439323.2473087311 1719382
69 4.5 1937914366.971432209 1721850
70 4.5 2095304208.5159277916 1719814
71 4.5 2671211676.2939238548 1720065
72 4.5 2490598205.6454439163 1700467
73 4.5 2143420453.0867698193 1658310
74 4.5 2236853264.1617155075 1651871
75 4.5 2699146400.1933012009 1672688
76 4.5 2588537220.6200847626 1674274
77 4.5 2452814235.9994649887 1683470
78 4.5 2019983015.2504358292 1702499
79 4.5 2607247472.9227266312 1703734
80 4.5 2225898897.1786780357 1693306
81 4.5 2540155941.9426436424 1687648
82 4.5 2240715686.3083567619 1706229
83 4.5 2323678803.620672226 1707195
84 4.5 2390749465.9942913055 1703395
85 4.5 1847891630.6945359707 1681551
86 4.5 2385710914.3343877792 1691613
87 4.5 2391256563.6258745193 1691940
88 4.5 2839840899.459900856 1697950
89 4.5 2029157333.1155245304 1691757
90 4.5 2616063645.0563836098 1681740
91 4.5 2731921158.3826551437 1713387
92 4.5 2576590085.2769417763 1770519
93 4.5 2457425459.7260732651 1721847
94 4.5 2298628707.5979685783 1693471
95 4.5 2595135175.0297751427 1686010
96 4.5 2200775678.3693757057 1715917
97 4.5 2095080769.4958279133 1712525
98 4.5 2407661199.5144810677 1707212
99 4.5 2397081719.2832946777 1654502
% Edges = 5
0 5 2384286298.4849653244 1829861
1 5 2137434620.6862421036 1859091
2 5 2471947023.9715752602 1863283
3 5 2286318836.4597616196 1924391
4 5 2272200528.08015728 1913821
5 5 2362728404.5182213783 1880608
6 5 2621818186.2113633156 1873893
7 5 2340189356.4301786423 1862459
8 5 2068094034.1384720802 1900120
9 5 2467327445.8757300377 1935239
10 5 2318203664.6434140205 1873522
11 5 2400347025.5599398613 1865863
12 5 2755338845.401342392 1873127
13 5 2263954277.3961925507 1876161
14 5 2165170145.0241036415 1944084
15 5 2301734138.0047764778 1871805
16 5 2361579785.5615973473 1876590
17 5 2417981430.4119467735 1888049
18 5 2455280419.2815203667 1887370
19 5 2445411682.4389185905 1940234
20 5 2536988587.8727116585 1884699
21 5 2287221879.522257328 1826243
22 5 2798728551.0270571709 1822087
23 5 2657159476.9570536613 1826490
24 5 2521376178.7373633385 1871857
25 5 2079549593.5995228291 1898689
26 5 2686180200.974562645 1873294
27 5 2428218970.2871570587 1878732
28 5 2223120778.4486942291 1876087
29 5 3074079424.5370373726 1870017
30 5 2615067686.6160359383 1935798
31 5 2741496701.0682435036 1866709
32 5 2647227480.6231360435 1874449
33 5 2662906920.9778008461 1866812
34 5 2558985587.020670414 1860447
35 5 2353653321.4771046638 1918088
36 5 2668538673.8629660606 1894217
37 5 2185199566.8838338852 1869369
38 5 2437376888.3961834908 1860327
39 5 2329179704.5043911934 1863555
40 5 2547939974.3528079987 1913325
41 5 2657340895.0120134354 1924332
42 5 2055731403.6148681641 1879201
43 5 2370690930.0220456123 1858312
44 5 2331889841.5412640572 1819108
45 5 2370931767.1839761734 1814887
46 5 2901640046.2287755013 1875197
47 5 2407717420.5469617844 1836313
48 5 2507672286.586564064 1844364
49 5 2376658620.1768488884 1866059
50 5 1812373868.3686037064 1872022
51 5 2700581278.1114926338 1916632
52 5 2844280645.8712115288 1890698
53 5 2690665741.708067894 1860060
54 5 2337609095.726146698 1849919
55 5 2607588505.5658326149 1868241
56 5 2304629750.8616299629 1888879
57 5 2133621878.0467882156 1899606
58 5 2741884958.0101881027 1860128
59 5 2276087455.0339546204 1864237
60 5 2113479232.6804745197 1864446
61 5 2387639469.1813220978 1848972
62 5 2388831499.9143400192 1925396
63 5 2540426775.4227910042 1889016
64 5 1914199916.2730329037 1875482
65 5 2577647993.5692811012 1873901
66 5 2608173282.7522425652 1850911
67 5 2321378507.7553691864 1853967
68 5 2496613548.4320259094 1836915
69 5 2479802599.2790842056 1812012
70 5 2313804378.287293911 1807485
71 5 2595807375.6959209442 1840970
72 5 1862328072.190403223 1867962
73 5 2556148491.9744215012 1929264
74 5 2823353519.1878042221 1861901
75 5 2310294767.3456997871 1857620
76 5 1925106596.3962666988 1848024
77 5 2566057561.2016177177 1847854
78 5 2718909600.8032836914 1925436
79 5 2185503150.2213635445 1875546
80 5 2325241909.2008452415 1848806
81 5 2424613321.4647159576 1855683
82 5 2617854263.7959470749 1857374
83 5 2721628002.615752697 1892587
84 5 2740399935.39249897 1892225
85 5 2681966197.9982151985 1861607
86 5 2412785751.7209219933 1871786
87 5 2567142553.5209102631 1871673
88 5 2153664274.9998617172 1881594
89 5 2276731797.9352931976 1910716
90 5 1636650196.5400257111 1815593
91 5 2035268310.7098288536 1807198
92 5 2736186237.6994900703 1806709
93 5 2895804295.2923460007 1810746
94 5 2605099461.8989024162 1893405
95 5 2486400955.8795423508 1881643
96 5 2720448636.0846676826 1861634
97 5 2768989420.876188755 1857307
98 5 2209585760.2718605995 1850447
99 5 2189324730.117828846 1871000
% Edges = 5.5
0 5.5 3126897920.6338438988 2081384
1 5.5 2041605040.1159989834 2038565
2 5.5 1859872609.057974577 2026554
3 5.5 2034485628.8622117043 2022618
4 5.5 2623290251.082221508 2063802
5 5.5 2903527388.8443827629 2079048
6 5.5 2176556498.351120472 2040190
7 5.5 2517357750.4314508438 2042923
8 5.5 2369288860.877948761 2043727
9 5.5 2553089396.293592453 2087884
10 5.5 2016944373.0460181236 2071850
11 5.5 2882463769.4104351997 2021657
12 5.5 2260152279.9145469666 1986000
13 5.5 2243905348.498647213 1979635
14 5.5 1837833263.9272661209 2014854
15 5.5 2772861851.4616651535 2036078
16 5.5 2459972282.6088242531 2009446
17 5.5 2619806710.6458368301 2019899
18 5.5 2721714765.9667739868 2026847
19 5.5 2275891729.4869632721 2079502
20 5.5 2804279878.646053791 2047256
21 5.5 2083568599.445854187 2030681
22 5.5 2630013760.3310928345 2035611
23 5.5 2528876273.4318714142 2020809
24 5.5 2407288314.3998641968 2069350
25 5.5 2482015022.8954954147 2040854
26 5.5 2527121233.4079179764 2029773
27 5.5 2815941345.5132260323 2033645
28 5.5 2464044560.6501441002 2032431
29 5.5 2954024426.3881220818 2099758
30 5.5 2386136058.1740751266 2045696
31 5.5 2533482654.5006999969 2032248
32 5.5 2374374090.6349477768 2010513
33 5.5 2761441262.3611278534 1982792
34 5.5 2421288539.8106889725 2021917
35 5.5 2859407979.0699973106 1975948
36 5.5 1964608021.9969208241 1966970
37 5.5 2416677151.0239458084 1986519
38 5.5 2537701749.7321171761 2012820
39 5.5 1830706603.8038644791 2090278
40 5.5 1978229866.3431887627 2032673
41 5.5 2498603123.5696725845 2020163
42 5.5 2708597035.283493042 2022772
43 5.5 2682655400.0161752701 2028072
44 5.5 2274513040.4455738068 2084743
45 5.5 2278619050.4434113503 2012690
46 5.5 2479334803.2952356339 2012594
47 5.5 3146586417.48944664 2020501
48 5.5 2384148895.7736086845 2025055
49 5.5 2570495048.3750629425 2104808
50 5.5 2539889676.6994490623 2025969
51 5.5 2446631401.4788579941 2019257
52 5.5 2388167125.219461441 2007763
53 5.5 2259288430.8727993965 2038360
54 5.5 2979513920.1923556328 2058260
55 5.5 2130734969.3498930931 1962256
56 5.5 2495359332.7630405426 1963101
57 5.5 2690350572.6553688049 1961007
58 5.5 2349782930.4173989296 1960328
59 5.5 2895520457.9261922836 2073729
60 5.5 1835099389.3879776001 2015303
61 5.5 2038737896.0202205181 2014253
62 5.5 2529753639.2920274734 2009720
63 5.5 2135231888.1342089176 2024920
64 5.5 2864826696.7896099091 2063190
65 5.5 2316679140.4050741196 2009830
66 5.5 2725625868.6312170029 1997482
67 5.5 1980255577.2041342258 2001257
68 5.5 2209783070.4822049141 2029220
69 5.5 2405534221.5238466263 2066834
70 5.5 2811085001.3387699127 2015717
71 5.5 2109628621.6798784733 2018451
72 5.5 2538544416.8483529091 2018077
73 5.5 2651708695.120288372 2043263
74 5.5 2490663711.9009566307 2053842
75 5.5 2310579895.5332598686 1991490
76 5.5 2710796299.0057702065 1987424
77 5.5 2443231899.9935207367 1955988
78 5.5 2304921392.6151309013 1977385
79 5.5 2383268695.6568403244 1995873
80 5.5 2295004361.3822793961 1986699
81 5.5 2392250891.9794945717 2007526
82 5.5 2235492625.78977108 2004756
83 5.5 2123583883.6331105232 2031822
84 5.5 2510823390.7459988594 2049404
85 5.5 2470526850.3136696815 1995613
86 5.5 2800692367.3313231468 2001308
87 5.5 2288804513.9760360718 1991314
88 5.5 2122133944.356985569 2019063
89 5.5 2188598090.3399233818 2046729
90 5.5 2462989805.5328474045 2005802
91 5.5 2364786690.9170947075 2011020
92 5.5 2140433772.7868583202 2008177
93 5.5 2731109402.2866406441 2046299
94 5.5 2528172425.2172732353 2046761
95 5.5 2193372707.7901058197 1990160
96 5.5 2922328449.1000523567 1992962
97 5.5 2593617040.6955022812 1984643
98 5.5 2333321665.673705101 1975789
99 5.5 2728677338.8988013268 1985186
% Edges = 6
0 6 2346607613.9031105042 2114167
1 6 2428222570.816090107 2138508
2 6 1859340471.7459948063 2171104
3 6 2036631196.9432945251 2219784
4 6 2634704643.6677150726 2195901
5 6 2385616953.0552506447 2171282
6 6 2459991339.9520921707 2177501
7 6 2392422973.7605948448 2162207
8 6 2515398163.1230139732 2230987
9 6 2464784283.9262223244 2162025
10 6 2176113585.6774706841 2169222
11 6 2285450433.8889775276 2172267
12 6 2285949860.1110987663 2215887
13 6 2339231942.1933498383 2213524
14 6 2711517769.1370363235 2173155
15 6 2905669883.8963341713 2173919
16 6 2269835618.1885881424 2151723
17 6 2995122979.4584755898 2174179
18 6 2690094547.1859717369 2118682
19 6 2354805152.3743805885 2105337
20 6 2282685295.6868109703 2105430
21 6 2416232230.3898158073 2105005
22 6 2602880147.8763399124 2113534
23 6 2781798147.6224756241 2152621
24 6 2158148193.9668307304 2162757
25 6 1838614645.0379800797 2161836
26 6 2464279414.3238043785 2164988
27 6 2583771692.2179141045 2170775
28 6 2341696176.5740604401 2157718
29 6 2210727368.5901961327 2149381
30 6 2503101098.7785801888 2156867
31 6 2229542899.2410206795 2163535
32 6 2106450659.5591738224 2169863
33 6 3063005768.3515882492 2172979
34 6 2134008958.0690643787 2173875
35 6 2255824911.5523314476 2173139
36 6 2156899134.9828019142 2172062
37 6 2578129511.0040559769 2150688
38 6 2663865031.8140926361 2112228
39 6 2688960248.4018039703 2107206
40 6 2517876961.2415204048 2105418
41 6 2438491958.9261803627 2106316
42 6 2346467508.8779683113 2114797
43 6 2500640856.2265987396 2156577
44 6 2365762707.19607687 2163738
45 6 2389368357.8931980133 2160703
46 6 2388606132.2880196571 2165001
47 6 2811053434.3513727188 2169708
48 6 2557034461.4425268173 2157073
49 6 2522454540.5513119698 2148736
50 6 2406099850.6562461853 2157884
51 6 2507910579.7542657852 2164982
52 6 2156257933.7656536102 2169879
53 6 2266567297.1547498703 2172648
54 6 2130554847.6114530563 2173237
55 6 2651206847.4894213676 2173991
56 6 2368636206.9607105255 2171793
57 6 2562552401.618411541 2152208
58 6 2230752936.662563324 2111350
59 6 2339352298.3396711349 2105915
60 6 2480776557.2542219162 2106500
61 6 3000235198.5336675644 2105478
62 6 2260882448.8387031555 2116915
63 6 2557319904.707760334 2158712
64 6 2495165773.0120682716 2162285
65 6 2755376855.4347782135 2160667
66 6 2276760858.8956217766 2165005
67 6 2169761063.1197571754 2169897
68 6 2641735895.3951430321 2155684
69 6 2680340230.4847536087 2149871
70 6 2672125117.7243108749 2158121
71 6 2482540861.2026495934 2164873
72 6 2624146635.9354271889 2169260
73 6 2149492186.0027923584 2171686
74 6 2387597006.6734580994 2173720
75 6 2280898974.2315030098 2171720
76 6 2629838905.6170167923 2172022
77 6 1928228549.5715255737 2149765
78 6 2136098042.9483392239 2108908
79 6 2420508884.7787790298 2105686
80 6 2903146059.0219626427 2105770
81 6 2447459673.4998135567 2104499
82 6 2987687399.1167817116 2116659
83 6 2429063877.869995594 2160631
84 6 2545047143.2372975349 2162629
85 6 2545149443.2156338692 2160470
86 6 2415118940.7704463005 2164890
87 6 2567511202.1289234161 2168988
88 6 2115793913.2560949326 2154852
89 6 2419957929.6375246048 2156635
90 6 2101117190.7422485352 2158720
91 6 2349995192.5489902496 2165176
92 6 2478121396.7891292572 2169673
93 6 2497498523.6400504112 2171676
94 6 2659653378.9906697273 2172593
95 6 2345754868.5533308983 2172225
96 6 2416084086.7265410423 2171372
97 6 2206893613.9008545876 2150380
98 6 1871024119.6106038094 2110334
99 6 2346233146.3527364731 2106020
% Edges = 6.5
0 6.5 2571816556.8142266273 2274984
1 6.5 2719496305.5482974052 2273779
2 6.5 2100315761.8022847176 2286859
3 6.5 2385359324.8019728661 2343652
4 6.5 2495262684.4743261337 2337453
5 6.5 2207630436.6587662697 2346515
6 6.5 2512611949.9755172729 2347682
7 6.5 2740568033.3135666847 2334780
8 6.5 2295763679.5331192017 2320712
9 6.5 2681881800.1718797684 2328470
10 6.5 2072126814.209197998 2335407
11 6.5 2854435131.7659440041 2341352
12 6.5 2091161986.5121400356 2341464
13 6.5 2544167998.5952386856 2342066
14 6.5 2096727250.0048465729 2339660
15 6.5 2633963479.3639965057 2345246
16 6.5 2649242288.6468081474 2314632
17 6.5 2079435457.1061880589 2276266
18 6.5 2508770127.1624832153 2274557
19 6.5 2129700439.6072232723 2275039
20 6.5 2109728301.0558040142 2284062
21 6.5 2267722058.0728740692 2327537
22 6.5 2458066461.6506004333 2332321
23 6.5 2690675826.8778738976 2331702
24 6.5 2034160852.8325550556 2336980
25 6.5 2556220141.9819927216 2338878
26 6.5 2077920217.9445211887 2325215
27 6.5 1896435154.2117469311 2335347
28 6.5 2792652211.4957184792 2330467
29 6.5 2598953075.1608662605 2351675
30 6.5 2387264191.9324393272 2351736
31 6.5 2665521289.3276133537 2350054
32 6.5 2553266351.5331792831 2344767
33 6.5 2248294306.5717039108 2344038
34 6.5 2189262527.045027256 2321095
35 6.5 2006035095.1574165821 2278723
36 6.5 2342873874.2178177834 2275628
37 6.5 2767830045.900197506 2275049
38 6.5 2362793020.7928452492 2275598
39 6.5 1974092801.5510184765 2294725
40 6.5 2409383810.4259490967 2349150
41 6.5 2497507042.0484485626 2341295
42 6.5 2291946885.7262377739 2341763
43 6.5 2590382290.2801151276 2343863
44 6.5 2139534506.7976055145 2328662
45 6.5 2572959395.8848176003 2319839
46 6.5 2709382676.819434166 2328384
47 6.5 2587623477.8179035187 2335673
48 6.5 2414847769.8036828041 2340600
49 6.5 2676425031.1427021027 2341315
50 6.5 2286622111.0025753975 2343223
51 6.5 2474199388.676322937 2352020
52 6.5 2647288175.7767438889 2344854
53 6.5 2311590578.6204652786 2304734
54 6.5 2148194914.6440682411 2276588
55 6.5 2215006516.5982413292 2275192
56 6.5 2856000410.5758228302 2274174
57 6.5 2904727062.8447861671 2285733
58 6.5 2544986524.5645122528 2329438
59 6.5 2075159112.2508733273 2332939
60 6.5 2556182167.2430911064 2331463
61 6.5 2309573345.8278546333 2335125
62 6.5 2912863816.5891728401 2348627
63 6.5 2176838632.8866052628 2329639
64 6.5 2499205030.6311869621 2331708
65 6.5 2740956654.5076746941 2338883
66 6.5 2791137681.677936554 2345280
67 6.5 2638733587.051800251 2346972
68 6.5 2337123142.7519598007 2345768
69 6.5 2460868682.6276526451 2342684
70 6.5 2251995946.4333190918 2342967
71 6.5 2501038439.2034263611 2319343
72 6.5 2541871305.6526017189 2278904
73 6.5 2325913727.1079668999 2274298
74 6.5 2133457025.311763525 2277291
75 6.5 2465603419.7412319183 2301673
76 6.5 2655950719.8915681839 2347235
77 6.5 2218934032.153318882 2337469
78 6.5 2929463465.2198271751 2339492
79 6.5 2823018459.5507545471 2342064
80 6.5 2638611648.7421712875 2326277
81 6.5 2796830171.8511967659 2319472
82 6.5 2574398828.4479446411 2327164
83 6.5 2574742727.8430666924 2337643
84 6.5 2324585367.2637147903 2340609
85 6.5 2497911344.2385149002 2341876
86 6.5 2270598441.1485824585 2346432
87 6.5 2492821813.4095745087 2345712
88 6.5 2493320961.4587731361 2350744
89 6.5 2520731328.5687007904 2296782
90 6.5 3072680386.8947906494 2275958
91 6.5 2766870802.8776631355 2275396
92 6.5 2461251708.9349107742 2274946
93 6.5 2496318146.1853294373 2285096
94 6.5 2438588970.6004037857 2329923
95 6.5 2328356713.0686531067 2331748
96 6.5 2369209193.0995721817 2329982
97 6.5 2471015827.4577140808 2336731
98 6.5 2378213037.267305851 2345309
99 6.5 2570089511.7945041656 2330396
% Edges = 7
0 7 2524601012.7446017265 2508342
1 7 2376586411.8726248741 2511247
2 7 2340961484.3050026894 2515057
3 7 2420588139.7426795959 2514733
4 7 2091018920.767480135 2513086
5 7 2660540656.9024653435 2523509
6 7 2708089056.3462910652 2529933
7 7 2508714211.6141171455 2457669
8 7 1825011914.8191738129 2446544
9 7 3098928465.0741019249 2445129
10 7 2445725378.6758890152 2443759
11 7 2327441454.0325241089 2479678
12 7 2243257433.2186164856 2521668
13 7 2246233898.2911052704 2509191
14 7 2610882466.5784082413 2508173
15 7 2687205287.8811297417 2510880
16 7 2650602565.9142422676 2495686
17 7 2210398539.9772925377 2506398
18 7 2366399431.124288559 2518277
19 7 2313390289.1878900528 2519365
20 7 2205409677.0592832565 2515211
21 7 2485428457.549144268 2513304
22 7 2150723951.3541946411 2511352
23 7 2218883848.3573012352 2518072
24 7 2374870775.0259437561 2480456
25 7 2519677541.3727674484 2446341
26 7 2262822628.8496856689 2445418
27 7 2183912684.7109503746 2443912
28 7 2604858935.7534413338 2456461
29 7 2568246763.6663627625 2516667
30 7 2129971592.6417319775 2521888
31 7 2593298968.8454055786 2512699
32 7 2784916581.5558028221 2514035
33 7 2413973368.2190151215 2496778
34 7 2484140663.2792420387 2492150
35 7 3010231419.2064781189 2513722
36 7 2383190207.3628864288 2527919
37 7 2212013516.7052254677 2525508
38 7 2240650131.4138326645 2517054
39 7 1976795996.481487751 2514099
40 7 2236406877.7329082489 2512203
41 7 2719039037.476577282 2489789
42 7 2374395266.6687970161 2447376
43 7 2093078442.4921131134 2445969
44 7 2284533154.1621098518 2444646
45 7 2388447980.2690515518 2455893
46 7 2094456406.5104870796 2502202
47 7 2347079716.8634176254 2512435
48 7 2186368013.5558862686 2526913
49 7 2770877508.2070608139 2521754
50 7 2684920449.802075386 2501536
51 7 2572788406.3921890259 2491856
52 7 1937475884.2365849018 2499537
53 7 2475269713.8763723373 2521811
54 7 2902941716.5025496483 2531611
55 7 2496547615.1888370514 2528785
56 7 2286269763.2752833366 2515438
57 7 2353575194.3441495895 2513710
58 7 2650916503.8232345581 2488900
59 7 2354152580.8966012001 2447099
60 7 2244917849.0762314796 2444553
61 7 2579578452.1593794823 2452780
62 7 2513632537.8122439384 2495469
63 7 2255744312.1903100014 2506606
64 7 2585797055.1115255356 2503039
65 7 2528619638.3639888763 2506967
66 7 2231874799.284049511 2510326
67 7 2126036029.5847933292 2507482
68 7 1874986829.0099725723 2498269
69 7 2167698675.2272210121 2516316
70 7 2547530687.7218933105 2516429
71 7 2341545250.5952548981 2514718
72 7 2148466638.3889942169 2514176
73 7 2312135290.8777556419 2511975
74 7 1982826614.2568004131 2512798
75 7 2342810199.9113593102 2487674
76 7 2551142930.7200479507 2445292
77 7 2902491537.153512001 2444337
78 7 2157638466.4068136215 2443487
79 7 2199653177.3591275215 2443987
80 7 2604572347.0655212402 2455824
81 7 2159361290.9717464447 2512638
82 7 2564955961.9753351212 2518975
83 7 2291461120.0384464264 2517999
84 7 2721529270.8726973534 2514942
85 7 2332986631.7649030685 2497011
86 7 2692547997.070453167 2492183
87 7 2159574016.6815676689 2505347
88 7 2294367480.9479475021 2519988
89 7 1928698913.7138514519 2533983
90 7 2546143751.7853102684 2520202
91 7 2200017006.8781032562 2514646
92 7 2138871159.206184864 2512364
93 7 2396918102.9304738045 2488429
94 7 2321245179.8090214729 2445216
95 7 2505839220.1838092804 2443996
96 7 2236661799.0011649132 2451787
97 7 2085358051.6662101746 2497006
98 7 2442561026.0157599449 2505417
99 7 2664376497.9024162292 2501472
% Edges = 7.5
0 7.5 2339849209.700196743 2678972
1 7.5 2365327072.1927108765 2712597
2 7.5 1943215368.7062454224 2677016
3 7.5 2151333426.5094566345 2673729
4 7.5 2071265274.908714056 2678345
5 7.5 2171729606.8961982727 2682509
6 7.5 2131108829.3171050549 2708984
7 7.5 2605851535.9598779678 2721025
8 7.5 2048681708.4400975704 2744401
9 7.5 2230497403.5101265907 2664116
10 7.5 2633468860.1340007782 2618087
11 7.5 2330207338.4766249657 2615658
12 7.5 2521075976.9962267876 2615000
13 7.5 2524231620.8658800125 2625501
14 7.5 2865476332.7817368507 2684292
15 7.5 2375095435.8057012558 2699970
16 7.5 2294780088.9068436623 2685473
17 7.5 2022228600.1410210133 2683426
18 7.5 2532760443.6365742683 2681275
19 7.5 1984904707.4095811844 2682521
20 7.5 2776064316.9861831665 2688333
21 7.5 2321651741.5695552826 2684351
22 7.5 2699706808.8412652016 2692306
23 7.5 2640938956.3736515045 2716161
24 7.5 2528089330.5197882652 2697382
25 7.5 2198157503.0314879417 2661740
26 7.5 2485818706.5648608208 2618082
27 7.5 2101274405.7072803974 2615808
28 7.5 2166823337.5455465317 2626533
29 7.5 2265702678.4199552536 2670415
30 7.5 2539262498.2223749161 2683773
31 7.5 2441258078.788538456 2702866
32 7.5 1715948374.6714086533 2694104
33 7.5 2501754444.910130024 2671752
34 7.5 2335116136.2909021378 2667641
35 7.5 2659138425.1470866203 2695581
36 7.5 2452744411.5130586624 2698448
37 7.5 2038606247.3776092529 2688743
38 7.5 2424011742.5911817551 2684177
39 7.5 2426974035.9048748016 2716798
40 7.5 2525697690.2292804718 2684228
41 7.5 2292377400.4969863892 2622656
42 7.5 2443888105.0421271324 2615590
43 7.5 2510201157.5834059715 2615594
44 7.5 2563839254.6612882614 2624927
45 7.5 2541117833.1694703102 2736280
46 7.5 2127731681.7911484241 2679315
47 7.5 2655046805.1771469116 2689141
48 7.5 2320194781.2569994926 2737990
49 7.5 2898015050.0959730148 2701498
50 7.5 2272528503.154458046 2663109
51 7.5 2336034512.1178941727 2689651
52 7.5 2511826323.6364922523 2761099
53 7.5 2129586861.7575976849 2692655
54 7.5 2684814723.5288619995 2676071
55 7.5 2632375258.0155191422 2711736
56 7.5 2457117012.6557383537 2737468
57 7.5 2530434799.2738699913 2610325
58 7.5 2370009829.5736131668 2604137
59 7.5 2537378339.748260498 2617871
60 7.5 2628029871.1167211533 2650443
61 7.5 2250555550.4577622414 2650113
62 7.5 2148145167.0228171349 2668220
63 7.5 2318679425.6459813118 2732854
64 7.5 2220049005.3199954033 2712017
65 7.5 2563044310.3369750977 2652526
66 7.5 2253709568.1711673737 2647743
67 7.5 2256851352.6720533371 2750346
68 7.5 2492540001.1457557678 2688888
69 7.5 2162959732.0045509338 2668965
70 7.5 2338893652.4821286201 2664050
71 7.5 2381099419.2252278328 2763057
72 7.5 2634751309.108944416 2662023
73 7.5 2726666609.861638546 2600064
74 7.5 2342830025.5511908531 2592725
75 7.5 2882479091.6170167923 2589607
76 7.5 2407147990.2352261543 2590470
77 7.5 2225883663.22824049 2624261
78 7.5 2540324638.510052681 2688034
79 7.5 2606600387.7690854073 2702173
80 7.5 2185916887.3694224358 2676439
81 7.5 3024960682.9242210388 2644032
82 7.5 2564662181.257604599 2692035
83 7.5 2340030602.3752317429 2672975
84 7.5 2006093592.2341980934 2676429
85 7.5 2249369358.1840686798 2662359
86 7.5 2232518937.9058532715 2731301
87 7.5 2218812223.6558532715 2660435
88 7.5 2223445811.2112212181 2668542
89 7.5 2639503531.7707448006 2599431
90 7.5 2483280953.8013830185 2631378
91 7.5 2186512148.169863224 2577839
92 7.5 2404689346.3190121651 2578514
93 7.5 2408783373.2212743759 2632665
94 7.5 2363276147.3042182922 2673681
95 7.5 2837880099.4250764847 2638165
96 7.5 2900496840.2896828651 2663356
97 7.5 2265078400.803293705 2701508
98 7.5 2785346371.6762843132 2645611
99 7.5 2107183850.7431240082 2626888
% Edges = 8
0 8 2287142567.9411463737 2899827
1 8 2446196625.9667973518 2981270
2 8 2263003311.5930757523 2888310
3 8 2401843263.7653565407 2926645
4 8 2013209787.2840743065 2931232
5 8 2620818625.6652188301 2845549
6 8 2368266476.4530067444 2815196
7 8 2154713903.4867854118 2814422
8 8 2779773606.8731474876 2869306
9 8 2164775828.8000068665 2859207
10 8 2909358828.0922408104 2873741
11 8 2245836554.0437092781 2935381
12 8 2614657330.7039670944 2933284
13 8 2444013521.1869673729 2858976
14 8 2498441190.8821315765 2881934
15 8 2412841144.2485051155 2971044
16 8 2421680016.7461366653 2881382
17 8 2586710387.7145671844 2892137
18 8 2561324375.2160139084 2975150
19 8 2697765850.8667197227 2866196
20 8 2327625064.0114955902 2803989
21 8 2323017231.1531772614 2801240
22 8 2683749525.7370061874 2856185
23 8 2454468140.2829470634 2798990
24 8 2557940842.8457174301 2837850
25 8 2671269253.9812197685 2918530
26 8 1771078335.5141015053 2917850
27 8 2703931021.5283975601 2860162
28 8 2410475526.7784466743 2852500
29 8 2682211490.4452066422 2945031
30 8 2628513437.3065547943 2871599
31 8 2248204264.6199035645 2870401
32 8 2120050931.7070710659 2967088
33 8 2421310165.0978927612 2882517
34 8 2521980456.6293745041 2834757
35 8 2367325051.8335385323 2798108
36 8 2233555224.6100196838 2839741
37 8 2088375067.9961705208 2786590
38 8 2464127286.2981886864 2786313
39 8 2572171578.7484064102 2871511
40 8 2568929415.3482632637 2872400
41 8 2485241293.4390845299 2885356
42 8 2779046980.590098381 2843668
43 8 2548709211.3833165169 2910586
44 8 2811265263.5972089767 2862015
45 8 2089565816.2481689453 2854012
46 8 2828607541.803082943 2929409
47 8 2347507946.619040966 2899395
48 8 2526018967.7998609543 2851335
49 8 2390548209.0484347343 2827625
50 8 2327486347.4393219948 2830471
51 8 2178867517.597140789 2773330
52 8 2501263393.9643874168 2773375
53 8 2552982024.3362646103 2826526
54 8 2417404415.9841356277 2805662
55 8 2260476109.4195055962 2839180
56 8 2641889529.6119384766 2864761
57 8 2537030944.4188270569 2894360
58 8 2622149210.8128643036 2831027
59 8 2137392288.2130467892 2847788
60 8 2243344708.3254299164 2898744
61 8 2316687266.3580069542 2877060
62 8 2187989137.3396396637 2870639
63 8 2960318020.053384304 2839686
64 8 2536966094.4127578735 2877067
65 8 2029027579.3381276131 2765262
66 8 2290944842.6520872116 2762749
67 8 2505933737.0124959946 2807033
68 8 2623781623.0172100067 2790830
69 8 1950860587.2776215076 2761444
70 8 1945391610.8447623253 2823955
71 8 2730758112.1301131248 2929078
72 8 2223358630.3582239151 2817223
73 8 2286463013.5839891434 2819889
74 8 2143482949.9242227077 2885145
75 8 2052317256.8138639927 2872909
76 8 2091668845.3221623898 2829876
77 8 2383946360.544895649 2864394
78 8 2237540281.2353358269 2914870
79 8 2628893847.5965528488 2802473
80 8 2692411559.0415225029 2759235
81 8 2583411906.49492836 2790172
82 8 2306818912.07376194 2794207
83 8 2784884825.4002780914 2754616
84 8 2362527158.6898498535 2750995
85 8 2528318212.4796514511 2872539
86 8 2650821703.9575986862 2853124
87 8 2406956137.4944491386 2815029
88 8 2388103182.0242013931 2809777
89 8 2546747371.728869915 2879618
90 8 2329622878.9641184807 2833534
91 8 2501210892.5572795868 2818307
92 8 2649411892.3264393806 2900937
93 8 2689067846.3661761284 2860067
94 8 2405024622.725584507 2791881
95 8 2578319552.6466054916 2753315
96 8 2358128391.8531823158 2794568
97 8 2592809259.4760637283 2739670
98 8 2309910862.8339085579 2738709
99 8 2692201238.6770682335 2789772
% Edges = 8.5
0 8.5 2337704228.585167408 2950045
1 8.5 2367274384.0943417549 2989215
2 8.5 2657658089.2268028259 2971950
3 8.5 2645555132.040169239 3024066
4 8.5 2305116883.8214716911 2981841
5 8.5 2607482203.9111590385 2975247
6 8.5 2608602573.2617354393 3060765
7 8.5 2109691240.1465191841 3003564
8 8.5 2186165212.4514946938 2963225
9 8.5 2315096217.8162264824 2982170
10 8.5 2491151886.1234259605 2920939
11 8.5 2528039751.9988684654 2889954
12 8.5 2658757664.5156521797 2889219
13 8.5 2412141143.7588534355 2949192
14 8.5 2023327689.4699628353 2893760
15 8.5 2415646014.2528176308 2944984
16 8.5 2387703738.73701334 3025833
17 8.5 2727351800.0795140266 2975340
18 8.5 2294703744.7867894173 2940012
19 8.5 2308288229.0369510651 2974234
20 8.5 2309362841.4853372574 2970688
21 8.5 2313837129.8399238586 2952275
22 8.5 2387150694.3375940323 2991234
23 8.5 2313831914.2333683968 3012832
24 8.5 2569653352.2663736343 2881410
25 8.5 2561391528.1138978004 2877366
26 8.5 2339444692.5265350342 2916735
27 8.5 2382060608.0934743881 2903881
28 8.5 2429732331.9090862274 2871505
29 8.5 2502501329.3886728287 2884991
30 8.5 2296318988.2946414948 3032612
31 8.5 2303469040.3952050209 2926118
32 8.5 2503090096.7965888977 2938420
33 8.5 2242108138.3437690735 3017891
34 8.5 2786733546.7469205856 2955607
35 8.5 2347033899.2750864029 2979731
36 8.5 2299884644.1212415695 2987825
37 8.5 2274917493.51674366 2992899
38 8.5 2091895935.2273824215 2897713
39 8.5 2672446167.515724659 2867511
40 8.5 2330217404.4569587708 2938011
41 8.5 2288550598.5494294167 2862709
42 8.5 2395507121.6350235939 2864300
43 8.5 2513019081.6164441109 2900553
44 8.5 2629826961.3011646271 2936629
45 8.5 2737835451.5897202492 2929533
46 8.5 1919006690.9557678699 2928203
47 8.5 2273016139.5127940178 2982662
48 8.5 2472142360.3248620033 2945205
49 8.5 2436386714.3503513336 2951350
50 8.5 2592824512.4642910957 2982753
51 8.5 2540048818.3698792458 2990214
52 8.5 2615359974.5742173195 2908199
53 8.5 2240580260.2480154037 2860466
54 8.5 2436620312.0506615639 2899499
55 8.5 2504636343.368639946 2848680
56 8.5 2745735670.7479705811 2845055
57 8.5 2681562813.6447477341 2904600
58 8.5 2713655559.634560585 2858486
59 8.5 2164314654.3272008896 2908272
60 8.5 2328417643.1252331734 2919827
61 8.5 2875409256.314453125 2954189
62 8.5 2047463286.7918281555 2917891
63 8.5 2461436294.3914794922 2914685
64 8.5 2404681623.6040835381 3003473
65 8.5 2806088982.2412247658 2945068
66 8.5 2524666222.3112030029 2904632
67 8.5 2305158297.0359010696 2920803
68 8.5 1933641241.1389033794 2868325
69 8.5 2345924672.4271192551 2830282
70 8.5 2363876896.132124424 2828302
71 8.5 2544955219.8672699928 2902135
72 8.5 2391311664.1975774765 2825363
73 8.5 2540572432.5462942123 2823156
74 8.5 2248097323.6100831032 2873944
75 8.5 2731365437.6583805084 2944527
76 8.5 2441517992.4590263367 2882292
77 8.5 2233004047.3712873459 2880827
78 8.5 2317364561.281144619 2984661
79 8.5 2204646854.4453487396 2909140
80 8.5 2595614776.8980512619 2889008
81 8.5 2335046981.0943393707 2976477
82 8.5 2258825633.7454895973 2907099
83 8.5 2121006041.4593102932 2817151
84 8.5 2232657603.0896067619 2814848
85 8.5 2371423809.9971914291 2868940
86 8.5 2385443073.7534203529 2810390
87 8.5 3083320669.2223148346 2807047
88 8.5 2328349940.5153903961 2852779
89 8.5 2553842568.983795166 2850030
90 8.5 2620552754.702290535 2877080
91 8.5 2428655537.7817182541 2851916
92 8.5 2614591401.60978508 2951715
93 8.5 2541157441.2397785187 2889705
94 8.5 2179672172.2516813278 2872679
95 8.5 2568914314.6385617256 2953893
96 8.5 2589467678.6359176636 2920658
97 8.5 2701758874.4758214951 2847334
98 8.5 2273829252.8788414001 2799381
99 8.5 2630797507.2244524956 2854575
% Edges = 9
0 9 2177268668.5278282166 2949753
1 9 2092426067.4997084141 2950062
2 9 2494862971.1537742615 3010617
3 9 2890487826.4974308014 2960424
4 9 2717117390.6241035461 2954090
5 9 2522043463.953681469 3053914
6 9 2182787308.6293158531 3044005
7 9 2296308904.8962407112 3035272
8 9 2292877009.3155465126 3015981
9 9 2676066491.9497246742 3122468
10 9 1941362912.8457648754 3018709
11 9 2762707208.9036579132 3025146
12 9 2073961422.7555258274 3022764
13 9 2350713288.8443126678 2943615
14 9 2532838952.5763840675 2934156
15 9 2615310106.6561002731 2970488
16 9 2156554908.6943073273 2970843
17 9 2639794825.9811229706 2931390
18 9 2480741643.9268932343 2939216
19 9 2166227666.5586738586 3048689
20 9 2753332905.1905498505 2989365
21 9 2641505522.949198246 3009598
22 9 2807601822.9070839882 3067610
23 9 2888124376.5816082954 3049231
24 9 2148849233.3189411163 3005326
25 9 2430860216.0326504707 3036181
26 9 2242320050.154209137 2996476
27 9 2669707749.2860846519 2918486
28 9 2054307489.478579998 2919404
29 9 2372185066.5616788864 2979554
30 9 2619855506.7979288101 2914219
31 9 2680167975.1567597389 2911553
32 9 2105201226.7464270592 2961944
33 9 2176871742.4328637123 2966104
34 9 2637999546.0484342575 2960993
35 9 2367027721.7151327133 2991319
36 9 2177189837.0891575813 3058966
37 9 2309724509.4567570686 2976637
38 9 2221601944.9635534286 3017756
39 9 2671077197.1922430992 3065740
40 9 2652900588.1503739357 2946610
41 9 1911223493.0478312969 2903580
42 9 2601425666.7057790756 2945871
43 9 2789712568.5223565102 2924093
44 9 2325495303.7708396912 2893308
45 9 2425030614.6903886795 2896323
46 9 2561873596.5608415604 2951396
47 9 2666447884.2520942688 2892010
48 9 2612389337.5159578323 2948560
49 9 2129305656.1255078316 3018998
50 9 2608742160.2240481377 2981575
51 9 2255773791.7743434906 2987927
52 9 2618821845.1954307556 2999118
53 9 2282644445.011952877 3040123
54 9 2629011199.9505882263 2948143
55 9 2761932656.7534255981 2885718
56 9 2332296398.9050445557 2949954
57 9 2571314244.8940682411 2881251
58 9 2203884731.7948713303 2879343
59 9 2021836926.224136591 2921947
60 9 2253620930.2015800476 2902996
61 9 2518321978.7335977554 2873920
62 9 2109858591.745033741 2879196
63 9 2290555877.9566965103 2987531
64 9 2315113182.0307021141 2928340
65 9 2717087224.1812119484 2976498
66 9 2490735760.8515095711 3016627
67 9 2519164518.53195858 2992992
68 9 2544606317.5044407845 2961609
69 9 2583579237.6610331535 2918116
70 9 2242449558.2415966988 2868661
71 9 2590201345.4877519608 2867771
72 9 2282635970.0580539703 2867268
73 9 2335134555.6153106689 2941707
74 9 2454108703.4135241508 2867605
75 9 2627807910.9912147522 2863205
76 9 2174010714.6824059486 2897066
77 9 2615137364.0224795341 2946112
78 9 2207696880.6306524277 2926524
79 9 2537401440.9130983353 2925375
80 9 2287096098.9599585533 3035750
81 9 2381232116.1220798492 2938812
82 9 2492701197.1112742424 2935186
83 9 2087919258.0975921154 3006005
84 9 2339176959.461414814 2884415
85 9 2375609627.472799778 2854578
86 9 2665455169.9168214798 2854840
87 9 2399994549.6809763908 2910832
88 9 2236700341.2596769333 2849799
89 9 2408848321.0980744362 2851750
90 9 2499825842.8197216988 2908373
91 9 2531382449.3832063675 2871390
92 9 2640916996.0106601715 2887202
93 9 2679216053.3562655449 2926395
94 9 2183324610.3028383255 3003229
95 9 1973183750.9080131054 2914289
96 9 2645248247.6028132439 2957371
97 9 2652738303.3695583344 3005106
98 9 2546141875.098716259 2894297
99 9 2245445697.0924768448 2845909
% Edges = 9.5
0 9.5 2285260708.4610567093 3032126
1 9.5 2489740370.9279356003 3032550
2 9.5 2275387091.1595058441 2991283
3 9.5 2654950401.2678809166 2990964
4 9.5 2411752568.2059102058 3047568
5 9.5 2532630886.5629434586 2986835
6 9.5 2716444271.8162531853 3012393
7 9.5 2067987004.6020505428 3128201
8 9.5 2327564574.8313016891 3092289
9 9.5 2597318853.3918604851 3059427
10 9.5 2394784355.9264788628 3152797
11 9.5 2216690264.4035553932 3094644
12 9.5 2198251989.4780769348 3025258
13 9.5 2281750623.4697628021 2995608
14 9.5 2551520394.6755766869 3028758
15 9.5 2329275666.3432936668 2978602
16 9.5 2784816443.0592212677 2978598
17 9.5 2150166042.9132852554 3050876
18 9.5 2226202797.0896892548 2975557
19 9.5 2540570220.0509495735 2976754
20 9.5 2622862805.5314517021 3055735
21 9.5 2371297003.1168284416 3064543
22 9.5 2189563451.7226691246 3065803
23 9.5 2825679014.0804438591 3067945
24 9.5 2747871145.2953057289 3134089
25 9.5 2249363040.6739740372 3040073
26 9.5 2489720476.4358730316 3011289
27 9.5 2133852548.0732543468 2970059
28 9.5 2479991612.4890937805 2968535
29 9.5 2319365798.6407399178 2965744
30 9.5 2411921404.1263999939 2966562
31 9.5 2197513537.3844742775 2967010
32 9.5 2231880101.682882309 2966776
33 9.5 2367031701.9136314392 2966578
34 9.5 2739314965.5178112984 2969738
35 9.5 2478546361.2113032341 3000427
36 9.5 2654419327.2134900093 3047237
37 9.5 2507989602.1814694405 3039573
38 9.5 2370925050.8633804321 3086619
39 9.5 2221542667.6245975494 3046124
40 9.5 2431392566.6182899475 3048880
41 9.5 2119062948.1774933338 2994949
42 9.5 2483748110.0487055779 2970004
43 9.5 2576530600.4528512955 2966277
44 9.5 2644118850.2498106956 2968328
45 9.5 2255130910.9815897942 2968622
46 9.5 2403154240.65828228 2967107
47 9.5 2406019565.1525225639 2967473
48 9.5 2661554291.5410642624 2965977
49 9.5 2355879216.9411249161 3001300
50 9.5 2321368995.923895359 3046935
51 9.5 2764313418.7389788628 3040691
52 9.5 2288190418.097638607 3076475
53 9.5 2430296463.6137542725 3047686
54 9.5 2480103544.8652968407 3043995
55 9.5 2341610952.0958504677 3002724
56 9.5 2479742420.179877758 2972841
57 9.5 2347578668.1372504234 2967539
58 9.5 2469929989.5859532356 2967378
59 9.5 2258245977.023267746 2966128
60 9.5 2430385306.045571804 2964586
61 9.5 2450760126.3268871307 2964478
62 9.5 3019935989.6419091225 2964738
63 9.5 2500590130.920882225 2990952
64 9.5 2401573637.1069426537 3051852
65 9.5 2042725249.6553344727 3042484
66 9.5 2408778256.240281105 3067139
67 9.5 2370855676.0136218071 3060443
68 9.5 2529808538.1091222763 3042013
69 9.5 2339859531.9728159904 3002412
70 9.5 2169696121.1484837532 2970489
71 9.5 2730534250.7240796089 2967449
72 9.5 2604677223.1489434242 2966139
73 9.5 2213769496.6526088715 2970875
74 9.5 2227437954.8346276283 2968822
75 9.5 2366237288.0338935852 2966435
76 9.5 2390827270.4486064911 2964776
77 9.5 2521982293.2858686447 2983628
78 9.5 2364255461.0369992256 3056991
79 9.5 2341559825.2346348763 3042329
80 9.5 2425835746.9315314293 3055112
81 9.5 2181920998.4200491905 3074547
82 9.5 2328047860.786693573 3035213
83 9.5 2322069486.7517871857 3006853
84 9.5 2411767064.2239198685 2971386
85 9.5 2227462731.330491066 2966787
86 9.5 2105869579.6187434196 2967457
87 9.5 2360865313.8351149559 2966818
88 9.5 2482180765.6167583466 2966477
89 9.5 2431941557.7872881889 2966800
90 9.5 2244513993.7923488617 2967972
91 9.5 2428104045.2456474304 2965216
92 9.5 2396083636.464884758 3014908
93 9.5 2425696000.5986294746 3042171
94 9.5 2667795466.175139904 3050727
95 9.5 2504161217.1592712402 3072044
96 9.5 2311362499.4526910782 3037485
97 9.5 2199914681.0188550949 3063087
98 9.5 2670357402.4981880188 2978633
99 9.5 2370953207.2790803909 2968996
% Edges = 10
0 10 2090721141.3519246578 3115030
1 10 2714466681.9749689102 3114881
2 10 2237628377.2175755501 3113703
3 10 2485657707.6997942924 3114258
4 10 2090536501.7856605053 3113101
5 10 2617620283.4164872169 3119864
6 10 2129408155.7397034168 3174861
7 10 2629122105.9085383415 3198615
8 10 2362548858.5383238792 3219488
9 10 2398456348.257973671 3202699
10 10 2541890207.4048295021 3226327
11 10 2359037134.1134133339 3160064
12 10 2361098607.4522929192 3118229
13 10 2364330689.1109027863 3118130
14 10 2577475435.9315681458 3117161
15 10 2346945202.5465307236 3112588
16 10 2256413194.1440505981 3115154
17 10 2905863310.1414093971 3117077
18 10 2215465022.1183972359 3116672
19 10 2391962791.9735202789 3119593
20 10 2487913837.8184766769 3169812
21 10 2638182246.1174473763 3196210
22 10 2832312845.889872551 3220169
23 10 2464209036.6306557655 3200210
24 10 2573690508.5342292786 3224935
25 10 2355292492.0287308693 3163503
26 10 2360428670.0556674004 3120257
27 10 2173430613.7940478325 3112067
28 10 2552181314.612868309 3116705
29 10 2226760281.6072173119 3116957
30 10 2538578904.5933465958 3110860
31 10 2413679977.0103011131 3112866
32 10 2596974413.0916795731 3115444
33 10 2540455014.9502596855 3119007
34 10 2892821032.4623327255 3173412
35 10 2604692053.9572877884 3187966
36 10 2452307213.6777338982 3225600
37 10 2502496065.7917585373 3191147
38 10 2746611646.7239742279 3238479
39 10 2566621713.0638341904 3164892
40 10 2332390144.0803050995 3116238
41 10 2043862377.28947258 3113840
42 10 2406852895.3147816658 3116501
43 10 2371076512.7291693687 3116981
44 10 2552669228.0341291428 3114832
45 10 2370813907.7546162605 3113892
46 10 2235933716.823117733 3117221
47 10 2366740961.8796992302 3131125
48 10 2732127603.7285528183 3208499
49 10 2232986627.3143310547 3190067
50 10 2023090939.6926128864 3234331
51 10 2097788937.6377646923 3191956
52 10 2673144171.0757622719 3214692
53 10 2737753166.0254116058 3124814
54 10 2458278186.71895504 3119263
55 10 2259893694.7753796577 3115733
56 10 2394807043.402410984 3115191
57 10 2640310652.7493133545 3116816
58 10 2608491179.3023133278 3117124
59 10 2547269381.2518763542 3115116
60 10 2261044920.4184522629 3128510
61 10 2536080574.0514616966 3169761
62 10 2167731485.1528787613 3220397
63 10 2380494108.1796240807 3198054
64 10 2664449163.8728356361 3227697
65 10 2189811458.2484688759 3192579
66 10 2635790652.9999465942 3161293
67 10 2688840979.0062074661 3117093
68 10 2489947498.0667791367 3115675
69 10 2365538095.8005194664 3116139
70 10 2767698978.197804451 3116489
71 10 2247858375.1831521988 3115018
72 10 2511321935.8896660805 3115460
73 10 2151559492.2385969162 3113908
74 10 2372763217.272995472 3125459
75 10 2376015070.7553467751 3172127
76 10 2439289350.0412364006 3212120
77 10 2305314714.3627796173 3203456
78 10 2598629193.5079908371 3217823
79 10 2459740292.2215471268 3208269
80 10 2495801694.4831595421 3159447
81 10 2517752908.2672944069 3116400
82 10 2472709114.0042281151 3120005
83 10 2466624367.0301265717 3113788
84 10 2734398848.8862810135 3112973
85 10 2625187111.3474502563 3114574
86 10 2445206582.0551972389 3114970
87 10 2384176128.183224678 3116572
88 10 2214121441.8407745361 3126495
89 10 2552783104.8813061714 3169997
90 10 2687962336.2679023743 3202736
91 10 2258068650.5355558395 3217742
92 10 2473954978.8317656517 3200211
93 10 2711064475.1259684563 3226806
94 10 2346202741.6675691605 3161709
95 10 2615782522.2635807991 3118880
96 10 2197802349.4034152031 3113422
97 10 2150881393.9496717453 3113313
98 10 2558335540.2939920425 3117809
99 10 2571853615.9284329414 3115531
