% Edges = 3.5
0 3.5 622735487.9047908783 3304833
1 3.5 541576994.63270735741 9628881
2 3.5 649725907.9358112812 10261799
3 3.5 716888197.41047596931 6429069
4 3.5 760076867.17502140999 4743715
5 3.5 798827858.60902237892 4245219
6 3.5 860804046.30024302006 4092980
7 3.5 836596914.55676293373 3994884
8 3.5 723979705.52364003658 3941399
9 3.5 633037179.86525762081 3925473
10 3.5 856576518.00732314587 3901568
11 3.5 1113087145.2408835888 3890248
12 3.5 615444539.96589362621 3880375
13 3.5 515232027.91247212887 3894520
14 3.5 503011348.4386562109 3874555
15 3.5 663052316.08919727802 3867085
16 3.5 574924789.68708729744 3885182
17 3.5 1015463251.2195256948 3866744
18 3.5 810724800.55719172955 3858023
19 3.5 980830939.15438508987 3864881
20 3.5 546207181.3694152832 3880947
21 3.5 208486177.06218361855 3867272
22 3.5 662917917.71357250214 3876074
23 3.5 522036744.25943958759 3874949
24 3.5 542205795.29681706429 3853591
25 3.5 762133181.13280510902 3859763
26 3.5 741412260.39954638481 3860215
27 3.5 736108526.65366268158 3869759
28 3.5 678745400.64851522446 3854179
29 3.5 593078783.31556999683 3857736
30 3.5 992740322.9051668644 3853151
31 3.5 828821292.38583922386 3856784
32 3.5 585920048.24809706211 3855502
33 3.5 322503728.34772586823 3866886
34 3.5 813870259.94932723045 3861005
35 3.5 661626806.23914790154 3857871
36 3.5 621995143.82029557228 3845540
37 3.5 642721321.25264203548 3879595
38 3.5 674459477.13193464279 3853472
39 3.5 660103539.35877180099 3848954
40 3.5 435346923.82706987858 3858445
41 3.5 920347423.24918580055 3868128
42 3.5 667835298.86887001991 3849691
43 3.5 780232947.17873740196 3857127
44 3.5 901849173.39112377167 3871897
45 3.5 1013679698.2345565557 3843580
46 3.5 479063462.30520915985 3857619
47 3.5 597439710.89604258537 3855468
48 3.5 388195716.30803960562 3859459
49 3.5 742240668.4516210556 3853231
50 3.5 659502447.64941346645 3854966
51 3.5 603493797.18928921223 3860185
52 3.5 642046339.81787014008 3858115
53 3.5 663486882.36869442463 3846650
54 3.5 455548229.01828658581 3867711
55 3.5 549349884.55456483364 3850507
56 3.5 582288123.92945766449 3852313
57 3.5 585657901.43696665764 3869367
58 3.5 704966189.80350589752 3846833
59 3.5 562470094.82032155991 3857283
60 3.5 720695288.87664580345 3851813
61 3.5 729770441.86219573021 3863002
62 3.5 656908647.21712911129 3850405
63 3.5 611409153.67665529251 3853302
64 3.5 1028183643.049021244 3863105
65 3.5 863411511.42572999001 3855721
66 3.5 791732766.71706628799 3851535
67 3.5 758006435.90274035931 3844387
68 3.5 419614973.91790020466 3872316
69 3.5 586153781.19316995144 3851772
70 3.5 744676164.77183353901 3860326
71 3.5 656981330.06742572784 3860490
72 3.5 740744867.77945184708 3868581
73 3.5 405940875.27108103037 3845724
74 3.5 488071331.33832144737 3851505
75 3.5 673455604.17736446857 3867765
76 3.5 883036471.01989817619 3843970
77 3.5 921963474.96702766418 3852890
78 3.5 674325384.98175609112 3852528
79 3.5 560754921.10429108143 3859149
80 3.5 852197837.91346907616 3850654
81 3.5 483050833.90707480907 3858357
82 3.5 840738564.7979054451 3862408
83 3.5 726832703.3057757616 3850917
84 3.5 717777474.49008345604 3858279
85 3.5 617893219.14265120029 3860777
86 3.5 401412072.86351728439 3859633
87 3.5 360245836.6138523221 3854055
88 3.5 823920400.8592903614 3858480
89 3.5 880814562.79747974873 3854987
90 3.5 837890206.22118842602 3847463
91 3.5 764650746.32772350311 3843909
92 3.5 602137832.28729224205 3852419
93 3.5 728677151.38723516464 3865298
94 3.5 651960373.9890332222 3844745
95 3.5 844240284.33185958862 3857053
96 3.5 528801991.81633377075 3865540
97 3.5 595003423.2687356472 3844907
98 3.5 880004654.31281518936 3853385
99 3.5 559087912.94667589664 3863784
% Edges = 4
0 4 420197172.04772228003 4366146
1 4 720178840.95941710472 4377979
2 4 962141460.06838643551 4371382
3 4 501224463.21557474136 4352915
4 4 478775331.40232086182 4377008
5 4 433126208.00407391787 4376879
6 4 730390789.5742752552 4367860
7 4 672087165.76980745792 4359796
8 4 437581991.92522996664 4363520
9 4 880690082.87359714508 4380451
10 4 784472400.51161336899 4359694
11 4 871096464.78894877434 4375375
12 4 592704255.3503344059 4376953
13 4 729573227.48605513573 4370798
14 4 947044007.97637724876 4371012
15 4 531171526.73051315546 4380087
16 4 841116784.95178294182 4365302
17 4 721473301.74419879913 4353463
18 4 813722591.23926484585 4377813
19 4 642237012.46145677567 4370721
20 4 540993037.97850763798 4359115
21 4 691791137.02022874355 4373456
22 4 511379256.77872049809 4367116
23 4 672391948.16159820557 4377109
24 4 616194574.25080287457 4353120
25 4 549250483.94227647781 4368629
26 4 603016889.02508604527 4374680
27 4 885518430.15451312065 4373554
28 4 876252129.26708829403 4358895
29 4 709695606.88776195049 4380725
30 4 605313764.33379638195 4366789
31 4 445479719.72874999046 4358330
32 4 399446379.82083594799 4374049
33 4 642920050.63381028175 4370424
34 4 463640603.31761288643 4355455
35 4 439735024.17436647415 4366091
36 4 586188673.56376004219 4359643
37 4 850387076.46163737774 4375490
38 4 903613825.24055790901 4364684
39 4 551680719.25927138329 4357488
40 4 654104230.5860106945 4383250
41 4 891908714.67235517502 4381741
42 4 910069889.34333050251 4372045
43 4 462789289.94061565399 4364321
44 4 617354149.44315123558 4365579
45 4 509311736.48029851913 4359521
46 4 514313784.22388720512 4369173
47 4 448668443.60280311108 4374071
48 4 567574696.86706602573 4356522
49 4 824355663.7705757618 4368690
50 4 589679376.14681625366 4372160
51 4 809693429.11043524742 4356949
52 4 698709532.38670837879 4363817
53 4 543042475.50139582157 4373820
54 4 786446993.98031532764 4409820
55 4 863636856.7013014555 4368357
56 4 554016998.42136585712 4372248
57 4 879662658.30595493317 4367304
58 4 555679389.66467618942 4356071
59 4 799638197.43156564236 4374663
60 4 1007116051.889464736 4369909
61 4 692820552.51843690872 4372963
62 4 630530028.04473912716 4357421
63 4 452154940.19279873371 4370816
64 4 461455427.15436768532 4372632
65 4 541594617.31886518002 4367014
66 4 667206766.0995002985 4356521
67 4 687392151.42198777199 4372805
68 4 600997279.69039773941 4374876
69 4 509819260.70067584515 4354949
70 4 883187658.51375365257 4375496
71 4 807278097.78573572636 4353050
72 4 739485066.5240598917 4372012
73 4 441115194.84446561337 4367714
74 4 849738573.70626950264 4359484
75 4 878481941.90223908424 4374152
76 4 622297733.10325276852 4365837
77 4 506427981.61625808477 4358715
78 4 523400425.71098172665 4371778
79 4 519005253.75889897346 4370921
80 4 625573866.80640864372 4383368
81 4 799769720.27336490154 4369355
82 4 485317281.50447660685 4380012
83 4 789591545.90980482101 4372105
84 4 662779533.08877944946 4368754
85 4 609881790.18319618702 4359597
86 4 1220039914.3308844566 4375364
87 4 285222719.39247822762 4467519
88 4 871187271.11439442635 4379960
89 4 800908569.47551870346 4371113
90 4 656367209.22484481335 4352257
91 4 724271749.70381271839 4373618
92 4 669582153.6158605814 4361077
93 4 700802112.82815563679 4374567
94 4 608173143.62912845612 4353957
95 4 601273046.08913123608 4389045
96 4 863478002.07506525517 4494754
97 4 421526747.50582277775 4426038
98 4 821608717.51700651646 4370987
99 4 711785608.00282931328 4373210
% Edges = 4.5
0 4.5 578406517.20323693752 4862529
1 4.5 635771533.21435058117 4874478
2 4.5 695327869.185531497 4869691
3 4.5 599724304.61228311062 4876948
4 4.5 732812178.21201086044 4837748
5 4.5 991867564.88279187679 4878605
6 4.5 798275246.97921669483 4876363
7 4.5 779797413.78644430637 4873259
8 4.5 806129187.00196230412 4885030
9 4.5 575092481.00746011734 4867477
10 4.5 639875548.12105619907 4867357
11 4.5 572431952.13545179367 4859568
12 4.5 682264095.96716094017 4849883
13 4.5 805155059.49233961105 4874106
14 4.5 493072310.46744024754 4850697
15 4.5 655511872.6447429657 4866546
16 4.5 591345009.04263114929 4858059
17 4.5 551182345.34490656853 4883743
18 4.5 894933238.61425614357 4869042
19 4.5 717908839.02319812775 4877279
20 4.5 709683392.43892216682 4857850
21 4.5 833335093.49586009979 4878551
22 4.5 661801627.55746912956 4852693
23 4.5 617307618.43565201759 4856111
24 4.5 647393395.87474441528 4866914
25 4.5 577453736.77858972549 4867666
26 4.5 442344775.02094310522 4881370
27 4.5 664549069.65805888176 4877755
28 4.5 352379640.27608931065 4874225
29 4.5 750064027.2170997858 4855057
30 4.5 613058889.03820884228 4879724
31 4.5 675640047.73821723461 4863717
32 4.5 739522003.07738912106 4850156
33 4.5 897486520.99977529049 4883966
34 4.5 577350477.08450996876 4851735
35 4.5 567826560.51576149464 4866113
36 4.5 972256409.985242486 4859960
37 4.5 922003266.91551578045 4867070
38 4.5 771975117.40516877174 4858540
39 4.5 870601981.62900865078 4859783
40 4.5 401014904.11400002241 4867060
41 4.5 688468910.59454655647 4860685
42 4.5 835587326.09295094013 4866015
43 4.5 759907620.41004550457 4897057
44 4.5 615241794.24176728725 4871467
45 4.5 954665709.03996181488 4910382
46 4.5 864390775.95228862762 4856030
47 4.5 561097826.91991317272 4853066
48 4.5 750833619.93202233315 4864517
49 4.5 695345064.58902192116 4881650
50 4.5 977695084.82717144489 4849044
51 4.5 777941648.0697760582 4858576
52 4.5 509578190.70575004816 4868328
53 4.5 353876443.06665152311 4867159
54 4.5 533859046.70601266623 4860548
55 4.5 715188379.62741744518 4866602
56 4.5 444724637.82664841413 4860668
57 4.5 430115766.96808505058 4890288
58 4.5 750185762.14658677578 4885821
59 4.5 516179591.40372824669 4867749
60 4.5 664654811.30820286274 4866068
61 4.5 604048392.94390666485 4870285
62 4.5 645726921.98419988155 4861332
63 4.5 765325649.37101376057 4880883
64 4.5 599292971.64125430584 4883335
65 4.5 358078584.66711705923 4847937
66 4.5 903544264.60235381126 4882829
67 4.5 591168226.14333999157 4880245
68 4.5 642135305.7586067915 4857957
69 4.5 730824457.55256080627 4886980
70 4.5 721127486.68728780746 4869312
71 4.5 544079792.72618043423 4881678
72 4.5 713785505.4236112833 4869474
73 4.5 628645585.23991417885 4877914
74 4.5 622746291.45328330994 4869275
75 4.5 844404753.94433271885 4879866
76 4.5 654047576.53108274937 4875339
77 4.5 717812930.7920371294 4871350
78 4.5 727393671.66433560848 4874913
79 4.5 525356539.98811620474 4887166
80 4.5 560244636.90370595455 4862925
81 4.5 683675240.12186813354 4874122
82 4.5 668259842.48439693451 4896469
83 4.5 828195933.91802024841 4877233
84 4.5 804148429.2389895916 4874990
85 4.5 779724398.68930518627 4860429
86 4.5 873087191.78227972984 4874287
87 4.5 652080310.7038693428 4891772
88 4.5 661765596.77779304981 4860810
89 4.5 694810853.36824369431 4866894
90 4.5 811260888.61934840679 4872444
91 4.5 503497387.86201107502 4872475
92 4.5 273440761.84377038479 4872892
93 4.5 760330107.82744240761 4876784
94 4.5 626987258.69296252728 4912746
95 4.5 555612572.53628516197 4882406
96 4.5 715374625.05073916912 4874327
97 4.5 465742573.11376333237 4877904
98 4.5 574775546.41646850109 4876017
99 4.5 529678174.83087480068 4872446
% Edges = 5
0 5 831281814.11240744591 5381409
1 5 760931185.50480496883 5380561
2 5 298323741.62126994133 5407408
3 5 443195758.37633478642 5386599
4 5 817874826.09020125866 5436567
5 5 916255385.4975310564 5411310
6 5 638903437.56404054165 5436421
7 5 586617359.85131549835 5391136
8 5 608812333.83502852917 5384084
9 5 729606436.07866477966 5409558
10 5 669181692.56750833988 5393928
11 5 453839749.98370289803 5390821
12 5 723144997.78138494492 5395273
13 5 674376266.87345826626 5387825
14 5 734616560.27572798729 5383527
15 5 748953634.65269434452 5379309
16 5 553615718.6455694437 5395438
17 5 768314915.90685939789 5397671
18 5 665179325.45793163776 5395778
19 5 801668987.89933311939 5394230
20 5 704383388.25525283813 5382638
21 5 581541734.88477790356 5387328
22 5 676980667.3868868351 5383810
23 5 482564327.89415687323 5400375
24 5 715986933.95651602745 5370424
25 5 734037229.48184716702 5397421
26 5 706663128.51591682434 5389648
27 5 592198977.30438292027 5380134
28 5 486295084.35763794184 5385746
29 5 827148407.50648975372 5383763
30 5 313992752.76493763924 5390831
31 5 952100698.00955045223 5387921
32 5 450622130.57935410738 5397238
33 5 903273152.83276224136 5397853
34 5 432657073.52059149742 5384626
35 5 687571157.13303506374 5393300
36 5 546820375.72101151943 5364715
37 5 489217608.57078570127 5387055
38 5 660297116.71136403084 5399352
39 5 348777428.96199679375 5381091
40 5 852387684.63616979122 5390443
41 5 592600026.57517266273 5395126
42 5 684722013.7663012743 5388772
43 5 430209261.60698276758 5382485
44 5 616942573.29958188534 5394211
45 5 552064326.33101403713 5365329
46 5 454907233.68697303534 5386997
47 5 864673297.83114850521 5370163
48 5 688106391.66336536407 5394596
49 5 874971876.89602315426 5378186
50 5 621826781.62483000755 5394432
51 5 824795942.09276485443 5374233
52 5 515527717.684669137 5401169
53 5 564269611.98508453369 5391070
54 5 609739806.35608255863 5379432
55 5 833975588.8030359745 5392009
56 5 870828147.5443469286 5379603
57 5 831024886.89064848423 5387710
58 5 760883742.94041204453 5395990
59 5 473161289.02599483728 5378806
60 5 873531900.08766615391 5397652
61 5 659992507.65620517731 5394390
62 5 639920766.89050889015 5377543
63 5 666830843.27827191353 5398090
64 5 658956843.30174612999 5367573
65 5 636751816.0234003067 5394079
66 5 589766753.13976359367 5364992
67 5 533669724.47034978867 5380538
68 5 726574278.81742548943 5389898
69 5 696855854.02782154083 5385809
70 5 470767267.05476987362 5384077
71 5 711064188.06682050228 5399181
72 5 728909439.03000044823 5384741
73 5 542563432.34570765495 5400453
74 5 608589107.66309940815 5398166
75 5 594404593.03362584114 5381635
76 5 809727077.91179466248 5400708
77 5 747371179.19046497345 5392812
78 5 488129533.67810356617 5386156
79 5 621982458.50988423824 5389737
80 5 314659296.607888937 5395985
81 5 290706687.91582608223 5385579
82 5 671460884.91363108158 5393844
83 5 390276458.7337012291 5387019
84 5 528303589.9978107214 5399145
85 5 431595480.0683119297 5380032
86 5 664009976.00105440617 5395198
87 5 783953478.74988162518 5389380
88 5 737836316.81156122684 5428326
89 5 733224269.66304111481 5408208
90 5 499069805.98420268297 5384763
91 5 521566350.18087768555 5400812
92 5 517261772.20699810982 5402222
93 5 734260745.06111347675 5385695
94 5 528246310.32081031799 5387951
95 5 581396038.54546511173 5414764
96 5 829275576.10482239723 5381864
97 5 1095518490.8255882263 5391196
98 5 658514296.23699676991 5388516
99 5 758437203.91891288757 5385258
% Edges = 5.5
0 5.5 775834971.37836003304 5870059
1 5.5 793306380.06752538681 5891737
2 5.5 601643496.003023386 5870389
3 5.5 700801410.89324021339 5890232
4 5.5 672144383.08961975574 5863320
5 5.5 444381276.5726493001 5886198
6 5.5 754345510.66360259056 5879581
7 5.5 798029131.53488898277 5891688
8 5.5 783643588.75085651875 5879928
9 5.5 776578705.32486450672 5887311
10 5.5 889746319.1226143837 5881306
11 5.5 720500640.78108263016 5891488
12 5.5 693189705.40665340424 5873391
13 5.5 632020594.13910388947 5892816
14 5.5 774855727.65004825592 5909469
15 5.5 499268932.03449493647 5875635
16 5.5 773184671.94426679611 5882493
17 5.5 687551370.68279004097 5891183
18 5.5 456045037.53342807293 5882172
19 5.5 605174867.989538908 5863082
20 5.5 508920048.00371772051 5883841
21 5.5 933560859.96328055859 5883838
22 5.5 1146598630.103386879 5884203
23 5.5 745355083.61494886875 5870767
24 5.5 767363773.14797711372 5882473
25 5.5 695203981.30654156208 5884692
26 5.5 754320192.77205693722 5893418
27 5.5 542196615.43891870975 5884588
28 5.5 699346803.21318745613 5885482
29 5.5 728265918.21272087097 5886680
30 5.5 671205067.30741631985 5880865
31 5.5 587370244.2270565033 5885306
32 5.5 588767484.14118409157 5878262
33 5.5 835365560.96861827374 5887772
34 5.5 515888164.00098240376 5878050
35 5.5 659755152.23543941975 5872650
36 5.5 613336010.4031008482 5914453
37 5.5 530644719.17822265625 5872537
38 5.5 734592008.69371664524 5901892
39 5.5 809774896.80150187016 5873640
40 5.5 583117275.92640793324 5913787
41 5.5 592391984.59598731995 5887497
42 5.5 420766277.70507967472 5880152
43 5.5 596150768.23478448391 5886076
44 5.5 821755999.91918361187 5878722
45 5.5 935231331.48441541195 5891222
46 5.5 745936600.43106126785 5889152
47 5.5 605528605.99620378017 5886978
48 5.5 541861182.9768601656 5882520
49 5.5 641883560.57729256153 5887407
50 5.5 568704096.99595975876 5877985
51 5.5 633515006.25516688824 5885209
52 5.5 722209780.584243536 5880513
53 5.5 608953321.83510804176 5886407
54 5.5 615694101.2082747221 5878390
55 5.5 584143662.71605682373 5885697
56 5.5 695826981.49860274792 5900265
57 5.5 522539596.33106172085 5883067
58 5.5 530560016.41160339117 5884184
59 5.5 495365316.19214880466 5888507
60 5.5 625867647.30393469334 5883215
61 5.5 599462327.16973948479 5886921
62 5.5 704523179.52464187145 5880962
63 5.5 551747023.49241650105 5887687
64 5.5 468904995.05805581808 5884699
65 5.5 580558160.80504834652 5890303
66 5.5 860128939.34722483158 5881530
67 5.5 662416102.99178433418 5900659
68 5.5 800695121.43597126007 5896880
69 5.5 658075317.44765210152 5888133
70 5.5 813003824.1815571785 5899108
71 5.5 585122375.62850439548 5874965
72 5.5 845731402.12551927567 5883381
73 5.5 661265338.75989413261 5886537
74 5.5 668598127.92165005207 5878303
75 5.5 618584786.54510295391 5888420
76 5.5 820062482.64798641205 5882544
77 5.5 643765332.16851401329 5917665
78 5.5 736829412.51910209656 5881971
79 5.5 729038549.90405464172 5892461
80 5.5 550638934.65802824497 5882076
81 5.5 593736051.66107177734 5891811
82 5.5 705863668.16146838665 5894677
83 5.5 650696665.80242562294 5875385
84 5.5 679714574.99635028839 5884704
85 5.5 682353774.48248672485 5889000
86 5.5 722889344.13833630085 5880525
87 5.5 565786596.09293413162 5898110
88 5.5 829611525.24560105801 5879408
89 5.5 763660361.87302005291 5892752
90 5.5 876351931.18981516361 5878543
91 5.5 767996338.14231932163 5925647
92 5.5 703283083.27940154076 5880767
93 5.5 634503862.00596308708 5886898
94 5.5 732468052.1044832468 5875435
95 5.5 490513127.39475876093 5881580
96 5.5 919215268.21131241322 5897401
97 5.5 559283169.28499937057 5874411
98 5.5 623493757.70761740208 5881472
99 5.5 483321703.2748709321 5888880
% Edges = 6
0 6 807447980.34951150417 6388852
1 6 437292851.7620985508 6409789
2 6 610016342.83124244213 6392071
3 6 617082768.93824994564 6399345
4 6 713115362.85246217251 6388963
5 6 719144467.41721880436 6395371
6 6 594699779.10529947281 6390004
7 6 499000184.11766195297 6428781
8 6 605444085.05950307846 6385114
9 6 664759732.13545715809 6413423
10 6 659364179.8401491642 6392650
11 6 623963116.3451859951 6414447
12 6 622167457.69471156597 6401487
13 6 626108762.00169229507 6412924
14 6 744505116.47173821926 6399396
15 6 604646092.82168591022 6411576
16 6 665961805.74759697914 6421062
17 6 460741106.00223064423 6413804
18 6 596255191.01511955261 6402887
19 6 751676266.53200721741 6396627
20 6 610342492.91296124458 6402442
21 6 642888592.038002491 6399372
22 6 597541225.63258051872 6398911
23 6 649805733.80717265606 6398278
24 6 471315750.30216139555 6396298
25 6 919978021.61225652695 6394005
26 6 840667091.44159579277 6438469
27 6 584083868.71340656281 6386687
28 6 915038162.20662212372 6411210
29 6 667270474.5151078701 6398138
30 6 732025101.9167163372 6403894
31 6 869545736.88351726532 6406014
32 6 631710027.34264039993 6401298
33 6 845019455.48737311363 6401347
34 6 721788964.28202736378 6409360
35 6 844394836.24342799187 6406421
36 6 703931204.90371930599 6408251
37 6 631494534.44740486145 6400988
38 6 926988019.93956506252 6395400
39 6 502330947.09787124395 6409549
40 6 847883963.3484569788 6398552
41 6 672460543.09248673916 6401069
42 6 689371308.28050684929 6399103
43 6 1048969117.1799987555 6413155
44 6 756193991.81507301331 6401785
45 6 487047136.64167147875 6398759
46 6 972701253.55899107456 6401418
47 6 700725143.69337451458 6416157
48 6 735328637.63983893394 6372918
49 6 705641101.87059593201 6412614
50 6 995689336.38204455376 6395125
51 6 597071034.34202468395 6406084
52 6 697880252.73989272118 6413042
53 6 764078315.24189949036 6407248
54 6 500380543.2720451355 6404633
55 6 682219699.82926845551 6417723
56 6 921311893.59123086929 6397123
57 6 678451295.01336956024 6413841
58 6 593073343.74939656258 6395106
59 6 476925716.99057686329 6398198
60 6 753742263.32759988308 6399695
61 6 613184367.49554276466 6399643
62 6 648385114.95491528511 6400638
63 6 577158698.20920825005 6413692
64 6 726630431.05849659443 6395234
65 6 793891394.31680214405 6498796
66 6 644196699.0275529623 6410924
67 6 550167901.43345820904 6379740
68 6 630810037.37515890598 6413108
69 6 832911357.52531695366 6392920
70 6 659503370.54006624222 6409543
71 6 710441286.28859746456 6494222
72 6 859133589.19444298744 6436293
73 6 664907955.86929357052 6422242
74 6 557319830.55274498463 6397260
75 6 612632772.46809911728 6402413
76 6 568712395.36523759365 6412058
77 6 616280808.37302267551 6402015
78 6 597750642.79628574848 6397972
79 6 788907019.38957428932 6403908
80 6 747801132.93897867203 6398030
81 6 764023624.02881848812 6399099
82 6 675155057.13450300694 6406934
83 6 597563476.98169887066 6411238
84 6 522861095.20681214333 6393765
85 6 885914878.41920924187 6430256
86 6 466592700.9041801095 6384637
87 6 511440749.16988533735 6416795
88 6 834561453.4824231863 6394118
89 6 548047862.11230492592 6406819
90 6 937954186.49976480007 6416932
91 6 598827562.56177401543 6431803
92 6 656722998.95413863659 6398232
93 6 570035359.82891094685 6417276
94 6 836300929.41004407406 6388371
95 6 564565192.76255559921 6411806
96 6 792275206.42521429062 6400188
97 6 525250496.51701015234 6389660
98 6 696745531.92958152294 6413036
99 6 809902524.03287887573 6378869
% Edges = 6.5
0 6.5 664402507.51967811584 7211258
1 6.5 885173338.68834269047 7186775
2 6.5 537547584.60814917088 7194111
3 6.5 627715892.68846678734 7198629
4 6.5 751516352.2937554121 7195292
5 6.5 710451733.30912959576 7198685
6 6.5 704576692.18245232105 7183285
7 6.5 673675777.60529696941 7204643
8 6.5 611531384.12774550915 7182806
9 6.5 811282835.80644142628 7198059
10 6.5 509540400.13443905115 7240652
11 6.5 704459939.75391340256 7179645
12 6.5 574215648.59655976295 7210936
13 6.5 700126974.1157617569 7187875
14 6.5 988497684.68521988392 7192112
15 6.5 698363163.51944291592 7196182
16 6.5 694884617.28153300285 7191952
17 6.5 686857613.20485603809 7186477
18 6.5 665389404.0626553297 7188341
19 6.5 589994782.89209926128 7205522
20 6.5 764737435.29024672508 7196299
21 6.5 631992292.93488228321 7175788
22 6.5 581906757.21663403511 7195987
23 6.5 775974618.78549897671 7190161
24 6.5 747961190.37246489525 7188145
25 6.5 908924001.28359174728 7191794
26 6.5 721622915.58184599876 7204050
27 6.5 571360114.8982001543 7191555
28 6.5 602637626.43200385571 7232993
29 6.5 680216514.70706689358 7194908
30 6.5 592233748.87635791302 7188065
31 6.5 791926969.84630215168 7206377
32 6.5 869371651.14498925209 7202501
33 6.5 653775413.05354452133 7180136
34 6.5 495599845.51520055532 7210088
35 6.5 571264037.58102786541 7197533
36 6.5 793405766.57952833176 7192545
37 6.5 443643075.60960775614 7198765
38 6.5 782418998.266507864 7194243
39 6.5 404916125.29123884439 7185813
40 6.5 648241472.43105781078 7193980
41 6.5 562016771.05599832535 7187009
42 6.5 541202052.68844294548 7211467
43 6.5 472772178.68098479509 7202430
44 6.5 898193293.50379014015 7198474
45 6.5 578154451.82459080219 7174382
46 6.5 828764471.21498823166 7205187
47 6.5 778387729.17828655243 7196452
48 6.5 699875233.85449194908 7186621
49 6.5 707575188.02182638645 7179382
50 6.5 703127116.59100317955 7238899
51 6.5 559281890.27068138123 7196699
52 6.5 705167429.10523092747 7195841
53 6.5 548159720.82278585434 7187677
54 6.5 560316330.26052618027 7185829
55 6.5 637720234.02785313129 7207600
56 6.5 476577236.16601639986 7196310
57 6.5 862088719.46427202225 7175032
58 6.5 511848334.65166956186 7198131
59 6.5 492272130.71273863316 7197791
60 6.5 659181823.79344749451 7194999
61 6.5 729208372.52321565151 7183300
62 6.5 485009587.44497424364 7197440
63 6.5 892135613.83884775639 7195494
64 6.5 669698869.4960269928 7195674
65 6.5 839778390.86594104767 7182374
66 6.5 575571964.33063578606 7176957
67 6.5 685372282.96673583984 7215305
68 6.5 529402558.05038446188 7171341
69 6.5 566695993.78178548813 7207273
70 6.5 522845775.36737966537 7233276
71 6.5 386429297.40174871683 7177908
72 6.5 832825943.79612421989 7198621
73 6.5 523603759.83082461357 7178421
74 6.5 532524451.21508389711 7212762
75 6.5 894501969.75626647472 7222630
76 6.5 615374915.88064146042 7207311
77 6.5 602723438.03571164608 7199811
78 6.5 496626957.82109707594 7180654
79 6.5 451280035.25017887354 7196168
80 6.5 677187710.9991389513 7197736
81 6.5 559217170.3537504673 7187930
82 6.5 593284050.09890449047 7184262
83 6.5 891010239.67142164707 7187842
84 6.5 580392263.14925420284 7217105
85 6.5 747329451.24623274803 7189203
86 6.5 629836142.94519460201 7194876
87 6.5 536868521.55303490162 7196731
88 6.5 719368813.21245741844 7202719
89 6.5 621839374.92927229404 7183897
90 6.5 756813978.01678442955 7246257
91 6.5 722356995.10627818108 7170529
92 6.5 802524189.24001932144 7209506
93 6.5 588699837.9412072897 7182380
94 6.5 719352220.23748922348 7199028
95 6.5 833861791.49601769447 7194387
96 6.5 631742218.2818928957 7186998
97 6.5 462467070.5009137392 7192075
98 6.5 600598562.27992045879 7191159
99 6.5 639682409.81454718113 7191005
% Edges = 7
0 7 430569622.5133600235 7716319
1 7 562065978.84910941124 7686036
2 7 628855200.57372570038 7716443
3 7 620751135.1046538353 7694669
4 7 728822538.6028881073 7695297
5 7 602998443.624538064 7707831
6 7 650596214.59331882 7680520
7 7 802219874.8334107399 7708035
8 7 553122380.28298449516 7701819
9 7 805307821.41159451008 7709299
10 7 589758795.85226726532 7687593
11 7 813980201.87132406235 7734896
12 7 634930702.26970028877 7716722
13 7 605105962.6472594738 7687585
14 7 783285252.31781220436 7714873
15 7 1007236720.8308998346 7689573
16 7 695705753.91538918018 7700997
17 7 639590886.87242698669 7719221
18 7 757125860.84438943863 7690593
19 7 729056680.79174935818 7694328
20 7 625914221.53680491447 7703941
21 7 468727003.21511858702 7696251
22 7 631061872.60223579407 7709663
23 7 698968568.39940607548 7703627
24 7 954077112.69054210186 7699461
25 7 782064382.83881056309 7705703
26 7 839168911.04518437386 7699704
27 7 737464335.24058330059 7713214
28 7 583518465.45357656479 7701883
29 7 689050978.67403900623 7700156
30 7 781112142.91949725151 7741461
31 7 851879422.023198843 7692367
32 7 810959446.85996568203 7719284
33 7 820488279.21379113197 7697725
34 7 546578265.46363341808 7700784
35 7 899130466.38829874992 7693997
36 7 467916513.61616581678 7693806
37 7 551609213.56479275227 7708328
38 7 636210240.92345559597 7703109
39 7 608456702.59819555283 7716729
40 7 587221499.05069458485 7711225
41 7 757558777.54157578945 7689076
42 7 482150846.66881030798 7714195
43 7 634376533.42745482922 7706844
44 7 596047517.23490214348 7687079
45 7 631191638.54625880718 7707037
46 7 547353731.78904592991 7693093
47 7 554328715.96498131752 7707278
48 7 501045750.50281196833 7707761
49 7 687713266.04210567474 7696413
50 7 807678255.03601717949 7765476
51 7 700416796.90496182442 7702036
52 7 466143975.68403100967 7684289
53 7 758622709.51174843311 7708737
54 7 553736613.0517295599 7687137
55 7 526713013.55042493343 7717372
56 7 604000241.22352004051 7706716
57 7 614406225.30637156963 7693106
58 7 592905158.07897055149 7713581
59 7 799976860.24822235107 7699549
60 7 776308952.29717099667 7689959
61 7 554030351.87109363079 7710703
62 7 665908310.266092062 7700215
63 7 463279155.31800585985 7725809
64 7 890531796.79565143585 7702756
65 7 663904048.24285662174 7700931
66 7 699839263.02811586857 7710181
67 7 695257759.08227097988 7704666
68 7 684649794.04880011082 7700755
69 7 532550784.28248602152 7755964
70 7 852676848.07587194443 7752929
71 7 659395856.62241959572 7776630
72 7 561958362.38325333595 7784383
73 7 629641431.44214582443 7756321
74 7 671366710.06808125973 7773812
75 7 685031530.52492403984 7764995
76 7 668562018.00502252579 7760046
77 7 910780604.56509029865 7772851
78 7 521186359.91897070408 7741832
79 7 720415622.42310190201 7702741
80 7 872862340.79548120499 7694509
81 7 411386933.72629857063 7686567
82 7 876992810.20557689667 7696433
83 7 891434501.14783465862 7691617
84 7 621291134.98231673241 7687078
85 7 772279474.78140854836 7700989
86 7 590166349.38037574291 7679422
87 7 663795613.98000073433 7706025
88 7 586532626.55745923519 7691525
89 7 618156961.85543441772 7708924
90 7 628413745.32160925865 7698293
91 7 663656515.04166185856 7690846
92 7 797687236.3814663887 7687632
93 7 608819135.57472074032 7705108
94 7 780006833.69837105274 7686310
95 7 702163505.65908670425 7707591
96 7 718671135.98585009575 7688695
97 7 837200685.36951732635 7686252
98 7 709431439.87522757053 7696096
99 7 844195386.89724349976 7693149
% Edges = 7.5
0 7.5 649672568.88902139664 8192816
1 7.5 747441810.29488432407 8252748
2 7.5 802593268.11645758152 8216778
3 7.5 600280180.66203463078 8199344
4 7.5 511519737.33304566145 8209217
5 7.5 730306783.47032546997 8216357
6 7.5 649030134.38587510586 8195635
7 7.5 845157851.11363935471 8223227
8 7.5 508731537.62211865187 8208283
9 7.5 660943590.10403990746 8228001
10 7.5 445694672.10392075777 8212962
11 7.5 502351566.34850621223 8221442
12 7.5 610991752.68291628361 8199843
13 7.5 445445070.58942574263 8215286
14 7.5 695003256.41693675518 8224549
15 7.5 615676355.88281738758 8215783
16 7.5 942597112.57535028458 8221628
17 7.5 729871256.46582901478 8214853
18 7.5 617296271.467654109 8198071
19 7.5 918541579.31560838223 8212081
20 7.5 706188566.8215470314 8216934
21 7.5 762952738.3415248394 8213312
22 7.5 528146804.77768808603 8211720
23 7.5 683843076.54801166058 8213352
24 7.5 635642459.32596933842 8211335
25 7.5 905740849.95223999023 8211790
26 7.5 605210515.160810709 8200978
27 7.5 402393727.56040579081 8200926
28 7.5 698500152.73220384121 8212250
29 7.5 673633127.57127177715 8235906
30 7.5 755444028.89786338806 8198149
31 7.5 545153990.85453081131 8294567
32 7.5 655435138.74928545952 8217370
33 7.5 770062184.79110240936 8215048
34 7.5 904618401.79863059521 8210056
35 7.5 524329066.99321210384 8209604
36 7.5 540428769.06104934216 8197325
37 7.5 666155040.54579043388 8211823
38 7.5 798337757.84610438347 8235654
39 7.5 676473058.92847061157 8199184
40 7.5 737093181.02693843842 8210049
41 7.5 513656137.99849104881 8218560
42 7.5 679742687.27840638161 8196125
43 7.5 545578745.32540011406 8210021
44 7.5 966318818.56958711147 8223873
45 7.5 700152107.72391617298 8208023
46 7.5 415542301.82169282436 8227630
47 7.5 716373833.70223534107 8207642
48 7.5 498283088.08549869061 8193440
49 7.5 811451483.52044093609 8208443
50 7.5 386668691.94288611412 8320425
51 7.5 492557081.81024444103 8214535
52 7.5 966729531.76737737656 8210566
53 7.5 552977024.2543797493 8214139
54 7.5 612201262.24702572823 8201980
55 7.5 777903715.32564032078 8212111
56 7.5 768591609.95560336113 8214879
57 7.5 588584218.74657940865 8215101
58 7.5 582987886.11753368378 8208257
59 7.5 644761916.14791452885 8207687
60 7.5 611798732.0200407505 8232791
61 7.5 583934774.9171255827 8216070
62 7.5 590564145.58783888817 8201613
63 7.5 783267955.11739706993 8195385
64 7.5 753741333.68842458725 8226274
65 7.5 714083098.86218547821 8207707
66 7.5 808915740.80751538277 8206536
67 7.5 796388331.32815873623 8223644
68 7.5 548235382.2446103096 8220397
69 7.5 758642640.00870192051 8215932
70 7.5 731068000.16056978703 8202358
71 7.5 558835884.16096532345 8208992
72 7.5 357233062.08322870731 8194057
73 7.5 678440639.10520207882 8223810
74 7.5 693586369.94482576847 8208061
75 7.5 670231491.42405092716 8194232
76 7.5 777341909.50276207924 8213562
77 7.5 476751623.36583411694 8215636
78 7.5 642593588.00983798504 8194728
79 7.5 793213349.81271064281 8211297
80 7.5 809191940.89951610565 8209841
81 7.5 722143422.29980802536 8195301
82 7.5 711500569.35722851753 8233503
83 7.5 462061613.2686689496 8208644
84 7.5 751729914.62921380997 8245527
85 7.5 593291472.4471102953 8210754
86 7.5 532121443.61037260294 8213472
87 7.5 671996623.05159640312 8210301
88 7.5 639996876.21877741814 8204088
89 7.5 653166593.64052474499 8221932
90 7.5 596138239.64492249489 8212853
91 7.5 800291027.98840999603 8208955
92 7.5 591145761.44556772709 8198914
93 7.5 613714169.45500767231 8194573
94 7.5 689803606.18788325787 8209849
95 7.5 612357928.12921655178 8216548
96 7.5 745334509.34432852268 8200537
97 7.5 634848241.35472381115 8211228
98 7.5 722325034.65190243721 8217543
99 7.5 607550901.70799696445 8198285
% Edges = 8
0 8 705164580.27741122246 8715220
1 8 588443284.31171703339 8711359
2 8 518506305.32867205143 8698926
3 8 708941139.51151049137 8708521
4 8 814880359.50974059105 8724379
5 8 550104060.26244199276 8720747
6 8 533247987.11691099405 8690989
7 8 550482260.35185813904 8721160
8 8 812177128.93793082237 8712630
9 8 433705708.292552948 8709456
10 8 838013903.77603781223 8713859
11 8 779627987.05115139484 8724226
12 8 532691367.86738920212 8699360
13 8 602860845.78832495213 8707565
14 8 1091168605.64640975 8723741
15 8 695965779.35815441608 8712736
16 8 751821287.7763055563 8773595
17 8 485994041.92801254988 8720473
18 8 676575610.81907486916 8707756
19 8 580464272.59103059769 8718912
20 8 560766006.05306649208 8691780
21 8 580296185.06666314602 8721543
22 8 702220407.96013021469 8710177
23 8 685210133.64240217209 8693948
24 8 884428060.15735650063 8746781
25 8 654894449.41674292088 8721390
26 8 782854725.35352408886 8703198
27 8 372723884.36356604099 8712132
28 8 727432147.91480028629 8721336
29 8 461813052.30288290977 8702649
30 8 816560609.33446657658 8714950
31 8 756987511.63994443417 8757997
32 8 593883176.62475848198 8718759
33 8 661778000.59258258343 8711590
34 8 746928751.68494057655 8706256
35 8 543169787.86947107315 8705646
36 8 646371474.80983257294 8730741
37 8 727881451.79162871838 8717672
38 8 559824436.82137787342 8705091
39 8 546270224.96519994736 8734418
40 8 606650078.2988345623 8709313
41 8 552381911.52434802055 8706322
42 8 489130447.05332195759 8704100
43 8 722578870.54785215855 8715002
44 8 471986987.02615505457 8691865
45 8 887110475.61243581772 8731120
46 8 648930678.03472232819 8717291
47 8 620962839.89669680595 8694212
48 8 477165952.60259741545 8725487
49 8 868925077.77403616905 8713635
50 8 706594751.2768484354 8708941
51 8 846276468.15628647804 8748921
52 8 764914969.50297749043 8743962
53 8 561664682.25979650021 8706405
54 8 446574567.86048614979 8711119
55 8 758879868.03776240349 8724229
56 8 1019370840.9981646538 8714383
57 8 598610756.77846109867 8710334
58 8 602279936.41857433319 8709522
59 8 730569835.76018965244 8709750
60 8 675103502.34683346748 8723665
61 8 618489260.3477846384 8708906
62 8 771778346.06826972961 8704469
63 8 583349528.02142488956 8714731
64 8 682648461.44761025906 8711080
65 8 645730928.2969455719 8712077
66 8 628816931.33410835266 8721528
67 8 645201579.59706807137 8717368
68 8 686563307.62374603748 8690296
69 8 647060831.02829122543 8721914
70 8 661207769.47305929661 8715134
71 8 699679061.69078063965 8701950
72 8 689636233.15898799896 8745892
73 8 769337916.69719171524 8713478
74 8 860284918.06486189365 8710916
75 8 580376002.22212123871 8706609
76 8 450388512.32885110378 8721077
77 8 852468122.83901154995 8701630
78 8 694463521.00758206844 8708548
79 8 799119357.78225708008 8746106
80 8 657529896.92007100582 8723584
81 8 575076057.9360871315 8711733
82 8 463099822.64981472492 8705405
83 8 354893874.35828661919 8709105
84 8 650198045.92818069458 8719394
85 8 696879640.53570866585 8714639
86 8 645366843.50374627113 8715429
87 8 761328274.16897785664 8720889
88 8 821014127.86492967606 8713692
89 8 615474973.2824151516 8705439
90 8 602511151.1667766571 8721570
91 8 596952631.24522316456 8718220
92 8 689975055.60161733627 8693711
93 8 436052532.37059676647 8730962
94 8 826946183.11692762375 8719509
95 8 550000497.62346863747 8698597
96 8 501298812.77454155684 8721796
97 8 760393989.8971914053 8712491
98 8 774145500.98761773109 8706787
99 8 870415997.23422348499 8708215
% Edges = 8.5
0 8.5 744878647.22291898727 9239640
1 8.5 549096954.80892980099 9233067
2 8.5 603707692.43997132778 9250709
3 8.5 650833588.25102698803 9220624
4 8.5 869558700.61608219147 9230926
5 8.5 709478969.14039587975 9231418
6 8.5 670472669.60400176048 9229556
7 8.5 669821242.70508289337 9241275
8 8.5 794548795.71145629883 9237125
9 8.5 760097115.53019499779 9229150
10 8.5 1008010481.84704566 9223255
11 8.5 469029912.88496816158 9234658
12 8.5 603369783.42435836792 9221723
13 8.5 706013804.80382883549 9241201
14 8.5 652132438.15227532387 9229660
15 8.5 429938250.38546770811 9238318
16 8.5 549219847.77200293541 9235725
17 8.5 721214222.95412158966 9230193
18 8.5 694931741.53993737698 9272337
19 8.5 876487760.95007324219 9261792
20 8.5 567245411.35225498676 9253861
21 8.5 789131078.11696398258 9230671
22 8.5 569865240.9950274229 9219582
23 8.5 554865878.15899753571 9233620
24 8.5 623272721.96658432484 9219266
25 8.5 666241488.64255774021 9230300
26 8.5 697721179.25488066673 9229578
27 8.5 710226790.1097253561 9234694
28 8.5 869980163.95566594601 9232108
29 8.5 901751655.66201901436 9226426
30 8.5 450699489.11739993095 9225590
31 8.5 905553401.7490748167 9235339
32 8.5 559649235.57825410366 9264227
33 8.5 580523301.23659217358 9216058
34 8.5 822597802.18127918243 9231086
35 8.5 677745620.88139009476 9258333
36 8.5 735624482.70691299438 9245307
37 8.5 944109464.43761861324 9228574
38 8.5 609329044.06965506077 9228669
39 8.5 709894430.61684274673 9247653
40 8.5 701777060.05892693996 9223066
41 8.5 675345625.52418744564 9231226
42 8.5 644607458.81912994385 9220122
43 8.5 752437278.4228092432 9237920
44 8.5 520439481.43168801069 9229419
45 8.5 700557604.72343599796 9246465
46 8.5 639282165.6573972702 9228146
47 8.5 481875979.00919479132 9235589
48 8.5 742199675.82870304585 9250715
49 8.5 547911267.38475799561 9215500
50 8.5 487768004.91973900795 9221797
51 8.5 844533528.07953989506 9240705
52 8.5 624206935.77592146397 9257329
53 8.5 662585463.29173445702 9233389
54 8.5 773950506.9595375061 9221640
55 8.5 1073098157.9222512245 9234974
56 8.5 593444545.17276418209 9217099
57 8.5 759696529.84667122364 9229702
58 8.5 706805652.31356906891 9235533
59 8.5 783397250.86016535759 9241884
60 8.5 659909745.80785894394 9234373
61 8.5 750548156.8465732336 9232874
62 8.5 663378137.2733938694 9222492
63 8.5 660025265.25383996964 9238481
64 8.5 864240314.52767288685 9248448
65 8.5 694218317.65994536877 9218859
66 8.5 794208903.00993251801 9235577
67 8.5 551313344.50411951542 9277069
68 8.5 712155978.51887583733 9221731
69 8.5 676147765.85617899895 9229707
70 8.5 726904712.94022512436 9226565
71 8.5 591123578.82527589798 9247749
72 8.5 618272245.91545593739 9237018
73 8.5 731621429.10433447361 9226855
74 8.5 649712975.34351861477 9223690
75 8.5 684496425.51769018173 9236768
76 8.5 533841446.35359209776 9248254
77 8.5 579634927.58864378929 9228349
78 8.5 667218456.59560799599 9239929
79 8.5 629281773.86153411865 9238494
80 8.5 602582531.54607391357 9218443
81 8.5 902610050.03567397594 9232540
82 8.5 589294760.66886270046 9221600
83 8.5 802987844.31413042545 9347445
84 8.5 618930485.28696453571 9254968
85 8.5 696483917.94565474987 9237168
86 8.5 711917994.00640821457 9224945
87 8.5 722723625.62481760979 9252261
88 8.5 637005985.56781971455 9358786
89 8.5 875818214.41205120087 9226299
90 8.5 402076463.20318299532 9223476
91 8.5 614252831.04225230217 9257357
92 8.5 674493737.6215736866 9226431
93 8.5 515565110.70655024052 9233256
94 8.5 705761266.38171899319 9220881
95 8.5 593039798.38896405697 9235942
96 8.5 609959118.87561988831 9229635
97 8.5 706209922.01898133755 9255791
98 8.5 507176071.9337926507 9243893
99 8.5 623367181.19786226749 9220096
% Edges = 9
0 9 729033919.76605570316 9743435
1 9 889277403.10374355316 9725333
2 9 737474635.5777490139 9736806
3 9 719379805.22520184517 9740937
4 9 712307840.74937462807 9735877
5 9 658202268.62966680527 9748199
6 9 613249991.08988428116 9726211
7 9 582592645.68938732147 9733461
8 9 947498429.56383228302 9719623
9 9 692218018.73506784439 9748171
10 9 546586910.10111999512 9736059
11 9 677942008.92184102535 9748938
12 9 672855071.97582840919 9750969
13 9 579264686.99857127666 9734926
14 9 497612804.89634609222 9729702
15 9 343079214.92805224657 9749720
16 9 693455240.28429675102 9733523
17 9 702524864.15219867229 9740186
18 9 638135920.2206454277 9733034
19 9 796619593.46181118488 9734976
20 9 485180389.21362763643 9737404
21 9 770857294.22156465054 9721632
22 9 598549330.8676507473 9743171
23 9 669536788.80584323406 9738301
24 9 638236847.08264505863 9746001
25 9 650942113.25222229958 9726145
26 9 542971172.5917173624 9733496
27 9 781268291.79110467434 9733567
28 9 681453568.30940663815 9737059
29 9 792275954.4092079401 9753508
30 9 627747536.19060254097 9767054
31 9 610746449.89744961262 9735913
32 9 541236292.75670695305 9723882
33 9 686081268.98379826546 9755495
34 9 643084436.39169418812 9749133
35 9 583232572.84486436844 9749720
36 9 656146750.79447579384 9723585
37 9 455959595.83584046364 9735582
38 9 574985337.48895704746 9753754
39 9 726900431.54169178009 9732725
40 9 739469165.48278045654 9737118
41 9 580154757.84606528282 9745476
42 9 452308419.01418936253 9736560
43 9 666132762.70953857899 9736050
44 9 606223092.59897708893 9742564
45 9 934755947.58774876595 9731900
46 9 537826536.6903924942 9737160
47 9 682811793.93125092983 9741157
48 9 769011511.42967474461 9752639
49 9 779798070.69255280495 9725927
50 9 726471215.64439582825 9739376
51 9 636364669.07023942471 9737602
52 9 667627814.03494334221 9736566
53 9 674080596.29892468452 9757918
54 9 693171119.79191064835 9731541
55 9 663157211.13924336433 9741617
56 9 603308073.48645985126 9721663
57 9 563363300.89351332188 9753547
58 9 668187257.17911887169 9730541
59 9 778194855.21135485172 9757498
60 9 661801103.50691533089 9727189
61 9 560599152.01155054569 9751892
62 9 730272058.91704428196 9732897
63 9 629850407.2510484457 9743070
64 9 777663472.5994604826 9739873
65 9 593837906.28469002247 9724963
66 9 698310741.18872785568 9753806
67 9 768751579.7936218977 9726763
68 9 607670501.84465670586 9744066
69 9 627302529.66148877144 9727179
70 9 683109100.06420993805 9739350
71 9 625415843.81653881073 9763562
72 9 657344662.51409041882 9735708
73 9 714295554.61283576488 9730720
74 9 535003680.24221247435 9735549
75 9 618268996.51867628098 9740168
76 9 524517704.99752694368 9750159
77 9 519844135.16938602924 9737517
78 9 702674268.73099267483 9750194
79 9 888522581.40709686279 9723716
80 9 608356883.80498337746 9739814
81 9 756988347.99346959591 9753055
82 9 514372159.37535625696 9728737
83 9 707909437.17616975307 9748534
84 9 721996338.01077210903 9727696
85 9 867137579.51627194881 9745323
86 9 826124295.4880439043 9733581
87 9 491678478.02441853285 9744180
88 9 758060639.44924628735 9720116
89 9 643105382.40119564533 9735631
90 9 675531374.0682913065 9756616
91 9 480345419.92152714729 9729444
92 9 639441028.72027504444 9749092
93 9 820146309.15435671806 9724007
94 9 847507012.38985848427 9742202
95 9 640994540.27687692642 9733583
96 9 403066188.93069088459 9766335
97 9 577218900.46296823025 9735178
98 9 679993904.29779863358 9738977
99 9 565010344.95431733131 9734811
% Edges = 9.5
0 9.5 740284818.77711117268 10262770
1 9.5 629954963.41011464596 10258918
2 9.5 663424971.94371581078 10255252
3 9.5 591333784.46964931488 10270235
4 9.5 770500158.71164655685 10246479
5 9.5 551793692.61244666576 10275229
6 9.5 743639699.93877744675 10267293
7 9.5 550670605.52704846859 10262740
8 9.5 594590439.31624746323 10239231
9 9.5 669844437.5344671011 10256892
10 9.5 795158309.02794134617 10250299
11 9.5 473023761.91128230095 10261636
12 9.5 625984462.96768844128 10250465
13 9.5 552586906.43653476238 10263388
14 9.5 637763708.20883977413 10238445
15 9.5 659936050.88379633427 10205256
16 9.5 682674927.62245512009 10199980
17 9.5 864563460.89603030682 10212617
18 9.5 686846577.32905697823 10201474
19 9.5 663318173.21799457073 10211226
20 9.5 693716367.32409691811 10225365
21 9.5 801355072.57935929298 10198506
22 9.5 850212825.88866853714 10201970
23 9.5 505680357.49660754204 10210882
24 9.5 736154053.42876148224 10201227
25 9.5 816371140.97690582275 10235382
26 9.5 544693243.87367916107 10205910
27 9.5 610539056.43279337883 10198376
28 9.5 865562611.42193734646 10199286
29 9.5 550820943.00354790688 10212729
30 9.5 645179585.59100937843 10210065
31 9.5 521457137.73677694798 10211907
32 9.5 566926811.92814421654 10204128
33 9.5 619678688.43890583515 10196622
34 9.5 683599318.84349238873 10199760
35 9.5 660964358.40247476101 10239245
36 9.5 723497980.32847392559 10231319
37 9.5 683151464.69351577759 10242864
38 9.5 626454190.03034734726 10212533
39 9.5 738945501.20716738701 10212808
40 9.5 656703618.75655472279 10213732
41 9.5 771266716.44709479809 10225761
42 9.5 624162081.77395093441 10219887
43 9.5 640862058.23502612114 10224393
44 9.5 591200037.19275045395 10229985
45 9.5 746003989.13838493824 10205621
46 9.5 595397476.85789465904 10210536
47 9.5 569384033.22679209709 10220502
48 9.5 755125758.94220972061 10221872
49 9.5 681540065.39599895477 10208135
50 9.5 637172934.24224317074 10214125
51 9.5 530485474.59428268671 10215681
52 9.5 535064401.14304876328 10223898
53 9.5 685306157.50780081749 10230064
54 9.5 554080728.49747860432 10205655
55 9.5 832325405.88070392609 10223240
56 9.5 588592299.65796983242 10213691
57 9.5 804564815.35944402218 10208046
58 9.5 425042708.19067955017 10220311
59 9.5 676982798.20933771133 10210299
60 9.5 681568031.36423957348 10221735
61 9.5 477814569.19806218147 10222127
62 9.5 763007948.10949444771 10213923
63 9.5 583563927.87802493572 10208903
64 9.5 635505165.75001657009 10222743
65 9.5 672503291.66570234299 10209043
66 9.5 677812654.31658124924 10220172
67 9.5 607589897.40621244907 10213155
68 9.5 679102333.35976195335 10207397
69 9.5 533416651.53125023842 10208608
70 9.5 728221938.62386524677 10220497
71 9.5 691105374.90368771553 10218085
72 9.5 614858223.83156394958 10219298
73 9.5 518960310.34975093603 10216346
74 9.5 518264819.24183624983 10209021
75 9.5 631606639.64667856693 10209634
76 9.5 645321895.64293599129 10221319
77 9.5 646871019.93889701366 10219699
78 9.5 695171911.35507285595 10221714
79 9.5 480278034.69384908676 10212769
80 9.5 690689115.30366754532 10207970
81 9.5 616466898.69291007519 10211507
82 9.5 534526931.87505555153 10226184
83 9.5 579358484.62815248966 10225891
84 9.5 486138428.95178329945 10210095
85 9.5 580053925.43057906628 10233103
86 9.5 718297128.72968804836 10215546
87 9.5 721476781.42018949986 10207358
88 9.5 828795382.58442282677 10224530
89 9.5 838208893.84707391262 10221113
90 9.5 598611152.95808148384 10208989
91 9.5 726171509.35421705246 10214360
92 9.5 499671355.17873799801 10212883
93 9.5 672131808.46316480637 10222652
94 9.5 648925787.03965914249 10397826
95 9.5 614922531.91671156883 10251248
96 9.5 669650114.35711801052 10216073
97 9.5 638126780.82145166397 10213046
98 9.5 748532271.77526402473 10370480
99 9.5 728183664.76012063026 10225925
% Edges = 10
0 10 724028667.66040861607 10710660
1 10 629995817.76548469067 10727634
2 10 740938298.27561461926 10736535
3 10 646851161.00848674774 10727690
4 10 649459384.99644827843 10707861
5 10 650002591.10010480881 10705619
6 10 587292027.55478084087 10723377
7 10 569569260.38743710518 10734067
8 10 833131161.57813572884 10717784
9 10 526393806.13872343302 10734154
10 10 718150237.93258631229 10723048
11 10 672244030.3605812788 10702451
12 10 660361902.81144404411 10720846
13 10 777980899.8080971241 10724054
14 10 626886320.23298752308 10724647
15 10 821778873.77159297466 10715028
16 10 548222153.84344482422 10715133
17 10 777853781.90929234028 10738244
18 10 688683360.96820104122 10710772
19 10 704740516.07291209698 10712467
20 10 651606936.51265251637 10721272
21 10 638088680.64396154881 10709920
22 10 853072726.39894652367 10721022
23 10 610650137.11576163769 10739470
24 10 743644034.90764868259 10721439
25 10 586736654.70084059238 10739228
26 10 665033953.33050584793 10709572
27 10 709238197.0786178112 10704594
28 10 649317842.31473791599 10720617
29 10 864267937.79202497005 10703205
30 10 725046936.53953146935 10729742
31 10 656480387.16664457321 10722534
32 10 515248948.03919416666 10715742
33 10 572637837.91881072521 10716120
34 10 777135487.10037398338 10712398
35 10 682339503.00584077835 10738145
36 10 718529053.90761530399 10706125
37 10 730276506.18434202671 10723989
38 10 605323947.24941325188 10720272
39 10 593552764.73699891567 10728353
40 10 620526260.43930506706 10737344
41 10 536251662.76795649529 10727003
42 10 851516731.8327627182 10730753
43 10 736280704.49482679367 10710393
44 10 492022062.4253243804 10706209
45 10 775298359.22876572609 10718169
46 10 764733484.97859740257 10730413
47 10 646386175.55390048027 10722140
48 10 648613581.12638127804 10734917
49 10 714402385.88518238068 10709943
50 10 610502450.3272690773 10703254
51 10 667168247.77811181545 10745523
52 10 627080436.86000275612 10712317
53 10 570299570.46581578255 10735554
54 10 713703434.7168148756 10724125
55 10 751252673.14933753014 10717043
56 10 723988155.27800369263 10736539
57 10 756310045.60254585743 10713204
58 10 681353613.95216178894 10718585
59 10 755948258.80397117138 10717171
60 10 834234395.30215191841 10707152
61 10 675891072.77329444885 10720235
62 10 820582211.35794425011 10718795
63 10 725378773.17574131489 10743466
64 10 767631372.21526074409 10753058
65 10 707386443.16121768951 10716982
66 10 758278134.26773059368 10727849
67 10 685305292.76401925087 10707309
68 10 547583122.50075685978 10727113
69 10 771317713.74479961395 10726794
70 10 749204568.23736476898 10727834
71 10 698738453.22120583057 10720268
72 10 613643712.1951135397 10709589
73 10 675835749.07448792458 10722373
74 10 570186290.81660473347 10712415
75 10 877281260.07062637806 10729674
76 10 686021180.01913619041 10712352
77 10 636909179.55056059361 10721476
78 10 586425805.83519351482 10737012
79 10 520787471.78329861164 10754933
80 10 665362650.05596888065 10728606
81 10 738908680.80274069309 10729010
82 10 706501410.47634208202 10707527
83 10 565033189.95682525635 10721699
84 10 837034357.75021207333 10707062
85 10 713163126.06656444073 10714749
86 10 676187752.98151159286 10749961
87 10 750866409.83519208431 10720249
88 10 533121040.82857131958 10715803
89 10 541783254.39929401875 10723893
90 10 787595460.91982734203 10707226
91 10 719925862.80316078663 10752931
92 10 569897024.47512817383 10704101
93 10 860174012.30909836292 10718081
94 10 732631127.17615032196 10765463
95 10 979814631.92289626598 10715133
96 10 441882839.3127733469 10719043
97 10 689739053.82019591331 10730688
98 10 588678807.03378069401 10713713
99 10 719888742.08025896549 10723711
