% Edges = 0.1
0 0.1 0 43053
1 0.10000000000000000555 3436610547.8329806328 38765
2 0.10000000000000000555 5065338606.5102453232 36770
3 0.10000000000000000555 0 34823
4 0.10000000000000000555 3861699021.3701162338 33009
5 0.10000000000000000555 2798421529.8735713959 33651
6 0.10000000000000000555 2703896121.2399287224 33111
7 0.10000000000000000555 3665902643.0349855423 33162
8 0.10000000000000000555 0 33002
9 0.10000000000000000555 4580388710.0379695892 33105
10 0.10000000000000000555 1632433073.9871242046 33204
11 0.10000000000000000555 0 33206
12 0.10000000000000000555 3473985537.4590563774 33014
13 0.10000000000000000555 0 33161
14 0.10000000000000000555 0 33037
15 0.10000000000000000555 1907391398.934019804 33056
16 0.10000000000000000555 2315654654.4154939651 33036
17 0.10000000000000000555 2058931423.6060187817 33122
18 0.10000000000000000555 4812461513.4436407089 33015
19 0.10000000000000000555 1372602135.5243468285 33104
20 0.10000000000000000555 0 33032
21 0.10000000000000000555 1343152944.4997508526 32977
22 0.10000000000000000555 0 33098
23 0.10000000000000000555 2703271560.9522891045 33065
24 0.10000000000000000555 1349091623.5153634548 33022
25 0.10000000000000000555 3866717302.7926807404 33013
26 0.10000000000000000555 3885588224.5024981499 33078
27 0.10000000000000000555 3486177523.4044189453 33018
28 0.10000000000000000555 4147085919.9326663017 33094
29 0.10000000000000000555 1227510031.6251397133 33054
30 0.10000000000000000555 0 33036
31 0.10000000000000000555 1254000024.2449188232 33080
32 0.10000000000000000555 0 33027
33 0.10000000000000000555 1559599668.3908879757 33071
34 0.10000000000000000555 3029791602.7500724792 33114
35 0.10000000000000000555 1440110890.556255579 33097
36 0.10000000000000000555 2707111305.322599411 33084
37 0.10000000000000000555 1297240809.5917754173 33132
38 0.10000000000000000555 0 33045
39 0.10000000000000000555 5237910768.7700643539 33065
40 0.10000000000000000555 2903214493.4102578163 33176
41 0.10000000000000000555 3443486641.0123023987 33136
42 0.10000000000000000555 0 33067
43 0.10000000000000000555 1414429837.312548399 33082
44 0.10000000000000000555 1126792527.3473653793 33117
45 0.10000000000000000555 1216771412.6479620934 33013
46 0.10000000000000000555 1242528768.6038656235 32968
47 0.10000000000000000555 8658911159.9976482391 33103
48 0.10000000000000000555 2108249462.9387347698 33066
49 0.10000000000000000555 2807002083.4930653572 33056
50 0.10000000000000000555 0 33046
51 0.10000000000000000555 0 33161
52 0.10000000000000000555 1599588413.5041394234 33107
53 0.10000000000000000555 2446720414.6025986671 33017
54 0.10000000000000000555 6899760542.2461414337 33019
55 0.10000000000000000555 2644075267.493909359 33036
56 0.10000000000000000555 3344561965.8044157028 32916
57 0.10000000000000000555 0 32954
58 0.10000000000000000555 1319694541.5926105976 33036
59 0.10000000000000000555 1401901711.286516428 33060
60 0.10000000000000000555 3286966193.0680265427 33091
61 0.10000000000000000555 4580317643.9777297974 33075
62 0.10000000000000000555 0 32925
63 0.10000000000000000555 0 33128
64 0.10000000000000000555 6488077460.4381799698 32622
65 0.10000000000000000555 0 32214
66 0.10000000000000000555 0 32144
67 0.10000000000000000555 1450051187.6123783588 32166
68 0.10000000000000000555 6566044466.9431333542 32136
69 0.10000000000000000555 3502813758.1615533829 32141
70 0.10000000000000000555 1277644615.6623575687 32179
71 0.10000000000000000555 2535439485.8642787933 32232
72 0.10000000000000000555 0 32178
73 0.10000000000000000555 4293613991.6166787148 32286
74 0.10000000000000000555 3209796422.737944603 32059
75 0.10000000000000000555 4695426083.1505966187 32152
76 0.10000000000000000555 1452470668.3112931252 32123
77 0.10000000000000000555 1489821563.1994793415 32203
78 0.10000000000000000555 5590991929.4132347107 32285
79 0.10000000000000000555 2981954127.3757071495 32147
80 0.10000000000000000555 3458251516.9258875847 32181
81 0.10000000000000000555 3758375295.1807842255 32068
82 0.10000000000000000555 4297182235.681728363 32228
83 0.10000000000000000555 0 32143
84 0.10000000000000000555 1580653777.6100103855 32066
85 0.10000000000000000555 1451514272.8379526138 32210
86 0.10000000000000000555 2896310460.4208183289 32235
87 0.10000000000000000555 1480093357.9802441597 31998
88 0.10000000000000000555 1458971080.5074095726 32175
89 0.10000000000000000555 0 32206
90 0.10000000000000000555 2222737532.9152674675 32294
91 0.10000000000000000555 1629324705.9074654579 32223
92 0.10000000000000000555 3485739119.3479089737 32199
93 0.10000000000000000555 5871615121.2105550766 32150
94 0.10000000000000000555 1851176613.2125737667 32027
95 0.10000000000000000555 1693589285.7717661858 32160
96 0.10000000000000000555 6468618452.5433015823 32132
97 0.10000000000000000555 4029982987.7802677155 32259
98 0.10000000000000000555 3772770336.013379097 32149
99 0.10000000000000000555 4377936292.7468824387 32165
% Edges = 0.25
0 0.25 997692401.64492285252 85458
1 0.25 2858476999.667350769 83022
2 0.25 1985836407.7307801247 82456
3 0.25 1833585955.4047193527 82468
4 0.25 3053379279.4082307816 81921
5 0.25 2507117107.4111347198 82376
6 0.25 1460611056.0956158638 82073
7 0.25 2585631587.3912711143 82012
8 0.25 1132435541.2284872532 81976
9 0.25 4432409865.746676445 81965
10 0.25 1822911922.3597331047 81927
11 0.25 0 81933
12 0.25 1917536107.5360908508 82059
13 0.25 4964199829.3275108337 81804
14 0.25 1115745320.5192177296 81896
15 0.25 658609523.49836158752 81897
16 0.25 578406544.67714095116 81911
17 0.25 1613372536.4280123711 82014
18 0.25 1480641390.135589838 82067
19 0.25 3632926529.8928513527 81989
20 0.25 1655805291.3025882244 82132
21 0.25 1840436833.3756241798 81864
22 0.25 3814113003.6207480431 82035
23 0.25 3784847948.6339530945 82004
24 0.25 1864636562.0509128571 81935
25 0.25 2557029323.5453886986 82047
26 0.25 639174948.31233489513 82007
27 0.25 2404468151.9270029068 82033
28 0.25 4214112217.1366753578 82010
29 0.25 3204921501.3146123886 81962
30 0.25 1187911573.3779878616 82090
31 0.25 2057526715.5140702724 81960
32 0.25 1062944068.3788542747 82039
33 0.25 2288174259.7659173012 82163
34 0.25 2550569139.8865385056 82123
35 0.25 2229751060.7675557137 82085
36 0.25 660245656.24951946735 81980
37 0.25 2823736097.8685593605 82042
38 0.25 2963783758.3142876625 82073
39 0.25 1307129886.0473573208 82173
40 0.25 1372701915.6784603596 82169
41 0.25 3492220040.8868484497 81989
42 0.25 2135161273.9472732544 82079
43 0.25 3897646017.2898263931 81967
44 0.25 1510519856.3897633553 82137
45 0.25 3286327286.0349702835 81949
46 0.25 3860397574.6266732216 82010
47 0.25 2890788852.8761219978 81995
48 0.25 2620211024.459707737 82099
49 0.25 2441941898.7170777321 81996
50 0.25 1954367722.6761939526 82115
51 0.25 2232880491.0142698288 82026
52 0.25 3139082772.6785020828 82068
53 0.25 2920539866.7979326248 81869
54 0.25 2405824938.9494347572 82190
55 0.25 2685582162.1321139336 81895
56 0.25 2395362413.6831073761 81963
57 0.25 2647971714.019402504 81991
58 0.25 589559725.38287031651 81935
59 0.25 1738228015.1056752205 82030
60 0.25 3846206954.744260788 82009
61 0.25 4155624393.3724865913 81909
62 0.25 2247696425.3841404915 82022
63 0.25 578585080.15571010113 82039
64 0.25 4382350126.0359125137 82087
65 0.25 2434205678.9470105171 81911
66 0.25 3306052531.653632164 82013
67 0.25 2280556661.0757784843 81940
68 0.25 2507541059.1475572586 82093
69 0.25 2371071257.0132460594 82100
70 0.25 1819788873.5658967495 82142
71 0.25 2594247589.5877990723 81961
72 0.25 2382682151.3358106613 82105
73 0.25 2419407535.7229857445 81983
74 0.25 2449654364.100124836 82000
75 0.25 5365322109.8720645905 82104
76 0.25 1921444690.9353103638 81983
77 0.25 1459955510.3485219479 81916
78 0.25 3082248505.3398013115 82052
79 0.25 3112142742.9950933456 82553
80 0.25 3310053920.9784116745 82002
81 0.25 1084340440.612446785 82160
82 0.25 2485071630.5842518806 82005
83 0.25 1579566016.1243159771 81974
84 0.25 2667371708.8299369812 82041
85 0.25 1810551432.3893418312 82108
86 0.25 2279361919.3826179504 81982
87 0.25 2413793967.9552721977 81943
88 0.25 2046788378.5534751415 82090
89 0.25 1994351999.2796082497 82076
90 0.25 2078347476.7458591461 82034
91 0.25 2007617001.8382692337 81871
92 0.25 2859596253.0933189392 82072
93 0.25 1872598514.2719318867 82043
94 0.25 0 81931
95 0.25 2201235770.9603819847 81991
96 0.25 2332902346.1055388451 82103
97 0.25 1197006129.476398468 82147
98 0.25 602907077.22420716286 82146
99 0.25 0 81899
% Edges = 0.5
0 0.5 2957071100.3792357445 166279
1 0.5 2114115705.9855265617 165261
2 0.5 1837565939.4515399933 165358
3 0.5 860831932.94527435303 165802
4 0.5 2361161979.3210802078 164522
5 0.5 3005902034.4624147415 164579
6 0.5 4491201097.3937206268 164365
7 0.5 5789758347.4062194824 164130
8 0.5 2298802128.5954375267 164636
9 0.5 2411442145.9473671913 164478
10 0.5 2623218455.6535425186 164734
11 0.5 2727420465.4340481758 164520
12 0.5 2576278593.7295188904 164425
13 0.5 2645427055.5606923103 163985
14 0.5 2661298423.9930415154 164481
15 0.5 1388894943.4206044674 166405
16 0.5 2036269354.2408988476 175711
17 0.5 1670420299.4509243965 172180
18 0.5 1931719053.7045412064 169495
19 0.5 1754309673.1027569771 168196
20 0.5 888947984.65782189369 167435
21 0.5 2435384790.466366291 166814
22 0.5 3353253262.1941518784 166475
23 0.5 2578229425.7109074593 165980
24 0.5 1342670030.2580156326 165863
25 0.5 3364404431.6562533379 165570
26 0.5 3911029963.848613739 165624
27 0.5 1116257230.7378482819 165411
28 0.5 3052740820.6399240494 167221
29 0.5 2047294397.3237404823 175122
30 0.5 1900891443.7120704651 171225
31 0.5 3247337352.49127388 168878
32 0.5 2616709311.9874043465 167742
33 0.5 1679879362.5174331665 191457
34 0.5 2413123225.2330832481 171629
35 0.5 3102244121.9030895233 170713
36 0.5 1668935068.0583529472 171335
37 0.5 2131140820.2797663212 170578
38 0.5 2602969297.8533201218 170599
39 0.5 2271227839.4626684189 170179
40 0.5 779734119.70552563667 170644
41 0.5 1303312087.3659589291 182947
42 0.5 2678801710.0447192192 183437
43 0.5 2369491392.0573296547 177399
44 0.5 2684597190.0423569679 175311
45 0.5 1586059025.5191707611 170420
46 0.5 1101388783.1313350201 168212
47 0.5 3191237283.6974644661 167155
48 0.5 1359705249.2405745983 166717
49 0.5 2698812971.2211065292 166185
50 0.5 2090262937.9463021755 166457
51 0.5 4259517951.6870555878 165731
52 0.5 1458961788.5983071327 165906
53 0.5 2048068736.6009879112 167528
54 0.5 2865395388.6389307976 182501
55 0.5 2046332059.6548681259 175537
56 0.5 2155687852.903151989 172592
57 0.5 1393953809.6524164677 170057
58 0.5 1744834594.5957849026 168605
59 0.5 2581693695.7383174896 167829
60 0.5 3498467707.7406568527 167292
61 0.5 3426377775.064207077 166568
62 0.5 3004941076.3717427254 166595
63 0.5 1098209547.0254361629 166065
64 0.5 1726150383.6634774208 165912
65 0.5 1306011399.5856866837 165281
66 0.5 3003518303.3169651031 175420
67 0.5 3091838638.7994837761 178499
68 0.5 2527253859.1547412872 202989
69 0.5 2353696022.9584488869 176070
70 0.5 2116962388.4527552128 174198
71 0.5 3272609094.0012159348 173147
72 0.5 2197178733.4106330872 172219
73 0.5 304726842.70710062981 171435
74 0.5 2627606238.6218042374 171065
75 0.5 1966999660.7682099342 170723
76 0.5 2398333918.7801380157 170601
77 0.5 2472726333.6768455505 170320
78 0.5 2627666465.5843820572 176055
79 0.5 2242900860.2914028168 186987
80 0.5 5516515092.0817232132 176298
81 0.5 3363286014.6135568619 171117
82 0.5 3889628517.1625728607 169330
83 0.5 2595088044.5087499619 167694
84 0.5 2115505990.7802512646 167301
85 0.5 2055065612.3658220768 166703
86 0.5 1573317775.8310928345 166559
87 0.5 2793442135.5462841988 165983
88 0.5 3716099352.8727655411 165815
89 0.5 4238457843.6530447006 165456
90 0.5 4097692333.1207280159 165794
91 0.5 1854522067.4570338726 178350
92 0.5 3866693231.6107625961 179181
93 0.5 1234139223.0852048397 173473
94 0.5 2292189444.3334937096 170352
95 0.5 2126401707.4460954666 168595
96 0.5 1392327383.2835435867 167668
97 0.5 3739186054.4895677567 166595
98 0.5 2261146953.7267651558 166343
99 0.5 2202342235.0603265762 165756
% Edges = 0.75
0 0.75 3205431164.9758367538 245556
1 0.75 2431752832.5776586533 244954
2 0.75 2090515673.5610976219 255110
3 0.75 3396959647.5008473396 267380
4 0.75 2592308686.5658555031 255884
5 0.75 2196053820.0232014656 251160
6 0.75 3375266456.3645277023 247610
7 0.75 3035428479.7020230293 246231
8 0.75 1696293119.9283323288 245603
9 0.75 1500185878.5011043549 244990
10 0.75 2022646136.0730128288 244933
11 0.75 2466030570.8424191475 263303
12 0.75 2738574262.1363015175 256147
13 0.75 2537825763.3670120239 249524
14 0.75 1991473846.4027354717 247388
15 0.75 1949849475.3926053047 246080
16 0.75 2489722325.574575901 245555
17 0.75 1905149036.0173306465 270425
18 0.75 2746435279.2188773155 252245
19 0.75 2946778435.832259655 260160
20 0.75 1228463103.859401226 267332
21 0.75 2184211721.753633976 258945
22 0.75 1538343625.1081633568 256312
23 0.75 2754888389.0877866745 254501
24 0.75 1472907864.0145044327 253370
25 0.75 2187600941.586373806 247906
26 0.75 2001278678.8402667046 245271
27 0.75 1564049986.5698509216 245002
28 0.75 2706940822.8091592789 264900
29 0.75 4391223567.7330436707 254839
30 0.75 2552365283.4522857666 250242
31 0.75 3611390723.1377258301 247853
32 0.75 1874873896.0665581226 246879
33 0.75 2464946440.7131309509 245922
34 0.75 2499319797.1351332664 245658
35 0.75 880872316.53471159935 245091
36 0.75 2506997836.0921902657 253718
37 0.75 2452551983.7752180099 264575
38 0.75 1770016845.0404090881 254339
39 0.75 2200205634.4740829468 249960
40 0.75 2960098179.7052488327 248038
41 0.75 2005546881.7154994011 246597
42 0.75 1353520658.5875384808 246150
43 0.75 2373248456.6502561569 245569
44 0.75 2477141676.2204380035 245328
45 0.75 1711296463.6301681995 265840
46 0.75 2156775397.5231809616 260092
47 0.75 2899999093.202460289 252264
48 0.75 2475921487.7299537659 249262
49 0.75 1826524073.8485455513 247142
50 0.75 2040855677.3099951744 246652
51 0.75 2029883928.1752104759 245945
52 0.75 1161709219.3255300522 245608
53 0.75 2745325250.1097583771 278969
54 0.75 2622722726.401391983 279773
55 0.75 2424489474.7030277252 264028
56 0.75 769746544.21103298664 258424
57 0.75 2243895637.4499173164 255456
58 0.75 2544006776.4939222336 253952
59 0.75 3819811667.5119738579 253150
60 0.75 2917739273.8324317932 252686
61 0.75 2062781002.9503846169 246315
62 0.75 3049978736.0696644783 277942
63 0.75 2283960071.1890239716 257367
64 0.75 2796983301.807431221 250427
65 0.75 2927807873.4757966995 247149
66 0.75 2870725176.4274401665 245972
67 0.75 2745599747.496931076 245058
68 0.75 2605576252.2727127075 244707
69 0.75 2500180600.2084932327 244390
70 0.75 2962344366.8016810417 262192
71 0.75 2150422182.202026844 268076
72 0.75 2393598099.4726877213 254173
73 0.75 1598802416.8154354095 248496
74 0.75 2231170192.9494681358 246465
75 0.75 2168310727.8602223396 245091
76 0.75 2758238911.2917113304 244981
77 0.75 1665251599.7736470699 244422
78 0.75 4237940887.5447483063 244333
79 0.75 2241473825.3189058304 278389
80 0.75 2541803862.3831944466 259023
81 0.75 1855926728.2889442444 250014
82 0.75 2691412024.6134443283 246922
83 0.75 2338733496.9490709305 245494
84 0.75 2862623897.0353746414 245068
85 0.75 2579551452.3112101555 244270
86 0.75 1351736387.5296902657 244331
87 0.75 2858531705.193151474 256991
88 0.75 2380825666.4859418869 261692
89 0.75 1241522426.3351104259 250556
90 0.75 1916953801.5888943672 247072
91 0.75 3050460777.6012744904 245566
92 0.75 2090977339.6342692375 244965
93 0.75 2608626049.2908964157 244480
94 0.75 3062215788.7927312851 244336
95 0.75 2756674812.1023526192 244129
96 0.75 2226673319.3157939911 244688
97 0.75 2767629943.0050239563 243813
98 0.75 2473397782.0790271759 244030
99 0.75 3701216515.6264777184 243828
% Edges = 1
0 1 1648295295.309653759 333214
1 1 3351937032.0455212593 332165
2 1 3260959793.2985110283 331904
3 1 1705668185.0925614834 339141
4 1 2698231602.1650419235 346568
5 1 1565218270.3553948402 339017
6 1 1440970914.3574764729 335291
7 1 2007103237.1440696716 332919
8 1 1659913249.7263929844 333049
9 1 2397285909.7190108299 358314
10 1 1563779610.1248688698 358322
11 1 1977475711.1351029873 345681
12 1 2812941722.6098585129 342074
13 1 2276505933.1835093498 340235
14 1 2438505366.9385070801 339778
15 1 3077429661.4721341133 338760
16 1 2219188021.0733065605 348437
17 1 1521415517.9532516003 344263
18 1 2578902470.7964081764 370649
19 1 1790520092.6317830086 344746
20 1 1234006321.6223688126 343852
21 1 1446917001.3230392933 342538
22 1 2276657635.652358532 375313
23 1 1663795103.1820104122 365046
24 1 2871426490.5974187851 352039
25 1 1760848653.117626667 346877
26 1 2464379964.6571025848 344067
27 1 2633206787.9327411652 342681
28 1 2025588786.563565731 341554
29 1 2262324640.4470901489 354969
30 1 1537307608.6711935997 341407
31 1 2448469292.2137827873 336037
32 1 2159256671.8742847443 334248
33 1 2206585074.2847156525 333324
34 1 2882271223.483751297 332214
35 1 3206307485.2866282463 358090
36 1 4174829068.7386865616 342507
37 1 1172675497.343102932 336296
38 1 2387878633.2737059593 334758
39 1 1910247074.8469843864 345268
40 1 3658895398.4514274597 341853
41 1 1674640728.9926588535 366418
42 1 1048152897.5639053583 359323
43 1 2882158809.6760783195 348654
44 1 2519385879.461209774 344619
45 1 2666132903.0328922272 334869
46 1 2725738515.8911781311 332017
47 1 3849857919.2099351883 351107
48 1 2097154048.7194104195 352790
49 1 2843614894.6006278992 339399
50 1 2824192159.9084362984 335243
51 1 3871714998.6135311127 360497
52 1 2933131827.2383909225 342131
53 1 2137492313.3016636372 352198
54 1 2630169970.10160923 362799
55 1 2487167174.1810650826 348134
56 1 2497990854.1044516563 344493
57 1 2331632870.8933186531 333903
58 1 3429733799.8208041191 332044
59 1 2164665075.7759504318 331292
60 1 2786247092.0220718384 352792
61 1 1348685187.0995912552 338256
62 1 2058192885.7274472713 335035
63 1 2122601941.6426124573 333273
64 1 2188550552.7981677055 332658
65 1 2046179609.3478517532 332168
66 1 3862781125.1749973297 350564
67 1 1046956591.8399721384 343891
68 1 3021351952.9782238007 351206
69 1 2956943663.9485340118 344032
70 1 2325634952.8781757355 342713
71 1 2712863313.4886140823 341739
72 1 2453310635.5192909241 357898
73 1 2817042871.7876186371 362654
74 1 2108218909.9127671719 343099
75 1 3136134310.9192228317 335191
76 1 1417574923.7530121803 333249
77 1 2921045131.9601726532 332456
78 1 1923539505.7050590515 335162
79 1 3019915579.4480757713 360754
80 1 1500754970.1091747284 342945
81 1 2615511344.2181239128 336647
82 1 2564605410.9165878296 333926
83 1 2169877475.3763685226 332646
84 1 1740048472.7313301563 331832
85 1 2831971855.8995504379 361386
86 1 2161296110.2581858635 346074
87 1 2604025042.3524470329 336636
88 1 2196375242.3392081261 333757
89 1 2232884195.6148614883 332380
90 1 2034604898.0153510571 331961
91 1 3324760883.9362430573 355216
92 1 1664524213.5611658096 352499
93 1 3081608532.0584201813 338017
94 1 2685685255.9377679825 333890
95 1 2193138015.8619861603 332075
96 1 2007178514.3643267155 331275
97 1 1462586957.0221209526 341020
98 1 3346710549.4772019386 381524
99 1 2357061297.6485638618 352041
% Edges = 1.25
0 1.25 2699404251.7985887527 427375
1 1.25 3243772344.6601142883 423597
2 1.25 2046384804.9518432617 421396
3 1.25 1249552347.8181300163 452640
4 1.25 2187721051.1676335335 423212
5 1.25 2644650330.9517717361 415031
6 1.25 2044522868.9071173668 411426
7 1.25 2325237956.1614727974 410470
8 1.25 1588593546.2205290794 441801
9 1.25 2853348325.91310215 420154
10 1.25 2030413883.7092316151 412665
11 1.25 1830610051.9574682713 410916
12 1.25 1957321825.7014343739 410121
13 1.25 2671260014.6900730133 409540
14 1.25 2009264035.6385579109 411173
15 1.25 1334993118.2300498486 409533
16 1.25 2362034837.9171452522 409678
17 1.25 2562837638.5924048424 409866
18 1.25 2708331384.3549785614 410321
19 1.25 2636520531.1720261574 409751
20 1.25 2482047776.139342308 409809
21 1.25 2605080092.624162674 409549
22 1.25 2951138309.7353134155 422840
23 1.25 2427668846.0196819305 426024
24 1.25 2850816101.9482946396 437508
25 1.25 1945517288.7649116516 427689
26 1.25 1602981521.0843086243 421605
27 1.25 2229828775.9673871994 411463
28 1.25 1901435805.5752909184 413695
29 1.25 1356402024.5841646194 427846
30 1.25 2232389325.9333729744 416049
31 1.25 1710372297.3715877533 413860
32 1.25 4112087159.029250145 412420
33 1.25 2115896433.9773006439 411770
34 1.25 3125715182.1309270859 439723
35 1.25 2558513447.6985087395 420755
36 1.25 2083321545.5437405109 415206
37 1.25 2070872899.1399333477 412504
38 1.25 3445082223.6076264381 412305
39 1.25 2737097087.3816084862 440803
40 1.25 2751206298.6463065147 458845
41 1.25 1938913633.3125658035 428259
42 1.25 2052590524.1132314205 425856
43 1.25 1507770983.3737182617 424080
44 1.25 2036600778.2616651058 457469
45 1.25 1962577118.8673939705 443414
46 1.25 2028776916.6133234501 427755
47 1.25 1427674470.815299511 424354
48 1.25 1956569018.7282428741 423628
49 1.25 2526560591.9388823509 455584
50 1.25 2721627303.743057251 425273
51 1.25 2316937153.7357172966 414765
52 1.25 2693301309.0889010429 412700
53 1.25 3080291209.2366890907 411455
54 1.25 1700667046.9745965004 440970
55 1.25 1968401307.1898686886 423630
56 1.25 2883500092.3997106552 415542
57 1.25 3243142799.6713089943 412864
58 1.25 2149350236.1238327026 411207
59 1.25 2766930587.9379482269 441281
60 1.25 3058497750.1534724236 426968
61 1.25 3267003913.1147704124 415558
62 1.25 1953895056.928945303 412585
63 1.25 2725629069.493077755 411076
64 1.25 2441647535.8978528976 432784
65 1.25 2172102209.2693948746 423339
66 1.25 2814704926.7420172691 414849
67 1.25 2221897000.7518801689 412437
68 1.25 2416701283.2745685577 411218
69 1.25 3328435255.2024354935 443995
70 1.25 2241363601.5488214493 436045
71 1.25 1912878885.0062601566 427304
72 1.25 2569041306.7221298218 424363
73 1.25 2551679806.7236542702 423345
74 1.25 2543476431.93491745 427541
75 1.25 1596010082.9826533794 426786
76 1.25 2617532065.2056498528 416383
77 1.25 2309880625.0685558319 413194
78 1.25 2107754313.3748679161 412035
79 1.25 1959018087.4968106747 423672
80 1.25 2449842950.8876614571 434397
81 1.25 2449755186.6873145103 418475
82 1.25 2004754537.4486188889 414132
83 1.25 2786441610.8953289986 412274
84 1.25 3397799921.7026906013 418531
85 1.25 2569925619.7246136665 440493
86 1.25 2367952435.0569796562 420463
87 1.25 3388297164.033862114 414583
88 1.25 2920664010.2317848206 412289
89 1.25 1370554309.7214500904 414273
90 1.25 3106315315.7002339363 446920
91 1.25 1934256906.3357491493 421406
92 1.25 2650909958.4235944748 414421
93 1.25 2235705497.4046773911 432701
94 1.25 2769896644.7573776245 425773
95 1.25 2501233206.4701600075 468309
96 1.25 2512848815.6802945137 432379
97 1.25 2735705406.0778431892 418857
98 1.25 1980547816.3794558048 410832
99 1.25 2926533838.0235538483 412481
% Edges = 1.5
0 1.5 2557492792.6221752167 535638
1 1.5 1424342018.9778497219 497441
2 1.5 2800034535.1789283752 491402
3 1.5 2566845475.4051132202 488954
4 1.5 2049866570.282449007 534314
5 1.5 2458832978.0370998383 501816
6 1.5 2850028623.2887325287 491585
7 1.5 1970054863.4867305756 488795
8 1.5 1469939779.9266679287 516671
9 1.5 2212943026.5035738945 502567
10 1.5 2237872042.4272956848 518854
11 1.5 2008687585.6975653172 499111
12 1.5 2482566026.4890775681 498193
13 1.5 2748212901.5690846443 499791
14 1.5 2155259345.2343273163 486412
15 1.5 2707121409.1054315567 482336
16 1.5 2564427543.8604011536 482568
17 1.5 2618089762.3226666451 483344
18 1.5 2568238840.9316291809 482438
19 1.5 2936389573.6416988373 482605
20 1.5 2315608837.2427177429 482484
21 1.5 3876751253.7247385979 490017
22 1.5 1641816438.8089158535 490441
23 1.5 2334879731.3684000969 485598
24 1.5 2528474949.1332845688 484127
25 1.5 2842689929.7868499756 485450
26 1.5 2655147903.5554213524 502242
27 1.5 2192163713.6181139946 489068
28 1.5 1884977839.582255125 486118
29 1.5 1996223080.2671825886 484803
30 1.5 1311352413.3134241104 508699
31 1.5 2202614289.2630810738 498017
32 1.5 2572041966.5280718803 489735
33 1.5 2559863490.7928490639 486597
34 1.5 2769130772.7644271851 522133
35 1.5 2746868060.8380670547 525613
36 1.5 3312053780.9802012444 507867
37 1.5 2862331766.2524757385 502389
38 1.5 3377966447.7708163261 494413
39 1.5 2235395181.2402529716 513248
40 1.5 2382802293.8890500069 493064
41 1.5 3098138067.6815752983 486474
42 1.5 3048847173.8240470886 485288
43 1.5 1877029204.5034132004 513939
44 1.5 2302519041.3419127464 494823
45 1.5 2871697437.2560386658 487359
46 1.5 2036592836.080925703 485310
47 1.5 2208580970.0019760132 507888
48 1.5 3515298622.8539066315 503879
49 1.5 2139112342.3381021023 488700
50 1.5 2955977540.4125442505 485956
51 1.5 2152716376.7246632576 490527
52 1.5 2228668245.9500365257 520670
53 1.5 2158580340.4040541649 492110
54 1.5 2681852721.2656235695 505271
55 1.5 2569945135.5385737419 499229
56 1.5 2680667788.0636239052 532140
57 1.5 2001920515.1461935043 507026
58 1.5 2747968870.9944458008 490409
59 1.5 3347268486.2649049759 483870
60 1.5 1644476808.6976964474 502735
61 1.5 1937331335.4818973541 494201
62 1.5 2391601736.2065467834 524824
63 1.5 2320606360.9220380783 504373
64 1.5 1775896415.1436100006 521181
65 1.5 2066830594.3420057297 524851
66 1.5 2363474125.9311385155 496875
67 1.5 1684937163.3307859898 491218
68 1.5 2474157694.8506169319 491448
69 1.5 2620825007.8401703835 523523
70 1.5 1946645255.3196530342 498332
71 1.5 2738008034.4511203766 520491
72 1.5 1730137438.6597321033 504590
73 1.5 2572601239.7716608047 543116
74 1.5 1996234680.1795568466 526464
75 1.5 2582471602.3231005669 507670
76 1.5 3113869915.6785607338 504855
77 1.5 2747792217.9499998093 540929
78 1.5 1629391227.2427248955 503955
79 1.5 1839949245.0658054352 492759
80 1.5 2452506920.9636211395 490185
81 1.5 2319462721.2550139427 517277
82 1.5 2414933014.4757766724 511020
83 1.5 1996643746.8389997482 492966
84 1.5 2001098039.0115664005 489498
85 1.5 2693607885.3191699982 496085
86 1.5 2650080393.7742056847 529980
87 1.5 3766215620.4611272812 494972
88 1.5 3536625660.0366568565 489663
89 1.5 1945014082.0788955688 487966
90 1.5 2925108314.5569448471 535557
91 1.5 1888891692.1968865395 497340
92 1.5 2373045601.8361353874 490079
93 1.5 2207291432.2847776413 488567
94 1.5 2522244576.4611778259 517766
95 1.5 2431113132.5332379341 498070
96 1.5 998201354.51543939114 489139
97 1.5 2895269570.0242409706 487722
98 1.5 3158300011.3737454414 486857
99 1.5 2293906682.981344223 486762
% Edges = 1.75
0 1.75 1979317429.7744147778 566510
1 1.75 3367982882.7956352234 566461
2 1.75 2386091328.789044857 567033
3 1.75 2872565392.8671030998 566162
4 1.75 2667032183.9113540649 566379
5 1.75 3109795518.7763915062 568047
6 1.75 3572109803.308555603 570410
7 1.75 2758221176.8979024887 568929
8 1.75 2218120657.8055114746 567680
9 1.75 2042699416.1813354492 567098
10 1.75 3204858171.6872906685 585936
11 1.75 1883148629.6876811981 574590
12 1.75 2105907837.5628986359 591830
13 1.75 2436906348.7175064087 587403
14 1.75 2101955281.3734066486 620825
15 1.75 2805040545.7030773163 585753
16 1.75 2664729155.9628782272 571131
17 1.75 2091049573.9605600834 589301
18 1.75 3466859993.3867955208 591062
19 1.75 2318549675.8987326622 574882
20 1.75 2013593293.8091757298 570057
21 1.75 2795196246.9170436859 599155
22 1.75 2788008993.8899073601 580359
23 1.75 2336790379.8107376099 571669
24 1.75 2623743598.1031150818 570555
25 1.75 2486283636.4755220413 602196
26 1.75 2505105519.923871994 575948
27 1.75 2649470512.7264757156 570572
28 1.75 1505217909.9189121723 586067
29 1.75 2380484495.8825802803 614842
30 1.75 1871085201.4160561562 590442
31 1.75 2482343861.455619812 585723
32 1.75 2411995146.2180480957 620193
33 1.75 2790349413.8288135529 581398
34 1.75 2309629745.7488803864 570223
35 1.75 2609008966.0715665817 567652
36 1.75 2903034030.6484937668 600683
37 1.75 2058661074.3198130131 573128
38 1.75 2636854842.2501316071 569106
39 1.75 3185184410.2434248924 579671
40 1.75 2137368423.9284627438 584427
41 1.75 1546611333.9414200783 571563
42 1.75 1632332536.2393314838 569075
43 1.75 2085347963.9724230766 592727
44 1.75 2202719835.1906328201 580618
45 1.75 2266871957.0617332458 571730
46 1.75 2324240137.3863463402 588285
47 1.75 2582485702.2562513351 625151
48 1.75 2670930195.7419171333 595531
49 1.75 2896273760.6196532249 582695
50 1.75 1719653179.9342324734 581396
51 1.75 1941225190.1914048195 598383
52 1.75 2601651626.1849746704 575537
53 1.75 2211282269.8871436119 569861
54 1.75 2371263916.8211240768 599836
55 1.75 2079322508.3221201897 585680
56 1.75 1520188142.0744388103 571829
57 1.75 2842385233.8175039291 568400
58 1.75 2207470901.3465332985 615263
59 1.75 2837486544.155500412 575667
60 1.75 3343871819.3835463524 568826
61 1.75 2906069343.7255802155 578138
62 1.75 3006569915.0244069099 608229
63 1.75 2326748854.2502522469 590082
64 1.75 2550933790.7885756493 584398
65 1.75 2541861741.0562725067 628078
66 1.75 3374304472.7097101212 598438
67 1.75 2996389056.3422474861 568293
68 1.75 1962416436.1002380848 566256
69 1.75 3052635465.1462545395 602630
70 1.75 2701251540.6548600197 572320
71 1.75 1794987818.0640294552 565996
72 1.75 1496593695.4803636074 565634
73 1.75 1724429772.7132213116 564838
74 1.75 2131668820.4362318516 564801
75 1.75 2575357016.9971971512 564845
76 1.75 3191757089.6454706192 566024
77 1.75 2054526322.2790570259 564912
78 1.75 1730647954.8186299801 565320
79 1.75 2433849030.3293013573 565097
80 1.75 2793818445.6603360176 588828
81 1.75 2858127573.7964744568 586114
82 1.75 3212553485.1165390015 580736
83 1.75 2427340798.6890640259 581092
84 1.75 1890021959.0636529922 595452
85 1.75 1979970151.662273407 571240
86 1.75 2602872956.5152616501 568293
87 1.75 2638751793.8960409164 575357
88 1.75 2925000917.4023900032 593182
89 1.75 2702713668.4786200523 574291
90 1.75 2019231798.4461932182 569589
91 1.75 2292860849.1560773849 591716
92 1.75 1400181033.6852469444 586652
93 1.75 2552694785.9749221802 571940
94 1.75 1995573464.674516201 568728
95 1.75 2839822622.1696677208 600382
96 1.75 3336309345.1181516647 577986
97 1.75 2071242108.0489330292 569856
98 1.75 2349158482.7265424728 596019
99 1.75 2209248054.6616477966 618509
% Edges = 2
0 2 2769126273.6044416428 704047
1 2 2146928150.6878423691 690322
2 2 2917075376.9259252548 734975
3 2 2869687640.2943320274 703691
4 2 2792011837.6578321457 697387
5 2 2984955739.0812563896 738893
6 2 2838567541.1776437759 703829
7 2 2746528846.3119072914 696591
8 2 2676810319.1041035652 728364
9 2 2053495803.7888457775 700897
10 2 2587242241.2110128403 696873
11 2 3211546613.7394018173 722452
12 2 2486144260.0470323563 722193
13 2 2404778994.7661476135 718720
14 2 2077438224.4995632172 754218
15 2 2930541331.1482219696 741574
16 2 2383317149.0857515335 1020456
17 2 2701124641.9218063354 1036639
18 2 2376866213.3357224464 990468
19 2 2403683817.9983863831 1023376
20 2 2090665208.028547287 988082
21 2 2441240975.1070446968 1029620
22 2 2231466719.1651325226 989618
23 2 2183677275.3504505157 1059814
24 2 2644031677.9600543976 1013485
25 2 2502241701.9682745934 1035640
26 2 2920826984.7268457413 988751
27 2 2551116247.2843484879 1025509
28 2 2746172607.6979722977 993441
29 2 3191300983.6580848694 1004135
30 2 3054772763.6136217117 993031
31 2 2200283444.9305038452 979595
32 2 3000194673.4628567696 977749
33 2 2210003966.5053515434 997563
34 2 2528654254.9285912514 998587
35 2 3227868307.5718855858 981726
36 2 2826816187.6795606613 1013853
37 2 2742173751.738802433 982074
38 2 1808271631.2091002464 1011246
39 2 1819928115.9899611473 990414
40 2 2755541273.2348651886 1014328
41 2 3620877567.6953983307 995760
42 2 2073983644.1056809425 1010266
43 2 1887276615.0063581467 1024582
44 2 2913395190.9942240715 1029449
45 2 2082965536.6124129295 1010096
46 2 2383813998.4290952682 992262
47 2 2883765231.2765483856 1016854
48 2 2724311258.2847709656 988966
49 2 2296002834.5233230591 1027938
50 2 2479404171.5954437256 987168
51 2 2130820350.1626052856 1017078
52 2 2958041006.0567131042 987093
53 2 1514118666.7349030972 1039970
54 2 2004332972.1320381165 1015767
55 2 2330117739.0112276077 1027608
56 2 2384409284.6522259712 1004000
57 2 3114394211.0904445648 1142187
58 2 2146365386.0734775066 1076321
59 2 2392686380.7468848228 1175158
60 2 2518914947.7755880356 1080532
61 2 2623472763.1215143204 1206308
62 2 2606828204.3885860443 1079754
63 2 2280158007.143643856 1281909
64 2 2552171998.7696647644 1017482
65 2 2825193910.962990284 1230891
66 2 2491506379.5484147072 986672
67 2 2284713620.2329201698 1229367
68 2 2086472137.8857712746 962984
69 2 2276695344.346760273 1110746
70 2 2787454773.1672277451 940675
71 2 2660896130.1362161636 857179
72 2 2274329847.8715295792 826180
73 2 2489620062.7523732185 825458
74 2 2717208654.9147362709 867358
75 2 2222381057.7593922615 797095
76 2 2071116837.6568772793 866480
77 2 3268710351.6217727661 837665
78 2 2704172048.5742044449 965397
79 2 2715110292.7147808075 877687
80 2 2458863097.4389400482 1019350
81 2 2972695724.6392273903 984254
82 2 2104201561.6391143799 899092
83 2 2709726992.6674189568 1054419
84 2 2046594477.8263700008 983147
85 2 2095768710.0975031853 920345
86 2 2094018684.8646605015 1025469
87 2 2348006014.9306960106 871499
88 2 2266661834.517077446 927314
89 2 2753886362.3457889557 888324
90 2 1982212536.9790184498 826711
91 2 2111848915.6933600903 918474
92 2 2005831882.0929324627 801574
93 2 1893601191.4469656944 803501
94 2 1280493541.8119530678 795499
95 2 1900080527.9345695972 822253
96 2 1908419073.4253549576 764727
97 2 2428616665.7397470474 789815
98 2 2130169267.3297932148 749966
99 2 2555726052.4774723053 790423
% Edges = 2.25
0 2.25 2162492739.9727253914 835953
1 2.25 2152077251.4592776299 866705
2 2.25 2584058087.7480006218 833380
3 2.25 2202505423.1030597687 881070
4 2.25 3175459855.8759269714 834049
5 2.25 2317775120.1484670639 1041846
6 2.25 2160814212.5058021545 1005301
7 2.25 2449991915.3941855431 991741
8 2.25 2050240726.0561025143 868477
9 2.25 2152240259.9414725304 846902
10 2.25 1910948824.0753159523 842930
11 2.25 2056437632.3522164822 826776
12 2.25 2344071603.9247369766 857913
13 2.25 2366602816.0245103836 828285
14 2.25 3196566293.9274115562 867056
15 2.25 2778716345.0754585266 831454
16 2.25 3462179363.6913018227 865220
17 2.25 2674734301.6301589012 856076
18 2.25 2560704638.9993972778 893670
19 2.25 1596263828.7643096447 847445
20 2.25 2148120265.9901590347 864835
21 2.25 2325669167.6522121429 829040
22 2.25 2295154979.5899634361 868413
23 2.25 2574093082.1125612259 830879
24 2.25 2326695572.6834363937 856910
25 2.25 2402834320.8758759499 829654
26 2.25 1926750908.4167928696 850171
27 2.25 2257375055.2556314468 828865
28 2.25 2620607838.7776908875 853931
29 2.25 2286986419.2995219231 864408
30 2.25 2728085458.9776639938 888099
31 2.25 1811410235.4344408512 848999
32 2.25 2200818578.413772583 858762
33 2.25 2931666110.8413734436 837758
34 2.25 2805863454.3388414383 858692
35 2.25 2944727215.0880789757 841640
36 2.25 2167258143.5004038811 861716
37 2.25 2525554083.2000041008 841098
38 2.25 2634052932.3992643356 855788
39 2.25 2540829745.7828717232 844523
40 2.25 2856934859.1212153435 862943
41 2.25 3209110730.9576148987 878960
42 2.25 2200506006.6814002991 869825
43 2.25 2774499205.6538925171 843952
44 2.25 2619521500.1563539505 820498
45 2.25 2012737631.1938920021 817341
46 2.25 3471152738.2348322868 816253
47 2.25 2906263277.0115423203 816805
48 2.25 2917860469.7061700821 817251
49 2.25 2529201895.7387514114 817340
50 2.25 2599280329.2747673988 818721
51 2.25 3005323815.4742732048 816954
52 2.25 2097749048.6486420631 851540
53 2.25 1847249067.9119398594 865011
54 2.25 2781731683.9471960068 848832
55 2.25 2174897250.648876667 865862
56 2.25 2733849690.0479741096 828263
57 2.25 2314257449.7938876152 825284
58 2.25 2115604368.6514925957 854880
59 2.25 2981438338.9168820381 823879
60 2.25 2693505560.0483198166 845334
61 2.25 2881185183.8018803596 836021
62 2.25 2333147133.8959770203 821304
63 2.25 2916795066.9375452995 858203
64 2.25 1776344527.2581069469 845229
65 2.25 2474081268.8678941727 851080
66 2.25 2275686589.6160674095 894056
67 2.25 1834455886.4121527672 826583
68 2.25 2472504705.6103801727 845170
69 2.25 2138320768.1848735809 828951
70 2.25 2538061455.1693906784 819004
71 2.25 2656676874.5800080299 845897
72 2.25 2690758249.8737068176 825042
73 2.25 2336198594.3666996956 826493
74 2.25 1479443450.1820743084 846702
75 2.25 1852411150.0517988205 822737
76 2.25 2181314241.9666633606 867415
77 2.25 1731164742.4191384315 865154
78 2.25 2760861771.7466487885 848477
79 2.25 1946896827.5927956104 862665
80 2.25 2334929897.8723554611 825643
81 2.25 2378872193.1051902771 826931
82 2.25 2314867685.1685495377 858412
83 2.25 2112458917.6937932968 821814
84 2.25 2447528678.3980727196 855398
85 2.25 2853100627.6574177742 833481
86 2.25 2630439130.1607785225 817511
87 2.25 1734259221.3651580811 867013
88 2.25 2037401753.2713954449 846009
89 2.25 1868270895.0061736107 853876
90 2.25 2338414949.6541185379 886339
91 2.25 1688804960.3545432091 817537
92 2.25 2397347532.9578857422 843906
93 2.25 2337628648.2514686584 822361
94 2.25 2533291478.0371336937 813967
95 2.25 1918711506.0020775795 814136
96 2.25 2371482814.4600362778 812185
97 2.25 2153522103.9503316879 813171
98 2.25 2201803369.269138813 812548
99 2.25 2010092534.2864480019 812371
% Edges = 2.5
0 2.5 2848830072.0409965515 920675
1 2.5 3027419157.8637638092 911065
2 2.5 2254947752.9339122772 931615
3 2.5 2805720358.8820714951 918908
4 2.5 1805343957.5453794003 902830
5 2.5 2738827205.3259310722 943076
6 2.5 1999662789.7331559658 909235
7 2.5 2490234981.973982811 929812
8 2.5 2992842239.1905670166 918952
9 2.5 2693815179.3925204277 903317
10 2.5 1884486745.7442688942 942197
11 2.5 2363542648.6829190254 933717
12 2.5 2024466053.106115818 972192
13 2.5 1836299488.3729670048 927792
14 2.5 2101599614.9523336887 918949
15 2.5 2628195708.7762465477 936191
16 2.5 2575230757.5109968185 904404
17 2.5 2368418593.6556053162 935790
18 2.5 2636287406.8481178284 905747
19 2.5 2912179066.2943334579 919928
20 2.5 2393436688.1467328072 914410
21 2.5 2596398655.9495458603 903242
22 2.5 3014763236.9585404396 974124
23 2.5 2140937555.2127904892 935696
24 2.5 2412060488.5466675758 946051
25 2.5 2391489498.2277526855 915140
26 2.5 1925280114.5081338882 910363
27 2.5 2726150029.3094100952 941955
28 2.5 2110963650.4028031826 906172
29 2.5 2529414084.2517170906 944357
30 2.5 1727267392.9987156391 911896
31 2.5 2454325822.4153003693 924376
32 2.5 1874361493.5038826466 930876
33 2.5 2468789473.8835067749 939855
34 2.5 2883761329.497774601 988138
35 2.5 2902895967.7779450417 907209
36 2.5 2502122572.8549795151 941038
37 2.5 2097950515.6638464928 914383
38 2.5 2441384765.7016763687 901317
39 2.5 2547728986.3810539246 930258
40 2.5 2847331742.4144806862 900472
41 2.5 2418163315.9609069824 896364
42 2.5 1845281460.8972826004 896223
43 2.5 2180422498.8985114098 902345
44 2.5 2764626551.519156456 924481
45 2.5 2727131724.5070090294 924536
46 2.5 2997069357.7545938492 897126
47 2.5 2291408038.7752680779 895511
48 2.5 2363413996.5097250938 911172
49 2.5 2380046794.468580246 905670
50 2.5 2079099052.34212327 903938
51 2.5 2980592580.2384881973 937109
52 2.5 2435695236.8689208031 903918
53 2.5 2476861945.2737817764 934434
54 2.5 2976890931.6856017113 909144
55 2.5 2291286227.995973587 913437
56 2.5 2400433943.8658671379 927424
57 2.5 2464896744.5011148453 902513
58 2.5 2301487525.9786658287 939425
59 2.5 2392125200.0221018791 907058
60 2.5 2547683006.2788672447 925973
61 2.5 2112776619.9324059486 923625
62 2.5 2012513474.9262359142 901049
63 2.5 2956624110.5467443466 935302
64 2.5 2157210927.7004270554 901831
65 2.5 3097897438.9903349876 921096
66 2.5 2291302530.2074933052 909048
67 2.5 1877454589.9029152393 899836
68 2.5 2712471877.3815617561 936038
69 2.5 2786299646.9030733109 903214
70 2.5 3243942515.0855560303 933435
71 2.5 2945961363.2359528542 912309
72 2.5 2755127432.1669387817 907943
73 2.5 2026462045.3922584057 939192
74 2.5 1477267231.0978937149 903867
75 2.5 2567611615.0104689598 943054
76 2.5 2644675002.810005188 908142
77 2.5 2145018656.2797539234 923065
78 2.5 2403413568.1275529861 928431
79 2.5 2768942421.3721613884 900343
80 2.5 1659180672.8442947865 950245
81 2.5 2813336871.7717885971 903471
82 2.5 2535949473.4665150642 934534
83 2.5 1947299357.7235701084 921304
84 2.5 2153216340.5180053711 898140
85 2.5 2813655877.2595701218 933724
86 2.5 2558369667.2452435493 898128
87 2.5 1965290460.4661028385 895741
88 2.5 1681331176.3574764729 894848
89 2.5 1673317260.5806200504 894894
90 2.5 2588150380.9245262146 895597
91 2.5 2811217829.6995296478 894810
92 2.5 2078638608.7294480801 894615
93 2.5 2446764779.6919193268 894192
94 2.5 3158482495.1353774071 906332
95 2.5 2508525196.4549636841 908169
96 2.5 2455851258.5633769035 897959
97 2.5 2282191008.2020564079 940359
98 2.5 2810050196.8466491699 904198
99 2.5 2988228436.9824709892 928535
% Edges = 2.75
0 2.75 2761625222.0838880539 1000543
1 2.75 3121994805.0493531227 982948
2 2.75 2459881247.9562191963 996142
3 2.75 1781288838.0487532616 969962
4 2.75 2135739638.2915496826 1013572
5 2.75 3460607293.7099819183 973398
6 2.75 2971795762.76167202 1012540
7 2.75 1955261519.6352951527 976366
8 2.75 2584993171.3890948296 994481
9 2.75 2580303791.9777755737 980605
10 2.75 1898016780.6777479649 976246
11 2.75 2623577325.4563302994 991621
12 2.75 2014823755.2696506977 969761
13 2.75 2496487938.3919587135 1005492
14 2.75 2215676252.9743094444 972660
15 2.75 2583031919.3822045326 1006296
16 2.75 1965775076.5224845409 979126
17 2.75 2745486479.5199570656 996570
18 2.75 2400865291.9182338715 991438
19 2.75 2141169484.3415358067 977657
20 2.75 1822763860.0457539558 1012141
21 2.75 2463511174.7900114059 971428
22 2.75 2019807438.6995561123 1019415
23 2.75 2637755286.1255602837 972240
24 2.75 2082881530.1377542019 1013679
25 2.75 2220538592.2215547562 977823
26 2.75 2745868834.5692477226 998183
27 2.75 1798017442.5928940773 993112
28 2.75 2677621796.58624506 970128
29 2.75 3026881291.345477581 1000304
30 2.75 2034046244.1978936195 966380
31 2.75 2027048201.8535354137 964875
32 2.75 2277453532.6069393158 963807
33 2.75 2292619997.6271123886 963932
34 2.75 2519505114.6111426353 963383
35 2.75 2147576842.8081412315 963674
36 2.75 2349685510.921037674 963397
37 2.75 2595435385.8579759598 966646
38 2.75 1390996208.4906201363 985302
39 2.75 2358664968.3749880791 967505
40 2.75 2096193561.6447424889 1009581
41 2.75 1969081241.1641426086 974190
42 2.75 1453107612.0932223797 1003551
43 2.75 2093638327.0042321682 978324
44 2.75 2823711424.9602713585 992900
45 2.75 1748764036.9585258961 987075
46 2.75 1941397243.8281328678 976007
47 2.75 2854865703.472650528 1008965
48 2.75 2273607705.9475011826 972537
49 2.75 2741182980.3476991653 1015109
50 2.75 2542385498.175714016 973751
51 2.75 2232007037.9979410172 998394
52 2.75 2576436205.9884371758 976561
53 2.75 3103924483.1713986397 986419
54 2.75 2414929698.0718417168 983330
55 2.75 2568709372.5836629868 969265
56 2.75 2413855439.9298334122 1007104
57 2.75 2250983675.5048475266 972264
58 2.75 2048143991.2301158905 1008981
59 2.75 2848737327.5536580086 977353
60 2.75 2434848738.4861454964 1003673
61 2.75 2812581970.1003036499 985727
62 2.75 2486385050.7061648369 988819
63 2.75 2291086640.5878129005 1002549
64 2.75 2278603041.2884411812 970432
65 2.75 3345344752.5940289497 1022211
66 2.75 2465260556.9870114326 971429
67 2.75 1993125598.4654662609 1017602
68 2.75 2727270404.8546800613 973240
69 2.75 2829761032.5239109993 1008782
70 2.75 2676716657.4144020081 981866
71 2.75 2411396060.765381813 976144
72 2.75 2331645287.8601608276 992006
73 2.75 1995713025.9572703838 965616
74 2.75 2505351821.5756645203 964431
75 2.75 2957604390.2717189789 963175
76 2.75 2081458001.341455698 963519
77 2.75 2121062126.9970428944 963184
78 2.75 2158885139.5214142799 962826
79 2.75 2487386576.4095401764 962914
80 2.75 1839261972.4232490063 971945
81 2.75 3116113525.9037685394 980028
82 2.75 2339090361.3378462791 970376
83 2.75 2245253159.6114387512 1007889
84 2.75 2529150902.5172867775 971528
85 2.75 2708055555.3835988045 1006675
86 2.75 3047374948.0357756615 974773
87 2.75 3105902792.307636261 998075
88 2.75 2024067929.6288177967 981548
89 2.75 2922113798.6871032715 984500
90 2.75 2331321918.8057332039 998457
91 2.75 2532900894.0903344154 969880
92 2.75 2018118668.3404331207 1018375
93 2.75 2127928831.1857948303 971190
94 2.75 2277766748.262149334 1001163
95 2.75 2497337779.3863015175 972742
96 2.75 2415158371.633523941 989286
97 2.75 2129519448.3021345139 978716
98 2.75 2949221427.0868186951 977758
99 2.75 2375507087.8239789009 997058
% Edges = 3
0 3 2095539188.6622414589 1056540
1 3 2489245039.9704327583 1116451
2 3 2643086990.962053299 1074648
3 3 2525427316.6241354942 1119686
4 3 2196288898.6389579773 1074805
5 3 1962734549.0660331249 1120625
6 3 2410717409.7697610855 1074175
7 3 1884327569.4309809208 1123071
8 3 2137861725.9025602341 1072909
9 3 2400376619.8590230942 1122538
10 3 2887001928.1067214012 1071858
11 3 2722449353.0119557381 1122739
12 3 2671862877.7995553017 1071186
13 3 2265036360.9502196312 1104971
14 3 2217206400.6842188835 1069606
15 3 1866908848.6910364628 1066936
16 3 2791334055.3644123077 1064739
17 3 3057555383.7475528717 1066081
18 3 2292046684.1075935364 1065747
19 3 2656862416.916326046 1065815
20 3 2800941067.0556297302 1065143
21 3 2322423290.3008179665 1085247
22 3 2705779475.3670539856 1073111
23 3 1813598384.0865645409 1107124
24 3 1994984456.7317137718 1081755
25 3 2015540075.8469600677 1105833
26 3 2408681684.0974450111 1080180
27 3 2666141562.1091661453 1103212
28 3 3226108404.6914372444 1081194
29 3 1827197859.2885708809 1104718
30 3 2137827670.394056797 1084834
31 3 3004893264.5898990631 1107241
32 3 3312211905.4683852196 1086569
33 3 2239086783.4349932671 1095850
34 3 1907259765.6433873177 1082735
35 3 2452463764.3492383957 1090676
36 3 1930679508.9684221745 1083783
37 3 2490740280.1703424454 1090207
38 3 2165490049.0167293549 1090905
39 3 2900676600.4598994255 1087757
40 3 2202318490.9884738922 1101453
41 3 2084874470.0323975086 1081547
42 3 2463947880.5395584106 1111137
43 3 2785850339.5502409935 1080968
44 3 1645767321.2036049366 1114607
45 3 2584148780.1984090805 1078965
46 3 1966646867.2499783039 1117766
47 3 2633854626.5305352211 1070229
48 3 2505522779.126871109 1124332
49 3 2623947632.0973968506 1069389
50 3 2684674039.8003559113 1124859
51 3 2504894087.2684502602 1069244
52 3 1549310228.6875021458 1105225
53 3 2229096963.6010689735 1067645
54 3 2613944233.3792452812 1066074
55 3 2808658166.0063490868 1065575
56 3 2294527525.9149217606 1065018
57 3 2449954766.6336641312 1065351
58 3 2583574047.480079174 1064965
59 3 2860366151.4127922058 1064731
60 3 2786835263.0241975784 1088215
61 3 2459542265.6488242149 1070703
62 3 1581546753.5273282528 1111771
63 3 2264980405.2643685341 1075756
64 3 2723316052.6106753349 1109602
65 3 2522062420.5421533585 1075249
66 3 2471241998.8771038055 1108046
67 3 2873229258.7645320892 1076029
68 3 2163346168.7836894989 1110892
69 3 2407104298.197183609 1076922
70 3 1967127990.7246205807 1114054
71 3 2769838284.0484833717 1078371
72 3 2834358014.8179626465 1101870
73 3 2787437823.4977831841 1076442
74 3 2675957823.6897439957 1095472
75 3 2310325325.9593720436 1077766
76 3 1857214508.619920969 1099059
77 3 2621910034.8467845917 1081329
78 3 2575639887.8213381767 1102260
79 3 2385673314.0052995682 1087157
80 3 2699075953.2793283463 1102435
81 3 2899512860.1362605095 1091687
82 3 2523191106.7126731873 1100260
83 3 2295301949.4940214157 1093965
84 3 2527168298.7311387062 1099969
85 3 2249638557.2892107964 1096291
86 3 2297928878.9947896004 1091709
87 3 2249214507.3296322823 1102600
88 3 2782975454.0856571198 1083235
89 3 2553818270.7628469467 1110854
90 3 2727960310.4534311295 1072036
91 3 2981069930.8427195549 1099684
92 3 2360572783.044403553 1068134
93 3 2279824116.4350943565 1066289
94 3 2581013477.2563214302 1064986
95 3 2268879224.1330523491 1064922
96 3 2464710825.4312057495 1064472
97 3 1754156849.2891216278 1065849
98 3 3377419065.644097805 1067397
99 3 2115485971.6031246185 1086970
