% Edges = 0.1
0 0.1 528421780.63611936569 2618152942.0022287369 11523939714.039505005 186719
1 0.10000000000000000555 513328884.3101002574 2331204551.1220965385 10551826238.601787567 168129
2 0.10000000000000000555 527178606.75234335661 2690112672.9158139229 11829877736.832521439 166359
3 0.10000000000000000555 539475193.72422218323 2508815174.5763101578 11432430974.372400284 168591
4 0.10000000000000000555 504498556.96228992939 2200855201.3590140343 9023087209.1411209106 166432
5 0.10000000000000000555 546528668.0755405426 2513009950.9640388489 10192836608.27063179 174817
6 0.10000000000000000555 517894230.08664345741 2459715252.6743335724 10462239455.907361984 176331
7 0.10000000000000000555 516186881.80484193563 2408025905.7971630096 9793670197.6620788574 173636
8 0.10000000000000000555 534437025.76999074221 2574674173.519469738 11994892272.749250412 174209
9 0.10000000000000000555 510851388.12143361568 2511869309.102581501 12347602280.609754562 171438
10 0.10000000000000000555 519828695.62386471033 2468651737.2327475548 9988480445.8400936127 169831
11 0.10000000000000000555 543765124.23907637596 2487255395.3304362297 11282429348.727109909 171702
12 0.10000000000000000555 525065596.5583615303 2365672135.0988931656 11444186230.233423233 170904
13 0.10000000000000000555 546394462.16762983799 2568172205.7877392769 12278448954.976385117 171032
14 0.10000000000000000555 513380589.1096984148 2365846282.5418863297 11628616992.749898911 172041
15 0.10000000000000000555 524015133.29907667637 2616671815.6677079201 11664807597.463230133 172900
16 0.10000000000000000555 527476254.10088318586 2353233020.7795562744 10065218902.362560272 171307
17 0.10000000000000000555 521586361.77979636192 2333039391.3825054169 9068576125.5961723328 170646
18 0.10000000000000000555 513026491.44511753321 2488108555.3882055283 11552146966.316503525 175240
19 0.10000000000000000555 530884123.38464635611 2525612583.1504797935 10943761372.625606537 174049
20 0.10000000000000000555 543501274.54508042336 2395763271.7985754013 9314486843.1590805054 174694
21 0.10000000000000000555 514936473.36013299227 2248466737.3144483566 9054583219.1818943024 171752
22 0.10000000000000000555 535712433.46457153559 2665029294.1696925163 12200994617.091241837 174478
23 0.10000000000000000555 511651071.1655035615 2281454481.4736075401 10269028756.077102661 173493
24 0.10000000000000000555 549790278.14781272411 2518337090.9326343536 11580749420.759828568 212753
25 0.10000000000000000555 524457130.24193644524 2476304765.6197543144 10919784181.417205811 182038
26 0.10000000000000000555 512546422.89392256737 2430173879.5399103165 11506571035.108181 177951
27 0.10000000000000000555 537189420.48782253265 2527390319.9098334312 11071582205.107582092 176469
28 0.10000000000000000555 534300425.89411765337 2394126750.8162846565 9841370785.4115161896 173798
29 0.10000000000000000555 542530797.5500164032 2461141767.0061926842 10850392987.638494492 172593
30 0.10000000000000000555 528872579.54505389929 2366824169.0974984169 10510778634.585382462 178464
31 0.10000000000000000555 542830232.57000160217 2444914699.6565027237 10445054910.882886887 182204
32 0.10000000000000000555 526532053.73569762707 2532246104.8343548775 10272946320.144987106 186675
33 0.10000000000000000555 532092672.93351984024 2451370050.5608744621 10583251650.671348572 191292
34 0.10000000000000000555 513123901.52618223429 2175804927.1457629204 8610182335.3910675049 194297
35 0.10000000000000000555 515561040.05023396015 2383679300.6520614624 9923354824.6281051636 191488
36 0.10000000000000000555 527973475.47319662571 2525213930.7756724358 12430589266.676612854 215720
37 0.10000000000000000555 527424873.41245466471 2379352002.8395547867 9545844622.6301460266 186409
38 0.10000000000000000555 535982192.17240154743 2468132023.6277933121 10751537325.819532394 184208
39 0.10000000000000000555 539935734.1631321907 2524609672.901204586 11613747716.80622673 178220
40 0.10000000000000000555 518586113.09751969576 2448661034.2111034393 10370783307.000995636 198501
41 0.10000000000000000555 539951731.03280222416 2682366082.546672821 13573376713.934404373 178849
42 0.10000000000000000555 511087826.57901239395 2333558947.6373491287 10642527146.193792343 175751
43 0.10000000000000000555 526581700.82018339634 2495873371.1381773949 10621741780.166946411 176058
44 0.10000000000000000555 534899391.42199897766 2409204507.5549845695 10972697003.248693466 183465
45 0.10000000000000000555 517151468.60391354561 2356587562.0476317406 10313308479.68667984 193503
46 0.10000000000000000555 496155438.46109229326 2262445525.2955341339 10201202365.978847504 176351
47 0.10000000000000000555 535873154.80441445112 2452590371.5399870872 11394488014.716114044 173496
48 0.10000000000000000555 539022892.89059245586 2619581698.4646945 12455609731.88240242 173680
49 0.10000000000000000555 529594908.06058436632 2431823140.9384803772 11143982722.363555908 172011
50 0.10000000000000000555 526453030.20212686062 2526888963.3166484833 11096800919.11646843 176357
51 0.10000000000000000555 530535383.77429586649 2332814061.0273003578 10113005353.647209167 180460
52 0.10000000000000000555 516086287.81785047054 2344935167.8961634636 10010899064.441831589 190182
53 0.10000000000000000555 543165702.6635658741 2437298155.38504076 10219517620.092409134 207203
54 0.10000000000000000555 542275740.23099064827 2499120053.5162696838 10435307444.884382248 209735
55 0.10000000000000000555 538887967.14440965652 2472830070.8865399361 10808113703.377717972 219094
56 0.10000000000000000555 519021354.18841171265 2400440790.8249368668 10567726249.359319687 218113
57 0.10000000000000000555 533894133.43732106686 2411790325.031771183 10768231768.06978035 219421
58 0.10000000000000000555 519083439.74866342545 2472883435.4560813904 11869618154.396617889 215411
59 0.10000000000000000555 537893234.5862159729 2571059709.9092903137 11281137919.605316162 224959
60 0.10000000000000000555 523843609.82467514277 2574902980.7915492058 11804807645.619110107 209406
61 0.10000000000000000555 521165650.19006597996 2251942244.3922686577 9463294526.3854370117 200445
62 0.10000000000000000555 523617136.41917920113 2430046323.4561700821 10850330598.680170059 215066
63 0.10000000000000000555 510525315.14785414934 2371618801.2264823914 10986891279.2317276 195378
64 0.10000000000000000555 536386135.69006228447 2499397331.571598053 11358655872.592281342 197165
65 0.10000000000000000555 520103872.00122326612 2307921172.3533439636 9972847629.1748256683 224911
66 0.10000000000000000555 537045452.59831607342 2523900245.3674249649 11725548104.453285217 201178
67 0.10000000000000000555 525300593.97595459223 2429378160.2031097412 11540463953.342794418 183433
68 0.10000000000000000555 526388643.63475549221 2480912036.3622770309 9964816656.6376190186 175842
69 0.10000000000000000555 521406428.88114160299 2419245481.2473115921 9951577106.0278186798 172236
70 0.10000000000000000555 533851125.59530496597 2604523559.400015831 11086131414.811592102 176534
71 0.10000000000000000555 518321981.85288178921 2435617999.807926178 11478956319.876573563 171047
72 0.10000000000000000555 536227987.15232300758 2617101470.0048012733 11888888482.433029175 175592
73 0.10000000000000000555 547243056.44923114777 2638958156.5271439552 11475461459.446178436 169116
74 0.10000000000000000555 515897983.77708482742 2390322429.7191472054 9492586304.7354469299 166357
75 0.10000000000000000555 518134141.58199518919 2344789342.2163944244 11134735736.648370743 163800
76 0.10000000000000000555 518739789.75914752483 2496160568.3437595367 12699653679.031908035 162975
77 0.10000000000000000555 531152223.63060796261 2548258231.2345528603 9913234097.0372943878 162600
78 0.10000000000000000555 521347318.78484094143 2460579913.9869303703 10753177176.272356033 165954
79 0.10000000000000000555 515586047.80986064672 2387145414.1306419373 10817043373.589742661 162058
80 0.10000000000000000555 537338823.79510307312 2385132565.9478931427 9678950422.5550632477 159150
81 0.10000000000000000555 516008672.88376373053 2347145729.1012306213 10048909552.448638916 163137
82 0.10000000000000000555 525751421.30558955669 2520339518.9464678764 10880634710.600057602 162234
83 0.10000000000000000555 522666369.01514744759 2528932314.7438869476 11471988895.213937759 161601
84 0.10000000000000000555 530309462.11590850353 2332712521.7956876755 9570790753.850446701 164108
85 0.10000000000000000555 523530650.782766819 2439276190.2416882515 10950097755.373725891 160230
86 0.10000000000000000555 507760618.35716193914 2346041752.74406147 10579354860.779718399 160617
87 0.10000000000000000555 518348572.12128967047 2274533971.6525273323 10137039874.73690033 158601
88 0.10000000000000000555 515241941.58465445042 2241883382.1140613556 9482282433.2135753632 160685
89 0.10000000000000000555 525349501.12316179276 2413180025.0220108032 11122072819.897727966 161422
90 0.10000000000000000555 513241035.31459867954 2475745106.7370009422 11168237160.859016418 160735
91 0.10000000000000000555 525325536.63125610352 2427549542.9215297699 10711937797.129858017 159362
92 0.10000000000000000555 531439764.99894458055 2414120894.8533434868 10553545038.683761597 156710
93 0.10000000000000000555 521671727.11405074596 2463900707.2293491364 12976699170.365200043 159629
94 0.10000000000000000555 522789908.46266919374 2295783945.5082221031 8751304368.3559913635 158882
95 0.10000000000000000555 539455239.56001794338 2516143756.6752085686 10739614085.324726105 155146
96 0.10000000000000000555 518973126.38761889935 2430407136.9130587578 10099491638.069210052 157111
97 0.10000000000000000555 537991999.28153896332 2358784673.2166085243 9987412596.2769622803 174314
98 0.10000000000000000555 526963749.07977962494 2329350865.3147449493 9534353697.2191200256 157365
99 0.10000000000000000555 528267553.54380917549 2422794780.611260891 10839756673.623085022 155480
% Edges = 0.25
0 0.25 520291053.6686784029 2343549846.1463637352 11087263183.226490021 435311
1 0.25 531266817.29392808676 2474500442.7593727112 11035430459.510211945 445968
2 0.25 534873328.28564912081 2474858375.5865778923 10935943314.47000885 431698
3 0.25 522387651.62135630846 2397355442.9677577019 11388498500.960794449 432224
4 0.25 525164592.00624394417 2449335210.7075271606 10705109738.649757385 441530
5 0.25 527097488.82329005003 2436472009.067551136 10935646529.262392044 440524
6 0.25 521072710.43117642403 2366418429.6640152931 9917113553.410654068 434952
7 0.25 531416666.24736106396 2487705550.2666282654 11017332192.194372177 425855
8 0.25 523949141.84931701422 2595402881.9408755302 12376330004.663345337 433453
9 0.25 515363891.00288587809 2318378897.6655406952 10233940335.608194351 427679
10 0.25 530397879.49648362398 2498615799.3789873123 11483708834.839130402 432899
11 0.25 519603067.31815451384 2410260341.4105315208 10724952059.044242859 425087
12 0.25 518323937.70422172546 2349148919.03764534 10281185114.866409302 427569
13 0.25 522030292.35313355923 2405771378.9830551147 11094339320.498586655 436153
14 0.25 521481954.40792453289 2363590149.2544393539 10002463450.679462433 440053
15 0.25 531997355.3767952323 2497022924.9086794853 10959778342.021272659 424260
16 0.25 528826187.41902917624 2430214608.5111603737 10647612924.229089737 428521
17 0.25 526166441.3721678257 2437438253.8017764091 11563059449.004770279 429282
18 0.25 530884186.74315977097 2478216165.1673130989 10870920944.708599091 423260
19 0.25 531662200.75929635763 2424594717.0964570045 10554273439.84872818 427068
20 0.25 528135048.9539732933 2468719108.3514447212 11075883511.83325386 424555
21 0.25 514945988.22842514515 2397524888.0477972031 11153024300.736600876 424778
22 0.25 519744168.9953674674 2462995289.4653635025 11770098093.179473877 426265
23 0.25 523994749.41507196426 2368595784.2010908127 10845664973.465208054 420140
24 0.25 533058355.24091225863 2351928233.3706593513 9898258936.4126987457 427136
25 0.25 531304506.3586037755 2544632441.743414402 11444826913.756916046 426312
26 0.25 531962495.90172976255 2493402396.0865321159 11118012896.767852783 420804
27 0.25 522044519.99728679657 2334341995.3320727348 9996045899.5652332306 424553
28 0.25 521823332.1535769701 2314604857.7440929413 10251147164.082746506 421535
29 0.25 531613521.23773884773 2456674884.0697083473 10630000084.667812347 444898
30 0.25 526533589.12253981829 2358093551.5745358467 10115046512.883672714 422650
31 0.25 525708577.11278802156 2478767615.3189201355 10991090187.997974396 423170
32 0.25 517767097.54576653242 2398941385.5491600037 10224120137.831520081 434881
33 0.25 528694287.12295591831 2561565568.0945663452 11508228795.678833008 422171
34 0.25 531398638.82291656733 2428674308.4392228127 10896829810.232652664 421095
35 0.25 516711430.5183287859 2392348827.6512880325 11011004999.715057373 419806
36 0.25 523476175.84816336632 2458397938.6514992714 10621664581.98324585 422908
37 0.25 528335885.71038401127 2431067865.2030172348 10874339292.805322647 419647
38 0.25 521107322.11075496674 2344802503.3602972031 10041829653.536539078 422001
39 0.25 523533470.78761410713 2440631068.14087677 11411479914.207386017 422447
40 0.25 526426282.99868583679 2398263486.7702183723 11092403746.978954315 421963
41 0.25 527147142.08046102524 2469336491.9248065948 11063620098.992254257 422256
42 0.25 511351782.68490540981 2304457474.8741402626 10638353219.31848526 420523
43 0.25 537118921.60773289204 2495928019.8919496536 11207318493.301774979 422091
44 0.25 527501476.2668569088 2456355567.1009669304 10590679988.913377762 416620
45 0.25 522598483.44955855608 2449590586.4959564209 11250332729.793590546 420333
46 0.25 517563241.26846539974 2416031790.398771286 11144946459.910377502 422029
47 0.25 526832775.18816030025 2488573528.3849520683 10819606296.85908699 421882
48 0.25 527996341.43393677473 2436641391.0246305466 10569526465.1229496 425094
49 0.25 528083701.70235717297 2489681120.9114632607 10847088366.185491562 420771
50 0.25 522869254.99265676737 2430654657.1381168365 10657358087.112888336 424314
51 0.25 524335011.2366437912 2384558217.6306829453 9958833489.3499755859 416802
52 0.25 526265122.44004923105 2459698700.8910508156 10972992102.312280655 431636
53 0.25 536570307.62417393923 2408328912.608628273 10637814207.751743317 425259
54 0.25 522147324.53823447227 2397975696.39067173 10300793765.540027618 422083
55 0.25 522012788.6459286809 2436665562.1009583473 10753071569.383300781 431699
56 0.25 516260338.95131993294 2348090795.4282402992 10446529374.34371376 411619
57 0.25 510955545.4794203043 2448010856.8525476456 11364687810.007564545 433113
58 0.25 519797453.51783174276 2359379453.7212715149 10479930636.386100769 430390
59 0.25 529924685.79218238592 2486877135.0360713005 11310139022.183502197 415862
60 0.25 530241985.03764480352 2560690273.5931711197 11706681821.060379028 432925
61 0.25 523452366.12532359362 2331498558.7152094841 9861909788.1935977936 418028
62 0.25 529514646.2178530097 2388737212.3698658943 9711440168.392824173 421715
63 0.25 521586741.25258767605 2380407934.2570266724 10638835445.8644104 431703
64 0.25 526342753.92411285639 2404384345.4179706573 10315220429.643451691 414011
65 0.25 530379420.46850842237 2463509027.1717123985 11384504393.836397171 432654
66 0.25 520370513.25659304857 2486574125.1260199547 11361299589.900009155 425165
67 0.25 515824193.96523362398 2355063865.015651226 10750695575.450124741 418241
68 0.25 529104670.11380147934 2425652890.7457957268 10014412757.730449677 430568
69 0.25 524173458.2887648344 2495802328.0619568825 11882288030.296554565 421733
70 0.25 519778378.05711579323 2454759925.4693140984 10668939807.719026566 428011
71 0.25 517067875.14317697287 2284876340.2646098137 9851920314.6053695679 424073
72 0.25 545509355.63451039791 2468013930.5189156532 10635321370.24756813 415305
73 0.25 516681904.26922678947 2369151347.512565136 10992557277.815576553 432990
74 0.25 541370320.24300467968 2474555427.4303016663 11461970843.286823273 420285
75 0.25 534629047.53643172979 2582691093.466340065 11645765258.590801239 419450
76 0.25 520308034.46918272972 2428787956.3898258209 10470996151.982250214 434979
77 0.25 529975209.23344379663 2490571260.5734024048 10858403275.553321838 409443
78 0.25 512491058.21409189701 2353412524.6804485321 10112393824.291822433 429390
79 0.25 533856805.66720706224 2517025095.3363742828 11638250847.653497696 420599
80 0.25 526742205.71392798424 2435591093.3834643364 11019549138.250511169 416773
81 0.25 521015926.75938779116 2498670762.8078799248 11627187543.79791069 432784
82 0.25 528083284.98002070189 2475125016.7635674477 11131946533.216970444 408380
83 0.25 541377362.95016133785 2534917452.0139636993 11562546113.105079651 423834
84 0.25 520311740.88516551256 2445564702.9632692337 10376492076.568317413 440458
85 0.25 524770327.03761821985 2542978295.5988602638 12162691960.535663605 415805
86 0.25 524320717.17531132698 2332175612.5209984779 9926070820.6550006866 430727
87 0.25 519232663.45226371288 2418303440.8975157738 10837655677.033718109 414314
88 0.25 531812409.71614474058 2447224841.3431801796 10611924743.352092743 428775
89 0.25 534270094.56056380272 2489247286.4792199135 11429785616.672218323 441849
90 0.25 524460582.12240797281 2528194650.9627213478 11437427467.691352844 413288
91 0.25 537086681.89612162113 2500977605.1772007942 11121552792.430505753 429782
92 0.25 515491858.55078673363 2323820627.1903033257 9985854801.5358257294 415933
93 0.25 520903783.01370805502 2481971379.266014576 11193958754.434314728 423305
94 0.25 526472754.51998126507 2374273663.1164226532 10790060382.920795441 429277
95 0.25 531395006.32771027088 2479174928.3358058929 11388864614.372859955 414396
96 0.25 527967916.67154282331 2465632253.7025871277 11312915188.287725449 428218
97 0.25 525873476.10651707649 2477061242.7708816528 11245317781.67830658 420969
98 0.25 522997676.79404449463 2493167565.8020610809 10818987838.064971924 423174
99 0.25 528004416.29569071531 2473838844.1074590683 11578547788.109260559 426238
% Edges = 0.5
0 0.5 533513088.22093641758 2458153144.7253961563 10801906072.252523422 921523
1 0.5 517660014.65628242493 2351967495.8737635612 10035724636.116956711 919488
2 0.5 521878927.75955694914 2404955163.9084920883 10784327218.021471024 929129
3 0.5 529466086.44966500998 2441577560.8439478874 10986528526.444303513 930221
4 0.5 530181829.76076030731 2470764850.9958767891 10692298992.562223434 925810
5 0.5 524976494.19721072912 2397110182.8342146873 10370787580.895814896 938690
6 0.5 525148245.85492038727 2431767567.1936030388 11065102256.501491547 923790
7 0.5 523101142.51474893093 2454016411.480799675 10635429037.386516571 913362
8 0.5 518580172.35810762644 2390888013.3770184517 10252566717.297145844 918854
9 0.5 523779599.08797574043 2454858452.6997466087 11222950046.876220703 915778
10 0.5 532261163.3728672266 2480825256.7061958313 11498769118.336305618 923897
11 0.5 525351236.30830413103 2453815364.640089035 10873204083.363630295 930253
12 0.5 532316636.89776420593 2483059131.8456206322 10890907664.090532303 925452
13 0.5 525487368.45317798853 2419010138.0091776848 10444543255.608276367 922353
14 0.5 518653688.08144909143 2367840546.83943367 10290917696.29365921 911841
15 0.5 519706670.88877987862 2436545662.4221792221 10804394776.715549469 912757
16 0.5 528819981.66668695211 2374116003.2737483978 10364986007.970619202 924968
17 0.5 526129423.19773107767 2374189362.412498951 10052902491.97851181 938592
18 0.5 516897562.85502386093 2324242325.6262087822 10194508947.329086304 940523
19 0.5 526827709.85660487413 2466614050.517469883 11175950092.595144272 937585
20 0.5 524921237.28367781639 2438166547.2403583527 10733734960.958364487 937606
21 0.5 520227220.22572642565 2438754073.480152607 10758591045.18964386 949224
22 0.5 526166747.33745890856 2425093727.6149673462 11070889278.749988556 928609
23 0.5 522926250.47275483608 2436647875.4116740227 10767063311.818689346 925123
24 0.5 524317685.12021642923 2402725497.8253245354 10456680173.740722656 929027
25 0.5 524244120.00195401907 2401509329.8622708321 10754710910.038707733 929143
26 0.5 526921567.91492915154 2523852878.0315737724 11437565210.746437073 927014
27 0.5 521553694.9945371151 2363329335.9705543518 10177812689.870145798 916840
28 0.5 528713086.71081465483 2450608423.0272021294 11009493722.87005043 914464
29 0.5 524775248.1256801486 2486202491.9879088402 11336821377.458507538 942364
30 0.5 523076593.61987507343 2471527380.7117767334 11354469513.694347382 925003
31 0.5 524604934.70587533712 2409075213.4979810715 10531773761.663740158 931643
32 0.5 519962192.6266400218 2417438717.7351603508 10858068538.175453186 945071
33 0.5 523018875.36658203602 2412562168.9008712769 10965558421.224617004 924706
34 0.5 528151083.41498661041 2436296211.1710677147 10593739015.353076935 918099
35 0.5 521857853.36403208971 2440435001.7185444832 10715838090.308408737 914344
36 0.5 530029576.90863877535 2407532236.1175484657 10504634162.740694046 918613
37 0.5 518367185.23583203554 2412993785.0389485359 10552182268.846418381 924544
38 0.5 523696521.35948079824 2435818966.7953333855 10828394163.73714447 925820
39 0.5 529881002.8760933876 2430583466.8759584427 10853773503.531450272 925679
40 0.5 527904155.22833371162 2426495651.439851284 10922441245.784727097 922369
41 0.5 518680160.87515890598 2376156486.3395938873 10777646515.349546432 913466
42 0.5 528124391.25812351704 2493390370.9190750122 11067800154.881725311 923594
43 0.5 519843772.20834004879 2344316216.1607294083 10210163129.505441666 923702
44 0.5 535339827.84510421753 2466839615.3034920692 10712178962.841175079 931115
45 0.5 522478153.97929602861 2339770105.3424944878 10024504243.613824844 926143
46 0.5 528254754.84568214417 2486517088.1964440346 11011656492.118177414 921634
47 0.5 527530004.62684857845 2462667503.1301908493 11124249417.29126358 922398
48 0.5 527946634.43295544386 2451627767.8777332306 10947606430.849449158 912434
49 0.5 524084036.66933465004 2470454969.4298100471 10984104026.290552139 921618
50 0.5 529530608.146443367 2434605921.8179268837 10997145541.394540787 923480
51 0.5 526599214.26232135296 2420171090.5103387833 10747621361.539482117 929077
52 0.5 521837615.29614108801 2409927615.4243793488 10687802568.275157928 931431
53 0.5 522817611.86329227686 2448587866.0466356277 10670434903.705974579 916752
54 0.5 514151762.58316272497 2301674227.7725572586 10224539375.250944138 917574
55 0.5 529543593.68196195364 2454271223.2220973969 11044124162.145864487 919245
56 0.5 525183092.61994504929 2459177122.3081660271 11347900919.551771164 922015
57 0.5 528984677.42670583725 2528870929.1973023415 11230491176.338737488 929473
58 0.5 522370586.03772521019 2436641658.1935997009 10567088059.41897583 933472
59 0.5 523432943.8395023942 2421658304.3414263725 10795561849.149187088 922130
60 0.5 529372733.8023417592 2464395793.91147089 11205229126.732633591 915943
61 0.5 531638364.03949147463 2505863261.7456364632 11822503446.173959732 918776
62 0.5 522264218.00739759207 2460296639.0723257065 11036008905.26905632 915618
63 0.5 526609045.33067637682 2482022143.635409832 10989384830.060365677 927074
64 0.5 529635244.28351783752 2463798047.5435743332 11134995389.004680634 933314
65 0.5 527348670.75128787756 2469480546.5563893318 11439821352.398490906 921529
66 0.5 530488164.86458832026 2459903708.1631379128 10862650151.165555954 923220
67 0.5 514930175.48319661617 2346272113.7004113197 10413475737.146413803 915324
68 0.5 520273850.94035160542 2366319060.2193713188 10584111108.87858963 930570
69 0.5 522998761.29939734936 2409381525.1064181328 10582626155.799470901 921515
70 0.5 530370021.09959483147 2439000082.1379213333 10526482102.691198349 943425
71 0.5 519016022.58916425705 2381645423.0204443932 11040307244.397474289 927987
72 0.5 524703257.50143432617 2404471614.8370642662 10723096215.057380676 924080
73 0.5 519566383.80321645737 2401117902.0093431473 10534575737.830377579 917248
74 0.5 527357704.94795465469 2424074434.9874992371 10490672786.244438171 911420
75 0.5 523042729.35265314579 2387860731.9388127327 10236286149.935007095 914288
76 0.5 523239542.01117664576 2394769306.0557403564 10477552810.383493423 926454
77 0.5 532820763.71876978874 2354497292.625934124 10111802922.361185074 930669
78 0.5 530988778.44539791346 2520085228.500084877 11396284844.985214233 936345
79 0.5 525188725.82900875807 2360297420.9955239296 10528309261.610780716 918504
80 0.5 521122086.96216762066 2426188470.9517049789 10288187431.012994766 916229
81 0.5 524459929.78805720806 2405335702.42222929 10623321363.284799576 917778
82 0.5 522390937.5368757844 2402058828.6376047134 10747859598.996189117 920530
83 0.5 512195607.48339349031 2376544920.0178046227 10398871119.490589142 926569
84 0.5 527831092.88258939981 2459308328.3502936363 11081958513.560832977 928700
85 0.5 518889788.99471479654 2352376709.8954291344 10896898830.999696732 932179
86 0.5 519716116.46311533451 2441356882.3783903122 10632886583.22926712 923912
87 0.5 526684863.90379273891 2426159327.473045826 11014564677.296560287 914834
88 0.5 522458749.62265282869 2416018509.3604135513 10321172269.411102295 913471
89 0.5 523187819.16408348083 2395898926.7119526863 10601917323.733890533 922580
90 0.5 528880301.49708378315 2387623475.1686792374 10262790508.442430496 932086
91 0.5 518189656.65589475632 2410464421.4452700615 10608795737.348754883 927363
92 0.5 522989552.73953425884 2400850208.0327544212 10397665752.355955124 921887
93 0.5 525481867.62947946787 2375244418.7003560066 9906240581.859544754 916329
94 0.5 528719774.08831888437 2472012574.8302631378 10628984153.51461792 918593
95 0.5 529126419.46542435884 2498981430.6409578323 11447032654.565401077 915161
96 0.5 526153768.22983402014 2449669537.7174248695 10779106862.776134491 969134
97 0.5 528281314.4648514986 2444860375.8920764923 10633479381.574668884 931785
98 0.5 523502546.25162112713 2432555483.3136153221 10815119522.352230072 907314
99 0.5 525737156.41073364019 2421122883.7926559448 10847979918.636781693 964360
% Edges = 0.75
0 0.75 524222896.76556807756 2409675579.5691723824 10757761219.802650452 1426268
1 0.75 523372104.95775043964 2434028849.6540799141 10805310527.285205841 1474567
2 0.75 521872637.13675528765 2473796155.5933361053 11023593322.483398438 1484730
3 0.75 523641050.9550126791 2459242788.2977871895 10940488193.015079498 1455415
4 0.75 520557271.5547811985 2439155792.2846121788 10895466217.113780975 1505345
5 0.75 520421402.3846154809 2397825201.6214284897 10703645942.517276764 1455100
6 0.75 522451578.40819001198 2440408496.7524266243 10767978834.36482811 1457346
7 0.75 530076116.46243721247 2459340345.5104227066 11249279939.859388351 1488188
8 0.75 528141393.0776616931 2494091463.724650383 11672669037.489818573 1431588
9 0.75 525187029.00867158175 2409097479.8312330246 10857040324.083333969 1494796
10 0.75 528491386.772382617 2474816852.6959609985 10834570634.981388092 1460779
11 0.75 525478220.23713177443 2462631429.1627621651 11082096754.748935699 1449262
12 0.75 527424832.90105128288 2464213399.1011338234 11089171592.119115829 1494139
13 0.75 516273471.80522710085 2376555911.5730557442 10402170328.646282196 1421062
14 0.75 520227139.9382866621 2391821908.430475235 10751847232.253751755 1487005
15 0.75 530054215.30981475115 2424995655.2912817001 10910173246.386774063 1468167
16 0.75 521302499.67114156485 2437891540.2096624374 10798567939.008705139 1449443
17 0.75 525614067.00122755766 2416281810.1940441132 10777749414.647035599 1507848
18 0.75 526825247.90595769882 2392674638.8343009949 10645807804.301013947 1433022
19 0.75 526474353.78515285254 2445884580.1342654228 10816586166.279098511 1476665
20 0.75 523334220.49700540304 2447260539.5716123581 11301549687.686988831 1486427
21 0.75 518747318.36159819365 2434051028.6826038361 10931231934.071695328 1429662
22 0.75 518007417.21967637539 2377243740.1338763237 10829883812.913080215 1501889
23 0.75 525878854.55088478327 2456276687.4694805145 11040166399.60631752 1451212
24 0.75 523531224.90246993303 2447388309.1676206589 11411885675.786893845 1460028
25 0.75 522996253.07378959656 2464469497.2519979477 11101932833.085058212 1486135
26 0.75 526538193.23327165842 2388257253.7152428627 10755306354.899938583 1431450
27 0.75 523989847.22020047903 2365167255.2394914627 10243000631.822877884 1510213
28 0.75 524134415.88360226154 2385930966.917784214 10710690042.804044724 1459103
29 0.75 526005214.89580225945 2449905546.6110515594 10746702868.842153549 1459227
30 0.75 522283213.0282831192 2395356983.3364286423 10703796270.578582764 1492871
31 0.75 528141403.39921861887 2436648129.6628780365 10831129329.553197861 1461640
32 0.75 523503311.5204384923 2443729068.4461398125 10996165230.584562302 1500669
33 0.75 531758354.36667943001 2448772760.5673465729 11124081059.511997223 1466115
34 0.75 529391182.94367736578 2455507357.6167359352 10949450128.582513809 1447935
35 0.75 524812073.15709102154 2407311769.8133125305 10403213176.517583847 1501773
36 0.75 517801554.89209723473 2388891391.3554682732 10658164064.226829529 1425845
37 0.75 526127858.55746614933 2388997386.1332435608 10313101329.238618851 1474737
38 0.75 527450809.8749126792 2425817349.233314991 10905768381.899780273 1499323
39 0.75 522260170.99215316772 2408991094.7578558922 10382084552.58499527 1434325
40 0.75 520801434.65043014288 2417368561.3978786469 10706975810.498386383 1492506
41 0.75 523066478.72471219301 2400512064.4085626602 10928924224.789007187 1440727
42 0.75 522293128.25929945707 2395409198.9450397491 10683485120.519216537 1453164
43 0.75 519929142.33987492323 2385500164.7956233025 10528864901.138341904 1488273
44 0.75 518601251.33789861202 2384485390.3393788338 10737699104.636333466 1429951
45 0.75 528838516.46740460396 2432980816.3119225502 11206135513.358442307 1491422
46 0.75 526378607.40177166462 2453276374.3963513374 11176031639.286766052 1450050
47 0.75 529412623.64904433489 2506503650.7589035034 11518994078.917421341 1459459
48 0.75 525853232.20533502102 2447181606.927752018 10568507036.365140915 1494465
49 0.75 526003015.40745216608 2462727890.7618126869 11064061447.724239349 1431531
50 0.75 519123889.7472615242 2433096087.5212130547 11141001622.266290665 1503065
51 0.75 517011676.40714848042 2414834231.7077941895 10911584240.093164444 1456245
52 0.75 526558327.19914484024 2446716342.7737922668 10796724106.642215729 1450922
53 0.75 523396173.27876794338 2464425585.7986922264 11453896305.389112473 1490322
54 0.75 526608721.82281053066 2428655387.5526690483 10518396880.414884567 1419556
55 0.75 518244172.9959346056 2390535712.1936955452 10886728600.771108627 1478106
56 0.75 524820765.91841351986 2462631592.7471761703 10980619649.193431854 1465817
57 0.75 527422943.06003689766 2398257806.4609375 10471152155.846509933 1432180
58 0.75 523608573.80680257082 2450359047.6605567932 10688356319.918783188 1499305
59 0.75 523364075.86840337515 2423544726.3805937767 10987062703.085451126 1423997
60 0.75 522033235.80645018816 2400551055.2865214348 10576503119.815597534 1462200
61 0.75 524344480.49782133102 2425614545.5728969574 10511281447.115005493 1478740
62 0.75 522951947.25058269501 2454703425.4736604691 10980530333.733613968 1431720
63 0.75 521944015.79184752703 2434606908.0274548531 11058092408.190507889 1491472
64 0.75 516334784.72024899721 2360827696.663049221 10270873386.663820267 1426295
65 0.75 527340270.74896883965 2463716026.4976420403 11025115116.087753296 1460568
66 0.75 524047634.03844404221 2504265420.091135025 11158564925.137973785 1472546
67 0.75 521811411.41648972034 2429734988.130197525 11055246638.664985657 1420812
68 0.75 522745571.02539533377 2380462398.4484071732 10133798164.700117111 1482998
69 0.75 518513585.74630600214 2368398379.813147068 10353071367.512123108 1443375
70 0.75 516961362.85981839895 2365315826.7109451294 10688408115.43337059 1477866
71 0.75 521487760.26881241798 2384753281.9725728035 10434263325.557720184 1494329
72 0.75 522147138.73942637444 2386970024.1468586922 10168096889.16742897 1432914
73 0.75 521418881.65065556765 2426374373.0725841522 10657343590.82583046 1503078
74 0.75 523963445.2408310771 2443480349.9997601509 10677983727.819797516 1466932
75 0.75 524752868.61148202419 2448673953.0725927353 10960116861.804380417 1437659
76 0.75 523402325.9652261734 2445956799.6597232819 11079236623.966156006 1501348
77 0.75 524430876.30283272266 2389024126.6248426437 10610223383.551992416 1414830
78 0.75 522699021.13259398937 2393592760.7555413246 10591188606.175355911 1478346
79 0.75 521705233.20833319426 2419330669.2790694237 10722459334.886997223 1448916
80 0.75 521841929.04231017828 2369628942.9977149963 10377234241.211109161 1427119
81 0.75 534182116.2371686101 2476597913.6363220215 11042349446.185596466 1494629
82 0.75 523018210.86291563511 2445857188.6944022179 11195699885.379022598 1419581
83 0.75 524027477.29853051901 2413911670.0448784828 10566697654.381761551 1486182
84 0.75 528041205.74451613426 2458117998.3453307152 10869470271.229732513 1469316
85 0.75 526872706.10350304842 2438355381.7689137459 10763159559.806293488 1428524
86 0.75 527191389.68699592352 2443260848.4081587791 10975720728.460611343 1494850
87 0.75 524118960.43130350113 2435030576.6976857185 10411151695.565038681 1425515
88 0.75 524439433.23964518309 2451170616.4639172554 11245686071.407052994 1454519
89 0.75 528634116.76667416096 2516406494.869354248 11657732422.650541306 1478480
90 0.75 523859929.52986353636 2380274233.8787531853 10636753089.958404541 1422753
91 0.75 529286892.37414622307 2442284093.8201789856 11053406868.933408737 1489924
92 0.75 524929576.15953606367 2435075277.1739788055 10911045557.310415268 1432779
93 0.75 524257631.4553489089 2403769575.9871683121 10447429657.191474915 1451496
94 0.75 525057650.51458144188 2406176942.7755689621 10781832761.108299255 1476565
95 0.75 524912963.52208071947 2456792481.9428129196 10906849747.656068802 1423128
96 0.75 526731615.31354397535 2431420223.3163323402 10723877466.332939148 1500894
97 0.75 523239891.21621310711 2449117302.5561890602 11166146931.974788666 1437623
98 0.75 525656050.89411777258 2496452396.2680063248 11425897496.866043091 1457949
99 0.75 520381123.52847588062 2401355151.8197107315 10993491450.860250473 1476588
% Edges = 1
0 1 523273007.6477202177 2410935103.8516917229 10799372689.260904312 2013322
1 1 525406279.51243406534 2451602924.2359313965 11271582979.446685791 1995287
2 1 522210528.26601570845 2404446074.6075563431 10757398245.269159317 2003175
3 1 530520820.77152603865 2445179556.3080215454 11000443635.085021973 2027031
4 1 525452495.43713903427 2456363335.6939387321 11292198518.930971146 2038619
5 1 528456568.10039913654 2468913316.5741987228 11245141108.1690979 2042458
6 1 522522421.69150978327 2448181941.3048801422 11074645633.898923874 2015563
7 1 523626266.85887342691 2418400449.166903019 10871538160.748521805 1981516
8 1 530860262.21173506975 2462485801.7265725136 11331718625.847314835 1998980
9 1 518281229.58254134655 2410021730.2469830513 10919956524.112258911 2026600
10 1 520783301.28570407629 2418510191.0726809502 10796523426.60742569 2050366
11 1 525710247.66883116961 2401759651.881582737 10484021356.818250656 2042049
12 1 533362017.44447231293 2459969674.5382375717 10966658550.906991959 2003898
13 1 525145689.93228656054 2443088990.213095665 11079005436.188972473 2012866
14 1 524349425.76117670536 2433551145.8566017151 11011912579.834489822 2003071
15 1 527575046.25822424889 2483733234.5995817184 10938722540.93262291 2025823
16 1 522676730.1490431428 2423069929.3690600395 10935858115.688671112 2028615
17 1 520338206.61749833822 2417617189.485909462 10680122520.280345917 2050257
18 1 523096608.00914674997 2423731929.5738897324 10842634941.902715683 2015546
19 1 524449304.44505316019 2444429955.0417747498 10900072791.181951523 1989838
20 1 525207434.1734187007 2432330562.2757945061 11056500432.123550415 2026215
21 1 533215722.42707890272 2468905330.2443943024 10767786891.526906967 2016836
22 1 519019516.02431571484 2359557295.061542511 10191609483.798528671 2031835
23 1 527248026.50871354342 2435295357.1384797096 10872671387.295671463 2040721
24 1 526018983.75084996223 2427512669.0184960365 10832504508.971961975 2017718
25 1 525480687.92100977898 2450519869.7689709663 11289495630.133447647 1995369
26 1 522682842.40436267853 2415940137.5845365524 10873166578.066671371 1984313
27 1 522973613.67156344652 2406767007.7658581734 10488575175.76770401 2009137
28 1 524040108.00036907196 2432187495.1365532875 10514802651.628505707 2037675
29 1 520665739.16041105986 2458110934.2553267479 11296324860.441040039 2059836
30 1 527927092.14805555344 2464206974.8713479042 11039064721.90577507 2044821
31 1 528754210.72854751348 2449236579.568447113 10862599737.459651947 1990038
32 1 524268851.88162994385 2438282627.2676296234 11052449055.941352844 1983827
33 1 523077791.02598547935 2409818511.9378867149 11013217226.834575653 1998705
34 1 520964325.38279217482 2382850682.9231872559 11055812459.02889061 2024188
35 1 525939824.70805180073 2472448513.7252407074 11276539197.163936615 2038757
36 1 522756348.34610462189 2397780735.6318449974 10582551290.972099304 2017552
37 1 521389566.86622852087 2429049789.8539853096 10852303551.909196854 1992110
38 1 527979876.76123458147 2492377926.2564430237 11131161789.138893127 1983790
39 1 525186064.29785710573 2427097432.4842453003 10813834944.8306427 2015464
40 1 527119240.38744479418 2437148831.3339519501 10674903312.391393661 2029861
41 1 525162169.33607393503 2441548554.0737738609 10558136506.305202484 2049825
42 1 524586224.89815789461 2437977516.6865959167 11110803024.506383896 2082080
43 1 521280246.25314044952 2399609997.0377759933 10965646556.082357407 2033531
44 1 526308682.93438619375 2424510502.8458552361 11026790051.067684174 1974628
45 1 525438341.36297631264 2465350270.4210586548 10740982327.925254822 2084413
46 1 521412122.23072254658 2462541876.8930234909 11092567917.492038727 1954408
47 1 520792393.85834485292 2401455704.4142713547 10620491285.628448486 2068744
48 1 524846570.36214834452 2389439747.048222065 10553166948.532690048 1983526
49 1 525804715.47886455059 2450423702.6724886894 10692909152.742124557 2043572
50 1 519351635.77402281761 2422391766.5967078209 10722012715.495466232 2041522
51 1 526301568.46998387575 2456745755.776242733 10720174454.083993912 2011073
52 1 529560785.64979541302 2459077021.4366383553 11010129724.745731354 2046379
53 1 525598205.01572173834 2421954725.599820137 10953190846.581775665 1998301
54 1 525911797.04478001595 2449190594.9364051819 10683728830.188558578 2063906
55 1 522203162.01155620813 2373496415.7136545181 10465961664.70438385 1980021
56 1 519325156.86527955532 2438650909.975402832 10727019485.32673645 2080273
57 1 521719576.51424008608 2419205303.3470025063 10947643100.261943817 1969445
58 1 528919898.13233363628 2477379322.8819460869 11086808709.376321793 2091330
59 1 522194867.8867842555 2408973076.3276667595 10709889563.913560867 1950836
60 1 523953453.15090608597 2450092248.6352796555 11073678624.531024933 2083394
61 1 521238875.57886523008 2415982512.8128123283 10391353303.960107803 1955501
62 1 521797375.68771886826 2436501480.1586742401 10612653011.975805283 2076456
63 1 522189157.81863468885 2456128485.2878723145 11447549438.684093475 1980070
64 1 527616691.08569514751 2440170782.9336895943 10799983085.880311966 2064899
65 1 522704694.84105807543 2435799395.5315318108 10805260177.325382233 2002861
66 1 520127286.21690005064 2408284507.5475802422 10539999014.492044449 2024198
67 1 518714953.49497133493 2402884284.7262816429 10592537935.017942429 2016874
68 1 524916317.80391359329 2429734354.2377200127 10901242608.433134079 2007841
69 1 525136764.35022062063 2436409439.0487523079 10678862749.05373764 2069556
70 1 523801762.97207093239 2440807253.4429264069 10922333357.881374359 1986881
71 1 529042141.18146729469 2476660637.9942145348 11017897193.359487534 2071287
72 1 525627876.43948322535 2424909406.8305563927 10224782790.794075012 1973619
73 1 525226502.24000233412 2429222373.8508710861 10704050677.415000916 2095316
74 1 523586013.99396002293 2431354641.6971559525 10726859175.362428665 1999016
75 1 525298824.28708922863 2423605746.7963490486 10894660175.835474014 2105783
76 1 523823368.41282516718 2435799010.3977813721 10736069493.324022293 1951402
77 1 517835948.33227217197 2406479880.4543190002 10849324527.870565414 2079656
78 1 524807094.62887096405 2449350935.6075487137 11208765045.135469437 1972223
79 1 519105123.15091848373 2427094494.3590979576 11049666296.76949501 2063392
80 1 523176159.79521900415 2474084181.142431736 11296260849.922063828 1997240
81 1 516703627.34934562445 2387146012.1675410271 10631047103.634061813 2036881
82 1 525856657.44646394253 2477057769.4486746788 11125022056.936979294 2025602
83 1 520391773.10071671009 2393636990.5069746971 10673357132.201900482 2020143
84 1 524191049.0698979497 2414059748.5029773712 10507084066.318525314 2059574
85 1 519482255.17569231987 2353195460.8100075722 10070942484.611303329 2014606
86 1 521367286.02070653439 2488854573.7092633247 11050837942.122425079 2083063
87 1 520654384.45401650667 2421446308.8204083443 10543568010.424224854 1968077
88 1 526321347.72795164585 2448835774.864068985 10658383865.728687286 2084848
89 1 519704366.31881648302 2382702330.8838014603 10624609839.150163651 1957861
90 1 524911512.17558097839 2414609698.7892065048 10869676193.6381073 2098321
91 1 531630308.48673188686 2410222439.5978097916 10363123978.118391037 1952436
92 1 523479926.1694971323 2397843421.9571275711 10342365704.920948029 2084329
93 1 524419985.9478264451 2446918704.5831203461 10850775657.532543182 1975437
94 1 521752845.34355026484 2458061612.562297821 11131252148.958494186 2074787
95 1 529081808.52787941694 2470814935.2947587967 11353755936.275979996 1984986
96 1 521277242.87991541624 2392913816.6397833824 10236729593.069608688 2035209
97 1 526868640.61000996828 2469665624.1324601173 10801562163.474248886 2037207
98 1 527354110.94527810812 2435351070.1051821709 10701741604.083456039 2013733
99 1 525544214.66638016701 2446802303.2895307541 10892462608.771282196 2086029
% Edges = 1.5
0 1.5 526061946.44057774544 2440531495.8914871216 10662478423.035741806 3189304
1 1.5 521481349.11820596457 2419591372.8741927147 10963927684.978130341 3170613
2 1.5 522323514.17034333944 2410428466.6140093803 10969394664.939031601 3222473
3 1.5 522190827.35375362635 2457178395.2151088715 11016533890.254701614 3238527
4 1.5 520111083.58445161581 2394397927.6481041908 10646739732.740924835 3287822
5 1.5 525367027.06390345097 2452272042.2297210693 10841988859.223625183 3203280
6 1.5 525577265.9136351943 2455443458.1947345734 10639883787.446298599 3185107
7 1.5 520716490.54599392414 2419633453.4540295601 10813695732.708572388 3191008
8 1.5 519886403.71729594469 2384346851.2740082741 10551422532.758131027 3179426
9 1.5 523085723.50295460224 2405035941.5758609772 10590367509.785966873 3244725
10 1.5 527162462.48823189735 2444892801.0362420082 10940271869.962465286 3266998
11 1.5 524025559.71974229813 2443613481.2398591042 10725957089.588283539 3217747
12 1.5 519968967.85835927725 2377826081.4514932632 10398869330.519414902 3152585
13 1.5 519393432.28187155724 2384743689.8099799156 10600351879.854722977 3147948
14 1.5 522061188.41754436493 2413681878.8210682869 10706352504.872308731 3218625
15 1.5 525172490.30076998472 2454678431.2240724564 10864682721.296815872 3245731
16 1.5 522513366.48531007767 2387964094.8376274109 10414901299.611667633 3258685
17 1.5 526905038.16102731228 2445842055.7830200195 10506275203.927032471 3242715
18 1.5 523322322.78578293324 2363331212.5411725044 10448510556.943351746 3174029
19 1.5 524657169.79155540466 2447753131.3402647972 11085640612.556529999 3186470
20 1.5 524709065.35089331865 2384496176.5568609238 10609496341.106805801 3182344
21 1.5 527626476.82667684555 2441399382.008079052 10808704972.920648575 3225036
22 1.5 529877308.48817694187 2450371454.1797437668 10764987909.544290543 3271447
23 1.5 526973147.07116019726 2452727686.3843369484 10938042174.057693481 3296769
24 1.5 527097627.22153788805 2433667125.6611838341 10716102162.418930054 3876789
25 1.5 526252711.50414139032 2432412607.7504386902 10847328113.791513443 3935479
26 1.5 523451393.16804546118 2415949429.5858740807 10909525688.672317505 3964690
27 1.5 524715906.56696522236 2404730286.5682373047 10666971847.177108765 4104314
28 1.5 527485444.65981197357 2410929288.7021946907 10529151345.122945786 4001511
29 1.5 528790769.72084641457 2425600394.7697854042 10827799995.525838852 4014721
30 1.5 527892516.01206380129 2404246708.4560346603 10739285292.945474625 4050998
31 1.5 527464586.00251740217 2448937684.3535571098 11096318257.413240433 4068770
32 1.5 522771892.24379485846 2397370152.5581855774 10630555647.654560089 4108756
33 1.5 523606995.33240842819 2412762605.7376928329 10791219746.724786758 3910942
34 1.5 527721890.32422673702 2456148408.6449136734 11383513920.156032562 3787024
35 1.5 529011718.32504785061 2415592271.8305315971 10930284712.141635895 3918184
36 1.5 522035111.83238363266 2391861122.9325227737 10666464708.120868683 3889378
37 1.5 526221768.48974555731 2426577046.6121058464 11133601680.986911774 3800039
38 1.5 521989747.60722953081 2379225567.7777934074 10428936364.877134323 3839450
39 1.5 520782060.05723285675 2410690307.561548233 10837938622.462329865 3855152
40 1.5 519943028.61059719324 2427218846.6523356438 10755575127.71995163 3727418
41 1.5 523141697.0038009882 2427414965.0097074509 11054022909.325239182 3738818
42 1.5 522903059.88557714224 2427484157.8065237999 11082281520.280906677 3783349
43 1.5 521547872.54887419939 2375326949.9728469849 10369725748.318069458 3638824
44 1.5 522714505.04956996441 2434899985.9112305641 10775910603.066192627 3662938
45 1.5 522932860.03630053997 2398345999.6333055496 10782689876.405208588 3263376
46 1.5 523878702.42702418566 2449776318.993329525 10793784215.304008484 3222596
47 1.5 526472107.6569827795 2456449615.9928851128 10947762183.790014267 3237234
48 1.5 524076453.02186024189 2419398639.9231052399 10535257349.040485382 3277221
49 1.5 526034356.48115712404 2431753547.4657011032 10934331407.615919113 3283293
50 1.5 524565595.24396455288 2433732787.854238987 10720196346.408853531 3217139
51 1.5 528859067.42289406061 2444958006.2224807739 10817999727.030937195 3419563
52 1.5 523766524.27101665735 2438111584.9772877693 10887447416.04017067 3597571
53 1.5 526992611.04839086533 2410867491.8232350349 10729161900.294834137 3566075
54 1.5 523672795.42135006189 2424971981.1696949005 10690824020.968849182 3535544
55 1.5 527066192.83998423815 2446924935.3000440598 10580278171.164875031 3564126
56 1.5 522418883.12190997601 2410495996.5028882027 10592944568.633527756 3521056
57 1.5 523254839.25943636894 2407013481.2081608772 10459281624.972166061 3499599
58 1.5 527587501.99638044834 2442007411.0543746948 10900973071.934120178 3498977
59 1.5 518868804.46329194307 2413212483.1971144676 10780710178.030021667 3496143
60 1.5 524581159.63637286425 2416266832.4761004448 10714357543.532316208 3495887
61 1.5 522163658.13307780027 2408782513.1171112061 10531400548.372901917 3502209
62 1.5 524172386.95334964991 2452508411.2853121758 10699714620.07579422 3482996
63 1.5 529353900.67612588406 2430247058.2380051613 10720982292.829730988 3485721
64 1.5 519444530.82826250792 2420991013.3012628555 10727420879.311351776 3461988
65 1.5 518120684.78205567598 2394818470.9403805733 10437708749.157266617 3499965
66 1.5 527064992.68447214365 2435901564.2869586945 10781796329.056739807 3552424
67 1.5 520887643.28078871965 2416120337.6374158859 10630107891.345277786 3488452
68 1.5 526964969.34275257587 2450880904.6728897095 10895595236.367101669 3496089
69 1.5 519724813.82123678923 2438856629.3665752411 10836659968.532463074 3525356
70 1.5 525426786.72272181511 2425828088.2880458832 11072723466.092470169 3489530
71 1.5 522896497.31784909964 2407137129.5009207726 10919277986.014219284 3479173
72 1.5 524246164.75615954399 2442501068.9709644318 10975923620.911672592 3533513
73 1.5 528406677.97315847874 2450459896.7063865662 10905444372.996734619 3507818
74 1.5 527970840.48939532042 2468380142.3341093063 11113206518.585947037 3540650
75 1.5 523784265.47155576944 2476843953.1807899475 11260167958.220457077 3483732
76 1.5 524181246.17145723104 2445672511.6483988762 10742071787.977363586 3517877
77 1.5 522513795.53347659111 2401063962.9658455849 10743957861.751190186 3506378
78 1.5 524951280.91526263952 2395957531.7233600616 10355960525.68970108 3529128
79 1.5 524665466.32072639465 2455966293.4703249931 10976174923.186908722 3461341
80 1.5 524042731.58014023304 2418175340.7330770493 10783159600.175527573 3520579
81 1.5 526284916.82060015202 2438862538.0613527298 10846923325.036109924 3494179
82 1.5 526732115.6659373045 2456904175.8059315681 11139476096.281288147 3517283
83 1.5 524951373.09261083603 2468970349.7937889099 10922545336.189937592 3487446
84 1.5 524136210.43399089575 2450558622.8795962334 10725299443.451553345 3520384
85 1.5 524428121.7075420022 2447616156.8962807655 10981947766.320358276 3476202
86 1.5 524241201.28384268284 2411564326.5359840393 10610052804.197992325 3471629
87 1.5 525624899.13920849562 2516522645.6853027344 11429535962.975610733 3507813
88 1.5 527121152.43738144636 2446934195.0483841896 10830214227.119428635 3477009
89 1.5 527853462.24617904425 2422511960.947719574 10813002999.628112793 3545901
90 1.5 525067982.99228137732 2416308889.7698464394 10657390311.04372406 3487925
91 1.5 522999524.33440637589 2421153198.144156456 10825461183.833372116 3491826
92 1.5 527402786.61161601543 2475784236.1541967392 11058708377.969018936 3521608
93 1.5 522610604.42012780905 2408451120.8009257317 10606641790.199203491 3485864
94 1.5 523226366.55066388845 2431013574.6132383347 11090205616.494571686 3287040
95 1.5 519055721.51795232296 2397445466.7218255997 10382416451.538377762 3048767
96 1.5 524420485.36894178391 2419335101.4676132202 10810123493.724000931 3053235
97 1.5 527722160.73309671879 2413366893.3738484383 10745957785.568693161 3053141
98 1.5 524135579.96491122246 2431573957.6027641296 10521383648.439311981 3050218
99 1.5 526995355.8480130434 2424518686.0823526382 10867896557.42540741 3063404
% Edges = 2
0 2 520943126.35821449757 2407050324.8555350304 10547385829.583501816 4287864
1 2 523618271.01512640715 2426275399.4418077469 10833395454.408279419 4384360
2 2 519669786.13196623325 2406656693.5447511673 10850963753.64805603 4366396
3 2 524581202.98593491316 2431771032.0105919838 10893250220.047307968 4348489
4 2 528975835.13094240427 2506906422.7385058403 11326767199.676027298 4368708
5 2 525478114.90763217211 2415122453.979850769 10671851366.218996048 4341728
6 2 526453574.74028617144 2451916463.4719266891 10699304818.098144531 4344498
7 2 528351487.66909879446 2441156346.1631321907 10771674985.366884232 4334518
8 2 525956835.17843574286 2477918817.2296667099 11180107399.393650055 4323193
9 2 522165150.76567739248 2385138848.7095651627 10712403892.991081238 4311167
10 2 524015943.73724687099 2448180882.5299096107 10915663056.39906311 4356108
11 2 526076173.82417339087 2462285133.0562162399 11102561652.002523422 4322917
12 2 520899826.59250450134 2420598542.1785497665 10821065930.888683319 4323892
13 2 525113419.12054276466 2446838516.2011051178 11024091996.927398682 4330261
14 2 523292012.50129121542 2441119961.5314488411 10724367645.745147705 4335883
15 2 524850279.62098032236 2411715564.8525333405 10784384066.300161362 4329974
16 2 527575912.30461102724 2447518737.335547924 11025009466.409324646 4331155
17 2 521519821.46521997452 2399156227.2138729095 10506259096.780000687 4350520
18 2 525570291.98513317108 2411056102.7440309525 10668168006.00050354 4361155
19 2 526534771.04361498356 2405049857.8419342041 10542457878.207092285 4340125
20 2 524949583.08180809021 2406073151.3715977669 10767265045.503686905 4350485
21 2 526646554.53561204672 2420255994.3873057365 10532678356.414800644 4343440
22 2 524420182.35064733028 2410020870.6259436607 10809397361.421693802 4334421
23 2 524895959.70967268944 2453137759.3223404884 10915610454.582708359 4353959
24 2 525040807.1537694335 2449415055.9384455681 11009791730.356645584 4340190
25 2 520458528.38821226358 2392007289.3934640884 10742648856.434148788 4381018
26 2 522690021.80978578329 2409692697.687353611 10548017383.785434723 4329300
27 2 528075197.89221072197 2426343001.2731442451 10994944755.752323151 4347707
28 2 523430901.27823883295 2414423141.82117033 10789493904.483354568 4336333
29 2 522753293.51837962866 2417676774.2296552658 10942966622.592018127 4340648
30 2 526311786.65482991934 2422169299.5615553856 10742805318.530254364 4342833
31 2 526716237.02380347252 2430433610.3504695892 10769383199.042390823 4519186
32 2 526333954.39203172922 2446862202.9648694992 10892229036.697452545 4670142
33 2 520971650.10061347485 2417272792.1550531387 10965915883.765924454 4647303
34 2 526862149.01920044422 2469744186.0005531311 11014024022.719009399 4657414
35 2 522768953.91403096914 2402504668.2147922516 10588148140.135667801 4686646
36 2 522426079.91104203463 2426907864.4248695374 11034073023.179779053 4679741
37 2 522848772.54951292276 2418467034.6658816338 10829133712.421836853 4683468
38 2 522149871.28945875168 2402584580.6324453354 10708649439.047035217 4670015
39 2 524200182.88248628378 2415411423.7999010086 10617153685.622159958 4901970
40 2 523018405.14468860626 2379461385.1841521263 10474877920.172060013 4964116
41 2 522160204.46715587378 2398012962.0317425728 10674465464.765659332 4912912
42 2 523864564.58399254084 2384713306.6175084114 10505948722.746786118 4922853
43 2 524732139.84196096659 2427595122.9008569717 10756576227.607673645 4887699
44 2 525199600.73747462034 2458528254.714381218 10960371578.631700516 4927957
45 2 525819570.8285869956 2425838213.0448007584 10622460469.210756302 4946047
46 2 528114363.14617055655 2474406855.155146122 11114442894.127323151 4822041
47 2 528322330.60222619772 2456770972.7402181625 10807040120.780965805 4331335
48 2 523804432.19437098503 2420812491.6827087402 10803951049.394418716 4335394
49 2 519358087.5375456214 2408578851.4574284554 10827935506.233186722 4346787
50 2 524943473.2199088335 2394944802.7379965782 10479638652.050024033 4341874
51 2 523422843.54407048225 2419021103.5761380196 11099470365.019786835 4373941
52 2 525358251.70947653055 2462036630.3595981598 11168688850.397687912 4359214
53 2 526299403.43223643303 2454672968.128323555 10872983619.604389191 4333091
54 2 525918377.63157635927 2431119289.9171023369 10937668280.099544525 4348698
55 2 526361954.48672693968 2418760399.0251045227 10819778755.443260193 4499731
56 2 525422813.18164741993 2449125952.0330762863 10769279270.929857254 4394865
57 2 525376692.14467340708 2463106873.8077225685 11228402567.563642502 4354953
58 2 527844211.85443425179 2445455922.1880531311 10893440095.886833191 4320079
59 2 527678818.48517566919 2429484715.6793489456 10646455626.83975029 4333781
60 2 525995177.38892591 2423161209.8228282928 10720033293.320411682 4356255
61 2 525640340.99228775501 2433580849.2868247032 10822333665.431364059 4386712
62 2 525945648.78654938936 2418747114.8767123222 10664764193.447984695 4338433
63 2 526456747.46763247252 2481754294.6395134926 11067101410.106925964 4342941
64 2 526192473.0441057682 2440914363.8412637711 10833082240.831233978 4335022
65 2 526612675.65429216623 2437263272.3272213936 10823231763.488222122 4376588
66 2 523821568.23940861225 2413487352.3491106033 10793545503.505426407 4347631
67 2 526795159.34591507912 2403889671.5781497955 10613437226.22778511 4326122
68 2 521091718.60248249769 2424275795.5112123489 10899578761.03770256 4334196
69 2 522195405.60442882776 2424909344.4548535347 10591495416.679023743 4348275
70 2 522035209.58108812571 2392126311.3076210022 10566488982.939567566 4315592
71 2 528178507.16219013929 2450580918.7328505516 10870701058.827947617 4349477
72 2 526074422.32042884827 2446430146.9087610245 10724864082.017087936 4350289
73 2 522853758.04644489288 2440603227.3375768661 11027378910.468233109 4354045
74 2 523360208.76361590624 2446794973.4819579124 10806967266.261417389 4340315
75 2 524540554.35333287716 2433300842.1419715881 10840225717.945463181 4346573
76 2 525495242.03052777052 2439137829.1774835587 10903340160.946411133 4415340
77 2 527338937.87566643953 2463109898.9224476814 11036518945.45233345 4960438
78 2 524453384.48100048304 2413560318.9937853813 10557099720.696294785 4918617
79 2 523871148.22017931938 2416087837.0019445419 10660044045.167144775 4928238
80 2 526612662.64132130146 2432978844.0304641724 10859229690.294088364 4955997
81 2 530229016.95697194338 2428229256.51456213 10557935284.279222488 4965711
82 2 522105519.40698868036 2416566754.5656323433 10665688986.525445938 4947930
83 2 520636317.95765644312 2439090428.1415333748 10938809059.7628479 4908821
84 2 524941782.30610686541 2426022444.2277622223 10746604390.789146423 4922467
85 2 526481485.0986276865 2455489325.1395125389 10922541168.595424652 4923574
86 2 528050475.15293258429 2441633146.0037827492 10804632407.515823364 4916727
87 2 525669716.98856651783 2456982058.1087841988 10815479640.956283569 4917265
88 2 523687208.729816854 2404551878.5527172089 10610285975.500593185 4886797
89 2 525109084.41689604521 2405488497.8480272293 10565989780.197462082 4922609
90 2 525614118.74401247501 2418328760.7590470314 10596433303.361637115 4937631
91 2 521242491.20344930887 2392100164.1045851707 10378567873.463768005 4912047
92 2 521649306.85418087244 2449674178.0018310547 10972877626.093017578 4898826
93 2 524235063.01842564344 2425102002.1510567665 10434049373.330875397 4922131
94 2 528166961.05942696333 2483366945.6078600883 10961998398.547548294 4956269
95 2 524079500.3569214344 2422493121.4973449707 10859532493.117729187 4891783
96 2 523400898.02767306566 2426811093.5228557587 10933409890.651193619 4910201
97 2 525147021.99073928595 2413043512.7567048073 10682335499.490961075 4918218
98 2 526674457.32066977024 2446918456.1083526611 10661536208.654188156 4948083
99 2 527417904.95705658197 2456771960.8823256493 11035411313.170286179 4910742
% Edges = 3
0 3 522420606.23273414373 2418794302.8583230972 10576130712.845436096 7749385
1 3 524943261.28886216879 2425799515.0885324478 10873752666.302293777 7783552
2 3 526670045.28180932999 2470269193.8671860695 11011585969.583503723 7812861
3 3 524362123.24065119028 2446938858.1870760918 10673775022.92518425 7800442
4 3 525460869.60386091471 2431314040.468357563 10834817764.930513382 7825220
5 3 524811715.85840880871 2432738602.6932377815 10864065063.507904053 7781153
6 3 521002256.16265702248 2431450167.2340731621 10816955076.200389862 7794274
7 3 523883514.54399192333 2392649927.9997663498 10523232194.861888885 7791634
8 3 523821859.02958929539 2416993518.0572075844 10657375084.049571991 7836717
9 3 525931406.6244596839 2425968839.4289088249 10866640725.184570312 7762140
10 3 526502064.30163240433 2459962927.3621191978 10807117121.087745667 7798193
11 3 524356824.49181902409 2408438178.5006651878 10444008340.551538467 7779296
12 3 526817784.91710859537 2442998061.3052997589 10952649136.558542252 7760200
13 3 525848772.65729361773 2447678228.7595295906 10772857509.236614227 7816468
14 3 523576965.23487073183 2420272467.3289408684 10794551426.752593994 7761077
15 3 524701305.29891192913 2418975876.8834648132 10854498535.520435333 7835865
16 3 524503018.09271091223 2434691249.603676796 11093546227.170879364 7756844
17 3 524865994.89224815369 2425407348.2093434334 10820653202.969203949 7805386
18 3 522537071.46259397268 2400715772.6056919098 10500081628.088020325 7734219
19 3 524506896.64777356386 2438845258.9079847336 10944880604.319368362 7740271
20 3 521127943.41490066051 2423544855.1579866409 10722365646.860944748 7708147
21 3 530263790.64210653305 2433268466.8014249802 10798756316.198648453 7647509
22 3 524119943.25723278522 2395209151.2687139511 10512891960.14575386 7606121
23 3 522006012.9178468585 2396212330.1437716484 10651999608.891477585 7517375
24 3 525887918.34532672167 2429067865.4374742508 10912789649.011478424 7738329
25 3 521454724.09407776594 2414453603.9214110374 10828377369.687175751 9204865
26 3 526814004.45696949959 2440494669.6991205215 10764936275.700681686 9502779
27 3 525199005.82128840685 2426338356.6458754539 10864581617.348842621 8384462
28 3 525141073.33336991072 2444116655.432097435 10872369376.481084824 8312738
29 3 523076272.19809091091 2415169640.4635543823 10766770236.571445465 8225427
30 3 521638819.53928238153 2416894605.9957094193 10707165397.717470169 8191146
31 3 523991881.73888736963 2424377470.0668053627 10680859177.99505043 8223676
32 3 527327444.06747794151 2447133270.7910461426 10828494141.452440262 8337299
33 3 526729974.02955770493 2429347017.2925963402 10933127605.954555511 8471325
34 3 527361695.53276324272 2451362874.2952003479 10977307434.520271301 8372787
35 3 526040813.87891709805 2449168237.4262037277 11016828795.557271957 8411981
36 3 527222458.66399425268 2450020435.4837722778 11033589183.913009644 8427457
37 3 524312241.22057282925 2444374298.2170858383 10859754239.274839401 8462133
38 3 523569600.03588360548 2431142018.6266613007 10732297076.989606857 8380855
39 3 523228122.24497509003 2419905618.7975740433 10884247380.103652954 8441227
40 3 525827054.9389975667 2426356272.6581687927 10917621652.999408722 10204703
41 3 525773917.81205028296 2412104107.3575053215 10504056536.007360458 9912871
42 3 525380847.36940342188 2428662181.0895967484 10687726053.727045059 7724647
43 3 525868167.15509146452 2416661956.4544129372 10565410426.503271103 7356195
44 3 527586966.23013532162 2445970029.0774278641 10947546874.491632462 7357195
45 3 525484336.84694474936 2427500390.7286968231 10630130860.906585693 7358755
46 3 524406080.46845221519 2418614870.0533480644 10640279023.886484146 7411597
47 3 526121731.24598038197 2426823734.4971237183 10833622165.826913834 7480199
48 3 525628598.34549146891 2423242643.0862174034 10649343893.239938736 7352666
49 3 527885041.72820025682 2465306288.0213913918 10955131841.843700409 7223172
50 3 526401567.16335070133 2435274190.3584108353 10861579384.789279938 7146890
51 3 522979878.93059635162 2414576049.432700634 10750012772.538547516 7160553
52 3 525840370.93966221809 2427397319.5612812042 10739844646.715484619 7289789
53 3 522763286.56901597977 2424400694.2209649086 10766228111.979347229 7391684
54 3 524027347.58504951 2416130592.664150238 10733185070.326936722 7463433
55 3 525325402.55096888542 2426719634.23432827 10720914022.910318375 7304970
56 3 524300477.35758709908 2454958585.0607018471 11000934880.180603027 7176608
57 3 524539167.17746371031 2412007616.1613497734 10606720548.906721115 7150158
58 3 523665955.77609968185 2432000257.4808764458 10806249699.866661072 7159618
59 3 525248017.15670329332 2450001253.9961695671 10968893828.692163467 7291544
60 3 524748453.68245357275 2419255107.7302684784 10772400123.078287125 7346914
61 3 524994193.05701631308 2430578681.4894576073 10931407391.94303894 7432151
62 3 523918224.27099072933 2425220267.0560846329 10877592971.148220062 7265870
63 3 524053865.0148448348 2415901112.3280544281 10740424273.954433441 7168328
64 3 522551931.86204200983 2434170345.5290222168 10949153053.11699295 7125732
65 3 524203028.19709801674 2444623910.4974708557 11006200702.501373291 7234060
66 3 527503581.49598741531 2439436578.0300192833 10977672732.157028198 7272006
67 3 520893609.51973241568 2417902987.2723479271 10724839063.165044785 7370444
68 3 522794132.97934520245 2422867365.9110956192 10694330731.794784546 7422640
69 3 526325043.38088274002 2446470907.3050994873 10884374291.020366669 7272575
70 3 526867934.37600529194 2435559763.4822492599 10752885164.000629425 7158152
71 3 529467457.91807067394 2472332111.7339553833 11095341171.789863586 7220225
72 3 523007901.07038462162 2411550532.8530364037 10587794870.720094681 7176756
73 3 523902480.70319622755 2437895700.4824209213 10716616836.489671707 7309097
74 3 522735277.64078038931 2388543993.361972332 10585000351.124183655 7391163
75 3 525802739.28506451845 2441938188.55260849 10940112184.25460434 7431351
76 3 523857157.82268619537 2411267952.0850200653 10712899533.165922165 7277238
77 3 523957204.99950814247 2427537429.6170048714 10895162549.833608627 7205226
78 3 524306015.15861827135 2422542243.9178328514 10773219008.35817337 7141770
79 3 524584054.84751909971 2434417188.2975749969 10709719448.842954636 7251002
80 3 525845675.74157744646 2426616300.5318131447 10626529535.289569855 7356500
81 3 522285790.56162708998 2447012297.1277976036 10852715485.323324203 7428347
82 3 525394341.75075787306 2432049878.7449645996 10745733102.517879486 7441187
83 3 523585312.68926090002 2442245601.3574581146 11154995242.329715729 7344591
84 3 527894644.34320038557 2462440008.8358902931 10828576377.979356766 7162237
85 3 524199774.61079704762 2429064733.9341931343 10730166360.284103394 7162807
86 3 523077156.82924199104 2413567924.0067567825 10837894852.810428619 7208645
87 3 525105360.32660210133 2426124578.788901329 10653485757.751935959 7323063
88 3 524576225.34001708031 2409449457.4611759186 10715038236.770994186 7443202
89 3 525558640.84066164494 2439613816.6430363655 10995271612.357191086 7431501
90 3 523984055.04921317101 2409492487.569890976 10475933423.816070557 7322067
91 3 523007916.26727408171 2446285599.2125382423 10970383492.228813171 7207666
92 3 527789295.05128902197 2435964565.4398732185 10911545059.81221199 7370665
93 3 524531378.50896000862 2427806994.5727739334 10732171616.605463028 8785764
94 3 524744959.55788958073 2435492970.800383091 10760913446.305009842 8938926
95 3 521877403.92110151052 2395287376.9132852554 10587227331.537395477 8529420
96 3 527106558.029122293 2426058372.2064061165 10742570546.131843567 8542454
97 3 525002365.32325345278 2400431122.1604032516 10495010435.063970566 8640344
98 3 523483001.93202030659 2405302308.5400085449 10613774226.173404694 8976728
99 3 521079872.61003756523 2399714636.7110171318 10634475097.64213562 9169499
% Edges = 4
0 4 523631097.30788093805 2412920592.7451891899 10709654358.435220718 10976558
1 4 524608659.1034026742 2440861261.1109952927 10957552116.602228165 12132879
2 4 523314826.09918409586 2430460606.4887766838 10823318032.907188416 12450929
3 4 520635362.72648102045 2408707815.5589103699 10746311190.230472565 12605430
4 4 522376598.4503672719 2432983212.058426857 10818996996.758844376 14745656
5 4 523657005.48993003368 2419907845.8535718918 10630070123.196062088 11265349
6 4 524193837.05019032955 2422702388.5298933983 10631096605.770425797 10345040
7 4 523566746.15200173855 2420189312.203795433 10693678147.833398819 10052589
8 4 524499681.23956561089 2428575535.4059224129 10741269525.870155334 10113640
9 4 523874581.42570704222 2399210093.1900014877 10596303410.371828079 10231430
10 4 520454526.41030800343 2439761246.0728168488 11046480565.412136078 10365240
11 4 525145261.95539957285 2431427904.9871525764 10822865365.977596283 10306699
12 4 526237569.37458658218 2465897201.4125390053 11153318763.555711746 10111572
13 4 523857066.57342666388 2431628074.7621879578 10759949899.59969902 9972185
14 4 525400595.29577863216 2402087972.6855106354 10468303479.404541016 9987753
15 4 522382645.15351593494 2422033668.3757543564 10724124495.777671814 10038580
16 4 523441290.34996783733 2400780331.7429800034 10537443199.947652817 10172057
17 4 524879808.33576375246 2441184796.7848911285 10772538779.645498276 10334923
18 4 525981067.04958862066 2452378752.460515976 10735169136.208726883 10272325
19 4 527028970.08551812172 2430181019.3481974602 10858048986.098834991 10123927
20 4 524783130.72427719831 2429316935.0910844803 10859549876.581989288 10010432
21 4 526756626.80032014847 2444954042.2819929123 10946348810.731163025 10035592
22 4 524405871.04600304365 2437933095.6122450829 10801864018.219930649 10046920
23 4 521576026.55734479427 2402674887.828461647 10781436438.639577866 10206288
24 4 525637483.17563682795 2407079438.3311638832 10543221735.763814926 10350976
25 4 522476388.85072278976 2374479390.4639282227 10498889028.047067642 10323822
26 4 524528437.25700163841 2416172841.8200736046 10587777563.088041306 10183181
27 4 523820995.36062985659 2452922728.9254655838 10997754998.736448288 9995963
28 4 523284542.81829786301 2386741242.3608636856 10465905917.261859894 9952956
29 4 521865420.42728662491 2389311738.8591461182 10646371521.147800446 10067822
30 4 525057751.92310965061 2418473555.9794940948 10666904054.105724335 10171628
31 4 524859598.29918593168 2455675598.2586922646 11150374418.604240417 10307477
32 4 523934318.39261031151 2445946437.2185931206 11006172568.275535583 10334539
33 4 523217138.16112703085 2411445824.34451437 10619715067.6101017 10164792
34 4 524709951.58018231392 2412139716.1536784172 10773314160.270982742 10014326
35 4 523983075.84820687771 2453178119.2003769875 10862314905.34969902 10007122
36 4 524071437.71082335711 2411606789.4341273308 10771572377.366603851 10134778
37 4 525025441.15847343206 2416480568.26927948 10822884516.520524979 10172127
38 4 524204189.35466605425 2417834211.3038597107 10679271704.485513687 10321746
39 4 523397599.70258003473 2428197407.6805791855 10763318454.061407089 10370503
40 4 522319585.84621602297 2417586198.0046882629 10761834198.118772507 10205414
41 4 524540233.37081998587 2428651943.390173912 10825794953.617733002 10012072
42 4 528314209.60340607166 2431941169.308485508 10798922732.881559372 9942213
43 4 525508487.8285356164 2430067236.4271087646 10694444708.799795151 10014344
44 4 519986690.59902215004 2395580471.2574467659 10630428787.409170151 10163162
45 4 525702899.07700997591 2442256548.5898609161 10645471200.120389938 10263569
46 4 522391456.02802234888 2414376820.1763386726 10742858419.233129501 10473807
47 4 522431054.52327394485 2408873042.6869850159 10720750979.246009827 10194311
48 4 524911230.9692081809 2433971669.7510972023 10748794144.525819778 10049621
49 4 524786465.633926332 2431071381.7462005615 10911989145.55257988 9994873
50 4 525228382.01223134995 2435875072.8082933426 10892984845.407030106 10002905
51 4 528708467.97188687325 2439019042.9961576462 10781987671.897090912 10113818
52 4 523981940.34722977877 2398663017.2964863777 10661160763.821853638 10288092
53 4 525088935.14509779215 2446822829.7532534599 11022575619.74398613 10353340
54 4 523322009.24997025728 2444866635.137714386 10952512413.928936005 10192106
55 4 524553585.19991248846 2410714767.1300973892 10670249948.38176918 10090721
56 4 525634880.65745830536 2410624086.5260233879 10618913535.161506653 9916637
57 4 526519204.56299036741 2450578500.2266745567 10940880168.319484711 10004349
58 4 524814426.99878102541 2424307760.6213841438 10716672801.200353622 10098292
59 4 523640521.26365405321 2423387368.2983517647 10813230330.734750748 10237524
60 4 525160518.94685637951 2428152717.7403612137 10729761972.262643814 10416338
61 4 528209129.06956809759 2460749620.7587456703 10966340940.099969864 10297230
62 4 524468613.59485453367 2436833955.3177237511 10714352813.053613663 10143825
63 4 525865883.59130883217 2448365256.1538543701 10872562359.90073967 9977235
64 4 523371673.31486326456 2422827882.9753890038 10775563368.756696701 10037607
65 4 529347126.3095985055 2447443639.3169174194 10982683791.229150772 10145881
66 4 525025881.75080776215 2422560863.391954422 10758723701.28465271 10210975
67 4 525581923.11844426394 2418542548.0706615448 10704230479.837745667 10393695
68 4 524516465.59993302822 2445970841.8510870934 10830607291.00107193 10311005
69 4 524536861.07221829891 2422028607.0984506607 10706816752.489866257 10143765
70 4 522117799.65299922228 2414526064.0195622444 10713305775.110181808 10018206
71 4 523987355.55873078108 2431768515.7118530273 10847445517.38936615 10016746
72 4 522538544.07918035984 2417793586.8727564812 10646521028.811531067 10098204
73 4 527451934.60402739048 2444516916.6432042122 10717075755.557434082 10260858
74 4 523116067.05249190331 2428051428.1467337608 11018560124.915081024 10362148
75 4 524020295.44671082497 2415513679.9526033401 10911056473.331142426 10323234
76 4 526507255.32049173117 2437631583.2439484596 10901256735.232910156 10194579
77 4 527699762.53077304363 2438954922.9361371994 10671978558.083406448 10034741
78 4 525037835.90436202288 2429608311.5363163948 10763352158.917285919 10100011
79 4 523565854.80962347984 2437004065.7388525009 10889621895.461429596 10058455
80 4 523037258.00018590689 2429324196.2370929718 10787018028.392284393 9959614
81 4 524506710.32453882694 2463125423.4567899704 11208495888.033935547 9986873
82 4 521943775.4155831933 2411144320.6326503754 10727800353.185453415 9974067
83 4 522077905.06520712376 2417071996.5039110184 10906156448.141796112 9975957
84 4 525127184.06092321873 2452534009.2918372154 10985723760.567119598 9957832
85 4 526617013.74789959192 2447769819.2891793251 10699069058.721628189 10007750
86 4 524117115.01799464226 2447380458.7191123962 10941807891.504236221 9975707
87 4 524669784.74069142342 2405254503.2304782867 10569119327.911090851 9981282
88 4 525295914.75026482344 2440314599.3231906891 10835639617.073480606 10013710
89 4 526240838.32947731018 2437276826.891664505 10829972758.445659637 10025795
90 4 522757185.53980463743 2424781275.4970054626 10778055442.740831375 9991540
91 4 524073076.62882959843 2416137382.1187067032 10797622828.132041931 10119997
92 4 524773865.244384408 2411616671.8379173279 10695371565.297716141 10069151
93 4 524210253.48534119129 2429329844.0182361603 10889660573.91330719 10043224
94 4 522273383.29621225595 2439824383.9127039909 10871940238.637781143 10068224
95 4 524580045.55828553438 2457000842.7229294777 11015785704.882789612 10098178
96 4 528129986.89617562294 2430755074.0827050209 10696684375.774595261 10036306
97 4 524218263.72929483652 2416254809.0966629982 10828721240.622404099 10081635
98 4 521450061.70622259378 2434628583.4517769814 10926719739.486539841 10053360
99 4 523850452.85280740261 2438434546.4267544746 10742322821.272977829 10082132
% Edges = 5
0 5 523429016.38681578636 2410815194.1607117653 10686285769.555295944 12960874
1 5 527349455.35459309816 2438794711.2338023186 10677162323.756874084 12906094
2 5 523780918.77989554405 2422318509.7017188072 10636121610.622682571 12922045
3 5 525838990.16103088856 2433144573.7582235336 10709452481.549905777 12844612
4 5 522531915.7858247757 2416280144.0171079636 10781997827.998485565 12698692
5 5 523799846.28397029638 2445398562.7233905792 10904268263.674325943 12945076
6 5 524584803.58632534742 2429902076.9195203781 10943466962.788211823 12726254
7 5 527103452.30724030733 2453720163.9204359055 11025985729.552843094 12086121
8 5 524912296.82405483723 2422967707.7094259262 10759215401.249162674 11659946
9 5 525999565.70184534788 2437311650.6473670006 10651881183.366645813 11644734
10 5 524589894.46189200878 2442742082.2330121994 10821413234.16047287 11654393
11 5 524712082.43526363373 2425898616.21833992 10662223880.624345779 11649580
12 5 525049897.56204724312 2433802761.1489334106 10787818781.047870636 11680650
13 5 524339570.23847597837 2444102232.9846849442 10913724751.536642075 11653988
14 5 523564172.65025180578 2410088158.8397135735 10664502085.812170029 12561544
15 5 525820108.09022140503 2447714067.3687562943 11052174801.587100983 12804047
16 5 524188104.4038323164 2436459077.9641475677 10858240635.185115814 12817131
17 5 524184788.0413364172 2444938263.1855216026 10841553719.041526794 12856235
18 5 523415726.33665919304 2422781206.738014698 10927759255.012485504 12839278
19 5 524752081.57613623142 2450221172.2838616371 10897116619.078670502 12807086
20 5 525908709.73901998997 2424126315.489839077 10793324545.041028976 12870622
21 5 523485792.06407505274 2426025901.3966364861 10882987635.140028 13018898
22 5 522483265.24197161198 2434895563.0290622711 10826799681.235980988 13032514
23 5 523521838.0703112483 2422624217.0524597168 10857072948.379987717 13016004
24 5 523941529.51298052073 2432479470.1341519356 10797947939.968147278 12990824
25 5 522979057.95963782072 2413250248.127269268 10643393909.42788887 12985807
26 5 524420371.54247933626 2419301491.1765494347 10680626459.104204178 12984584
27 5 522566342.76096284389 2426040049.6657133102 10706923895.010372162 12867592
28 5 523129356.11170375347 2435793801.5437231064 10932647654.339559555 12921371
29 5 523286581.8383949399 2423180222.7897324562 10801389077.397542953 12877363
30 5 526073973.15024799109 2439798902.4784626961 10873834851.61608696 12870365
31 5 523406398.27151674032 2429929038.7232923508 10831896744.281877518 12917833
32 5 524915362.84930551052 2421954352.9286866188 10789978490.762361526 12846088
33 5 524018182.12378877401 2434628552.7601523399 10859241961.674379349 12926569
34 5 523559354.4329932332 2415246471.8314819336 10807536492.823411942 12882113
35 5 523758233.62414759398 2411574601.8008265495 10595924106.0235672 12878282
36 5 521714528.05551761389 2402719887.3943610191 10637229009.236854553 12880168
37 5 521178696.75993680954 2397358637.5035977364 10675910977.438438416 12832268
38 5 526150511.73759835958 2450842050.7552065849 10773518334.279321671 12872818
39 5 524983480.85994929075 2428763092.7455072403 10824666966.381080627 12878756
40 5 525781891.49109834433 2443111609.3713059425 10985463622.529356003 12957233
41 5 523001591.59182596207 2413739073.4046449661 10672445452.775016785 12881142
42 5 524677157.96908688545 2445275813.5090723038 11097706005.793523788 12865183
43 5 528518075.97041422129 2443301124.8190250397 10749575671.665559769 12674764
44 5 526320179.9432926178 2434674360.1517086029 10929085793.311454773 12646976
45 5 524373889.92166000605 2414644125.5634908676 10629791092.25945282 12621143
46 5 525410794.70709466934 2435388812.8380088806 10776996251.749702454 11972710
47 5 523589953.78015708923 2414897919.3861813545 10716723254.581764221 11653207
48 5 526028048.23332971334 2434571838.5518040657 10726425237.060770035 11611557
49 5 526248523.24001312256 2442092161.3763537407 10832026576.083353043 11651166
50 5 522768071.56298071146 2422205908.6887264252 10918539006.917922974 11663119
51 5 525933227.42487156391 2433259329.2007002831 10832353856.317432404 11659560
52 5 521479738.27252334356 2398699290.8613257408 10687510630.839075089 11623358
53 5 524512831.21619695425 2431491128.4219350815 10766791160.012023926 17600472
54 5 525302453.28748762608 2423274310.2917189598 10751686240.315361023 18678506
55 5 524272659.63184523582 2422718072.3352546692 10666325958.541799545 16834515
56 5 525647002.86882388592 2429423397.4596600533 10855710763.819206238 15086152
57 5 525344727.45242226124 2429931535.0279064178 10898407631.539787292 13218175
58 5 524980191.44290995598 2428267899.0056519508 10662230391.148515701 12980986
59 5 523837121.81642824411 2434570864.7670516968 10771830033.999177933 12928838
60 5 525609578.16714465618 2436456053.7963924408 10805844415.595935822 13051442
61 5 528028895.62118148804 2446298605.1533269882 10988238009.15004921 12088828
62 5 527777812.19619804621 2429914744.3038949966 10710189515.518676758 11544769
63 5 523209220.68909388781 2401320357.5364050865 10664585037.638027191 11565417
64 5 523011078.51084733009 2398769708.1306562424 10533395521.896615982 11502264
65 5 525222394.04949110746 2420957263.3336110115 10848418872.484464645 11505779
66 5 525909652.86383414268 2441031931.9222993851 10985757032.276218414 11562144
67 5 524373462.57316243649 2442253599.3881425858 10793048376.606847763 11518660
68 5 523186197.35677731037 2410256411.2482728958 10765500664.515644073 11505564
69 5 524967896.33389496803 2426268269.4557452202 10854817356.969839096 11487036
70 5 524976563.80874204636 2419462453.0693283081 10628406471.233636856 11475069
71 5 523165700.86341416836 2426038752.8978261948 10684518183.435913086 11512099
72 5 524063242.83478653431 2439622089.2943954468 10950219070.535131454 11474837
73 5 524407689.77539843321 2415315989.9062986374 10725416721.174118042 11544945
74 5 523395444.15479946136 2417923270.9796929359 10688991601.917238235 11493039
75 5 525751714.67045378685 2420526420.0015254021 10610641591.480302811 11519683
76 5 525466042.94354343414 2421739017.9111332893 10760038491.257814407 11506908
77 5 524805052.5848531723 2438844283.212553978 10908193746.352104187 11509556
78 5 524536161.25757455826 2431140237.4665961266 10843151713.516700745 11546418
79 5 525424634.51367110014 2441245885.1164646149 10978702194.32172966 11578486
80 5 521789921.08881765604 2405471305.2881040573 10587338241.565868378 11489083
81 5 522114809.30591750145 2408240989.1394777298 10776276301.952636719 11508775
82 5 524173068.78742128611 2434708996.2960295677 10890780881.044231415 11494935
83 5 523367671.81284528971 2428201377.1666111946 10848196320.072080612 11533833
84 5 527319980.53579080105 2434214506.9048275948 10657666787.113897324 11583722
85 5 523108854.03085577488 2423163699.9906463623 10754341335.900531769 11563900
86 5 525051576.30702239275 2407959826.4678201675 10632272661.058225632 11548164
87 5 524970306.64492404461 2436255217.7655172348 10936901756.722436905 11551265
88 5 520520061.61863136292 2410709357.002846241 10697899408.781980515 11535329
89 5 524220463.28596514463 2416226558.0939774513 10710041467.992334366 11555525
90 5 524656889.95764523745 2428612749.0998239517 10720618864.526899338 11578250
91 5 524571366.33639836311 2414222143.217520237 10775858263.06794548 12553274
92 5 525812294.91768860817 2430085734.5200395584 10786833170.025814056 12821787
93 5 523013428.15354472399 2425435608.6969528198 10742879830.435064316 12703598
94 5 525854439.07071745396 2411979302.7102575302 10678495759.997928619 12727166
95 5 523733386.60283362865 2427931142.7620997429 10829920131.182451248 12728258
96 5 526566228.75316089392 2431655525.3755898476 10805929386.947433472 12696124
97 5 524429986.99669092894 2426119184.1584911346 10947580164.433689117 12733752
98 5 525568292.16262298822 2439717449.4145178795 10834825404.264894485 11641295
99 5 523954208.47804665565 2415219619.6254172325 10656017200.790319443 11592530
% Edges = 7.5
0 7.5 522691903.11303246021 2428127027.6971955299 10786929242.657464981 18214980
1 7.5 525339929.97830075026 2432013852.8682389259 10761388870.763702393 18150368
2 7.5 522421304.17073196173 2410404407.7736063004 10740671781.765264511 19277050
3 7.5 523957461.09866446257 2447654627.6714792252 10995861637.531925201 18469337
4 7.5 523715501.05149614811 2425681406.3882555962 10694518133.549390793 18195199
5 7.5 524075592.15046209097 2427333078.8321013451 10758496594.650819778 19571496
6 7.5 523641719.72459667921 2407964183.4263215065 10582177366.667728424 20250825
7 7.5 521551305.89994746447 2424762891.4180669785 10810267951.791982651 20422117
8 7.5 525630592.24497997761 2420442390.3055286407 10718989892.478485107 20342717
9 7.5 526273723.21608221531 2445375736.8429965973 10917685728.861171722 20305586
10 7.5 524608503.83301758766 2420547137.0528759956 10758312061.063455582 20280282
11 7.5 524874965.50054246187 2433325230.0249114037 10938544261.747077942 20165347
12 7.5 525015815.29643172026 2437221499.1110644341 10766873995.043777466 20013783
13 7.5 524234969.21145409346 2419479723.0464673042 10670310160.580621719 19983871
14 7.5 524573990.84890323877 2412349422.7182831764 10529695791.526878357 20050099
15 7.5 524219374.202714324 2424698077.3289480209 10667202425.084392548 20165659
16 7.5 521613854.5238147378 2399010124.3988413811 10593862552.040590286 20314342
17 7.5 524454544.92073136568 2439375010.9599709511 10769814413.796585083 20434599
18 7.5 526104376.80197864771 2443794719.8257017136 10907810651.113008499 20532712
19 7.5 527246235.53872156143 2455692468.9243659973 10921136587.533632278 20590537
20 7.5 521229253.31691986322 2409387106.6788930893 10613354298.537385941 20477453
21 7.5 521902560.40273588896 2384414711.5119137764 10493338207.350822449 20354101
22 7.5 523043090.39394831657 2411503459.6594414711 10702716816.015844345 20270742
23 7.5 525247500.85946631432 2440003337.5107154846 10879416491.128875732 20176102
24 7.5 525707648.78692704439 2425687377.7584843636 10718436119.020292282 20003775
25 7.5 524121339.17437702417 2415162260.6785616875 10684828651.965763092 20045045
26 7.5 524590311.26568323374 2430960574.4883089066 10723800636.62134552 20061659
27 7.5 524090498.26338428259 2426516183.6831388474 10876707167.194576263 20106985
28 7.5 526458751.5453068614 2433545283.5712676048 10675711928.170751572 20270066
29 7.5 523914753.92416417599 2422456906.7222752571 10865703594.545352936 20364167
30 7.5 524942405.38693624735 2424654295.7214460373 10815030954.68075943 20465855
31 7.5 524081857.91270321608 2413043628.0309081078 10766628375.39635849 20407627
32 7.5 523931152.64562380314 2424492754.4691314697 10736676486.292263031 20405785
33 7.5 526842244.1698461771 2439185365.5086069107 10841044459.835031509 20216427
34 7.5 523283624.56313109398 2413549817.5827121735 10608766171.493549347 20121775
35 7.5 524722965.09117400646 2420922659.5475034714 10598075187.44201088 20217198
36 7.5 525202124.9165418148 2423510578.5359387398 10722379264.017049789 20049821
37 7.5 524627222.00995856524 2416326119.835167408 10716502747.403078079 20034223
38 7.5 525196176.11019861698 2433964584.3107914925 10767623433.652935028 20312728
39 7.5 524473002.82738339901 2425320415.2743887901 10766367305.836753845 20337071
40 7.5 523709452.14720112085 2417068488.3899378777 10728787129.374746323 20445285
41 7.5 525301569.40619885921 2425414145.0343976021 10737233155.887578964 20664638
42 7.5 524030560.93957126141 2439248445.3111758232 10788407528.44634819 20536808
43 7.5 523743087.71220612526 2429104520.7691040039 10789632653.123941422 20346031
44 7.5 523838199.04562884569 2445808273.039785862 11025942379.02763176 20766760
45 7.5 523830895.19763088226 2419978363.0595598221 10784560238.263578415 20238787
46 7.5 523760104.47728890181 2433449172.5713996887 10698855372.47600174 20014516
47 7.5 520741444.21838980913 2407997462.9818544388 10784730091.834339142 20125508
48 7.5 524418292.37937128544 2434829924.5798048973 10929927686.037748337 20355227
49 7.5 523574303.00685214996 2414697618.0044083595 10758749864.023422241 20510925
50 7.5 522824006.60621488094 2404272116.8493652344 10631844733.516187668 20150993
51 7.5 525711973.67729902267 2441500855.0296039581 10961323876.580274582 19988387
52 7.5 525346567.33572089672 2420810968.394133091 10789107653.654254913 20151471
53 7.5 525344308.58367788792 2429149637.0566296577 10754768675.546491623 19910578
54 7.5 524074443.83604025841 2417975969.438785553 10708247202.309854507 19622658
55 7.5 523507428.81160277128 2428982388.0939073563 10787246636.412992477 19593557
56 7.5 524219338.65416824818 2438028838.5765476227 10976699494.472585678 19558975
57 7.5 526030556.51823681593 2427922745.3357219696 10764183605.856594086 19735113
58 7.5 524742506.6524258852 2426588717.5836453438 10761813708.974977493 20185283
59 7.5 526455571.45153027773 2451964880.1560711861 10739945376.703363419 20282056
60 7.5 522896576.34203702211 2423447013.4377756119 10732431060.959886551 19904525
61 7.5 525659779.79152804613 2461095269.7471680641 11003498652.572317123 20216016
62 7.5 524112511.06425064802 2434095828.8947529793 10795805283.071123123 20552011
63 7.5 524969028.87215131521 2422480367.7411513329 10863623975.434331894 20385876
64 7.5 526314454.48928534985 2447711474.1319732666 10875726883.30068779 19905161
65 7.5 523864345.75939178467 2423399199.084356308 10733316711.856531143 20103853
66 7.5 523220271.78079426289 2436790166.8696813583 10878836354.746862411 20271706
67 7.5 525391959.81189137697 2441976657.3695135117 10969906540.624578476 20622903
68 7.5 523658611.86419415474 2424223768.5754756927 10747409339.772899628 20209816
69 7.5 524928186.47547841072 2431064988.0385055542 10786635706.46364212 19907532
70 7.5 526706250.92024374008 2435911075.4689350128 10689070489.595655441 20196043
71 7.5 524663448.60024619102 2415611689.0577135086 10593334927.662315369 20330957
72 7.5 526528073.65231013298 2428200069.796225071 10832500919.791320801 20465261
73 7.5 527635817.37222248316 2435620661.4731254578 10750901951.367771149 20086604
74 7.5 526320511.7042325139 2440327276.7416744232 10784785646.896852493 20128255
75 7.5 522635797.9142819643 2400531464.8795104027 10511077843.826032639 20256283
76 7.5 525811201.62654912472 2448770310.7535390854 10894187706.161533356 20660590
77 7.5 522478398.03288567066 2415002265.8932328224 10709200023.805727005 20419297
78 7.5 524685339.97682571411 2427162305.5248131752 10886537854.613851547 19994013
79 7.5 525863305.16908878088 2427711005.1904997826 10746527134.014820099 20126245
80 7.5 526499208.60645693541 2443519073.2042608261 10851139563.947980881 20330002
81 7.5 521424485.72871655226 2422505244.3673682213 10958558557.822740555 20713722
82 7.5 523700173.20943385363 2436294795.5633916855 10940723759.758852005 20291038
83 7.5 523362375.12356442213 2421152585.247200489 10654334106.459636688 20014091
84 7.5 523409929.47619593143 2423258981.3741164207 10646924033.77963829 20169445
85 7.5 526698330.48713433743 2444805109.5305938721 10895082179.473133087 20430771
86 7.5 524665344.06315267086 2416849067.0219349861 10780709093.310281754 20454557
87 7.5 524645678.79139494896 2436915746.7238998413 10857183522.228679657 20093103
88 7.5 524834723.99507892132 2425656152.9193949699 10749146663.824083328 19962959
89 7.5 523792995.35400050879 2409562628.2517151833 10671752986.36233139 20195894
90 7.5 524380980.2983481884 2432429345.0971579552 10807997221.625463486 20522494
91 7.5 526098001.37222415209 2415734474.5329399109 10726159688.97004509 20332448
92 7.5 528540079.49992716312 2448771343.8576951027 10894308874.951648712 19913155
93 7.5 528636216.24788475037 2437501352.8839883804 10737164376.238779068 20064892
94 7.5 525052764.30985045433 2433452950.4918503761 10871167592.115816116 20789070
95 7.5 524134411.45627349615 2428056049.1957769394 10914113966.608873367 25335715
96 7.5 524261241.13807988167 2412699068.5331463814 10708547443.690254211 23285009
97 7.5 525326474.14428949356 2432591592.5452055931 10936108751.353487015 21917246
98 7.5 525101288.30936700106 2426415768.2154841423 10750590996.71553421 20594863
99 7.5 526117835.84718513489 2449287493.857421875 10990872154.476144791 19459033
% Edges = 10
0 10 524960631.77981388569 2429149665.1238117218 10773304295.636753082 26682926
1 10 525476357.32261794806 2428287780.4668450356 10717922744.585962296 28963922
2 10 525697809.12600070238 2440011972.1877732277 10867128710.243429184 30498491
3 10 523652783.71837210655 2415045886.7790970802 10712864151.295455933 30413492
4 10 526294765.47062402964 2420737179.4773879051 10686346555.587963104 30227734
5 10 525100409.43735146523 2436035613.2662248611 10846214958.363924026 30095372
6 10 524951425.20335537195 2424707289.8631305695 10776041004.392656326 29964732
7 10 525389294.15353024006 2422848570.4869241714 10709962194.855499268 29879599
8 10 524640480.72923487425 2424662085.9494738579 10755857677.916366577 29732492
9 10 524108312.23412621021 2422060919.5049524307 10750819476.536151886 29691462
10 10 524559144.11821639538 2426473404.3564329147 10764851497.883909225 29843982
11 10 525486775.79933440685 2423555182.4999470711 10710697845.657190323 30119287
12 10 524249879.88313043118 2426086336.4783239365 10726614202.514348984 30269148
13 10 524158448.09891968966 2428437496.6970000267 10846703624.803789139 30498543
14 10 524204024.38241010904 2412084044.2970576286 10671733537.977880478 30576540
15 10 526184327.0932790041 2424408251.1155872345 10725230915.075233459 30645465
16 10 525536057.15848463774 2436663376.88732481 10800606070.693014145 30412298
17 10 526007995.75731229782 2425160988.0796804428 10736311803.561218262 30307903
18 10 525874082.11411994696 2433266126.4809279442 10953304808.922149658 30054231
19 10 525609583.94099915028 2425437961.3858985901 10719584913.179754257 30010308
20 10 524493447.40119689703 2426863339.4605607986 10821152837.550989151 32273982
21 10 525169290.71261900663 2433632891.8758449554 10883604630.376119614 33647288
22 10 524152510.24023044109 2439348907.0278906822 10850437083.831027985 33499337
23 10 524707442.42225217819 2429692173.2327480316 10768978001.109243393 34359530
24 10 525811032.62458258867 2446298524.4575371742 10890013442.274318695 30534761
25 10 523159492.42851412296 2418918255.9597845078 10688303932.808933258 29977137
26 10 526433158.06226581335 2443558488.3181314468 10853900149.255878448 29860313
27 10 523729212.40373581648 2409395217.3305368423 10761251785.904298782 29606730
28 10 523478735.75674146414 2426532782.3230605125 10821710878.394657135 29958374
29 10 524165264.90969711542 2441465657.8831005096 10885946060.362548828 30056456
30 10 525988013.22148960829 2443664821.4953813553 10935134099.845649719 30237063
31 10 525565164.60372132063 2431535088.7129793167 10744570838.446632385 30465875
32 10 524815602.29689562321 2438067737.2640142441 10811658395.278766632 29713589
33 10 526501474.19301575422 2427062748.2771897316 10722642006.773189545 30040938
34 10 525185707.46949636936 2431891124.9632854462 10741177713.240552902 30175361
35 10 525511570.89577293396 2446098175.3172693253 10842661311.693323135 30349086
36 10 523793676.96344274282 2428341842.35587883 10774239048.869663239 30236127
37 10 523780606.69934457541 2429281480.7440829277 10806914214.282938004 30087821
38 10 524539248.59345752001 2412946906.5514187813 10753367381.632259369 29872537
39 10 525180408.72078281641 2428751579.3914375305 10769893759.359241486 29863370
40 10 525758695.6572508812 2437870483.4763317108 10830569881.266906738 29755305
41 10 524999931.70095056295 2427969200.4941515923 10771811906.061824799 29832382
42 10 524512835.17903393507 2428248241.03038311 10628049181.807565689 29605583
43 10 525747210.09849148989 2421785053.6283211708 10822976685.209796906 29864515
44 10 523114917.24721115828 2416550376.0860619545 10587545608.764041901 30047245
45 10 526337803.30961424112 2441558145.5993790627 10931124516.520500183 30250053
46 10 524266760.80425101519 2423855250.2495541573 10733023836.070356369 30419333
47 10 524361831.28390789032 2428499678.0742807388 10757167972.993320465 30359658
48 10 524679610.8969399929 2403493181.5948681831 10570329296.520748138 30254547
49 10 524339340.34034490585 2428588187.85343647 10826603242.87802887 30148916
50 10 523343338.44167393446 2419479239.6628131866 10769148468.274282455 29966196
51 10 524234503.32970416546 2418079199.9553442001 10764562276.724208832 29780166
52 10 525924760.38846844435 2422426269.833864212 10722170844.465322495 29679326
53 10 525914322.74744665623 2438568921.9239120483 10877541043.348670959 29965180
54 10 525590011.89658051729 2442387516.636059761 10878573053.009059906 33784056
55 10 525248819.18169075251 2428751589.3762946129 10663794713.225505829 30804756
56 10 524882454.73609995842 2429881980.3933987617 10875567108.986272812 28663271
57 10 524417249.4176363349 2453066534.66801548 10862468838.965471268 35912529
58 10 523126786.45102572441 2425485866.7329668999 10720908324.446662903 36864170
59 10 524609372.73126721382 2419684823.5862011909 10709688990.486459732 31409108
60 10 525670983.63152658939 2436054312.1530089378 10757333304.314447403 30527272
61 10 525607677.84843420982 2431450729.0808086395 10677686962.919073105 30001477
62 10 524462467.05766642094 2413377197.3771204948 10674480408.617944717 29957078
63 10 524269275.53388464451 2427208959.1246800423 10816119146.809410095 30017883
64 10 525418070.77210485935 2417970621.5157985687 10796725975.278757095 30187192
65 10 524972029.29990875721 2422030657.1042761803 10676195303.178529739 30553234
66 10 525241962.27632546425 2428810634.3221421242 10891609097.332073212 30584641
67 10 525418859.52308374643 2423343384.9125175476 10674648938.072509766 30317473
68 10 522383572.8933339715 2422945167.2006845474 10843354236.922233582 30020154
69 10 525023163.4353274107 2427836603.0507469177 10753165042.620958328 30215046
70 10 524494504.23524707556 2423402265.4768242836 10856372732.509899139 30218691
71 10 525644835.65863674879 2428905501.4183087349 10678061141.598344803 30426930
72 10 524506712.44177794456 2419876399.691795826 10807681024.551515579 30726249
73 10 524863074.21282219887 2426328144.6956887245 10751680747.593923569 30601987
74 10 524881575.61181724072 2427786892.214512825 10754165932.036907196 30360618
75 10 522282348.45396798849 2410302655.3151187897 10632227318.096893311 29896677
76 10 524506529.42029756308 2428043296.3526473045 10728057532.822757721 30145301
77 10 524354585.5269420743 2428848313.0093698502 10728135137.138896942 30168357
78 10 525114094.42388439178 2417929593.2883739471 10666422333.200078964 30371985
79 10 525753696.12036800385 2424106796.1708683968 10697763671.231777191 30731360
80 10 524381480.19489258528 2418245375.7573881149 10738083863.956768036 30430653
81 10 524623161.31152063608 2422487625.9871273041 10754541603.103010178 30255645
82 10 524980379.96862244606 2424640180.0458297729 10733719233.273839951 29923080
83 10 523664892.10526150465 2413729835.9754610062 10677382870.480121613 30133931
84 10 524514933.00586408377 2425317261.0002183914 10869803669.838510513 30321815
85 10 523694041.93734866381 2431238598.4733600616 10810772382.76190567 30562908
86 10 526196687.40478336811 2431319637.7476358414 10743492967.990020752 30832763
87 10 525914441.86796492338 2432991968.6014332771 10807881748.905008316 30433554
88 10 524697245.01647216082 2421495163.3851399422 10680986993.177381516 30516915
89 10 522634147.05216920376 2411064569.9381027222 10682606124.168367386 30560127
90 10 522971567.64496779442 2435190083.8343744278 10888583840.505228043 30168289
91 10 525434172.01609432697 2449056337.9786205292 10941913004.30978775 30141274
92 10 526191051.68792110682 2436016821.1853189468 10842511722.866456985 30428696
93 10 524442052.13310909271 2432930655.2099270821 10864386212.615093231 30424630
94 10 524356743.10226160288 2431458807.2891316414 10868435009.55298233 30329534
95 10 524182053.13689315319 2425226974.8658752441 10842042998.239952087 30320580
96 10 524100499.60943382978 2426636662.1419329643 10675150178.049289703 30309327
97 10 524403402.95934617519 2436245114.9950652122 10778289965.140035629 30323102
98 10 524646466.65246474743 2416169100.5508103371 10693799312.340810776 29942730
99 10 524794327.33229106665 2448319351.1686992645 10966749972.105110168 30436665
