% Edges = 0.1
0 0.1 214097919.30469694734 669121956.92750489712 3288569951.6844887733 386347
1 0.10000000000000000555 211786330.07011047006 689336297.82802736759 3967219618.0234994888 391489
2 0.10000000000000000555 209149992.12430143356 704854073.90792000294 4022136277.0946888924 382490
3 0.10000000000000000555 221206050.59800553322 652991972.05352854729 2779791525.5489282608 398642
4 0.10000000000000000555 208590541.1505458653 645454734.69092595577 3575946930.8673243523 381032
5 0.10000000000000000555 217036104.43484282494 588988530.97062730789 2485222435.7071857452 381289
6 0.10000000000000000555 212317518.66083887219 616824623.31626725197 2614986299.9953174591 378196
7 0.10000000000000000555 213467002.91073489189 721312905.34835898876 3634601930.8508777618 396020
8 0.10000000000000000555 209952440.14868029952 633355964.17190635204 3098675411.4157714844 380600
9 0.10000000000000000555 218796430.30672606826 689329030.69616580009 3261182468.506778717 381699
10 0.10000000000000000555 210427229.0499047339 673298812.60335314274 3544937338.6461772919 396627
11 0.10000000000000000555 211828033.1740680337 643822502.18785011768 2467812918.9942860603 379556
12 0.10000000000000000555 207068883.16334810853 693926177.79449880123 3770064127.3060221672 378972
13 0.10000000000000000555 210660539.24984809756 640588810.97860443592 2919161740.0297088623 468916
14 0.10000000000000000555 212108814.15338739753 690933510.96706414223 3741026154.4887228012 457960
15 0.10000000000000000555 216171464.14311999083 712283651.03228211403 3832435184.3030424118 464164
16 0.10000000000000000555 221731325.82027712464 737429716.77555453777 3609949362.615591526 467677
17 0.10000000000000000555 203115191.26559320092 595817249.82499814034 2966468504.541469574 466375
18 0.10000000000000000555 211066653.82547083497 641656721.33424246311 3281429159.6933956146 470569
19 0.10000000000000000555 209754258.02412042022 617473993.96027231216 2843509563.1241364479 476440
20 0.10000000000000000555 214612578.90588971972 602664813.14279055595 2980769922.4068436623 473907
21 0.10000000000000000555 209648548.43056312203 622506254.40972483158 2786879675.198513031 504819
22 0.10000000000000000555 210064313.28771215677 670851106.10069131851 3070014796.7135367393 525211
23 0.10000000000000000555 217614800.82374113798 671230961.40673100948 3631165254.4989967346 540652
24 0.10000000000000000555 212929013.47631126642 681158212.04872965813 3444692686.8807005882 488016
25 0.10000000000000000555 212999637.6289998889 638609377.79654765129 3117845450.8034582138 467701
26 0.10000000000000000555 202274067.06822219491 592914819.61808931828 2632490239.7923688889 439792
27 0.10000000000000000555 212212413.00123199821 625630445.93718123436 2589230284.1634278297 454420
28 0.10000000000000000555 218335048.68562728167 778127337.21153044701 3686172086.5336923599 435814
29 0.10000000000000000555 207051156.1214646399 659540984.15583050251 3664268527.7162184715 433932
30 0.10000000000000000555 219725728.32990345359 684696706.46961200237 3614392300.2635641098 451687
31 0.10000000000000000555 218238479.75409981608 644449724.88942813873 3110390945.1503453255 408863
32 0.10000000000000000555 213809785.371173352 644254773.67547249794 3203286594.9616537094 404848
33 0.10000000000000000555 217221585.76949331164 683801771.43479692936 3825408504.5195317268 401576
34 0.10000000000000000555 219952714.98894420266 665344138.61019778252 2713266004.0121202469 417236
35 0.10000000000000000555 214061975.77306473255 688373699.22516214848 4853185613.2898797989 404567
36 0.10000000000000000555 215284558.57516589761 719580565.5974407196 3987189992.3662514687 400413
37 0.10000000000000000555 208873442.40890997648 699766619.89194238186 3605389929.6363782883 415025
38 0.10000000000000000555 213123260.8604002893 717654876.00297665596 3334012318.4282269478 396615
39 0.10000000000000000555 208954764.29465773702 633117716.60836112499 3240359032.1485381126 394559
40 0.10000000000000000555 200836639.3457557559 587184726.76912379265 3373743186.9009165764 412632
41 0.10000000000000000555 210964423.19014406204 658319302.40846562386 2885566097.9395051003 395329
42 0.10000000000000000555 210823954.23106911778 665260146.71738755703 3136134490.9924411774 397283
43 0.10000000000000000555 213112603.02574655414 662464733.76616430283 3252185859.2501859665 393296
44 0.10000000000000000555 204419626.35206261277 610364433.5374724865 2704507221.9809994698 392848
45 0.10000000000000000555 221056365.82477897406 655695021.57734036446 2985712962.2002344131 398461
46 0.10000000000000000555 211939736.72215545177 669468607.89677917957 3427018840.4830393791 393230
47 0.10000000000000000555 216935133.86396417022 666764211.37459254265 3092265087.7290835381 412992
48 0.10000000000000000555 215391022.30646577477 708007538.55146586895 3689789590.9610824585 404197
49 0.10000000000000000555 221497863.24965783954 788376894.7457498312 4876755595.2897253036 404950
50 0.10000000000000000555 213615767.1218906045 643344017.76277840137 3283377636.6122503281 420179
51 0.10000000000000000555 208867071.33049938083 638243193.32430243492 3491765846.9811859131 390211
52 0.10000000000000000555 217461009.25564417243 691104619.3373593092 3589079160.9879546165 393046
53 0.10000000000000000555 211263582.93154248595 655403510.34948384762 3225418525.0509567261 409143
54 0.10000000000000000555 208162809.49351581931 666786384.26908397675 3067476662.7120256424 389471
55 0.10000000000000000555 214557114.11433020234 679218325.76056516171 3534283126.6821455956 389186
56 0.10000000000000000555 202470607.97204059362 644700205.36353707314 3348967649.7824316025 387943
57 0.10000000000000000555 220035838.40178310871 749664815.43637442589 3917121526.1569628716 393784
58 0.10000000000000000555 214755283.54850888252 606574102.22743821144 3208438072.9650759697 403195
59 0.10000000000000000555 212130460.08831128478 586372892.12063860893 2602041493.5475611687 402477
60 0.10000000000000000555 218718639.05436459184 745063933.25125384331 4309519255.2336540222 395798
61 0.10000000000000000555 223150773.13809278607 686265663.41144502163 3055551367.0611691475 395941
62 0.10000000000000000555 219926173.86263984442 658219135.09582567215 2909985477.852244854 391278
63 0.10000000000000000555 218164783.88339740038 665895463.35515093803 3005321393.859246254 397709
64 0.10000000000000000555 210670259.4600148499 583808646.95587539673 2625550916.6128234863 388268
65 0.10000000000000000555 207537701.70659375191 612031278.53683483601 2912641735.1524682045 394116
66 0.10000000000000000555 218302987.54006621242 734529857.17062246799 3532500569.5494465828 392421
67 0.10000000000000000555 213004578.15752062201 633706647.44960927963 2902959250.9928998947 406600
68 0.10000000000000000555 207464766.97654309869 591459074.69374167919 2383994897.3085131645 385422
69 0.10000000000000000555 217456306.75428497791 691650559.71976065636 3608711139.8225774765 387274
70 0.10000000000000000555 211154784.30881804228 699744734.04989385605 3894766681.42441082 408476
71 0.10000000000000000555 207691875.33983159065 681632370.52372252941 3997464595.8640561104 387990
72 0.10000000000000000555 216464288.51424798369 654221007.19285619259 3133314207.1355495453 389857
73 0.10000000000000000555 213042211.70543855429 670119846.98463106155 3420059008.9254188538 408893
74 0.10000000000000000555 212737921.41942313313 653798537.35015976429 3486015094.2818593979 389378
75 0.10000000000000000555 210621328.84672576189 593641003.91590750217 2386822273.9119930267 389765
76 0.10000000000000000555 212654642.81369763613 627241040.41250824928 2933689831.3544287682 406795
77 0.10000000000000000555 202393615.73535481095 643249539.55565679073 4117255043.8203959465 386813
78 0.10000000000000000555 213394747.62551212311 717221807.05581641197 4170293079.4821324348 391056
79 0.10000000000000000555 202312322.10519760847 661933249.25116729736 3885306829.5004119873 384074
80 0.10000000000000000555 216412673.43330013752 640348725.47500753403 2988986573.5116853714 403991
81 0.10000000000000000555 212143295.2202321887 660383614.97724831104 3412906630.5767569542 383000
82 0.10000000000000000555 213291228.95715111494 687954273.98038542271 3479623752.5876197815 384136
83 0.10000000000000000555 213043331.05159237981 703773909.16111791134 3962138968.3999772072 404990
84 0.10000000000000000555 217288645.63273748755 635518567.68363773823 3042263835.6637830734 383958
85 0.10000000000000000555 217138346.85170334578 646184643.76967453957 3510111528.6650934219 386573
86 0.10000000000000000555 214544927.01938086748 665230085.64517831802 3888479088.7355327606 387103
87 0.10000000000000000555 220005683.87000176311 677354494.12996542454 3248354743.6336598396 386995
88 0.10000000000000000555 210735879.93363136053 664411368.1734597683 3017503193.4993276596 386304
89 0.10000000000000000555 222507750.79012989998 696173950.87111926079 3626465407.4252543449 387056
90 0.10000000000000000555 206718841.45566660166 601846216.92681121826 2411729023.0459194183 387956
91 0.10000000000000000555 212793204.0875094533 658542841.46264183521 3153800414.7946171761 385708
92 0.10000000000000000555 225274643.46982187033 775472983.7309037447 4264854963.8203015327 404929
93 0.10000000000000000555 219342995.41095298529 739951737.84778153896 3645039516.2845516205 387222
94 0.10000000000000000555 215637621.99989816546 712890447.9521946907 3774537685.5589404106 382288
95 0.10000000000000000555 214593935.62135264277 707292088.61642193794 3386950815.5444025993 403334
96 0.10000000000000000555 214218760.20469591022 755812201.64343726635 4210848178.2696137428 386904
97 0.10000000000000000555 213937450.67315158248 685501227.54757404327 4201171473.5492010117 385590
98 0.10000000000000000555 214625324.51633134484 606540985.61105751991 2639159429.932267189 385681
99 0.10000000000000000555 212078078.40884327888 619556393.9836537838 2264915362.8163990974 404801
% Edges = 0.25
0 0.25 216835026.89478328824 660747859.20262634754 2958942796.627892971 1102115
1 0.25 213446856.2497625351 711357975.07981491089 4005355905.6463170052 1104245
2 0.25 215216087.52411741018 689320552.02561783791 3408844512.1327571869 1112866
3 0.25 216178273.96256741881 680591305.03841745853 3633068591.3753948212 1121874
4 0.25 214496930.19599610567 696187028.83779919147 3341296774.0958862305 1127564
5 0.25 217982860.32172316313 685016420.39155352116 3212008527.6993298531 1112319
6 0.25 213265362.99497446418 634627659.0301129818 2849832924.3983011246 1107639
7 0.25 212202425.33771464229 623256376.64263164997 2877558066.69358778 1100983
8 0.25 207966137.28356999159 654799211.5745100975 3484130733.2147789001 1082873
9 0.25 217424475.78280133009 663042843.0043361187 2916525360.562921524 1097892
10 0.25 207096744.35585042834 645994357.60654115677 3199841457.9877538681 1099906
11 0.25 217325973.89048558474 656945825.79915475845 3033593851.8687047958 1074833
12 0.25 214436918.50314116478 644618876.18869185448 3194677931.47701931 1099589
13 0.25 208504724.75256159902 673632306.15332400799 3325212640.4325990677 1072373
14 0.25 214352928.90810543299 693160368.32112455368 3799855513.5455007553 1092419
15 0.25 217889348.8100425601 669103838.7990925312 3077644922.0554556847 1095524
16 0.25 206955789.48379707336 615614349.40202534199 3159502181.2605686188 1075045
17 0.25 216620164.03686386347 664703015.13189005852 3328817564.7693428993 1079833
18 0.25 217176639.97678676248 708062970.64308774471 3859897086.3562436104 1086192
19 0.25 208723629.11484709382 603969244.7245426178 2726828810.6501688957 1077299
20 0.25 216145447.75548267365 639754728.68260908127 2907108505.1141252518 1103253
21 0.25 206975525.39352655411 617440351.77141618729 3049995486.8056340218 1101054
22 0.25 208292226.96569877863 668760311.59104073048 3402785332.9235262871 1100735
23 0.25 211801926.13954180479 682457351.3417828083 3334865677.7530331612 1106745
24 0.25 212186882.79810753465 619635219.85925197601 2939978535.1079125404 1094747
25 0.25 212406828.51475524902 687956237.26131057739 4105597831.2410960197 1073246
26 0.25 210541624.08421212435 700261266.0443969965 3852637471.2514467239 1093516
27 0.25 215806121.61205789447 687848187.47977137566 3496811577.3492565155 1078215
28 0.25 208114169.06405156851 622165888.39010477066 2882312035.6870365143 1097025
29 0.25 214708634.09877797961 676185259.22492611408 3366239194.703081131 1097340
30 0.25 217323261.56201550364 728172703.73581945896 3712485578.7017788887 1095025
31 0.25 214353815.53202733397 655656721.55951571465 3096501851.2882757187 1073875
32 0.25 213902281.47171738744 682411014.13099443913 3289661310.8087339401 1086874
33 0.25 209912910.4574971199 643825347.9813811779 2953495204.397541523 1097068
34 0.25 207020526.78716117144 590576277.49304747581 2588727537.3484473228 1091517
35 0.25 213827956.71144169569 654902964.46430921555 3215097538.3086204529 1113797
36 0.25 205910218.9486976862 674179743.79684638977 3157996798.415102005 1113939
37 0.25 220208737.55610907078 697517300.10897302628 3850539778.2126889229 1109945
38 0.25 215683221.33046612144 694627882.82672739029 3472031387.1318092346 1098552
39 0.25 208406815.82076048851 653114267.56718397141 3609247571.6339063644 1101381
40 0.25 212495592.82785752416 641903248.08250749111 3320148137.0945367813 1098278
41 0.25 213191060.12967100739 646913464.80725049973 2930619208.6734395027 1095726
42 0.25 210952652.51623114944 621525355.50269472599 2742799905.9237194061 1076978
43 0.25 210260172.57781264186 640131981.49791121483 2995737464.7400994301 1096849
44 0.25 213004610.83218923211 679670529.4328224659 3514188675.1968541145 1097475
45 0.25 215276226.33378714323 673696590.10117924213 3650302494.9124765396 1082576
46 0.25 207718168.19436082244 637849679.61818051338 3043621493.6821503639 1098989
47 0.25 219371559.71486797929 683457321.10082912445 3361480734.5342774391 1078735
48 0.25 213483622.06555739045 647751553.37021183968 3073930005.7820038795 1077935
49 0.25 215239756.83637928963 683105386.42651820183 3758498673.9244904518 1081775
50 0.25 209079043.19223979115 643682107.30363762379 3357998122.9531950951 1083539
51 0.25 214331671.72716131806 658946359.67086458206 3868733712.0903429985 1097812
52 0.25 210773241.91506290436 663809956.2698738575 3301696314.8982005119 1095630
53 0.25 217079763.83973634243 657794780.43303835392 2918774708.8498082161 1078836
54 0.25 210060794.77448329329 670680105.89351916313 3504050141.7834253311 1095778
55 0.25 208975183.72618487477 667280606.15950870514 3599311841.4743714333 1089976
56 0.25 213128547.27834299207 679457703.28115165234 3362715049.4738984108 1096648
57 0.25 209110495.32909217477 651480354.22156429291 3100491431.3382987976 1094720
58 0.25 215529906.6417132318 662732261.36555433273 2960323972.9727349281 1077689
59 0.25 217575986.8869895041 646954573.20847380161 3106209405.52455616 1079065
60 0.25 208753707.01691800356 657856797.33219599724 3299571147.2645711899 1096945
61 0.25 219290772.4217799902 657724850.22417962551 2981415768.0049834251 1075976
62 0.25 208645908.92944726348 638547740.71515464783 2982226075.2355751991 1097633
63 0.25 215000853.64484119415 685110454.58165812492 3429602521.9114222527 1098430
64 0.25 216735375.21640828252 697028687.19241213799 3293419901.1187877655 1076987
65 0.25 208831498.17959108949 658059332.62609171867 3040222863.6713542938 1080438
66 0.25 217091291.04669418931 677027213.03685879707 3706373921.2734498978 1078338
67 0.25 216959895.26329734921 634980094.94987654686 2662769037.0789842606 1082568
68 0.25 213441458.37451851368 661132777.94538617134 2947257325.6496276855 1095436
69 0.25 215787223.24318403006 664279072.21418225765 3436819671.5701217651 1099315
70 0.25 220065570.791321069 673737149.88069367409 3723234438.7041711807 1098436
71 0.25 220074410.62692397833 654806050.25536084175 2857112037.6706705093 1093637
72 0.25 213649404.74019363523 704336342.39681351185 3454217982.7364993095 1096344
73 0.25 208117448.99641132355 655566822.18208515644 3544999284.8580131531 1095832
74 0.25 209055592.9697586298 637902972.71330440044 2919492634.6760029793 1078746
75 0.25 215457489.56355386972 669378762.11705625057 3378228570.6806130409 1094365
76 0.25 213950776.28976371884 682270461.30826604366 3381838160.6976075172 1078098
77 0.25 218063615.83388543129 656584360.18475294113 3094630497.8824729919 1092277
78 0.25 214126995.71249955893 637743665.02610445023 3229573991.6248049736 1096312
79 0.25 209000731.76146218181 626983722.00360429287 2916259744.5084161758 1078734
80 0.25 212165360.12761372328 651684376.45675361156 2961532307.0777602196 1080304
81 0.25 209576069.95518797636 607634859.1648516655 2893286215.8397564888 1071684
82 0.25 207615104.17751613259 621756943.45760953426 2854279292.4425811768 1074172
83 0.25 214102516.45617002249 663996706.71292722225 3434110658.1619048119 1094271
84 0.25 217166154.18848010898 673545929.31950736046 3292603197.1473345757 1099654
85 0.25 208029992.85738956928 658259897.79045963287 3402564978.8857660294 1094491
86 0.25 214664003.05988508463 637170010.07301783562 2606502835.7833890915 1092117
87 0.25 217926831.55607077479 717605722.91982746124 3601489278.564207077 1078376
88 0.25 209384670.12013459206 603960553.10331809521 2933724818.8490819931 1088440
89 0.25 210505515.18646642566 632635867.22031319141 2724348413.6801247597 1090663
90 0.25 208464763.39510601759 679153168.00642490387 3995987406.2080655098 1078769
91 0.25 217496359.13504040241 663010080.12340247631 3391386674.8171777725 1094685
92 0.25 215296383.01761603355 640200013.88704633713 2858028914.2757201195 1088404
93 0.25 207577640.96384206414 612040454.79397523403 2947504760.0120191574 1072581
94 0.25 216044100.45967590809 600029378.07904434204 2851391652.9308385849 1093110
95 0.25 209600173.58355289698 628265440.64871585369 2802047473.8485832214 1080074
96 0.25 212544836.62952554226 677282777.19727253914 3573689577.7802648544 1081298
97 0.25 207614706.33772671223 637445211.69228196144 2937344698.4494466782 1078730
98 0.25 212300651.35628804564 665903898.2934898138 3216892803.9635128975 1089577
99 0.25 215061196.21367827058 634917926.92425060272 3012148784.0588755608 1090809
% Edges = 0.5
0 0.5 213171787.17771664262 653124317.99271380901 3371541487.6658587456 2429186
1 0.5 210970151.37173867226 665780139.6553286314 3374603233.6049919128 2416120
2 0.5 210160494.62804538012 608743689.74936318398 2863742121.6946139336 2392492
3 0.5 209899785.17031553388 639400675.1148788929 3045522406.2114830017 2383327
4 0.5 218121717.86200028658 696613230.54846572876 3113019170.276350975 2406334
5 0.5 209701458.22129583359 626011849.47650194168 2966831752.0228796005 2374335
6 0.5 212009916.78941369057 678285199.32511043549 3758096197.1482281685 2410456
7 0.5 212955022.2948589921 645137472.47775387764 3215641018.3749160767 2416092
8 0.5 213434967.23972824216 655534089.22651934624 3129266035.4528546333 2379404
9 0.5 215426704.30841889977 697334841.8057025671 3659069941.5665178299 2427233
10 0.5 214857716.59493017197 673845132.83449399471 3558041151.0459709167 2425151
11 0.5 219214699.35054650903 655415184.83660042286 3177969468.5478053093 2375774
12 0.5 215231162.74056610465 683753847.12183523178 3332352340.9517307281 2404612
13 0.5 213782181.46020066738 686205727.51053798199 3692888690.0627908707 2413363
14 0.5 211577463.22972667217 669186149.80265831947 3566499354.7121386528 2404846
15 0.5 217367459.68645942211 701743401.97189557552 3919992486.3716106415 2403693
16 0.5 212553513.32428339124 668377002.22917807102 3480804779.0890955925 2383572
17 0.5 214770748.70612701774 664782374.57392406464 3267913452.0886416435 2398265
18 0.5 217659748.92706981301 693588147.9887778759 3540041054.5259218216 2388477
19 0.5 212579996.90854927897 664577127.68350613117 3212135910.535990715 2397163
20 0.5 213892097.19593262672 677833566.08074712753 3663840841.3841404915 2438366
21 0.5 211823163.21062409878 634442141.98736286163 2996485659.8838176727 2436417
22 0.5 210828867.47468340397 626156698.65335083008 2801771765.6545114517 2382287
23 0.5 211589903.681165874 637717827.01341950893 3256910300.502471447 2394248
24 0.5 211212252.71142947674 685990372.61004221439 3462716656.8141670227 2400983
25 0.5 213436134.59267166257 682376902.38184821606 3477753066.1787853241 2423449
26 0.5 211271141.68588361144 626957371.78785264492 2885267042.1597409248 2422893
27 0.5 214518404.56337782741 642228469.34486353397 3293083486.4577488899 2387659
28 0.5 215049329.6662992537 694297902.89231777191 3779287479.8292307854 2416319
29 0.5 215263839.92850100994 679403816.79591488838 3425398483.0181870461 2410561
30 0.5 211473493.34123319387 670905379.57559561729 3467162161.1482205391 2392081
31 0.5 209897390.66880586743 664404680.64002633095 3301203408.4605464935 2390027
32 0.5 215333141.09578934312 640988873.99136853218 3081409731.6028337479 2421890
33 0.5 215836084.57640177011 710704788.00083327293 3726520528.6725678444 2413990
34 0.5 220949389.47722890973 711373504.46535086632 3603779010.9734282494 2404889
35 0.5 214751154.52369764447 629690703.38621735573 2905351573.9097681046 2406070
36 0.5 216606027.25229886174 672944503.50667333603 3123815206.5410733223 2378684
37 0.5 219596975.18109631538 677717426.84999322891 3192803973.8280668259 2417975
38 0.5 212382480.50509130955 647969598.63562059402 3191286381.8340373039 2399045
39 0.5 214520101.5923421979 671489359.19988763332 3164479049.7048902512 2394674
40 0.5 214264286.42195057869 679675038.31971037388 3205288101.616332531 2407835
41 0.5 216126886.47979438305 714515812.19903683662 3771779719.9370756149 2389215
42 0.5 213581943.97428166866 668996787.63247716427 3011547612.0796532631 2379217
43 0.5 212770811.68308669329 680545646.22880518436 3384526596.7425160408 2418462
44 0.5 211272044.31322619319 656619423.17386770248 3019294523.516002655 2433554
45 0.5 218315038.97637531161 700279503.57234895229 3890135519.6267795563 2421730
46 0.5 209624679.80400943756 637900160.15006351471 2984630362.9662270546 2414322
47 0.5 211689493.00612041354 629618416.60196506977 3047127564.3131747246 2376106
48 0.5 214853989.5461166501 686894654.31635653973 3417187588.9861421585 2399322
49 0.5 210924811.19970414042 656175535.98636901379 3429537466.2564601898 2410658
50 0.5 213955546.11639374495 649108981.61910176277 2960860696.35268116 2395626
51 0.5 211425219.09847027063 627191119.85257780552 2776973705.179702282 2414504
52 0.5 213652602.83917099237 661254718.4155985117 3384125789.462495327 2387354
53 0.5 211884405.87509042025 662605486.49369239807 3301261836.1633896828 2400561
54 0.5 216080628.42886656523 666306698.56546139717 3531854313.4413166046 2403484
55 0.5 210424230.78818285465 621965771.08260834217 2859602777.2262010574 2399610
56 0.5 212600330.8446700573 648358930.85205638409 2952551168.9562416077 2395192
57 0.5 213163111.09490540624 669028187.654266119 3310235988.3430247307 2399564
58 0.5 211934895.58340382576 677084265.98832261562 3461789937.5519657135 2403059
59 0.5 211840970.26645824313 643934716.33694577217 3072604322.610953331 2370840
60 0.5 210802479.37127491832 660886308.30095207691 3343437578.671731472 2406006
61 0.5 215823248.06470313668 670672202.48089814186 3556864936.0852584839 2398419
62 0.5 207486145.41135969758 659105384.40687561035 3212407927.1671061516 2421570
63 0.5 213535941.40648925304 643334763.25223243237 3015565589.8589100838 2420097
64 0.5 210351130.75560876727 639868887.2516887188 3294206930.0377063751 2385076
65 0.5 212701895.39938110113 654591689.40196168423 3270388378.9447565079 2421794
66 0.5 211634603.37493363023 638550974.31074035168 3227606101.7543072701 2427741
67 0.5 215196108.41731309891 678614907.72567164898 3290705266.9034948349 2430094
68 0.5 218245549.40361556411 672920052.49396455288 3218935992.3694086075 2426638
69 0.5 212066992.04698383808 661072877.8809158802 3480251542.1596708298 2399640
70 0.5 216995961.95891582966 679500683.46577525139 3259095243.7729320526 2446195
71 0.5 211020122.80552718043 646880070.44077861309 2958973223.7504053116 2423043
72 0.5 211525842.65482655168 648329200.33322632313 3092815795.4580965042 2397783
73 0.5 208617862.11034923792 652756361.09651041031 3001449702.6534876823 2405132
74 0.5 215088501.21467331052 673850190.68531763554 3354459043.2345957756 2405452
75 0.5 213831904.43191310763 672544893.13296437263 3382760378.6807770729 2403133
76 0.5 213140024.73038879037 681159286.60967957973 3483644962.3059792519 2423460
77 0.5 211570417.77363052964 674683347.09808552265 3478175761.9592828751 2415415
78 0.5 212566341.2036857605 665827973.7848610878 3336123094.09557724 2408308
79 0.5 214444046.35315430164 655556231.44484555721 3203270331.0772104263 2430076
80 0.5 212537984.88086533546 669439446.73360073566 3389281683.296207428 2400473
81 0.5 213973834.84195935726 655646707.26275324821 3089513816.2245812416 2427817
82 0.5 211218631.75372037292 646409032.12582719326 3148301203.955083847 2416608
83 0.5 213194211.70670592785 688286347.30139005184 3339886626.7501997948 2401087
84 0.5 216579687.74851158261 651731520.49347174168 3223183483.7896718979 2399095
85 0.5 211920062.03103145957 645493546.68197977543 2898494083.7469778061 2411692
86 0.5 210843512.3764834404 643107614.37371063232 3049186837.9265685081 2409845
87 0.5 209575039.39895921946 647075116.45763421059 3588091090.5281105042 2398875
88 0.5 213123620.34577620029 682126078.07093465328 3412968359.8013076782 2409978
89 0.5 212290931.88224393129 668217388.28792595863 3268548677.9721727371 2403676
90 0.5 213981409.49018877745 667557081.44876480103 3253134576.924138546 2401489
91 0.5 210398508.94933786988 686850579.75245761871 3358644945.8893127441 2411990
92 0.5 213130736.80153310299 675908663.07155025005 3642687398.6307816505 2397562
93 0.5 216363434.62252342701 679732823.91125190258 3248620196.4330916405 2420769
94 0.5 216060864.74032947421 686958887.89818572998 3315703462.4800987244 2405767
95 0.5 213579265.41366696358 696273205.28414785862 3520055577.1997895241 2419802
96 0.5 212161121.62098002434 647900762.00833833218 3241622174.5539441109 2419187
97 0.5 212664254.01601669192 657224127.26440107822 3031672966.9966669083 2415611
98 0.5 216804071.88738554716 689925882.42906618118 3330477871.7562446594 2471827
99 0.5 213919027.92093640566 683572703.61457133293 3517180878.6198577881 2406900
% Edges = 0.75
0 0.75 212282872.49011322856 647134261.22609257698 3172589853.9483780861 3803749
1 0.75 212476178.72886639833 665121528.68418836594 3310098489.3077225685 3823029
2 0.75 212202296.07007738948 653815080.31024503708 3272255599.9001441002 3828345
3 0.75 214156693.86329391599 637590303.05421173573 3119914413.3995547295 3823715
4 0.75 212327513.38388168812 691376112.93883311749 3728466442.9794449806 3789349
5 0.75 210626973.7658162415 633572546.59956300259 2972406435.9601902962 3805175
6 0.75 210949372.51379695535 656439264.5992307663 3179698834.8058218956 3805106
7 0.75 214743550.81389644742 665220465.10920512676 3318327486.0199027061 3793082
8 0.75 216200527.93738028407 671471311.00374317169 3224180893.674331665 3837218
9 0.75 215848417.92665803432 659664513.62912619114 3205824812.9879074097 3829227
10 0.75 211788409.09654814005 656262231.10885703564 3243911044.4711928368 3830716
11 0.75 211336863.16536036134 673952435.11740970612 3187833991.2681946754 3797920
12 0.75 212303057.86161008477 653149411.36572194099 3264295997.7280025482 3797797
13 0.75 213967323.56413418055 667052796.77584540844 3534419623.706829071 3797431
14 0.75 213786976.71056616306 661965621.80457699299 3160277369.4006433487 3793254
15 0.75 212566075.92889729142 695587995.46536695957 3435080909.9762415886 3816171
16 0.75 215865696.57484972477 683621603.86691725254 3459349129.2052264214 3818176
17 0.75 210523895.32228469849 639617624.06606721878 3086748202.3177576065 3805888
18 0.75 213527707.46449705958 674468476.58178925514 3409568601.8826532364 3802293
19 0.75 214105976.80888837576 653910022.00142514706 3097947750.619161129 3814471
20 0.75 213326378.22923719883 640238459.46100342274 2914565290.5142908096 3783927
21 0.75 217251852.29342928529 657127379.84616863728 3106080112.5774946213 3813598
22 0.75 213346942.86816930771 655691556.27899372578 3093342298.3351669312 3812569
23 0.75 213558641.12120789289 680354388.07559549809 3567422915.2790331841 3816192
24 0.75 212735747.11639881134 643190245.24208533764 3043859292.2538189888 3823893
25 0.75 213297659.46749338508 671665392.63531780243 3306810880.3324446678 3817084
26 0.75 212592435.9712228775 679577170.67969441414 3541106121.3135042191 3832452
27 0.75 213011330.64358633757 688343150.38622784615 3520703377.934882164 3805377
28 0.75 214197489.3771071732 665577372.70083141327 3357827329.3270545006 3823022
29 0.75 210249771.90188786387 631328840.86902987957 2925593447.4483027458 3875605
30 0.75 215145950.79431754351 693536839.67987954617 3572827267.4607954025 3830963
31 0.75 213298522.95572337508 664551316.06938529015 3399193095.1241555214 3835829
32 0.75 213491186.10114115477 678687152.23180735111 3527270903.1060481071 3820836
33 0.75 213617067.84502381086 669839689.1904321909 3298112125.6371517181 3862434
34 0.75 213819059.64615654945 643655038.26551067829 2997062580.922372818 3827160
35 0.75 215958779.89694559574 677313806.4121119976 3410846318.6356830597 3814181
36 0.75 212248192.4420633316 627683385.21374070644 2868679061.6711597443 3820851
37 0.75 214267128.61676740646 665011779.09830093384 3054871085.071685791 3847247
38 0.75 212031260.26882460713 663300279.75792205334 3140838934.1220612526 3866636
39 0.75 211723259.63874495029 653287655.10418736935 3347592083.8936071396 3839582
40 0.75 212766658.51489362121 656344226.43885958195 3231738159.6504030228 3804649
41 0.75 212786791.56890207529 681776796.9639787674 3877654129.1505274773 3798329
42 0.75 212359964.29699230194 665717366.40979981422 3187596472.3910522461 3839188
43 0.75 211553051.21275654435 675656970.35596251488 3298529670.6131639481 3855012
44 0.75 211633421.09307256341 687715842.03076982498 3784051797.7422127724 3842542
45 0.75 209962563.16157782078 666700225.29434514046 3328135431.1827912331 3825198
46 0.75 215172201.7869977057 648465519.97881305218 2877375133.2088108063 3811651
47 0.75 214872246.64404994249 675264546.35724890232 3260665628.8919487 3851817
48 0.75 214975804.94643121958 685654296.98395812511 3463998829.2968006134 3880380
49 0.75 213370716.80774986744 681279352.01846063137 3480933525.1167163849 3875439
50 0.75 216844071.27083387971 700735032.10464143753 3552487887.1761579514 3851632
51 0.75 213763257.14580103755 668939122.50241148472 3343713009.8946166039 3856174
52 0.75 212036459.44092085958 672400593.12339770794 3489717563.0628638268 3801040
53 0.75 212507416.04018327594 645283625.60712325573 3177731063.8743152618 3821380
54 0.75 212121335.81708005071 643766548.36002016068 3053193814.8304171562 3821813
55 0.75 208633913.12359845638 636246264.17482578754 2968881221.2449436188 3809913
56 0.75 209976844.8115336895 624290592.02617120743 2994396538.8505544662 3803502
57 0.75 214982380.62996128201 684622838.93003928661 3681111192.4612927437 3815508
58 0.75 215120278.48166310787 679709341.02697086334 3381894224.6647367477 3819536
59 0.75 214851878.09246295691 670917404.09304761887 3291443052.9230976105 3815276
60 0.75 209716797.94200363755 661843588.96893012524 3433934647.5422697067 3847016
61 0.75 216625495.48688915372 682122467.119546175 3433870405.1636424065 3821336
62 0.75 214619969.43661871552 660731396.3099886179 3141221298.83122015 3827046
63 0.75 216496062.93856322765 699902745.31749546528 3802706949.1726837158 3788921
64 0.75 214759341.21508017182 655886681.58879864216 3112159709.446492672 3802963
65 0.75 216350448.18036738038 693434615.398422122 3572241816.9829378128 3814770
66 0.75 212812205.49928620458 655626368.55541396141 3447826476.1589612961 3845614
67 0.75 215895104.40450945497 673702086.71153974533 3181874370.5878810883 3842151
68 0.75 212266873.39128252864 681493387.14201807976 3562373085.2958602905 3811356
69 0.75 211522461.10900402069 633921571.92170453072 3016173878.8754734993 3785420
70 0.75 211223214.22988066077 666803319.45202374458 3140267532.0387024879 3800307
71 0.75 214223368.45262145996 654613405.84643793106 3371864711.1160840988 3798210
72 0.75 213206723.85064557195 654947815.70987057686 3193463048.0129060745 3784900
73 0.75 213984581.51779070497 682974608.23875892162 3487587710.2894096375 3786715
74 0.75 212281547.423676759 630789779.93387067318 2988135686.3862781525 3809975
75 0.75 215767385.9759862721 646584880.82027208805 2970345924.3255925179 3833845
76 0.75 209846128.57164022326 647968996.49959659576 3271793222.7880516052 3620895
77 0.75 213658091.19320604205 668395959.47825109959 3316637019.047814846 3480167
78 0.75 213284483.80751025677 656679984.4152765274 3114780439.1110329628 3510013
79 0.75 215710256.27210149169 668493355.21903645992 3152470120.296681881 3494356
80 0.75 212974116.73510608077 665599175.00867497921 3311406054.1515412331 3493227
81 0.75 212568227.08618247509 672399579.83523607254 3504962452.2654051781 3501966
82 0.75 215470067.06558138132 665297251.81737852097 3434999996.7753567696 3490312
83 0.75 213808622.08935910463 650975385.9783976078 3015318630.1250338554 3482895
84 0.75 215768685.17833560705 673203257.29328167439 3426076055.0924448967 3484344
85 0.75 214361596.529343009 684216390.03520739079 3503221431.3313093185 3488011
86 0.75 212367832.67430964112 676878555.43180930614 3439779028.497232914 3510361
87 0.75 212831305.82535749674 662558391.91797161102 3213654203.069562912 3487614
88 0.75 213106278.63917210698 668226566.75419545174 3224689570.5842075348 3473092
89 0.75 215016941.11518892646 645520005.86606657505 2878089695.3294014931 3490736
90 0.75 209435850.28315094113 639846813.81873703003 3130541471.7566390038 3486581
91 0.75 211073171.61050021648 612048315.65069544315 2672515358.6130385399 3488151
92 0.75 214469207.70263558626 661593178.97067904472 3074509204.9647102356 3486242
93 0.75 214872644.97737044096 672619635.46270143986 3375427253.1655249596 3506762
94 0.75 212262033.8211325407 656979217.09599757195 3319565109.2837514877 3492162
95 0.75 214500038.11797428131 687663846.76272034645 3660961564.3118371964 3479825
96 0.75 210976762.14589816332 673497585.64915728569 3274534391.8259253502 3497104
97 0.75 212091856.30641338229 635511249.30382061005 2920164996.1630311012 3481143
98 0.75 216244504.09671890736 663144051.54544579983 3167747108.2029180527 3482879
99 0.75 213763708.02034521103 660770193.34088635445 3399952585.0673985481 3473969
% Edges = 1
0 1 212664734.01749321818 651414100.09030032158 3244063225.9263811111 4924842
1 1 213145272.59832963347 657446913.83998465538 3146109683.4432783127 4979978
2 1 214273125.24371266365 658872821.36676740646 3341711888.2862000465 4939190
3 1 213009546.63996255398 656402948.85312306881 2997346607.934053421 4960650
4 1 213831628.78468573093 673898855.09190523624 3385818708.8519330025 4966743
5 1 213982695.54323250055 686746191.05625331402 3480110341.6817436218 4952239
6 1 210332444.22030675411 655939218.58250379562 3208114617.3197164536 4960581
7 1 212050670.28997376561 670862634.02607142925 3251374882.9140315056 4973623
8 1 213749065.73560208082 671539543.64968764782 3083739141.3649215698 4973352
9 1 213322359.53319662809 660433827.10494101048 3357105360.3213005066 4961829
10 1 212784704.75256243348 669035089.52267420292 3154947100.7161426544 4977030
11 1 211158168.78223982453 664070770.60362744331 3571853101.1783938408 4980434
12 1 214226097.24786877632 661416522.97335672379 3137981969.7450737953 4956506
13 1 213013539.96405160427 651791450.29392695427 3069953053.9826583862 5007853
14 1 210603182.16409754753 646865274.10311818123 3178154547.8864192963 5376699
15 1 212934469.38453707099 668769374.16536462307 3301412953.8318734169 5399762
16 1 214437538.14432391524 682321612.68349063396 3591150298.9467568398 5379958
17 1 211873635.11626151204 668131938.10577428341 3427145112.1264576912 5377714
18 1 212076471.2941082716 639931134.46748363972 3110952785.9509062767 5381861
19 1 213763807.27918824553 656346201.99597513676 3038430428.3414101601 5400284
20 1 214377596.36341810226 672896944.54671633244 3446526021.5372610092 5397195
21 1 213623499.29420936108 672603437.19312345982 3441111324.3240809441 5410494
22 1 214672730.5777155757 659251361.79661774635 3093386311.6150045395 5372759
23 1 214498770.660063833 656848358.33940982819 3243898939.4249458313 5365418
24 1 213240873.07563462853 658344506.42078447342 3181575289.5635871887 5373862
25 1 216443384.1383998096 680578255.42032623291 3413089123.529299736 5278578
26 1 214945112.5331979692 678239104.64917719364 3323403251.7401175499 5297137
27 1 215570495.62324866652 664162232.22890281677 3349936609.3298602104 5313295
28 1 215063171.59196451306 663717763.99511599541 3278037582.5850920677 5294105
29 1 211931280.51173222065 664458974.51850342751 3307326153.8520879745 5286148
30 1 211731849.00429025292 665780865.00347459316 3222902045.5386667252 5295455
31 1 212218008.27423319221 655065837.72203910351 3200494319.2900953293 5265451
32 1 211050221.44147017598 638481206.73683190346 3021172737.2870726585 5261597
33 1 215787917.97693407536 675657328.5330491066 3395909324.3397197723 5252249
34 1 207843816.06681081653 647676142.04564762115 3237398167.4181470871 5216413
35 1 216191595.94960513711 687524613.48957276344 3367861801.0489029884 5314714
36 1 213257976.17915254831 679693082.01663446426 3303973312.7793517113 5256083
37 1 214769871.45485767722 667438998.19409072399 3296911074.4369120598 5306273
38 1 214584838.320776999 645463541.13125431538 3134540874.3768906593 5311992
39 1 214250247.19342210889 655960600.37819039822 3065116844.3826365471 5286267
40 1 211215602.55533996224 634894269.99928081036 3040869045.0088706017 5061644
41 1 212433067.46430766582 655059835.93699431419 3234227344.6277999878 5165882
42 1 212217687.92570370436 666373440.30462753773 3463708413.4940638542 5054426
43 1 211315303.46491149068 648704830.59105920792 3041835107.117348671 4889447
44 1 213080404.48797631264 654857995.57461619377 3216518944.5242815018 4925673
45 1 211926006.76622754335 650465347.81223487854 3101284009.2502946854 4887608
46 1 214436200.58967217803 665202171.80949532986 3241492076.9186253548 4881919
47 1 212355619.01926955581 660481295.33130228519 3291099273.6580424309 4902416
48 1 213150468.52956542373 664074711.12863993645 3299125439.508102417 4907615
49 1 212870246.87019896507 674670435.38573622704 3415361665.4939208031 4909750
50 1 213331344.48057550192 669934385.4312800169 3333378893.6447920799 4902363
51 1 215620243.20554846525 646448902.38710510731 3145272718.1184897423 4885592
52 1 213662359.45066398382 640735670.21471905708 2871311434.967212677 4898362
53 1 212671929.65652507544 670769977.5501717329 3330756429.7326769829 4928138
54 1 216278010.74913018942 676609928.49890053272 3334528700.0771007538 4881351
55 1 210261203.10994458199 647445037.48526990414 3099539614.832447052 4883683
56 1 214237327.97662997246 681079302.08409631252 3583447325.6099104881 4893988
57 1 212026697.70179259777 667053106.12496995926 3299371206.2203793526 5145874
58 1 215231770.21626663208 664839236.93657493591 3292620253.8825631142 5285440
59 1 212792405.63817486167 652498938.81092405319 3217621062.7115497589 5273037
60 1 214029803.31496557593 684607105.35775971413 3386241293.1447968483 5269712
61 1 214832049.8793887496 671054680.31469082832 3172867064.2757382393 5275169
62 1 213116280.41732722521 659662567.6357395649 3331390482.9388251305 5299647
63 1 213941365.68249079585 662200852.34016561508 3016904446.6727523804 5270224
64 1 212937586.99789527059 681532042.80137205124 3625281128.7572240829 5375836
65 1 214182027.08797228336 680661188.57663369179 3543114122.4064669609 5343738
66 1 213271444.36763319373 636042804.45773148537 3026938224.4205460548 5281737
67 1 213885665.05093756318 633667984.8309956789 2948614227.7906241417 5254842
68 1 213186998.37420284748 664385298.34862208366 3191485383.0945196152 5240453
69 1 212660295.84721043706 681125657.18805015087 3536091922.1323809624 5241599
70 1 215145680.64260646701 661110895.23260498047 3141510706.1942501068 5213723
71 1 214854394.73461428285 651825637.75582420826 3055811939.4162197113 5217967
72 1 215113536.80816245079 675023141.57388985157 3225842029.0439929962 5195284
73 1 212250906.841696769 661878762.48143231869 3231396298.3774909973 5232821
74 1 214774875.60771045089 677568612.0755007267 3455084174.9428892136 5314364
75 1 209347739.97525858879 667736524.40508425236 3474231395.1284556389 5308010
76 1 214085167.70555999875 657718679.68547725677 3331827130.6170682907 5383622
77 1 209108935.49042746425 647555560.23209190369 3214360363.3329191208 5355660
78 1 210962759.64951223135 653165989.72482168674 3214804832.9257087708 5373663
79 1 214785985.96074998379 654213826.24316847324 3124020862.9886689186 5352727
80 1 213981084.69085875154 686834932.13732588291 3543986884.6868023872 5378800
81 1 215963440.9600841701 658152961.44080901146 3017717730.5225505829 5404328
82 1 210994529.6964981854 661317652.48222243786 3183930372.6388697624 5093838
83 1 212392883.52084895968 673463043.35110735893 3361822792.9061808586 5022722
84 1 215388538.17869922519 662460614.9998472929 3237740186.2267947197 5007807
85 1 213566586.08166375756 637410704.98832631111 2906196143.9949383736 5031328
86 1 214262354.95035541058 670290142.2394131422 3240730688.5856556892 4960843
87 1 211557414.83881437778 657497082.37287950516 3172840892.4210910797 4938774
88 1 211599616.51512491703 662800148.06024849415 3354832474.7392048836 4956828
89 1 214334256.97716444731 643332914.88472795486 3250545337.2979493141 4935571
90 1 215417698.4550921917 670996700.8145045042 3461550948.4411969185 4927926
91 1 211944774.32913607359 656757538.92804801464 3248749883.5071125031 4932201
92 1 210894484.64419090748 664467542.22735071182 3436993645.0318346024 4913495
93 1 213144815.70244270563 668789259.3250169754 3316870775.0363497734 4926152
94 1 215579236.463444978 657813387.26479959488 3098003675.0378642082 4924462
95 1 216159489.29099553823 688425799.78123807907 3627599208.1450667381 4929574
96 1 214116685.78151866794 650935175.5416585207 3011080637.8939704895 5026895
97 1 216106343.53882172704 667556304.08330738544 3190327620.0860276222 4932621
98 1 213276208.85659402609 651692649.03024530411 3260115511.1683654785 4910768
99 1 214441411.40585976839 668847048.79841923714 3385181051.5929455757 4942018
% Edges = 1.5
0 1.5 213084794.56537955999 662648528.62418746948 3245638034.0807275772 7750093
1 1.5 211989855.21307724714 663822950.43403434753 3221440901.0799369812 7737778
2 1.5 212985153.92928093672 654377302.64085030556 3292748838.9657373428 7729242
3 1.5 212821972.01057007909 659091313.69560289383 3238274000.6771502495 7738196
4 1.5 210277971.64804530144 649741837.51912629604 3353841973.7698373795 7727051
5 1.5 214554617.83192721009 672685159.35543680191 3275413804.7721791267 7736151
6 1.5 212284972.15573468804 659775082.98630464077 3326133064.2852220535 7703674
7 1.5 212789208.11578980088 660884479.44762957096 3328375442.7059555054 7735793
8 1.5 213474211.1443323493 652619656.77024805546 3124413365.9588823318 7730385
9 1.5 213188359.14974498749 669367680.45323896408 3456639414.4252867699 7747648
10 1.5 213839086.25392210484 680063163.7011910677 3499211333.1241192818 7743238
11 1.5 213261753.1637686193 652617649.72780632973 3157311439.1019148827 7711367
12 1.5 211063057.31959289312 666199909.73933506012 3488241865.680185318 7722909
13 1.5 213551461.13518789411 666422713.98845541477 3526984677.0088114738 7756967
14 1.5 214837799.23789694905 658058512.29358243942 3245846934.9176340103 7711273
15 1.5 215456733.92555594444 653488371.84037148952 3148002567.3132662773 7768753
16 1.5 215587966.63325437903 661715382.82319378853 3241569974.7627887726 7742796
17 1.5 211784216.23958623409 665203604.28170132637 3391149341.8405838013 7727091
18 1.5 215149768.53215572238 662727073.5273270607 3427274792.6925449371 7733344
19 1.5 213896736.40021812916 686090987.01253521442 3579990728.225897789 7725352
20 1.5 211693973.60360211134 672572248.85312271118 3410016188.9235253334 7731818
21 1.5 213007022.53026297688 660553315.26497244835 3287887762.3928041458 7741404
22 1.5 213518871.79985827208 669584965.11122536659 3239866002.561814785 7735468
23 1.5 212917385.92384913564 660965860.59812009335 3251549426.8803415298 7762170
24 1.5 212765026.63293415308 652501377.50721669197 3074529724.330684185 7765324
25 1.5 211882987.62186026573 675286967.4806677103 3511740746.4664530754 7766522
26 1.5 211750931.33137601614 660083395.05464375019 3302156523.6145606041 7765040
27 1.5 213086776.25741034746 669795171.71947598457 3294493622.0873250961 7760591
28 1.5 211451465.99028587341 650356754.72896277905 3082299429.2246651649 7744906
29 1.5 211712278.07697921991 659348029.56587505341 3306020128.0237026215 8081877
30 1.5 214662851.71828213334 656068412.69766080379 3152757613.332631588 7759431
31 1.5 212489028.60346874595 649316179.25849092007 3094382546.8036046028 7803937
32 1.5 214176607.86578127742 671886926.21674895287 3431570739.929066658 7769732
33 1.5 214124731.85934254527 669537888.98867762089 3193089991.5837945938 7753190
34 1.5 213198032.09590569139 656449878.61786699295 3260481752.6488962173 7789207
35 1.5 213965665.61750775576 667434409.77114844322 3208210455.2261238098 7750968
36 1.5 212590908.0804798305 674833929.030169487 3512778141.4084076881 7784725
37 1.5 213159094.84854224324 657340057.97683024406 3041158320.9615893364 7766746
38 1.5 213254938.35257899761 657989361.39733755589 3159618715.69358778 7750293
39 1.5 211875813.35856351256 672811108.72738754749 3335298199.8265624046 7770365
40 1.5 213780191.17503365874 663860931.17768168449 3235488284.7896099091 7761781
41 1.5 211861191.2763594985 657984803.04339802265 3125979014.678109169 7749294
42 1.5 211359722.44852098823 643659539.13192176819 3167215233.4173741341 7766587
43 1.5 210293393.96037825942 640711134.56655538082 3134588008.5268836021 7764887
44 1.5 214704290.86133158207 666408358.61791265011 3350284869.7574644089 7769162
45 1.5 212045217.14012503624 657689369.47971475124 3381872398.4505820274 8417403
46 1.5 214223439.64521861076 664113821.38198554516 3211377782.7752456665 8551264
47 1.5 213970131.8074837029 676034955.59106516838 3631993702.1377000809 8498378
48 1.5 209252416.79792708158 635856632.58613014221 3027065448.8695645332 8434072
49 1.5 213317172.29520276189 668484063.62883317471 3309238995.6327576637 8400037
50 1.5 212438404.13386774063 646134304.36077988148 3060285111.8035340309 8434341
51 1.5 213918524.84304904938 662121402.3631632328 3448457507.1888952255 8533352
52 1.5 214142990.04908818007 677981652.73458361626 3437144559.2970528603 8609923
53 1.5 214893569.19173565507 675326893.1599894762 3349140049.3878750801 8504122
54 1.5 213956128.2850984931 673908238.13093030453 3508961829.0620160103 8465624
55 1.5 211078384.00945881009 661581973.48067307472 3294810003.0367588997 8409297
56 1.5 213407403.18626463413 675700069.97816121578 3605017808.3240690231 8416072
57 1.5 213469627.37462157011 655982849.22231006622 3182380874.3871278763 8527206
58 1.5 212946236.64702045918 689051819.13740444183 3714749168.5119662285 8571646
59 1.5 212754702.72697338462 666823001.66589558125 3285130110.3314871788 8499434
60 1.5 212933175.28150564432 653567271.24720609188 3202308181.8711228371 8490075
61 1.5 210552003.85410925746 667063878.28732836246 3555803778.8221430779 8407879
62 1.5 215128259.51823619008 681791243.67395210266 3534773332.2216520309 8445054
63 1.5 213047574.80455994606 665556432.75982379913 3242183449.0973863602 8544447
64 1.5 212754018.75885111094 674925067.50597333908 3468710692.6969909668 8570625
65 1.5 211515013.16010275483 657940148.79997754097 3109181311.0566492081 8516584
66 1.5 214958377.62523233891 665689440.14129984379 3306776176.9273138046 8441788
67 1.5 213944265.18310970068 650205871.82809829712 3047770280.6131830215 8439725
68 1.5 213928881.37079164386 659744235.50790715218 3217072195.9127559662 8453259
69 1.5 214288306.72530421615 674236881.73632574081 3395492934.484079361 8544501
70 1.5 211931394.65077486634 648126554.92445075512 3151854625.701520443 8567312
71 1.5 214740961.14306730032 653265018.84785163403 3107149691.4116616249 8494794
72 1.5 212954673.16966482997 655599742.28122830391 3249037780.1277098656 8525405
73 1.5 210755743.61479130387 670582026.39243817329 3381000021.1563973427 8408761
74 1.5 209436917.0619686842 629718886.74410223961 2915990028.254222393 8497845
75 1.5 210170965.25565990806 652519404.91360521317 3201747337.9027514458 8530083
76 1.5 213225951.95685240626 653779205.24757659435 3358918402.2977161407 8588191
77 1.5 214971109.59431394935 681863455.69609117508 3411470875.7636699677 8520675
78 1.5 211594286.75438985229 651311192.96416509151 3123316238.6305627823 8466117
79 1.5 214161696.77045381069 679434190.38272857666 3487732739.5026168823 8472978
80 1.5 211121299.31532397866 641014287.18238949776 3200546749.0680413246 8557723
81 1.5 212755405.23419573903 674834661.54855918884 3430962758.877600193 8583869
82 1.5 213042946.23362201452 651745025.78992271423 3087706367.4713230133 8603049
83 1.5 210817991.32494580746 671287277.41643941402 3434415300.4917831421 8526045
84 1.5 212645889.23051685095 670002593.02356302738 3376672492.3955879211 8460007
85 1.5 213202873.85218667984 664160785.09842550755 3264098134.6220555305 8450317
86 1.5 216445527.11984425783 677287038.70211303234 3312807904.0825238228 8515329
87 1.5 210508211.17583814263 642201065.91326630116 3104516667.7539405823 8553082
88 1.5 211217164.33819362521 644203071.12511003017 3092347196.2059407234 8616812
89 1.5 214612517.11577776074 686752728.25178062916 3512962376.6403889656 8541171
90 1.5 212055189.87243166566 664588507.20331764221 3350762734.0649900436 8507746
91 1.5 209754787.35227894783 652123993.78386485577 3192754871.4523611069 8402368
92 1.5 212906163.6800557375 658451434.36596381664 3293173381.0583748817 8399850
93 1.5 215600663.62680763006 696106708.62080359459 3671930750.4133982658 8398891
94 1.5 211237621.0153478682 652056604.76197099686 3310110867.792696476 8368635
95 1.5 212975812.98718112707 661884126.24373614788 3484406384.937766552 8384959
96 1.5 213928206.23684585094 665649462.93710160255 3278956318.028151989 8366433
97 1.5 211030578.4548394382 665366072.66606509686 3390921512.8315916061 8350862
98 1.5 212279591.59710797668 647055993.16555166245 3085217443.1989455223 8354281
99 1.5 212417989.42594009638 657074240.92481160164 3088499013.7943549156 8356157
% Edges = 2
0 2 213283522.1299392283 660936948.45681917667 3186594970.4732875824 11491292
1 2 212857027.73133817315 652593180.40879023075 3268547813.7534308434 11532509
2 2 212724462.99712619185 664220814.25069403648 3317478648.8413910866 11334449
3 2 211882320.28839790821 657725121.63457989693 3314590139.9244065285 11584608
4 2 212262426.78787469864 664079437.63933539391 3419068177.2089519501 11852821
5 2 214167526.95968031883 655215910.98851287365 3254175091.0893611908 11858946
6 2 211790405.6420121491 665943461.54521930218 3212053454.3792128563 11672725
7 2 214810710.91118320823 669991029.29631578922 3257396972.5094718933 11681608
8 2 212529332.32443845272 665333221.06877958775 3295100666.299346447 11804942
9 2 212730496.99894675612 667635433.74246072769 3347605846.913351059 11963000
10 2 213329778.75649318099 661280278.20333397388 3289290532.6162109375 11864975
11 2 213467687.78551450372 653585844.48501002789 3183825388.5054306984 11783448
12 2 212087204.39003413916 650156815.23061180115 3221987667.3962669373 11699953
13 2 212874995.06738916039 680072896.23223674297 3421472782.7856121063 11665099
14 2 213706702.38370016217 676069807.36464774609 3387307271.440967083 11774186
15 2 213180055.90381544828 643988185.92752933502 3126704577.3496031761 11865481
16 2 215462291.4798694551 674333246.99070632458 3428272557.5901064873 11905962
17 2 214338287.79641506076 650265802.51134455204 3182604586.6319813728 11839514
18 2 212744614.3060503602 676468535.11418509483 3519983451.4245028496 11728063
19 2 213065791.28211173415 660069205.64021217823 3234353536.5921554565 11672979
20 2 214823201.47489488125 677434000.53033161163 3377449155.4385194778 11875294
21 2 214662029.15703701973 660592233.52760803699 3216724852.5482120514 12007928
22 2 212007311.14497262239 679269183.82332527637 3532327867.7847099304 11988076
23 2 214146401.58689785004 673559973.25584304333 3300671105.9188933372 11853016
24 2 210333500.63984391093 653192723.67414104939 3227629550.6739134789 11689100
25 2 212701632.60023060441 650259569.94738900661 3069037101.3411316872 11710246
26 2 212342817.4084970057 657707560.30075788498 3308384839.1321325302 11786438
27 2 212179720.35454675555 649097611.21543157101 3123101815.1683750153 11898943
28 2 211053837.11288318038 658155889.58205842972 3282478406.6398262978 11963545
29 2 214728497.66021302342 655386752.16640663147 3145795368.306535244 11833919
30 2 214299553.03698557615 676573120.55734193325 3462332525.3767547607 11737656
31 2 211986902.24177598953 646855913.98318326473 3130035317.1605696678 11737243
32 2 211591927.00965079665 649384656.57103765011 3063082155.1613554955 11792847
33 2 211958174.55003902316 667989201.89127993584 3445302546.0969138145 11887742
34 2 213662348.59246528149 666805722.83189380169 3245361403.9430847168 11938985
35 2 214744685.4703553319 677780537.65272808075 3537903638.7833647728 11818394
36 2 214263127.05710047483 660761862.04234957695 3202632433.6879997253 11708732
37 2 212419293.83177754283 673728259.08943486214 3401840037.5454978943 11702337
38 2 213514865.03651985526 655369821.44288825989 3132294204.5196118355 11749927
39 2 215179049.07329574227 672726139.7004956007 3389079992.6346859932 11848855
40 2 211153262.67555242777 656364892.58495938778 3155196918.4060225487 11959559
41 2 211158651.70685765147 666366440.98734378815 3393130568.3816318512 11790801
42 2 212728921.55780303478 663538110.69019472599 3246443245.2819232941 11808212
43 2 211417816.8489600122 665152547.28467655182 3328154942.1252012253 11637715
44 2 210755555.00230535865 652896887.12138795853 3151652389.5642910004 11704689
45 2 211565297.51052415371 645190036.7656891346 3042222153.9547991753 11847648
46 2 214020664.85035330057 679919046.75020182133 3419164763.2352552414 11916342
47 2 214464339.19971910119 675171604.23601639271 3533370578.2267804146 11879048
48 2 213087298.52152130008 665195019.56516313553 3323413176.3727264404 11774693
49 2 212731714.02540621161 666693700.84305632114 3340890935.1125574112 11651920
50 2 214298284.49241542816 666021225.53999614716 3244093170.1407904625 11704070
51 2 212949083.36511939764 673348223.56776213646 3481694639.0548481941 11832218
52 2 213729077.61073511839 684857138.25040781498 3556784533.8906030655 11935467
53 2 212272648.15254610777 670915473.84316849709 3395374713.957007885 11912486
54 2 212123098.31813213229 664544977.52960789204 3312798154.4148979187 11811625
55 2 213142722.50920403004 663397963.965462327 3269074338.8592486382 11765782
56 2 214003779.89599752426 691825008.161059618 3631583376.8878264427 11720844
57 2 212203026.2899326086 652882717.2184060812 3153450592.7125139236 11850563
58 2 213488470.95416137576 662950382.03972363472 3274195611.2808589935 11937293
59 2 212031821.11818116903 671955079.35302102566 3404497913.6689167023 11906465
60 2 213356508.9616009593 668197968.45674085617 3294019755.0603728294 11845670
61 2 212129582.8808619678 662359154.92755949497 3405579265.4111018181 11709901
62 2 214896754.15510803461 667656056.12406146526 3314412610.7186741829 11703929
63 2 214874676.05747926235 667984926.61103487015 3363994148.2592530251 11859515
64 2 213852372.11694100499 660251850.03634917736 3224702002.2146058083 11919607
65 2 213346126.99320015311 680560701.87752425671 3550138246.8413648605 11937408
66 2 212938680.18787452579 661177793.50706326962 3284187517.3308906555 11866853
67 2 211817570.89084482193 665358585.62357985973 3324095698.7896361351 14258311
68 2 212227251.94157162309 657584963.47544205189 3338989672.3777318001 14878445
69 2 210148218.09432774782 653897678.43774843216 3323732174.137096405 14730155
70 2 214111427.81292441487 679768086.74739921093 3459032835.5825748444 14795000
71 2 214603030.18983015418 666123721.87392282486 3317769363.7160601616 14012292
72 2 211852620.72526928782 645591312.30263566971 3064741794.3826174736 13634087
73 2 214125244.43335849047 667686753.54888606071 3170202875.3968515396 13679158
74 2 211738092.47470036149 664121599.47005212307 3345444558.3275637627 14374230
75 2 212300789.63989755511 656639577.87328076363 3294440421.827996254 14571435
76 2 212826047.35190120339 666912832.91775846481 3306454043.2684249878 13062753
77 2 213071933.75722932816 645602493.39436459541 3057324566.5205645561 13043953
78 2 212251815.99728989601 671137242.22810709476 3428069904.0173153877 13439173
79 2 213295869.05488237739 668699533.70706164837 3391609190.4651899338 12794208
80 2 214089259.10596176982 671571442.43762242794 3400619747.8028612137 12500634
81 2 214512203.48394051194 671876192.00821495056 3355582951.1302285194 12531645
82 2 212653772.49153760076 672431408.31175196171 3487194859.1685571671 12800904
83 2 212510164.39057534933 646602242.51500105858 3041040156.2128667831 12490306
84 2 214700736.84476530552 671460633.21436977386 3370858332.3703527451 12402639
85 2 213328426.84636306763 650561495.99308621883 3132262493.0570611954 12553352
86 2 211996155.70666822791 667823580.70453476906 3324625501.8801865578 12869719
87 2 212317351.88862493634 671872361.97695541382 3535932492.3361229897 12232890
88 2 211447990.41706007719 654875150.2683993578 3107403742.8168206215 12099494
89 2 213782892.51332724094 658025423.39805519581 3251439022.0238089561 15499296
90 2 213246831.15811413527 670405881.82263159752 3384179341.5694503784 14702059
91 2 213308266.38606122136 659408576.01243185997 3274743708.784825325 14227781
92 2 213303985.38764107227 668946651.42512726784 3334935239.1119771004 13218640
93 2 213077042.03766962886 662283102.25025546551 3206053436.4983725548 13427172
94 2 213645671.98770871758 650600695.0435667038 3217332161.786087513 13044846
95 2 212633268.82695320249 666317064.6274895668 3385345146.7974896431 13547048
96 2 212568597.63552424312 661280442.61981964111 3201843245.1895923615 12752757
97 2 211830351.58481127024 661092105.66808819771 3315238633.1345057487 12175055
98 2 212551260.91764330864 660993918.35380887985 3243696493.7637662888 11757698
99 2 212298141.50867241621 652494961.56062078476 3202242112.81508255 11536927
% Edges = 3
0 3 211454132.80614838004 666469146.96882200241 3352794041.8631086349 18056557
1 3 212307974.76816421747 662904433.02453482151 3323083438.2332296371 17914841
2 3 212257065.83216324449 656200858.55082964897 3161076429.2708439827 17902657
3 3 213600039.00327718258 657424006.63066184521 3201442675.8861408234 17873000
4 3 212803120.72684717178 655638359.74780631065 3243373373.2154955864 17845993
5 3 212746578.65389302373 664170311.341142416 3263382357.4267706871 17909651
6 3 213998018.35294029117 668164773.83987236023 3320730280.9078683853 17822003
7 3 212997203.60985848308 667308099.78523790836 3276497451.9352517128 17829789
8 3 213565590.72562941909 664366549.97028195858 3329253049.6363019943 17781132
9 3 214508744.41764214635 663800951.53378677368 3277422178.3289794922 17770083
10 3 214335415.47925320268 667452761.45339429379 3199741471.8819832802 17812116
11 3 213580335.56210628152 664807289.75665295124 3303117746.3732829094 17736704
12 3 211598969.32745802402 656077910.82309293747 3196485180.3991651535 17818876
13 3 212478665.41180542111 654734839.60278403759 3239983938.2269062996 17766931
14 3 211629297.26467460394 656100893.17424428463 3236887311.0725979805 17813155
15 3 212931212.93032947183 667812168.37532365322 3350812295.5035090446 17715084
16 3 211793893.31952029467 657973789.09209692478 3296675124.2656908035 17785121
17 3 215995193.35521969199 668497423.61654150486 3311637088.9516186714 17775430
18 3 212863802.39105302095 664377008.60925042629 3163254555.31320858 17812774
19 3 212958521.34350210428 674266611.52206766605 3370162023.1028442383 17755471
20 3 212502491.2458589077 665121355.82736051083 3377618995.9825005531 18684766
21 3 213009856.96068969369 664412111.69189357758 3383897064.7842855453 19160424
22 3 210575715.33572781086 647171211.28199124336 3061351250.1777443886 19822097
23 3 213260122.01462239027 658718235.18962204456 3361201761.235724926 20101628
24 3 214688267.38587892056 667638593.94582259655 3251597907.5003781319 20278553
25 3 214267443.5559130013 662598844.14608180523 3294490122.4897837639 20031134
26 3 211995291.77584215999 657131732.28979885578 3204596490.8262114525 20195124
27 3 214104742.9503903389 676484161.93399357796 3348904809.7238259315 18040176
28 3 213730321.36599445343 672565635.26406395435 3412298723.4177289009 17893269
29 3 211776749.49406057596 670613370.56776583195 3363161229.9199166298 17906218
30 3 212116172.45440590382 654449072.27562189102 3132982823.8990082741 17817457
31 3 212775241.1327612102 660183949.5938860178 3268865811.8252859116 19292567
32 3 213538819.62071609497 663316421.23885440826 3274554577.006746769 19942815
33 3 213387270.89816373587 664607979.97990298271 3270228016.7129135132 19955125
34 3 212445786.23053768277 661590367.20181083679 3192945653.7870254517 19897544
35 3 214215476.61267751455 685114016.93810749054 3355400478.2988100052 20037658
36 3 212949714.91445058584 663604852.84980154037 3300895319.8910074234 19989306
37 3 211587739.44150876999 667123466.12530720234 3474324478.6303348541 20058917
38 3 211925631.99682986736 654711377.94587469101 3291134853.7119121552 20195111
39 3 213046123.20372712612 665046706.03332698345 3351854949.2783818245 20149566
40 3 214964725.56256496906 679726258.69219505787 3404198651.8849081993 20228068
41 3 211482799.65910211205 653518922.35510289669 3179698067.2852363586 20147925
42 3 213264312.96377313137 674471526.12760293484 3313887853.101831913 20219186
43 3 212816371.49885338545 662040934.03758072853 3313768115.542699337 20175459
44 3 213459719.46187347174 671451399.85786664486 3430774853.3469228745 19945648
45 3 213169326.85131275654 667476822.50385844707 3384976012.5942058563 19611706
46 3 211961934.71073639393 651960223.16885435581 3144407513.8848538399 19348855
47 3 211163097.5375674963 661134796.29780387878 3380512713.0830101967 20364802
48 3 214292229.88915365934 667883599.22601366043 3266446140.1381812096 19872581
49 3 212157115.16328158975 670932677.99628555775 3352961818.1773219109 19036274
50 3 213028597.31912747025 669315510.11038589478 3337578003.1680607796 18514475
51 3 213540511.47878846526 659496017.20224046707 3299764468.2136116028 17895935
52 3 213379237.14802244306 655055377.27336847782 3121867757.6961393356 17911145
53 3 212881375.99804270267 657192349.3096268177 3162403243.2873501778 19407072
54 3 215472294.79658731818 664955723.17450082302 3260069066.6570439339 19992267
55 3 213623840.0319583416 668536678.50853347778 3295041450.3935341835 20124365
56 3 213697053.03018304706 673431713.70474624634 3407277133.3298330307 23741321
57 3 211542971.49610570073 672945892.07446968555 3380022482.3124260902 29273096
58 3 212721601.52297052741 662884961.1370960474 3174455958.5207948685 25440162
59 3 213155869.49904319644 661635658.75559711456 3266284659.7113757133 27402449
60 3 214969204.86342924833 672665731.78682553768 3292372558.5135064125 22082028
61 3 213593040.30467098951 658500596.75488781929 3264558918.7185130119 19832586
62 3 213173698.97853091359 664146016.29395365715 3204601464.061686039 19403642
63 3 211692589.86090701818 662953787.73702049255 3322144824.7633090019 19004545
64 3 213114583.25866916776 664058684.28183889389 3372182088.1402330399 18823054
65 3 212659352.30858883262 650626978.01270115376 2976737006.2924451828 18621292
66 3 213242292.85634461045 667966811.42507565022 3445749417.748208046 18569210
67 3 213822112.78058168292 654559233.81993424892 3202158809.6376409531 18749831
68 3 213502899.41242042184 659238072.9630907774 3297795330.4111189842 18652690
69 3 214390831.04756167531 677214187.84878516197 3289538314.3039574623 18805783
70 3 214335471.35814103484 668162786.1150919199 3266921649.0982632637 18781230
71 3 214579996.69154283404 676983274.59964895248 3371578568.8367581367 18931401
72 3 211466205.71509969234 651598684.07078588009 3230750481.7233362198 18868231
73 3 212063395.27428078651 672984409.26594924927 3407889417.2828960419 18800091
74 3 213228783.08896189928 664396454.01304650307 3277683571.7841868401 18701908
75 3 211447485.84650796652 667564896.35046589375 3405997306.87129879 18575892
76 3 211855294.31071764231 666986568.28598129749 3315065644.9565210342 18523018
77 3 213314504.59297814965 663586863.61353886127 3346363782.2329072952 18443732
78 3 213533179.28866276145 663013993.83420884609 3369846737.1140532494 18446354
79 3 211141980.17631152272 649485671.17150652409 3110673831.5514135361 18422762
80 3 213766666.66358059645 680581477.83751821518 3537686849.5510725975 18586261
81 3 211728473.26653108001 663034505.53589117527 3274687822.6207847595 18485931
82 3 212394008.73830038309 664838799.45282649994 3349217400.6709694862 18652433
83 3 211785435.8956848681 654578856.44137024879 3315867511.9062428474 18667880
84 3 211951001.34102392197 667180683.11042022705 3375897748.1896452904 18767545
85 3 212781166.06638783216 657150013.07853841782 3186761088.9581427574 18724601
86 3 212429465.77850541472 650728790.31877803802 3057931248.6119437218 18572000
87 3 212680435.37264886498 667927176.50186312199 3343943871.9255986214 18564522
88 3 213020302.10547634959 675701765.44493031502 3489338927.7842245102 18419229
89 3 210740640.29831436276 655968911.42801046371 3245055490.0376095772 18477169
90 3 214546097.60651242733 677620101.91019153595 3349644722.6969184875 18498122
91 3 212919327.59529456496 659888907.20411014557 3280249127.2641010284 18512553
92 3 213231749.25645259023 660016433.84801208973 3331202816.2751989365 18502450
93 3 212888351.36544278264 658336852.723097682 3298322452.8218283653 18651611
94 3 213359761.98318299651 661383472.12306404114 3226507809.2448568344 18681167
95 3 213435449.84392142296 670007829.60449326038 3315953817.2723264694 18749511
96 3 213238601.68136939406 668122000.49906146526 3252875682.7764825821 18927797
97 3 214339130.02414804697 676143326.05912101269 3503760793.9556212425 18763878
98 3 212762598.68903625011 667605807.24703943729 3258608410.2822508812 18678061
99 3 211835964.32869425416 668293894.12780272961 3378718573.8845024109 18754358
% Edges = 4
0 4 214024783.12235504389 669960561.34810006618 3293460059.2728962898 26125498
1 4 213143545.3471981585 661239903.98239803314 3270450059.4942584038 25836300
2 4 210995280.40408608317 651292679.12124049664 3233468011.1667509079 25512395
3 4 212388158.50742977858 659250652.66527974606 3257411177.0853834152 25978495
4 4 215059052.30483183265 659229985.34170246124 3162190720.8619918823 25999016
5 4 213317334.5623446703 668062116.59981036186 3402291432.1824350357 25654277
6 4 214105407.76822161674 666325202.1164700985 3287455047.6300401688 25684272
7 4 213280492.16215056181 667634117.04753530025 3288013606.6988396645 28080311
8 4 211125689.14382353425 659939846.87261486053 3339579018.1854529381 31619598
9 4 212333997.09845870733 657596904.27306008339 3223015936.203060627 33465702
10 4 215178005.43282318115 665549729.58531939983 3220477049.5280222893 29500484
11 4 213057665.82492673397 653729144.30877494812 3224608469.68673563 28619169
12 4 212310018.47287452221 665214467.01104259491 3294181754.5209765434 27176598
13 4 211626059.70257735252 648511694.74256670475 3109232271.5634803772 26905876
14 4 211437722.40339788795 657015051.62167131901 3260641022.0212535858 25918831
15 4 212446465.81621173024 669757871.85860276222 3455353127.0560293198 25460039
16 4 211837161.30238157511 661682577.24406838417 3299320576.10278368 25842552
17 4 212532457.50542995334 659577665.06040143967 3301645936.2149424553 26042792
18 4 212984168.51435273886 663768260.00944185257 3272305404.8826432228 25541348
19 4 212403753.73952621222 650615361.12501013279 3196983323.0640406609 25480078
20 4 213152586.46880927682 667676786.67118036747 3297906592.1541223526 25986016
21 4 213153676.60736864805 668576353.82036697865 3355712341.1607885361 25893461
22 4 214142058.11645266414 661099562.55710756779 3300610650.115442276 25693318
23 4 214366692.5026922822 672466068.70926606655 3338175707.1094017029 25763894
24 4 213303112.91647276282 667121198.52113425732 3334317702.7379422188 26170334
25 4 214071590.42936787009 670200786.09601604939 3325747597.9092407227 25857789
26 4 212086278.49654754996 666101856.7078717947 3293639480.3456435204 25522480
27 4 212841365.19596031308 664420250.9921233654 3264838605.663459301 25913198
28 4 212601776.4206841886 661839721.42937326431 3201823356.5086932182 26009601
29 4 214502470.53890740871 669422761.41335010529 3293101683.16614151 25753769
30 4 212920800.86334037781 667016087.49627447128 3411179674.310634613 25530046
31 4 212914098.23362109065 675546027.77064549923 3413690302.5028576851 26015677
32 4 212391928.43049094081 667118107.61602044106 3398278110.7352905273 25845649
33 4 212126827.10588717461 653316560.25686609745 3124168415.9086608887 25501252
34 4 213004459.07402086258 661496870.29056298733 3185429348.7396969795 25684569
35 4 212860932.56893774867 662808955.92198526859 3330491811.4047746658 26111600
36 4 212501001.85701683164 651197204.34907341003 3214017601.602104187 25725447
37 4 212539583.99495342374 662356060.53601467609 3321391866.9960813522 25423001
38 4 213290993.32403448224 674429043.45398831367 3404124779.183426857 25185861
39 4 212860329.83683797717 664006535.80392384529 3247718581.6069617271 25205478
40 4 212253091.23839023709 649741891.17948400974 3195683887.0549259186 25594090
41 4 213843379.69001492858 656559470.03547859192 3169994840.21951437 25621191
42 4 213985949.82631623745 673920963.5683157444 3296774558.7228918076 25776493
43 4 211820260.92740312219 651700006.24460995197 3126159074.9331068993 25667072
44 4 212230386.68752464652 663973353.1154999733 3338184166.0677113533 32075854
45 4 213143272.41254737973 673982399.93144583702 3420750983.5417032242 38085901
46 4 213127047.05990585685 666070811.83165335655 3346180057.324652195 31485653
47 4 213793728.89945748448 684850047.80986082554 3658124288.1443748474 29011232
48 4 213536048.16751220822 670449876.73672688007 3406986719.3952059746 28288135
49 4 212463830.80385652184 664743180.07980692387 3196592540.3082513809 27925404
50 4 213919912.05600863695 661538706.02362799644 3270580405.5089540482 27930437
51 4 213914946.36216747761 667840181.46342992783 3354361665.3696203232 27882937
52 4 213804625.5188369751 666720162.17167127132 3443114617.2100801468 27687286
53 4 212521235.39880922437 666670797.35136294365 3393229494.2367534637 27928051
54 4 212363648.69508364797 655995399.21986711025 3246391362.9636807442 28047444
55 4 213099616.71401825547 660029926.74359285831 3267955614.6641535759 28138742
56 4 213181959.15931946039 668843837.52289867401 3338136247.200697422 28274185
57 4 212738022.20568144321 673025884.37657952309 3468258329.4659557343 28324724
58 4 211864348.28986051679 656672572.61589550972 3327867920.9011354446 28302776
59 4 212238594.33945429325 652364129.41186094284 3118350895.2602424622 28157780
60 4 212120202.06433790922 660701437.2199306488 3273835085.1069703102 27971781
61 4 211325131.79249739647 659962517.99224996567 3304718333.8320074081 27858808
62 4 213055845.40188291669 660236563.28752100468 3224077083.6915121078 27715602
63 4 213517425.13676872849 667183088.07312619686 3267294635.3047876358 27665497
64 4 214173654.25002026558 660103071.95551633835 3225874723.0363440514 28259131
65 4 210675021.60974252224 654519152.14842331409 3198150623.077630043 27421494
66 4 212892129.79646983743 657348172.54970037937 3243505319.183257103 27112310
67 4 214266211.70838388801 658308873.07868874073 3148553583.0063595772 27250345
68 4 212295351.07113984227 657433027.00182104111 3238993971.9959874153 26924473
69 4 214093770.67279005051 668825291.19985949993 3468959505.1597676277 27363681
70 4 213783810.66325941682 666718132.04987585545 3237742203.5234875679 27417752
71 4 212330453.19651526213 652299101.58597719669 3258604409.9985189438 27321000
72 4 214098692.39953455329 664858478.9532097578 3236212928.7299189568 27518717
73 4 212563931.20440027118 654388616.97313308716 3139015948.989376545 27522673
74 4 213915245.69270420074 668732237.51613044739 3327194372.0901470184 27588209
75 4 213204999.77776989341 663506897.32544672489 3269322149.7489600182 27826521
76 4 213836194.7779853344 665293265.59433972836 3382608574.0320196152 28101100
77 4 212602496.51018381119 658967299.70721316338 3376372865.6092967987 27274070
78 4 214020063.3905365169 676549010.54390084743 3438831333.0513601303 30348705
79 4 213277404.52722784877 660098664.59618794918 3231951294.4919099808 31838686
80 4 212649626.87850594521 656520938.40076076984 3199869272.7788448334 29074540
81 4 212478803.25472703576 674004094.50672459602 3410498261.7083835602 28249772
82 4 213405419.44742941856 660088047.437256217 3279707545.1234955788 27946649
83 4 214099364.03466960788 662676226.79772937298 3218324126.4373979568 27692326
84 4 213789295.76252937317 664593527.08951115608 3268047443.1952786446 27515043
85 4 213310404.87808030844 663910767.30887341499 3318993389.5478792191 27520146
86 4 213289434.24748849869 655536048.0326321125 3245967340.0766592026 27566809
87 4 212935032.81986239552 662273891.06039607525 3369479920.7233624458 27488362
88 4 213166847.89144778252 670555226.7349575758 3342253943.5679979324 27547084
89 4 212473447.18329325318 658715245.77004742622 3251398189.6720705032 27619463
90 4 214801289.48450052738 670086281.4207868576 3298220979.9654159546 27742052
91 4 212872005.6547203362 650989727.41219711304 3180235259.0918073654 27818994
92 4 212431218.64244714379 654013483.47473049164 3210205726.2667269707 27986273
93 4 213934122.50447064638 666906357.74530792236 3283118210.165116787 27976933
94 4 213426808.13463503122 662737166.93291568756 3193780467.7667403221 27801148
95 4 213758176.89683872461 664147344.18419754505 3188820207.079413414 27755360
96 4 212852587.27559971809 673458551.76437580585 3383394837.8918042183 27533413
97 4 210889007.26366752386 657024928.88368177414 3260003200.7423591614 27467055
98 4 211840981.41182181239 655299816.03627955914 3195574291.5680909157 27419224
99 4 213411381.50876823068 670141202.7523958683 3431444455.258374691 27443402
% Edges = 5
0 5 213666533.20078638196 684934881.99305474758 3519823501.3150615692 34865973
1 5 213147082.6625829339 664928867.50477015972 3344454933.8588080406 33688835
2 5 214014515.10275143385 662207618.00348496437 3300679875.8993372917 34920145
3 5 212611350.36613082886 663406189.84686946869 3271540800.2601838112 35427273
4 5 213268934.95216217637 668115867.55095028877 3352594281.7540249825 33775502
5 5 212071337.16587355733 664361900.07104170322 3326543192.5245976448 35748729
6 5 213071114.63380628824 659076020.19335019588 3241371281.712978363 35818431
7 5 213429042.40863728523 667157271.80187559128 3371554275.4679880142 35573670
8 5 213497032.07323244214 670335877.5119202137 3326860822.8669271469 35262095
9 5 212184209.96427208185 657808340.25423073769 3290481488.2871975899 35070699
10 5 212870782.60303205252 664995168.45714998245 3386677819.7078070641 35444459
11 5 211916299.99237725139 663271101.33987474442 3322860976.3983607292 35807723
12 5 213734382.00426569581 666637978.89768195152 3315195828.6801838875 35799363
13 5 212379210.3143568635 668358104.39518773556 3435083661.0613622665 35507631
14 5 213876299.57614386082 658106753.83797383308 3224403125.9300208092 35269242
15 5 212174333.45675286651 649517025.14436995983 3144064488.6734137535 35172974
16 5 214340599.10531061888 668191538.885633111 3251061457.7932515144 35705262
17 5 213226540.70111072063 659765051.59670305252 3179054475.9730644226 35991671
18 5 213612671.85889494419 661917582.87464737892 3207889986.2208943367 35903199
19 5 213002473.98046559095 663778469.7691835165 3336438133.6800556183 35501041
20 5 213086712.77159750462 665810793.41859459877 3411772972.8670959473 35163329
21 5 212974770.28003692627 662841878.57914376259 3339865632.7225804329 35027475
22 5 212793151.24496349692 663377047.96293032169 3244708766.4209990501 35697021
23 5 213427443.40551370382 674180095.93140494823 3378796808.6209144592 35972031
24 5 213934802.24034839869 662099196.04480528831 3194871134.6069922447 35711541
25 5 211628577.89087823033 656366025.93532085419 3180462019.9720368385 35370673
26 5 212619593.39436247945 657430070.23298192024 3215933381.4614467621 35215802
27 5 213555862.97692334652 660198394.586332798 3305667289.3192124367 35428631
28 5 212754903.42532911897 668153652.62451636791 3305691178.6375813484 35862341
29 5 213777700.84588393569 663699482.31190991402 3273626535.3476929665 36088025
30 5 213140412.15113297105 676159133.02147066593 3435946585.7430744171 35621019
31 5 212164413.44468012452 653767598.22990643978 3239116654.0509991646 37644902
32 5 213378787.56298995018 678784451.67388415337 3363702581.6782073975 38098245
33 5 211492128.37502861023 652918592.95275783539 3183447788.1147603989 34896120
34 5 213962117.98422056437 672312569.5265237093 3435913529.0128550529 33579485
35 5 214024569.03729087114 665550888.36972808838 3288083997.289457798 32711528
36 5 211982719.67412060499 673408114.34056091309 3388126034.5853257179 32104496
37 5 212923788.04504081607 662082810.63293170929 3372682445.3600301743 31756345
38 5 213085160.49655175209 655665516.51152360439 3194641631.3734464645 31628759
39 5 212110786.51572230458 650156817.1263320446 3171808070.202890873 31123237
40 5 213584909.77502050996 671953781.39778661728 3384216134.0884132385 30456534
41 5 213074504.13743728399 671691526.44948816299 3424039691.4230737686 31264131
42 5 212215778.81896141171 652672829.15567827225 3203334747.153699398 29910082
43 5 213976603.19527328014 670309370.45998513699 3374438740.6973986626 29859735
44 5 215378318.46576476097 677537227.60779249668 3430367696.8834705353 29822216
45 5 211740186.1936095953 665268649.11711716652 3266432192.4501843452 29678166
46 5 212910150.72631585598 655971800.52029848099 3169776262.6643080711 29663229
47 5 211536881.00311756134 669798403.30085682869 3348917978.971300602 29775760
48 5 214503101.01357886195 664857498.05233299732 3317723785.6157865524 29742274
49 5 212861092.94618949294 658425597.57468390465 3282177758.1656937599 29758028
50 5 213212457.60946580768 657711494.88415062428 3159248782.5556359291 29674103
51 5 212794378.70690685511 655564992.7567987442 3183278427.6192317009 29724376
52 5 212888953.39995476604 665821825.76750099659 3278549283.5370702744 29828789
53 5 213109302.36451369524 651868261.83010029793 3102051348.4431991577 29843755
54 5 212511886.07773143053 669801501.16325986385 3325085065.2304329872 29857015
55 5 213840172.01576715708 661115770.10834503174 3218658365.5118632317 29828368
56 5 211967492.21629473567 662115133.110455513 3223504626.1683778763 29769665
57 5 214233302.47656366229 666320150.16497540474 3311714044.6413550377 33447834
58 5 213419932.46284791827 665079629.08235180378 3357213745.2488675117 30244991
59 5 212689984.25229734182 660575209.68859827518 3133030049.8344211578 29792575
60 5 212259495.77524569631 661772647.56751930714 3268548758.8590908051 29726088
61 5 213745931.36832800508 663534699.70985150337 3227896305.014339447 29728900
62 5 212211482.78015562892 647217719.6728760004 3170842102.9356226921 30087025
63 5 212951058.63048914075 661443067.37454259396 3250755620.2647695541 29483620
64 5 211743054.86761659384 661877692.05607378483 3278199104.625193119 29404217
65 5 213143266.30401268601 658952107.11414921284 3235618573.7269105911 29609421
66 5 213416670.74685248733 662354281.46311879158 3195544102.4458656311 29622775
67 5 213884236.07517534494 671974996.14822471142 3373660049.1979641914 29621131
68 5 213256229.04562461376 654932108.88168275356 3214468989.1707105637 29454570
69 5 212528439.63312792778 662234099.407376647 3313235261.7103209496 29475634
70 5 212285307.40958920121 666230718.48192214966 3213811733.1254892349 29564562
71 5 212644944.05620008707 649578654.83398830891 3060930761.6778717041 29531185
72 5 212178440.86455222964 661771298.3067625761 3190215747.9587979317 29513781
73 5 213813361.35887485743 666877638.68818354607 3361808425.3051733971 29404334
74 5 212691308.10875236988 662493895.6667381525 3308609518.2865591049 29435671
75 5 211891920.04122313857 652433330.9334243536 3219780807.3863415718 30710006
76 5 212739314.61715093255 664638298.54126691818 3302993631.3710055351 37010277
77 5 213611283.56698262691 660634558.39172697067 3202280992.9303240776 31197459
78 5 213994324.19114923477 660503421.73533022404 3196972918.4838886261 30243143
79 5 210869842.56546518207 654769002.32697737217 3217875104.359872818 30182529
80 5 213269945.5688303411 669846292.45360422134 3370386694.222632885 30170327
81 5 214803819.31316325068 665882847.4657664299 3302765337.7387890816 30136976
82 5 213448066.64047402143 668985460.95562314987 3354802242.7561211586 30078680
83 5 213688652.6635235846 667491985.72880172729 3285955165.0597090721 30125800
84 5 213464071.2650397718 666982493.5375020504 3413242653.4627094269 30703317
85 5 211906782.31704086065 657904935.0142018795 3288622979.367351532 30262032
86 5 213342871.98644152284 672176593.53930699825 3352245842.3940496445 29992262
87 5 212067823.56507244706 653240041.07207036018 3193557977.2526192665 30034330
88 5 213871358.51959827542 668570934.11776733398 3349841375.5254621506 30010645
89 5 212584059.8255520463 667503875.53974890709 3312695939.7806982994 30013628
90 5 213294707.28413885832 661414565.59394848347 3177418395.6530942917 29977411
91 5 213079360.79446357489 657939964.09553980827 3209413697.1936182976 30038772
92 5 213702827.43360432982 670276720.244820714 3384524878.243999958 30136778
93 5 214503069.29757037759 658776662.77862429619 3176695159.8974685669 30217094
94 5 212959514.41983646154 662227836.99786376953 3308862837.0504593849 31058607
95 5 213746527.2506917119 670582652.16319382191 3346947995.7652020454 29960800
96 5 212415506.2646125555 666321758.26506054401 3400430703.103096962 29572701
97 5 213136355.86624631286 663770698.30918228626 3268765185.4754519463 29711473
98 5 213188316.86935824156 653678252.90452384949 3158791887.4055552483 29577052
99 5 212533937.77240082622 663717059.15027415752 3260927090.1311001778 29656367
% Edges = 7.5
0 7.5 213563777.4371689558 660780289.70192110538 3209675359.4379987717 46581639
1 7.5 212465578.20098683238 662513722.93172121048 3267547880.2431445122 46613988
2 7.5 212967333.37668657303 657854863.05552494526 3239064743.3635339737 46635148
3 7.5 212080343.8436653018 651893706.74934601784 3229629446.0752339363 46762322
4 7.5 213710102.4762327075 664251872.9750777483 3282354881.3944439888 46889850
5 7.5 213619126.20169085264 658876693.67270469666 3233247075.6551475525 47039182
6 7.5 213109059.34731552005 665619552.62204885483 3334415758.9297456741 47082116
7 7.5 211901140.12059780955 656472814.44319963455 3219027089.5520997047 48888275
8 7.5 212086687.68750235438 662986553.50575208664 3337053746.2956852913 46757754
9 7.5 213824181.54166027904 666208103.00013363361 3260144606.3209271431 46411206
10 7.5 212828781.88279047608 657155359.35524594784 3183401250.2404503822 46695339
11 7.5 212441577.85797742009 662945370.55315899849 3255195207.9139199257 48828992
12 7.5 212234157.63151440024 658374133.88755106926 3302106563.6156306267 47494109
13 7.5 213027398.17101284862 664373735.38244056702 3360234267.4714894295 47179338
14 7.5 213791765.45392501354 669229559.39957070351 3381616489.5547814369 47122325
15 7.5 212425889.7660728395 663747761.09597945213 3252907915.4157457352 47224870
16 7.5 212262720.17081585526 653718703.55899846554 3205243879.5423746109 47083570
17 7.5 213658444.245434165 669591933.72399568558 3359850502.7830591202 46977274
18 7.5 211685326.08267563581 655829142.80355632305 3266305990.153719902 46949196
19 7.5 211532029.55135247111 644107739.60347759724 3098574380.705470562 46870511
20 7.5 211924717.7992708087 656190686.42447972298 3247088194.2440924644 46467541
21 7.5 213260280.5744060576 651795271.81714963913 3175476770.1923222542 47925009
22 7.5 213571531.00565573573 662392446.5752311945 3316216380.9147906303 48331616
23 7.5 213500678.90642610192 668943386.48486530781 3317705142.1902923584 47920360
24 7.5 212756345.07636392117 660168933.85965335369 3209629966.0023360252 47356901
25 7.5 213288579.0706397891 658882324.35771131516 3249962356.4328045845 46354092
26 7.5 213631103.29957991838 663135483.30650281906 3278651650.1993227005 46442676
27 7.5 213076504.4818738699 660269046.95601546764 3240571431.476995945 46806629
28 7.5 213197940.16739234328 662646591.25808227062 3230709686.9281816483 47475992
29 7.5 214048157.60688057542 668544817.16679489613 3346855531.0578246117 47388562
30 7.5 212701844.43990162015 656393284.76402711868 3255593571.9700555801 47094460
31 7.5 212391747.24136936665 661936480.03887176514 3254457135.3143668175 48370329
32 7.5 213089151.61405235529 662178758.24335849285 3252986302.1601696014 46983462
33 7.5 213077642.09979790449 658708631.31146419048 3226646403.6192450523 48336755
34 7.5 213063896.49561917782 668681890.28276586533 3325788695.2366724014 46283885
35 7.5 213512015.66679915786 657979531.06624650955 3190583944.0700502396 46071762
36 7.5 212996147.22561809421 660295687.34371650219 3266636521.1614599228 46176814
37 7.5 212901452.6601805687 654772743.49578857422 3236080683.7469277382 46462663
38 7.5 212900430.18152803183 657556957.57720077038 3213057627.3958978653 46637090
39 7.5 213669957.5343978107 672909069.90761315823 3361354533.5655169487 46305734
40 7.5 212559760.60055762529 663198153.09842932224 3252005816.3707046509 46238801
41 7.5 212218647.97792345285 657815855.72650921345 3278065629.0250453949 48366421
42 7.5 213477506.67313784361 663272584.76899039745 3255419656.2751898766 48923454
43 7.5 212694317.9587482214 660363589.57415997982 3263272178.6175723076 47529952
44 7.5 212225388.73006695509 655009768.63917565346 3197367852.2272377014 47476899
45 7.5 212611559.17594543099 658304690.66198730469 3222740182.0931534767 47561021
46 7.5 212417296.21466362476 656974735.99994337559 3266523404.2547302246 47633758
47 7.5 213502509.74269929528 664552390.29027628899 3352535196.3838167191 47825892
48 7.5 211830001.72788366675 663500991.24569237232 3334371172.2429361343 47652768
49 7.5 212502129.64192974567 654952319.315361619 3254552706.8376502991 47628486
50 7.5 213148787.06016385555 668871386.89512681961 3327812216.2021784782 47931841
51 7.5 212680980.37246873975 667986914.18956542015 3361462322.1357045174 47748353
52 7.5 211872034.82062390447 660605889.21402215958 3356694921.1745123863 47504648
53 7.5 212727773.10737988353 658916688.55488395691 3220686163.6571345329 48326155
54 7.5 212925775.5667309761 663274972.78600597382 3257716545.8931317329 47680895
55 7.5 213792284.19891428947 663115386.47187757492 3256750879.3751673698 47985418
56 7.5 212599017.49130684137 657506207.37558114529 3255229850.6938610077 47801210
57 7.5 212879688.3795491159 660212121.47967302799 3217953197.2030053139 47040465
58 7.5 213347140.40522861481 666754444.44091665745 3271136717.3951764107 47287453
59 7.5 212420431.38977226615 658647883.23098504543 3259090139.2996258736 46648820
60 7.5 213275105.72276088595 668003471.4785181284 3297729210.6870861053 46726201
61 7.5 212470020.02095675468 651293821.98568832874 3096945717.4965295792 46602142
62 7.5 213012286.81177011132 660006878.104180336 3182851904.0246014595 46712664
63 7.5 212833054.92946276069 658548483.46604347229 3178004318.4531874657 47053372
64 7.5 213013483.27487587929 662481112.8182901144 3340803978.8861894608 47034467
65 7.5 213957277.30397450924 663437545.20751833916 3268611597.4552588463 46807279
66 7.5 212120184.33567857742 656329000.04352605343 3204845204.3108730316 46734338
67 7.5 214220195.9065747261 670360924.55704402924 3306631594.3955211639 49720296
68 7.5 213592337.28967484832 658448942.77805995941 3242840003.5120558739 47524666
69 7.5 212758809.19623684883 662040346.19573771954 3207698542.0313792229 47501755
70 7.5 213120796.24511891603 656079438.09549796581 3231964699.9133658409 47483950
71 7.5 213058053.12889838219 665007547.303145051 3225787684.3216161728 48391265
72 7.5 213181451.01979935169 665065475.56878709793 3267556399.3201789856 46993374
73 7.5 213887378.5962472558 662995870.20838832855 3310235896.3395857811 46748708
74 7.5 213217873.50871250033 661089254.64288496971 3264320336.389313221 46674438
75 7.5 211496660.85023498535 654152827.54196715355 3289161966.424680233 47718382
76 7.5 213298614.48558178544 665693466.15958034992 3305909226.2957167625 47584192
77 7.5 213234110.68659737706 662564176.20154929161 3325133450.3779811859 47578965
78 7.5 212619474.40889084339 659750684.76393902302 3304566967.7521066666 47753545
79 7.5 213218030.38427704573 664361213.77245438099 3275508530.1087632179 47579829
80 7.5 212784801.69018864632 659342905.11609363556 3242202926.3393383026 48233823
81 7.5 212702802.37924337387 657721607.21253681183 3197635368.9218444824 47785700
82 7.5 211894052.52123957872 650912200.89251375198 3189562699.444770813 47594873
83 7.5 212731980.12087392807 664361793.09587275982 3248368933.9208664894 48108399
84 7.5 212742859.43538203835 663777458.86539244652 3288441549.8262739182 49944241
85 7.5 214124799.70490336418 663662951.24335515499 3321762149.8866109848 47636695
86 7.5 212468261.18892922997 660616558.4976978302 3326713532.100543499 47487057
87 7.5 212793940.97709137201 663717015.77020633221 3250489021.3174653053 47441312
88 7.5 213000128.3947763443 664274910.50398492813 3329938770.5961108208 47556577
89 7.5 213293324.48050794005 671645455.51663827896 3329587085.0424938202 47805755
90 7.5 213336757.76639074087 668984304.40525388718 3416640766.3108406067 47284532
91 7.5 213470767.48632773757 660719165.96588158607 3195293364.0243816376 46602354
92 7.5 213634693.18819716573 670727004.63435137272 3372057612.3986897469 46847657
93 7.5 213998711.72679296136 677695095.33584368229 3416247293.8660674095 48017745
94 7.5 212910508.8930324316 659674642.25129008293 3294913282.7578411102 48846103
95 7.5 212859474.70563700795 658029003.04849553108 3202283889.2947845459 48086408
96 7.5 212983014.57423853874 670704332.33801102638 3410585339.0075511932 47530614
97 7.5 214075410.29924827814 662069094.98139715195 3266174989.8759202957 47399409
98 7.5 212967150.26927870512 658322263.61220133305 3245494627.9489188194 46805552
99 7.5 213522260.43478384614 668564365.22058999538 3332338362.551677227 46820750
% Edges = 10
0 10 213291547.39501386881 665299877.41677927971 3314969535.8097901344 64923833
1 10 212386554.31427979469 664257941.27604520321 3260070570.715528965 67865955
2 10 214249427.93207675219 664638062.87335550785 3273221382.5752954483 66970100
3 10 213698121.2534789145 669023354.81587994099 3360452746.3487548828 64650352
4 10 212807155.44643938541 662923482.61399078369 3271471541.0273222923 64390924
5 10 213295924.28590360284 659389324.36275434494 3256135781.5221676826 64480777
6 10 213187439.15977609158 663756374.20632886887 3314092524.8850822449 64315297
7 10 212352506.92027276754 655682638.15818858147 3153275139.397670269 64293665
8 10 213240826.79514762759 658800258.3911601305 3235137378.8252267838 64454965
9 10 212928825.47760933638 664277066.1319617033 3279727802.5850925446 64127737
10 10 212805901.00663107634 662207891.57588982582 3338317159.5489969254 64135662
11 10 212843131.31836491823 658881490.4453561306 3254057308.7156748772 67260404
12 10 213214316.82960107923 661701097.20059406757 3253849317.4498782158 64473381
13 10 214008553.49571406841 668824950.37022602558 3364864948.3162484169 64760498
14 10 212820707.29840484262 659769590.23947679996 3249848520.3924884796 64646798
15 10 213182334.35199293494 670801462.59301614761 3406990211.9204487801 64508692
16 10 213280169.44515061378 663806534.75602471828 3356924935.0843491554 64604514
17 10 213508093.15118160844 663059767.19200944901 3276998586.4307980537 65672823
18 10 212995004.58487552404 657382048.36886155605 3117384430.2736544609 65373793
19 10 212024980.05957216024 657280477.13885068893 3226927339.3273820877 65878470
20 10 213203228.88529974222 664731922.66252326965 3324826811.5673856735 65311217
21 10 212355864.65449351072 663835364.05332767963 3260279786.1617455482 65227122
22 10 213424436.62309676409 665916006.74195158482 3310650232.4170188904 65235890
23 10 212618898.73920014501 661089819.07941794395 3283792367.5646681786 65259016
24 10 212919765.68945235014 658337431.38149428368 3229650439.0219688416 65483647
25 10 213191702.88074937463 667296865.75042498112 3389703769.6124119759 66466522
26 10 213030443.94894310832 658380182.68960404396 3188099794.6883397102 66684680
27 10 212944070.48585909605 664589708.27777409554 3274356932.390349865 64339481
28 10 212804210.55127626657 661574115.52392685413 3354637142.4729347229 64388709
29 10 213713263.75653481483 671153068.39479780197 3327215628.9702572823 65960891
30 10 212146355.53413033485 655325692.87461078167 3209413765.2683067322 65860887
31 10 213073081.81791478395 659355187.52035415173 3190775311.8512787819 64358595
32 10 213422010.20797005296 669611149.88279259205 3344828439.8251452446 64663555
33 10 212547047.00378811359 662305402.47790932655 3296053007.7579803467 66368293
34 10 214062184.49009481072 672966390.51469957829 3312418622.0699439049 64118214
35 10 213145356.49399539828 651700315.28580796719 3154404044.2123551369 63851167
36 10 213468075.99843916297 662020396.21325433254 3320312273.2115826607 64691278
37 10 212393244.06727996469 659159502.93031680584 3224861642.4411282539 64534206
38 10 213590167.23042115569 664973690.83500182629 3315089805.2240076065 64304141
39 10 213381312.76010510325 665071208.59089362621 3247093313.6769008636 63976657
40 10 213214716.23390293121 665420369.55055749416 3340680823.6880631447 65237226
41 10 212813684.8723474741 655804158.65019261837 3234248154.2827701569 64260947
42 10 213329075.86977699399 658787818.60036098957 3197168125.2817320824 65556924
43 10 212809898.31844553351 660985135.73518562317 3293548102.34354496 65190516
44 10 212685814.19883441925 652621157.45362365246 3250042599.2801823616 65025865
45 10 212744354.55736550689 659516819.9929844141 3184799380.2424669266 66586403
46 10 212478170.32012587786 661278324.04412066936 3248022021.9665331841 66022203
47 10 213282354.32106795907 662093314.02754807472 3211073865.9734244347 65037281
48 10 212914136.00701475143 660506699.56470870972 3337619837.4036335945 65680968
49 10 212904708.75303074718 664239232.7725250721 3278637634.0847854614 65353335
50 10 212524499.41177552938 659839155.46453392506 3257769032.1993575096 65570879
51 10 213025975.9212962985 661063063.84718310833 3265929607.1828885078 64532926
52 10 212150061.18054953218 657686961.43197524548 3137952155.454349041 66955724
53 10 213566379.92856255174 663525109.32831442356 3264379778.1083784103 64070707
54 10 212575469.35124370456 649253410.78490936756 3096357813.3301129341 64227291
55 10 212075525.00597280264 657777285.60565769672 3191689662.3643274307 64233345
56 10 213237428.56763711572 658756068.78245925903 3247896562.3268589973 65786885
57 10 213435791.52064406872 664531807.36926734447 3307797713.4937205315 66998782
58 10 212795687.29745903611 662554933.01391267776 3249972774.3885507584 65008394
59 10 211632137.68568506837 659691070.08313632011 3241055203.1840395927 65420120
60 10 213340631.93954738975 661202599.53652977943 3250270632.1577334404 65938596
61 10 213089929.50364509225 669608612.75296056271 3388495115.4241223335 66215397
62 10 212406194.9045792222 665959955.76440739632 3274684074.0841851234 65457382
63 10 212982780.51762101054 659088193.92878675461 3193947857.7282423973 65848020
64 10 213695941.87357288599 662473397.00103771687 3252995128.2837109566 65690982
65 10 212976846.53978985548 667327077.26528418064 3302417729.5236473083 65591727
66 10 213749143.617154181 665584165.49366998672 3339714845.1470351219 66621985
67 10 212954052.69299003482 664409854.11322569847 3285245955.7603883743 65356310
68 10 212569012.43996667862 660957838.85799026489 3246029883.9339718819 63455607
69 10 213178616.44715103507 667164844.26272130013 3239583673.6736102104 63445654
70 10 212518368.34193727374 655313451.42527580261 3175069779.4375777245 63322465
71 10 213137040.54127472639 662040478.64800417423 3249972358.3066010475 63592796
72 10 213175177.02132463455 657985665.56076133251 3263171840.7113556862 65891599
73 10 213288955.03139194846 662936394.90782356262 3306849186.7910995483 65999313
74 10 213341785.14729738235 667707341.86004734039 3336037445.0391097069 64241735
75 10 212922104.44929248095 661966499.9789955616 3205852502.5700650215 63990007
76 10 213422809.42877176404 667379825.94660592079 3322614500.3476433754 64127337
77 10 212575529.96732077003 656675133.37410438061 3254458977.1996545792 64335526
78 10 213532161.4486759007 651214741.41970431805 3126483616.2718305588 64256823
79 10 212699281.41696473956 660156871.744617939 3247558381.9352588654 64249040
80 10 212603680.75319942832 661660215.8589758873 3256039234.6180129051 66372024
81 10 213406589.86036357284 665442316.21184813976 3318132197.350915432 64312414
82 10 212204270.47598561645 659239862.32973217964 3264170295.0746684074 64093620
83 10 213387444.05644309521 664502785.25421714783 3287296119.1706576347 64265921
84 10 212337900.72609487176 656722136.93095624447 3161058002.7812561989 64294793
85 10 213072630.1763368845 661774564.24275386333 3235819378.9325823784 64284873
86 10 212808504.96616142988 667064628.23494112492 3344376852.1717762947 64342144
87 10 211900993.06442993879 659256091.9257158041 3272479794.8107075691 66352023
88 10 213443201.2719476521 673312902.93178784847 3380674741.2015132904 64133489
89 10 213276617.13309964538 664484502.56349921227 3258556151.2771058083 63591828
90 10 213213556.54813182354 662149998.97875261307 3215909183.8327083588 63811342
91 10 212403862.76883348823 660343620.72834932804 3263895051.1412453651 65253678
92 10 213202805.74236935377 660363232.96391379833 3253215035.2359986305 65984415
93 10 213163602.06911224127 665514684.15506863594 3310585023.0678153038 64379892
94 10 212300978.89793556929 659861554.44775652885 3230058566.3184866905 63432974
95 10 213013174.01389375329 658446929.54733812809 3184047390.8440637589 63526970
96 10 211804546.58416670561 652524963.73437452316 3194845728.3665246964 64713290
97 10 213028676.76586821675 659109455.68392348289 3242307766.7478652 66692065
98 10 212784884.68482318521 662371381.845033288 3265388764.4124417305 66010819
99 10 213084217.56653758883 656045833.23578989506 3191735585.0969166756 65385231
